0.001 constant (100, 20) logistic lbfgs 1e-05
             precision    recall  f1-score   support

        1.0       1.00      1.00      1.00       464
        2.0       1.00      1.00      1.00       485
        3.0       1.00      1.00      1.00      1051

avg / total       1.00      1.00      1.00      2000

0.001 constant (200, 50) logistic lbfgs 1e-05
             precision    recall  f1-score   support

        1.0       1.00      1.00      1.00       464
        2.0       1.00      1.00      1.00       485
        3.0       1.00      1.00      1.00      1051

avg / total       1.00      1.00      1.00      2000

0.001 constant (200, 20) logistic lbfgs 1e-05
             precision    recall  f1-score   support

        1.0       1.00      1.00      1.00       464
        2.0       1.00      1.00      1.00       485
        3.0       1.00      1.00      1.00      1051

avg / total       1.00      1.00      1.00      2000

0.001 constant (200, 300, 100) logistic lbfgs 1e-05
             precision    recall  f1-score   support

        1.0       1.00      1.00      1.00       464
        2.0       1.00      1.00      1.00       485
        3.0       1.00      1.00      1.00      1051

avg / total       1.00      1.00      1.00      2000

0.001 constant (200, 400, 100) logistic lbfgs 1e-05
             precision    recall  f1-score   support

        1.0       1.00      1.00      1.00       464
        2.0       1.00      1.00      1.00       485
        3.0       1.00      1.00      1.00      1051

avg / total       1.00      1.00      1.00      2000

