-t 3 -c 0.0001 -g 0.00102 -r 0 (76.00673356218643, 0.9597306575125429, nan)
-t 3 -c 0.0004 -g 0.00102 -r 0 (76.00673356218643, 0.9597306575125429, nan)
-t 3 -c 0.0016 -g 0.00102 -r 0 (76.00673356218643, 0.9597306575125429, nan)
-t 3 -c 0.0064 -g 0.00102 -r 0 (76.00673356218643, 0.9597306575125429, nan)
-t 3 -c 0.0256 -g 0.00102 -r 0 (76.00673356218643, 0.9597306575125429, nan)
-t 3 -c 0.1024 -g 0.00102 -r 0 (76.00673356218643, 0.9597306575125429, nan)
-t 3 -c 0.4096 -g 0.00102 -r 0 (77.49537892791128, 0.9001848428835489, 0.22494406068609046)
-t 3 -c 1.6384 -g 0.00102 -r 0 (72.42540269342487, 1.102983892263005, 0.20938388608252892)
-t 3 -c 6.5536 -g 0.00102 -r 0 (71.44177449168207, 1.1423290203327172, 0.2021872073378025)
-t 3 -c 26.2144 -g 0.00102 -r 0 (75.26406126221283, 0.9894375495114867, 0.24593949642873994)
-t 3 -c 104.8576 -g 0.00102 -r 0 (78.02350145233694, 0.8790599419065224, 0.2920894835800017)
-t 3 -c 419.4304 -g 0.00102 -r 0 (78.99392659096911, 0.8402429363612358, 0.30371444660961827)
-t 3 -c 1677.7216 -g 0.00102 -r 0 (78.98732505941378, 0.8405069976234486, 0.2992253026283647)
-t 3 -c 0.0001 -g 0.00203 -r 0 (76.00673356218643, 0.9597306575125429, nan)
-t 3 -c 0.0004 -g 0.00203 -r 0 (76.00673356218643, 0.9597306575125429, nan)
-t 3 -c 0.0016 -g 0.00203 -r 0 (76.00673356218643, 0.9597306575125429, nan)
-t 3 -c 0.0064 -g 0.00203 -r 0 (76.00673356218643, 0.9597306575125429, nan)
-t 3 -c 0.0256 -g 0.00203 -r 0 (76.00673356218643, 0.9597306575125429, nan)
-t 3 -c 0.1024 -g 0.00203 -r 0 (76.00673356218643, 0.9597306575125429, nan)
-t 3 -c 0.4096 -g 0.00203 -r 0 (72.70926855030368, 1.0916292579878533, 0.2073865962865916)
-t 3 -c 1.6384 -g 0.00203 -r 0 (71.5639028254555, 1.1374438869817798, 0.20358656423414537)
-t 3 -c 6.5536 -g 0.00203 -r 0 (72.20755215209928, 1.1116979139160286, 0.2101822852980698)
-t 3 -c 26.2144 -g 0.00203 -r 0 (77.0761816741484, 0.9169527330340639, 0.2761525390268535)
-t 3 -c 104.8576 -g 0.00203 -r 0 (78.52851861631899, 0.8588592553472406, 0.2991830187525424)
-t 3 -c 419.4304 -g 0.00203 -r 0 (79.04673884341167, 0.8381304462635332, 0.30213668149397904)
-t 3 -c 1677.7216 -g 0.00203 -r 0 (79.1028518616319, 0.8358859255347241, 0.3003513962315184)
-t 3 -c 0.0001 -g 0.00407 -r 0 (76.00673356218643, 0.9597306575125429, nan)
-t 3 -c 0.0004 -g 0.00407 -r 0 (76.00673356218643, 0.9597306575125429, nan)
-t 3 -c 0.0016 -g 0.00407 -r 0 (76.00673356218643, 0.9597306575125429, nan)
-t 3 -c 0.0064 -g 0.00407 -r 0 (76.00673356218643, 0.9597306575125429, nan)
-t 3 -c 0.0256 -g 0.00407 -r 0 (76.00673356218643, 0.9597306575125429, nan)
-t 3 -c 0.1024 -g 0.00407 -r 0 (77.64721415368365, 0.8941114338526538, 0.22513512481919237)
-t 3 -c 0.4096 -g 0.00407 -r 0 (72.44520728809084, 1.1021917084763666, 0.20960854093966882)
-t 3 -c 1.6384 -g 0.00407 -r 0 (71.44177449168207, 1.1423290203327172, 0.2021872073378025)
-t 3 -c 6.5536 -g 0.00407 -r 0 (75.25415896487985, 0.9898336414048059, 0.24574101513460953)
-t 3 -c 26.2144 -g 0.00407 -r 0 (78.00699762344864, 0.8797200950620544, 0.29169835052154286)
-t 3 -c 104.8576 -g 0.00407 -r 0 (78.99062582519144, 0.8403749669923423, 0.30316434517914764)
-t 3 -c 419.4304 -g 0.00407 -r 0 (79.1688671771851, 0.8332453129125957, 0.30168144762175947)
-t 3 -c 1677.7216 -g 0.00407 -r 0 (79.6771851069448, 0.8129125957222075, 0.30440451881142444)
-t 3 -c 0.0001 -g 0.00813 -r 0 (76.00673356218643, 0.9597306575125429, nan)
-t 3 -c 0.0004 -g 0.00813 -r 0 (76.00673356218643, 0.9597306575125429, nan)
-t 3 -c 0.0016 -g 0.00813 -r 0 (76.00673356218643, 0.9597306575125429, nan)
-t 3 -c 0.0064 -g 0.00813 -r 0 (76.00673356218643, 0.9597306575125429, nan)
-t 3 -c 0.0256 -g 0.00813 -r 0 (76.00673356218643, 0.9597306575125429, nan)
-t 3 -c 0.1024 -g 0.00813 -r 0 (72.69936625297069, 1.0920253498811725, 0.2072068409367583)
-t 3 -c 0.4096 -g 0.00813 -r 0 (71.5639028254555, 1.1374438869817798, 0.20358656423414537)
-t 3 -c 1.6384 -g 0.00813 -r 0 (72.16794296276736, 1.1132822814893055, 0.2097368500807422)
-t 3 -c 6.5536 -g 0.00813 -r 0 (77.08938473725904, 0.9164246105096382, 0.27626970644759874)
-t 3 -c 26.2144 -g 0.00813 -r 0 (78.53181938209664, 0.8587272247161342, 0.29865964502738007)
-t 3 -c 104.8576 -g 0.00813 -r 0 (79.20847636651703, 0.8316609453393187, 0.30147251859877144)
-t 3 -c 419.4304 -g 0.00813 -r 0 (79.86862952204912, 0.8052548191180354, 0.30386602121113354)
-t 3 -c 1677.7216 -g 0.00813 -r 0 (76.62727752838659, 0.9349088988645365, 0.2217414553689143)
-t 3 -c 0.0001 -g 0.01626 -r 0 (76.00673356218643, 0.9597306575125429, nan)
-t 3 -c 0.0004 -g 0.01626 -r 0 (76.00673356218643, 0.9597306575125429, nan)
-t 3 -c 0.0016 -g 0.01626 -r 0 (76.00673356218643, 0.9597306575125429, nan)
-t 3 -c 0.0064 -g 0.01626 -r 0 (76.00673356218643, 0.9597306575125429, nan)
-t 3 -c 0.0256 -g 0.01626 -r 0 (78.35357803010298, 0.8658568787958807, 0.22739794501321028)
-t 3 -c 0.1024 -g 0.01626 -r 0 (72.43860575653552, 1.1024557697385793, 0.20892594806594733)
-t 3 -c 0.4096 -g 0.01626 -r 0 (71.43847372590442, 1.1424610509638236, 0.20215132495801322)
-t 3 -c 1.6384 -g 0.01626 -r 0 (75.21124900977027, 0.9915500396091893, 0.24476608600457817)
-t 3 -c 6.5536 -g 0.01626 -r 0 (78.09611829944546, 0.8761552680221811, 0.2921739691515442)
-t 3 -c 26.2144 -g 0.01626 -r 0 (79.50224452072881, 0.8199102191708476, 0.30431811260321734)
-t 3 -c 104.8576 -g 0.01626 -r 0 (79.0863480327436, 0.8365460786902561, 0.26982952438164304)
-t 3 -c 419.4304 -g 0.01626 -r 0 (75.39279112754159, 0.9842883548983364, 0.20313370257657704)
-t 3 -c 1677.7216 -g 0.01626 -r 0 (74.61381040401373, 1.0154475838394508, 0.1890786233588972)
-t 3 -c 0.0001 -g 0.03252 -r 0 (76.00673356218643, 0.9597306575125429, nan)
-t 3 -c 0.0004 -g 0.03252 -r 0 (76.00673356218643, 0.9597306575125429, nan)
-t 3 -c 0.0016 -g 0.03252 -r 0 (76.00673356218643, 0.9597306575125429, nan)
-t 3 -c 0.0064 -g 0.03252 -r 0 (76.00673356218643, 0.9597306575125429, nan)
-t 3 -c 0.0256 -g 0.03252 -r 0 (72.71917084763665, 1.091233166094534, 0.20910121405635732)
-t 3 -c 0.1024 -g 0.03252 -r 0 (71.59360971745446, 1.136255611301822, 0.20384365314312783)
-t 3 -c 0.4096 -g 0.03252 -r 0 (71.94679165566411, 1.1221283337734353, 0.20726476973932725)
-t 3 -c 1.6384 -g 0.03252 -r 0 (77.08278320570372, 0.9166886717718511, 0.27304986136082726)
-t 3 -c 6.5536 -g 0.03252 -r 0 (79.3603115922894, 0.8255875363084235, 0.29719426720891634)
-t 3 -c 26.2144 -g 0.03252 -r 0 (76.68008978082915, 0.9327964087668339, 0.22198099614860795)
-t 3 -c 104.8576 -g 0.03252 -r 0 (74.02957486136783, 1.0388170055452866, 0.18312837394949713)
-t 3 -c 419.4304 -g 0.03252 -r 0 (73.88764193292845, 1.0444943226828625, 0.17723167469093556)
-t 3 -c 1677.7216 -g 0.03252 -r 0 (74.02297332981252, 1.0390810668074992, 0.1789873334054455)
-t 3 -c 0.0001 -g 0.06504 -r 0 (76.00673356218643, 0.9597306575125429, nan)
-t 3 -c 0.0004 -g 0.06504 -r 0 (76.00673356218643, 0.9597306575125429, nan)
-t 3 -c 0.0016 -g 0.06504 -r 0 (76.00673356218643, 0.9597306575125429, nan)
-t 3 -c 0.0064 -g 0.06504 -r 0 (82.35080538684974, 0.7059677845260101, 0.21711320358321679)
-t 3 -c 0.0256 -g 0.06504 -r 0 (72.58714021653023, 1.0965143913387907, 0.20947015714654169)
-t 3 -c 0.1024 -g 0.06504 -r 0 (71.44837602323739, 1.1420649590705043, 0.2021234014082298)
-t 3 -c 0.4096 -g 0.06504 -r 0 (73.99656720359123, 1.0401373118563506, 0.23091043283682083)
-t 3 -c 1.6384 -g 0.06504 -r 0 (79.31410087140216, 0.8274359651439134, 0.26279196952956246)
-t 3 -c 6.5536 -g 0.06504 -r 0 (75.26406126221283, 0.9894375495114867, 0.18814814183917755)
-t 3 -c 26.2144 -g 0.06504 -r 0 (74.12859783469764, 1.034856086612094, 0.17334039271685805)
-t 3 -c 104.8576 -g 0.06504 -r 0 (73.98006337470294, 1.0407974650118827, 0.17020639080824773)
-t 3 -c 419.4304 -g 0.06504 -r 0 (72.36268814364932, 1.1054924742540269, 0.1612266290687532)
-t 3 -c 1677.7216 -g 0.06504 -r 0 (72.38579350409294, 1.104568259836282, 0.16006552985878936)
-t 3 -c 0.0001 -g 0.00102 -r 1 (76.00673356218643, 0.9597306575125429, nan)
-t 3 -c 0.0004 -g 0.00102 -r 1 (76.00673356218643, 0.9597306575125429, nan)
-t 3 -c 0.0016 -g 0.00102 -r 1 (76.00673356218643, 0.9597306575125429, nan)
-t 3 -c 0.0064 -g 0.00102 -r 1 (76.00673356218643, 0.9597306575125429, nan)
-t 3 -c 0.0256 -g 0.00102 -r 1 (76.00673356218643, 0.9597306575125429, nan)
-t 3 -c 0.1024 -g 0.00102 -r 1 (76.00673356218643, 0.9597306575125429, nan)
-t 3 -c 0.4096 -g 0.00102 -r 1 (76.00673356218643, 0.9597306575125429, nan)
-t 3 -c 1.6384 -g 0.00102 -r 1 (72.66635859519408, 1.0933456561922366, 0.2095016684428992)
-t 3 -c 6.5536 -g 0.00102 -r 1 (71.7223395827832, 1.1311064166886717, 0.20491723595844055)
-t 3 -c 26.2144 -g 0.00102 -r 1 (71.76524953789279, 1.1293900184842884, 0.2053221298709724)
-t 3 -c 104.8576 -g 0.00102 -r 1 (76.70319514127277, 0.931872194349089, 0.26988048161018857)
-t 3 -c 419.4304 -g 0.00102 -r 1 (78.30736730921573, 0.8677053076313704, 0.29565643486818527)
-t 3 -c 1677.7216 -g 0.00102 -r 1 (79.25138632162661, 0.8299445471349353, 0.30285850200110154)
-t 3 -c 0.0001 -g 0.00203 -r 1 (76.00673356218643, 0.9597306575125429, nan)
-t 3 -c 0.0004 -g 0.00203 -r 1 (76.00673356218643, 0.9597306575125429, nan)
-t 3 -c 0.0016 -g 0.00203 -r 1 (76.00673356218643, 0.9597306575125429, nan)
-t 3 -c 0.0064 -g 0.00203 -r 1 (76.00673356218643, 0.9597306575125429, nan)
-t 3 -c 0.0256 -g 0.00203 -r 1 (76.00673356218643, 0.9597306575125429, nan)
-t 3 -c 0.1024 -g 0.00203 -r 1 (76.00673356218643, 0.9597306575125429, nan)
-t 3 -c 0.4096 -g 0.00203 -r 1 (82.31449696329548, 0.7074201214681806, 0.21095426093254774)
-t 3 -c 1.6384 -g 0.00203 -r 1 (72.6564562978611, 1.0937417480855558, 0.20878505482718335)
-t 3 -c 6.5536 -g 0.00203 -r 1 (71.42857142857143, 1.1428571428571428, 0.20197592278867957)
-t 3 -c 26.2144 -g 0.00203 -r 1 (74.16820702402957, 1.033271719038817, 0.23274344808552158)
-t 3 -c 104.8576 -g 0.00203 -r 1 (78.04660681278057, 0.8781357274887774, 0.2914300988802117)
-t 3 -c 419.4304 -g 0.00203 -r 1 (79.32070240295748, 0.8271719038817006, 0.30488196951277924)
-t 3 -c 1677.7216 -g 0.00203 -r 1 (79.95444943226829, 0.8018220227092685, 0.3002350398907987)
-t 3 -c 0.0001 -g 0.00407 -r 1 (76.00673356218643, 0.9597306575125429, nan)
-t 3 -c 0.0004 -g 0.00407 -r 1 (76.00673356218643, 0.9597306575125429, nan)
-t 3 -c 0.0016 -g 0.00407 -r 1 (76.00673356218643, 0.9597306575125429, nan)
-t 3 -c 0.0064 -g 0.00407 -r 1 (76.00673356218643, 0.9597306575125429, nan)
-t 3 -c 0.0256 -g 0.00407 -r 1 (76.00673356218643, 0.9597306575125429, nan)
-t 3 -c 0.1024 -g 0.00407 -r 1 (76.00673356218643, 0.9597306575125429, nan)
-t 3 -c 0.4096 -g 0.00407 -r 1 (72.65975706363876, 1.0936097174544495, 0.20915782695308496)
-t 3 -c 1.6384 -g 0.00407 -r 1 (71.76524953789279, 1.1293900184842884, 0.2053900758245601)
-t 3 -c 6.5536 -g 0.00407 -r 1 (71.69923422233958, 1.1320306311064168, 0.20466301519067173)
-t 3 -c 26.2144 -g 0.00407 -r 1 (76.56126221283338, 0.9375495114866649, 0.26605710534804883)
-t 3 -c 104.8576 -g 0.00407 -r 1 (78.48890942698706, 0.8604436229205176, 0.29778502177302585)
-t 3 -c 419.4304 -g 0.00407 -r 1 (79.76960654871931, 0.8092157380512279, 0.29629737150414237)
-t 3 -c 1677.7216 -g 0.00407 -r 1 (75.7591761288619, 0.9696329548455241, 0.20702604196529673)
-t 3 -c 0.0001 -g 0.00813 -r 1 (76.00673356218643, 0.9597306575125429, nan)
-t 3 -c 0.0004 -g 0.00813 -r 1 (76.00673356218643, 0.9597306575125429, nan)
-t 3 -c 0.0016 -g 0.00813 -r 1 (76.00673356218643, 0.9597306575125429, nan)
-t 3 -c 0.0064 -g 0.00813 -r 1 (76.00673356218643, 0.9597306575125429, nan)
-t 3 -c 0.0256 -g 0.00813 -r 1 (76.00673356218643, 0.9597306575125429, nan)
-t 3 -c 0.1024 -g 0.00813 -r 1 (82.02733034063903, 0.7189067863744388, 0.19296215299138672)
-t 3 -c 0.4096 -g 0.00813 -r 1 (72.66965936097175, 1.0932136255611302, 0.20853445630812292)
-t 3 -c 1.6384 -g 0.00813 -r 1 (71.42857142857143, 1.1428571428571428, 0.20197592278867957)
-t 3 -c 6.5536 -g 0.00813 -r 1 (73.67639292315818, 1.052944283073673, 0.22639909430964025)
-t 3 -c 26.2144 -g 0.00813 -r 1 (78.04990757855822, 0.878003696857671, 0.28883604822691916)
-t 3 -c 104.8576 -g 0.00813 -r 1 (79.54185371006074, 0.8183258515975707, 0.29175946295193234)
-t 3 -c 419.4304 -g 0.00813 -r 1 (76.65368365460787, 0.9338526538156853, 0.22295997865372075)
-t 3 -c 1677.7216 -g 0.00813 -r 1 (75.64695009242145, 0.9741219963031423, 0.2008094568653286)
-t 3 -c 0.0001 -g 0.01626 -r 1 (76.00673356218643, 0.9597306575125429, nan)
-t 3 -c 0.0004 -g 0.01626 -r 1 (76.00673356218643, 0.9597306575125429, nan)
-t 3 -c 0.0016 -g 0.01626 -r 1 (76.00673356218643, 0.9597306575125429, nan)
-t 3 -c 0.0064 -g 0.01626 -r 1 (76.00673356218643, 0.9597306575125429, nan)
-t 3 -c 0.0256 -g 0.01626 -r 1 (76.00673356218643, 0.9597306575125429, nan)
-t 3 -c 0.1024 -g 0.01626 -r 1 (72.63335093741748, 1.0946659625033008, 0.2093928054680536)
-t 3 -c 0.4096 -g 0.01626 -r 1 (71.8972801689992, 1.1241087932400318, 0.2063069829677019)
-t 3 -c 1.6384 -g 0.01626 -r 1 (71.56060205967785, 1.1375759176128861, 0.20321114591157124)
-t 3 -c 6.5536 -g 0.01626 -r 1 (76.5084499603908, 0.9396620015843675, 0.2616018169104717)
-t 3 -c 26.2144 -g 0.01626 -r 1 (79.21507789807235, 0.8313968840771059, 0.2832953049100922)
-t 3 -c 104.8576 -g 0.01626 -r 1 (75.91101135463427, 0.963559545814629, 0.21082422625970246)
-t 3 -c 419.4304 -g 0.01626 -r 1 (73.68629522049116, 1.0525481911803538, 0.1771445750385352)
-t 3 -c 1677.7216 -g 0.01626 -r 1 (73.5740691840507, 1.057037232637972, 0.17372533721417963)
-t 3 -c 0.0001 -g 0.03252 -r 1 (76.00673356218643, 0.9597306575125429, nan)
-t 3 -c 0.0004 -g 0.03252 -r 1 (76.00673356218643, 0.9597306575125429, nan)
-t 3 -c 0.0016 -g 0.03252 -r 1 (76.00673356218643, 0.9597306575125429, nan)
-t 3 -c 0.0064 -g 0.03252 -r 1 (76.00673356218643, 0.9597306575125429, nan)
-t 3 -c 0.0256 -g 0.03252 -r 1 (76.11565883284922, 0.9553736466860312, 0.0033936505802880405)
-t 3 -c 0.1024 -g 0.03252 -r 1 (72.67956165830472, 1.092817533667811, 0.20858082305807235)
-t 3 -c 0.4096 -g 0.03252 -r 1 (71.48798521256931, 1.1404805914972274, 0.20269012821405494)
-t 3 -c 1.6384 -g 0.03252 -r 1 (72.62014787430684, 1.0951940850277264, 0.21514540291353557)
-t 3 -c 6.5536 -g 0.03252 -r 1 (79.06654343807763, 0.8373382624768947, 0.2812578216764383)
-t 3 -c 26.2144 -g 0.03252 -r 1 (75.42249801954053, 0.9831000792183786, 0.2223589633138213)
-t 3 -c 104.8576 -g 0.03252 -r 1 (74.31013995246897, 1.027594401901241, 0.17723410632834682)
-t 3 -c 419.4304 -g 0.03252 -r 1 (74.13519936625298, 1.0345920253498813, 0.17601707774492717)
-t 3 -c 1677.7216 -g 0.03252 -r 1 (72.41880116186955, 1.1032479535252178, 0.16115077724597912)
-t 3 -c 0.0001 -g 0.06504 -r 1 (76.00673356218643, 0.9597306575125429, nan)
-t 3 -c 0.0004 -g 0.06504 -r 1 (76.00673356218643, 0.9597306575125429, nan)
-t 3 -c 0.0016 -g 0.06504 -r 1 (76.00673356218643, 0.9597306575125429, nan)
-t 3 -c 0.0064 -g 0.06504 -r 1 (76.00673356218643, 0.9597306575125429, nan)
-t 3 -c 0.0256 -g 0.06504 -r 1 (82.10984948508055, 0.7156060205967785, 0.22619795505655788)
-t 3 -c 0.1024 -g 0.06504 -r 1 (72.50132030631106, 1.0999471877475575, 0.2104491809141587)
-t 3 -c 0.4096 -g 0.06504 -r 1 (71.4978875099023, 1.1400844996039081, 0.20300165043646157)
-t 3 -c 1.6384 -g 0.06504 -r 1 (76.75270662793768, 0.9298917348824928, 0.2592586279036163)
-t 3 -c 6.5536 -g 0.06504 -r 1 (73.18127805650911, 1.0727488777396357, 0.16723670555477316)
-t 3 -c 26.2144 -g 0.06504 -r 1 (71.46157908634804, 1.1415368365460787, 0.14626041838437306)
-t 3 -c 104.8576 -g 0.06504 -r 1 (71.42196989701611, 1.1431212041193557, 0.14208817405780483)
-t 3 -c 419.4304 -g 0.06504 -r 1 (71.34605228412993, 1.1461579086348033, 0.14117071754077556)
-t 3 -c 1677.7216 -g 0.06504 -r 1 (71.22062318457883, 1.151175072616847, 0.14078025335610844)
-t 3 -c 0.0001 -g 0.00102 -r 2 (76.00673356218643, 0.9597306575125429, nan)
-t 3 -c 0.0004 -g 0.00102 -r 2 (76.00673356218643, 0.9597306575125429, nan)
-t 3 -c 0.0016 -g 0.00102 -r 2 (76.00673356218643, 0.9597306575125429, nan)
-t 3 -c 0.0064 -g 0.00102 -r 2 (76.00673356218643, 0.9597306575125429, nan)
-t 3 -c 0.0256 -g 0.00102 -r 2 (76.00673356218643, 0.9597306575125429, nan)
-t 3 -c 0.1024 -g 0.00102 -r 2 (76.00673356218643, 0.9597306575125429, nan)
-t 3 -c 0.4096 -g 0.00102 -r 2 (76.00673356218643, 0.9597306575125429, nan)
-t 3 -c 1.6384 -g 0.00102 -r 2 (76.00673356218643, 0.9597306575125429, nan)
-t 3 -c 6.5536 -g 0.00102 -r 2 (73.67309215738051, 1.0530763137047796, 0.2085142945018216)
-t 3 -c 26.2144 -g 0.00102 -r 2 (72.25376287298653, 1.1098494850805387, 0.208662668942134)
-t 3 -c 104.8576 -g 0.00102 -r 2 (71.46818061790336, 1.1412727752838658, 0.20227106252923202)
-t 3 -c 419.4304 -g 0.00102 -r 2 (75.74597306575126, 0.9701610773699498, 0.2517997570230393)
-t 3 -c 1677.7216 -g 0.00102 -r 2 (78.06971217322419, 0.8772115130710325, 0.29242329419321755)
-t 3 -c 0.0001 -g 0.00203 -r 2 (76.00673356218643, 0.9597306575125429, nan)
-t 3 -c 0.0004 -g 0.00203 -r 2 (76.00673356218643, 0.9597306575125429, nan)
-t 3 -c 0.0016 -g 0.00203 -r 2 (76.00673356218643, 0.9597306575125429, nan)
-t 3 -c 0.0064 -g 0.00203 -r 2 (76.00673356218643, 0.9597306575125429, nan)
-t 3 -c 0.0256 -g 0.00203 -r 2 (76.00673356218643, 0.9597306575125429, nan)
-t 3 -c 0.1024 -g 0.00203 -r 2 (76.00673356218643, 0.9597306575125429, nan)
-t 3 -c 0.4096 -g 0.00203 -r 2 (76.00673356218643, 0.9597306575125429, nan)
-t 3 -c 1.6384 -g 0.00203 -r 2 (76.00673356218643, 0.9597306575125429, nan)
-t 3 -c 6.5536 -g 0.00203 -r 2 (72.7323739107473, 1.0907050435701082, 0.20698642847343351)
-t 3 -c 26.2144 -g 0.00203 -r 2 (71.50448904145762, 1.1398204383416952, 0.2027343312354044)
-t 3 -c 104.8576 -g 0.00203 -r 2 (72.56733562186427, 1.0973065751254292, 0.21406070880079905)
-t 3 -c 419.4304 -g 0.00203 -r 2 (77.23461843147611, 0.9106152627409559, 0.27763889784840234)
-t 3 -c 1677.7216 -g 0.00203 -r 2 (78.70675996831265, 0.8517296012674941, 0.29957647168787754)
-t 3 -c 0.0001 -g 0.00407 -r 2 (76.00673356218643, 0.9597306575125429, nan)
-t 3 -c 0.0004 -g 0.00407 -r 2 (76.00673356218643, 0.9597306575125429, nan)
-t 3 -c 0.0016 -g 0.00407 -r 2 (76.00673356218643, 0.9597306575125429, nan)
-t 3 -c 0.0064 -g 0.00407 -r 2 (76.00673356218643, 0.9597306575125429, nan)
-t 3 -c 0.0256 -g 0.00407 -r 2 (76.00673356218643, 0.9597306575125429, nan)
-t 3 -c 0.1024 -g 0.00407 -r 2 (76.00673356218643, 0.9597306575125429, nan)
-t 3 -c 0.4096 -g 0.00407 -r 2 (76.00673356218643, 0.9597306575125429, nan)
-t 3 -c 1.6384 -g 0.00407 -r 2 (74.50158436757327, 1.019936625297069, 0.21141741533113467)
-t 3 -c 6.5536 -g 0.00407 -r 2 (72.29337206231845, 1.1082651175072618, 0.2089057763266902)
-t 3 -c 26.2144 -g 0.00407 -r 2 (71.44837602323739, 1.1420649590705043, 0.2021234014082298)
-t 3 -c 104.8576 -g 0.00407 -r 2 (75.52152099287035, 0.9791391602851862, 0.24882455284032962)
-t 3 -c 419.4304 -g 0.00407 -r 2 (78.25785582255084, 0.8696857670979667, 0.2942587581643132)
-t 3 -c 1677.7216 -g 0.00407 -r 2 (79.74980195405334, 0.8100079218378664, 0.29824887969216674)
-t 3 -c 0.0001 -g 0.00813 -r 2 (76.00673356218643, 0.9597306575125429, nan)
-t 3 -c 0.0004 -g 0.00813 -r 2 (76.00673356218643, 0.9597306575125429, nan)
-t 3 -c 0.0016 -g 0.00813 -r 2 (76.00673356218643, 0.9597306575125429, nan)
-t 3 -c 0.0064 -g 0.00813 -r 2 (76.00673356218643, 0.9597306575125429, nan)
-t 3 -c 0.0256 -g 0.00813 -r 2 (76.00673356218643, 0.9597306575125429, nan)
-t 3 -c 0.1024 -g 0.00813 -r 2 (76.00673356218643, 0.9597306575125429, nan)
-t 3 -c 0.4096 -g 0.00813 -r 2 (76.00673356218643, 0.9597306575125429, nan)
-t 3 -c 1.6384 -g 0.00813 -r 2 (72.70596778452601, 1.0917612886189596, 0.20761505886124917)
-t 3 -c 6.5536 -g 0.00813 -r 2 (71.53749669923423, 1.1385001320306312, 0.20316228340205592)
-t 3 -c 26.2144 -g 0.00813 -r 2 (72.1646421969897, 1.1134143121204119, 0.20969976732911186)
-t 3 -c 104.8576 -g 0.00813 -r 2 (77.33034063902825, 0.9067863744388698, 0.2773139125772582)
-t 3 -c 419.4304 -g 0.00813 -r 2 (79.31410087140216, 0.8274359651439134, 0.2939267101000909)
-t 3 -c 1677.7216 -g 0.00813 -r 2 (76.50514919461315, 0.939794032215474, 0.2246133230462227)
-t 3 -c 0.0001 -g 0.01626 -r 2 (76.00673356218643, 0.9597306575125429, nan)
-t 3 -c 0.0004 -g 0.01626 -r 2 (76.00673356218643, 0.9597306575125429, nan)
-t 3 -c 0.0016 -g 0.01626 -r 2 (76.00673356218643, 0.9597306575125429, nan)
-t 3 -c 0.0064 -g 0.01626 -r 2 (76.00673356218643, 0.9597306575125429, nan)
-t 3 -c 0.0256 -g 0.01626 -r 2 (76.00673356218643, 0.9597306575125429, nan)
-t 3 -c 0.1024 -g 0.01626 -r 2 (76.00673356218643, 0.9597306575125429, nan)
-t 3 -c 0.4096 -g 0.01626 -r 2 (81.31436493266438, 0.7474254026934248, 0.23852072799827928)
-t 3 -c 1.6384 -g 0.01626 -r 2 (72.47821494586744, 1.1008714021653023, 0.20843245696736445)
-t 3 -c 6.5536 -g 0.01626 -r 2 (71.41866913123845, 1.143253234750462, 0.20180060061081956)
-t 3 -c 26.2144 -g 0.01626 -r 2 (74.83496171111697, 1.0066015315553207, 0.23930354661861736)
-t 3 -c 104.8576 -g 0.01626 -r 2 (79.02033271719039, 0.8391866913123844, 0.2897182329635435)
-t 3 -c 419.4304 -g 0.01626 -r 2 (75.99683126485344, 0.9601267494058622, 0.2115349784801058)
-t 3 -c 1677.7216 -g 0.01626 -r 2 (74.54779508846052, 1.018088196461579, 0.18792437164174264)
-t 3 -c 0.0001 -g 0.03252 -r 2 (76.00673356218643, 0.9597306575125429, nan)
-t 3 -c 0.0004 -g 0.03252 -r 2 (76.00673356218643, 0.9597306575125429, nan)
-t 3 -c 0.0016 -g 0.03252 -r 2 (76.00673356218643, 0.9597306575125429, nan)
-t 3 -c 0.0064 -g 0.03252 -r 2 (76.00673356218643, 0.9597306575125429, nan)
-t 3 -c 0.0256 -g 0.03252 -r 2 (76.00673356218643, 0.9597306575125429, nan)
-t 3 -c 0.1024 -g 0.03252 -r 2 (76.00673356218643, 0.9597306575125429, nan)
-t 3 -c 0.4096 -g 0.03252 -r 2 (72.59704251386322, 1.0961182994454715, 0.2097177344441629)
-t 3 -c 1.6384 -g 0.03252 -r 2 (71.82466332189068, 1.1270134671243728, 0.20625038185352948)
-t 3 -c 6.5536 -g 0.03252 -r 2 (71.66952733034064, 1.1332189067863745, 0.2044723611800508)
-t 3 -c 26.2144 -g 0.03252 -r 2 (78.01359915500396, 0.8794560337998416, 0.27717133070266675)
-t 3 -c 104.8576 -g 0.03252 -r 2 (74.64021653023501, 1.0143913387905994, 0.19069422920369944)
-t 3 -c 419.4304 -g 0.03252 -r 2 (73.10205967784526, 1.0759176128861896, 0.166580193436121)
-t 3 -c 1677.7216 -g 0.03252 -r 2 (72.57063638764193, 1.0971745444943226, 0.16149011473654704)
-t 3 -c 0.0001 -g 0.06504 -r 2 (76.00673356218643, 0.9597306575125429, nan)
-t 3 -c 0.0004 -g 0.06504 -r 2 (76.00673356218643, 0.9597306575125429, nan)
-t 3 -c 0.0016 -g 0.06504 -r 2 (76.00673356218643, 0.9597306575125429, nan)
-t 3 -c 0.0064 -g 0.06504 -r 2 (76.00673356218643, 0.9597306575125429, nan)
-t 3 -c 0.0256 -g 0.06504 -r 2 (76.00673356218643, 0.9597306575125429, nan)
-t 3 -c 0.1024 -g 0.06504 -r 2 (76.01003432796409, 0.9595986268814365, 0.00010456629859574777)
-t 3 -c 0.4096 -g 0.06504 -r 2 (72.65315553208345, 1.0938737787166624, 0.2117092756720946)
-t 3 -c 1.6384 -g 0.06504 -r 2 (71.64972273567467, 1.134011090573013, 0.20507102017581208)
-t 3 -c 6.5536 -g 0.06504 -r 2 (72.91391602851861, 1.0834433588592554, 0.21929742595187252)
-t 3 -c 26.2144 -g 0.06504 -r 2 (74.2408238711381, 1.0303670451544757, 0.1800641533642681)
-t 3 -c 104.8576 -g 0.06504 -r 2 (71.41866913123845, 1.143253234750462, 0.14404183141881857)
-t 3 -c 419.4304 -g 0.06504 -r 2 (71.96659625033007, 1.1213361499867969, 0.1469714656243333)
-t 3 -c 1677.7216 -g 0.06504 -r 2 (71.60021124900977, 1.1359915500396092, 0.145332070268971)
