-t 0 -c 0.0001 -g 0.00102 -r 0 (76.01254446016752, 0.9594982215932994, nan)
-t 0 -c 0.0004 -g 0.00102 -r 0 (76.01254446016752, 0.9594982215932994, nan)
-t 0 -c 0.0016 -g 0.00102 -r 0 (80.14303744215398, 0.794278502313841, 0.1295187264078399)
-t 0 -c 0.0064 -g 0.00102 -r 0 (83.89872643133056, 0.6440509427467779, 0.2691893737805844)
-t 0 -c 0.0256 -g 0.00102 -r 0 (84.40356446246223, 0.6238574215015107, 0.29545320059046654)
-t 0 -c 0.1024 -g 0.00102 -r 0 (84.49152866485639, 0.6203388534057445, 0.30431879621946656)
-t 0 -c 0.4096 -g 0.00102 -r 0 (84.40356446246223, 0.6238574215015107, 0.3050749047338208)
-t 0 -c 1.6384 -g 0.00102 -r 0 (84.41886258461774, 0.6232454966152905, 0.30651167623471887)
-t 0 -c 6.5536 -g 0.00102 -r 0 (84.43416070677324, 0.6226335717290703, 0.3076099806968966)
-t 0 -c 26.2144 -g 0.00102 -r 0 (84.45328335946762, 0.621868665621295, 0.3083758602491602)
-t 0 -c 104.8576 -g 0.00102 -r 0 (84.47623054270089, 0.6209507782919647, 0.30963714705527545)
-t 0 -c 419.4304 -g 0.00102 -r 0 (84.43033617623436, 0.6227865529506253, 0.30834185175540113)
-t 0 -c 1677.7216 -g 0.00102 -r 0 (84.41886258461774, 0.6232454966152905, 0.3079526233990256)
-t 0 -c 0.0001 -g 0.00203 -r 0 (76.01254446016752, 0.9594982215932994, nan)
-t 0 -c 0.0004 -g 0.00203 -r 0 (76.01254446016752, 0.9594982215932994, nan)
-t 0 -c 0.0016 -g 0.00203 -r 0 (80.14303744215398, 0.794278502313841, 0.1295187264078399)
-t 0 -c 0.0064 -g 0.00203 -r 0 (83.89872643133056, 0.6440509427467779, 0.2691893737805844)
-t 0 -c 0.0256 -g 0.00203 -r 0 (84.40356446246223, 0.6238574215015107, 0.29545320059046654)
-t 0 -c 0.1024 -g 0.00203 -r 0 (84.49152866485639, 0.6203388534057445, 0.30431879621946656)
-t 0 -c 0.4096 -g 0.00203 -r 0 (84.40356446246223, 0.6238574215015107, 0.3050749047338208)
-t 0 -c 1.6384 -g 0.00203 -r 0 (84.41886258461774, 0.6232454966152905, 0.30651167623471887)
-t 0 -c 6.5536 -g 0.00203 -r 0 (84.43416070677324, 0.6226335717290703, 0.3076099806968966)
-t 0 -c 26.2144 -g 0.00203 -r 0 (84.45328335946762, 0.621868665621295, 0.3083758602491602)
-t 0 -c 104.8576 -g 0.00203 -r 0 (84.47623054270089, 0.6209507782919647, 0.30963714705527545)
-t 0 -c 419.4304 -g 0.00203 -r 0 (84.43033617623436, 0.6227865529506253, 0.30834185175540113)
-t 0 -c 1677.7216 -g 0.00203 -r 0 (84.41886258461774, 0.6232454966152905, 0.3079526233990256)
-t 0 -c 0.0001 -g 0.00407 -r 0 (76.01254446016752, 0.9594982215932994, nan)
-t 0 -c 0.0004 -g 0.00407 -r 0 (76.01254446016752, 0.9594982215932994, nan)
-t 0 -c 0.0016 -g 0.00407 -r 0 (80.14303744215398, 0.794278502313841, 0.1295187264078399)
-t 0 -c 0.0064 -g 0.00407 -r 0 (83.89872643133056, 0.6440509427467779, 0.2691893737805844)
-t 0 -c 0.0256 -g 0.00407 -r 0 (84.40356446246223, 0.6238574215015107, 0.29545320059046654)
-t 0 -c 0.1024 -g 0.00407 -r 0 (84.49152866485639, 0.6203388534057445, 0.30431879621946656)
-t 0 -c 0.4096 -g 0.00407 -r 0 (84.40356446246223, 0.6238574215015107, 0.3050749047338208)
-t 0 -c 1.6384 -g 0.00407 -r 0 (84.41886258461774, 0.6232454966152905, 0.30651167623471887)
-t 0 -c 6.5536 -g 0.00407 -r 0 (84.43416070677324, 0.6226335717290703, 0.3076099806968966)
-t 0 -c 26.2144 -g 0.00407 -r 0 (84.45328335946762, 0.621868665621295, 0.3083758602491602)
-t 0 -c 104.8576 -g 0.00407 -r 0 (84.47623054270089, 0.6209507782919647, 0.30963714705527545)
-t 0 -c 419.4304 -g 0.00407 -r 0 (84.43033617623436, 0.6227865529506253, 0.30834185175540113)
-t 0 -c 1677.7216 -g 0.00407 -r 0 (84.41886258461774, 0.6232454966152905, 0.3079526233990256)
-t 0 -c 0.0001 -g 0.00813 -r 0 (76.01254446016752, 0.9594982215932994, nan)
-t 0 -c 0.0004 -g 0.00813 -r 0 (76.01254446016752, 0.9594982215932994, nan)
-t 0 -c 0.0016 -g 0.00813 -r 0 (80.14303744215398, 0.794278502313841, 0.1295187264078399)
-t 0 -c 0.0064 -g 0.00813 -r 0 (83.89872643133056, 0.6440509427467779, 0.2691893737805844)
-t 0 -c 0.0256 -g 0.00813 -r 0 (84.40356446246223, 0.6238574215015107, 0.29545320059046654)
-t 0 -c 0.1024 -g 0.00813 -r 0 (84.49152866485639, 0.6203388534057445, 0.30431879621946656)
-t 0 -c 0.4096 -g 0.00813 -r 0 (84.40356446246223, 0.6238574215015107, 0.3050749047338208)
-t 0 -c 1.6384 -g 0.00813 -r 0 (84.41886258461774, 0.6232454966152905, 0.30651167623471887)
-t 0 -c 6.5536 -g 0.00813 -r 0 (84.43416070677324, 0.6226335717290703, 0.3076099806968966)
-t 0 -c 26.2144 -g 0.00813 -r 0 (84.45328335946762, 0.621868665621295, 0.3083758602491602)
-t 0 -c 104.8576 -g 0.00813 -r 0 (84.47623054270089, 0.6209507782919647, 0.30963714705527545)
-t 0 -c 419.4304 -g 0.00813 -r 0 (84.43033617623436, 0.6227865529506253, 0.30834185175540113)
-t 0 -c 1677.7216 -g 0.00813 -r 0 (84.41886258461774, 0.6232454966152905, 0.3079526233990256)
-t 0 -c 0.0001 -g 0.01626 -r 0 (76.01254446016752, 0.9594982215932994, nan)
-t 0 -c 0.0004 -g 0.01626 -r 0 (76.01254446016752, 0.9594982215932994, nan)
-t 0 -c 0.0016 -g 0.01626 -r 0 (80.14303744215398, 0.794278502313841, 0.1295187264078399)
-t 0 -c 0.0064 -g 0.01626 -r 0 (83.89872643133056, 0.6440509427467779, 0.2691893737805844)
-t 0 -c 0.0256 -g 0.01626 -r 0 (84.40356446246223, 0.6238574215015107, 0.29545320059046654)
-t 0 -c 0.1024 -g 0.01626 -r 0 (84.49152866485639, 0.6203388534057445, 0.30431879621946656)
-t 0 -c 0.4096 -g 0.01626 -r 0 (84.40356446246223, 0.6238574215015107, 0.3050749047338208)
-t 0 -c 1.6384 -g 0.01626 -r 0 (84.41886258461774, 0.6232454966152905, 0.30651167623471887)
-t 0 -c 6.5536 -g 0.01626 -r 0 (84.43416070677324, 0.6226335717290703, 0.3076099806968966)
-t 0 -c 26.2144 -g 0.01626 -r 0 (84.45328335946762, 0.621868665621295, 0.3083758602491602)
-t 0 -c 104.8576 -g 0.01626 -r 0 (84.47623054270089, 0.6209507782919647, 0.30963714705527545)
-t 0 -c 419.4304 -g 0.01626 -r 0 (84.43033617623436, 0.6227865529506253, 0.30834185175540113)
-t 0 -c 1677.7216 -g 0.01626 -r 0 (84.41886258461774, 0.6232454966152905, 0.3079526233990256)
-t 0 -c 0.0001 -g 0.03252 -r 0 (76.01254446016752, 0.9594982215932994, nan)
-t 0 -c 0.0004 -g 0.03252 -r 0 (76.01254446016752, 0.9594982215932994, nan)
-t 0 -c 0.0016 -g 0.03252 -r 0 (80.14303744215398, 0.794278502313841, 0.1295187264078399)
-t 0 -c 0.0064 -g 0.03252 -r 0 (83.89872643133056, 0.6440509427467779, 0.2691893737805844)
-t 0 -c 0.0256 -g 0.03252 -r 0 (84.40356446246223, 0.6238574215015107, 0.29545320059046654)
-t 0 -c 0.1024 -g 0.03252 -r 0 (84.49152866485639, 0.6203388534057445, 0.30431879621946656)
-t 0 -c 0.4096 -g 0.03252 -r 0 (84.40356446246223, 0.6238574215015107, 0.3050749047338208)
-t 0 -c 1.6384 -g 0.03252 -r 0 (84.41886258461774, 0.6232454966152905, 0.30651167623471887)
-t 0 -c 6.5536 -g 0.03252 -r 0 (84.43416070677324, 0.6226335717290703, 0.3076099806968966)
-t 0 -c 26.2144 -g 0.03252 -r 0 (84.45328335946762, 0.621868665621295, 0.3083758602491602)
-t 0 -c 104.8576 -g 0.03252 -r 0 (84.47623054270089, 0.6209507782919647, 0.30963714705527545)
-t 0 -c 419.4304 -g 0.03252 -r 0 (84.43033617623436, 0.6227865529506253, 0.30834185175540113)
-t 0 -c 1677.7216 -g 0.03252 -r 0 (84.41886258461774, 0.6232454966152905, 0.3079526233990256)
-t 0 -c 0.0001 -g 0.06504 -r 0 (76.01254446016752, 0.9594982215932994, nan)
-t 0 -c 0.0004 -g 0.06504 -r 0 (76.01254446016752, 0.9594982215932994, nan)
-t 0 -c 0.0016 -g 0.06504 -r 0 (80.14303744215398, 0.794278502313841, 0.1295187264078399)
-t 0 -c 0.0064 -g 0.06504 -r 0 (83.89872643133056, 0.6440509427467779, 0.2691893737805844)
-t 0 -c 0.0256 -g 0.06504 -r 0 (84.40356446246223, 0.6238574215015107, 0.29545320059046654)
-t 0 -c 0.1024 -g 0.06504 -r 0 (84.49152866485639, 0.6203388534057445, 0.30431879621946656)
-t 0 -c 0.4096 -g 0.06504 -r 0 (84.40356446246223, 0.6238574215015107, 0.3050749047338208)
-t 0 -c 1.6384 -g 0.06504 -r 0 (84.41886258461774, 0.6232454966152905, 0.30651167623471887)
-t 0 -c 6.5536 -g 0.06504 -r 0 (84.43416070677324, 0.6226335717290703, 0.3076099806968966)
-t 0 -c 26.2144 -g 0.06504 -r 0 (84.45328335946762, 0.621868665621295, 0.3083758602491602)
-t 0 -c 104.8576 -g 0.06504 -r 0 (84.47623054270089, 0.6209507782919647, 0.30963714705527545)
-t 0 -c 419.4304 -g 0.06504 -r 0 (84.43033617623436, 0.6227865529506253, 0.30834185175540113)
-t 0 -c 1677.7216 -g 0.06504 -r 0 (84.41886258461774, 0.6232454966152905, 0.3079526233990256)
-t 0 -c 0.0001 -g 0.00102 -r 1 (76.01254446016752, 0.9594982215932994, nan)
-t 0 -c 0.0004 -g 0.00102 -r 1 (76.01254446016752, 0.9594982215932994, nan)
-t 0 -c 0.0016 -g 0.00102 -r 1 (80.14303744215398, 0.794278502313841, 0.1295187264078399)
-t 0 -c 0.0064 -g 0.00102 -r 1 (83.89872643133056, 0.6440509427467779, 0.2691893737805844)
-t 0 -c 0.0256 -g 0.00102 -r 1 (84.40356446246223, 0.6238574215015107, 0.29545320059046654)
-t 0 -c 0.1024 -g 0.00102 -r 1 (84.49152866485639, 0.6203388534057445, 0.30431879621946656)
-t 0 -c 0.4096 -g 0.00102 -r 1 (84.40356446246223, 0.6238574215015107, 0.3050749047338208)
-t 0 -c 1.6384 -g 0.00102 -r 1 (84.41886258461774, 0.6232454966152905, 0.30651167623471887)
-t 0 -c 6.5536 -g 0.00102 -r 1 (84.43416070677324, 0.6226335717290703, 0.3076099806968966)
-t 0 -c 26.2144 -g 0.00102 -r 1 (84.45328335946762, 0.621868665621295, 0.3083758602491602)
-t 0 -c 104.8576 -g 0.00102 -r 1 (84.47623054270089, 0.6209507782919647, 0.30963714705527545)
-t 0 -c 419.4304 -g 0.00102 -r 1 (84.43033617623436, 0.6227865529506253, 0.30834185175540113)
-t 0 -c 1677.7216 -g 0.00102 -r 1 (84.41886258461774, 0.6232454966152905, 0.3079526233990256)
-t 0 -c 0.0001 -g 0.00203 -r 1 (76.01254446016752, 0.9594982215932994, nan)
-t 0 -c 0.0004 -g 0.00203 -r 1 (76.01254446016752, 0.9594982215932994, nan)
-t 0 -c 0.0016 -g 0.00203 -r 1 (80.14303744215398, 0.794278502313841, 0.1295187264078399)
-t 0 -c 0.0064 -g 0.00203 -r 1 (83.89872643133056, 0.6440509427467779, 0.2691893737805844)
-t 0 -c 0.0256 -g 0.00203 -r 1 (84.40356446246223, 0.6238574215015107, 0.29545320059046654)
-t 0 -c 0.1024 -g 0.00203 -r 1 (84.49152866485639, 0.6203388534057445, 0.30431879621946656)
-t 0 -c 0.4096 -g 0.00203 -r 1 (84.40356446246223, 0.6238574215015107, 0.3050749047338208)
-t 0 -c 1.6384 -g 0.00203 -r 1 (84.41886258461774, 0.6232454966152905, 0.30651167623471887)
-t 0 -c 6.5536 -g 0.00203 -r 1 (84.43416070677324, 0.6226335717290703, 0.3076099806968966)
-t 0 -c 26.2144 -g 0.00203 -r 1 (84.45328335946762, 0.621868665621295, 0.3083758602491602)
-t 0 -c 104.8576 -g 0.00203 -r 1 (84.47623054270089, 0.6209507782919647, 0.30963714705527545)
-t 0 -c 419.4304 -g 0.00203 -r 1 (84.43033617623436, 0.6227865529506253, 0.30834185175540113)
-t 0 -c 1677.7216 -g 0.00203 -r 1 (84.41886258461774, 0.6232454966152905, 0.3079526233990256)
-t 0 -c 0.0001 -g 0.00407 -r 1 (76.01254446016752, 0.9594982215932994, nan)
-t 0 -c 0.0004 -g 0.00407 -r 1 (76.01254446016752, 0.9594982215932994, nan)
-t 0 -c 0.0016 -g 0.00407 -r 1 (80.14303744215398, 0.794278502313841, 0.1295187264078399)
-t 0 -c 0.0064 -g 0.00407 -r 1 (83.89872643133056, 0.6440509427467779, 0.2691893737805844)
-t 0 -c 0.0256 -g 0.00407 -r 1 (84.40356446246223, 0.6238574215015107, 0.29545320059046654)
-t 0 -c 0.1024 -g 0.00407 -r 1 (84.49152866485639, 0.6203388534057445, 0.30431879621946656)
-t 0 -c 0.4096 -g 0.00407 -r 1 (84.40356446246223, 0.6238574215015107, 0.3050749047338208)
-t 0 -c 1.6384 -g 0.00407 -r 1 (84.41886258461774, 0.6232454966152905, 0.30651167623471887)
-t 0 -c 6.5536 -g 0.00407 -r 1 (84.43416070677324, 0.6226335717290703, 0.3076099806968966)
-t 0 -c 26.2144 -g 0.00407 -r 1 (84.45328335946762, 0.621868665621295, 0.3083758602491602)
-t 0 -c 104.8576 -g 0.00407 -r 1 (84.47623054270089, 0.6209507782919647, 0.30963714705527545)
-t 0 -c 419.4304 -g 0.00407 -r 1 (84.43033617623436, 0.6227865529506253, 0.30834185175540113)
-t 0 -c 1677.7216 -g 0.00407 -r 1 (84.41886258461774, 0.6232454966152905, 0.3079526233990256)
-t 0 -c 0.0001 -g 0.00813 -r 1 (76.01254446016752, 0.9594982215932994, nan)
-t 0 -c 0.0004 -g 0.00813 -r 1 (76.01254446016752, 0.9594982215932994, nan)
-t 0 -c 0.0016 -g 0.00813 -r 1 (80.14303744215398, 0.794278502313841, 0.1295187264078399)
-t 0 -c 0.0064 -g 0.00813 -r 1 (83.89872643133056, 0.6440509427467779, 0.2691893737805844)
-t 0 -c 0.0256 -g 0.00813 -r 1 (84.40356446246223, 0.6238574215015107, 0.29545320059046654)
-t 0 -c 0.1024 -g 0.00813 -r 1 (84.49152866485639, 0.6203388534057445, 0.30431879621946656)
-t 0 -c 0.4096 -g 0.00813 -r 1 (84.40356446246223, 0.6238574215015107, 0.3050749047338208)
-t 0 -c 1.6384 -g 0.00813 -r 1 (84.41886258461774, 0.6232454966152905, 0.30651167623471887)
-t 0 -c 6.5536 -g 0.00813 -r 1 (84.43416070677324, 0.6226335717290703, 0.3076099806968966)
-t 0 -c 26.2144 -g 0.00813 -r 1 (84.45328335946762, 0.621868665621295, 0.3083758602491602)
-t 0 -c 104.8576 -g 0.00813 -r 1 (84.47623054270089, 0.6209507782919647, 0.30963714705527545)
-t 0 -c 419.4304 -g 0.00813 -r 1 (84.43033617623436, 0.6227865529506253, 0.30834185175540113)
-t 0 -c 1677.7216 -g 0.00813 -r 1 (84.41886258461774, 0.6232454966152905, 0.3079526233990256)
-t 0 -c 0.0001 -g 0.01626 -r 1 (76.01254446016752, 0.9594982215932994, nan)
-t 0 -c 0.0004 -g 0.01626 -r 1 (76.01254446016752, 0.9594982215932994, nan)
-t 0 -c 0.0016 -g 0.01626 -r 1 (80.14303744215398, 0.794278502313841, 0.1295187264078399)
-t 0 -c 0.0064 -g 0.01626 -r 1 (83.89872643133056, 0.6440509427467779, 0.2691893737805844)
-t 0 -c 0.0256 -g 0.01626 -r 1 (84.40356446246223, 0.6238574215015107, 0.29545320059046654)
-t 0 -c 0.1024 -g 0.01626 -r 1 (84.49152866485639, 0.6203388534057445, 0.30431879621946656)
-t 0 -c 0.4096 -g 0.01626 -r 1 (84.40356446246223, 0.6238574215015107, 0.3050749047338208)
-t 0 -c 1.6384 -g 0.01626 -r 1 (84.41886258461774, 0.6232454966152905, 0.30651167623471887)
-t 0 -c 6.5536 -g 0.01626 -r 1 (84.43416070677324, 0.6226335717290703, 0.3076099806968966)
-t 0 -c 26.2144 -g 0.01626 -r 1 (84.45328335946762, 0.621868665621295, 0.3083758602491602)
-t 0 -c 104.8576 -g 0.01626 -r 1 (84.47623054270089, 0.6209507782919647, 0.30963714705527545)
-t 0 -c 419.4304 -g 0.01626 -r 1 (84.43033617623436, 0.6227865529506253, 0.30834185175540113)
-t 0 -c 1677.7216 -g 0.01626 -r 1 (84.41886258461774, 0.6232454966152905, 0.3079526233990256)
-t 0 -c 0.0001 -g 0.03252 -r 1 (76.01254446016752, 0.9594982215932994, nan)
-t 0 -c 0.0004 -g 0.03252 -r 1 (76.01254446016752, 0.9594982215932994, nan)
-t 0 -c 0.0016 -g 0.03252 -r 1 (80.14303744215398, 0.794278502313841, 0.1295187264078399)
-t 0 -c 0.0064 -g 0.03252 -r 1 (83.89872643133056, 0.6440509427467779, 0.2691893737805844)
-t 0 -c 0.0256 -g 0.03252 -r 1 (84.40356446246223, 0.6238574215015107, 0.29545320059046654)
-t 0 -c 0.1024 -g 0.03252 -r 1 (84.49152866485639, 0.6203388534057445, 0.30431879621946656)
-t 0 -c 0.4096 -g 0.03252 -r 1 (84.40356446246223, 0.6238574215015107, 0.3050749047338208)
-t 0 -c 1.6384 -g 0.03252 -r 1 (84.41886258461774, 0.6232454966152905, 0.30651167623471887)
-t 0 -c 6.5536 -g 0.03252 -r 1 (84.43416070677324, 0.6226335717290703, 0.3076099806968966)
-t 0 -c 26.2144 -g 0.03252 -r 1 (84.45328335946762, 0.621868665621295, 0.3083758602491602)
-t 0 -c 104.8576 -g 0.03252 -r 1 (84.47623054270089, 0.6209507782919647, 0.30963714705527545)
-t 0 -c 419.4304 -g 0.03252 -r 1 (84.43033617623436, 0.6227865529506253, 0.30834185175540113)
-t 0 -c 1677.7216 -g 0.03252 -r 1 (84.41886258461774, 0.6232454966152905, 0.3079526233990256)
-t 0 -c 0.0001 -g 0.06504 -r 1 (76.01254446016752, 0.9594982215932994, nan)
-t 0 -c 0.0004 -g 0.06504 -r 1 (76.01254446016752, 0.9594982215932994, nan)
-t 0 -c 0.0016 -g 0.06504 -r 1 (80.14303744215398, 0.794278502313841, 0.1295187264078399)
-t 0 -c 0.0064 -g 0.06504 -r 1 (83.89872643133056, 0.6440509427467779, 0.2691893737805844)
-t 0 -c 0.0256 -g 0.06504 -r 1 (84.40356446246223, 0.6238574215015107, 0.29545320059046654)
-t 0 -c 0.1024 -g 0.06504 -r 1 (84.49152866485639, 0.6203388534057445, 0.30431879621946656)
-t 0 -c 0.4096 -g 0.06504 -r 1 (84.40356446246223, 0.6238574215015107, 0.3050749047338208)
-t 0 -c 1.6384 -g 0.06504 -r 1 (84.41886258461774, 0.6232454966152905, 0.30651167623471887)
-t 0 -c 6.5536 -g 0.06504 -r 1 (84.43416070677324, 0.6226335717290703, 0.3076099806968966)
-t 0 -c 26.2144 -g 0.06504 -r 1 (84.45328335946762, 0.621868665621295, 0.3083758602491602)
-t 0 -c 104.8576 -g 0.06504 -r 1 (84.47623054270089, 0.6209507782919647, 0.30963714705527545)
-t 0 -c 419.4304 -g 0.06504 -r 1 (84.43033617623436, 0.6227865529506253, 0.30834185175540113)
-t 0 -c 1677.7216 -g 0.06504 -r 1 (84.41886258461774, 0.6232454966152905, 0.3079526233990256)
-t 0 -c 0.0001 -g 0.00102 -r 2 (76.01254446016752, 0.9594982215932994, nan)
-t 0 -c 0.0004 -g 0.00102 -r 2 (76.01254446016752, 0.9594982215932994, nan)
-t 0 -c 0.0016 -g 0.00102 -r 2 (80.14303744215398, 0.794278502313841, 0.1295187264078399)
-t 0 -c 0.0064 -g 0.00102 -r 2 (83.89872643133056, 0.6440509427467779, 0.2691893737805844)
-t 0 -c 0.0256 -g 0.00102 -r 2 (84.40356446246223, 0.6238574215015107, 0.29545320059046654)
-t 0 -c 0.1024 -g 0.00102 -r 2 (84.49152866485639, 0.6203388534057445, 0.30431879621946656)
-t 0 -c 0.4096 -g 0.00102 -r 2 (84.40356446246223, 0.6238574215015107, 0.3050749047338208)
-t 0 -c 1.6384 -g 0.00102 -r 2 (84.41886258461774, 0.6232454966152905, 0.30651167623471887)
-t 0 -c 6.5536 -g 0.00102 -r 2 (84.43416070677324, 0.6226335717290703, 0.3076099806968966)
-t 0 -c 26.2144 -g 0.00102 -r 2 (84.45328335946762, 0.621868665621295, 0.3083758602491602)
-t 0 -c 104.8576 -g 0.00102 -r 2 (84.47623054270089, 0.6209507782919647, 0.30963714705527545)
-t 0 -c 419.4304 -g 0.00102 -r 2 (84.43033617623436, 0.6227865529506253, 0.30834185175540113)
-t 0 -c 1677.7216 -g 0.00102 -r 2 (84.41886258461774, 0.6232454966152905, 0.3079526233990256)
-t 0 -c 0.0001 -g 0.00203 -r 2 (76.01254446016752, 0.9594982215932994, nan)
-t 0 -c 0.0004 -g 0.00203 -r 2 (76.01254446016752, 0.9594982215932994, nan)
-t 0 -c 0.0016 -g 0.00203 -r 2 (80.14303744215398, 0.794278502313841, 0.1295187264078399)
-t 0 -c 0.0064 -g 0.00203 -r 2 (83.89872643133056, 0.6440509427467779, 0.2691893737805844)
-t 0 -c 0.0256 -g 0.00203 -r 2 (84.40356446246223, 0.6238574215015107, 0.29545320059046654)
-t 0 -c 0.1024 -g 0.00203 -r 2 (84.49152866485639, 0.6203388534057445, 0.30431879621946656)
-t 0 -c 0.4096 -g 0.00203 -r 2 (84.40356446246223, 0.6238574215015107, 0.3050749047338208)
-t 0 -c 1.6384 -g 0.00203 -r 2 (84.41886258461774, 0.6232454966152905, 0.30651167623471887)
-t 0 -c 6.5536 -g 0.00203 -r 2 (84.43416070677324, 0.6226335717290703, 0.3076099806968966)
-t 0 -c 26.2144 -g 0.00203 -r 2 (84.45328335946762, 0.621868665621295, 0.3083758602491602)
-t 0 -c 104.8576 -g 0.00203 -r 2 (84.47623054270089, 0.6209507782919647, 0.30963714705527545)
-t 0 -c 419.4304 -g 0.00203 -r 2 (84.43033617623436, 0.6227865529506253, 0.30834185175540113)
-t 0 -c 1677.7216 -g 0.00203 -r 2 (84.41886258461774, 0.6232454966152905, 0.3079526233990256)
-t 0 -c 0.0001 -g 0.00407 -r 2 (76.01254446016752, 0.9594982215932994, nan)
-t 0 -c 0.0004 -g 0.00407 -r 2 (76.01254446016752, 0.9594982215932994, nan)
-t 0 -c 0.0016 -g 0.00407 -r 2 (80.14303744215398, 0.794278502313841, 0.1295187264078399)
-t 0 -c 0.0064 -g 0.00407 -r 2 (83.89872643133056, 0.6440509427467779, 0.2691893737805844)
-t 0 -c 0.0256 -g 0.00407 -r 2 (84.40356446246223, 0.6238574215015107, 0.29545320059046654)
-t 0 -c 0.1024 -g 0.00407 -r 2 (84.49152866485639, 0.6203388534057445, 0.30431879621946656)
-t 0 -c 0.4096 -g 0.00407 -r 2 (84.40356446246223, 0.6238574215015107, 0.3050749047338208)
-t 0 -c 1.6384 -g 0.00407 -r 2 (84.41886258461774, 0.6232454966152905, 0.30651167623471887)
-t 0 -c 6.5536 -g 0.00407 -r 2 (84.43416070677324, 0.6226335717290703, 0.3076099806968966)
-t 0 -c 26.2144 -g 0.00407 -r 2 (84.45328335946762, 0.621868665621295, 0.3083758602491602)
-t 0 -c 104.8576 -g 0.00407 -r 2 (84.47623054270089, 0.6209507782919647, 0.30963714705527545)
-t 0 -c 419.4304 -g 0.00407 -r 2 (84.43033617623436, 0.6227865529506253, 0.30834185175540113)
-t 0 -c 1677.7216 -g 0.00407 -r 2 (84.41886258461774, 0.6232454966152905, 0.3079526233990256)
-t 0 -c 0.0001 -g 0.00813 -r 2 (76.01254446016752, 0.9594982215932994, nan)
-t 0 -c 0.0004 -g 0.00813 -r 2 (76.01254446016752, 0.9594982215932994, nan)
-t 0 -c 0.0016 -g 0.00813 -r 2 (80.14303744215398, 0.794278502313841, 0.1295187264078399)
-t 0 -c 0.0064 -g 0.00813 -r 2 (83.89872643133056, 0.6440509427467779, 0.2691893737805844)
-t 0 -c 0.0256 -g 0.00813 -r 2 (84.40356446246223, 0.6238574215015107, 0.29545320059046654)
-t 0 -c 0.1024 -g 0.00813 -r 2 (84.49152866485639, 0.6203388534057445, 0.30431879621946656)
-t 0 -c 0.4096 -g 0.00813 -r 2 (84.40356446246223, 0.6238574215015107, 0.3050749047338208)
-t 0 -c 1.6384 -g 0.00813 -r 2 (84.41886258461774, 0.6232454966152905, 0.30651167623471887)
-t 0 -c 6.5536 -g 0.00813 -r 2 (84.43416070677324, 0.6226335717290703, 0.3076099806968966)
-t 0 -c 26.2144 -g 0.00813 -r 2 (84.45328335946762, 0.621868665621295, 0.3083758602491602)
-t 0 -c 104.8576 -g 0.00813 -r 2 (84.47623054270089, 0.6209507782919647, 0.30963714705527545)
-t 0 -c 419.4304 -g 0.00813 -r 2 (84.43033617623436, 0.6227865529506253, 0.30834185175540113)
-t 0 -c 1677.7216 -g 0.00813 -r 2 (84.41886258461774, 0.6232454966152905, 0.3079526233990256)
-t 0 -c 0.0001 -g 0.01626 -r 2 (76.01254446016752, 0.9594982215932994, nan)
-t 0 -c 0.0004 -g 0.01626 -r 2 (76.01254446016752, 0.9594982215932994, nan)
-t 0 -c 0.0016 -g 0.01626 -r 2 (80.14303744215398, 0.794278502313841, 0.1295187264078399)
-t 0 -c 0.0064 -g 0.01626 -r 2 (83.89872643133056, 0.6440509427467779, 0.2691893737805844)
-t 0 -c 0.0256 -g 0.01626 -r 2 (84.40356446246223, 0.6238574215015107, 0.29545320059046654)
-t 0 -c 0.1024 -g 0.01626 -r 2 (84.49152866485639, 0.6203388534057445, 0.30431879621946656)
-t 0 -c 0.4096 -g 0.01626 -r 2 (84.40356446246223, 0.6238574215015107, 0.3050749047338208)
-t 0 -c 1.6384 -g 0.01626 -r 2 (84.41886258461774, 0.6232454966152905, 0.30651167623471887)
-t 0 -c 6.5536 -g 0.01626 -r 2 (84.43416070677324, 0.6226335717290703, 0.3076099806968966)
-t 0 -c 26.2144 -g 0.01626 -r 2 (84.45328335946762, 0.621868665621295, 0.3083758602491602)
-t 0 -c 104.8576 -g 0.01626 -r 2 (84.47623054270089, 0.6209507782919647, 0.30963714705527545)
-t 0 -c 419.4304 -g 0.01626 -r 2 (84.43033617623436, 0.6227865529506253, 0.30834185175540113)
-t 0 -c 1677.7216 -g 0.01626 -r 2 (84.41886258461774, 0.6232454966152905, 0.3079526233990256)
-t 0 -c 0.0001 -g 0.03252 -r 2 (76.01254446016752, 0.9594982215932994, nan)
-t 0 -c 0.0004 -g 0.03252 -r 2 (76.01254446016752, 0.9594982215932994, nan)
-t 0 -c 0.0016 -g 0.03252 -r 2 (80.14303744215398, 0.794278502313841, 0.1295187264078399)
-t 0 -c 0.0064 -g 0.03252 -r 2 (83.89872643133056, 0.6440509427467779, 0.2691893737805844)
-t 0 -c 0.0256 -g 0.03252 -r 2 (84.40356446246223, 0.6238574215015107, 0.29545320059046654)
-t 0 -c 0.1024 -g 0.03252 -r 2 (84.49152866485639, 0.6203388534057445, 0.30431879621946656)
-t 0 -c 0.4096 -g 0.03252 -r 2 (84.40356446246223, 0.6238574215015107, 0.3050749047338208)
-t 0 -c 1.6384 -g 0.03252 -r 2 (84.41886258461774, 0.6232454966152905, 0.30651167623471887)
-t 0 -c 6.5536 -g 0.03252 -r 2 (84.43416070677324, 0.6226335717290703, 0.3076099806968966)
-t 0 -c 26.2144 -g 0.03252 -r 2 (84.45328335946762, 0.621868665621295, 0.3083758602491602)
-t 0 -c 104.8576 -g 0.03252 -r 2 (84.47623054270089, 0.6209507782919647, 0.30963714705527545)
-t 0 -c 419.4304 -g 0.03252 -r 2 (84.43033617623436, 0.6227865529506253, 0.30834185175540113)
-t 0 -c 1677.7216 -g 0.03252 -r 2 (84.41886258461774, 0.6232454966152905, 0.3079526233990256)
-t 0 -c 0.0001 -g 0.06504 -r 2 (76.01254446016752, 0.9594982215932994, nan)
-t 0 -c 0.0004 -g 0.06504 -r 2 (76.01254446016752, 0.9594982215932994, nan)
-t 0 -c 0.0016 -g 0.06504 -r 2 (80.14303744215398, 0.794278502313841, 0.1295187264078399)
-t 0 -c 0.0064 -g 0.06504 -r 2 (83.89872643133056, 0.6440509427467779, 0.2691893737805844)
-t 0 -c 0.0256 -g 0.06504 -r 2 (84.40356446246223, 0.6238574215015107, 0.29545320059046654)
-t 0 -c 0.1024 -g 0.06504 -r 2 (84.49152866485639, 0.6203388534057445, 0.30431879621946656)
-t 0 -c 0.4096 -g 0.06504 -r 2 (84.40356446246223, 0.6238574215015107, 0.3050749047338208)
-t 0 -c 1.6384 -g 0.06504 -r 2 (84.41886258461774, 0.6232454966152905, 0.30651167623471887)
-t 0 -c 6.5536 -g 0.06504 -r 2 (84.43416070677324, 0.6226335717290703, 0.3076099806968966)
-t 0 -c 26.2144 -g 0.06504 -r 2 (84.45328335946762, 0.621868665621295, 0.3083758602491602)
-t 0 -c 104.8576 -g 0.06504 -r 2 (84.47623054270089, 0.6209507782919647, 0.30963714705527545)
-t 0 -c 419.4304 -g 0.06504 -r 2 (84.43033617623436, 0.6227865529506253, 0.30834185175540113)
-t 0 -c 1677.7216 -g 0.06504 -r 2 (84.41886258461774, 0.6232454966152905, 0.3079526233990256)
