0.0001 constant (100, 20) identity lbfgs 1e-05
             precision    recall  f1-score   support

       -1.0       0.88      0.93      0.90     24720
        1.0       0.72      0.60      0.66      7841

avg / total       0.84      0.85      0.84     32561

0.0001 constant (200, 50) identity lbfgs 1e-05
             precision    recall  f1-score   support

       -1.0       0.88      0.93      0.90     24720
        1.0       0.72      0.61      0.66      7841

avg / total       0.84      0.85      0.84     32561

0.0001 constant (200, 20) identity lbfgs 1e-05
             precision    recall  f1-score   support

       -1.0       0.88      0.93      0.90     24720
        1.0       0.72      0.60      0.66      7841

avg / total       0.84      0.85      0.84     32561

0.0001 constant (200, 300, 100) identity lbfgs 1e-05
             precision    recall  f1-score   support

       -1.0       0.88      0.93      0.90     24720
        1.0       0.72      0.60      0.66      7841

avg / total       0.84      0.85      0.84     32561

0.0001 constant (200, 400, 100) identity lbfgs 1e-05
             precision    recall  f1-score   support

       -1.0       0.88      0.93      0.90     24720
        1.0       0.72      0.61      0.66      7841

avg / total       0.84      0.85      0.84     32561

0.0001 constant (400, 100, 40) identity lbfgs 1e-05
             precision    recall  f1-score   support

       -1.0       0.88      0.93      0.90     24720
        1.0       0.72      0.61      0.66      7841

avg / total       0.84      0.85      0.84     32561

0.0001 constant (400, 200, 100) identity lbfgs 1e-05
             precision    recall  f1-score   support

       -1.0       0.88      0.93      0.90     24720
        1.0       0.72      0.61      0.66      7841

avg / total       0.84      0.85      0.84     32561

0.0001 constant (400, 200, 100, 30) identity lbfgs 1e-05
             precision    recall  f1-score   support

       -1.0       0.88      0.93      0.90     24720
        1.0       0.72      0.60      0.66      7841

avg / total       0.84      0.85      0.84     32561

0.0001 constant (200, 400, 100, 30) identity lbfgs 1e-05
             precision    recall  f1-score   support

       -1.0       0.88      0.93      0.90     24720
        1.0       0.72      0.61      0.66      7841

avg / total       0.84      0.85      0.84     32561

0.0001 constant (100, 20) identity lbfgs 0.0001
             precision    recall  f1-score   support

       -1.0       0.88      0.93      0.90     24720
        1.0       0.72      0.60      0.66      7841

avg / total       0.84      0.85      0.84     32561

0.0001 constant (200, 50) identity lbfgs 0.0001
             precision    recall  f1-score   support

       -1.0       0.88      0.93      0.90     24720
        1.0       0.72      0.61      0.66      7841

avg / total       0.84      0.85      0.84     32561

0.0001 constant (200, 20) identity lbfgs 0.0001
             precision    recall  f1-score   support

       -1.0       0.88      0.93      0.90     24720
        1.0       0.72      0.60      0.66      7841

avg / total       0.84      0.85      0.84     32561

0.0001 constant (200, 300, 100) identity lbfgs 0.0001
             precision    recall  f1-score   support

       -1.0       0.88      0.93      0.90     24720
        1.0       0.72      0.60      0.66      7841

avg / total       0.84      0.85      0.84     32561

0.0001 constant (200, 400, 100) identity lbfgs 0.0001
             precision    recall  f1-score   support

       -1.0       0.88      0.93      0.90     24720
        1.0       0.72      0.61      0.66      7841

avg / total       0.84      0.85      0.84     32561

0.0001 constant (400, 100, 40) identity lbfgs 0.0001
             precision    recall  f1-score   support

       -1.0       0.88      0.93      0.90     24720
        1.0       0.72      0.61      0.66      7841

avg / total       0.84      0.85      0.84     32561

0.0001 constant (400, 200, 100) identity lbfgs 0.0001
             precision    recall  f1-score   support

       -1.0       0.88      0.93      0.90     24720
        1.0       0.72      0.60      0.66      7841

avg / total       0.84      0.85      0.84     32561

0.0001 constant (400, 200, 100, 30) identity lbfgs 0.0001
             precision    recall  f1-score   support

       -1.0       0.88      0.93      0.90     24720
        1.0       0.72      0.61      0.66      7841

avg / total       0.84      0.85      0.84     32561

0.0001 constant (200, 400, 100, 30) identity lbfgs 0.0001
             precision    recall  f1-score   support

       -1.0       0.88      0.93      0.90     24720
        1.0       0.72      0.60      0.66      7841

avg / total       0.84      0.85      0.84     32561

0.0001 constant (100, 20) identity lbfgs 0.001
             precision    recall  f1-score   support

       -1.0       0.88      0.93      0.90     24720
        1.0       0.72      0.60      0.66      7841

avg / total       0.84      0.85      0.84     32561

0.0001 constant (200, 50) identity lbfgs 0.001
             precision    recall  f1-score   support

       -1.0       0.88      0.93      0.90     24720
        1.0       0.72      0.60      0.66      7841

avg / total       0.84      0.85      0.84     32561

0.0001 constant (200, 20) identity lbfgs 0.001
             precision    recall  f1-score   support

       -1.0       0.88      0.93      0.90     24720
        1.0       0.72      0.61      0.66      7841

avg / total       0.84      0.85      0.84     32561

0.0001 constant (200, 300, 100) identity lbfgs 0.001
             precision    recall  f1-score   support

       -1.0       0.88      0.93      0.90     24720
        1.0       0.72      0.60      0.66      7841

avg / total       0.84      0.85      0.84     32561

0.0001 constant (200, 400, 100) identity lbfgs 0.001
             precision    recall  f1-score   support

       -1.0       0.88      0.93      0.90     24720
        1.0       0.72      0.61      0.66      7841

avg / total       0.84      0.85      0.84     32561

0.0001 constant (400, 100, 40) identity lbfgs 0.001
             precision    recall  f1-score   support

       -1.0       0.88      0.93      0.90     24720
        1.0       0.73      0.60      0.66      7841

avg / total       0.84      0.85      0.84     32561

0.0001 constant (400, 200, 100) identity lbfgs 0.001
             precision    recall  f1-score   support

       -1.0       0.88      0.93      0.90     24720
        1.0       0.72      0.60      0.66      7841

avg / total       0.84      0.85      0.84     32561

0.0001 constant (400, 200, 100, 30) identity lbfgs 0.001
             precision    recall  f1-score   support

       -1.0       0.88      0.93      0.90     24720
        1.0       0.72      0.60      0.66      7841

avg / total       0.84      0.85      0.84     32561

0.0001 constant (200, 400, 100, 30) identity lbfgs 0.001
             precision    recall  f1-score   support

       -1.0       0.88      0.93      0.90     24720
        1.0       0.72      0.61      0.66      7841

avg / total       0.84      0.85      0.84     32561

0.0001 constant (100, 20) identity lbfgs 0.01
             precision    recall  f1-score   support

       -1.0       0.88      0.93      0.90     24720
        1.0       0.72      0.60      0.66      7841

avg / total       0.84      0.85      0.84     32561

0.0001 constant (200, 50) identity lbfgs 0.01
             precision    recall  f1-score   support

       -1.0       0.88      0.93      0.90     24720
        1.0       0.72      0.60      0.66      7841

avg / total       0.84      0.85      0.84     32561

0.0001 constant (200, 20) identity lbfgs 0.01
             precision    recall  f1-score   support

       -1.0       0.88      0.93      0.90     24720
        1.0       0.72      0.61      0.66      7841

avg / total       0.84      0.85      0.84     32561

0.0001 constant (200, 300, 100) identity lbfgs 0.01
             precision    recall  f1-score   support

       -1.0       0.88      0.93      0.90     24720
        1.0       0.72      0.60      0.66      7841

avg / total       0.84      0.85      0.84     32561

0.0001 constant (200, 400, 100) identity lbfgs 0.01
             precision    recall  f1-score   support

       -1.0       0.88      0.93      0.90     24720
        1.0       0.72      0.60      0.66      7841

avg / total       0.84      0.85      0.84     32561

0.0001 constant (400, 100, 40) identity lbfgs 0.01
             precision    recall  f1-score   support

       -1.0       0.88      0.93      0.90     24720
        1.0       0.72      0.61      0.66      7841

avg / total       0.84      0.85      0.84     32561

0.0001 constant (400, 200, 100) identity lbfgs 0.01
             precision    recall  f1-score   support

       -1.0       0.88      0.93      0.90     24720
        1.0       0.72      0.60      0.66      7841

avg / total       0.84      0.85      0.84     32561

0.0001 constant (400, 200, 100, 30) identity lbfgs 0.01
             precision    recall  f1-score   support

       -1.0       0.88      0.93      0.90     24720
        1.0       0.72      0.61      0.66      7841

avg / total       0.84      0.85      0.84     32561

0.0001 constant (200, 400, 100, 30) identity lbfgs 0.01
             precision    recall  f1-score   support

       -1.0       0.88      0.93      0.90     24720
        1.0       0.72      0.60      0.66      7841

avg / total       0.84      0.85      0.84     32561

0.0001 constant (100, 20) identity lbfgs 0.1
             precision    recall  f1-score   support

       -1.0       0.88      0.93      0.90     24720
        1.0       0.72      0.60      0.66      7841

avg / total       0.84      0.85      0.84     32561

0.0001 constant (200, 50) identity lbfgs 0.1
             precision    recall  f1-score   support

       -1.0       0.88      0.93      0.90     24720
        1.0       0.72      0.61      0.66      7841

avg / total       0.84      0.85      0.84     32561

0.0001 constant (200, 20) identity lbfgs 0.1
             precision    recall  f1-score   support

       -1.0       0.88      0.93      0.90     24720
        1.0       0.72      0.61      0.66      7841

avg / total       0.84      0.85      0.84     32561

0.0001 constant (200, 300, 100) identity lbfgs 0.1
             precision    recall  f1-score   support

       -1.0       0.88      0.93      0.90     24720
        1.0       0.72      0.61      0.66      7841

avg / total       0.84      0.85      0.84     32561

0.0001 constant (200, 400, 100) identity lbfgs 0.1
             precision    recall  f1-score   support

       -1.0       0.88      0.93      0.90     24720
        1.0       0.72      0.60      0.66      7841

avg / total       0.84      0.85      0.84     32561

0.0001 constant (400, 100, 40) identity lbfgs 0.1
             precision    recall  f1-score   support

       -1.0       0.88      0.93      0.90     24720
        1.0       0.72      0.60      0.66      7841

avg / total       0.84      0.85      0.84     32561

0.0001 constant (400, 200, 100) identity lbfgs 0.1
             precision    recall  f1-score   support

       -1.0       0.88      0.93      0.90     24720
        1.0       0.72      0.60      0.66      7841

avg / total       0.84      0.85      0.84     32561

0.0001 constant (400, 200, 100, 30) identity lbfgs 0.1
             precision    recall  f1-score   support

       -1.0       0.88      0.93      0.90     24720
        1.0       0.72      0.60      0.66      7841

avg / total       0.84      0.85      0.84     32561

0.0001 constant (200, 400, 100, 30) identity lbfgs 0.1
             precision    recall  f1-score   support

       -1.0       0.88      0.93      0.90     24720
        1.0       0.72      0.60      0.66      7841

avg / total       0.84      0.85      0.84     32561

0.0001 constant (100, 20) identity sgd 1e-05
             precision    recall  f1-score   support

       -1.0       0.87      0.93      0.90     24720
        1.0       0.72      0.58      0.64      7841

avg / total       0.84      0.84      0.84     32561

0.0001 constant (200, 50) identity sgd 1e-05
             precision    recall  f1-score   support

       -1.0       0.87      0.93      0.90     24720
        1.0       0.72      0.58      0.64      7841

avg / total       0.84      0.85      0.84     32561

0.0001 constant (200, 20) identity sgd 1e-05
             precision    recall  f1-score   support

       -1.0       0.87      0.93      0.90     24720
        1.0       0.73      0.58      0.64      7841

avg / total       0.84      0.85      0.84     32561

0.0001 constant (200, 300, 100) identity sgd 1e-05
             precision    recall  f1-score   support

       -1.0       0.88      0.93      0.90     24720
        1.0       0.72      0.59      0.65      7841

avg / total       0.84      0.85      0.84     32561

0.0001 constant (200, 400, 100) identity sgd 1e-05
             precision    recall  f1-score   support

       -1.0       0.88      0.93      0.90     24720
        1.0       0.73      0.59      0.65      7841

avg / total       0.84      0.85      0.84     32561

0.0001 constant (400, 100, 40) identity sgd 1e-05
             precision    recall  f1-score   support

       -1.0       0.88      0.93      0.90     24720
        1.0       0.72      0.58      0.64      7841

avg / total       0.84      0.85      0.84     32561

0.0001 constant (400, 200, 100) identity sgd 1e-05
             precision    recall  f1-score   support

       -1.0       0.88      0.93      0.90     24720
        1.0       0.72      0.58      0.64      7841

avg / total       0.84      0.85      0.84     32561

0.0001 constant (400, 200, 100, 30) identity sgd 1e-05
             precision    recall  f1-score   support

       -1.0       0.87      0.93      0.90     24720
        1.0       0.73      0.57      0.64      7841

avg / total       0.84      0.85      0.84     32561

0.0001 constant (200, 400, 100, 30) identity sgd 1e-05
             precision    recall  f1-score   support

       -1.0       0.88      0.93      0.90     24720
        1.0       0.72      0.60      0.65      7841

avg / total       0.84      0.85      0.84     32561

0.0001 constant (100, 20) identity sgd 0.0001
             precision    recall  f1-score   support

       -1.0       0.87      0.93      0.90     24720
        1.0       0.72      0.58      0.64      7841

avg / total       0.84      0.84      0.84     32561

0.0001 constant (200, 50) identity sgd 0.0001
             precision    recall  f1-score   support

       -1.0       0.87      0.93      0.90     24720
        1.0       0.72      0.58      0.64      7841

avg / total       0.84      0.85      0.84     32561

0.0001 constant (200, 20) identity sgd 0.0001
             precision    recall  f1-score   support

       -1.0       0.87      0.93      0.90     24720
        1.0       0.73      0.58      0.64      7841

avg / total       0.84      0.85      0.84     32561

0.0001 constant (200, 300, 100) identity sgd 0.0001
             precision    recall  f1-score   support

       -1.0       0.88      0.93      0.90     24720
        1.0       0.72      0.59      0.65      7841

avg / total       0.84      0.85      0.84     32561

0.0001 constant (200, 400, 100) identity sgd 0.0001
             precision    recall  f1-score   support

       -1.0       0.88      0.93      0.90     24720
        1.0       0.73      0.59      0.65      7841

avg / total       0.84      0.85      0.84     32561

0.0001 constant (400, 100, 40) identity sgd 0.0001
             precision    recall  f1-score   support

       -1.0       0.88      0.93      0.90     24720
        1.0       0.72      0.58      0.64      7841

avg / total       0.84      0.85      0.84     32561

0.0001 constant (400, 200, 100) identity sgd 0.0001
             precision    recall  f1-score   support

       -1.0       0.88      0.93      0.90     24720
        1.0       0.72      0.58      0.64      7841

avg / total       0.84      0.85      0.84     32561

0.0001 constant (400, 200, 100, 30) identity sgd 0.0001
             precision    recall  f1-score   support

       -1.0       0.87      0.93      0.90     24720
        1.0       0.73      0.57      0.64      7841

avg / total       0.84      0.85      0.84     32561

0.0001 constant (200, 400, 100, 30) identity sgd 0.0001
             precision    recall  f1-score   support

       -1.0       0.88      0.93      0.90     24720
        1.0       0.72      0.60      0.65      7841

avg / total       0.84      0.85      0.84     32561

0.0001 constant (100, 20) identity sgd 0.001
             precision    recall  f1-score   support

       -1.0       0.87      0.93      0.90     24720
        1.0       0.72      0.58      0.64      7841

avg / total       0.84      0.84      0.84     32561

0.0001 constant (200, 50) identity sgd 0.001
             precision    recall  f1-score   support

       -1.0       0.87      0.93      0.90     24720
        1.0       0.72      0.58      0.64      7841

avg / total       0.84      0.85      0.84     32561

0.0001 constant (200, 20) identity sgd 0.001
             precision    recall  f1-score   support

       -1.0       0.87      0.93      0.90     24720
        1.0       0.73      0.58      0.64      7841

avg / total       0.84      0.85      0.84     32561

0.0001 constant (200, 300, 100) identity sgd 0.001
             precision    recall  f1-score   support

       -1.0       0.88      0.93      0.90     24720
        1.0       0.72      0.59      0.65      7841

avg / total       0.84      0.85      0.84     32561

0.0001 constant (200, 400, 100) identity sgd 0.001
             precision    recall  f1-score   support

       -1.0       0.88      0.93      0.90     24720
        1.0       0.73      0.59      0.65      7841

avg / total       0.84      0.85      0.84     32561

0.0001 constant (400, 100, 40) identity sgd 0.001
             precision    recall  f1-score   support

       -1.0       0.88      0.93      0.90     24720
        1.0       0.72      0.58      0.64      7841

avg / total       0.84      0.85      0.84     32561

0.0001 constant (400, 200, 100) identity sgd 0.001
             precision    recall  f1-score   support

       -1.0       0.88      0.93      0.90     24720
        1.0       0.72      0.58      0.64      7841

avg / total       0.84      0.85      0.84     32561

0.0001 constant (400, 200, 100, 30) identity sgd 0.001
             precision    recall  f1-score   support

       -1.0       0.87      0.93      0.90     24720
        1.0       0.73      0.57      0.64      7841

avg / total       0.84      0.85      0.84     32561

0.0001 constant (200, 400, 100, 30) identity sgd 0.001
             precision    recall  f1-score   support

       -1.0       0.88      0.93      0.90     24720
        1.0       0.72      0.60      0.65      7841

avg / total       0.84      0.85      0.84     32561

0.0001 constant (100, 20) identity sgd 0.01
             precision    recall  f1-score   support

       -1.0       0.87      0.93      0.90     24720
        1.0       0.72      0.58      0.64      7841

avg / total       0.84      0.84      0.84     32561

0.0001 constant (200, 50) identity sgd 0.01
             precision    recall  f1-score   support

       -1.0       0.87      0.93      0.90     24720
        1.0       0.72      0.58      0.64      7841

avg / total       0.84      0.85      0.84     32561

0.0001 constant (200, 20) identity sgd 0.01
             precision    recall  f1-score   support

       -1.0       0.87      0.93      0.90     24720
        1.0       0.73      0.58      0.64      7841

avg / total       0.84      0.85      0.84     32561

0.0001 constant (200, 300, 100) identity sgd 0.01
             precision    recall  f1-score   support

       -1.0       0.88      0.93      0.90     24720
        1.0       0.72      0.59      0.65      7841

avg / total       0.84      0.85      0.84     32561

0.0001 constant (200, 400, 100) identity sgd 0.01
             precision    recall  f1-score   support

       -1.0       0.88      0.93      0.90     24720
        1.0       0.73      0.59      0.65      7841

avg / total       0.84      0.85      0.84     32561

0.0001 constant (400, 100, 40) identity sgd 0.01
             precision    recall  f1-score   support

       -1.0       0.88      0.93      0.90     24720
        1.0       0.72      0.58      0.64      7841

avg / total       0.84      0.85      0.84     32561

0.0001 constant (400, 200, 100) identity sgd 0.01
             precision    recall  f1-score   support

       -1.0       0.88      0.93      0.90     24720
        1.0       0.72      0.58      0.64      7841

avg / total       0.84      0.85      0.84     32561

0.0001 constant (400, 200, 100, 30) identity sgd 0.01
             precision    recall  f1-score   support

       -1.0       0.87      0.93      0.90     24720
        1.0       0.73      0.57      0.64      7841

avg / total       0.84      0.85      0.84     32561

0.0001 constant (200, 400, 100, 30) identity sgd 0.01
             precision    recall  f1-score   support

       -1.0       0.88      0.93      0.90     24720
        1.0       0.72      0.60      0.65      7841

avg / total       0.84      0.85      0.84     32561

0.0001 constant (100, 20) identity sgd 0.1
             precision    recall  f1-score   support

       -1.0       0.87      0.93      0.90     24720
        1.0       0.72      0.58      0.64      7841

avg / total       0.84      0.84      0.84     32561

0.0001 constant (200, 50) identity sgd 0.1
             precision    recall  f1-score   support

       -1.0       0.87      0.93      0.90     24720
        1.0       0.72      0.58      0.64      7841

avg / total       0.84      0.85      0.84     32561

0.0001 constant (200, 20) identity sgd 0.1
             precision    recall  f1-score   support

       -1.0       0.87      0.93      0.90     24720
        1.0       0.73      0.58      0.64      7841

avg / total       0.84      0.85      0.84     32561

0.0001 constant (200, 300, 100) identity sgd 0.1
             precision    recall  f1-score   support

       -1.0       0.88      0.93      0.90     24720
        1.0       0.72      0.59      0.65      7841

avg / total       0.84      0.85      0.84     32561

0.0001 constant (200, 400, 100) identity sgd 0.1
             precision    recall  f1-score   support

       -1.0       0.88      0.93      0.90     24720
        1.0       0.73      0.59      0.65      7841

avg / total       0.84      0.85      0.84     32561

0.0001 constant (400, 100, 40) identity sgd 0.1
             precision    recall  f1-score   support

       -1.0       0.88      0.93      0.90     24720
        1.0       0.72      0.58      0.65      7841

avg / total       0.84      0.85      0.84     32561

0.0001 constant (400, 200, 100) identity sgd 0.1
             precision    recall  f1-score   support

       -1.0       0.88      0.93      0.90     24720
        1.0       0.72      0.58      0.65      7841

avg / total       0.84      0.85      0.84     32561

0.0001 constant (400, 200, 100, 30) identity sgd 0.1
             precision    recall  f1-score   support

       -1.0       0.88      0.93      0.90     24720
        1.0       0.72      0.60      0.65      7841

avg / total       0.84      0.85      0.84     32561

0.0001 constant (200, 400, 100, 30) identity sgd 0.1
             precision    recall  f1-score   support

       -1.0       0.88      0.93      0.90     24720
        1.0       0.73      0.59      0.65      7841

avg / total       0.84      0.85      0.84     32561

0.0001 constant (100, 20) identity adam 1e-05
             precision    recall  f1-score   support

       -1.0       0.88      0.93      0.90     24720
        1.0       0.72      0.61      0.66      7841

avg / total       0.84      0.85      0.84     32561

0.0001 constant (200, 50) identity adam 1e-05
             precision    recall  f1-score   support

       -1.0       0.87      0.94      0.90     24720
        1.0       0.74      0.56      0.64      7841

avg / total       0.84      0.85      0.84     32561

0.0001 constant (200, 20) identity adam 1e-05
             precision    recall  f1-score   support

       -1.0       0.88      0.93      0.90     24720
        1.0       0.73      0.59      0.65      7841

avg / total       0.84      0.85      0.84     32561

0.0001 constant (200, 300, 100) identity adam 1e-05
             precision    recall  f1-score   support

       -1.0       0.89      0.92      0.90     24720
        1.0       0.71      0.63      0.67      7841

avg / total       0.84      0.85      0.85     32561

0.0001 constant (200, 400, 100) identity adam 1e-05
             precision    recall  f1-score   support

       -1.0       0.88      0.93      0.90     24720
        1.0       0.73      0.60      0.66      7841

avg / total       0.84      0.85      0.84     32561

0.0001 constant (400, 100, 40) identity adam 1e-05
             precision    recall  f1-score   support

       -1.0       0.87      0.93      0.90     24720
        1.0       0.74      0.58      0.65      7841

avg / total       0.84      0.85      0.84     32561

0.0001 constant (400, 200, 100) identity adam 1e-05
             precision    recall  f1-score   support

       -1.0       0.87      0.94      0.90     24720
        1.0       0.74      0.57      0.64      7841

avg / total       0.84      0.85      0.84     32561

0.0001 constant (400, 200, 100, 30) identity adam 1e-05
             precision    recall  f1-score   support

       -1.0       0.87      0.93      0.90     24720
        1.0       0.74      0.57      0.65      7841

avg / total       0.84      0.85      0.84     32561

0.0001 constant (200, 400, 100, 30) identity adam 1e-05
             precision    recall  f1-score   support

       -1.0       0.87      0.93      0.90     24720
        1.0       0.74      0.58      0.65      7841

avg / total       0.84      0.85      0.84     32561

0.0001 constant (100, 20) identity adam 0.0001
             precision    recall  f1-score   support

       -1.0       0.88      0.93      0.90     24720
        1.0       0.72      0.61      0.66      7841

avg / total       0.84      0.85      0.84     32561

0.0001 constant (200, 50) identity adam 0.0001
             precision    recall  f1-score   support

       -1.0       0.87      0.94      0.90     24720
        1.0       0.74      0.56      0.64      7841

avg / total       0.84      0.85      0.84     32561

0.0001 constant (200, 20) identity adam 0.0001
             precision    recall  f1-score   support

       -1.0       0.88      0.93      0.90     24720
        1.0       0.73      0.59      0.65      7841

avg / total       0.84      0.85      0.84     32561

0.0001 constant (200, 300, 100) identity adam 0.0001
             precision    recall  f1-score   support

       -1.0       0.89      0.92      0.90     24720
        1.0       0.71      0.63      0.67      7841

avg / total       0.84      0.85      0.85     32561

0.0001 constant (200, 400, 100) identity adam 0.0001
             precision    recall  f1-score   support

       -1.0       0.88      0.93      0.90     24720
        1.0       0.73      0.60      0.66      7841

avg / total       0.84      0.85      0.84     32561

0.0001 constant (400, 100, 40) identity adam 0.0001
             precision    recall  f1-score   support

       -1.0       0.87      0.93      0.90     24720
        1.0       0.74      0.58      0.65      7841

avg / total       0.84      0.85      0.84     32561

0.0001 constant (400, 200, 100) identity adam 0.0001
             precision    recall  f1-score   support

       -1.0       0.87      0.94      0.90     24720
        1.0       0.74      0.57      0.64      7841

avg / total       0.84      0.85      0.84     32561

0.0001 constant (400, 200, 100, 30) identity adam 0.0001
             precision    recall  f1-score   support

       -1.0       0.87      0.93      0.90     24720
        1.0       0.74      0.57      0.65      7841

avg / total       0.84      0.85      0.84     32561

0.0001 constant (200, 400, 100, 30) identity adam 0.0001
             precision    recall  f1-score   support

       -1.0       0.87      0.93      0.90     24720
        1.0       0.74      0.58      0.65      7841

avg / total       0.84      0.85      0.84     32561

0.0001 constant (100, 20) identity adam 0.001
             precision    recall  f1-score   support

       -1.0       0.88      0.93      0.90     24720
        1.0       0.72      0.61      0.66      7841

avg / total       0.84      0.85      0.84     32561

0.0001 constant (200, 50) identity adam 0.001
             precision    recall  f1-score   support

       -1.0       0.87      0.94      0.90     24720
        1.0       0.74      0.56      0.64      7841

avg / total       0.84      0.85      0.84     32561

0.0001 constant (200, 20) identity adam 0.001
             precision    recall  f1-score   support

       -1.0       0.88      0.93      0.90     24720
        1.0       0.73      0.59      0.65      7841

avg / total       0.84      0.85      0.84     32561

0.0001 constant (200, 300, 100) identity adam 0.001
             precision    recall  f1-score   support

       -1.0       0.89      0.92      0.90     24720
        1.0       0.71      0.63      0.67      7841

avg / total       0.84      0.85      0.85     32561

0.0001 constant (200, 400, 100) identity adam 0.001
             precision    recall  f1-score   support

       -1.0       0.88      0.93      0.90     24720
        1.0       0.73      0.60      0.66      7841

avg / total       0.84      0.85      0.84     32561

0.0001 constant (400, 100, 40) identity adam 0.001
             precision    recall  f1-score   support

       -1.0       0.87      0.93      0.90     24720
        1.0       0.74      0.58      0.65      7841

avg / total       0.84      0.85      0.84     32561

0.0001 constant (400, 200, 100) identity adam 0.001
             precision    recall  f1-score   support

       -1.0       0.87      0.94      0.90     24720
        1.0       0.74      0.57      0.64      7841

avg / total       0.84      0.85      0.84     32561

0.0001 constant (400, 200, 100, 30) identity adam 0.001
             precision    recall  f1-score   support

       -1.0       0.87      0.93      0.90     24720
        1.0       0.74      0.57      0.65      7841

avg / total       0.84      0.85      0.84     32561

0.0001 constant (200, 400, 100, 30) identity adam 0.001
             precision    recall  f1-score   support

       -1.0       0.87      0.93      0.90     24720
        1.0       0.74      0.58      0.65      7841

avg / total       0.84      0.85      0.84     32561

0.0001 constant (100, 20) identity adam 0.01
             precision    recall  f1-score   support

       -1.0       0.88      0.93      0.90     24720
        1.0       0.72      0.61      0.66      7841

avg / total       0.84      0.85      0.84     32561

0.0001 constant (200, 50) identity adam 0.01
             precision    recall  f1-score   support

       -1.0       0.87      0.94      0.90     24720
        1.0       0.74      0.56      0.64      7841

avg / total       0.84      0.85      0.84     32561

0.0001 constant (200, 20) identity adam 0.01
             precision    recall  f1-score   support

       -1.0       0.88      0.92      0.90     24720
        1.0       0.72      0.61      0.66      7841

avg / total       0.84      0.85      0.85     32561

0.0001 constant (200, 300, 100) identity adam 0.01
             precision    recall  f1-score   support

       -1.0       0.89      0.92      0.90     24720
        1.0       0.71      0.63      0.67      7841

avg / total       0.84      0.85      0.85     32561

0.0001 constant (200, 400, 100) identity adam 0.01
             precision    recall  f1-score   support

       -1.0       0.89      0.92      0.90     24720
        1.0       0.71      0.63      0.67      7841

avg / total       0.84      0.85      0.85     32561

0.0001 constant (400, 100, 40) identity adam 0.01
             precision    recall  f1-score   support

       -1.0       0.88      0.92      0.90     24720
        1.0       0.72      0.62      0.66      7841

avg / total       0.84      0.85      0.85     32561

0.0001 constant (400, 200, 100) identity adam 0.01
             precision    recall  f1-score   support

       -1.0       0.87      0.94      0.90     24720
        1.0       0.74      0.57      0.64      7841

avg / total       0.84      0.85      0.84     32561

0.0001 constant (400, 200, 100, 30) identity adam 0.01
             precision    recall  f1-score   support

       -1.0       0.88      0.93      0.90     24720
        1.0       0.73      0.60      0.66      7841

avg / total       0.84      0.85      0.84     32561

0.0001 constant (200, 400, 100, 30) identity adam 0.01
             precision    recall  f1-score   support

       -1.0       0.88      0.92      0.90     24720
        1.0       0.72      0.61      0.66      7841

avg / total       0.84      0.85      0.84     32561

0.0001 constant (100, 20) identity adam 0.1
             precision    recall  f1-score   support

       -1.0       0.88      0.93      0.90     24720
        1.0       0.73      0.59      0.65      7841

avg / total       0.84      0.85      0.84     32561

0.0001 constant (200, 50) identity adam 0.1
             precision    recall  f1-score   support

       -1.0       0.88      0.93      0.90     24720
        1.0       0.72      0.60      0.66      7841

avg / total       0.84      0.85      0.84     32561

0.0001 constant (200, 20) identity adam 0.1
             precision    recall  f1-score   support

       -1.0       0.88      0.93      0.90     24720
        1.0       0.72      0.60      0.66      7841

avg / total       0.84      0.85      0.84     32561

0.0001 constant (200, 300, 100) identity adam 0.1
             precision    recall  f1-score   support

       -1.0       0.88      0.93      0.90     24720
        1.0       0.73      0.60      0.66      7841

avg / total       0.84      0.85      0.84     32561

0.0001 constant (200, 400, 100) identity adam 0.1
             precision    recall  f1-score   support

       -1.0       0.87      0.93      0.90     24720
        1.0       0.74      0.58      0.65      7841

avg / total       0.84      0.85      0.84     32561

0.0001 constant (400, 100, 40) identity adam 0.1
             precision    recall  f1-score   support

       -1.0       0.89      0.92      0.90     24720
        1.0       0.71      0.63      0.67      7841

avg / total       0.84      0.85      0.85     32561

0.0001 constant (400, 200, 100) identity adam 0.1
             precision    recall  f1-score   support

       -1.0       0.87      0.94      0.90     24720
        1.0       0.74      0.57      0.65      7841

avg / total       0.84      0.85      0.84     32561

0.0001 constant (400, 200, 100, 30) identity adam 0.1
             precision    recall  f1-score   support

       -1.0       0.87      0.94      0.90     24720
        1.0       0.74      0.57      0.65      7841

avg / total       0.84      0.85      0.84     32561

0.0001 constant (200, 400, 100, 30) identity adam 0.1
             precision    recall  f1-score   support

       -1.0       0.88      0.93      0.90     24720
        1.0       0.73      0.59      0.65      7841

avg / total       0.84      0.85      0.84     32561

0.0001 constant (100, 20) logistic lbfgs 1e-05
             precision    recall  f1-score   support

       -1.0       0.89      0.93      0.91     24720
        1.0       0.74      0.63      0.68      7841

avg / total       0.85      0.86      0.85     32561

0.0001 constant (200, 50) logistic lbfgs 1e-05
             precision    recall  f1-score   support

       -1.0       0.89      0.93      0.91     24720
        1.0       0.73      0.63      0.68      7841

avg / total       0.85      0.85      0.85     32561

0.0001 constant (200, 20) logistic lbfgs 1e-05
             precision    recall  f1-score   support

       -1.0       0.89      0.93      0.91     24720
        1.0       0.73      0.64      0.68      7841

avg / total       0.85      0.86      0.85     32561

0.0001 constant (200, 300, 100) logistic lbfgs 1e-05
             precision    recall  f1-score   support

       -1.0       0.88      0.93      0.90     24720
        1.0       0.73      0.61      0.67      7841

avg / total       0.85      0.85      0.85     32561

0.0001 constant (200, 400, 100) logistic lbfgs 1e-05
             precision    recall  f1-score   support

       -1.0       0.88      0.93      0.90     24720
        1.0       0.73      0.61      0.66      7841

avg / total       0.84      0.85      0.85     32561

0.0001 constant (400, 100, 40) logistic lbfgs 1e-05
             precision    recall  f1-score   support

       -1.0       0.88      0.92      0.90     24720
        1.0       0.72      0.62      0.66      7841

avg / total       0.84      0.85      0.85     32561

0.0001 constant (400, 200, 100) logistic lbfgs 1e-05
             precision    recall  f1-score   support

       -1.0       0.88      0.93      0.90     24720
        1.0       0.73      0.61      0.66      7841

avg / total       0.84      0.85      0.85     32561

0.0001 constant (400, 200, 100, 30) logistic lbfgs 1e-05
             precision    recall  f1-score   support

       -1.0       0.76      1.00      0.86     24720
        1.0       0.00      0.00      0.00      7841

avg / total       0.58      0.76      0.66     32561

0.0001 constant (200, 400, 100, 30) logistic lbfgs 1e-05
             precision    recall  f1-score   support

       -1.0       0.76      1.00      0.86     24720
        1.0       0.00      0.00      0.00      7841

avg / total       0.58      0.76      0.66     32561

0.0001 constant (100, 20) logistic lbfgs 0.0001
             precision    recall  f1-score   support

       -1.0       0.89      0.93      0.91     24720
        1.0       0.74      0.64      0.68      7841

avg / total       0.85      0.86      0.86     32561

0.0001 constant (200, 50) logistic lbfgs 0.0001
             precision    recall  f1-score   support

       -1.0       0.88      0.93      0.91     24720
        1.0       0.73      0.62      0.67      7841

avg / total       0.85      0.85      0.85     32561

0.0001 constant (200, 20) logistic lbfgs 0.0001
             precision    recall  f1-score   support

       -1.0       0.89      0.93      0.91     24720
        1.0       0.73      0.63      0.68      7841

avg / total       0.85      0.85      0.85     32561

0.0001 constant (200, 300, 100) logistic lbfgs 0.0001
             precision    recall  f1-score   support

       -1.0       0.88      0.93      0.90     24720
        1.0       0.73      0.61      0.67      7841

avg / total       0.85      0.85      0.85     32561

0.0001 constant (200, 400, 100) logistic lbfgs 0.0001
             precision    recall  f1-score   support

       -1.0       0.88      0.93      0.90     24720
        1.0       0.73      0.61      0.66      7841

avg / total       0.85      0.85      0.85     32561

0.0001 constant (400, 100, 40) logistic lbfgs 0.0001
             precision    recall  f1-score   support

       -1.0       0.88      0.93      0.90     24720
        1.0       0.73      0.61      0.67      7841

avg / total       0.85      0.85      0.85     32561

0.0001 constant (400, 200, 100) logistic lbfgs 0.0001
             precision    recall  f1-score   support

       -1.0       0.88      0.93      0.90     24720
        1.0       0.72      0.61      0.66      7841

avg / total       0.84      0.85      0.85     32561

0.0001 constant (400, 200, 100, 30) logistic lbfgs 0.0001
             precision    recall  f1-score   support

       -1.0       0.76      1.00      0.86     24720
        1.0       0.00      0.00      0.00      7841

avg / total       0.58      0.76      0.66     32561

0.0001 constant (200, 400, 100, 30) logistic lbfgs 0.0001
             precision    recall  f1-score   support

       -1.0       0.76      1.00      0.86     24720
        1.0       0.00      0.00      0.00      7841

avg / total       0.58      0.76      0.66     32561

0.0001 constant (100, 20) logistic lbfgs 0.001
             precision    recall  f1-score   support

       -1.0       0.89      0.93      0.91     24720
        1.0       0.75      0.64      0.69      7841

avg / total       0.86      0.86      0.86     32561

0.0001 constant (200, 50) logistic lbfgs 0.001
             precision    recall  f1-score   support

       -1.0       0.89      0.93      0.91     24720
        1.0       0.73      0.62      0.67      7841

avg / total       0.85      0.85      0.85     32561

0.0001 constant (200, 20) logistic lbfgs 0.001
             precision    recall  f1-score   support

       -1.0       0.89      0.93      0.91     24720
        1.0       0.74      0.63      0.68      7841

avg / total       0.85      0.86      0.85     32561

0.0001 constant (200, 300, 100) logistic lbfgs 0.001
             precision    recall  f1-score   support

       -1.0       0.88      0.93      0.90     24720
        1.0       0.73      0.62      0.67      7841

avg / total       0.85      0.85      0.85     32561

0.0001 constant (200, 400, 100) logistic lbfgs 0.001
             precision    recall  f1-score   support

       -1.0       0.88      0.93      0.90     24720
        1.0       0.73      0.61      0.66      7841

avg / total       0.84      0.85      0.85     32561

0.0001 constant (400, 100, 40) logistic lbfgs 0.001
             precision    recall  f1-score   support

       -1.0       0.88      0.93      0.90     24720
        1.0       0.72      0.61      0.66      7841

avg / total       0.84      0.85      0.85     32561

0.0001 constant (400, 200, 100) logistic lbfgs 0.001
             precision    recall  f1-score   support

       -1.0       0.88      0.93      0.90     24720
        1.0       0.73      0.61      0.66      7841

avg / total       0.84      0.85      0.85     32561

0.0001 constant (400, 200, 100, 30) logistic lbfgs 0.001
             precision    recall  f1-score   support

       -1.0       0.76      1.00      0.86     24720
        1.0       0.00      0.00      0.00      7841

avg / total       0.58      0.76      0.66     32561

0.0001 constant (200, 400, 100, 30) logistic lbfgs 0.001
             precision    recall  f1-score   support

       -1.0       0.76      1.00      0.86     24720
        1.0       0.00      0.00      0.00      7841

avg / total       0.58      0.76      0.66     32561

0.0001 constant (100, 20) logistic lbfgs 0.01
             precision    recall  f1-score   support

       -1.0       0.89      0.93      0.91     24720
        1.0       0.74      0.64      0.69      7841

avg / total       0.85      0.86      0.86     32561

0.0001 constant (200, 50) logistic lbfgs 0.01
             precision    recall  f1-score   support

       -1.0       0.89      0.92      0.91     24720
        1.0       0.73      0.64      0.68      7841

avg / total       0.85      0.86      0.85     32561

0.0001 constant (200, 20) logistic lbfgs 0.01
             precision    recall  f1-score   support

       -1.0       0.89      0.92      0.91     24720
        1.0       0.72      0.64      0.68      7841

avg / total       0.85      0.86      0.85     32561

0.0001 constant (200, 300, 100) logistic lbfgs 0.01
             precision    recall  f1-score   support

       -1.0       0.88      0.93      0.90     24720
        1.0       0.73      0.61      0.66      7841

avg / total       0.84      0.85      0.85     32561

0.0001 constant (200, 400, 100) logistic lbfgs 0.01
             precision    recall  f1-score   support

       -1.0       0.88      0.93      0.90     24720
        1.0       0.73      0.61      0.66      7841

avg / total       0.85      0.85      0.85     32561

0.0001 constant (400, 100, 40) logistic lbfgs 0.01
             precision    recall  f1-score   support

       -1.0       0.88      0.93      0.91     24720
        1.0       0.73      0.61      0.66      7841

avg / total       0.85      0.85      0.85     32561

0.0001 constant (400, 200, 100) logistic lbfgs 0.01
             precision    recall  f1-score   support

       -1.0       0.88      0.93      0.90     24720
        1.0       0.73      0.60      0.66      7841

avg / total       0.84      0.85      0.85     32561

0.0001 constant (400, 200, 100, 30) logistic lbfgs 0.01
             precision    recall  f1-score   support

       -1.0       0.76      1.00      0.86     24720
        1.0       0.00      0.00      0.00      7841

avg / total       0.58      0.76      0.66     32561

0.0001 constant (200, 400, 100, 30) logistic lbfgs 0.01
             precision    recall  f1-score   support

       -1.0       0.76      1.00      0.86     24720
        1.0       0.00      0.00      0.00      7841

avg / total       0.58      0.76      0.66     32561

0.0001 constant (100, 20) logistic lbfgs 0.1
             precision    recall  f1-score   support

       -1.0       0.89      0.93      0.91     24720
        1.0       0.74      0.63      0.68      7841

avg / total       0.85      0.86      0.85     32561

0.0001 constant (200, 50) logistic lbfgs 0.1
             precision    recall  f1-score   support

       -1.0       0.89      0.93      0.91     24720
        1.0       0.73      0.63      0.68      7841

avg / total       0.85      0.85      0.85     32561

0.0001 constant (200, 20) logistic lbfgs 0.1
             precision    recall  f1-score   support

       -1.0       0.88      0.93      0.91     24720
        1.0       0.73      0.62      0.67      7841

avg / total       0.85      0.85      0.85     32561

0.0001 constant (200, 300, 100) logistic lbfgs 0.1
             precision    recall  f1-score   support

       -1.0       0.88      0.93      0.90     24720
        1.0       0.73      0.61      0.66      7841

avg / total       0.85      0.85      0.85     32561

0.0001 constant (200, 400, 100) logistic lbfgs 0.1
             precision    recall  f1-score   support

       -1.0       0.88      0.93      0.90     24720
        1.0       0.73      0.61      0.66      7841

avg / total       0.85      0.85      0.85     32561

0.0001 constant (400, 100, 40) logistic lbfgs 0.1
             precision    recall  f1-score   support

       -1.0       0.88      0.92      0.90     24720
        1.0       0.72      0.61      0.66      7841

avg / total       0.84      0.85      0.84     32561

0.0001 constant (400, 200, 100) logistic lbfgs 0.1
             precision    recall  f1-score   support

       -1.0       0.88      0.92      0.90     24720
        1.0       0.72      0.62      0.67      7841

avg / total       0.84      0.85      0.85     32561

0.0001 constant (400, 200, 100, 30) logistic lbfgs 0.1
             precision    recall  f1-score   support

       -1.0       0.76      1.00      0.86     24720
        1.0       0.00      0.00      0.00      7841

avg / total       0.58      0.76      0.66     32561

0.0001 constant (200, 400, 100, 30) logistic lbfgs 0.1
             precision    recall  f1-score   support

       -1.0       0.76      1.00      0.86     24720
        1.0       0.00      0.00      0.00      7841

avg / total       0.58      0.76      0.66     32561

0.0001 constant (100, 20) logistic sgd 1e-05
             precision    recall  f1-score   support

       -1.0       0.76      1.00      0.86     24720
        1.0       0.00      0.00      0.00      7841

avg / total       0.58      0.76      0.66     32561

0.0001 constant (200, 50) logistic sgd 1e-05
             precision    recall  f1-score   support

       -1.0       0.76      1.00      0.86     24720
        1.0       0.00      0.00      0.00      7841

avg / total       0.58      0.76      0.66     32561

0.0001 constant (200, 20) logistic sgd 1e-05
             precision    recall  f1-score   support

       -1.0       0.76      1.00      0.86     24720
        1.0       0.00      0.00      0.00      7841

avg / total       0.58      0.76      0.66     32561

0.0001 constant (200, 300, 100) logistic sgd 1e-05
             precision    recall  f1-score   support

       -1.0       0.76      1.00      0.86     24720
        1.0       0.00      0.00      0.00      7841

avg / total       0.58      0.76      0.66     32561

0.0001 constant (200, 400, 100) logistic sgd 1e-05
             precision    recall  f1-score   support

       -1.0       0.76      1.00      0.86     24720
        1.0       0.00      0.00      0.00      7841

avg / total       0.58      0.76      0.66     32561

0.0001 constant (400, 100, 40) logistic sgd 1e-05
             precision    recall  f1-score   support

       -1.0       0.76      1.00      0.86     24720
        1.0       0.00      0.00      0.00      7841

avg / total       0.58      0.76      0.66     32561

0.0001 constant (400, 200, 100) logistic sgd 1e-05
             precision    recall  f1-score   support

       -1.0       0.76      1.00      0.86     24720
        1.0       0.00      0.00      0.00      7841

avg / total       0.58      0.76      0.66     32561

0.0001 constant (400, 200, 100, 30) logistic sgd 1e-05
             precision    recall  f1-score   support

       -1.0       0.76      1.00      0.86     24720
        1.0       0.00      0.00      0.00      7841

avg / total       0.58      0.76      0.66     32561

0.0001 constant (200, 400, 100, 30) logistic sgd 1e-05
             precision    recall  f1-score   support

       -1.0       0.76      1.00      0.86     24720
        1.0       0.00      0.00      0.00      7841

avg / total       0.58      0.76      0.66     32561

0.0001 constant (100, 20) logistic sgd 0.0001
             precision    recall  f1-score   support

       -1.0       0.76      1.00      0.86     24720
        1.0       0.00      0.00      0.00      7841

avg / total       0.58      0.76      0.66     32561

0.0001 constant (200, 50) logistic sgd 0.0001
             precision    recall  f1-score   support

       -1.0       0.76      1.00      0.86     24720
        1.0       0.00      0.00      0.00      7841

avg / total       0.58      0.76      0.66     32561

0.0001 constant (200, 20) logistic sgd 0.0001
             precision    recall  f1-score   support

       -1.0       0.76      1.00      0.86     24720
        1.0       0.00      0.00      0.00      7841

avg / total       0.58      0.76      0.66     32561

0.0001 constant (200, 300, 100) logistic sgd 0.0001
             precision    recall  f1-score   support

       -1.0       0.76      1.00      0.86     24720
        1.0       0.00      0.00      0.00      7841

avg / total       0.58      0.76      0.66     32561

0.0001 constant (200, 400, 100) logistic sgd 0.0001
             precision    recall  f1-score   support

       -1.0       0.76      1.00      0.86     24720
        1.0       0.00      0.00      0.00      7841

avg / total       0.58      0.76      0.66     32561

0.0001 constant (400, 100, 40) logistic sgd 0.0001
             precision    recall  f1-score   support

       -1.0       0.76      1.00      0.86     24720
        1.0       0.00      0.00      0.00      7841

avg / total       0.58      0.76      0.66     32561

0.0001 constant (400, 200, 100) logistic sgd 0.0001
             precision    recall  f1-score   support

       -1.0       0.76      1.00      0.86     24720
        1.0       0.00      0.00      0.00      7841

avg / total       0.58      0.76      0.66     32561

0.0001 constant (400, 200, 100, 30) logistic sgd 0.0001
             precision    recall  f1-score   support

       -1.0       0.76      1.00      0.86     24720
        1.0       0.00      0.00      0.00      7841

avg / total       0.58      0.76      0.66     32561

0.0001 constant (200, 400, 100, 30) logistic sgd 0.0001
             precision    recall  f1-score   support

       -1.0       0.76      1.00      0.86     24720
        1.0       0.00      0.00      0.00      7841

avg / total       0.58      0.76      0.66     32561

0.0001 constant (100, 20) logistic sgd 0.001
             precision    recall  f1-score   support

       -1.0       0.76      1.00      0.86     24720
        1.0       0.00      0.00      0.00      7841

avg / total       0.58      0.76      0.66     32561

0.0001 constant (200, 50) logistic sgd 0.001
             precision    recall  f1-score   support

       -1.0       0.76      1.00      0.86     24720
        1.0       0.00      0.00      0.00      7841

avg / total       0.58      0.76      0.66     32561

0.0001 constant (200, 20) logistic sgd 0.001
             precision    recall  f1-score   support

       -1.0       0.76      1.00      0.86     24720
        1.0       0.00      0.00      0.00      7841

avg / total       0.58      0.76      0.66     32561

0.0001 constant (200, 300, 100) logistic sgd 0.001
             precision    recall  f1-score   support

       -1.0       0.76      1.00      0.86     24720
        1.0       0.00      0.00      0.00      7841

avg / total       0.58      0.76      0.66     32561

0.0001 constant (200, 400, 100) logistic sgd 0.001
             precision    recall  f1-score   support

       -1.0       0.76      1.00      0.86     24720
        1.0       0.00      0.00      0.00      7841

avg / total       0.58      0.76      0.66     32561

0.0001 constant (400, 100, 40) logistic sgd 0.001
             precision    recall  f1-score   support

       -1.0       0.76      1.00      0.86     24720
        1.0       0.00      0.00      0.00      7841

avg / total       0.58      0.76      0.66     32561

0.0001 constant (400, 200, 100) logistic sgd 0.001
             precision    recall  f1-score   support

       -1.0       0.76      1.00      0.86     24720
        1.0       0.00      0.00      0.00      7841

avg / total       0.58      0.76      0.66     32561

0.0001 constant (400, 200, 100, 30) logistic sgd 0.001
             precision    recall  f1-score   support

       -1.0       0.76      1.00      0.86     24720
        1.0       0.00      0.00      0.00      7841

avg / total       0.58      0.76      0.66     32561

0.0001 constant (200, 400, 100, 30) logistic sgd 0.001
             precision    recall  f1-score   support

       -1.0       0.76      1.00      0.86     24720
        1.0       0.00      0.00      0.00      7841

avg / total       0.58      0.76      0.66     32561

0.0001 constant (100, 20) logistic sgd 0.01
             precision    recall  f1-score   support

       -1.0       0.76      1.00      0.86     24720
        1.0       0.00      0.00      0.00      7841

avg / total       0.58      0.76      0.66     32561

0.0001 constant (200, 50) logistic sgd 0.01
             precision    recall  f1-score   support

       -1.0       0.76      1.00      0.86     24720
        1.0       0.00      0.00      0.00      7841

avg / total       0.58      0.76      0.66     32561

0.0001 constant (200, 20) logistic sgd 0.01
             precision    recall  f1-score   support

       -1.0       0.76      1.00      0.86     24720
        1.0       0.00      0.00      0.00      7841

avg / total       0.58      0.76      0.66     32561

0.0001 constant (200, 300, 100) logistic sgd 0.01
             precision    recall  f1-score   support

       -1.0       0.76      1.00      0.86     24720
        1.0       0.00      0.00      0.00      7841

avg / total       0.58      0.76      0.66     32561

0.0001 constant (200, 400, 100) logistic sgd 0.01
             precision    recall  f1-score   support

       -1.0       0.76      1.00      0.86     24720
        1.0       0.00      0.00      0.00      7841

avg / total       0.58      0.76      0.66     32561

0.0001 constant (400, 100, 40) logistic sgd 0.01
             precision    recall  f1-score   support

       -1.0       0.76      1.00      0.86     24720
        1.0       0.00      0.00      0.00      7841

avg / total       0.58      0.76      0.66     32561

0.0001 constant (400, 200, 100) logistic sgd 0.01
             precision    recall  f1-score   support

       -1.0       0.76      1.00      0.86     24720
        1.0       0.00      0.00      0.00      7841

avg / total       0.58      0.76      0.66     32561

0.0001 constant (400, 200, 100, 30) logistic sgd 0.01
             precision    recall  f1-score   support

       -1.0       0.76      1.00      0.86     24720
        1.0       0.00      0.00      0.00      7841

avg / total       0.58      0.76      0.66     32561

0.0001 constant (200, 400, 100, 30) logistic sgd 0.01
             precision    recall  f1-score   support

       -1.0       0.76      1.00      0.86     24720
        1.0       0.00      0.00      0.00      7841

avg / total       0.58      0.76      0.66     32561

0.0001 constant (100, 20) logistic sgd 0.1
             precision    recall  f1-score   support

       -1.0       0.76      1.00      0.86     24720
        1.0       0.00      0.00      0.00      7841

avg / total       0.58      0.76      0.66     32561

0.0001 constant (200, 50) logistic sgd 0.1
             precision    recall  f1-score   support

       -1.0       0.76      1.00      0.86     24720
        1.0       0.00      0.00      0.00      7841

avg / total       0.58      0.76      0.66     32561

0.0001 constant (200, 20) logistic sgd 0.1
             precision    recall  f1-score   support

       -1.0       0.76      1.00      0.86     24720
        1.0       0.00      0.00      0.00      7841

avg / total       0.58      0.76      0.66     32561

0.0001 constant (200, 300, 100) logistic sgd 0.1
             precision    recall  f1-score   support

       -1.0       0.76      1.00      0.86     24720
        1.0       0.00      0.00      0.00      7841

avg / total       0.58      0.76      0.66     32561

0.0001 constant (200, 400, 100) logistic sgd 0.1
             precision    recall  f1-score   support

       -1.0       0.76      1.00      0.86     24720
        1.0       0.00      0.00      0.00      7841

avg / total       0.58      0.76      0.66     32561

0.0001 constant (400, 100, 40) logistic sgd 0.1
             precision    recall  f1-score   support

       -1.0       0.76      1.00      0.86     24720
        1.0       0.00      0.00      0.00      7841

avg / total       0.58      0.76      0.66     32561

0.0001 constant (400, 200, 100) logistic sgd 0.1
             precision    recall  f1-score   support

       -1.0       0.76      1.00      0.86     24720
        1.0       0.00      0.00      0.00      7841

avg / total       0.58      0.76      0.66     32561

0.0001 constant (400, 200, 100, 30) logistic sgd 0.1
             precision    recall  f1-score   support

       -1.0       0.76      1.00      0.86     24720
        1.0       0.00      0.00      0.00      7841

avg / total       0.58      0.76      0.66     32561

0.0001 constant (200, 400, 100, 30) logistic sgd 0.1
             precision    recall  f1-score   support

       -1.0       0.76      1.00      0.86     24720
        1.0       0.00      0.00      0.00      7841

avg / total       0.58      0.76      0.66     32561

0.0001 constant (100, 20) logistic adam 1e-05
             precision    recall  f1-score   support

       -1.0       0.89      0.92      0.90     24720
        1.0       0.71      0.64      0.67      7841

avg / total       0.84      0.85      0.85     32561

0.0001 constant (200, 50) logistic adam 1e-05
             precision    recall  f1-score   support

       -1.0       0.89      0.92      0.90     24720
        1.0       0.71      0.63      0.67      7841

avg / total       0.84      0.85      0.85     32561

0.0001 constant (200, 20) logistic adam 1e-05
             precision    recall  f1-score   support

       -1.0       0.88      0.92      0.90     24720
        1.0       0.72      0.62      0.66      7841

avg / total       0.84      0.85      0.85     32561

0.0001 constant (200, 300, 100) logistic adam 1e-05
             precision    recall  f1-score   support

       -1.0       0.89      0.92      0.90     24720
        1.0       0.71      0.63      0.67      7841

avg / total       0.84      0.85      0.85     32561

0.0001 constant (200, 400, 100) logistic adam 1e-05
             precision    recall  f1-score   support

       -1.0       0.89      0.92      0.90     24720
        1.0       0.71      0.64      0.67      7841

avg / total       0.85      0.85      0.85     32561

0.0001 constant (400, 100, 40) logistic adam 1e-05
             precision    recall  f1-score   support

       -1.0       0.88      0.93      0.90     24720
        1.0       0.72      0.60      0.66      7841

avg / total       0.84      0.85      0.84     32561

0.0001 constant (400, 200, 100) logistic adam 1e-05
             precision    recall  f1-score   support

       -1.0       0.89      0.91      0.90     24720
        1.0       0.70      0.65      0.67      7841

avg / total       0.85      0.85      0.85     32561

0.0001 constant (400, 200, 100, 30) logistic adam 1e-05
             precision    recall  f1-score   support

       -1.0       0.88      0.93      0.90     24720
        1.0       0.72      0.60      0.66      7841

avg / total       0.84      0.85      0.84     32561

0.0001 constant (200, 400, 100, 30) logistic adam 1e-05
             precision    recall  f1-score   support

       -1.0       0.88      0.92      0.90     24720
        1.0       0.71      0.62      0.66      7841

avg / total       0.84      0.85      0.85     32561

0.0001 constant (100, 20) logistic adam 0.0001
             precision    recall  f1-score   support

       -1.0       0.89      0.92      0.90     24720
        1.0       0.71      0.64      0.67      7841

avg / total       0.84      0.85      0.85     32561

0.0001 constant (200, 50) logistic adam 0.0001
             precision    recall  f1-score   support

       -1.0       0.89      0.92      0.90     24720
        1.0       0.71      0.63      0.67      7841

avg / total       0.84      0.85      0.85     32561

0.0001 constant (200, 20) logistic adam 0.0001
             precision    recall  f1-score   support

       -1.0       0.88      0.92      0.90     24720
        1.0       0.72      0.62      0.66      7841

avg / total       0.84      0.85      0.85     32561

0.0001 constant (200, 300, 100) logistic adam 0.0001
             precision    recall  f1-score   support

       -1.0       0.89      0.92      0.90     24720
        1.0       0.71      0.63      0.67      7841

avg / total       0.84      0.85      0.85     32561

0.0001 constant (200, 400, 100) logistic adam 0.0001
             precision    recall  f1-score   support

       -1.0       0.89      0.92      0.90     24720
        1.0       0.71      0.64      0.67      7841

avg / total       0.85      0.85      0.85     32561

0.0001 constant (400, 100, 40) logistic adam 0.0001
             precision    recall  f1-score   support

       -1.0       0.88      0.93      0.90     24720
        1.0       0.72      0.60      0.66      7841

avg / total       0.84      0.85      0.84     32561

0.0001 constant (400, 200, 100) logistic adam 0.0001
             precision    recall  f1-score   support

       -1.0       0.89      0.91      0.90     24720
        1.0       0.70      0.65      0.67      7841

avg / total       0.85      0.85      0.85     32561

0.0001 constant (400, 200, 100, 30) logistic adam 0.0001
             precision    recall  f1-score   support

       -1.0       0.88      0.93      0.90     24720
        1.0       0.72      0.60      0.66      7841

avg / total       0.84      0.85      0.84     32561

0.0001 constant (200, 400, 100, 30) logistic adam 0.0001
             precision    recall  f1-score   support

       -1.0       0.88      0.92      0.90     24720
        1.0       0.71      0.62      0.66      7841

avg / total       0.84      0.85      0.85     32561

0.0001 constant (100, 20) logistic adam 0.001
             precision    recall  f1-score   support

       -1.0       0.89      0.92      0.90     24720
        1.0       0.71      0.64      0.67      7841

avg / total       0.84      0.85      0.85     32561

0.0001 constant (200, 50) logistic adam 0.001
             precision    recall  f1-score   support

       -1.0       0.89      0.92      0.90     24720
        1.0       0.71      0.63      0.67      7841

avg / total       0.84      0.85      0.85     32561

0.0001 constant (200, 20) logistic adam 0.001
             precision    recall  f1-score   support

       -1.0       0.89      0.92      0.90     24720
        1.0       0.71      0.64      0.67      7841

avg / total       0.85      0.85      0.85     32561

0.0001 constant (200, 300, 100) logistic adam 0.001
             precision    recall  f1-score   support

       -1.0       0.89      0.92      0.90     24720
        1.0       0.71      0.63      0.67      7841

avg / total       0.84      0.85      0.85     32561

0.0001 constant (200, 400, 100) logistic adam 0.001
             precision    recall  f1-score   support

       -1.0       0.89      0.92      0.90     24720
        1.0       0.71      0.64      0.67      7841

avg / total       0.84      0.85      0.85     32561

0.0001 constant (400, 100, 40) logistic adam 0.001
             precision    recall  f1-score   support

       -1.0       0.88      0.93      0.90     24720
        1.0       0.72      0.60      0.66      7841

avg / total       0.84      0.85      0.84     32561

0.0001 constant (400, 200, 100) logistic adam 0.001
             precision    recall  f1-score   support

       -1.0       0.89      0.91      0.90     24720
        1.0       0.70      0.65      0.67      7841

avg / total       0.85      0.85      0.85     32561

0.0001 constant (400, 200, 100, 30) logistic adam 0.001
             precision    recall  f1-score   support

       -1.0       0.88      0.93      0.90     24720
        1.0       0.72      0.61      0.66      7841

avg / total       0.84      0.85      0.84     32561

0.0001 constant (200, 400, 100, 30) logistic adam 0.001
             precision    recall  f1-score   support

       -1.0       0.89      0.92      0.90     24720
        1.0       0.71      0.62      0.67      7841

avg / total       0.84      0.85      0.85     32561

0.0001 constant (100, 20) logistic adam 0.01
             precision    recall  f1-score   support

       -1.0       0.89      0.91      0.90     24720
        1.0       0.70      0.65      0.67      7841

avg / total       0.85      0.85      0.85     32561

0.0001 constant (200, 50) logistic adam 0.01
             precision    recall  f1-score   support

       -1.0       0.88      0.93      0.90     24720
        1.0       0.72      0.61      0.66      7841

avg / total       0.84      0.85      0.84     32561

0.0001 constant (200, 20) logistic adam 0.01
             precision    recall  f1-score   support

       -1.0       0.88      0.92      0.90     24720
        1.0       0.71      0.62      0.66      7841

avg / total       0.84      0.85      0.85     32561

0.0001 constant (200, 300, 100) logistic adam 0.01
             precision    recall  f1-score   support

       -1.0       0.88      0.93      0.90     24720
        1.0       0.72      0.60      0.66      7841

avg / total       0.84      0.85      0.84     32561

0.0001 constant (200, 400, 100) logistic adam 0.01
             precision    recall  f1-score   support

       -1.0       0.88      0.93      0.90     24720
        1.0       0.73      0.59      0.65      7841

avg / total       0.84      0.85      0.84     32561

0.0001 constant (400, 100, 40) logistic adam 0.01
             precision    recall  f1-score   support

       -1.0       0.88      0.93      0.90     24720
        1.0       0.72      0.60      0.66      7841

avg / total       0.84      0.85      0.84     32561

0.0001 constant (400, 200, 100) logistic adam 0.01
             precision    recall  f1-score   support

       -1.0       0.89      0.91      0.90     24720
        1.0       0.69      0.66      0.68      7841

avg / total       0.85      0.85      0.85     32561

0.0001 constant (400, 200, 100, 30) logistic adam 0.01
             precision    recall  f1-score   support

       -1.0       0.88      0.92      0.90     24720
        1.0       0.71      0.62      0.66      7841

avg / total       0.84      0.85      0.84     32561

0.0001 constant (200, 400, 100, 30) logistic adam 0.01
             precision    recall  f1-score   support

       -1.0       0.89      0.91      0.90     24720
        1.0       0.70      0.65      0.67      7841

avg / total       0.85      0.85      0.85     32561

0.0001 constant (100, 20) logistic adam 0.1
             precision    recall  f1-score   support

       -1.0       0.88      0.92      0.90     24720
        1.0       0.71      0.62      0.66      7841

avg / total       0.84      0.85      0.84     32561

0.0001 constant (200, 50) logistic adam 0.1
             precision    recall  f1-score   support

       -1.0       0.88      0.93      0.90     24720
        1.0       0.73      0.58      0.65      7841

avg / total       0.84      0.85      0.84     32561

0.0001 constant (200, 20) logistic adam 0.1
             precision    recall  f1-score   support

       -1.0       0.88      0.93      0.90     24720
        1.0       0.72      0.60      0.66      7841

avg / total       0.84      0.85      0.84     32561

0.0001 constant (200, 300, 100) logistic adam 0.1
             precision    recall  f1-score   support

       -1.0       0.88      0.92      0.90     24720
        1.0       0.71      0.62      0.66      7841

avg / total       0.84      0.85      0.84     32561

0.0001 constant (200, 400, 100) logistic adam 0.1
             precision    recall  f1-score   support

       -1.0       0.88      0.93      0.90     24720
        1.0       0.72      0.59      0.65      7841

avg / total       0.84      0.85      0.84     32561

0.0001 constant (400, 100, 40) logistic adam 0.1
             precision    recall  f1-score   support

       -1.0       0.88      0.93      0.90     24720
        1.0       0.72      0.60      0.65      7841

avg / total       0.84      0.85      0.84     32561

0.0001 constant (400, 200, 100) logistic adam 0.1
             precision    recall  f1-score   support

       -1.0       0.88      0.93      0.90     24720
        1.0       0.73      0.59      0.65      7841

avg / total       0.84      0.85      0.84     32561

0.0001 constant (400, 200, 100, 30) logistic adam 0.1
             precision    recall  f1-score   support

       -1.0       0.76      1.00      0.86     24720
        1.0       0.00      0.00      0.00      7841

avg / total       0.58      0.76      0.66     32561

0.0001 constant (200, 400, 100, 30) logistic adam 0.1
             precision    recall  f1-score   support

       -1.0       0.76      1.00      0.86     24720
        1.0       0.00      0.00      0.00      7841

avg / total       0.58      0.76      0.66     32561

0.0001 constant (100, 20) tanh lbfgs 1e-05
             precision    recall  f1-score   support

       -1.0       0.91      0.94      0.93     24720
        1.0       0.79      0.71      0.75      7841

avg / total       0.88      0.89      0.88     32561

0.0001 constant (200, 50) tanh lbfgs 1e-05
             precision    recall  f1-score   support

       -1.0       0.91      0.94      0.92     24720
        1.0       0.78      0.70      0.74      7841

avg / total       0.88      0.88      0.88     32561

0.0001 constant (200, 20) tanh lbfgs 1e-05
             precision    recall  f1-score   support

       -1.0       0.91      0.93      0.92     24720
        1.0       0.77      0.69      0.73      7841

avg / total       0.87      0.88      0.87     32561

0.0001 constant (200, 300, 100) tanh lbfgs 1e-05
             precision    recall  f1-score   support

       -1.0       0.90      0.93      0.92     24720
        1.0       0.76      0.68      0.72      7841

avg / total       0.87      0.87      0.87     32561

0.0001 constant (200, 400, 100) tanh lbfgs 1e-05
             precision    recall  f1-score   support

       -1.0       0.90      0.93      0.91     24720
        1.0       0.75      0.67      0.71      7841

avg / total       0.86      0.87      0.87     32561

0.0001 constant (400, 100, 40) tanh lbfgs 1e-05
             precision    recall  f1-score   support

       -1.0       0.92      0.94      0.93     24720
        1.0       0.80      0.74      0.77      7841

avg / total       0.89      0.89      0.89     32561

0.0001 constant (400, 200, 100) tanh lbfgs 1e-05
             precision    recall  f1-score   support

       -1.0       0.91      0.94      0.92     24720
        1.0       0.78      0.70      0.74      7841

avg / total       0.88      0.88      0.88     32561

0.0001 constant (400, 200, 100, 30) tanh lbfgs 1e-05
             precision    recall  f1-score   support

       -1.0       0.92      0.94      0.93     24720
        1.0       0.79      0.73      0.76      7841

avg / total       0.89      0.89      0.89     32561

0.0001 constant (200, 400, 100, 30) tanh lbfgs 1e-05
             precision    recall  f1-score   support

       -1.0       0.91      0.93      0.92     24720
        1.0       0.77      0.70      0.73      7841

avg / total       0.87      0.88      0.87     32561

0.0001 constant (100, 20) tanh lbfgs 0.0001
             precision    recall  f1-score   support

       -1.0       0.91      0.94      0.93     24720
        1.0       0.79      0.71      0.75      7841

avg / total       0.88      0.88      0.88     32561

0.0001 constant (200, 50) tanh lbfgs 0.0001
             precision    recall  f1-score   support

       -1.0       0.91      0.94      0.92     24720
        1.0       0.79      0.70      0.74      7841

avg / total       0.88      0.88      0.88     32561

0.0001 constant (200, 20) tanh lbfgs 0.0001
             precision    recall  f1-score   support

       -1.0       0.91      0.94      0.92     24720
        1.0       0.77      0.70      0.74      7841

avg / total       0.88      0.88      0.88     32561

0.0001 constant (200, 300, 100) tanh lbfgs 0.0001
             precision    recall  f1-score   support

       -1.0       0.90      0.93      0.92     24720
        1.0       0.76      0.69      0.72      7841

avg / total       0.87      0.87      0.87     32561

0.0001 constant (200, 400, 100) tanh lbfgs 0.0001
             precision    recall  f1-score   support

       -1.0       0.90      0.93      0.91     24720
        1.0       0.75      0.66      0.70      7841

avg / total       0.86      0.87      0.86     32561

0.0001 constant (400, 100, 40) tanh lbfgs 0.0001
             precision    recall  f1-score   support

       -1.0       0.92      0.95      0.93     24720
        1.0       0.82      0.75      0.78      7841

avg / total       0.90      0.90      0.90     32561

0.0001 constant (400, 200, 100) tanh lbfgs 0.0001
             precision    recall  f1-score   support

       -1.0       0.91      0.93      0.92     24720
        1.0       0.77      0.71      0.74      7841

avg / total       0.88      0.88      0.88     32561

0.0001 constant (400, 200, 100, 30) tanh lbfgs 0.0001
             precision    recall  f1-score   support

       -1.0       0.91      0.94      0.92     24720
        1.0       0.78      0.72      0.75      7841

avg / total       0.88      0.88      0.88     32561

0.0001 constant (200, 400, 100, 30) tanh lbfgs 0.0001
             precision    recall  f1-score   support

       -1.0       0.91      0.93      0.92     24720
        1.0       0.77      0.69      0.73      7841

avg / total       0.87      0.88      0.87     32561

0.0001 constant (100, 20) tanh lbfgs 0.001
             precision    recall  f1-score   support

       -1.0       0.91      0.93      0.92     24720
        1.0       0.77      0.70      0.73      7841

avg / total       0.87      0.88      0.88     32561

0.0001 constant (200, 50) tanh lbfgs 0.001
             precision    recall  f1-score   support

       -1.0       0.91      0.93      0.92     24720
        1.0       0.77      0.70      0.74      7841

avg / total       0.88      0.88      0.88     32561

0.0001 constant (200, 20) tanh lbfgs 0.001
             precision    recall  f1-score   support

       -1.0       0.90      0.93      0.92     24720
        1.0       0.76      0.69      0.72      7841

avg / total       0.87      0.87      0.87     32561

0.0001 constant (200, 300, 100) tanh lbfgs 0.001
             precision    recall  f1-score   support

       -1.0       0.91      0.93      0.92     24720
        1.0       0.75      0.70      0.72      7841

avg / total       0.87      0.87      0.87     32561

0.0001 constant (200, 400, 100) tanh lbfgs 0.001
             precision    recall  f1-score   support

       -1.0       0.90      0.93      0.91     24720
        1.0       0.75      0.68      0.71      7841

avg / total       0.86      0.87      0.86     32561

0.0001 constant (400, 100, 40) tanh lbfgs 0.001
             precision    recall  f1-score   support

       -1.0       0.92      0.95      0.93     24720
        1.0       0.82      0.73      0.77      7841

avg / total       0.89      0.90      0.89     32561

0.0001 constant (400, 200, 100) tanh lbfgs 0.001
             precision    recall  f1-score   support

       -1.0       0.91      0.94      0.92     24720
        1.0       0.78      0.70      0.74      7841

avg / total       0.88      0.88      0.88     32561

0.0001 constant (400, 200, 100, 30) tanh lbfgs 0.001
             precision    recall  f1-score   support

       -1.0       0.92      0.94      0.93     24720
        1.0       0.79      0.73      0.76      7841

avg / total       0.88      0.89      0.89     32561

0.0001 constant (200, 400, 100, 30) tanh lbfgs 0.001
             precision    recall  f1-score   support

       -1.0       0.90      0.94      0.92     24720
        1.0       0.78      0.68      0.73      7841

avg / total       0.87      0.88      0.87     32561

0.0001 constant (100, 20) tanh lbfgs 0.01
             precision    recall  f1-score   support

       -1.0       0.91      0.94      0.92     24720
        1.0       0.78      0.71      0.74      7841

avg / total       0.88      0.88      0.88     32561

0.0001 constant (200, 50) tanh lbfgs 0.01
             precision    recall  f1-score   support

       -1.0       0.91      0.94      0.92     24720
        1.0       0.78      0.69      0.73      7841

avg / total       0.87      0.88      0.87     32561

0.0001 constant (200, 20) tanh lbfgs 0.01
             precision    recall  f1-score   support

       -1.0       0.91      0.93      0.92     24720
        1.0       0.77      0.70      0.74      7841

avg / total       0.88      0.88      0.88     32561

0.0001 constant (200, 300, 100) tanh lbfgs 0.01
             precision    recall  f1-score   support

       -1.0       0.90      0.93      0.92     24720
        1.0       0.76      0.69      0.72      7841

avg / total       0.87      0.87      0.87     32561

0.0001 constant (200, 400, 100) tanh lbfgs 0.01
             precision    recall  f1-score   support

       -1.0       0.90      0.93      0.91     24720
        1.0       0.75      0.68      0.71      7841

avg / total       0.86      0.87      0.87     32561

0.0001 constant (400, 100, 40) tanh lbfgs 0.01
             precision    recall  f1-score   support

       -1.0       0.93      0.95      0.94     24720
        1.0       0.82      0.76      0.79      7841

avg / total       0.90      0.90      0.90     32561

0.0001 constant (400, 200, 100) tanh lbfgs 0.01
             precision    recall  f1-score   support

       -1.0       0.91      0.94      0.92     24720
        1.0       0.78      0.70      0.73      7841

avg / total       0.88      0.88      0.88     32561

0.0001 constant (400, 200, 100, 30) tanh lbfgs 0.01
             precision    recall  f1-score   support

       -1.0       0.92      0.94      0.93     24720
        1.0       0.79      0.73      0.76      7841

avg / total       0.89      0.89      0.89     32561

0.0001 constant (200, 400, 100, 30) tanh lbfgs 0.01
             precision    recall  f1-score   support

       -1.0       0.91      0.93      0.92     24720
        1.0       0.77      0.70      0.74      7841

avg / total       0.88      0.88      0.88     32561

0.0001 constant (100, 20) tanh lbfgs 0.1
             precision    recall  f1-score   support

       -1.0       0.91      0.94      0.92     24720
        1.0       0.78      0.70      0.74      7841

avg / total       0.88      0.88      0.88     32561

0.0001 constant (200, 50) tanh lbfgs 0.1
             precision    recall  f1-score   support

       -1.0       0.91      0.93      0.92     24720
        1.0       0.77      0.71      0.74      7841

avg / total       0.88      0.88      0.88     32561

0.0001 constant (200, 20) tanh lbfgs 0.1
             precision    recall  f1-score   support

       -1.0       0.91      0.94      0.92     24720
        1.0       0.78      0.69      0.73      7841

avg / total       0.87      0.88      0.88     32561

0.0001 constant (200, 300, 100) tanh lbfgs 0.1
             precision    recall  f1-score   support

       -1.0       0.90      0.93      0.92     24720
        1.0       0.76      0.68      0.72      7841

avg / total       0.87      0.87      0.87     32561

0.0001 constant (200, 400, 100) tanh lbfgs 0.1
             precision    recall  f1-score   support

       -1.0       0.90      0.93      0.92     24720
        1.0       0.76      0.67      0.72      7841

avg / total       0.87      0.87      0.87     32561

0.0001 constant (400, 100, 40) tanh lbfgs 0.1
             precision    recall  f1-score   support

       -1.0       0.92      0.94      0.93     24720
        1.0       0.81      0.74      0.77      7841

avg / total       0.89      0.89      0.89     32561

0.0001 constant (400, 200, 100) tanh lbfgs 0.1
             precision    recall  f1-score   support

       -1.0       0.91      0.94      0.92     24720
        1.0       0.77      0.69      0.73      7841

avg / total       0.87      0.88      0.87     32561

0.0001 constant (400, 200, 100, 30) tanh lbfgs 0.1
             precision    recall  f1-score   support

       -1.0       0.91      0.94      0.93     24720
        1.0       0.79      0.71      0.75      7841

avg / total       0.88      0.88      0.88     32561

0.0001 constant (200, 400, 100, 30) tanh lbfgs 0.1
             precision    recall  f1-score   support

       -1.0       0.90      0.94      0.92     24720
        1.0       0.78      0.68      0.73      7841

avg / total       0.87      0.88      0.87     32561

0.0001 constant (100, 20) tanh sgd 1e-05
             precision    recall  f1-score   support

       -1.0       0.88      0.93      0.90     24720
        1.0       0.72      0.58      0.65      7841

avg / total       0.84      0.85      0.84     32561

0.0001 constant (200, 50) tanh sgd 1e-05
             precision    recall  f1-score   support

       -1.0       0.88      0.93      0.90     24720
        1.0       0.72      0.58      0.64      7841

avg / total       0.84      0.85      0.84     32561

0.0001 constant (200, 20) tanh sgd 1e-05
             precision    recall  f1-score   support

       -1.0       0.87      0.93      0.90     24720
        1.0       0.73      0.58      0.64      7841

avg / total       0.84      0.85      0.84     32561

0.0001 constant (200, 300, 100) tanh sgd 1e-05
             precision    recall  f1-score   support

       -1.0       0.88      0.93      0.90     24720
        1.0       0.72      0.59      0.65      7841

avg / total       0.84      0.85      0.84     32561

0.0001 constant (200, 400, 100) tanh sgd 1e-05
             precision    recall  f1-score   support

       -1.0       0.88      0.93      0.90     24720
        1.0       0.72      0.59      0.65      7841

avg / total       0.84      0.85      0.84     32561

0.0001 constant (400, 100, 40) tanh sgd 1e-05
             precision    recall  f1-score   support

       -1.0       0.88      0.93      0.90     24720
        1.0       0.72      0.59      0.65      7841

avg / total       0.84      0.85      0.84     32561

0.0001 constant (400, 200, 100) tanh sgd 1e-05
             precision    recall  f1-score   support

       -1.0       0.88      0.93      0.90     24720
        1.0       0.72      0.58      0.64      7841

avg / total       0.84      0.84      0.84     32561

0.0001 constant (400, 200, 100, 30) tanh sgd 1e-05
             precision    recall  f1-score   support

       -1.0       0.88      0.92      0.90     24720
        1.0       0.72      0.60      0.66      7841

avg / total       0.84      0.85      0.84     32561

0.0001 constant (200, 400, 100, 30) tanh sgd 1e-05
             precision    recall  f1-score   support

       -1.0       0.88      0.93      0.90     24720
        1.0       0.72      0.59      0.65      7841

avg / total       0.84      0.85      0.84     32561

0.0001 constant (100, 20) tanh sgd 0.0001
             precision    recall  f1-score   support

       -1.0       0.88      0.93      0.90     24720
        1.0       0.72      0.58      0.65      7841

avg / total       0.84      0.85      0.84     32561

0.0001 constant (200, 50) tanh sgd 0.0001
             precision    recall  f1-score   support

       -1.0       0.88      0.93      0.90     24720
        1.0       0.72      0.58      0.64      7841

avg / total       0.84      0.85      0.84     32561

0.0001 constant (200, 20) tanh sgd 0.0001
             precision    recall  f1-score   support

       -1.0       0.87      0.93      0.90     24720
        1.0       0.73      0.58      0.64      7841

avg / total       0.84      0.85      0.84     32561

0.0001 constant (200, 300, 100) tanh sgd 0.0001
             precision    recall  f1-score   support

       -1.0       0.88      0.93      0.90     24720
        1.0       0.72      0.59      0.65      7841

avg / total       0.84      0.85      0.84     32561

0.0001 constant (200, 400, 100) tanh sgd 0.0001
             precision    recall  f1-score   support

       -1.0       0.88      0.93      0.90     24720
        1.0       0.72      0.59      0.65      7841

avg / total       0.84      0.85      0.84     32561

0.0001 constant (400, 100, 40) tanh sgd 0.0001
             precision    recall  f1-score   support

       -1.0       0.88      0.93      0.90     24720
        1.0       0.72      0.59      0.65      7841

avg / total       0.84      0.85      0.84     32561

0.0001 constant (400, 200, 100) tanh sgd 0.0001
             precision    recall  f1-score   support

       -1.0       0.88      0.93      0.90     24720
        1.0       0.72      0.58      0.64      7841

avg / total       0.84      0.84      0.84     32561

0.0001 constant (400, 200, 100, 30) tanh sgd 0.0001
             precision    recall  f1-score   support

       -1.0       0.88      0.92      0.90     24720
        1.0       0.72      0.60      0.66      7841

avg / total       0.84      0.85      0.84     32561

0.0001 constant (200, 400, 100, 30) tanh sgd 0.0001
             precision    recall  f1-score   support

       -1.0       0.88      0.93      0.90     24720
        1.0       0.72      0.59      0.65      7841

avg / total       0.84      0.85      0.84     32561

0.0001 constant (100, 20) tanh sgd 0.001
             precision    recall  f1-score   support

       -1.0       0.88      0.93      0.90     24720
        1.0       0.72      0.58      0.65      7841

avg / total       0.84      0.85      0.84     32561

0.0001 constant (200, 50) tanh sgd 0.001
             precision    recall  f1-score   support

       -1.0       0.88      0.93      0.90     24720
        1.0       0.72      0.58      0.64      7841

avg / total       0.84      0.85      0.84     32561

0.0001 constant (200, 20) tanh sgd 0.001
             precision    recall  f1-score   support

       -1.0       0.87      0.93      0.90     24720
        1.0       0.73      0.58      0.64      7841

avg / total       0.84      0.85      0.84     32561

0.0001 constant (200, 300, 100) tanh sgd 0.001
             precision    recall  f1-score   support

       -1.0       0.88      0.93      0.90     24720
        1.0       0.72      0.59      0.65      7841

avg / total       0.84      0.85      0.84     32561

0.0001 constant (200, 400, 100) tanh sgd 0.001
             precision    recall  f1-score   support

       -1.0       0.88      0.93      0.90     24720
        1.0       0.72      0.59      0.65      7841

avg / total       0.84      0.85      0.84     32561

0.0001 constant (400, 100, 40) tanh sgd 0.001
             precision    recall  f1-score   support

       -1.0       0.88      0.93      0.90     24720
        1.0       0.72      0.59      0.65      7841

avg / total       0.84      0.85      0.84     32561

0.0001 constant (400, 200, 100) tanh sgd 0.001
             precision    recall  f1-score   support

       -1.0       0.88      0.93      0.90     24720
        1.0       0.72      0.58      0.64      7841

avg / total       0.84      0.84      0.84     32561

0.0001 constant (400, 200, 100, 30) tanh sgd 0.001
             precision    recall  f1-score   support

       -1.0       0.88      0.92      0.90     24720
        1.0       0.72      0.60      0.66      7841

avg / total       0.84      0.85      0.84     32561

0.0001 constant (200, 400, 100, 30) tanh sgd 0.001
             precision    recall  f1-score   support

       -1.0       0.88      0.93      0.90     24720
        1.0       0.72      0.59      0.65      7841

avg / total       0.84      0.85      0.84     32561

0.0001 constant (100, 20) tanh sgd 0.01
             precision    recall  f1-score   support

       -1.0       0.88      0.93      0.90     24720
        1.0       0.72      0.58      0.65      7841

avg / total       0.84      0.85      0.84     32561

0.0001 constant (200, 50) tanh sgd 0.01
             precision    recall  f1-score   support

       -1.0       0.87      0.93      0.90     24720
        1.0       0.72      0.57      0.64      7841

avg / total       0.84      0.84      0.84     32561

0.0001 constant (200, 20) tanh sgd 0.01
             precision    recall  f1-score   support

       -1.0       0.76      1.00      0.87     24720
        1.0       0.80      0.03      0.06      7841

avg / total       0.77      0.76      0.67     32561

0.0001 constant (200, 300, 100) tanh sgd 0.01
             precision    recall  f1-score   support

       -1.0       0.73      0.25      0.37     24720
        1.0       0.23      0.71      0.35      7841

avg / total       0.61      0.36      0.36     32561

