-t 2 -c 0.0001 -g 0.00102 -r 0 (76.3773723972729, 0.9449051041090842, nan)
-t 2 -c 0.0001 -g 0.00102 -r 1 (76.3773723972729, 0.9449051041090842, nan)
-t 2 -c 0.0001 -g 0.00102 -r 2 (76.3773723972729, 0.9449051041090842, nan)
-t 2 -c 0.0001 -g 0.00203 -r 0 (76.3773723972729, 0.9449051041090842, nan)
-t 2 -c 0.0001 -g 0.00203 -r 1 (76.3773723972729, 0.9449051041090842, nan)
-t 2 -c 0.0001 -g 0.00203 -r 2 (76.3773723972729, 0.9449051041090842, nan)
-t 2 -c 0.0001 -g 0.00407 -r 0 (76.3773723972729, 0.9449051041090842, nan)
-t 2 -c 0.0001 -g 0.00407 -r 1 (76.3773723972729, 0.9449051041090842, nan)
-t 2 -c 0.0001 -g 0.00407 -r 2 (76.3773723972729, 0.9449051041090842, nan)
-t 2 -c 0.0001 -g 0.00813 -r 0 (76.3773723972729, 0.9449051041090842, nan)
-t 2 -c 0.0001 -g 0.00813 -r 1 (76.3773723972729, 0.9449051041090842, nan)
-t 2 -c 0.0001 -g 0.00813 -r 2 (76.3773723972729, 0.9449051041090842, nan)
-t 2 -c 0.0001 -g 0.01626 -r 0 (76.3773723972729, 0.9449051041090842, nan)
-t 2 -c 0.0001 -g 0.01626 -r 1 (76.3773723972729, 0.9449051041090842, nan)
-t 2 -c 0.0001 -g 0.01626 -r 2 (76.3773723972729, 0.9449051041090842, nan)
-t 2 -c 0.0001 -g 0.03252 -r 0 (76.3773723972729, 0.9449051041090842, nan)
-t 2 -c 0.0001 -g 0.03252 -r 1 (76.3773723972729, 0.9449051041090842, nan)
-t 2 -c 0.0001 -g 0.03252 -r 2 (76.3773723972729, 0.9449051041090842, nan)
-t 2 -c 0.0001 -g 0.06504 -r 0 (76.3773723972729, 0.9449051041090842, nan)
-t 2 -c 0.0001 -g 0.06504 -r 1 (76.3773723972729, 0.9449051041090842, nan)
-t 2 -c 0.0001 -g 0.06504 -r 2 (76.3773723972729, 0.9449051041090842, nan)
-t 2 -c 0.0004 -g 0.00102 -r 0 (76.3773723972729, 0.9449051041090842, nan)
-t 2 -c 0.0004 -g 0.00102 -r 1 (76.3773723972729, 0.9449051041090842, nan)
-t 2 -c 0.0004 -g 0.00102 -r 2 (76.3773723972729, 0.9449051041090842, nan)
-t 2 -c 0.0004 -g 0.00203 -r 0 (76.3773723972729, 0.9449051041090842, nan)
-t 2 -c 0.0004 -g 0.00203 -r 1 (76.3773723972729, 0.9449051041090842, nan)
-t 2 -c 0.0004 -g 0.00203 -r 2 (76.3773723972729, 0.9449051041090842, nan)
-t 2 -c 0.0004 -g 0.00407 -r 0 (76.3773723972729, 0.9449051041090842, nan)
-t 2 -c 0.0004 -g 0.00407 -r 1 (76.3773723972729, 0.9449051041090842, nan)
-t 2 -c 0.0004 -g 0.00407 -r 2 (76.3773723972729, 0.9449051041090842, nan)
-t 2 -c 0.0004 -g 0.00813 -r 0 (76.3773723972729, 0.9449051041090842, nan)
-t 2 -c 0.0004 -g 0.00813 -r 1 (76.3773723972729, 0.9449051041090842, nan)
-t 2 -c 0.0004 -g 0.00813 -r 2 (76.3773723972729, 0.9449051041090842, nan)
-t 2 -c 0.0004 -g 0.01626 -r 0 (76.3773723972729, 0.9449051041090842, nan)
-t 2 -c 0.0004 -g 0.01626 -r 1 (76.3773723972729, 0.9449051041090842, nan)
-t 2 -c 0.0004 -g 0.01626 -r 2 (76.3773723972729, 0.9449051041090842, nan)
-t 2 -c 0.0004 -g 0.03252 -r 0 (76.3773723972729, 0.9449051041090842, nan)
-t 2 -c 0.0004 -g 0.03252 -r 1 (76.3773723972729, 0.9449051041090842, nan)
-t 2 -c 0.0004 -g 0.03252 -r 2 (76.3773723972729, 0.9449051041090842, nan)
-t 2 -c 0.0004 -g 0.06504 -r 0 (76.3773723972729, 0.9449051041090842, nan)
-t 2 -c 0.0004 -g 0.06504 -r 1 (76.3773723972729, 0.9449051041090842, nan)
-t 2 -c 0.0004 -g 0.06504 -r 2 (76.3773723972729, 0.9449051041090842, nan)
-t 2 -c 0.0016 -g 0.00102 -r 0 (76.3773723972729, 0.9449051041090842, nan)
-t 2 -c 0.0016 -g 0.00102 -r 1 (76.3773723972729, 0.9449051041090842, nan)
-t 2 -c 0.0016 -g 0.00102 -r 2 (76.3773723972729, 0.9449051041090842, nan)
-t 2 -c 0.0016 -g 0.00203 -r 0 (76.3773723972729, 0.9449051041090842, nan)
-t 2 -c 0.0016 -g 0.00203 -r 1 (76.3773723972729, 0.9449051041090842, nan)
-t 2 -c 0.0016 -g 0.00203 -r 2 (76.3773723972729, 0.9449051041090842, nan)
-t 2 -c 0.0016 -g 0.00407 -r 0 (76.3773723972729, 0.9449051041090842, nan)
-t 2 -c 0.0016 -g 0.00407 -r 1 (76.3773723972729, 0.9449051041090842, nan)
-t 2 -c 0.0016 -g 0.00407 -r 2 (76.3773723972729, 0.9449051041090842, nan)
-t 2 -c 0.0016 -g 0.00813 -r 0 (76.3773723972729, 0.9449051041090842, nan)
-t 2 -c 0.0016 -g 0.00813 -r 1 (76.3773723972729, 0.9449051041090842, nan)
-t 2 -c 0.0016 -g 0.00813 -r 2 (76.3773723972729, 0.9449051041090842, nan)
-t 2 -c 0.0016 -g 0.01626 -r 0 (76.3773723972729, 0.9449051041090842, nan)
-t 2 -c 0.0016 -g 0.01626 -r 1 (76.3773723972729, 0.9449051041090842, nan)
-t 2 -c 0.0016 -g 0.01626 -r 2 (76.3773723972729, 0.9449051041090842, nan)
-t 2 -c 0.0016 -g 0.03252 -r 0 (76.3773723972729, 0.9449051041090842, nan)
-t 2 -c 0.0016 -g 0.03252 -r 1 (76.3773723972729, 0.9449051041090842, nan)
-t 2 -c 0.0016 -g 0.03252 -r 2 (76.3773723972729, 0.9449051041090842, nan)
-t 2 -c 0.0016 -g 0.06504 -r 0 (76.3773723972729, 0.9449051041090842, nan)
-t 2 -c 0.0016 -g 0.06504 -r 1 (76.3773723972729, 0.9449051041090842, nan)
-t 2 -c 0.0016 -g 0.06504 -r 2 (76.3773723972729, 0.9449051041090842, nan)
-t 2 -c 0.0064 -g 0.00102 -r 0 (76.3773723972729, 0.9449051041090842, nan)
-t 2 -c 0.0064 -g 0.00102 -r 1 (76.3773723972729, 0.9449051041090842, nan)
-t 2 -c 0.0064 -g 0.00102 -r 2 (76.3773723972729, 0.9449051041090842, nan)
-t 2 -c 0.0064 -g 0.00203 -r 0 (76.3773723972729, 0.9449051041090842, nan)
-t 2 -c 0.0064 -g 0.00203 -r 1 (76.3773723972729, 0.9449051041090842, nan)
-t 2 -c 0.0064 -g 0.00203 -r 2 (76.3773723972729, 0.9449051041090842, nan)
-t 2 -c 0.0064 -g 0.00407 -r 0 (76.3773723972729, 0.9449051041090842, nan)
-t 2 -c 0.0064 -g 0.00407 -r 1 (76.3773723972729, 0.9449051041090842, nan)
-t 2 -c 0.0064 -g 0.00407 -r 2 (76.3773723972729, 0.9449051041090842, nan)
-t 2 -c 0.0064 -g 0.00813 -r 0 (76.3773723972729, 0.9449051041090842, nan)
-t 2 -c 0.0064 -g 0.00813 -r 1 (76.3773723972729, 0.9449051041090842, nan)
-t 2 -c 0.0064 -g 0.00813 -r 2 (76.3773723972729, 0.9449051041090842, nan)
-t 2 -c 0.0064 -g 0.01626 -r 0 (76.3773723972729, 0.9449051041090842, nan)
-t 2 -c 0.0064 -g 0.01626 -r 1 (76.3773723972729, 0.9449051041090842, nan)
-t 2 -c 0.0064 -g 0.01626 -r 2 (76.3773723972729, 0.9449051041090842, nan)
-t 2 -c 0.0064 -g 0.03252 -r 0 (79.6449849517843, 0.8142006019286284, 0.10444899868783616)
-t 2 -c 0.0064 -g 0.03252 -r 1 (79.6449849517843, 0.8142006019286284, 0.10444899868783616)
-t 2 -c 0.0064 -g 0.03252 -r 2 (79.6449849517843, 0.8142006019286284, 0.10444899868783616)
-t 2 -c 0.0064 -g 0.06504 -r 0 (82.27995823352374, 0.7088016706590504, 0.19233745071662262)
-t 2 -c 0.0064 -g 0.06504 -r 1 (82.27995823352374, 0.7088016706590504, 0.19233745071662262)
-t 2 -c 0.0064 -g 0.06504 -r 2 (82.27995823352374, 0.7088016706590504, 0.19233745071662262)
-t 2 -c 0.0256 -g 0.00102 -r 0 (76.3773723972729, 0.9449051041090842, nan)
-t 2 -c 0.0256 -g 0.00102 -r 1 (76.3773723972729, 0.9449051041090842, nan)
-t 2 -c 0.0256 -g 0.00102 -r 2 (76.3773723972729, 0.9449051041090842, nan)
-t 2 -c 0.0256 -g 0.00203 -r 0 (76.3773723972729, 0.9449051041090842, nan)
-t 2 -c 0.0256 -g 0.00203 -r 1 (76.3773723972729, 0.9449051041090842, nan)
-t 2 -c 0.0256 -g 0.00203 -r 2 (76.3773723972729, 0.9449051041090842, nan)
-t 2 -c 0.0256 -g 0.00407 -r 0 (76.6783367115042, 0.9328665315398317, 0.009644911518529076)
-t 2 -c 0.0256 -g 0.00407 -r 1 (76.6783367115042, 0.9328665315398317, 0.009644911518529076)
-t 2 -c 0.0256 -g 0.00407 -r 2 (76.6783367115042, 0.9328665315398317, 0.009644911518529076)
-t 2 -c 0.0256 -g 0.00813 -r 0 (82.00356243473988, 0.7198575026104048, 0.1820586598687047)
-t 2 -c 0.0256 -g 0.00813 -r 1 (82.00356243473988, 0.7198575026104048, 0.1820586598687047)
-t 2 -c 0.0256 -g 0.00813 -r 2 (82.00356243473988, 0.7198575026104048, 0.1820586598687047)
-t 2 -c 0.0256 -g 0.01626 -r 0 (83.56366316565321, 0.6574534733738714, 0.241559188163385)
-t 2 -c 0.0256 -g 0.01626 -r 1 (83.56366316565321, 0.6574534733738714, 0.241559188163385)
-t 2 -c 0.0256 -g 0.01626 -r 2 (83.56366316565321, 0.6574534733738714, 0.241559188163385)
-t 2 -c 0.0256 -g 0.03252 -r 0 (83.7847798046803, 0.648608807812788, 0.2544810068191602)
-t 2 -c 0.0256 -g 0.03252 -r 1 (83.7847798046803, 0.648608807812788, 0.2544810068191602)
-t 2 -c 0.0256 -g 0.03252 -r 2 (83.7847798046803, 0.648608807812788, 0.2544810068191602)
-t 2 -c 0.0256 -g 0.06504 -r 0 (83.57594742337695, 0.6569621030649223, 0.24737360859568447)
-t 2 -c 0.0256 -g 0.06504 -r 1 (83.57594742337695, 0.6569621030649223, 0.24737360859568447)
-t 2 -c 0.0256 -g 0.06504 -r 2 (83.57594742337695, 0.6569621030649223, 0.24737360859568447)
-t 2 -c 0.1024 -g 0.00102 -r 0 (76.84417419077452, 0.9262330323690191, 0.014742307011215155)
-t 2 -c 0.1024 -g 0.00102 -r 1 (76.84417419077452, 0.9262330323690191, 0.014742307011215155)
-t 2 -c 0.1024 -g 0.00102 -r 2 (76.84417419077452, 0.9262330323690191, 0.014742307011215155)
-t 2 -c 0.1024 -g 0.00203 -r 0 (82.29224249124746, 0.7083103003501013, 0.1923677613348036)
-t 2 -c 0.1024 -g 0.00203 -r 1 (82.29224249124746, 0.7083103003501013, 0.1923677613348036)
-t 2 -c 0.1024 -g 0.00203 -r 2 (82.29224249124746, 0.7083103003501013, 0.1923677613348036)
-t 2 -c 0.1024 -g 0.00407 -r 0 (83.72335851606167, 0.6510656593575334, 0.24824924115232036)
-t 2 -c 0.1024 -g 0.00407 -r 1 (83.72335851606167, 0.6510656593575334, 0.24824924115232036)
-t 2 -c 0.1024 -g 0.00407 -r 2 (83.72335851606167, 0.6510656593575334, 0.24824924115232036)
-t 2 -c 0.1024 -g 0.00813 -r 0 (84.19630243842516, 0.6321479024629937, 0.27181289726032093)
-t 2 -c 0.1024 -g 0.00813 -r 1 (84.19630243842516, 0.6321479024629937, 0.27181289726032093)
-t 2 -c 0.1024 -g 0.00813 -r 2 (84.19630243842516, 0.6321479024629937, 0.27181289726032093)
-t 2 -c 0.1024 -g 0.01626 -r 0 (84.3928505620048, 0.6242859775198084, 0.2819846877764167)
-t 2 -c 0.1024 -g 0.01626 -r 1 (84.3928505620048, 0.6242859775198084, 0.2819846877764167)
-t 2 -c 0.1024 -g 0.01626 -r 2 (84.3928505620048, 0.6242859775198084, 0.2819846877764167)
-t 2 -c 0.1024 -g 0.03252 -r 0 (84.50955101038019, 0.619617959584792, 0.2867560687795406)
-t 2 -c 0.1024 -g 0.03252 -r 1 (84.50955101038019, 0.619617959584792, 0.2867560687795406)
-t 2 -c 0.1024 -g 0.03252 -r 2 (84.50955101038019, 0.619617959584792, 0.2867560687795406)
-t 2 -c 0.1024 -g 0.06504 -r 0 (84.36828204655734, 0.6252687181377066, 0.28226268196486515)
-t 2 -c 0.1024 -g 0.06504 -r 1 (84.36828204655734, 0.6252687181377066, 0.28226268196486515)
-t 2 -c 0.1024 -g 0.06504 -r 2 (84.36828204655734, 0.6252687181377066, 0.28226268196486515)
-t 2 -c 0.4096 -g 0.00102 -r 0 (83.76021128923284, 0.6495915484306861, 0.24992934167077765)
-t 2 -c 0.4096 -g 0.00102 -r 1 (83.76021128923284, 0.6495915484306861, 0.24992934167077765)
-t 2 -c 0.4096 -g 0.00102 -r 2 (83.76021128923284, 0.6495915484306861, 0.24992934167077765)
-t 2 -c 0.4096 -g 0.00203 -r 0 (84.23315521159634, 0.6306737915361464, 0.274043346108177)
-t 2 -c 0.4096 -g 0.00203 -r 1 (84.23315521159634, 0.6306737915361464, 0.274043346108177)
-t 2 -c 0.4096 -g 0.00203 -r 2 (84.23315521159634, 0.6306737915361464, 0.274043346108177)
-t 2 -c 0.4096 -g 0.00407 -r 0 (84.63239358761747, 0.6147042564953012, 0.29236890629875795)
-t 2 -c 0.4096 -g 0.00407 -r 1 (84.63239358761747, 0.6147042564953012, 0.29236890629875795)
-t 2 -c 0.4096 -g 0.00407 -r 2 (84.63239358761747, 0.6147042564953012, 0.29236890629875795)
-t 2 -c 0.4096 -g 0.00813 -r 0 (84.75523616485474, 0.6097905534058105, 0.2989233770791779)
-t 2 -c 0.4096 -g 0.00813 -r 1 (84.75523616485474, 0.6097905534058105, 0.2989233770791779)
-t 2 -c 0.4096 -g 0.00813 -r 2 (84.75523616485474, 0.6097905534058105, 0.2989233770791779)
-t 2 -c 0.4096 -g 0.01626 -r 0 (84.7613782937166, 0.6095448682513359, 0.29989776716053496)
-t 2 -c 0.4096 -g 0.01626 -r 1 (84.7613782937166, 0.6095448682513359, 0.29989776716053496)
-t 2 -c 0.4096 -g 0.01626 -r 2 (84.7613782937166, 0.6095448682513359, 0.29989776716053496)
-t 2 -c 0.4096 -g 0.03252 -r 0 (84.71838339168356, 0.6112646643326577, 0.29819661960365523)
-t 2 -c 0.4096 -g 0.03252 -r 1 (84.71838339168356, 0.6112646643326577, 0.29819661960365523)
-t 2 -c 0.4096 -g 0.03252 -r 2 (84.71838339168356, 0.6112646643326577, 0.29819661960365523)
-t 2 -c 0.4096 -g 0.06504 -r 0 (84.95178428843437, 0.6019286284626252, 0.3073253303673986)
-t 2 -c 0.4096 -g 0.06504 -r 1 (84.95178428843437, 0.6019286284626252, 0.3073253303673986)
-t 2 -c 0.4096 -g 0.06504 -r 2 (84.95178428843437, 0.6019286284626252, 0.3073253303673986)
-t 2 -c 1.6384 -g 0.00102 -r 0 (84.70609913395982, 0.6117560346416068, 0.2957171758300553)
-t 2 -c 1.6384 -g 0.00102 -r 1 (84.70609913395982, 0.6117560346416068, 0.2957171758300553)
-t 2 -c 1.6384 -g 0.00102 -r 2 (84.70609913395982, 0.6117560346416068, 0.2957171758300553)
-t 2 -c 1.6384 -g 0.00203 -r 0 (84.81665745347337, 0.6073337018610651, 0.3020152331990764)
-t 2 -c 1.6384 -g 0.00203 -r 1 (84.81665745347337, 0.6073337018610651, 0.3020152331990764)
-t 2 -c 1.6384 -g 0.00203 -r 2 (84.81665745347337, 0.6073337018610651, 0.3020152331990764)
-t 2 -c 1.6384 -g 0.00407 -r 0 (84.90264725753946, 0.6038941096984215, 0.3072583516642247)
-t 2 -c 1.6384 -g 0.00407 -r 1 (84.90264725753946, 0.6038941096984215, 0.3072583516642247)
-t 2 -c 1.6384 -g 0.00407 -r 2 (84.90264725753946, 0.6038941096984215, 0.3072583516642247)
-t 2 -c 1.6384 -g 0.00813 -r 0 (84.8289417111971, 0.606842331552116, 0.3040065303402187)
-t 2 -c 1.6384 -g 0.00813 -r 1 (84.8289417111971, 0.606842331552116, 0.3040065303402187)
-t 2 -c 1.6384 -g 0.00813 -r 2 (84.8289417111971, 0.606842331552116, 0.3040065303402187)
-t 2 -c 1.6384 -g 0.01626 -r 0 (84.86579448436828, 0.6053682206252687, 0.30572060980016624)
-t 2 -c 1.6384 -g 0.01626 -r 1 (84.86579448436828, 0.6053682206252687, 0.30572060980016624)
-t 2 -c 1.6384 -g 0.01626 -r 2 (84.86579448436828, 0.6053682206252687, 0.30572060980016624)
-t 2 -c 1.6384 -g 0.03252 -r 0 (85.11147963884282, 0.595540814446287, 0.31449403186182173)
-t 2 -c 1.6384 -g 0.03252 -r 1 (85.11147963884282, 0.595540814446287, 0.31449403186182173)
-t 2 -c 1.6384 -g 0.03252 -r 2 (85.11147963884282, 0.595540814446287, 0.31449403186182173)
-t 2 -c 1.6384 -g 0.06504 -r 0 (85.01934770591487, 0.5992260917634052, 0.3132902657971752)
-t 2 -c 1.6384 -g 0.06504 -r 1 (85.01934770591487, 0.5992260917634052, 0.3132902657971752)
-t 2 -c 1.6384 -g 0.06504 -r 2 (85.01934770591487, 0.5992260917634052, 0.3132902657971752)
-t 2 -c 6.5536 -g 0.00102 -r 0 (84.92107364412506, 0.6031570542349979, 0.30808836098167786)
-t 2 -c 6.5536 -g 0.00102 -r 1 (84.92107364412506, 0.6031570542349979, 0.30808836098167786)
-t 2 -c 6.5536 -g 0.00102 -r 2 (84.92107364412506, 0.6031570542349979, 0.30808836098167786)
-t 2 -c 6.5536 -g 0.00203 -r 0 (84.95792641729624, 0.6016829433081506, 0.3099940360896423)
-t 2 -c 6.5536 -g 0.00203 -r 1 (84.95792641729624, 0.6016829433081506, 0.3099940360896423)
-t 2 -c 6.5536 -g 0.00203 -r 2 (84.95792641729624, 0.6016829433081506, 0.3099940360896423)
-t 2 -c 6.5536 -g 0.00407 -r 0 (84.84122596892082, 0.6063509612431669, 0.3061122965247707)
-t 2 -c 6.5536 -g 0.00407 -r 1 (84.84122596892082, 0.6063509612431669, 0.3061122965247707)
-t 2 -c 6.5536 -g 0.00407 -r 2 (84.84122596892082, 0.6063509612431669, 0.3061122965247707)
-t 2 -c 6.5536 -g 0.00813 -r 0 (84.95178428843437, 0.6019286284626252, 0.3096353872327196)
-t 2 -c 6.5536 -g 0.00813 -r 1 (84.95178428843437, 0.6019286284626252, 0.3096353872327196)
-t 2 -c 6.5536 -g 0.00813 -r 2 (84.95178428843437, 0.6019286284626252, 0.3096353872327196)
-t 2 -c 6.5536 -g 0.01626 -r 0 (85.08691112339537, 0.5965235550641852, 0.3141969683790619)
-t 2 -c 6.5536 -g 0.01626 -r 1 (85.08691112339537, 0.5965235550641852, 0.3141969683790619)
-t 2 -c 6.5536 -g 0.01626 -r 2 (85.08691112339537, 0.5965235550641852, 0.3141969683790619)
-t 2 -c 6.5536 -g 0.03252 -r 0 (85.07462686567165, 0.5970149253731343, 0.3158688158498646)
-t 2 -c 6.5536 -g 0.03252 -r 1 (85.07462686567165, 0.5970149253731343, 0.3158688158498646)
-t 2 -c 6.5536 -g 0.03252 -r 2 (85.07462686567165, 0.5970149253731343, 0.3158688158498646)
-t 2 -c 6.5536 -g 0.06504 -r 0 (84.79823106688778, 0.6080707573244887, 0.30934659281587523)
-t 2 -c 6.5536 -g 0.06504 -r 1 (84.79823106688778, 0.6080707573244887, 0.30934659281587523)
-t 2 -c 6.5536 -g 0.06504 -r 2 (84.79823106688778, 0.6080707573244887, 0.30934659281587523)
-t 2 -c 26.2144 -g 0.00102 -r 0 (85.01934770591487, 0.5992260917634052, 0.31285732826141843)
-t 2 -c 26.2144 -g 0.00102 -r 1 (85.01934770591487, 0.5992260917634052, 0.31285732826141843)
-t 2 -c 26.2144 -g 0.00102 -r 2 (85.01934770591487, 0.5992260917634052, 0.31285732826141843)
-t 2 -c 26.2144 -g 0.00203 -r 0 (84.95792641729624, 0.6016829433081506, 0.3109162012141642)
-t 2 -c 26.2144 -g 0.00203 -r 1 (84.95792641729624, 0.6016829433081506, 0.3109162012141642)
-t 2 -c 26.2144 -g 0.00203 -r 2 (84.95792641729624, 0.6016829433081506, 0.3109162012141642)
-t 2 -c 26.2144 -g 0.00407 -r 0 (84.92721577298691, 0.6029113690805233, 0.30923759024317937)
-t 2 -c 26.2144 -g 0.00407 -r 1 (84.92721577298691, 0.6029113690805233, 0.30923759024317937)
-t 2 -c 26.2144 -g 0.00407 -r 2 (84.92721577298691, 0.6029113690805233, 0.30923759024317937)
-t 2 -c 26.2144 -g 0.00813 -r 0 (85.05005835022419, 0.5979976659910325, 0.3133730916566434)
-t 2 -c 26.2144 -g 0.00813 -r 1 (85.05005835022419, 0.5979976659910325, 0.3133730916566434)
-t 2 -c 26.2144 -g 0.00813 -r 2 (85.05005835022419, 0.5979976659910325, 0.3133730916566434)
-t 2 -c 26.2144 -g 0.01626 -r 0 (84.98249493274369, 0.6007002026902525, 0.31344035574120277)
-t 2 -c 26.2144 -g 0.01626 -r 1 (84.98249493274369, 0.6007002026902525, 0.31344035574120277)
-t 2 -c 26.2144 -g 0.01626 -r 2 (84.98249493274369, 0.6007002026902525, 0.31344035574120277)
-t 2 -c 26.2144 -g 0.03252 -r 0 (84.84736809778269, 0.6061052760886924, 0.31117094003883516)
-t 2 -c 26.2144 -g 0.03252 -r 1 (84.84736809778269, 0.6061052760886924, 0.31117094003883516)
-t 2 -c 26.2144 -g 0.03252 -r 2 (84.84736809778269, 0.6061052760886924, 0.31117094003883516)
-t 2 -c 26.2144 -g 0.06504 -r 0 (83.82163257785149, 0.6471346968859407, 0.28460052568488564)
-t 2 -c 26.2144 -g 0.06504 -r 1 (83.82163257785149, 0.6471346968859407, 0.28460052568488564)
-t 2 -c 26.2144 -g 0.06504 -r 2 (83.82163257785149, 0.6471346968859407, 0.28460052568488564)
-t 2 -c 104.8576 -g 0.00102 -r 0 (84.95178428843437, 0.6019286284626252, 0.3113032444823309)
-t 2 -c 104.8576 -g 0.00102 -r 1 (84.95178428843437, 0.6019286284626252, 0.3113032444823309)
-t 2 -c 104.8576 -g 0.00102 -r 2 (84.95178428843437, 0.6019286284626252, 0.3113032444823309)
-t 2 -c 104.8576 -g 0.00203 -r 0 (84.90878938640132, 0.603648424543947, 0.30908302542069477)
-t 2 -c 104.8576 -g 0.00203 -r 1 (84.90878938640132, 0.603648424543947, 0.30908302542069477)
-t 2 -c 104.8576 -g 0.00203 -r 2 (84.90878938640132, 0.603648424543947, 0.30908302542069477)
-t 2 -c 104.8576 -g 0.00407 -r 0 (85.06234260794791, 0.5975062956820834, 0.31409265002048947)
-t 2 -c 104.8576 -g 0.00407 -r 1 (85.06234260794791, 0.5975062956820834, 0.31409265002048947)
-t 2 -c 104.8576 -g 0.00407 -r 2 (85.06234260794791, 0.5975062956820834, 0.31409265002048947)
-t 2 -c 104.8576 -g 0.00813 -r 0 (84.92721577298691, 0.6029113690805233, 0.3116894006751711)
-t 2 -c 104.8576 -g 0.00813 -r 1 (84.92721577298691, 0.6029113690805233, 0.3116894006751711)
-t 2 -c 104.8576 -g 0.00813 -r 2 (84.92721577298691, 0.6029113690805233, 0.3116894006751711)
-t 2 -c 104.8576 -g 0.01626 -r 0 (84.79823106688778, 0.6080707573244887, 0.30981719186894896)
-t 2 -c 104.8576 -g 0.01626 -r 1 (84.79823106688778, 0.6080707573244887, 0.30981719186894896)
-t 2 -c 104.8576 -g 0.01626 -r 2 (84.79823106688778, 0.6080707573244887, 0.30981719186894896)
-t 2 -c 104.8576 -g 0.03252 -r 0 (83.96290154167434, 0.6414839383330262, 0.288582535602429)
-t 2 -c 104.8576 -g 0.03252 -r 1 (83.96290154167434, 0.6414839383330262, 0.288582535602429)
-t 2 -c 104.8576 -g 0.03252 -r 2 (83.96290154167434, 0.6414839383330262, 0.288582535602429)
-t 2 -c 104.8576 -g 0.06504 -r 0 (82.12640501197716, 0.7149437995209139, 0.239640430541027)
-t 2 -c 104.8576 -g 0.06504 -r 1 (82.12640501197716, 0.7149437995209139, 0.239640430541027)
-t 2 -c 104.8576 -g 0.06504 -r 2 (82.12640501197716, 0.7149437995209139, 0.239640430541027)
