-t 2 -c 0.0001 -g 0.00102 -r 0 (70.0, 1.2, nan)
-t 2 -c 0.0001 -g 0.00102 -r 1 (70.0, 1.2, nan)
-t 2 -c 0.0001 -g 0.00102 -r 2 (70.0, 1.2, nan)
-t 2 -c 0.0001 -g 0.00203 -r 0 (70.0, 1.2, nan)
-t 2 -c 0.0001 -g 0.00203 -r 1 (70.0, 1.2, nan)
-t 2 -c 0.0001 -g 0.00203 -r 2 (70.0, 1.2, nan)
-t 2 -c 0.0001 -g 0.00407 -r 0 (70.0, 1.2, nan)
-t 2 -c 0.0001 -g 0.00407 -r 1 (70.0, 1.2, nan)
-t 2 -c 0.0001 -g 0.00407 -r 2 (70.0, 1.2, nan)
-t 2 -c 0.0001 -g 0.00813 -r 0 (70.0, 1.2, nan)
-t 2 -c 0.0001 -g 0.00813 -r 1 (70.0, 1.2, nan)
-t 2 -c 0.0001 -g 0.00813 -r 2 (70.0, 1.2, nan)
-t 2 -c 0.0001 -g 0.01626 -r 0 (70.0, 1.2, nan)
-t 2 -c 0.0001 -g 0.01626 -r 1 (70.0, 1.2, nan)
-t 2 -c 0.0001 -g 0.01626 -r 2 (70.0, 1.2, nan)
-t 2 -c 0.0001 -g 0.03252 -r 0 (70.0, 1.2, nan)
-t 2 -c 0.0001 -g 0.03252 -r 1 (70.0, 1.2, nan)
-t 2 -c 0.0001 -g 0.03252 -r 2 (70.0, 1.2, nan)
-t 2 -c 0.0001 -g 0.06504 -r 0 (70.0, 1.2, nan)
-t 2 -c 0.0001 -g 0.06504 -r 1 (70.0, 1.2, nan)
-t 2 -c 0.0001 -g 0.06504 -r 2 (70.0, 1.2, nan)
-t 2 -c 0.0004 -g 0.00102 -r 0 (70.0, 1.2, nan)
-t 2 -c 0.0004 -g 0.00102 -r 1 (70.0, 1.2, nan)
-t 2 -c 0.0004 -g 0.00102 -r 2 (70.0, 1.2, nan)
-t 2 -c 0.0004 -g 0.00203 -r 0 (70.0, 1.2, nan)
-t 2 -c 0.0004 -g 0.00203 -r 1 (70.0, 1.2, nan)
-t 2 -c 0.0004 -g 0.00203 -r 2 (70.0, 1.2, nan)
-t 2 -c 0.0004 -g 0.00407 -r 0 (70.0, 1.2, nan)
-t 2 -c 0.0004 -g 0.00407 -r 1 (70.0, 1.2, nan)
-t 2 -c 0.0004 -g 0.00407 -r 2 (70.0, 1.2, nan)
-t 2 -c 0.0004 -g 0.00813 -r 0 (70.0, 1.2, nan)
-t 2 -c 0.0004 -g 0.00813 -r 1 (70.0, 1.2, nan)
-t 2 -c 0.0004 -g 0.00813 -r 2 (70.0, 1.2, nan)
-t 2 -c 0.0004 -g 0.01626 -r 0 (70.0, 1.2, nan)
-t 2 -c 0.0004 -g 0.01626 -r 1 (70.0, 1.2, nan)
-t 2 -c 0.0004 -g 0.01626 -r 2 (70.0, 1.2, nan)
-t 2 -c 0.0004 -g 0.03252 -r 0 (70.0, 1.2, nan)
-t 2 -c 0.0004 -g 0.03252 -r 1 (70.0, 1.2, nan)
-t 2 -c 0.0004 -g 0.03252 -r 2 (70.0, 1.2, nan)
-t 2 -c 0.0004 -g 0.06504 -r 0 (70.0, 1.2, nan)
-t 2 -c 0.0004 -g 0.06504 -r 1 (70.0, 1.2, nan)
-t 2 -c 0.0004 -g 0.06504 -r 2 (70.0, 1.2, nan)
-t 2 -c 0.0016 -g 0.00102 -r 0 (70.0, 1.2, nan)
-t 2 -c 0.0016 -g 0.00102 -r 1 (70.0, 1.2, nan)
-t 2 -c 0.0016 -g 0.00102 -r 2 (70.0, 1.2, nan)
-t 2 -c 0.0016 -g 0.00203 -r 0 (70.0, 1.2, nan)
-t 2 -c 0.0016 -g 0.00203 -r 1 (70.0, 1.2, nan)
-t 2 -c 0.0016 -g 0.00203 -r 2 (70.0, 1.2, nan)
-t 2 -c 0.0016 -g 0.00407 -r 0 (70.0, 1.2, nan)
-t 2 -c 0.0016 -g 0.00407 -r 1 (70.0, 1.2, nan)
-t 2 -c 0.0016 -g 0.00407 -r 2 (70.0, 1.2, nan)
-t 2 -c 0.0016 -g 0.00813 -r 0 (70.0, 1.2, nan)
-t 2 -c 0.0016 -g 0.00813 -r 1 (70.0, 1.2, nan)
-t 2 -c 0.0016 -g 0.00813 -r 2 (70.0, 1.2, nan)
-t 2 -c 0.0016 -g 0.01626 -r 0 (70.0, 1.2, nan)
-t 2 -c 0.0016 -g 0.01626 -r 1 (70.0, 1.2, nan)
-t 2 -c 0.0016 -g 0.01626 -r 2 (70.0, 1.2, nan)
-t 2 -c 0.0016 -g 0.03252 -r 0 (70.0, 1.2, nan)
-t 2 -c 0.0016 -g 0.03252 -r 1 (70.0, 1.2, nan)
-t 2 -c 0.0016 -g 0.03252 -r 2 (70.0, 1.2, nan)
-t 2 -c 0.0016 -g 0.06504 -r 0 (70.0, 1.2, nan)
-t 2 -c 0.0016 -g 0.06504 -r 1 (70.0, 1.2, nan)
-t 2 -c 0.0016 -g 0.06504 -r 2 (70.0, 1.2, nan)
-t 2 -c 0.0064 -g 0.00102 -r 0 (70.0, 1.2, nan)
-t 2 -c 0.0064 -g 0.00102 -r 1 (70.0, 1.2, nan)
-t 2 -c 0.0064 -g 0.00102 -r 2 (70.0, 1.2, nan)
-t 2 -c 0.0064 -g 0.00203 -r 0 (70.0, 1.2, nan)
-t 2 -c 0.0064 -g 0.00203 -r 1 (70.0, 1.2, nan)
-t 2 -c 0.0064 -g 0.00203 -r 2 (70.0, 1.2, nan)
-t 2 -c 0.0064 -g 0.00407 -r 0 (70.0, 1.2, nan)
-t 2 -c 0.0064 -g 0.00407 -r 1 (70.0, 1.2, nan)
-t 2 -c 0.0064 -g 0.00407 -r 2 (70.0, 1.2, nan)
-t 2 -c 0.0064 -g 0.00813 -r 0 (70.0, 1.2, nan)
-t 2 -c 0.0064 -g 0.00813 -r 1 (70.0, 1.2, nan)
-t 2 -c 0.0064 -g 0.00813 -r 2 (70.0, 1.2, nan)
-t 2 -c 0.0064 -g 0.01626 -r 0 (70.0, 1.2, nan)
-t 2 -c 0.0064 -g 0.01626 -r 1 (70.0, 1.2, nan)
-t 2 -c 0.0064 -g 0.01626 -r 2 (70.0, 1.2, nan)
-t 2 -c 0.0064 -g 0.03252 -r 0 (70.0, 1.2, nan)
-t 2 -c 0.0064 -g 0.03252 -r 1 (70.0, 1.2, nan)
-t 2 -c 0.0064 -g 0.03252 -r 2 (70.0, 1.2, nan)
-t 2 -c 0.0064 -g 0.06504 -r 0 (70.0, 1.2, nan)
-t 2 -c 0.0064 -g 0.06504 -r 1 (70.0, 1.2, nan)
-t 2 -c 0.0064 -g 0.06504 -r 2 (70.0, 1.2, nan)
-t 2 -c 0.0256 -g 0.00102 -r 0 (70.0, 1.2, nan)
-t 2 -c 0.0256 -g 0.00102 -r 1 (70.0, 1.2, nan)
-t 2 -c 0.0256 -g 0.00102 -r 2 (70.0, 1.2, nan)
-t 2 -c 0.0256 -g 0.00203 -r 0 (70.0, 1.2, nan)
-t 2 -c 0.0256 -g 0.00203 -r 1 (70.0, 1.2, nan)
-t 2 -c 0.0256 -g 0.00203 -r 2 (70.0, 1.2, nan)
-t 2 -c 0.0256 -g 0.00407 -r 0 (70.0, 1.2, nan)
-t 2 -c 0.0256 -g 0.00407 -r 1 (70.0, 1.2, nan)
-t 2 -c 0.0256 -g 0.00407 -r 2 (70.0, 1.2, nan)
-t 2 -c 0.0256 -g 0.00813 -r 0 (70.0, 1.2, nan)
-t 2 -c 0.0256 -g 0.00813 -r 1 (70.0, 1.2, nan)
-t 2 -c 0.0256 -g 0.00813 -r 2 (70.0, 1.2, nan)
-t 2 -c 0.0256 -g 0.01626 -r 0 (70.0, 1.2, nan)
-t 2 -c 0.0256 -g 0.01626 -r 1 (70.0, 1.2, nan)
-t 2 -c 0.0256 -g 0.01626 -r 2 (70.0, 1.2, nan)
-t 2 -c 0.0256 -g 0.03252 -r 0 (70.0, 1.2, nan)
-t 2 -c 0.0256 -g 0.03252 -r 1 (70.0, 1.2, nan)
-t 2 -c 0.0256 -g 0.03252 -r 2 (70.0, 1.2, nan)
-t 2 -c 0.0256 -g 0.06504 -r 0 (70.0, 1.2, nan)
-t 2 -c 0.0256 -g 0.06504 -r 1 (70.0, 1.2, nan)
-t 2 -c 0.0256 -g 0.06504 -r 2 (70.0, 1.2, nan)
-t 2 -c 0.1024 -g 0.00102 -r 0 (70.0, 1.2, nan)
-t 2 -c 0.1024 -g 0.00102 -r 1 (70.0, 1.2, nan)
-t 2 -c 0.1024 -g 0.00102 -r 2 (70.0, 1.2, nan)
-t 2 -c 0.1024 -g 0.00203 -r 0 (70.0, 1.2, nan)
-t 2 -c 0.1024 -g 0.00203 -r 1 (70.0, 1.2, nan)
-t 2 -c 0.1024 -g 0.00203 -r 2 (70.0, 1.2, nan)
-t 2 -c 0.1024 -g 0.00407 -r 0 (70.0, 1.2, nan)
-t 2 -c 0.1024 -g 0.00407 -r 1 (70.0, 1.2, nan)
-t 2 -c 0.1024 -g 0.00407 -r 2 (70.0, 1.2, nan)
-t 2 -c 0.1024 -g 0.00813 -r 0 (70.0, 1.2, nan)
-t 2 -c 0.1024 -g 0.00813 -r 1 (70.0, 1.2, nan)
-t 2 -c 0.1024 -g 0.00813 -r 2 (70.0, 1.2, nan)
-t 2 -c 0.1024 -g 0.01626 -r 0 (70.0, 1.2, nan)
-t 2 -c 0.1024 -g 0.01626 -r 1 (70.0, 1.2, nan)
-t 2 -c 0.1024 -g 0.01626 -r 2 (70.0, 1.2, nan)
-t 2 -c 0.1024 -g 0.03252 -r 0 (70.0, 1.2, nan)
-t 2 -c 0.1024 -g 0.03252 -r 1 (70.0, 1.2, nan)
-t 2 -c 0.1024 -g 0.03252 -r 2 (70.0, 1.2, nan)
-t 2 -c 0.1024 -g 0.06504 -r 0 (70.0, 1.2, nan)
-t 2 -c 0.1024 -g 0.06504 -r 1 (70.0, 1.2, nan)
-t 2 -c 0.1024 -g 0.06504 -r 2 (70.0, 1.2, nan)
-t 2 -c 0.4096 -g 0.00102 -r 0 (70.0, 1.2, nan)
-t 2 -c 0.4096 -g 0.00102 -r 1 (70.0, 1.2, nan)
-t 2 -c 0.4096 -g 0.00102 -r 2 (70.0, 1.2, nan)
-t 2 -c 0.4096 -g 0.00203 -r 0 (70.0, 1.2, nan)
-t 2 -c 0.4096 -g 0.00203 -r 1 (70.0, 1.2, nan)
-t 2 -c 0.4096 -g 0.00203 -r 2 (70.0, 1.2, nan)
-t 2 -c 0.4096 -g 0.00407 -r 0 (70.0, 1.2, nan)
-t 2 -c 0.4096 -g 0.00407 -r 1 (70.0, 1.2, nan)
-t 2 -c 0.4096 -g 0.00407 -r 2 (70.0, 1.2, nan)
-t 2 -c 0.4096 -g 0.00813 -r 0 (70.0, 1.2, nan)
-t 2 -c 0.4096 -g 0.00813 -r 1 (70.0, 1.2, nan)
-t 2 -c 0.4096 -g 0.00813 -r 2 (70.0, 1.2, nan)
-t 2 -c 0.4096 -g 0.01626 -r 0 (70.0, 1.2, nan)
-t 2 -c 0.4096 -g 0.01626 -r 1 (70.0, 1.2, nan)
-t 2 -c 0.4096 -g 0.01626 -r 2 (70.0, 1.2, nan)
-t 2 -c 0.4096 -g 0.03252 -r 0 (70.0, 1.2, nan)
-t 2 -c 0.4096 -g 0.03252 -r 1 (70.0, 1.2, nan)
-t 2 -c 0.4096 -g 0.03252 -r 2 (70.0, 1.2, nan)
-t 2 -c 0.4096 -g 0.06504 -r 0 (70.0, 1.2, nan)
-t 2 -c 0.4096 -g 0.06504 -r 1 (70.0, 1.2, nan)
-t 2 -c 0.4096 -g 0.06504 -r 2 (70.0, 1.2, nan)
-t 2 -c 1.6384 -g 0.00102 -r 0 (70.0, 1.2, nan)
-t 2 -c 1.6384 -g 0.00102 -r 1 (70.0, 1.2, nan)
-t 2 -c 1.6384 -g 0.00102 -r 2 (70.0, 1.2, nan)
-t 2 -c 1.6384 -g 0.00203 -r 0 (70.0, 1.2, nan)
-t 2 -c 1.6384 -g 0.00203 -r 1 (70.0, 1.2, nan)
-t 2 -c 1.6384 -g 0.00203 -r 2 (70.0, 1.2, nan)
-t 2 -c 1.6384 -g 0.00407 -r 0 (70.0, 1.2, nan)
-t 2 -c 1.6384 -g 0.00407 -r 1 (70.0, 1.2, nan)
-t 2 -c 1.6384 -g 0.00407 -r 2 (70.0, 1.2, nan)
-t 2 -c 1.6384 -g 0.00813 -r 0 (70.0, 1.2, nan)
-t 2 -c 1.6384 -g 0.00813 -r 1 (70.0, 1.2, nan)
-t 2 -c 1.6384 -g 0.00813 -r 2 (70.0, 1.2, nan)
-t 2 -c 1.6384 -g 0.01626 -r 0 (70.0, 1.2, nan)
-t 2 -c 1.6384 -g 0.01626 -r 1 (70.0, 1.2, nan)
-t 2 -c 1.6384 -g 0.01626 -r 2 (70.0, 1.2, nan)
-t 2 -c 1.6384 -g 0.03252 -r 0 (70.0, 1.2, nan)
-t 2 -c 1.6384 -g 0.03252 -r 1 (70.0, 1.2, nan)
-t 2 -c 1.6384 -g 0.03252 -r 2 (70.0, 1.2, nan)
-t 2 -c 1.6384 -g 0.06504 -r 0 (70.0, 1.2, nan)
-t 2 -c 1.6384 -g 0.06504 -r 1 (70.0, 1.2, nan)
-t 2 -c 1.6384 -g 0.06504 -r 2 (70.0, 1.2, nan)
-t 2 -c 6.5536 -g 0.00102 -r 0 (70.0, 1.2, nan)
-t 2 -c 6.5536 -g 0.00102 -r 1 (70.0, 1.2, nan)
-t 2 -c 6.5536 -g 0.00102 -r 2 (70.0, 1.2, nan)
-t 2 -c 6.5536 -g 0.00203 -r 0 (70.0, 1.2, nan)
-t 2 -c 6.5536 -g 0.00203 -r 1 (70.0, 1.2, nan)
-t 2 -c 6.5536 -g 0.00203 -r 2 (70.0, 1.2, nan)
-t 2 -c 6.5536 -g 0.00407 -r 0 (70.0, 1.2, nan)
-t 2 -c 6.5536 -g 0.00407 -r 1 (70.0, 1.2, nan)
-t 2 -c 6.5536 -g 0.00407 -r 2 (70.0, 1.2, nan)
-t 2 -c 6.5536 -g 0.00813 -r 0 (70.0, 1.2, nan)
-t 2 -c 6.5536 -g 0.00813 -r 1 (70.0, 1.2, nan)
-t 2 -c 6.5536 -g 0.00813 -r 2 (70.0, 1.2, nan)
-t 2 -c 6.5536 -g 0.01626 -r 0 (80.0, 0.8, 0.25925925925925924)
-t 2 -c 6.5536 -g 0.01626 -r 1 (80.0, 0.8, 0.25925925925925924)
-t 2 -c 6.5536 -g 0.01626 -r 2 (80.0, 0.8, 0.25925925925925924)
-t 2 -c 6.5536 -g 0.03252 -r 0 (80.0, 0.8, 0.25925925925925924)
-t 2 -c 6.5536 -g 0.03252 -r 1 (80.0, 0.8, 0.25925925925925924)
-t 2 -c 6.5536 -g 0.03252 -r 2 (80.0, 0.8, 0.25925925925925924)
-t 2 -c 6.5536 -g 0.06504 -r 0 (80.0, 0.8, 0.25925925925925924)
-t 2 -c 6.5536 -g 0.06504 -r 1 (80.0, 0.8, 0.25925925925925924)
-t 2 -c 6.5536 -g 0.06504 -r 2 (80.0, 0.8, 0.25925925925925924)
-t 2 -c 26.2144 -g 0.00102 -r 0 (70.0, 1.2, nan)
-t 2 -c 26.2144 -g 0.00102 -r 1 (70.0, 1.2, nan)
-t 2 -c 26.2144 -g 0.00102 -r 2 (70.0, 1.2, nan)
-t 2 -c 26.2144 -g 0.00203 -r 0 (70.0, 1.2, nan)
-t 2 -c 26.2144 -g 0.00203 -r 1 (70.0, 1.2, nan)
-t 2 -c 26.2144 -g 0.00203 -r 2 (70.0, 1.2, nan)
-t 2 -c 26.2144 -g 0.00407 -r 0 (80.0, 0.8, 0.25925925925925924)
-t 2 -c 26.2144 -g 0.00407 -r 1 (80.0, 0.8, 0.25925925925925924)
-t 2 -c 26.2144 -g 0.00407 -r 2 (80.0, 0.8, 0.25925925925925924)
-t 2 -c 26.2144 -g 0.00813 -r 0 (90.0, 0.4, 0.5833333333333334)
-t 2 -c 26.2144 -g 0.00813 -r 1 (90.0, 0.4, 0.5833333333333334)
-t 2 -c 26.2144 -g 0.00813 -r 2 (90.0, 0.4, 0.5833333333333334)
-t 2 -c 26.2144 -g 0.01626 -r 0 (80.0, 0.8, 0.25925925925925924)
-t 2 -c 26.2144 -g 0.01626 -r 1 (80.0, 0.8, 0.25925925925925924)
-t 2 -c 26.2144 -g 0.01626 -r 2 (80.0, 0.8, 0.25925925925925924)
-t 2 -c 26.2144 -g 0.03252 -r 0 (80.0, 0.8, 0.25925925925925924)
-t 2 -c 26.2144 -g 0.03252 -r 1 (80.0, 0.8, 0.25925925925925924)
-t 2 -c 26.2144 -g 0.03252 -r 2 (80.0, 0.8, 0.25925925925925924)
-t 2 -c 26.2144 -g 0.06504 -r 0 (80.0, 0.8, 0.25925925925925924)
-t 2 -c 26.2144 -g 0.06504 -r 1 (80.0, 0.8, 0.25925925925925924)
-t 2 -c 26.2144 -g 0.06504 -r 2 (80.0, 0.8, 0.25925925925925924)
-t 2 -c 104.8576 -g 0.00102 -r 0 (80.0, 0.8, 0.25925925925925924)
-t 2 -c 104.8576 -g 0.00102 -r 1 (80.0, 0.8, 0.25925925925925924)
-t 2 -c 104.8576 -g 0.00102 -r 2 (80.0, 0.8, 0.25925925925925924)
-t 2 -c 104.8576 -g 0.00203 -r 0 (90.0, 0.4, 0.5833333333333334)
-t 2 -c 104.8576 -g 0.00203 -r 1 (90.0, 0.4, 0.5833333333333334)
-t 2 -c 104.8576 -g 0.00203 -r 2 (90.0, 0.4, 0.5833333333333334)
-t 2 -c 104.8576 -g 0.00407 -r 0 (90.0, 0.4, 0.5833333333333334)
-t 2 -c 104.8576 -g 0.00407 -r 1 (90.0, 0.4, 0.5833333333333334)
-t 2 -c 104.8576 -g 0.00407 -r 2 (90.0, 0.4, 0.5833333333333334)
-t 2 -c 104.8576 -g 0.00813 -r 0 (90.0, 0.4, 0.5833333333333334)
-t 2 -c 104.8576 -g 0.00813 -r 1 (90.0, 0.4, 0.5833333333333334)
-t 2 -c 104.8576 -g 0.00813 -r 2 (90.0, 0.4, 0.5833333333333334)
-t 2 -c 104.8576 -g 0.01626 -r 0 (80.0, 0.8, 0.25925925925925924)
-t 2 -c 104.8576 -g 0.01626 -r 1 (80.0, 0.8, 0.25925925925925924)
-t 2 -c 104.8576 -g 0.01626 -r 2 (80.0, 0.8, 0.25925925925925924)
-t 2 -c 104.8576 -g 0.03252 -r 0 (80.0, 0.8, 0.25925925925925924)
-t 2 -c 104.8576 -g 0.03252 -r 1 (80.0, 0.8, 0.25925925925925924)
-t 2 -c 104.8576 -g 0.03252 -r 2 (80.0, 0.8, 0.25925925925925924)
-t 2 -c 104.8576 -g 0.06504 -r 0 (80.0, 0.8, 0.25925925925925924)
-t 2 -c 104.8576 -g 0.06504 -r 1 (80.0, 0.8, 0.25925925925925924)
-t 2 -c 104.8576 -g 0.06504 -r 2 (80.0, 0.8, 0.25925925925925924)
