-t 0 -c 0.0001 -g 0.00069 -r 0 (50.843170320404724, 1.2580101180438448, nan)
-t 0 -c 0.0004 -g 0.00069 -r 0 (50.843170320404724, 1.2580101180438448, nan)
-t 0 -c 0.0016 -g 0.00069 -r 0 (88.95446880269814, 0.24198988195615515, 0.6864763540898183)
-t 0 -c 0.0064 -g 0.00069 -r 0 (93.76053962900505, 0.13322091062394603, 0.8192671661364864)
-t 0 -c 0.0256 -g 0.00069 -r 0 (94.68802698145025, 0.11129848229342328, 0.8487810708203889)
-t 0 -c 0.1024 -g 0.00069 -r 0 (95.36256323777403, 0.0893760539629005, 0.8776471194727052)
-t 0 -c 0.4096 -g 0.00069 -r 0 (94.43507588532884, 0.10370994940978077, 0.8575339901686185)
-t 0 -c 1.6384 -g 0.00069 -r 0 (92.83305227655987, 0.15008431703204048, 0.7976392816498875)
-t 0 -c 6.5536 -g 0.00069 -r 0 (92.83305227655987, 0.15008431703204048, 0.7974940909010301)
-t 0 -c 26.2144 -g 0.00069 -r 0 (92.83305227655987, 0.15008431703204048, 0.7974940909010301)
-t 0 -c 104.8576 -g 0.00069 -r 0 (92.83305227655987, 0.15008431703204048, 0.7974940909010301)
-t 0 -c 419.4304 -g 0.00069 -r 0 (92.83305227655987, 0.15008431703204048, 0.7974940909010301)
-t 0 -c 1677.7216 -g 0.00069 -r 0 (92.83305227655987, 0.15008431703204048, 0.7974940909010301)
-t 0 -c 0.0001 -g 0.00139 -r 0 (50.843170320404724, 1.2580101180438448, nan)
-t 0 -c 0.0004 -g 0.00139 -r 0 (50.843170320404724, 1.2580101180438448, nan)
-t 0 -c 0.0016 -g 0.00139 -r 0 (88.95446880269814, 0.24198988195615515, 0.6864763540898183)
-t 0 -c 0.0064 -g 0.00139 -r 0 (93.76053962900505, 0.13322091062394603, 0.8192671661364864)
-t 0 -c 0.0256 -g 0.00139 -r 0 (94.68802698145025, 0.11129848229342328, 0.8487810708203889)
-t 0 -c 0.1024 -g 0.00139 -r 0 (95.36256323777403, 0.0893760539629005, 0.8776471194727052)
-t 0 -c 0.4096 -g 0.00139 -r 0 (94.43507588532884, 0.10370994940978077, 0.8575339901686185)
-t 0 -c 1.6384 -g 0.00139 -r 0 (92.83305227655987, 0.15008431703204048, 0.7976392816498875)
-t 0 -c 6.5536 -g 0.00139 -r 0 (92.83305227655987, 0.15008431703204048, 0.7974940909010301)
-t 0 -c 26.2144 -g 0.00139 -r 0 (92.83305227655987, 0.15008431703204048, 0.7974940909010301)
-t 0 -c 104.8576 -g 0.00139 -r 0 (92.83305227655987, 0.15008431703204048, 0.7974940909010301)
-t 0 -c 419.4304 -g 0.00139 -r 0 (92.83305227655987, 0.15008431703204048, 0.7974940909010301)
-t 0 -c 1677.7216 -g 0.00139 -r 0 (92.83305227655987, 0.15008431703204048, 0.7974940909010301)
-t 0 -c 0.0001 -g 0.00278 -r 0 (50.843170320404724, 1.2580101180438448, nan)
-t 0 -c 0.0004 -g 0.00278 -r 0 (50.843170320404724, 1.2580101180438448, nan)
-t 0 -c 0.0016 -g 0.00278 -r 0 (88.95446880269814, 0.24198988195615515, 0.6864763540898183)
-t 0 -c 0.0064 -g 0.00278 -r 0 (93.76053962900505, 0.13322091062394603, 0.8192671661364864)
-t 0 -c 0.0256 -g 0.00278 -r 0 (94.68802698145025, 0.11129848229342328, 0.8487810708203889)
-t 0 -c 0.1024 -g 0.00278 -r 0 (95.36256323777403, 0.0893760539629005, 0.8776471194727052)
-t 0 -c 0.4096 -g 0.00278 -r 0 (94.43507588532884, 0.10370994940978077, 0.8575339901686185)
-t 0 -c 1.6384 -g 0.00278 -r 0 (92.83305227655987, 0.15008431703204048, 0.7976392816498875)
-t 0 -c 6.5536 -g 0.00278 -r 0 (92.83305227655987, 0.15008431703204048, 0.7974940909010301)
-t 0 -c 26.2144 -g 0.00278 -r 0 (92.83305227655987, 0.15008431703204048, 0.7974940909010301)
-t 0 -c 104.8576 -g 0.00278 -r 0 (92.83305227655987, 0.15008431703204048, 0.7974940909010301)
-t 0 -c 419.4304 -g 0.00278 -r 0 (92.83305227655987, 0.15008431703204048, 0.7974940909010301)
-t 0 -c 1677.7216 -g 0.00278 -r 0 (92.83305227655987, 0.15008431703204048, 0.7974940909010301)
-t 0 -c 0.0001 -g 0.00556 -r 0 (50.843170320404724, 1.2580101180438448, nan)
-t 0 -c 0.0004 -g 0.00556 -r 0 (50.843170320404724, 1.2580101180438448, nan)
-t 0 -c 0.0016 -g 0.00556 -r 0 (88.95446880269814, 0.24198988195615515, 0.6864763540898183)
-t 0 -c 0.0064 -g 0.00556 -r 0 (93.76053962900505, 0.13322091062394603, 0.8192671661364864)
-t 0 -c 0.0256 -g 0.00556 -r 0 (94.68802698145025, 0.11129848229342328, 0.8487810708203889)
-t 0 -c 0.1024 -g 0.00556 -r 0 (95.36256323777403, 0.0893760539629005, 0.8776471194727052)
-t 0 -c 0.4096 -g 0.00556 -r 0 (94.43507588532884, 0.10370994940978077, 0.8575339901686185)
-t 0 -c 1.6384 -g 0.00556 -r 0 (92.83305227655987, 0.15008431703204048, 0.7976392816498875)
-t 0 -c 6.5536 -g 0.00556 -r 0 (92.83305227655987, 0.15008431703204048, 0.7974940909010301)
-t 0 -c 26.2144 -g 0.00556 -r 0 (92.83305227655987, 0.15008431703204048, 0.7974940909010301)
-t 0 -c 104.8576 -g 0.00556 -r 0 (92.83305227655987, 0.15008431703204048, 0.7974940909010301)
-t 0 -c 419.4304 -g 0.00556 -r 0 (92.83305227655987, 0.15008431703204048, 0.7974940909010301)
-t 0 -c 1677.7216 -g 0.00556 -r 0 (92.83305227655987, 0.15008431703204048, 0.7974940909010301)
-t 0 -c 0.0001 -g 0.01111 -r 0 (50.843170320404724, 1.2580101180438448, nan)
-t 0 -c 0.0004 -g 0.01111 -r 0 (50.843170320404724, 1.2580101180438448, nan)
-t 0 -c 0.0016 -g 0.01111 -r 0 (88.95446880269814, 0.24198988195615515, 0.6864763540898183)
-t 0 -c 0.0064 -g 0.01111 -r 0 (93.76053962900505, 0.13322091062394603, 0.8192671661364864)
-t 0 -c 0.0256 -g 0.01111 -r 0 (94.68802698145025, 0.11129848229342328, 0.8487810708203889)
-t 0 -c 0.1024 -g 0.01111 -r 0 (95.36256323777403, 0.0893760539629005, 0.8776471194727052)
-t 0 -c 0.4096 -g 0.01111 -r 0 (94.43507588532884, 0.10370994940978077, 0.8575339901686185)
-t 0 -c 1.6384 -g 0.01111 -r 0 (92.83305227655987, 0.15008431703204048, 0.7976392816498875)
-t 0 -c 6.5536 -g 0.01111 -r 0 (92.83305227655987, 0.15008431703204048, 0.7974940909010301)
-t 0 -c 26.2144 -g 0.01111 -r 0 (92.83305227655987, 0.15008431703204048, 0.7974940909010301)
-t 0 -c 104.8576 -g 0.01111 -r 0 (92.83305227655987, 0.15008431703204048, 0.7974940909010301)
-t 0 -c 419.4304 -g 0.01111 -r 0 (92.83305227655987, 0.15008431703204048, 0.7974940909010301)
-t 0 -c 1677.7216 -g 0.01111 -r 0 (92.83305227655987, 0.15008431703204048, 0.7974940909010301)
-t 0 -c 0.0001 -g 0.02222 -r 0 (50.843170320404724, 1.2580101180438448, nan)
-t 0 -c 0.0004 -g 0.02222 -r 0 (50.843170320404724, 1.2580101180438448, nan)
-t 0 -c 0.0016 -g 0.02222 -r 0 (88.95446880269814, 0.24198988195615515, 0.6864763540898183)
-t 0 -c 0.0064 -g 0.02222 -r 0 (93.76053962900505, 0.13322091062394603, 0.8192671661364864)
-t 0 -c 0.0256 -g 0.02222 -r 0 (94.68802698145025, 0.11129848229342328, 0.8487810708203889)
-t 0 -c 0.1024 -g 0.02222 -r 0 (95.36256323777403, 0.0893760539629005, 0.8776471194727052)
-t 0 -c 0.4096 -g 0.02222 -r 0 (94.43507588532884, 0.10370994940978077, 0.8575339901686185)
-t 0 -c 1.6384 -g 0.02222 -r 0 (92.83305227655987, 0.15008431703204048, 0.7976392816498875)
-t 0 -c 6.5536 -g 0.02222 -r 0 (92.83305227655987, 0.15008431703204048, 0.7974940909010301)
-t 0 -c 26.2144 -g 0.02222 -r 0 (92.83305227655987, 0.15008431703204048, 0.7974940909010301)
-t 0 -c 104.8576 -g 0.02222 -r 0 (92.83305227655987, 0.15008431703204048, 0.7974940909010301)
-t 0 -c 419.4304 -g 0.02222 -r 0 (92.83305227655987, 0.15008431703204048, 0.7974940909010301)
-t 0 -c 1677.7216 -g 0.02222 -r 0 (92.83305227655987, 0.15008431703204048, 0.7974940909010301)
-t 0 -c 0.0001 -g 0.04444 -r 0 (50.843170320404724, 1.2580101180438448, nan)
-t 0 -c 0.0004 -g 0.04444 -r 0 (50.843170320404724, 1.2580101180438448, nan)
-t 0 -c 0.0016 -g 0.04444 -r 0 (88.95446880269814, 0.24198988195615515, 0.6864763540898183)
-t 0 -c 0.0064 -g 0.04444 -r 0 (93.76053962900505, 0.13322091062394603, 0.8192671661364864)
-t 0 -c 0.0256 -g 0.04444 -r 0 (94.68802698145025, 0.11129848229342328, 0.8487810708203889)
-t 0 -c 0.1024 -g 0.04444 -r 0 (95.36256323777403, 0.0893760539629005, 0.8776471194727052)
-t 0 -c 0.4096 -g 0.04444 -r 0 (94.43507588532884, 0.10370994940978077, 0.8575339901686185)
-t 0 -c 1.6384 -g 0.04444 -r 0 (92.83305227655987, 0.15008431703204048, 0.7976392816498875)
-t 0 -c 6.5536 -g 0.04444 -r 0 (92.83305227655987, 0.15008431703204048, 0.7974940909010301)
-t 0 -c 26.2144 -g 0.04444 -r 0 (92.83305227655987, 0.15008431703204048, 0.7974940909010301)
-t 0 -c 104.8576 -g 0.04444 -r 0 (92.83305227655987, 0.15008431703204048, 0.7974940909010301)
-t 0 -c 419.4304 -g 0.04444 -r 0 (92.83305227655987, 0.15008431703204048, 0.7974940909010301)
-t 0 -c 1677.7216 -g 0.04444 -r 0 (92.83305227655987, 0.15008431703204048, 0.7974940909010301)
-t 0 -c 0.0001 -g 0.00069 -r 1 (50.843170320404724, 1.2580101180438448, nan)
-t 0 -c 0.0004 -g 0.00069 -r 1 (50.843170320404724, 1.2580101180438448, nan)
-t 0 -c 0.0016 -g 0.00069 -r 1 (88.95446880269814, 0.24198988195615515, 0.6864763540898183)
-t 0 -c 0.0064 -g 0.00069 -r 1 (93.76053962900505, 0.13322091062394603, 0.8192671661364864)
-t 0 -c 0.0256 -g 0.00069 -r 1 (94.68802698145025, 0.11129848229342328, 0.8487810708203889)
-t 0 -c 0.1024 -g 0.00069 -r 1 (95.36256323777403, 0.0893760539629005, 0.8776471194727052)
-t 0 -c 0.4096 -g 0.00069 -r 1 (94.43507588532884, 0.10370994940978077, 0.8575339901686185)
-t 0 -c 1.6384 -g 0.00069 -r 1 (92.83305227655987, 0.15008431703204048, 0.7976392816498875)
-t 0 -c 6.5536 -g 0.00069 -r 1 (92.83305227655987, 0.15008431703204048, 0.7974940909010301)
-t 0 -c 26.2144 -g 0.00069 -r 1 (92.83305227655987, 0.15008431703204048, 0.7974940909010301)
-t 0 -c 104.8576 -g 0.00069 -r 1 (92.83305227655987, 0.15008431703204048, 0.7974940909010301)
-t 0 -c 419.4304 -g 0.00069 -r 1 (92.83305227655987, 0.15008431703204048, 0.7974940909010301)
-t 0 -c 1677.7216 -g 0.00069 -r 1 (92.83305227655987, 0.15008431703204048, 0.7974940909010301)
-t 0 -c 0.0001 -g 0.00139 -r 1 (50.843170320404724, 1.2580101180438448, nan)
-t 0 -c 0.0004 -g 0.00139 -r 1 (50.843170320404724, 1.2580101180438448, nan)
-t 0 -c 0.0016 -g 0.00139 -r 1 (88.95446880269814, 0.24198988195615515, 0.6864763540898183)
-t 0 -c 0.0064 -g 0.00139 -r 1 (93.76053962900505, 0.13322091062394603, 0.8192671661364864)
-t 0 -c 0.0256 -g 0.00139 -r 1 (94.68802698145025, 0.11129848229342328, 0.8487810708203889)
-t 0 -c 0.1024 -g 0.00139 -r 1 (95.36256323777403, 0.0893760539629005, 0.8776471194727052)
-t 0 -c 0.4096 -g 0.00139 -r 1 (94.43507588532884, 0.10370994940978077, 0.8575339901686185)
-t 0 -c 1.6384 -g 0.00139 -r 1 (92.83305227655987, 0.15008431703204048, 0.7976392816498875)
-t 0 -c 6.5536 -g 0.00139 -r 1 (92.83305227655987, 0.15008431703204048, 0.7974940909010301)
-t 0 -c 26.2144 -g 0.00139 -r 1 (92.83305227655987, 0.15008431703204048, 0.7974940909010301)
-t 0 -c 104.8576 -g 0.00139 -r 1 (92.83305227655987, 0.15008431703204048, 0.7974940909010301)
-t 0 -c 419.4304 -g 0.00139 -r 1 (92.83305227655987, 0.15008431703204048, 0.7974940909010301)
-t 0 -c 1677.7216 -g 0.00139 -r 1 (92.83305227655987, 0.15008431703204048, 0.7974940909010301)
-t 0 -c 0.0001 -g 0.00278 -r 1 (50.843170320404724, 1.2580101180438448, nan)
-t 0 -c 0.0004 -g 0.00278 -r 1 (50.843170320404724, 1.2580101180438448, nan)
-t 0 -c 0.0016 -g 0.00278 -r 1 (88.95446880269814, 0.24198988195615515, 0.6864763540898183)
-t 0 -c 0.0064 -g 0.00278 -r 1 (93.76053962900505, 0.13322091062394603, 0.8192671661364864)
-t 0 -c 0.0256 -g 0.00278 -r 1 (94.68802698145025, 0.11129848229342328, 0.8487810708203889)
-t 0 -c 0.1024 -g 0.00278 -r 1 (95.36256323777403, 0.0893760539629005, 0.8776471194727052)
-t 0 -c 0.4096 -g 0.00278 -r 1 (94.43507588532884, 0.10370994940978077, 0.8575339901686185)
-t 0 -c 1.6384 -g 0.00278 -r 1 (92.83305227655987, 0.15008431703204048, 0.7976392816498875)
-t 0 -c 6.5536 -g 0.00278 -r 1 (92.83305227655987, 0.15008431703204048, 0.7974940909010301)
-t 0 -c 26.2144 -g 0.00278 -r 1 (92.83305227655987, 0.15008431703204048, 0.7974940909010301)
-t 0 -c 104.8576 -g 0.00278 -r 1 (92.83305227655987, 0.15008431703204048, 0.7974940909010301)
-t 0 -c 419.4304 -g 0.00278 -r 1 (92.83305227655987, 0.15008431703204048, 0.7974940909010301)
-t 0 -c 1677.7216 -g 0.00278 -r 1 (92.83305227655987, 0.15008431703204048, 0.7974940909010301)
-t 0 -c 0.0001 -g 0.00556 -r 1 (50.843170320404724, 1.2580101180438448, nan)
-t 0 -c 0.0004 -g 0.00556 -r 1 (50.843170320404724, 1.2580101180438448, nan)
-t 0 -c 0.0016 -g 0.00556 -r 1 (88.95446880269814, 0.24198988195615515, 0.6864763540898183)
-t 0 -c 0.0064 -g 0.00556 -r 1 (93.76053962900505, 0.13322091062394603, 0.8192671661364864)
-t 0 -c 0.0256 -g 0.00556 -r 1 (94.68802698145025, 0.11129848229342328, 0.8487810708203889)
-t 0 -c 0.1024 -g 0.00556 -r 1 (95.36256323777403, 0.0893760539629005, 0.8776471194727052)
-t 0 -c 0.4096 -g 0.00556 -r 1 (94.43507588532884, 0.10370994940978077, 0.8575339901686185)
-t 0 -c 1.6384 -g 0.00556 -r 1 (92.83305227655987, 0.15008431703204048, 0.7976392816498875)
-t 0 -c 6.5536 -g 0.00556 -r 1 (92.83305227655987, 0.15008431703204048, 0.7974940909010301)
-t 0 -c 26.2144 -g 0.00556 -r 1 (92.83305227655987, 0.15008431703204048, 0.7974940909010301)
-t 0 -c 104.8576 -g 0.00556 -r 1 (92.83305227655987, 0.15008431703204048, 0.7974940909010301)
-t 0 -c 419.4304 -g 0.00556 -r 1 (92.83305227655987, 0.15008431703204048, 0.7974940909010301)
-t 0 -c 1677.7216 -g 0.00556 -r 1 (92.83305227655987, 0.15008431703204048, 0.7974940909010301)
-t 0 -c 0.0001 -g 0.01111 -r 1 (50.843170320404724, 1.2580101180438448, nan)
-t 0 -c 0.0004 -g 0.01111 -r 1 (50.843170320404724, 1.2580101180438448, nan)
-t 0 -c 0.0016 -g 0.01111 -r 1 (88.95446880269814, 0.24198988195615515, 0.6864763540898183)
-t 0 -c 0.0064 -g 0.01111 -r 1 (93.76053962900505, 0.13322091062394603, 0.8192671661364864)
-t 0 -c 0.0256 -g 0.01111 -r 1 (94.68802698145025, 0.11129848229342328, 0.8487810708203889)
-t 0 -c 0.1024 -g 0.01111 -r 1 (95.36256323777403, 0.0893760539629005, 0.8776471194727052)
-t 0 -c 0.4096 -g 0.01111 -r 1 (94.43507588532884, 0.10370994940978077, 0.8575339901686185)
-t 0 -c 1.6384 -g 0.01111 -r 1 (92.83305227655987, 0.15008431703204048, 0.7976392816498875)
-t 0 -c 6.5536 -g 0.01111 -r 1 (92.83305227655987, 0.15008431703204048, 0.7974940909010301)
-t 0 -c 26.2144 -g 0.01111 -r 1 (92.83305227655987, 0.15008431703204048, 0.7974940909010301)
-t 0 -c 104.8576 -g 0.01111 -r 1 (92.83305227655987, 0.15008431703204048, 0.7974940909010301)
-t 0 -c 419.4304 -g 0.01111 -r 1 (92.83305227655987, 0.15008431703204048, 0.7974940909010301)
-t 0 -c 1677.7216 -g 0.01111 -r 1 (92.83305227655987, 0.15008431703204048, 0.7974940909010301)
-t 0 -c 0.0001 -g 0.02222 -r 1 (50.843170320404724, 1.2580101180438448, nan)
-t 0 -c 0.0004 -g 0.02222 -r 1 (50.843170320404724, 1.2580101180438448, nan)
-t 0 -c 0.0016 -g 0.02222 -r 1 (88.95446880269814, 0.24198988195615515, 0.6864763540898183)
-t 0 -c 0.0064 -g 0.02222 -r 1 (93.76053962900505, 0.13322091062394603, 0.8192671661364864)
-t 0 -c 0.0256 -g 0.02222 -r 1 (94.68802698145025, 0.11129848229342328, 0.8487810708203889)
-t 0 -c 0.1024 -g 0.02222 -r 1 (95.36256323777403, 0.0893760539629005, 0.8776471194727052)
-t 0 -c 0.4096 -g 0.02222 -r 1 (94.43507588532884, 0.10370994940978077, 0.8575339901686185)
-t 0 -c 1.6384 -g 0.02222 -r 1 (92.83305227655987, 0.15008431703204048, 0.7976392816498875)
-t 0 -c 6.5536 -g 0.02222 -r 1 (92.83305227655987, 0.15008431703204048, 0.7974940909010301)
-t 0 -c 26.2144 -g 0.02222 -r 1 (92.83305227655987, 0.15008431703204048, 0.7974940909010301)
-t 0 -c 104.8576 -g 0.02222 -r 1 (92.83305227655987, 0.15008431703204048, 0.7974940909010301)
-t 0 -c 419.4304 -g 0.02222 -r 1 (92.83305227655987, 0.15008431703204048, 0.7974940909010301)
-t 0 -c 1677.7216 -g 0.02222 -r 1 (92.83305227655987, 0.15008431703204048, 0.7974940909010301)
-t 0 -c 0.0001 -g 0.04444 -r 1 (50.843170320404724, 1.2580101180438448, nan)
-t 0 -c 0.0004 -g 0.04444 -r 1 (50.843170320404724, 1.2580101180438448, nan)
-t 0 -c 0.0016 -g 0.04444 -r 1 (88.95446880269814, 0.24198988195615515, 0.6864763540898183)
-t 0 -c 0.0064 -g 0.04444 -r 1 (93.76053962900505, 0.13322091062394603, 0.8192671661364864)
-t 0 -c 0.0256 -g 0.04444 -r 1 (94.68802698145025, 0.11129848229342328, 0.8487810708203889)
-t 0 -c 0.1024 -g 0.04444 -r 1 (95.36256323777403, 0.0893760539629005, 0.8776471194727052)
-t 0 -c 0.4096 -g 0.04444 -r 1 (94.43507588532884, 0.10370994940978077, 0.8575339901686185)
-t 0 -c 1.6384 -g 0.04444 -r 1 (92.83305227655987, 0.15008431703204048, 0.7976392816498875)
-t 0 -c 6.5536 -g 0.04444 -r 1 (92.83305227655987, 0.15008431703204048, 0.7974940909010301)
-t 0 -c 26.2144 -g 0.04444 -r 1 (92.83305227655987, 0.15008431703204048, 0.7974940909010301)
-t 0 -c 104.8576 -g 0.04444 -r 1 (92.83305227655987, 0.15008431703204048, 0.7974940909010301)
-t 0 -c 419.4304 -g 0.04444 -r 1 (92.83305227655987, 0.15008431703204048, 0.7974940909010301)
-t 0 -c 1677.7216 -g 0.04444 -r 1 (92.83305227655987, 0.15008431703204048, 0.7974940909010301)
-t 0 -c 0.0001 -g 0.00069 -r 2 (50.843170320404724, 1.2580101180438448, nan)
-t 0 -c 0.0004 -g 0.00069 -r 2 (50.843170320404724, 1.2580101180438448, nan)
-t 0 -c 0.0016 -g 0.00069 -r 2 (88.95446880269814, 0.24198988195615515, 0.6864763540898183)
-t 0 -c 0.0064 -g 0.00069 -r 2 (93.76053962900505, 0.13322091062394603, 0.8192671661364864)
-t 0 -c 0.0256 -g 0.00069 -r 2 (94.68802698145025, 0.11129848229342328, 0.8487810708203889)
-t 0 -c 0.1024 -g 0.00069 -r 2 (95.36256323777403, 0.0893760539629005, 0.8776471194727052)
-t 0 -c 0.4096 -g 0.00069 -r 2 (94.43507588532884, 0.10370994940978077, 0.8575339901686185)
-t 0 -c 1.6384 -g 0.00069 -r 2 (92.83305227655987, 0.15008431703204048, 0.7976392816498875)
-t 0 -c 6.5536 -g 0.00069 -r 2 (92.83305227655987, 0.15008431703204048, 0.7974940909010301)
-t 0 -c 26.2144 -g 0.00069 -r 2 (92.83305227655987, 0.15008431703204048, 0.7974940909010301)
-t 0 -c 104.8576 -g 0.00069 -r 2 (92.83305227655987, 0.15008431703204048, 0.7974940909010301)
-t 0 -c 419.4304 -g 0.00069 -r 2 (92.83305227655987, 0.15008431703204048, 0.7974940909010301)
-t 0 -c 1677.7216 -g 0.00069 -r 2 (92.83305227655987, 0.15008431703204048, 0.7974940909010301)
-t 0 -c 0.0001 -g 0.00139 -r 2 (50.843170320404724, 1.2580101180438448, nan)
-t 0 -c 0.0004 -g 0.00139 -r 2 (50.843170320404724, 1.2580101180438448, nan)
-t 0 -c 0.0016 -g 0.00139 -r 2 (88.95446880269814, 0.24198988195615515, 0.6864763540898183)
-t 0 -c 0.0064 -g 0.00139 -r 2 (93.76053962900505, 0.13322091062394603, 0.8192671661364864)
-t 0 -c 0.0256 -g 0.00139 -r 2 (94.68802698145025, 0.11129848229342328, 0.8487810708203889)
-t 0 -c 0.1024 -g 0.00139 -r 2 (95.36256323777403, 0.0893760539629005, 0.8776471194727052)
-t 0 -c 0.4096 -g 0.00139 -r 2 (94.43507588532884, 0.10370994940978077, 0.8575339901686185)
-t 0 -c 1.6384 -g 0.00139 -r 2 (92.83305227655987, 0.15008431703204048, 0.7976392816498875)
-t 0 -c 6.5536 -g 0.00139 -r 2 (92.83305227655987, 0.15008431703204048, 0.7974940909010301)
-t 0 -c 26.2144 -g 0.00139 -r 2 (92.83305227655987, 0.15008431703204048, 0.7974940909010301)
-t 0 -c 104.8576 -g 0.00139 -r 2 (92.83305227655987, 0.15008431703204048, 0.7974940909010301)
-t 0 -c 419.4304 -g 0.00139 -r 2 (92.83305227655987, 0.15008431703204048, 0.7974940909010301)
-t 0 -c 1677.7216 -g 0.00139 -r 2 (92.83305227655987, 0.15008431703204048, 0.7974940909010301)
-t 0 -c 0.0001 -g 0.00278 -r 2 (50.843170320404724, 1.2580101180438448, nan)
-t 0 -c 0.0004 -g 0.00278 -r 2 (50.843170320404724, 1.2580101180438448, nan)
-t 0 -c 0.0016 -g 0.00278 -r 2 (88.95446880269814, 0.24198988195615515, 0.6864763540898183)
-t 0 -c 0.0064 -g 0.00278 -r 2 (93.76053962900505, 0.13322091062394603, 0.8192671661364864)
-t 0 -c 0.0256 -g 0.00278 -r 2 (94.68802698145025, 0.11129848229342328, 0.8487810708203889)
-t 0 -c 0.1024 -g 0.00278 -r 2 (95.36256323777403, 0.0893760539629005, 0.8776471194727052)
-t 0 -c 0.4096 -g 0.00278 -r 2 (94.43507588532884, 0.10370994940978077, 0.8575339901686185)
-t 0 -c 1.6384 -g 0.00278 -r 2 (92.83305227655987, 0.15008431703204048, 0.7976392816498875)
-t 0 -c 6.5536 -g 0.00278 -r 2 (92.83305227655987, 0.15008431703204048, 0.7974940909010301)
-t 0 -c 26.2144 -g 0.00278 -r 2 (92.83305227655987, 0.15008431703204048, 0.7974940909010301)
-t 0 -c 104.8576 -g 0.00278 -r 2 (92.83305227655987, 0.15008431703204048, 0.7974940909010301)
-t 0 -c 419.4304 -g 0.00278 -r 2 (92.83305227655987, 0.15008431703204048, 0.7974940909010301)
-t 0 -c 1677.7216 -g 0.00278 -r 2 (92.83305227655987, 0.15008431703204048, 0.7974940909010301)
-t 0 -c 0.0001 -g 0.00556 -r 2 (50.843170320404724, 1.2580101180438448, nan)
-t 0 -c 0.0004 -g 0.00556 -r 2 (50.843170320404724, 1.2580101180438448, nan)
-t 0 -c 0.0016 -g 0.00556 -r 2 (88.95446880269814, 0.24198988195615515, 0.6864763540898183)
-t 0 -c 0.0064 -g 0.00556 -r 2 (93.76053962900505, 0.13322091062394603, 0.8192671661364864)
-t 0 -c 0.0256 -g 0.00556 -r 2 (94.68802698145025, 0.11129848229342328, 0.8487810708203889)
-t 0 -c 0.1024 -g 0.00556 -r 2 (95.36256323777403, 0.0893760539629005, 0.8776471194727052)
-t 0 -c 0.4096 -g 0.00556 -r 2 (94.43507588532884, 0.10370994940978077, 0.8575339901686185)
-t 0 -c 1.6384 -g 0.00556 -r 2 (92.83305227655987, 0.15008431703204048, 0.7976392816498875)
-t 0 -c 6.5536 -g 0.00556 -r 2 (92.83305227655987, 0.15008431703204048, 0.7974940909010301)
-t 0 -c 26.2144 -g 0.00556 -r 2 (92.83305227655987, 0.15008431703204048, 0.7974940909010301)
-t 0 -c 104.8576 -g 0.00556 -r 2 (92.83305227655987, 0.15008431703204048, 0.7974940909010301)
-t 0 -c 419.4304 -g 0.00556 -r 2 (92.83305227655987, 0.15008431703204048, 0.7974940909010301)
-t 0 -c 1677.7216 -g 0.00556 -r 2 (92.83305227655987, 0.15008431703204048, 0.7974940909010301)
-t 0 -c 0.0001 -g 0.01111 -r 2 (50.843170320404724, 1.2580101180438448, nan)
-t 0 -c 0.0004 -g 0.01111 -r 2 (50.843170320404724, 1.2580101180438448, nan)
-t 0 -c 0.0016 -g 0.01111 -r 2 (88.95446880269814, 0.24198988195615515, 0.6864763540898183)
-t 0 -c 0.0064 -g 0.01111 -r 2 (93.76053962900505, 0.13322091062394603, 0.8192671661364864)
-t 0 -c 0.0256 -g 0.01111 -r 2 (94.68802698145025, 0.11129848229342328, 0.8487810708203889)
-t 0 -c 0.1024 -g 0.01111 -r 2 (95.36256323777403, 0.0893760539629005, 0.8776471194727052)
-t 0 -c 0.4096 -g 0.01111 -r 2 (94.43507588532884, 0.10370994940978077, 0.8575339901686185)
-t 0 -c 1.6384 -g 0.01111 -r 2 (92.83305227655987, 0.15008431703204048, 0.7976392816498875)
-t 0 -c 6.5536 -g 0.01111 -r 2 (92.83305227655987, 0.15008431703204048, 0.7974940909010301)
-t 0 -c 26.2144 -g 0.01111 -r 2 (92.83305227655987, 0.15008431703204048, 0.7974940909010301)
-t 0 -c 104.8576 -g 0.01111 -r 2 (92.83305227655987, 0.15008431703204048, 0.7974940909010301)
-t 0 -c 419.4304 -g 0.01111 -r 2 (92.83305227655987, 0.15008431703204048, 0.7974940909010301)
-t 0 -c 1677.7216 -g 0.01111 -r 2 (92.83305227655987, 0.15008431703204048, 0.7974940909010301)
-t 0 -c 0.0001 -g 0.02222 -r 2 (50.843170320404724, 1.2580101180438448, nan)
-t 0 -c 0.0004 -g 0.02222 -r 2 (50.843170320404724, 1.2580101180438448, nan)
-t 0 -c 0.0016 -g 0.02222 -r 2 (88.95446880269814, 0.24198988195615515, 0.6864763540898183)
-t 0 -c 0.0064 -g 0.02222 -r 2 (93.76053962900505, 0.13322091062394603, 0.8192671661364864)
-t 0 -c 0.0256 -g 0.02222 -r 2 (94.68802698145025, 0.11129848229342328, 0.8487810708203889)
-t 0 -c 0.1024 -g 0.02222 -r 2 (95.36256323777403, 0.0893760539629005, 0.8776471194727052)
-t 0 -c 0.4096 -g 0.02222 -r 2 (94.43507588532884, 0.10370994940978077, 0.8575339901686185)
-t 0 -c 1.6384 -g 0.02222 -r 2 (92.83305227655987, 0.15008431703204048, 0.7976392816498875)
-t 0 -c 6.5536 -g 0.02222 -r 2 (92.83305227655987, 0.15008431703204048, 0.7974940909010301)
-t 0 -c 26.2144 -g 0.02222 -r 2 (92.83305227655987, 0.15008431703204048, 0.7974940909010301)
-t 0 -c 104.8576 -g 0.02222 -r 2 (92.83305227655987, 0.15008431703204048, 0.7974940909010301)
-t 0 -c 419.4304 -g 0.02222 -r 2 (92.83305227655987, 0.15008431703204048, 0.7974940909010301)
-t 0 -c 1677.7216 -g 0.02222 -r 2 (92.83305227655987, 0.15008431703204048, 0.7974940909010301)
-t 0 -c 0.0001 -g 0.04444 -r 2 (50.843170320404724, 1.2580101180438448, nan)
-t 0 -c 0.0004 -g 0.04444 -r 2 (50.843170320404724, 1.2580101180438448, nan)
-t 0 -c 0.0016 -g 0.04444 -r 2 (88.95446880269814, 0.24198988195615515, 0.6864763540898183)
-t 0 -c 0.0064 -g 0.04444 -r 2 (93.76053962900505, 0.13322091062394603, 0.8192671661364864)
-t 0 -c 0.0256 -g 0.04444 -r 2 (94.68802698145025, 0.11129848229342328, 0.8487810708203889)
-t 0 -c 0.1024 -g 0.04444 -r 2 (95.36256323777403, 0.0893760539629005, 0.8776471194727052)
-t 0 -c 0.4096 -g 0.04444 -r 2 (94.43507588532884, 0.10370994940978077, 0.8575339901686185)
-t 0 -c 1.6384 -g 0.04444 -r 2 (92.83305227655987, 0.15008431703204048, 0.7976392816498875)
-t 0 -c 6.5536 -g 0.04444 -r 2 (92.83305227655987, 0.15008431703204048, 0.7974940909010301)
-t 0 -c 26.2144 -g 0.04444 -r 2 (92.83305227655987, 0.15008431703204048, 0.7974940909010301)
-t 0 -c 104.8576 -g 0.04444 -r 2 (92.83305227655987, 0.15008431703204048, 0.7974940909010301)
-t 0 -c 419.4304 -g 0.04444 -r 2 (92.83305227655987, 0.15008431703204048, 0.7974940909010301)
-t 0 -c 1677.7216 -g 0.04444 -r 2 (92.83305227655987, 0.15008431703204048, 0.7974940909010301)
