-t 2 -c 0.0001 -g 0.00069 -r 0 (50.843170320404724, 1.2580101180438448, nan)
-t 2 -c 0.0004 -g 0.00069 -r 0 (50.843170320404724, 1.2580101180438448, nan)
-t 2 -c 0.0016 -g 0.00069 -r 0 (50.843170320404724, 1.2580101180438448, nan)
-t 2 -c 0.0064 -g 0.00069 -r 0 (50.843170320404724, 1.2580101180438448, nan)
-t 2 -c 0.0256 -g 0.00069 -r 0 (50.843170320404724, 1.2580101180438448, nan)
-t 2 -c 0.1024 -g 0.00069 -r 0 (50.843170320404724, 1.2580101180438448, nan)
-t 2 -c 0.4096 -g 0.00069 -r 0 (50.843170320404724, 1.2580101180438448, nan)
-t 2 -c 1.6384 -g 0.00069 -r 0 (91.2310286677909, 0.18634064080944351, 0.7517222974754749)
-t 2 -c 6.5536 -g 0.00069 -r 0 (94.68802698145025, 0.1163575042158516, 0.8412648059491935)
-t 2 -c 26.2144 -g 0.00069 -r 0 (94.94097807757167, 0.09865092748735245, 0.8656996241638202)
-t 2 -c 104.8576 -g 0.00069 -r 0 (95.36256323777403, 0.0893760539629005, 0.8770800181502036)
-t 2 -c 419.4304 -g 0.00069 -r 0 (94.43507588532884, 0.10370994940978077, 0.8576102611263509)
-t 2 -c 1677.7216 -g 0.00069 -r 0 (94.18212478920742, 0.11382799325463744, 0.8443942309988083)
-t 2 -c 0.0001 -g 0.00139 -r 0 (50.843170320404724, 1.2580101180438448, nan)
-t 2 -c 0.0004 -g 0.00139 -r 0 (50.843170320404724, 1.2580101180438448, nan)
-t 2 -c 0.0016 -g 0.00139 -r 0 (50.843170320404724, 1.2580101180438448, nan)
-t 2 -c 0.0064 -g 0.00139 -r 0 (50.843170320404724, 1.2580101180438448, nan)
-t 2 -c 0.0256 -g 0.00139 -r 0 (50.843170320404724, 1.2580101180438448, nan)
-t 2 -c 0.1024 -g 0.00139 -r 0 (50.843170320404724, 1.2580101180438448, nan)
-t 2 -c 0.4096 -g 0.00139 -r 0 (73.69308600337268, 0.7765598650927488, 0.22194153770617814)
-t 2 -c 1.6384 -g 0.00139 -r 0 (93.59190556492412, 0.13490725126475547, 0.8173224523338516)
-t 2 -c 6.5536 -g 0.00139 -r 0 (94.8566610455312, 0.09696458684654301, 0.8677553573861543)
-t 2 -c 26.2144 -g 0.00139 -r 0 (95.27824620573355, 0.10033726812816189, 0.8633050121316703)
-t 2 -c 104.8576 -g 0.00139 -r 0 (94.94097807757167, 0.09359190556492411, 0.8711435711457842)
-t 2 -c 419.4304 -g 0.00139 -r 0 (94.43507588532884, 0.10623946037099494, 0.8545820791140029)
-t 2 -c 1677.7216 -g 0.00139 -r 0 (94.43507588532884, 0.10623946037099494, 0.8545820791140029)
-t 2 -c 0.0001 -g 0.00278 -r 0 (50.843170320404724, 1.2580101180438448, nan)
-t 2 -c 0.0004 -g 0.00278 -r 0 (50.843170320404724, 1.2580101180438448, nan)
-t 2 -c 0.0016 -g 0.00278 -r 0 (50.843170320404724, 1.2580101180438448, nan)
-t 2 -c 0.0064 -g 0.00278 -r 0 (50.843170320404724, 1.2580101180438448, nan)
-t 2 -c 0.0256 -g 0.00278 -r 0 (50.843170320404724, 1.2580101180438448, nan)
-t 2 -c 0.1024 -g 0.00278 -r 0 (50.843170320404724, 1.2580101180438448, nan)
-t 2 -c 0.4096 -g 0.00278 -r 0 (90.38785834738617, 0.20489038785834737, 0.7288392608703329)
-t 2 -c 1.6384 -g 0.00278 -r 0 (94.60370994940978, 0.11973018549747048, 0.8370542274309726)
-t 2 -c 6.5536 -g 0.00278 -r 0 (94.94097807757167, 0.10118043844856661, 0.8623641396061633)
-t 2 -c 26.2144 -g 0.00278 -r 0 (95.53119730185497, 0.08010118043844856, 0.8896123681048542)
-t 2 -c 104.8576 -g 0.00278 -r 0 (94.77234401349072, 0.09527824620573355, 0.8689594464508421)
-t 2 -c 419.4304 -g 0.00278 -r 0 (94.77234401349072, 0.09527824620573355, 0.8689594464508421)
-t 2 -c 1677.7216 -g 0.00278 -r 0 (94.77234401349072, 0.09527824620573355, 0.8689594464508421)
-t 2 -c 0.0001 -g 0.00556 -r 0 (50.843170320404724, 1.2580101180438448, nan)
-t 2 -c 0.0004 -g 0.00556 -r 0 (50.843170320404724, 1.2580101180438448, nan)
-t 2 -c 0.0016 -g 0.00556 -r 0 (50.843170320404724, 1.2580101180438448, nan)
-t 2 -c 0.0064 -g 0.00556 -r 0 (50.843170320404724, 1.2580101180438448, nan)
-t 2 -c 0.0256 -g 0.00556 -r 0 (50.843170320404724, 1.2580101180438448, nan)
-t 2 -c 0.1024 -g 0.00556 -r 0 (57.841483979763915, 1.1779089376053964, 0.01223989062661319)
-t 2 -c 0.4096 -g 0.00556 -r 0 (93.17032040472175, 0.14165261382799327, 0.8080779583781229)
-t 2 -c 1.6384 -g 0.00556 -r 0 (94.77234401349072, 0.10286677908937605, 0.8597887664928973)
-t 2 -c 6.5536 -g 0.00556 -r 0 (95.7841483979764, 0.0851602023608769, 0.8834090798188602)
-t 2 -c 26.2144 -g 0.00556 -r 0 (95.4468802698145, 0.08347386172006746, 0.8848934163408103)
-t 2 -c 104.8576 -g 0.00556 -r 0 (95.36256323777403, 0.08431703204047218, 0.8837469088936152)
-t 2 -c 419.4304 -g 0.00556 -r 0 (95.36256323777403, 0.08431703204047218, 0.8837469088936152)
-t 2 -c 1677.7216 -g 0.00556 -r 0 (95.36256323777403, 0.08431703204047218, 0.8837469088936152)
-t 2 -c 0.0001 -g 0.01111 -r 0 (50.843170320404724, 1.2580101180438448, nan)
-t 2 -c 0.0004 -g 0.01111 -r 0 (50.843170320404724, 1.2580101180438448, nan)
-t 2 -c 0.0016 -g 0.01111 -r 0 (50.843170320404724, 1.2580101180438448, nan)
-t 2 -c 0.0064 -g 0.01111 -r 0 (50.843170320404724, 1.2580101180438448, nan)
-t 2 -c 0.0256 -g 0.01111 -r 0 (50.843170320404724, 1.2580101180438448, nan)
-t 2 -c 0.1024 -g 0.01111 -r 0 (78.75210792580101, 0.6323777403035413, 0.32488773126287795)
-t 2 -c 0.4096 -g 0.01111 -r 0 (94.09780775716695, 0.12225969645868466, 0.8345930999589485)
-t 2 -c 1.6384 -g 0.01111 -r 0 (95.10961214165262, 0.09696458684654301, 0.8674779033891173)
-t 2 -c 6.5536 -g 0.01111 -r 0 (95.4468802698145, 0.09106239460370995, 0.8753054904853597)
-t 2 -c 26.2144 -g 0.01111 -r 0 (95.53119730185497, 0.0851602023608769, 0.8831398913315629)
-t 2 -c 104.8576 -g 0.01111 -r 0 (95.53119730185497, 0.0851602023608769, 0.8831398913315629)
-t 2 -c 419.4304 -g 0.01111 -r 0 (95.53119730185497, 0.0851602023608769, 0.8831398913315629)
-t 2 -c 1677.7216 -g 0.01111 -r 0 (95.53119730185497, 0.0851602023608769, 0.8831398913315629)
-t 2 -c 0.0001 -g 0.02222 -r 0 (50.843170320404724, 1.2580101180438448, nan)
-t 2 -c 0.0004 -g 0.02222 -r 0 (50.843170320404724, 1.2580101180438448, nan)
-t 2 -c 0.0016 -g 0.02222 -r 0 (50.843170320404724, 1.2580101180438448, nan)
-t 2 -c 0.0064 -g 0.02222 -r 0 (50.843170320404724, 1.2580101180438448, nan)
-t 2 -c 0.0256 -g 0.02222 -r 0 (50.843170320404724, 1.2580101180438448, nan)
-t 2 -c 0.1024 -g 0.02222 -r 0 (79.00505902192243, 0.6247892074198989, 0.33035390036808665)
-t 2 -c 0.4096 -g 0.02222 -r 0 (94.35075885328837, 0.11467116357504216, 0.8444198798909399)
-t 2 -c 1.6384 -g 0.02222 -r 0 (95.19392917369309, 0.09865092748735245, 0.8655971569587986)
-t 2 -c 6.5536 -g 0.02222 -r 0 (95.4468802698145, 0.09359190556492411, 0.872077121843577)
-t 2 -c 26.2144 -g 0.02222 -r 0 (95.4468802698145, 0.09359190556492411, 0.872077121843577)
-t 2 -c 104.8576 -g 0.02222 -r 0 (95.4468802698145, 0.09359190556492411, 0.872077121843577)
-t 2 -c 419.4304 -g 0.02222 -r 0 (95.4468802698145, 0.09359190556492411, 0.872077121843577)
-t 2 -c 1677.7216 -g 0.02222 -r 0 (95.4468802698145, 0.09359190556492411, 0.872077121843577)
-t 2 -c 0.0001 -g 0.04444 -r 0 (50.843170320404724, 1.2580101180438448, nan)
-t 2 -c 0.0004 -g 0.04444 -r 0 (50.843170320404724, 1.2580101180438448, nan)
-t 2 -c 0.0016 -g 0.04444 -r 0 (50.843170320404724, 1.2580101180438448, nan)
-t 2 -c 0.0064 -g 0.04444 -r 0 (50.843170320404724, 1.2580101180438448, nan)
-t 2 -c 0.0256 -g 0.04444 -r 0 (50.843170320404724, 1.2580101180438448, nan)
-t 2 -c 0.1024 -g 0.04444 -r 0 (52.86677908937605, 1.2352445193929174, 0.003152821343296574)
-t 2 -c 0.4096 -g 0.04444 -r 0 (93.67622259696459, 0.1315345699831366, 0.8217621009069993)
-t 2 -c 1.6384 -g 0.04444 -r 0 (94.60370994940978, 0.10961214165261383, 0.8504213126224465)
-t 2 -c 6.5536 -g 0.04444 -r 0 (94.8566610455312, 0.10708263069139966, 0.8535147976112475)
-t 2 -c 26.2144 -g 0.04444 -r 0 (94.8566610455312, 0.10708263069139966, 0.8535147976112475)
-t 2 -c 104.8576 -g 0.04444 -r 0 (94.8566610455312, 0.10708263069139966, 0.8535147976112475)
-t 2 -c 419.4304 -g 0.04444 -r 0 (94.8566610455312, 0.10708263069139966, 0.8535147976112475)
-t 2 -c 1677.7216 -g 0.04444 -r 0 (94.8566610455312, 0.10708263069139966, 0.8535147976112475)
-t 2 -c 0.0001 -g 0.00069 -r 1 (50.843170320404724, 1.2580101180438448, nan)
-t 2 -c 0.0004 -g 0.00069 -r 1 (50.843170320404724, 1.2580101180438448, nan)
-t 2 -c 0.0016 -g 0.00069 -r 1 (50.843170320404724, 1.2580101180438448, nan)
-t 2 -c 0.0064 -g 0.00069 -r 1 (50.843170320404724, 1.2580101180438448, nan)
-t 2 -c 0.0256 -g 0.00069 -r 1 (50.843170320404724, 1.2580101180438448, nan)
-t 2 -c 0.1024 -g 0.00069 -r 1 (50.843170320404724, 1.2580101180438448, nan)
-t 2 -c 0.4096 -g 0.00069 -r 1 (50.843170320404724, 1.2580101180438448, nan)
-t 2 -c 1.6384 -g 0.00069 -r 1 (91.2310286677909, 0.18634064080944351, 0.7517222974754749)
-t 2 -c 6.5536 -g 0.00069 -r 1 (94.68802698145025, 0.1163575042158516, 0.8412648059491935)
-t 2 -c 26.2144 -g 0.00069 -r 1 (94.94097807757167, 0.09865092748735245, 0.8656996241638202)
-t 2 -c 104.8576 -g 0.00069 -r 1 (95.36256323777403, 0.0893760539629005, 0.8770800181502036)
-t 2 -c 419.4304 -g 0.00069 -r 1 (94.43507588532884, 0.10370994940978077, 0.8576102611263509)
-t 2 -c 1677.7216 -g 0.00069 -r 1 (94.18212478920742, 0.11382799325463744, 0.8443942309988083)
-t 2 -c 0.0001 -g 0.00139 -r 1 (50.843170320404724, 1.2580101180438448, nan)
-t 2 -c 0.0004 -g 0.00139 -r 1 (50.843170320404724, 1.2580101180438448, nan)
-t 2 -c 0.0016 -g 0.00139 -r 1 (50.843170320404724, 1.2580101180438448, nan)
-t 2 -c 0.0064 -g 0.00139 -r 1 (50.843170320404724, 1.2580101180438448, nan)
-t 2 -c 0.0256 -g 0.00139 -r 1 (50.843170320404724, 1.2580101180438448, nan)
-t 2 -c 0.1024 -g 0.00139 -r 1 (50.843170320404724, 1.2580101180438448, nan)
-t 2 -c 0.4096 -g 0.00139 -r 1 (73.69308600337268, 0.7765598650927488, 0.22194153770617814)
-t 2 -c 1.6384 -g 0.00139 -r 1 (93.59190556492412, 0.13490725126475547, 0.8173224523338516)
-t 2 -c 6.5536 -g 0.00139 -r 1 (94.8566610455312, 0.09696458684654301, 0.8677553573861543)
-t 2 -c 26.2144 -g 0.00139 -r 1 (95.27824620573355, 0.10033726812816189, 0.8633050121316703)
-t 2 -c 104.8576 -g 0.00139 -r 1 (94.94097807757167, 0.09359190556492411, 0.8711435711457842)
-t 2 -c 419.4304 -g 0.00139 -r 1 (94.43507588532884, 0.10623946037099494, 0.8545820791140029)
-t 2 -c 1677.7216 -g 0.00139 -r 1 (94.43507588532884, 0.10623946037099494, 0.8545820791140029)
-t 2 -c 0.0001 -g 0.00278 -r 1 (50.843170320404724, 1.2580101180438448, nan)
-t 2 -c 0.0004 -g 0.00278 -r 1 (50.843170320404724, 1.2580101180438448, nan)
-t 2 -c 0.0016 -g 0.00278 -r 1 (50.843170320404724, 1.2580101180438448, nan)
-t 2 -c 0.0064 -g 0.00278 -r 1 (50.843170320404724, 1.2580101180438448, nan)
-t 2 -c 0.0256 -g 0.00278 -r 1 (50.843170320404724, 1.2580101180438448, nan)
-t 2 -c 0.1024 -g 0.00278 -r 1 (50.843170320404724, 1.2580101180438448, nan)
-t 2 -c 0.4096 -g 0.00278 -r 1 (90.38785834738617, 0.20489038785834737, 0.7288392608703329)
-t 2 -c 1.6384 -g 0.00278 -r 1 (94.60370994940978, 0.11973018549747048, 0.8370542274309726)
-t 2 -c 6.5536 -g 0.00278 -r 1 (94.94097807757167, 0.10118043844856661, 0.8623641396061633)
-t 2 -c 26.2144 -g 0.00278 -r 1 (95.53119730185497, 0.08010118043844856, 0.8896123681048542)
-t 2 -c 104.8576 -g 0.00278 -r 1 (94.77234401349072, 0.09527824620573355, 0.8689594464508421)
-t 2 -c 419.4304 -g 0.00278 -r 1 (94.77234401349072, 0.09527824620573355, 0.8689594464508421)
-t 2 -c 1677.7216 -g 0.00278 -r 1 (94.77234401349072, 0.09527824620573355, 0.8689594464508421)
-t 2 -c 0.0001 -g 0.00556 -r 1 (50.843170320404724, 1.2580101180438448, nan)
-t 2 -c 0.0004 -g 0.00556 -r 1 (50.843170320404724, 1.2580101180438448, nan)
-t 2 -c 0.0016 -g 0.00556 -r 1 (50.843170320404724, 1.2580101180438448, nan)
-t 2 -c 0.0064 -g 0.00556 -r 1 (50.843170320404724, 1.2580101180438448, nan)
-t 2 -c 0.0256 -g 0.00556 -r 1 (50.843170320404724, 1.2580101180438448, nan)
-t 2 -c 0.1024 -g 0.00556 -r 1 (57.841483979763915, 1.1779089376053964, 0.01223989062661319)
-t 2 -c 0.4096 -g 0.00556 -r 1 (93.17032040472175, 0.14165261382799327, 0.8080779583781229)
-t 2 -c 1.6384 -g 0.00556 -r 1 (94.77234401349072, 0.10286677908937605, 0.8597887664928973)
-t 2 -c 6.5536 -g 0.00556 -r 1 (95.7841483979764, 0.0851602023608769, 0.8834090798188602)
-t 2 -c 26.2144 -g 0.00556 -r 1 (95.4468802698145, 0.08347386172006746, 0.8848934163408103)
-t 2 -c 104.8576 -g 0.00556 -r 1 (95.36256323777403, 0.08431703204047218, 0.8837469088936152)
-t 2 -c 419.4304 -g 0.00556 -r 1 (95.36256323777403, 0.08431703204047218, 0.8837469088936152)
-t 2 -c 1677.7216 -g 0.00556 -r 1 (95.36256323777403, 0.08431703204047218, 0.8837469088936152)
-t 2 -c 0.0001 -g 0.01111 -r 1 (50.843170320404724, 1.2580101180438448, nan)
-t 2 -c 0.0004 -g 0.01111 -r 1 (50.843170320404724, 1.2580101180438448, nan)
-t 2 -c 0.0016 -g 0.01111 -r 1 (50.843170320404724, 1.2580101180438448, nan)
-t 2 -c 0.0064 -g 0.01111 -r 1 (50.843170320404724, 1.2580101180438448, nan)
-t 2 -c 0.0256 -g 0.01111 -r 1 (50.843170320404724, 1.2580101180438448, nan)
-t 2 -c 0.1024 -g 0.01111 -r 1 (78.75210792580101, 0.6323777403035413, 0.32488773126287795)
-t 2 -c 0.4096 -g 0.01111 -r 1 (94.09780775716695, 0.12225969645868466, 0.8345930999589485)
-t 2 -c 1.6384 -g 0.01111 -r 1 (95.10961214165262, 0.09696458684654301, 0.8674779033891173)
-t 2 -c 6.5536 -g 0.01111 -r 1 (95.4468802698145, 0.09106239460370995, 0.8753054904853597)
-t 2 -c 26.2144 -g 0.01111 -r 1 (95.53119730185497, 0.0851602023608769, 0.8831398913315629)
-t 2 -c 104.8576 -g 0.01111 -r 1 (95.53119730185497, 0.0851602023608769, 0.8831398913315629)
-t 2 -c 419.4304 -g 0.01111 -r 1 (95.53119730185497, 0.0851602023608769, 0.8831398913315629)
-t 2 -c 1677.7216 -g 0.01111 -r 1 (95.53119730185497, 0.0851602023608769, 0.8831398913315629)
-t 2 -c 0.0001 -g 0.02222 -r 1 (50.843170320404724, 1.2580101180438448, nan)
-t 2 -c 0.0004 -g 0.02222 -r 1 (50.843170320404724, 1.2580101180438448, nan)
-t 2 -c 0.0016 -g 0.02222 -r 1 (50.843170320404724, 1.2580101180438448, nan)
-t 2 -c 0.0064 -g 0.02222 -r 1 (50.843170320404724, 1.2580101180438448, nan)
-t 2 -c 0.0256 -g 0.02222 -r 1 (50.843170320404724, 1.2580101180438448, nan)
-t 2 -c 0.1024 -g 0.02222 -r 1 (79.00505902192243, 0.6247892074198989, 0.33035390036808665)
-t 2 -c 0.4096 -g 0.02222 -r 1 (94.35075885328837, 0.11467116357504216, 0.8444198798909399)
-t 2 -c 1.6384 -g 0.02222 -r 1 (95.19392917369309, 0.09865092748735245, 0.8655971569587986)
-t 2 -c 6.5536 -g 0.02222 -r 1 (95.4468802698145, 0.09359190556492411, 0.872077121843577)
-t 2 -c 26.2144 -g 0.02222 -r 1 (95.4468802698145, 0.09359190556492411, 0.872077121843577)
-t 2 -c 104.8576 -g 0.02222 -r 1 (95.4468802698145, 0.09359190556492411, 0.872077121843577)
-t 2 -c 419.4304 -g 0.02222 -r 1 (95.4468802698145, 0.09359190556492411, 0.872077121843577)
-t 2 -c 1677.7216 -g 0.02222 -r 1 (95.4468802698145, 0.09359190556492411, 0.872077121843577)
-t 2 -c 0.0001 -g 0.04444 -r 1 (50.843170320404724, 1.2580101180438448, nan)
-t 2 -c 0.0004 -g 0.04444 -r 1 (50.843170320404724, 1.2580101180438448, nan)
-t 2 -c 0.0016 -g 0.04444 -r 1 (50.843170320404724, 1.2580101180438448, nan)
-t 2 -c 0.0064 -g 0.04444 -r 1 (50.843170320404724, 1.2580101180438448, nan)
-t 2 -c 0.0256 -g 0.04444 -r 1 (50.843170320404724, 1.2580101180438448, nan)
-t 2 -c 0.1024 -g 0.04444 -r 1 (52.86677908937605, 1.2352445193929174, 0.003152821343296574)
-t 2 -c 0.4096 -g 0.04444 -r 1 (93.67622259696459, 0.1315345699831366, 0.8217621009069993)
-t 2 -c 1.6384 -g 0.04444 -r 1 (94.60370994940978, 0.10961214165261383, 0.8504213126224465)
-t 2 -c 6.5536 -g 0.04444 -r 1 (94.8566610455312, 0.10708263069139966, 0.8535147976112475)
-t 2 -c 26.2144 -g 0.04444 -r 1 (94.8566610455312, 0.10708263069139966, 0.8535147976112475)
-t 2 -c 104.8576 -g 0.04444 -r 1 (94.8566610455312, 0.10708263069139966, 0.8535147976112475)
-t 2 -c 419.4304 -g 0.04444 -r 1 (94.8566610455312, 0.10708263069139966, 0.8535147976112475)
-t 2 -c 1677.7216 -g 0.04444 -r 1 (94.8566610455312, 0.10708263069139966, 0.8535147976112475)
-t 2 -c 0.0001 -g 0.00069 -r 2 (50.843170320404724, 1.2580101180438448, nan)
-t 2 -c 0.0004 -g 0.00069 -r 2 (50.843170320404724, 1.2580101180438448, nan)
-t 2 -c 0.0016 -g 0.00069 -r 2 (50.843170320404724, 1.2580101180438448, nan)
-t 2 -c 0.0064 -g 0.00069 -r 2 (50.843170320404724, 1.2580101180438448, nan)
-t 2 -c 0.0256 -g 0.00069 -r 2 (50.843170320404724, 1.2580101180438448, nan)
-t 2 -c 0.1024 -g 0.00069 -r 2 (50.843170320404724, 1.2580101180438448, nan)
-t 2 -c 0.4096 -g 0.00069 -r 2 (50.843170320404724, 1.2580101180438448, nan)
-t 2 -c 1.6384 -g 0.00069 -r 2 (91.2310286677909, 0.18634064080944351, 0.7517222974754749)
-t 2 -c 6.5536 -g 0.00069 -r 2 (94.68802698145025, 0.1163575042158516, 0.8412648059491935)
-t 2 -c 26.2144 -g 0.00069 -r 2 (94.94097807757167, 0.09865092748735245, 0.8656996241638202)
-t 2 -c 104.8576 -g 0.00069 -r 2 (95.36256323777403, 0.0893760539629005, 0.8770800181502036)
-t 2 -c 419.4304 -g 0.00069 -r 2 (94.43507588532884, 0.10370994940978077, 0.8576102611263509)
-t 2 -c 1677.7216 -g 0.00069 -r 2 (94.18212478920742, 0.11382799325463744, 0.8443942309988083)
-t 2 -c 0.0001 -g 0.00139 -r 2 (50.843170320404724, 1.2580101180438448, nan)
-t 2 -c 0.0004 -g 0.00139 -r 2 (50.843170320404724, 1.2580101180438448, nan)
-t 2 -c 0.0016 -g 0.00139 -r 2 (50.843170320404724, 1.2580101180438448, nan)
-t 2 -c 0.0064 -g 0.00139 -r 2 (50.843170320404724, 1.2580101180438448, nan)
-t 2 -c 0.0256 -g 0.00139 -r 2 (50.843170320404724, 1.2580101180438448, nan)
-t 2 -c 0.1024 -g 0.00139 -r 2 (50.843170320404724, 1.2580101180438448, nan)
-t 2 -c 0.4096 -g 0.00139 -r 2 (73.69308600337268, 0.7765598650927488, 0.22194153770617814)
-t 2 -c 1.6384 -g 0.00139 -r 2 (93.59190556492412, 0.13490725126475547, 0.8173224523338516)
-t 2 -c 6.5536 -g 0.00139 -r 2 (94.8566610455312, 0.09696458684654301, 0.8677553573861543)
-t 2 -c 26.2144 -g 0.00139 -r 2 (95.27824620573355, 0.10033726812816189, 0.8633050121316703)
-t 2 -c 104.8576 -g 0.00139 -r 2 (94.94097807757167, 0.09359190556492411, 0.8711435711457842)
-t 2 -c 419.4304 -g 0.00139 -r 2 (94.43507588532884, 0.10623946037099494, 0.8545820791140029)
-t 2 -c 1677.7216 -g 0.00139 -r 2 (94.43507588532884, 0.10623946037099494, 0.8545820791140029)
-t 2 -c 0.0001 -g 0.00278 -r 2 (50.843170320404724, 1.2580101180438448, nan)
-t 2 -c 0.0004 -g 0.00278 -r 2 (50.843170320404724, 1.2580101180438448, nan)
-t 2 -c 0.0016 -g 0.00278 -r 2 (50.843170320404724, 1.2580101180438448, nan)
-t 2 -c 0.0064 -g 0.00278 -r 2 (50.843170320404724, 1.2580101180438448, nan)
-t 2 -c 0.0256 -g 0.00278 -r 2 (50.843170320404724, 1.2580101180438448, nan)
-t 2 -c 0.1024 -g 0.00278 -r 2 (50.843170320404724, 1.2580101180438448, nan)
-t 2 -c 0.4096 -g 0.00278 -r 2 (90.38785834738617, 0.20489038785834737, 0.7288392608703329)
-t 2 -c 1.6384 -g 0.00278 -r 2 (94.60370994940978, 0.11973018549747048, 0.8370542274309726)
-t 2 -c 6.5536 -g 0.00278 -r 2 (94.94097807757167, 0.10118043844856661, 0.8623641396061633)
-t 2 -c 26.2144 -g 0.00278 -r 2 (95.53119730185497, 0.08010118043844856, 0.8896123681048542)
-t 2 -c 104.8576 -g 0.00278 -r 2 (94.77234401349072, 0.09527824620573355, 0.8689594464508421)
-t 2 -c 419.4304 -g 0.00278 -r 2 (94.77234401349072, 0.09527824620573355, 0.8689594464508421)
-t 2 -c 1677.7216 -g 0.00278 -r 2 (94.77234401349072, 0.09527824620573355, 0.8689594464508421)
-t 2 -c 0.0001 -g 0.00556 -r 2 (50.843170320404724, 1.2580101180438448, nan)
-t 2 -c 0.0004 -g 0.00556 -r 2 (50.843170320404724, 1.2580101180438448, nan)
-t 2 -c 0.0016 -g 0.00556 -r 2 (50.843170320404724, 1.2580101180438448, nan)
-t 2 -c 0.0064 -g 0.00556 -r 2 (50.843170320404724, 1.2580101180438448, nan)
-t 2 -c 0.0256 -g 0.00556 -r 2 (50.843170320404724, 1.2580101180438448, nan)
-t 2 -c 0.1024 -g 0.00556 -r 2 (57.841483979763915, 1.1779089376053964, 0.01223989062661319)
-t 2 -c 0.4096 -g 0.00556 -r 2 (93.17032040472175, 0.14165261382799327, 0.8080779583781229)
-t 2 -c 1.6384 -g 0.00556 -r 2 (94.77234401349072, 0.10286677908937605, 0.8597887664928973)
-t 2 -c 6.5536 -g 0.00556 -r 2 (95.7841483979764, 0.0851602023608769, 0.8834090798188602)
-t 2 -c 26.2144 -g 0.00556 -r 2 (95.4468802698145, 0.08347386172006746, 0.8848934163408103)
-t 2 -c 104.8576 -g 0.00556 -r 2 (95.36256323777403, 0.08431703204047218, 0.8837469088936152)
-t 2 -c 419.4304 -g 0.00556 -r 2 (95.36256323777403, 0.08431703204047218, 0.8837469088936152)
-t 2 -c 1677.7216 -g 0.00556 -r 2 (95.36256323777403, 0.08431703204047218, 0.8837469088936152)
-t 2 -c 0.0001 -g 0.01111 -r 2 (50.843170320404724, 1.2580101180438448, nan)
-t 2 -c 0.0004 -g 0.01111 -r 2 (50.843170320404724, 1.2580101180438448, nan)
-t 2 -c 0.0016 -g 0.01111 -r 2 (50.843170320404724, 1.2580101180438448, nan)
-t 2 -c 0.0064 -g 0.01111 -r 2 (50.843170320404724, 1.2580101180438448, nan)
-t 2 -c 0.0256 -g 0.01111 -r 2 (50.843170320404724, 1.2580101180438448, nan)
-t 2 -c 0.1024 -g 0.01111 -r 2 (78.75210792580101, 0.6323777403035413, 0.32488773126287795)
-t 2 -c 0.4096 -g 0.01111 -r 2 (94.09780775716695, 0.12225969645868466, 0.8345930999589485)
-t 2 -c 1.6384 -g 0.01111 -r 2 (95.10961214165262, 0.09696458684654301, 0.8674779033891173)
-t 2 -c 6.5536 -g 0.01111 -r 2 (95.4468802698145, 0.09106239460370995, 0.8753054904853597)
-t 2 -c 26.2144 -g 0.01111 -r 2 (95.53119730185497, 0.0851602023608769, 0.8831398913315629)
-t 2 -c 104.8576 -g 0.01111 -r 2 (95.53119730185497, 0.0851602023608769, 0.8831398913315629)
-t 2 -c 419.4304 -g 0.01111 -r 2 (95.53119730185497, 0.0851602023608769, 0.8831398913315629)
-t 2 -c 1677.7216 -g 0.01111 -r 2 (95.53119730185497, 0.0851602023608769, 0.8831398913315629)
-t 2 -c 0.0001 -g 0.02222 -r 2 (50.843170320404724, 1.2580101180438448, nan)
-t 2 -c 0.0004 -g 0.02222 -r 2 (50.843170320404724, 1.2580101180438448, nan)
-t 2 -c 0.0016 -g 0.02222 -r 2 (50.843170320404724, 1.2580101180438448, nan)
-t 2 -c 0.0064 -g 0.02222 -r 2 (50.843170320404724, 1.2580101180438448, nan)
-t 2 -c 0.0256 -g 0.02222 -r 2 (50.843170320404724, 1.2580101180438448, nan)
-t 2 -c 0.1024 -g 0.02222 -r 2 (79.00505902192243, 0.6247892074198989, 0.33035390036808665)
-t 2 -c 0.4096 -g 0.02222 -r 2 (94.35075885328837, 0.11467116357504216, 0.8444198798909399)
-t 2 -c 1.6384 -g 0.02222 -r 2 (95.19392917369309, 0.09865092748735245, 0.8655971569587986)
-t 2 -c 6.5536 -g 0.02222 -r 2 (95.4468802698145, 0.09359190556492411, 0.872077121843577)
-t 2 -c 26.2144 -g 0.02222 -r 2 (95.4468802698145, 0.09359190556492411, 0.872077121843577)
-t 2 -c 104.8576 -g 0.02222 -r 2 (95.4468802698145, 0.09359190556492411, 0.872077121843577)
-t 2 -c 419.4304 -g 0.02222 -r 2 (95.4468802698145, 0.09359190556492411, 0.872077121843577)
-t 2 -c 1677.7216 -g 0.02222 -r 2 (95.4468802698145, 0.09359190556492411, 0.872077121843577)
-t 2 -c 0.0001 -g 0.04444 -r 2 (50.843170320404724, 1.2580101180438448, nan)
-t 2 -c 0.0004 -g 0.04444 -r 2 (50.843170320404724, 1.2580101180438448, nan)
-t 2 -c 0.0016 -g 0.04444 -r 2 (50.843170320404724, 1.2580101180438448, nan)
-t 2 -c 0.0064 -g 0.04444 -r 2 (50.843170320404724, 1.2580101180438448, nan)
-t 2 -c 0.0256 -g 0.04444 -r 2 (50.843170320404724, 1.2580101180438448, nan)
-t 2 -c 0.1024 -g 0.04444 -r 2 (52.86677908937605, 1.2352445193929174, 0.003152821343296574)
-t 2 -c 0.4096 -g 0.04444 -r 2 (93.67622259696459, 0.1315345699831366, 0.8217621009069993)
-t 2 -c 1.6384 -g 0.04444 -r 2 (94.60370994940978, 0.10961214165261383, 0.8504213126224465)
-t 2 -c 6.5536 -g 0.04444 -r 2 (94.8566610455312, 0.10708263069139966, 0.8535147976112475)
-t 2 -c 26.2144 -g 0.04444 -r 2 (94.8566610455312, 0.10708263069139966, 0.8535147976112475)
-t 2 -c 104.8576 -g 0.04444 -r 2 (94.8566610455312, 0.10708263069139966, 0.8535147976112475)
-t 2 -c 419.4304 -g 0.04444 -r 2 (94.8566610455312, 0.10708263069139966, 0.8535147976112475)
-t 2 -c 1677.7216 -g 0.04444 -r 2 (94.8566610455312, 0.10708263069139966, 0.8535147976112475)
