1
             precision    recall  f1-score   support

       -1.0       0.86      0.86      0.86     12435
        1.0       0.56      0.56      0.56      3846

avg / total       0.79      0.79      0.79     16281

2
             precision    recall  f1-score   support

       -1.0       0.83      0.95      0.88     12435
        1.0       0.68      0.37      0.48      3846

avg / total       0.79      0.81      0.79     16281

3
             precision    recall  f1-score   support

       -1.0       0.87      0.90      0.88     12435
        1.0       0.63      0.56      0.59      3846

avg / total       0.81      0.82      0.81     16281

4
             precision    recall  f1-score   support

       -1.0       0.85      0.94      0.89     12435
        1.0       0.70      0.45      0.55      3846

avg / total       0.81      0.82      0.81     16281

5
             precision    recall  f1-score   support

       -1.0       0.87      0.90      0.89     12435
        1.0       0.64      0.57      0.60      3846

avg / total       0.82      0.82      0.82     16281

6
             precision    recall  f1-score   support

       -1.0       0.85      0.93      0.89     12435
        1.0       0.69      0.48      0.57      3846

avg / total       0.82      0.83      0.82     16281

7
             precision    recall  f1-score   support

       -1.0       0.87      0.91      0.89     12435
        1.0       0.66      0.57      0.61      3846

avg / total       0.82      0.83      0.82     16281

8
             precision    recall  f1-score   support

       -1.0       0.86      0.94      0.90     12435
        1.0       0.71      0.50      0.58      3846

avg / total       0.82      0.83      0.82     16281

9
             precision    recall  f1-score   support

       -1.0       0.87      0.92      0.89     12435
        1.0       0.67      0.56      0.61      3846

avg / total       0.82      0.83      0.83     16281

10
             precision    recall  f1-score   support

       -1.0       0.86      0.93      0.90     12435
        1.0       0.70      0.51      0.59      3846

avg / total       0.82      0.83      0.82     16281

