11
             precision    recall  f1-score   support

       -1.0       0.87      0.92      0.89     12435
        1.0       0.68      0.56      0.62      3846

avg / total       0.83      0.83      0.83     16281

12
             precision    recall  f1-score   support

       -1.0       0.86      0.93      0.90     12435
        1.0       0.71      0.52      0.60      3846

avg / total       0.83      0.84      0.83     16281

13
             precision    recall  f1-score   support

       -1.0       0.87      0.92      0.90     12435
        1.0       0.69      0.56      0.62      3846

avg / total       0.83      0.84      0.83     16281

14
             precision    recall  f1-score   support

       -1.0       0.86      0.93      0.90     12435
        1.0       0.71      0.52      0.60      3846

avg / total       0.83      0.84      0.83     16281

15
             precision    recall  f1-score   support

       -1.0       0.87      0.92      0.90     12435
        1.0       0.69      0.56      0.62      3846

avg / total       0.83      0.84      0.83     16281

16
             precision    recall  f1-score   support

       -1.0       0.86      0.93      0.90     12435
        1.0       0.71      0.53      0.61      3846

avg / total       0.83      0.84      0.83     16281

17
             precision    recall  f1-score   support

       -1.0       0.87      0.92      0.90     12435
        1.0       0.70      0.57      0.63      3846

avg / total       0.83      0.84      0.83     16281

18
             precision    recall  f1-score   support

       -1.0       0.87      0.93      0.90     12435
        1.0       0.71      0.53      0.61      3846

avg / total       0.83      0.84      0.83     16281

19
             precision    recall  f1-score   support

       -1.0       0.87      0.93      0.90     12435
        1.0       0.70      0.56      0.62      3846

avg / total       0.83      0.84      0.83     16281

20
             precision    recall  f1-score   support

       -1.0       0.87      0.93      0.90     12435
        1.0       0.72      0.54      0.61      3846

avg / total       0.83      0.84      0.83     16281

