0.001 constant (100, 20) logistic lbfgs
             precision    recall  f1-score   support

       -1.0       0.92      0.77      0.84     23027
        1.0       0.52      0.79      0.63      7269

avg / total       0.82      0.77      0.79     30296

0.001 constant (200, 50) logistic lbfgs
             precision    recall  f1-score   support

       -1.0       0.93      0.76      0.84     23027
        1.0       0.52      0.82      0.63      7269

avg / total       0.83      0.77      0.79     30296

0.001 constant (200, 300, 100) logistic lbfgs
             precision    recall  f1-score   support

       -1.0       0.94      0.77      0.85     23027
        1.0       0.53      0.84      0.65      7269

avg / total       0.84      0.79      0.80     30296

0.001 constant (400, 100, 40) logistic lbfgs
             precision    recall  f1-score   support

       -1.0       0.93      0.76      0.84     23027
        1.0       0.52      0.82      0.64      7269

avg / total       0.83      0.78      0.79     30296

0.001 constant (400, 200, 100) logistic lbfgs
             precision    recall  f1-score   support

       -1.0       0.94      0.77      0.85     23027
        1.0       0.54      0.85      0.66      7269

avg / total       0.85      0.79      0.80     30296

0.001 constant (400, 200, 100, 30) logistic lbfgs
             precision    recall  f1-score   support

       -1.0       0.76      1.00      0.86     23027
        1.0       0.00      0.00      0.00      7269

avg / total       0.58      0.76      0.66     30296

0.001 constant (200, 400, 100, 30) logistic lbfgs
             precision    recall  f1-score   support

       -1.0       0.76      1.00      0.86     23027
        1.0       0.00      0.00      0.00      7269

avg / total       0.58      0.76      0.66     30296

0.001 constant (100, 20) logistic sgd
             precision    recall  f1-score   support

       -1.0       0.76      1.00      0.86     23027
        1.0       0.00      0.00      0.00      7269

avg / total       0.58      0.76      0.66     30296

0.001 constant (200, 50) logistic sgd
             precision    recall  f1-score   support

       -1.0       0.00      0.00      0.00     23027
        1.0       0.24      1.00      0.39      7269

avg / total       0.06      0.24      0.09     30296

0.001 constant (200, 300, 100) logistic sgd
             precision    recall  f1-score   support

       -1.0       0.76      1.00      0.86     23027
        1.0       0.00      0.00      0.00      7269

avg / total       0.58      0.76      0.66     30296

0.001 constant (400, 100, 40) logistic sgd
             precision    recall  f1-score   support

       -1.0       0.76      1.00      0.86     23027
        1.0       0.00      0.00      0.00      7269

avg / total       0.58      0.76      0.66     30296

0.001 constant (400, 200, 100) logistic sgd
             precision    recall  f1-score   support

       -1.0       0.76      1.00      0.86     23027
        1.0       0.00      0.00      0.00      7269

avg / total       0.58      0.76      0.66     30296

0.001 constant (400, 200, 100, 30) logistic sgd
             precision    recall  f1-score   support

       -1.0       0.76      1.00      0.86     23027
        1.0       0.00      0.00      0.00      7269

avg / total       0.58      0.76      0.66     30296

0.001 constant (200, 400, 100, 30) logistic sgd
             precision    recall  f1-score   support

       -1.0       0.76      1.00      0.86     23027
        1.0       0.00      0.00      0.00      7269

avg / total       0.58      0.76      0.66     30296

0.001 constant (100, 20) logistic adam
             precision    recall  f1-score   support

       -1.0       0.94      0.78      0.86     23027
        1.0       0.55      0.85      0.67      7269

avg / total       0.85      0.80      0.81     30296

0.001 constant (200, 50) logistic adam
             precision    recall  f1-score   support

       -1.0       0.94      0.79      0.86     23027
        1.0       0.56      0.85      0.67      7269

avg / total       0.85      0.80      0.81     30296

0.001 constant (200, 300, 100) logistic adam
             precision    recall  f1-score   support

       -1.0       0.93      0.83      0.88     23027
        1.0       0.60      0.79      0.68      7269

avg / total       0.85      0.82      0.83     30296

0.001 constant (400, 100, 40) logistic adam
             precision    recall  f1-score   support

       -1.0       0.95      0.75      0.84     23027
        1.0       0.53      0.88      0.66      7269

avg / total       0.85      0.78      0.80     30296

0.001 constant (400, 200, 100) logistic adam
             precision    recall  f1-score   support

       -1.0       0.93      0.83      0.88     23027
        1.0       0.60      0.79      0.68      7269

avg / total       0.85      0.82      0.83     30296

0.001 constant (400, 200, 100, 30) logistic adam
             precision    recall  f1-score   support

       -1.0       0.95      0.75      0.84     23027
        1.0       0.53      0.88      0.66      7269

avg / total       0.85      0.78      0.80     30296

0.001 constant (200, 400, 100, 30) logistic adam
             precision    recall  f1-score   support

       -1.0       0.93      0.81      0.87     23027
        1.0       0.58      0.82      0.68      7269

avg / total       0.85      0.81      0.82     30296

0.001 constant (100, 20) tanh lbfgs
             precision    recall  f1-score   support

       -1.0       0.92      0.78      0.84     23027
        1.0       0.53      0.79      0.63      7269

avg / total       0.83      0.78      0.79     30296

0.001 constant (200, 50) tanh lbfgs
             precision    recall  f1-score   support

       -1.0       0.92      0.77      0.84     23027
        1.0       0.51      0.79      0.62      7269

avg / total       0.82      0.77      0.78     30296

0.001 constant (200, 300, 100) tanh lbfgs
             precision    recall  f1-score   support

       -1.0       0.92      0.76      0.83     23027
        1.0       0.51      0.78      0.62      7269

avg / total       0.82      0.77      0.78     30296

0.001 constant (400, 100, 40) tanh lbfgs
             precision    recall  f1-score   support

       -1.0       0.92      0.78      0.84     23027
        1.0       0.52      0.77      0.62      7269

avg / total       0.82      0.77      0.79     30296

0.001 constant (400, 200, 100) tanh lbfgs
             precision    recall  f1-score   support

       -1.0       0.92      0.77      0.84     23027
        1.0       0.52      0.79      0.63      7269

avg / total       0.82      0.77      0.79     30296

0.001 constant (400, 200, 100, 30) tanh lbfgs
             precision    recall  f1-score   support

       -1.0       0.92      0.77      0.84     23027
        1.0       0.52      0.79      0.62      7269

avg / total       0.82      0.77      0.79     30296

0.001 constant (200, 400, 100, 30) tanh lbfgs
             precision    recall  f1-score   support

       -1.0       0.92      0.78      0.84     23027
        1.0       0.53      0.79      0.63      7269

avg / total       0.83      0.78      0.79     30296

0.001 constant (100, 20) tanh sgd
             precision    recall  f1-score   support

       -1.0       0.94      0.77      0.85     23027
        1.0       0.54      0.85      0.66      7269

avg / total       0.85      0.79      0.80     30296

0.001 constant (200, 50) tanh sgd
             precision    recall  f1-score   support

       -1.0       0.94      0.78      0.86     23027
        1.0       0.55      0.85      0.67      7269

avg / total       0.85      0.80      0.81     30296

0.001 constant (200, 300, 100) tanh sgd
             precision    recall  f1-score   support

       -1.0       0.94      0.79      0.86     23027
        1.0       0.56      0.84      0.67      7269

avg / total       0.85      0.80      0.82     30296

0.001 constant (400, 100, 40) tanh sgd
             precision    recall  f1-score   support

       -1.0       0.94      0.79      0.86     23027
        1.0       0.56      0.85      0.67      7269

avg / total       0.85      0.80      0.81     30296

0.001 constant (400, 200, 100) tanh sgd
             precision    recall  f1-score   support

       -1.0       0.95      0.77      0.85     23027
        1.0       0.54      0.86      0.66      7269

avg / total       0.85      0.79      0.81     30296

0.001 constant (400, 200, 100, 30) tanh sgd
             precision    recall  f1-score   support

       -1.0       0.94      0.80      0.86     23027
        1.0       0.57      0.84      0.68      7269

avg / total       0.85      0.81      0.82     30296

0.001 constant (200, 400, 100, 30) tanh sgd
             precision    recall  f1-score   support

       -1.0       0.94      0.80      0.86     23027
        1.0       0.57      0.84      0.68      7269

avg / total       0.85      0.81      0.82     30296

0.001 constant (100, 20) tanh adam
             precision    recall  f1-score   support

       -1.0       0.94      0.80      0.86     23027
        1.0       0.57      0.83      0.67      7269

avg / total       0.85      0.81      0.82     30296

0.001 constant (200, 50) tanh adam
             precision    recall  f1-score   support

       -1.0       0.93      0.81      0.87     23027
        1.0       0.57      0.82      0.67      7269

avg / total       0.85      0.81      0.82     30296

0.001 constant (200, 300, 100) tanh adam
             precision    recall  f1-score   support

       -1.0       0.94      0.74      0.83     23027
        1.0       0.51      0.84      0.63      7269

avg / total       0.83      0.77      0.78     30296

0.001 constant (400, 100, 40) tanh adam
             precision    recall  f1-score   support

       -1.0       0.93      0.77      0.84     23027
        1.0       0.53      0.81      0.64      7269

avg / total       0.83      0.78      0.79     30296

0.001 constant (400, 200, 100) tanh adam
             precision    recall  f1-score   support

       -1.0       0.93      0.78      0.84     23027
        1.0       0.53      0.81      0.64      7269

avg / total       0.83      0.78      0.80     30296

0.001 constant (400, 200, 100, 30) tanh adam
             precision    recall  f1-score   support

       -1.0       0.93      0.76      0.84     23027
        1.0       0.52      0.82      0.64      7269

avg / total       0.83      0.78      0.79     30296

0.001 constant (200, 400, 100, 30) tanh adam
             precision    recall  f1-score   support

       -1.0       0.93      0.79      0.85     23027
        1.0       0.54      0.80      0.65      7269

avg / total       0.83      0.79      0.80     30296

0.001 constant (100, 20) relu lbfgs
             precision    recall  f1-score   support

       -1.0       0.91      0.78      0.84     23027
        1.0       0.52      0.77      0.62      7269

avg / total       0.82      0.77      0.79     30296

0.001 constant (200, 50) relu lbfgs
             precision    recall  f1-score   support

       -1.0       0.92      0.78      0.84     23027
        1.0       0.52      0.77      0.62      7269

avg / total       0.82      0.78      0.79     30296

0.001 constant (200, 300, 100) relu lbfgs
             precision    recall  f1-score   support

       -1.0       0.91      0.78      0.84     23027
        1.0       0.52      0.77      0.62      7269

avg / total       0.82      0.78      0.79     30296

0.001 constant (400, 100, 40) relu lbfgs
             precision    recall  f1-score   support

       -1.0       0.91      0.78      0.84     23027
        1.0       0.52      0.77      0.62      7269

avg / total       0.82      0.77      0.79     30296

0.001 constant (400, 200, 100) relu lbfgs
             precision    recall  f1-score   support

       -1.0       0.92      0.78      0.84     23027
        1.0       0.53      0.77      0.63      7269

avg / total       0.82      0.78      0.79     30296

0.001 constant (400, 200, 100, 30) relu lbfgs
             precision    recall  f1-score   support

       -1.0       0.92      0.77      0.84     23027
        1.0       0.52      0.78      0.62      7269

avg / total       0.82      0.77      0.79     30296

0.001 constant (200, 400, 100, 30) relu lbfgs
             precision    recall  f1-score   support

       -1.0       0.91      0.78      0.84     23027
        1.0       0.53      0.77      0.63      7269

avg / total       0.82      0.78      0.79     30296

0.001 constant (100, 20) relu sgd
             precision    recall  f1-score   support

       -1.0       0.94      0.79      0.86     23027
        1.0       0.56      0.83      0.67      7269

avg / total       0.85      0.80      0.81     30296

0.001 constant (200, 50) relu sgd
             precision    recall  f1-score   support

       -1.0       0.94      0.78      0.85     23027
        1.0       0.55      0.86      0.67      7269

avg / total       0.85      0.80      0.81     30296

0.001 constant (200, 300, 100) relu sgd
             precision    recall  f1-score   support

       -1.0       0.95      0.78      0.85     23027
        1.0       0.55      0.86      0.67      7269

avg / total       0.85      0.80      0.81     30296

0.001 constant (400, 100, 40) relu sgd
             precision    recall  f1-score   support

       -1.0       0.94      0.81      0.87     23027
        1.0       0.58      0.82      0.68      7269

avg / total       0.85      0.81      0.82     30296

0.001 constant (400, 200, 100) relu sgd
             precision    recall  f1-score   support

       -1.0       0.94      0.79      0.86     23027
        1.0       0.56      0.85      0.67      7269

avg / total       0.85      0.80      0.81     30296

0.001 constant (400, 200, 100, 30) relu sgd
             precision    recall  f1-score   support

       -1.0       0.94      0.81      0.87     23027
        1.0       0.58      0.83      0.68      7269

avg / total       0.85      0.81      0.82     30296

0.001 constant (200, 400, 100, 30) relu sgd
             precision    recall  f1-score   support

       -1.0       0.94      0.80      0.86     23027
        1.0       0.57      0.83      0.67      7269

avg / total       0.85      0.81      0.82     30296

0.001 constant (100, 20) relu adam
             precision    recall  f1-score   support

       -1.0       0.93      0.78      0.85     23027
        1.0       0.53      0.81      0.64      7269

avg / total       0.83      0.78      0.80     30296

0.001 constant (200, 50) relu adam
             precision    recall  f1-score   support

       -1.0       0.92      0.80      0.86     23027
        1.0       0.55      0.78      0.65      7269

avg / total       0.83      0.80      0.81     30296

0.001 constant (200, 300, 100) relu adam
             precision    recall  f1-score   support

       -1.0       0.93      0.78      0.85     23027
        1.0       0.54      0.81      0.64      7269

avg / total       0.83      0.79      0.80     30296

0.001 constant (400, 100, 40) relu adam
             precision    recall  f1-score   support

       -1.0       0.92      0.78      0.85     23027
        1.0       0.54      0.80      0.64      7269

avg / total       0.83      0.79      0.80     30296

0.001 constant (400, 200, 100) relu adam
             precision    recall  f1-score   support

       -1.0       0.95      0.71      0.82     23027
        1.0       0.49      0.88      0.63      7269

avg / total       0.84      0.75      0.77     30296

0.001 constant (400, 200, 100, 30) relu adam
             precision    recall  f1-score   support

       -1.0       0.92      0.78      0.85     23027
        1.0       0.54      0.80      0.64      7269

avg / total       0.83      0.79      0.80     30296

0.001 constant (200, 400, 100, 30) relu adam
             precision    recall  f1-score   support

       -1.0       0.94      0.73      0.82     23027
        1.0       0.50      0.86      0.63      7269

avg / total       0.84      0.76      0.78     30296

0.001 adaptive (100, 20) logistic lbfgs
             precision    recall  f1-score   support

       -1.0       0.92      0.77      0.84     23027
        1.0       0.52      0.79      0.63      7269

avg / total       0.82      0.77      0.79     30296

0.001 adaptive (200, 50) logistic lbfgs
             precision    recall  f1-score   support

       -1.0       0.93      0.76      0.84     23027
        1.0       0.52      0.82      0.63      7269

avg / total       0.83      0.77      0.79     30296

0.001 adaptive (200, 300, 100) logistic lbfgs
             precision    recall  f1-score   support

       -1.0       0.94      0.77      0.85     23027
        1.0       0.53      0.84      0.65      7269

avg / total       0.84      0.79      0.80     30296

0.001 adaptive (400, 100, 40) logistic lbfgs
             precision    recall  f1-score   support

       -1.0       0.93      0.76      0.84     23027
        1.0       0.52      0.82      0.64      7269

avg / total       0.83      0.78      0.79     30296

0.001 adaptive (400, 200, 100) logistic lbfgs
             precision    recall  f1-score   support

       -1.0       0.94      0.77      0.85     23027
        1.0       0.54      0.85      0.66      7269

avg / total       0.85      0.79      0.80     30296

0.001 adaptive (400, 200, 100, 30) logistic lbfgs
             precision    recall  f1-score   support

       -1.0       0.76      1.00      0.86     23027
        1.0       0.00      0.00      0.00      7269

avg / total       0.58      0.76      0.66     30296

0.001 adaptive (200, 400, 100, 30) logistic lbfgs
             precision    recall  f1-score   support

       -1.0       0.76      1.00      0.86     23027
        1.0       0.00      0.00      0.00      7269

avg / total       0.58      0.76      0.66     30296

0.001 adaptive (100, 20) logistic sgd
             precision    recall  f1-score   support

       -1.0       0.76      1.00      0.86     23027
        1.0       0.00      0.00      0.00      7269

avg / total       0.58      0.76      0.66     30296

0.001 adaptive (200, 50) logistic sgd
             precision    recall  f1-score   support

       -1.0       0.00      0.00      0.00     23027
        1.0       0.24      1.00      0.39      7269

avg / total       0.06      0.24      0.09     30296

0.001 adaptive (200, 300, 100) logistic sgd
             precision    recall  f1-score   support

       -1.0       0.76      1.00      0.86     23027
        1.0       0.00      0.00      0.00      7269

avg / total       0.58      0.76      0.66     30296

0.001 adaptive (400, 100, 40) logistic sgd
             precision    recall  f1-score   support

       -1.0       0.76      1.00      0.86     23027
        1.0       0.00      0.00      0.00      7269

avg / total       0.58      0.76      0.66     30296

0.001 adaptive (400, 200, 100) logistic sgd
             precision    recall  f1-score   support

       -1.0       0.76      1.00      0.86     23027
        1.0       0.00      0.00      0.00      7269

avg / total       0.58      0.76      0.66     30296

0.001 adaptive (400, 200, 100, 30) logistic sgd
             precision    recall  f1-score   support

       -1.0       0.76      1.00      0.86     23027
        1.0       0.00      0.00      0.00      7269

avg / total       0.58      0.76      0.66     30296

0.001 adaptive (200, 400, 100, 30) logistic sgd
             precision    recall  f1-score   support

       -1.0       0.76      1.00      0.86     23027
        1.0       0.00      0.00      0.00      7269

avg / total       0.58      0.76      0.66     30296

0.001 adaptive (100, 20) logistic adam
             precision    recall  f1-score   support

       -1.0       0.94      0.78      0.86     23027
        1.0       0.55      0.85      0.67      7269

avg / total       0.85      0.80      0.81     30296

0.001 adaptive (200, 50) logistic adam
             precision    recall  f1-score   support

       -1.0       0.94      0.79      0.86     23027
        1.0       0.56      0.85      0.67      7269

avg / total       0.85      0.80      0.81     30296

0.001 adaptive (200, 300, 100) logistic adam
             precision    recall  f1-score   support

       -1.0       0.93      0.83      0.88     23027
        1.0       0.60      0.79      0.68      7269

avg / total       0.85      0.82      0.83     30296

0.001 adaptive (400, 100, 40) logistic adam
             precision    recall  f1-score   support

       -1.0       0.95      0.75      0.84     23027
        1.0       0.53      0.88      0.66      7269

avg / total       0.85      0.78      0.80     30296

0.001 adaptive (400, 200, 100) logistic adam
             precision    recall  f1-score   support

       -1.0       0.93      0.83      0.88     23027
        1.0       0.60      0.79      0.68      7269

avg / total       0.85      0.82      0.83     30296

0.001 adaptive (400, 200, 100, 30) logistic adam
             precision    recall  f1-score   support

       -1.0       0.95      0.75      0.84     23027
        1.0       0.53      0.88      0.66      7269

avg / total       0.85      0.78      0.80     30296

0.001 adaptive (200, 400, 100, 30) logistic adam
             precision    recall  f1-score   support

       -1.0       0.93      0.81      0.87     23027
        1.0       0.58      0.82      0.68      7269

avg / total       0.85      0.81      0.82     30296

0.001 adaptive (100, 20) tanh lbfgs
             precision    recall  f1-score   support

       -1.0       0.92      0.78      0.84     23027
        1.0       0.53      0.79      0.63      7269

avg / total       0.83      0.78      0.79     30296

0.001 adaptive (200, 50) tanh lbfgs
             precision    recall  f1-score   support

       -1.0       0.92      0.77      0.84     23027
        1.0       0.51      0.79      0.62      7269

avg / total       0.82      0.77      0.78     30296

0.001 adaptive (200, 300, 100) tanh lbfgs
             precision    recall  f1-score   support

       -1.0       0.92      0.76      0.83     23027
        1.0       0.51      0.78      0.62      7269

avg / total       0.82      0.77      0.78     30296

0.001 adaptive (400, 100, 40) tanh lbfgs
             precision    recall  f1-score   support

       -1.0       0.92      0.78      0.84     23027
        1.0       0.52      0.77      0.62      7269

avg / total       0.82      0.77      0.79     30296

0.001 adaptive (400, 200, 100) tanh lbfgs
             precision    recall  f1-score   support

       -1.0       0.92      0.77      0.84     23027
        1.0       0.52      0.79      0.63      7269

avg / total       0.82      0.77      0.79     30296

0.001 adaptive (400, 200, 100, 30) tanh lbfgs
             precision    recall  f1-score   support

       -1.0       0.92      0.77      0.84     23027
        1.0       0.52      0.79      0.62      7269

avg / total       0.82      0.77      0.79     30296

0.001 adaptive (200, 400, 100, 30) tanh lbfgs
             precision    recall  f1-score   support

       -1.0       0.92      0.78      0.84     23027
        1.0       0.53      0.79      0.63      7269

avg / total       0.83      0.78      0.79     30296

0.001 adaptive (100, 20) tanh sgd
             precision    recall  f1-score   support

       -1.0       0.94      0.78      0.85     23027
        1.0       0.55      0.85      0.66      7269

avg / total       0.85      0.79      0.81     30296

0.001 adaptive (200, 50) tanh sgd
             precision    recall  f1-score   support

       -1.0       0.94      0.79      0.86     23027
        1.0       0.56      0.85      0.67      7269

avg / total       0.85      0.80      0.81     30296

0.001 adaptive (200, 300, 100) tanh sgd
             precision    recall  f1-score   support

       -1.0       0.94      0.79      0.86     23027
        1.0       0.56      0.84      0.68      7269

avg / total       0.85      0.81      0.82     30296

0.001 adaptive (400, 100, 40) tanh sgd
             precision    recall  f1-score   support

       -1.0       0.94      0.78      0.85     23027
        1.0       0.55      0.86      0.67      7269

avg / total       0.85      0.80      0.81     30296

0.001 adaptive (400, 200, 100) tanh sgd
             precision    recall  f1-score   support

       -1.0       0.94      0.79      0.86     23027
        1.0       0.55      0.85      0.67      7269

avg / total       0.85      0.80      0.81     30296

0.001 adaptive (400, 200, 100, 30) tanh sgd
             precision    recall  f1-score   support

       -1.0       0.94      0.79      0.86     23027
        1.0       0.56      0.85      0.67      7269

avg / total       0.85      0.80      0.81     30296

0.001 adaptive (200, 400, 100, 30) tanh sgd
             precision    recall  f1-score   support

       -1.0       0.94      0.79      0.86     23027
        1.0       0.56      0.85      0.67      7269

avg / total       0.85      0.80      0.82     30296

0.001 adaptive (100, 20) tanh adam
             precision    recall  f1-score   support

       -1.0       0.94      0.80      0.86     23027
        1.0       0.57      0.83      0.67      7269

avg / total       0.85      0.81      0.82     30296

0.001 adaptive (200, 50) tanh adam
             precision    recall  f1-score   support

       -1.0       0.93      0.81      0.87     23027
        1.0       0.57      0.82      0.67      7269

avg / total       0.85      0.81      0.82     30296

0.001 adaptive (200, 300, 100) tanh adam
             precision    recall  f1-score   support

       -1.0       0.94      0.74      0.83     23027
        1.0       0.51      0.84      0.63      7269

avg / total       0.83      0.77      0.78     30296

0.001 adaptive (400, 100, 40) tanh adam
             precision    recall  f1-score   support

       -1.0       0.93      0.77      0.84     23027
        1.0       0.53      0.81      0.64      7269

avg / total       0.83      0.78      0.79     30296

0.001 adaptive (400, 200, 100) tanh adam
             precision    recall  f1-score   support

       -1.0       0.93      0.78      0.84     23027
        1.0       0.53      0.81      0.64      7269

avg / total       0.83      0.78      0.80     30296

0.001 adaptive (400, 200, 100, 30) tanh adam
             precision    recall  f1-score   support

       -1.0       0.93      0.76      0.84     23027
        1.0       0.52      0.82      0.64      7269

avg / total       0.83      0.78      0.79     30296

0.001 adaptive (200, 400, 100, 30) tanh adam
             precision    recall  f1-score   support

       -1.0       0.93      0.79      0.85     23027
        1.0       0.54      0.80      0.65      7269

avg / total       0.83      0.79      0.80     30296

0.001 adaptive (100, 20) relu lbfgs
             precision    recall  f1-score   support

       -1.0       0.91      0.78      0.84     23027
        1.0       0.52      0.77      0.62      7269

avg / total       0.82      0.77      0.79     30296

0.001 adaptive (200, 50) relu lbfgs
             precision    recall  f1-score   support

       -1.0       0.92      0.78      0.84     23027
        1.0       0.52      0.77      0.62      7269

avg / total       0.82      0.78      0.79     30296

0.001 adaptive (200, 300, 100) relu lbfgs
             precision    recall  f1-score   support

       -1.0       0.91      0.78      0.84     23027
        1.0       0.52      0.77      0.62      7269

avg / total       0.82      0.78      0.79     30296

0.001 adaptive (400, 100, 40) relu lbfgs
             precision    recall  f1-score   support

       -1.0       0.91      0.78      0.84     23027
        1.0       0.52      0.77      0.62      7269

avg / total       0.82      0.77      0.79     30296

0.001 adaptive (400, 200, 100) relu lbfgs
             precision    recall  f1-score   support

       -1.0       0.92      0.78      0.84     23027
        1.0       0.53      0.77      0.63      7269

avg / total       0.82      0.78      0.79     30296

0.001 adaptive (400, 200, 100, 30) relu lbfgs
             precision    recall  f1-score   support

       -1.0       0.92      0.77      0.84     23027
        1.0       0.52      0.78      0.62      7269

avg / total       0.82      0.77      0.79     30296

0.001 adaptive (200, 400, 100, 30) relu lbfgs
             precision    recall  f1-score   support

       -1.0       0.91      0.78      0.84     23027
        1.0       0.53      0.77      0.63      7269

avg / total       0.82      0.78      0.79     30296

0.001 adaptive (100, 20) relu sgd
             precision    recall  f1-score   support

       -1.0       0.94      0.79      0.86     23027
        1.0       0.55      0.84      0.67      7269

avg / total       0.85      0.80      0.81     30296

0.001 adaptive (200, 50) relu sgd
             precision    recall  f1-score   support

       -1.0       0.94      0.78      0.85     23027
        1.0       0.55      0.86      0.67      7269

avg / total       0.85      0.80      0.81     30296

0.001 adaptive (200, 300, 100) relu sgd
             precision    recall  f1-score   support

       -1.0       0.94      0.79      0.86     23027
        1.0       0.56      0.85      0.68      7269

avg / total       0.85      0.81      0.82     30296

0.001 adaptive (400, 100, 40) relu sgd
             precision    recall  f1-score   support

       -1.0       0.94      0.79      0.86     23027
        1.0       0.56      0.85      0.68      7269

avg / total       0.85      0.80      0.82     30296

0.001 adaptive (400, 200, 100) relu sgd
             precision    recall  f1-score   support

       -1.0       0.94      0.79      0.86     23027
        1.0       0.56      0.84      0.67      7269

avg / total       0.85      0.80      0.82     30296

0.001 adaptive (400, 200, 100, 30) relu sgd
             precision    recall  f1-score   support

       -1.0       0.94      0.81      0.87     23027
        1.0       0.58      0.83      0.68      7269

avg / total       0.85      0.81      0.82     30296

0.001 adaptive (200, 400, 100, 30) relu sgd
             precision    recall  f1-score   support

       -1.0       0.94      0.80      0.86     23027
        1.0       0.56      0.84      0.67      7269

avg / total       0.85      0.81      0.82     30296

0.001 adaptive (100, 20) relu adam
             precision    recall  f1-score   support

       -1.0       0.93      0.78      0.85     23027
        1.0       0.53      0.81      0.64      7269

avg / total       0.83      0.78      0.80     30296

0.001 adaptive (200, 50) relu adam
             precision    recall  f1-score   support

       -1.0       0.92      0.80      0.86     23027
        1.0       0.55      0.78      0.65      7269

avg / total       0.83      0.80      0.81     30296

0.001 adaptive (200, 300, 100) relu adam
             precision    recall  f1-score   support

       -1.0       0.93      0.78      0.85     23027
        1.0       0.54      0.81      0.64      7269

avg / total       0.83      0.79      0.80     30296

0.001 adaptive (400, 100, 40) relu adam
             precision    recall  f1-score   support

       -1.0       0.92      0.78      0.85     23027
        1.0       0.54      0.80      0.64      7269

avg / total       0.83      0.79      0.80     30296

0.001 adaptive (400, 200, 100) relu adam
             precision    recall  f1-score   support

       -1.0       0.95      0.71      0.82     23027
        1.0       0.49      0.88      0.63      7269

avg / total       0.84      0.75      0.77     30296

0.001 adaptive (400, 200, 100, 30) relu adam
             precision    recall  f1-score   support

       -1.0       0.92      0.78      0.85     23027
        1.0       0.54      0.80      0.64      7269

avg / total       0.83      0.79      0.80     30296

0.001 adaptive (200, 400, 100, 30) relu adam
             precision    recall  f1-score   support

       -1.0       0.94      0.73      0.82     23027
        1.0       0.50      0.86      0.63      7269

avg / total       0.84      0.76      0.78     30296

0.001 invscaling (100, 20) logistic lbfgs
             precision    recall  f1-score   support

       -1.0       0.92      0.77      0.84     23027
        1.0       0.52      0.79      0.63      7269

avg / total       0.82      0.77      0.79     30296

0.001 invscaling (200, 50) logistic lbfgs
             precision    recall  f1-score   support

       -1.0       0.93      0.76      0.84     23027
        1.0       0.52      0.82      0.63      7269

avg / total       0.83      0.77      0.79     30296

0.001 invscaling (200, 300, 100) logistic lbfgs
             precision    recall  f1-score   support

       -1.0       0.94      0.77      0.85     23027
        1.0       0.53      0.84      0.65      7269

avg / total       0.84      0.79      0.80     30296

0.001 invscaling (400, 100, 40) logistic lbfgs
             precision    recall  f1-score   support

       -1.0       0.93      0.76      0.84     23027
        1.0       0.52      0.82      0.64      7269

avg / total       0.83      0.78      0.79     30296

0.001 invscaling (400, 200, 100) logistic lbfgs
             precision    recall  f1-score   support

       -1.0       0.94      0.77      0.85     23027
        1.0       0.54      0.85      0.66      7269

avg / total       0.85      0.79      0.80     30296

0.001 invscaling (400, 200, 100, 30) logistic lbfgs
             precision    recall  f1-score   support

       -1.0       0.76      1.00      0.86     23027
        1.0       0.00      0.00      0.00      7269

avg / total       0.58      0.76      0.66     30296

0.001 invscaling (200, 400, 100, 30) logistic lbfgs
             precision    recall  f1-score   support

       -1.0       0.76      1.00      0.86     23027
        1.0       0.00      0.00      0.00      7269

avg / total       0.58      0.76      0.66     30296

0.001 invscaling (100, 20) logistic sgd
             precision    recall  f1-score   support

       -1.0       0.76      1.00      0.86     23027
        1.0       0.00      0.00      0.00      7269

avg / total       0.58      0.76      0.66     30296

0.001 invscaling (200, 50) logistic sgd
             precision    recall  f1-score   support

       -1.0       0.76      1.00      0.86     23027
        1.0       0.00      0.00      0.00      7269

avg / total       0.58      0.76      0.66     30296

0.001 invscaling (200, 300, 100) logistic sgd
             precision    recall  f1-score   support

       -1.0       0.00      0.00      0.00     23027
        1.0       0.24      1.00      0.39      7269

avg / total       0.06      0.24      0.09     30296

0.001 invscaling (400, 100, 40) logistic sgd
             precision    recall  f1-score   support

       -1.0       0.76      1.00      0.86     23027
        1.0       0.00      0.00      0.00      7269

avg / total       0.58      0.76      0.66     30296

0.001 invscaling (400, 200, 100) logistic sgd
             precision    recall  f1-score   support

       -1.0       0.00      0.00      0.00     23027
        1.0       0.24      1.00      0.39      7269

avg / total       0.06      0.24      0.09     30296

0.001 invscaling (400, 200, 100, 30) logistic sgd
             precision    recall  f1-score   support

       -1.0       0.76      1.00      0.86     23027
        1.0       0.00      0.00      0.00      7269

avg / total       0.58      0.76      0.66     30296

0.001 invscaling (200, 400, 100, 30) logistic sgd
             precision    recall  f1-score   support

       -1.0       0.76      1.00      0.86     23027
        1.0       0.00      0.00      0.00      7269

avg / total       0.58      0.76      0.66     30296

0.001 invscaling (100, 20) logistic adam
             precision    recall  f1-score   support

       -1.0       0.94      0.78      0.86     23027
        1.0       0.55      0.85      0.67      7269

avg / total       0.85      0.80      0.81     30296

0.001 invscaling (200, 50) logistic adam
             precision    recall  f1-score   support

       -1.0       0.94      0.79      0.86     23027
        1.0       0.56      0.85      0.67      7269

avg / total       0.85      0.80      0.81     30296

0.001 invscaling (200, 300, 100) logistic adam
             precision    recall  f1-score   support

       -1.0       0.93      0.83      0.88     23027
        1.0       0.60      0.79      0.68      7269

avg / total       0.85      0.82      0.83     30296

0.001 invscaling (400, 100, 40) logistic adam
             precision    recall  f1-score   support

       -1.0       0.95      0.75      0.84     23027
        1.0       0.53      0.88      0.66      7269

avg / total       0.85      0.78      0.80     30296

0.001 invscaling (400, 200, 100) logistic adam
             precision    recall  f1-score   support

       -1.0       0.93      0.83      0.88     23027
        1.0       0.60      0.79      0.68      7269

avg / total       0.85      0.82      0.83     30296

0.001 invscaling (400, 200, 100, 30) logistic adam
             precision    recall  f1-score   support

       -1.0       0.95      0.75      0.84     23027
        1.0       0.53      0.88      0.66      7269

avg / total       0.85      0.78      0.80     30296

0.001 invscaling (200, 400, 100, 30) logistic adam
             precision    recall  f1-score   support

       -1.0       0.93      0.81      0.87     23027
        1.0       0.58      0.82      0.68      7269

avg / total       0.85      0.81      0.82     30296

0.001 invscaling (100, 20) tanh lbfgs
             precision    recall  f1-score   support

       -1.0       0.92      0.78      0.84     23027
        1.0       0.53      0.79      0.63      7269

avg / total       0.83      0.78      0.79     30296

0.001 invscaling (200, 50) tanh lbfgs
             precision    recall  f1-score   support

       -1.0       0.92      0.77      0.84     23027
        1.0       0.51      0.79      0.62      7269

avg / total       0.82      0.77      0.78     30296

0.001 invscaling (200, 300, 100) tanh lbfgs
             precision    recall  f1-score   support

       -1.0       0.92      0.76      0.83     23027
        1.0       0.51      0.78      0.62      7269

avg / total       0.82      0.77      0.78     30296

0.001 invscaling (400, 100, 40) tanh lbfgs
             precision    recall  f1-score   support

       -1.0       0.92      0.78      0.84     23027
        1.0       0.52      0.77      0.62      7269

avg / total       0.82      0.77      0.79     30296

0.001 invscaling (400, 200, 100) tanh lbfgs
             precision    recall  f1-score   support

       -1.0       0.92      0.77      0.84     23027
        1.0       0.52      0.79      0.63      7269

avg / total       0.82      0.77      0.79     30296

0.001 invscaling (400, 200, 100, 30) tanh lbfgs
             precision    recall  f1-score   support

       -1.0       0.92      0.77      0.84     23027
        1.0       0.52      0.79      0.62      7269

avg / total       0.82      0.77      0.79     30296

0.001 invscaling (200, 400, 100, 30) tanh lbfgs
             precision    recall  f1-score   support

       -1.0       0.92      0.78      0.84     23027
        1.0       0.53      0.79      0.63      7269

avg / total       0.83      0.78      0.79     30296

0.001 invscaling (100, 20) tanh sgd
             precision    recall  f1-score   support

       -1.0       0.83      0.41      0.55     23027
        1.0       0.28      0.73      0.41      7269

avg / total       0.70      0.49      0.51     30296

0.001 invscaling (200, 50) tanh sgd
             precision    recall  f1-score   support

       -1.0       0.82      0.57      0.67     23027
        1.0       0.30      0.59      0.40      7269

avg / total       0.69      0.58      0.61     30296

0.001 invscaling (200, 300, 100) tanh sgd
             precision    recall  f1-score   support

       -1.0       0.86      0.56      0.68     23027
        1.0       0.34      0.72      0.46      7269

avg / total       0.74      0.60      0.63     30296

0.001 invscaling (400, 100, 40) tanh sgd
             precision    recall  f1-score   support

       -1.0       0.92      0.63      0.75     23027
        1.0       0.42      0.83      0.55      7269

avg / total       0.80      0.68      0.70     30296

0.001 invscaling (400, 200, 100) tanh sgd
             precision    recall  f1-score   support

       -1.0       0.91      0.60      0.72     23027
        1.0       0.39      0.80      0.52      7269

avg / total       0.78      0.65      0.67     30296

0.001 invscaling (400, 200, 100, 30) tanh sgd
             precision    recall  f1-score   support

       -1.0       0.91      0.66      0.77     23027
        1.0       0.43      0.80      0.56      7269

avg / total       0.80      0.70      0.72     30296

0.001 invscaling (200, 400, 100, 30) tanh sgd
             precision    recall  f1-score   support

       -1.0       0.90      0.76      0.83     23027
        1.0       0.49      0.72      0.59      7269

avg / total       0.80      0.75      0.77     30296

0.001 invscaling (100, 20) tanh adam
             precision    recall  f1-score   support

       -1.0       0.94      0.80      0.86     23027
        1.0       0.57      0.83      0.67      7269

avg / total       0.85      0.81      0.82     30296

0.001 invscaling (200, 50) tanh adam
             precision    recall  f1-score   support

       -1.0       0.93      0.81      0.87     23027
        1.0       0.57      0.82      0.67      7269

avg / total       0.85      0.81      0.82     30296

0.001 invscaling (200, 300, 100) tanh adam
             precision    recall  f1-score   support

       -1.0       0.94      0.74      0.83     23027
        1.0       0.51      0.84      0.63      7269

avg / total       0.83      0.77      0.78     30296

0.001 invscaling (400, 100, 40) tanh adam
             precision    recall  f1-score   support

       -1.0       0.93      0.77      0.84     23027
        1.0       0.53      0.81      0.64      7269

avg / total       0.83      0.78      0.79     30296

0.001 invscaling (400, 200, 100) tanh adam
             precision    recall  f1-score   support

       -1.0       0.93      0.78      0.84     23027
        1.0       0.53      0.81      0.64      7269

avg / total       0.83      0.78      0.80     30296

0.001 invscaling (400, 200, 100, 30) tanh adam
             precision    recall  f1-score   support

       -1.0       0.93      0.76      0.84     23027
        1.0       0.52      0.82      0.64      7269

avg / total       0.83      0.78      0.79     30296

0.001 invscaling (200, 400, 100, 30) tanh adam
             precision    recall  f1-score   support

       -1.0       0.93      0.79      0.85     23027
        1.0       0.54      0.80      0.65      7269

avg / total       0.83      0.79      0.80     30296

0.001 invscaling (100, 20) relu lbfgs
             precision    recall  f1-score   support

       -1.0       0.91      0.78      0.84     23027
        1.0       0.52      0.77      0.62      7269

avg / total       0.82      0.77      0.79     30296

0.001 invscaling (200, 50) relu lbfgs
             precision    recall  f1-score   support

       -1.0       0.92      0.78      0.84     23027
        1.0       0.52      0.77      0.62      7269

avg / total       0.82      0.78      0.79     30296

0.001 invscaling (200, 300, 100) relu lbfgs
             precision    recall  f1-score   support

       -1.0       0.91      0.78      0.84     23027
        1.0       0.52      0.77      0.62      7269

avg / total       0.82      0.78      0.79     30296

0.001 invscaling (400, 100, 40) relu lbfgs
             precision    recall  f1-score   support

       -1.0       0.91      0.78      0.84     23027
        1.0       0.52      0.77      0.62      7269

avg / total       0.82      0.77      0.79     30296

0.001 invscaling (400, 200, 100) relu lbfgs
             precision    recall  f1-score   support

       -1.0       0.92      0.78      0.84     23027
        1.0       0.53      0.77      0.63      7269

avg / total       0.82      0.78      0.79     30296

0.001 invscaling (400, 200, 100, 30) relu lbfgs
             precision    recall  f1-score   support

       -1.0       0.92      0.77      0.84     23027
        1.0       0.52      0.78      0.62      7269

avg / total       0.82      0.77      0.79     30296

0.001 invscaling (200, 400, 100, 30) relu lbfgs
             precision    recall  f1-score   support

       -1.0       0.91      0.78      0.84     23027
        1.0       0.53      0.77      0.63      7269

avg / total       0.82      0.78      0.79     30296

0.001 invscaling (100, 20) relu sgd
             precision    recall  f1-score   support

       -1.0       0.79      0.83      0.81     23027
        1.0       0.34      0.28      0.31      7269

avg / total       0.68      0.70      0.69     30296

0.001 invscaling (200, 50) relu sgd
             precision    recall  f1-score   support

       -1.0       0.76      0.98      0.86     23027
        1.0       0.27      0.03      0.05      7269

avg / total       0.64      0.75      0.66     30296

0.001 invscaling (200, 300, 100) relu sgd
             precision    recall  f1-score   support

       -1.0       0.87      0.04      0.07     23027
        1.0       0.24      0.98      0.39      7269

avg / total       0.72      0.26      0.15     30296

0.001 invscaling (400, 100, 40) relu sgd
             precision    recall  f1-score   support

       -1.0       0.76      1.00      0.86     23027
        1.0       0.77      0.02      0.04      7269

avg / total       0.77      0.76      0.67     30296

0.001 invscaling (400, 200, 100) relu sgd
             precision    recall  f1-score   support

       -1.0       0.83      0.26      0.40     23027
        1.0       0.26      0.83      0.40      7269

avg / total       0.70      0.40      0.40     30296

0.001 invscaling (400, 200, 100, 30) relu sgd
             precision    recall  f1-score   support

       -1.0       0.76      1.00      0.86     23027
        1.0       0.00      0.00      0.00      7269

avg / total       0.58      0.76      0.66     30296

0.001 invscaling (200, 400, 100, 30) relu sgd
             precision    recall  f1-score   support

       -1.0       0.87      0.11      0.19     23027
        1.0       0.25      0.95      0.40      7269

avg / total       0.72      0.31      0.24     30296

0.001 invscaling (100, 20) relu adam
             precision    recall  f1-score   support

       -1.0       0.93      0.78      0.85     23027
        1.0       0.53      0.81      0.64      7269

avg / total       0.83      0.78      0.80     30296

0.001 invscaling (200, 50) relu adam
             precision    recall  f1-score   support

       -1.0       0.92      0.80      0.86     23027
        1.0       0.55      0.78      0.65      7269

avg / total       0.83      0.80      0.81     30296

0.001 invscaling (200, 300, 100) relu adam
             precision    recall  f1-score   support

       -1.0       0.93      0.78      0.85     23027
        1.0       0.54      0.81      0.64      7269

avg / total       0.83      0.79      0.80     30296

0.001 invscaling (400, 100, 40) relu adam
             precision    recall  f1-score   support

       -1.0       0.92      0.78      0.85     23027
        1.0       0.54      0.80      0.64      7269

avg / total       0.83      0.79      0.80     30296

0.001 invscaling (400, 200, 100) relu adam
             precision    recall  f1-score   support

       -1.0       0.95      0.71      0.82     23027
        1.0       0.49      0.88      0.63      7269

avg / total       0.84      0.75      0.77     30296

0.001 invscaling (400, 200, 100, 30) relu adam
             precision    recall  f1-score   support

       -1.0       0.92      0.78      0.85     23027
        1.0       0.54      0.80      0.64      7269

avg / total       0.83      0.79      0.80     30296

0.001 invscaling (200, 400, 100, 30) relu adam
             precision    recall  f1-score   support

       -1.0       0.94      0.73      0.82     23027
        1.0       0.50      0.86      0.63      7269

avg / total       0.84      0.76      0.78     30296

0.01 constant (100, 20) logistic lbfgs
             precision    recall  f1-score   support

       -1.0       0.92      0.77      0.84     23027
        1.0       0.52      0.79      0.63      7269

avg / total       0.82      0.77      0.79     30296

0.01 constant (200, 50) logistic lbfgs
             precision    recall  f1-score   support

       -1.0       0.93      0.76      0.84     23027
        1.0       0.52      0.82      0.63      7269

avg / total       0.83      0.77      0.79     30296

0.01 constant (200, 300, 100) logistic lbfgs
             precision    recall  f1-score   support

       -1.0       0.94      0.77      0.85     23027
        1.0       0.53      0.84      0.65      7269

avg / total       0.84      0.79      0.80     30296

0.01 constant (400, 100, 40) logistic lbfgs
             precision    recall  f1-score   support

       -1.0       0.93      0.76      0.84     23027
        1.0       0.52      0.82      0.64      7269

avg / total       0.83      0.78      0.79     30296

0.01 constant (400, 200, 100) logistic lbfgs
             precision    recall  f1-score   support

       -1.0       0.94      0.77      0.85     23027
        1.0       0.54      0.85      0.66      7269

avg / total       0.85      0.79      0.80     30296

0.01 constant (400, 200, 100, 30) logistic lbfgs
             precision    recall  f1-score   support

       -1.0       0.76      1.00      0.86     23027
        1.0       0.00      0.00      0.00      7269

avg / total       0.58      0.76      0.66     30296

0.01 constant (200, 400, 100, 30) logistic lbfgs
             precision    recall  f1-score   support

       -1.0       0.76      1.00      0.86     23027
        1.0       0.00      0.00      0.00      7269

avg / total       0.58      0.76      0.66     30296

0.01 constant (100, 20) logistic sgd
             precision    recall  f1-score   support

       -1.0       0.00      0.00      0.00     23027
        1.0       0.24      1.00      0.39      7269

avg / total       0.06      0.24      0.09     30296

0.01 constant (200, 50) logistic sgd
             precision    recall  f1-score   support

       -1.0       0.98      0.15      0.25     23027
        1.0       0.27      0.99      0.42      7269

avg / total       0.81      0.35      0.29     30296

0.01 constant (200, 300, 100) logistic sgd
             precision    recall  f1-score   support

       -1.0       0.76      1.00      0.86     23027
        1.0       0.00      0.00      0.00      7269

avg / total       0.58      0.76      0.66     30296

0.01 constant (400, 100, 40) logistic sgd
             precision    recall  f1-score   support

       -1.0       0.76      1.00      0.86     23027
        1.0       0.00      0.00      0.00      7269

avg / total       0.58      0.76      0.66     30296

0.01 constant (400, 200, 100) logistic sgd
             precision    recall  f1-score   support

       -1.0       0.00      0.00      0.00     23027
        1.0       0.24      1.00      0.39      7269

avg / total       0.06      0.24      0.09     30296

0.01 constant (400, 200, 100, 30) logistic sgd
             precision    recall  f1-score   support

       -1.0       0.76      1.00      0.86     23027
        1.0       0.00      0.00      0.00      7269

avg / total       0.58      0.76      0.66     30296

0.01 constant (200, 400, 100, 30) logistic sgd
             precision    recall  f1-score   support

       -1.0       0.76      1.00      0.86     23027
        1.0       0.00      0.00      0.00      7269

avg / total       0.58      0.76      0.66     30296

0.01 constant (100, 20) logistic adam
             precision    recall  f1-score   support

       -1.0       0.96      0.73      0.83     23027
        1.0       0.51      0.89      0.65      7269

avg / total       0.85      0.77      0.79     30296

0.01 constant (200, 50) logistic adam
             precision    recall  f1-score   support

       -1.0       0.91      0.87      0.89     23027
        1.0       0.64      0.73      0.68      7269

avg / total       0.84      0.84      0.84     30296

0.01 constant (200, 300, 100) logistic adam
             precision    recall  f1-score   support

       -1.0       0.94      0.80      0.86     23027
        1.0       0.57      0.83      0.68      7269

avg / total       0.85      0.81      0.82     30296

0.01 constant (400, 100, 40) logistic adam
             precision    recall  f1-score   support

       -1.0       0.92      0.84      0.88     23027
        1.0       0.61      0.77      0.68      7269

avg / total       0.85      0.82      0.83     30296

0.01 constant (400, 200, 100) logistic adam
             precision    recall  f1-score   support

       -1.0       0.93      0.82      0.87     23027
        1.0       0.58      0.81      0.67      7269

avg / total       0.85      0.81      0.82     30296

0.01 constant (400, 200, 100, 30) logistic adam
             precision    recall  f1-score   support

       -1.0       0.92      0.84      0.88     23027
        1.0       0.60      0.78      0.68      7269

avg / total       0.85      0.82      0.83     30296

0.01 constant (200, 400, 100, 30) logistic adam
             precision    recall  f1-score   support

       -1.0       0.96      0.69      0.81     23027
        1.0       0.49      0.91      0.63      7269

avg / total       0.85      0.75      0.77     30296

0.01 constant (100, 20) tanh lbfgs
             precision    recall  f1-score   support

       -1.0       0.92      0.78      0.84     23027
        1.0       0.53      0.79      0.63      7269

avg / total       0.83      0.78      0.79     30296

0.01 constant (200, 50) tanh lbfgs
             precision    recall  f1-score   support

       -1.0       0.92      0.77      0.84     23027
        1.0       0.51      0.79      0.62      7269

avg / total       0.82      0.77      0.78     30296

0.01 constant (200, 300, 100) tanh lbfgs
             precision    recall  f1-score   support

       -1.0       0.92      0.76      0.83     23027
        1.0       0.51      0.78      0.62      7269

avg / total       0.82      0.77      0.78     30296

0.01 constant (400, 100, 40) tanh lbfgs
             precision    recall  f1-score   support

       -1.0       0.92      0.78      0.84     23027
        1.0       0.52      0.77      0.62      7269

avg / total       0.82      0.77      0.79     30296

0.01 constant (400, 200, 100) tanh lbfgs
             precision    recall  f1-score   support

       -1.0       0.92      0.77      0.84     23027
        1.0       0.52      0.79      0.63      7269

avg / total       0.82      0.77      0.79     30296

0.01 constant (400, 200, 100, 30) tanh lbfgs
             precision    recall  f1-score   support

       -1.0       0.92      0.77      0.84     23027
        1.0       0.52      0.79      0.62      7269

avg / total       0.82      0.77      0.79     30296

0.01 constant (200, 400, 100, 30) tanh lbfgs
             precision    recall  f1-score   support

       -1.0       0.92      0.78      0.84     23027
        1.0       0.53      0.79      0.63      7269

avg / total       0.83      0.78      0.79     30296

0.01 constant (100, 20) tanh sgd
             precision    recall  f1-score   support

       -1.0       0.93      0.82      0.87     23027
        1.0       0.59      0.81      0.68      7269

avg / total       0.85      0.82      0.83     30296

0.01 constant (200, 50) tanh sgd
             precision    recall  f1-score   support

       -1.0       0.95      0.77      0.85     23027
        1.0       0.55      0.86      0.67      7269

avg / total       0.85      0.79      0.81     30296

0.01 constant (200, 300, 100) tanh sgd
             precision    recall  f1-score   support

       -1.0       0.95      0.77      0.85     23027
        1.0       0.54      0.87      0.67      7269

avg / total       0.85      0.79      0.80     30296

0.01 constant (400, 100, 40) tanh sgd
             precision    recall  f1-score   support

       -1.0       0.95      0.76      0.84     23027
        1.0       0.53      0.87      0.66      7269

avg / total       0.85      0.79      0.80     30296

0.01 constant (400, 200, 100) tanh sgd
             precision    recall  f1-score   support

       -1.0       0.94      0.78      0.85     23027
        1.0       0.55      0.85      0.67      7269

avg / total       0.85      0.80      0.81     30296

0.01 constant (400, 200, 100, 30) tanh sgd
             precision    recall  f1-score   support

       -1.0       0.95      0.77      0.85     23027
        1.0       0.54      0.86      0.66      7269

avg / total       0.85      0.79      0.80     30296

0.01 constant (200, 400, 100, 30) tanh sgd
             precision    recall  f1-score   support

       -1.0       0.95      0.74      0.83     23027
        1.0       0.52      0.89      0.65      7269

avg / total       0.85      0.77      0.79     30296

0.01 constant (100, 20) tanh adam
             precision    recall  f1-score   support

       -1.0       0.95      0.76      0.85     23027
        1.0       0.54      0.86      0.66      7269

avg / total       0.85      0.79      0.80     30296

0.01 constant (200, 50) tanh adam
             precision    recall  f1-score   support

       -1.0       0.92      0.79      0.85     23027
        1.0       0.53      0.77      0.63      7269

avg / total       0.82      0.78      0.80     30296

0.01 constant (200, 300, 100) tanh adam
             precision    recall  f1-score   support

       -1.0       0.94      0.74      0.83     23027
        1.0       0.51      0.85      0.64      7269

avg / total       0.84      0.77      0.79     30296

0.01 constant (400, 100, 40) tanh adam
             precision    recall  f1-score   support

       -1.0       0.95      0.75      0.84     23027
        1.0       0.53      0.86      0.65      7269

avg / total       0.85      0.78      0.80     30296

0.01 constant (400, 200, 100) tanh adam
             precision    recall  f1-score   support

       -1.0       0.94      0.76      0.84     23027
        1.0       0.53      0.86      0.65      7269

avg / total       0.84      0.78      0.79     30296

0.01 constant (400, 200, 100, 30) tanh adam
             precision    recall  f1-score   support

       -1.0       0.94      0.78      0.85     23027
        1.0       0.54      0.84      0.66      7269

avg / total       0.84      0.79      0.81     30296

0.01 constant (200, 400, 100, 30) tanh adam
             precision    recall  f1-score   support

       -1.0       0.92      0.83      0.88     23027
        1.0       0.60      0.77      0.67      7269

avg / total       0.84      0.82      0.83     30296

0.01 constant (100, 20) relu lbfgs
             precision    recall  f1-score   support

       -1.0       0.91      0.78      0.84     23027
        1.0       0.52      0.77      0.62      7269

avg / total       0.82      0.77      0.79     30296

0.01 constant (200, 50) relu lbfgs
             precision    recall  f1-score   support

       -1.0       0.92      0.78      0.84     23027
        1.0       0.52      0.77      0.62      7269

avg / total       0.82      0.78      0.79     30296

0.01 constant (200, 300, 100) relu lbfgs
             precision    recall  f1-score   support

       -1.0       0.91      0.78      0.84     23027
        1.0       0.52      0.77      0.62      7269

avg / total       0.82      0.78      0.79     30296

0.01 constant (400, 100, 40) relu lbfgs
             precision    recall  f1-score   support

       -1.0       0.91      0.78      0.84     23027
        1.0       0.52      0.77      0.62      7269

avg / total       0.82      0.77      0.79     30296

0.01 constant (400, 200, 100) relu lbfgs
             precision    recall  f1-score   support

       -1.0       0.92      0.78      0.84     23027
        1.0       0.53      0.77      0.63      7269

avg / total       0.82      0.78      0.79     30296

0.01 constant (400, 200, 100, 30) relu lbfgs
             precision    recall  f1-score   support

       -1.0       0.92      0.77      0.84     23027
        1.0       0.52      0.78      0.62      7269

avg / total       0.82      0.77      0.79     30296

0.01 constant (200, 400, 100, 30) relu lbfgs
             precision    recall  f1-score   support

       -1.0       0.91      0.78      0.84     23027
        1.0       0.53      0.77      0.63      7269

avg / total       0.82      0.78      0.79     30296

0.01 constant (100, 20) relu sgd
             precision    recall  f1-score   support

       -1.0       0.93      0.82      0.87     23027
        1.0       0.59      0.81      0.68      7269

avg / total       0.85      0.82      0.83     30296

0.01 constant (200, 50) relu sgd
             precision    recall  f1-score   support

       -1.0       0.94      0.80      0.86     23027
        1.0       0.56      0.84      0.67      7269

avg / total       0.85      0.81      0.82     30296

0.01 constant (200, 300, 100) relu sgd
             precision    recall  f1-score   support

       -1.0       0.90      0.85      0.88     23027
        1.0       0.60      0.70      0.65      7269

avg / total       0.83      0.82      0.82     30296

0.01 constant (400, 100, 40) relu sgd
             precision    recall  f1-score   support

       -1.0       0.94      0.74      0.83     23027
        1.0       0.51      0.86      0.64      7269

avg / total       0.84      0.77      0.78     30296

0.01 constant (400, 200, 100) relu sgd
             precision    recall  f1-score   support

       -1.0       0.94      0.77      0.85     23027
        1.0       0.54      0.85      0.66      7269

avg / total       0.84      0.79      0.80     30296

0.01 constant (400, 200, 100, 30) relu sgd
             precision    recall  f1-score   support

       -1.0       0.95      0.77      0.85     23027
        1.0       0.54      0.86      0.67      7269

avg / total       0.85      0.79      0.81     30296

0.01 constant (200, 400, 100, 30) relu sgd
             precision    recall  f1-score   support

       -1.0       0.88      0.92      0.90     23027
        1.0       0.70      0.59      0.64      7269

avg / total       0.83      0.84      0.83     30296

0.01 constant (100, 20) relu adam
             precision    recall  f1-score   support

       -1.0       0.92      0.78      0.85     23027
        1.0       0.53      0.80      0.64      7269

avg / total       0.83      0.78      0.80     30296

0.01 constant (200, 50) relu adam
             precision    recall  f1-score   support

       -1.0       0.91      0.80      0.85     23027
        1.0       0.55      0.76      0.64      7269

avg / total       0.83      0.79      0.80     30296

0.01 constant (200, 300, 100) relu adam
             precision    recall  f1-score   support

       -1.0       0.90      0.82      0.86     23027
        1.0       0.55      0.71      0.62      7269

avg / total       0.82      0.79      0.80     30296

0.01 constant (400, 100, 40) relu adam
             precision    recall  f1-score   support

       -1.0       0.92      0.80      0.85     23027
        1.0       0.55      0.78      0.64      7269

avg / total       0.83      0.79      0.80     30296

0.01 constant (400, 200, 100) relu adam
             precision    recall  f1-score   support

       -1.0       0.93      0.76      0.84     23027
        1.0       0.52      0.82      0.64      7269

avg / total       0.83      0.78      0.79     30296

0.01 constant (400, 200, 100, 30) relu adam
             precision    recall  f1-score   support

       -1.0       0.93      0.73      0.82     23027
        1.0       0.50      0.82      0.62      7269

avg / total       0.83      0.76      0.77     30296

0.01 constant (200, 400, 100, 30) relu adam
             precision    recall  f1-score   support

       -1.0       0.91      0.79      0.85     23027
        1.0       0.53      0.74      0.62      7269

avg / total       0.82      0.78      0.79     30296

0.01 adaptive (100, 20) logistic lbfgs
             precision    recall  f1-score   support

       -1.0       0.92      0.77      0.84     23027
        1.0       0.52      0.79      0.63      7269

avg / total       0.82      0.77      0.79     30296

0.01 adaptive (200, 50) logistic lbfgs
             precision    recall  f1-score   support

       -1.0       0.93      0.76      0.84     23027
        1.0       0.52      0.82      0.63      7269

avg / total       0.83      0.77      0.79     30296

0.01 adaptive (200, 300, 100) logistic lbfgs
             precision    recall  f1-score   support

       -1.0       0.94      0.77      0.85     23027
        1.0       0.53      0.84      0.65      7269

avg / total       0.84      0.79      0.80     30296

0.01 adaptive (400, 100, 40) logistic lbfgs
             precision    recall  f1-score   support

       -1.0       0.93      0.76      0.84     23027
        1.0       0.52      0.82      0.64      7269

avg / total       0.83      0.78      0.79     30296

0.01 adaptive (400, 200, 100) logistic lbfgs
             precision    recall  f1-score   support

       -1.0       0.94      0.77      0.85     23027
        1.0       0.54      0.85      0.66      7269

avg / total       0.85      0.79      0.80     30296

0.01 adaptive (400, 200, 100, 30) logistic lbfgs
             precision    recall  f1-score   support

       -1.0       0.76      1.00      0.86     23027
        1.0       0.00      0.00      0.00      7269

avg / total       0.58      0.76      0.66     30296

0.01 adaptive (200, 400, 100, 30) logistic lbfgs
             precision    recall  f1-score   support

       -1.0       0.76      1.00      0.86     23027
        1.0       0.00      0.00      0.00      7269

avg / total       0.58      0.76      0.66     30296

0.01 adaptive (100, 20) logistic sgd
             precision    recall  f1-score   support

       -1.0       0.76      1.00      0.86     23027
        1.0       0.00      0.00      0.00      7269

avg / total       0.58      0.76      0.66     30296

0.01 adaptive (200, 50) logistic sgd
             precision    recall  f1-score   support

       -1.0       0.76      1.00      0.86     23027
        1.0       0.83      0.00      0.01      7269

avg / total       0.78      0.76      0.66     30296

0.01 adaptive (200, 300, 100) logistic sgd
             precision    recall  f1-score   support

       -1.0       0.76      1.00      0.86     23027
        1.0       0.00      0.00      0.00      7269

avg / total       0.58      0.76      0.66     30296

0.01 adaptive (400, 100, 40) logistic sgd
             precision    recall  f1-score   support

       -1.0       0.76      1.00      0.86     23027
        1.0       0.00      0.00      0.00      7269

avg / total       0.58      0.76      0.66     30296

0.01 adaptive (400, 200, 100) logistic sgd
             precision    recall  f1-score   support

       -1.0       0.76      1.00      0.86     23027
        1.0       0.00      0.00      0.00      7269

avg / total       0.58      0.76      0.66     30296

0.01 adaptive (400, 200, 100, 30) logistic sgd
             precision    recall  f1-score   support

       -1.0       0.76      1.00      0.86     23027
        1.0       0.00      0.00      0.00      7269

avg / total       0.58      0.76      0.66     30296

0.01 adaptive (200, 400, 100, 30) logistic sgd
             precision    recall  f1-score   support

       -1.0       0.76      1.00      0.86     23027
        1.0       0.00      0.00      0.00      7269

avg / total       0.58      0.76      0.66     30296

0.01 adaptive (100, 20) logistic adam
             precision    recall  f1-score   support

       -1.0       0.96      0.73      0.83     23027
        1.0       0.51      0.89      0.65      7269

avg / total       0.85      0.77      0.79     30296

0.01 adaptive (200, 50) logistic adam
             precision    recall  f1-score   support

       -1.0       0.91      0.87      0.89     23027
        1.0       0.64      0.73      0.68      7269

avg / total       0.84      0.84      0.84     30296

0.01 adaptive (200, 300, 100) logistic adam
             precision    recall  f1-score   support

       -1.0       0.94      0.80      0.86     23027
        1.0       0.57      0.83      0.68      7269

avg / total       0.85      0.81      0.82     30296

0.01 adaptive (400, 100, 40) logistic adam
             precision    recall  f1-score   support

       -1.0       0.92      0.84      0.88     23027
        1.0       0.61      0.77      0.68      7269

avg / total       0.85      0.82      0.83     30296

0.01 adaptive (400, 200, 100) logistic adam
             precision    recall  f1-score   support

       -1.0       0.93      0.82      0.87     23027
        1.0       0.58      0.81      0.67      7269

avg / total       0.85      0.81      0.82     30296

0.01 adaptive (400, 200, 100, 30) logistic adam
             precision    recall  f1-score   support

       -1.0       0.92      0.84      0.88     23027
        1.0       0.60      0.78      0.68      7269

avg / total       0.85      0.82      0.83     30296

0.01 adaptive (200, 400, 100, 30) logistic adam
             precision    recall  f1-score   support

       -1.0       0.96      0.69      0.81     23027
        1.0       0.49      0.91      0.63      7269

avg / total       0.85      0.75      0.77     30296

0.01 adaptive (100, 20) tanh lbfgs
             precision    recall  f1-score   support

       -1.0       0.92      0.78      0.84     23027
        1.0       0.53      0.79      0.63      7269

avg / total       0.83      0.78      0.79     30296

0.01 adaptive (200, 50) tanh lbfgs
             precision    recall  f1-score   support

       -1.0       0.92      0.77      0.84     23027
        1.0       0.51      0.79      0.62      7269

avg / total       0.82      0.77      0.78     30296

0.01 adaptive (200, 300, 100) tanh lbfgs
             precision    recall  f1-score   support

       -1.0       0.92      0.76      0.83     23027
        1.0       0.51      0.78      0.62      7269

avg / total       0.82      0.77      0.78     30296

0.01 adaptive (400, 100, 40) tanh lbfgs
             precision    recall  f1-score   support

       -1.0       0.92      0.78      0.84     23027
        1.0       0.52      0.77      0.62      7269

avg / total       0.82      0.77      0.79     30296

0.01 adaptive (400, 200, 100) tanh lbfgs
             precision    recall  f1-score   support

       -1.0       0.92      0.77      0.84     23027
        1.0       0.52      0.79      0.63      7269

avg / total       0.82      0.77      0.79     30296

0.01 adaptive (400, 200, 100, 30) tanh lbfgs
             precision    recall  f1-score   support

       -1.0       0.92      0.77      0.84     23027
        1.0       0.52      0.79      0.62      7269

avg / total       0.82      0.77      0.79     30296

0.01 adaptive (200, 400, 100, 30) tanh lbfgs
             precision    recall  f1-score   support

       -1.0       0.92      0.78      0.84     23027
        1.0       0.53      0.79      0.63      7269

avg / total       0.83      0.78      0.79     30296

0.01 adaptive (100, 20) tanh sgd
             precision    recall  f1-score   support

       -1.0       0.94      0.79      0.86     23027
        1.0       0.56      0.85      0.67      7269

avg / total       0.85      0.80      0.81     30296

0.01 adaptive (200, 50) tanh sgd
             precision    recall  f1-score   support

       -1.0       0.94      0.79      0.86     23027
        1.0       0.56      0.84      0.68      7269

avg / total       0.85      0.81      0.82     30296

0.01 adaptive (200, 300, 100) tanh sgd
             precision    recall  f1-score   support

       -1.0       0.94      0.79      0.86     23027
        1.0       0.56      0.84      0.68      7269

avg / total       0.85      0.81      0.82     30296

0.01 adaptive (400, 100, 40) tanh sgd
             precision    recall  f1-score   support

       -1.0       0.94      0.79      0.86     23027
        1.0       0.56      0.84      0.67      7269

avg / total       0.85      0.80      0.82     30296

0.01 adaptive (400, 200, 100) tanh sgd
             precision    recall  f1-score   support

       -1.0       0.94      0.79      0.86     23027
        1.0       0.56      0.85      0.67      7269

avg / total       0.85      0.80      0.81     30296

0.01 adaptive (400, 200, 100, 30) tanh sgd
             precision    recall  f1-score   support

       -1.0       0.94      0.80      0.86     23027
        1.0       0.57      0.84      0.68      7269

avg / total       0.85      0.81      0.82     30296

0.01 adaptive (200, 400, 100, 30) tanh sgd
             precision    recall  f1-score   support

       -1.0       0.94      0.78      0.86     23027
        1.0       0.55      0.85      0.67      7269

avg / total       0.85      0.80      0.81     30296

0.01 adaptive (100, 20) tanh adam
             precision    recall  f1-score   support

       -1.0       0.95      0.76      0.85     23027
        1.0       0.54      0.86      0.66      7269

avg / total       0.85      0.79      0.80     30296

0.01 adaptive (200, 50) tanh adam
             precision    recall  f1-score   support

       -1.0       0.92      0.79      0.85     23027
        1.0       0.53      0.77      0.63      7269

avg / total       0.82      0.78      0.80     30296

0.01 adaptive (200, 300, 100) tanh adam
             precision    recall  f1-score   support

       -1.0       0.94      0.74      0.83     23027
        1.0       0.51      0.85      0.64      7269

avg / total       0.84      0.77      0.79     30296

0.01 adaptive (400, 100, 40) tanh adam
             precision    recall  f1-score   support

       -1.0       0.95      0.75      0.84     23027
        1.0       0.53      0.86      0.65      7269

avg / total       0.85      0.78      0.80     30296

0.01 adaptive (400, 200, 100) tanh adam
             precision    recall  f1-score   support

       -1.0       0.94      0.76      0.84     23027
        1.0       0.53      0.86      0.65      7269

avg / total       0.84      0.78      0.79     30296

0.01 adaptive (400, 200, 100, 30) tanh adam
             precision    recall  f1-score   support

       -1.0       0.94      0.78      0.85     23027
        1.0       0.54      0.84      0.66      7269

avg / total       0.84      0.79      0.81     30296

0.01 adaptive (200, 400, 100, 30) tanh adam
             precision    recall  f1-score   support

       -1.0       0.92      0.83      0.88     23027
        1.0       0.60      0.77      0.67      7269

avg / total       0.84      0.82      0.83     30296

0.01 adaptive (100, 20) relu lbfgs
             precision    recall  f1-score   support

       -1.0       0.91      0.78      0.84     23027
        1.0       0.52      0.77      0.62      7269

avg / total       0.82      0.77      0.79     30296

0.01 adaptive (200, 50) relu lbfgs
             precision    recall  f1-score   support

       -1.0       0.92      0.78      0.84     23027
        1.0       0.52      0.77      0.62      7269

avg / total       0.82      0.78      0.79     30296

0.01 adaptive (200, 300, 100) relu lbfgs
             precision    recall  f1-score   support

       -1.0       0.91      0.78      0.84     23027
        1.0       0.52      0.77      0.62      7269

avg / total       0.82      0.78      0.79     30296

0.01 adaptive (400, 100, 40) relu lbfgs
             precision    recall  f1-score   support

       -1.0       0.91      0.78      0.84     23027
        1.0       0.52      0.77      0.62      7269

avg / total       0.82      0.77      0.79     30296

0.01 adaptive (400, 200, 100) relu lbfgs
             precision    recall  f1-score   support

       -1.0       0.92      0.78      0.84     23027
        1.0       0.53      0.77      0.63      7269

avg / total       0.82      0.78      0.79     30296

0.01 adaptive (400, 200, 100, 30) relu lbfgs
             precision    recall  f1-score   support

       -1.0       0.92      0.77      0.84     23027
        1.0       0.52      0.78      0.62      7269

avg / total       0.82      0.77      0.79     30296

0.01 adaptive (200, 400, 100, 30) relu lbfgs
             precision    recall  f1-score   support

       -1.0       0.91      0.78      0.84     23027
        1.0       0.53      0.77      0.63      7269

avg / total       0.82      0.78      0.79     30296

0.01 adaptive (100, 20) relu sgd
             precision    recall  f1-score   support

       -1.0       0.94      0.78      0.86     23027
        1.0       0.55      0.84      0.67      7269

avg / total       0.85      0.80      0.81     30296

0.01 adaptive (200, 50) relu sgd
             precision    recall  f1-score   support

       -1.0       0.94      0.77      0.85     23027
        1.0       0.54      0.85      0.66      7269

avg / total       0.85      0.79      0.81     30296

0.01 adaptive (200, 300, 100) relu sgd
             precision    recall  f1-score   support

       -1.0       0.93      0.79      0.85     23027
        1.0       0.54      0.81      0.65      7269

avg / total       0.84      0.79      0.80     30296

0.01 adaptive (400, 100, 40) relu sgd
             precision    recall  f1-score   support

       -1.0       0.93      0.79      0.85     23027
        1.0       0.54      0.80      0.65      7269

avg / total       0.83      0.79      0.80     30296

0.01 adaptive (400, 200, 100) relu sgd
             precision    recall  f1-score   support

       -1.0       0.93      0.80      0.86     23027
        1.0       0.56      0.80      0.66      7269

avg / total       0.84      0.80      0.81     30296

0.01 adaptive (400, 200, 100, 30) relu sgd
             precision    recall  f1-score   support

       -1.0       0.94      0.80      0.86     23027
        1.0       0.56      0.84      0.67      7269

avg / total       0.85      0.81      0.82     30296

0.01 adaptive (200, 400, 100, 30) relu sgd
             precision    recall  f1-score   support

       -1.0       0.93      0.79      0.85     23027
        1.0       0.55      0.80      0.65      7269

avg / total       0.83      0.79      0.80     30296

0.01 adaptive (100, 20) relu adam
             precision    recall  f1-score   support

       -1.0       0.92      0.78      0.85     23027
        1.0       0.53      0.80      0.64      7269

avg / total       0.83      0.78      0.80     30296

0.01 adaptive (200, 50) relu adam
             precision    recall  f1-score   support

       -1.0       0.91      0.80      0.85     23027
        1.0       0.55      0.76      0.64      7269

avg / total       0.83      0.79      0.80     30296

0.01 adaptive (200, 300, 100) relu adam
             precision    recall  f1-score   support

       -1.0       0.90      0.82      0.86     23027
        1.0       0.55      0.71      0.62      7269

avg / total       0.82      0.79      0.80     30296

0.01 adaptive (400, 100, 40) relu adam
             precision    recall  f1-score   support

       -1.0       0.92      0.80      0.85     23027
        1.0       0.55      0.78      0.64      7269

avg / total       0.83      0.79      0.80     30296

0.01 adaptive (400, 200, 100) relu adam
             precision    recall  f1-score   support

       -1.0       0.93      0.76      0.84     23027
        1.0       0.52      0.82      0.64      7269

avg / total       0.83      0.78      0.79     30296

0.01 adaptive (400, 200, 100, 30) relu adam
             precision    recall  f1-score   support

       -1.0       0.93      0.73      0.82     23027
        1.0       0.50      0.82      0.62      7269

avg / total       0.83      0.76      0.77     30296

0.01 adaptive (200, 400, 100, 30) relu adam
             precision    recall  f1-score   support

       -1.0       0.91      0.79      0.85     23027
        1.0       0.53      0.74      0.62      7269

avg / total       0.82      0.78      0.79     30296

0.01 invscaling (100, 20) logistic lbfgs
             precision    recall  f1-score   support

       -1.0       0.92      0.77      0.84     23027
        1.0       0.52      0.79      0.63      7269

avg / total       0.82      0.77      0.79     30296

0.01 invscaling (200, 50) logistic lbfgs
             precision    recall  f1-score   support

       -1.0       0.93      0.76      0.84     23027
        1.0       0.52      0.82      0.63      7269

avg / total       0.83      0.77      0.79     30296

0.01 invscaling (200, 300, 100) logistic lbfgs
             precision    recall  f1-score   support

       -1.0       0.94      0.77      0.85     23027
        1.0       0.53      0.84      0.65      7269

avg / total       0.84      0.79      0.80     30296

0.01 invscaling (400, 100, 40) logistic lbfgs
             precision    recall  f1-score   support

       -1.0       0.93      0.76      0.84     23027
        1.0       0.52      0.82      0.64      7269

avg / total       0.83      0.78      0.79     30296

0.01 invscaling (400, 200, 100) logistic lbfgs
             precision    recall  f1-score   support

       -1.0       0.94      0.77      0.85     23027
        1.0       0.54      0.85      0.66      7269

avg / total       0.85      0.79      0.80     30296

0.01 invscaling (400, 200, 100, 30) logistic lbfgs
             precision    recall  f1-score   support

       -1.0       0.76      1.00      0.86     23027
        1.0       0.00      0.00      0.00      7269

avg / total       0.58      0.76      0.66     30296

0.01 invscaling (200, 400, 100, 30) logistic lbfgs
             precision    recall  f1-score   support

       -1.0       0.76      1.00      0.86     23027
        1.0       0.00      0.00      0.00      7269

avg / total       0.58      0.76      0.66     30296

0.01 invscaling (100, 20) logistic sgd
             precision    recall  f1-score   support

       -1.0       0.00      0.00      0.00     23027
        1.0       0.24      1.00      0.39      7269

avg / total       0.06      0.24      0.09     30296

0.01 invscaling (200, 50) logistic sgd
             precision    recall  f1-score   support

       -1.0       0.00      0.00      0.00     23027
        1.0       0.24      1.00      0.39      7269

avg / total       0.06      0.24      0.09     30296

0.01 invscaling (200, 300, 100) logistic sgd
             precision    recall  f1-score   support

       -1.0       0.76      1.00      0.86     23027
        1.0       0.00      0.00      0.00      7269

avg / total       0.58      0.76      0.66     30296

0.01 invscaling (400, 100, 40) logistic sgd
             precision    recall  f1-score   support

       -1.0       0.00      0.00      0.00     23027
        1.0       0.24      1.00      0.39      7269

avg / total       0.06      0.24      0.09     30296

0.01 invscaling (400, 200, 100) logistic sgd
             precision    recall  f1-score   support

       -1.0       0.76      1.00      0.86     23027
        1.0       0.00      0.00      0.00      7269

avg / total       0.58      0.76      0.66     30296

0.01 invscaling (400, 200, 100, 30) logistic sgd
             precision    recall  f1-score   support

       -1.0       0.00      0.00      0.00     23027
        1.0       0.24      1.00      0.39      7269

avg / total       0.06      0.24      0.09     30296

0.01 invscaling (200, 400, 100, 30) logistic sgd
             precision    recall  f1-score   support

       -1.0       0.76      1.00      0.86     23027
        1.0       0.00      0.00      0.00      7269

avg / total       0.58      0.76      0.66     30296

0.01 invscaling (100, 20) logistic adam
             precision    recall  f1-score   support

       -1.0       0.96      0.73      0.83     23027
        1.0       0.51      0.89      0.65      7269

avg / total       0.85      0.77      0.79     30296

0.01 invscaling (200, 50) logistic adam
             precision    recall  f1-score   support

       -1.0       0.91      0.87      0.89     23027
        1.0       0.64      0.73      0.68      7269

avg / total       0.84      0.84      0.84     30296

0.01 invscaling (200, 300, 100) logistic adam
             precision    recall  f1-score   support

       -1.0       0.94      0.80      0.86     23027
        1.0       0.57      0.83      0.68      7269

avg / total       0.85      0.81      0.82     30296

0.01 invscaling (400, 100, 40) logistic adam
             precision    recall  f1-score   support

       -1.0       0.92      0.84      0.88     23027
        1.0       0.61      0.77      0.68      7269

avg / total       0.85      0.82      0.83     30296

0.01 invscaling (400, 200, 100) logistic adam
             precision    recall  f1-score   support

       -1.0       0.93      0.82      0.87     23027
        1.0       0.58      0.81      0.67      7269

avg / total       0.85      0.81      0.82     30296

0.01 invscaling (400, 200, 100, 30) logistic adam
             precision    recall  f1-score   support

       -1.0       0.92      0.84      0.88     23027
        1.0       0.60      0.78      0.68      7269

avg / total       0.85      0.82      0.83     30296

0.01 invscaling (200, 400, 100, 30) logistic adam
             precision    recall  f1-score   support

       -1.0       0.96      0.69      0.81     23027
        1.0       0.49      0.91      0.63      7269

avg / total       0.85      0.75      0.77     30296

0.01 invscaling (100, 20) tanh lbfgs
             precision    recall  f1-score   support

       -1.0       0.92      0.78      0.84     23027
        1.0       0.53      0.79      0.63      7269

avg / total       0.83      0.78      0.79     30296

0.01 invscaling (200, 50) tanh lbfgs
             precision    recall  f1-score   support

       -1.0       0.92      0.77      0.84     23027
        1.0       0.51      0.79      0.62      7269

avg / total       0.82      0.77      0.78     30296

0.01 invscaling (200, 300, 100) tanh lbfgs
             precision    recall  f1-score   support

       -1.0       0.92      0.76      0.83     23027
        1.0       0.51      0.78      0.62      7269

avg / total       0.82      0.77      0.78     30296

0.01 invscaling (400, 100, 40) tanh lbfgs
             precision    recall  f1-score   support

       -1.0       0.92      0.78      0.84     23027
        1.0       0.52      0.77      0.62      7269

avg / total       0.82      0.77      0.79     30296

0.01 invscaling (400, 200, 100) tanh lbfgs
             precision    recall  f1-score   support

       -1.0       0.92      0.77      0.84     23027
        1.0       0.52      0.79      0.63      7269

avg / total       0.82      0.77      0.79     30296

0.01 invscaling (400, 200, 100, 30) tanh lbfgs
             precision    recall  f1-score   support

       -1.0       0.92      0.77      0.84     23027
        1.0       0.52      0.79      0.62      7269

avg / total       0.82      0.77      0.79     30296

0.01 invscaling (200, 400, 100, 30) tanh lbfgs
             precision    recall  f1-score   support

       -1.0       0.92      0.78      0.84     23027
        1.0       0.53      0.79      0.63      7269

avg / total       0.83      0.78      0.79     30296

0.01 invscaling (100, 20) tanh sgd
             precision    recall  f1-score   support

       -1.0       0.93      0.70      0.80     23027
        1.0       0.47      0.84      0.61      7269

avg / total       0.82      0.74      0.75     30296

0.01 invscaling (200, 50) tanh sgd
             precision    recall  f1-score   support

       -1.0       0.93      0.72      0.81     23027
        1.0       0.48      0.82      0.61      7269

avg / total       0.82      0.74      0.76     30296

0.01 invscaling (200, 300, 100) tanh sgd
             precision    recall  f1-score   support

       -1.0       0.93      0.72      0.81     23027
        1.0       0.48      0.83      0.61      7269

avg / total       0.82      0.75      0.76     30296

0.01 invscaling (400, 100, 40) tanh sgd
             precision    recall  f1-score   support

       -1.0       0.93      0.74      0.83     23027
        1.0       0.50      0.82      0.62      7269

avg / total       0.83      0.76      0.78     30296

0.01 invscaling (400, 200, 100) tanh sgd
             precision    recall  f1-score   support

       -1.0       0.93      0.73      0.82     23027
        1.0       0.49      0.84      0.62      7269

avg / total       0.83      0.75      0.77     30296

0.01 invscaling (400, 200, 100, 30) tanh sgd
             precision    recall  f1-score   support

       -1.0       0.96      0.65      0.77     23027
        1.0       0.45      0.90      0.60      7269

avg / total       0.83      0.71      0.73     30296

0.01 invscaling (200, 400, 100, 30) tanh sgd
             precision    recall  f1-score   support

       -1.0       0.93      0.75      0.83     23027
        1.0       0.51      0.83      0.63      7269

avg / total       0.83      0.77      0.78     30296

0.01 invscaling (100, 20) tanh adam
             precision    recall  f1-score   support

       -1.0       0.95      0.76      0.85     23027
        1.0       0.54      0.86      0.66      7269

avg / total       0.85      0.79      0.80     30296

0.01 invscaling (200, 50) tanh adam
             precision    recall  f1-score   support

       -1.0       0.92      0.79      0.85     23027
        1.0       0.53      0.77      0.63      7269

avg / total       0.82      0.78      0.80     30296

0.01 invscaling (200, 300, 100) tanh adam
             precision    recall  f1-score   support

       -1.0       0.94      0.74      0.83     23027
        1.0       0.51      0.85      0.64      7269

avg / total       0.84      0.77      0.79     30296

0.01 invscaling (400, 100, 40) tanh adam
             precision    recall  f1-score   support

       -1.0       0.95      0.75      0.84     23027
        1.0       0.53      0.86      0.65      7269

avg / total       0.85      0.78      0.80     30296

0.01 invscaling (400, 200, 100) tanh adam
             precision    recall  f1-score   support

       -1.0       0.94      0.76      0.84     23027
        1.0       0.53      0.86      0.65      7269

avg / total       0.84      0.78      0.79     30296

0.01 invscaling (400, 200, 100, 30) tanh adam
             precision    recall  f1-score   support

       -1.0       0.94      0.78      0.85     23027
        1.0       0.54      0.84      0.66      7269

avg / total       0.84      0.79      0.81     30296

0.01 invscaling (200, 400, 100, 30) tanh adam
             precision    recall  f1-score   support

       -1.0       0.92      0.83      0.88     23027
        1.0       0.60      0.77      0.67      7269

avg / total       0.84      0.82      0.83     30296

0.01 invscaling (100, 20) relu lbfgs
             precision    recall  f1-score   support

       -1.0       0.91      0.78      0.84     23027
        1.0       0.52      0.77      0.62      7269

avg / total       0.82      0.77      0.79     30296

0.01 invscaling (200, 50) relu lbfgs
             precision    recall  f1-score   support

       -1.0       0.92      0.78      0.84     23027
        1.0       0.52      0.77      0.62      7269

avg / total       0.82      0.78      0.79     30296

0.01 invscaling (200, 300, 100) relu lbfgs
             precision    recall  f1-score   support

       -1.0       0.91      0.78      0.84     23027
        1.0       0.52      0.77      0.62      7269

avg / total       0.82      0.78      0.79     30296

0.01 invscaling (400, 100, 40) relu lbfgs
             precision    recall  f1-score   support

       -1.0       0.91      0.78      0.84     23027
        1.0       0.52      0.77      0.62      7269

avg / total       0.82      0.77      0.79     30296

0.01 invscaling (400, 200, 100) relu lbfgs
             precision    recall  f1-score   support

       -1.0       0.92      0.78      0.84     23027
        1.0       0.53      0.77      0.63      7269

avg / total       0.82      0.78      0.79     30296

0.01 invscaling (400, 200, 100, 30) relu lbfgs
             precision    recall  f1-score   support

       -1.0       0.92      0.77      0.84     23027
        1.0       0.52      0.78      0.62      7269

avg / total       0.82      0.77      0.79     30296

0.01 invscaling (200, 400, 100, 30) relu lbfgs
             precision    recall  f1-score   support

       -1.0       0.91      0.78      0.84     23027
        1.0       0.53      0.77      0.63      7269

avg / total       0.82      0.78      0.79     30296

0.01 invscaling (100, 20) relu sgd
             precision    recall  f1-score   support

       -1.0       0.95      0.62      0.75     23027
        1.0       0.42      0.89      0.57      7269

avg / total       0.82      0.68      0.71     30296

0.01 invscaling (200, 50) relu sgd
             precision    recall  f1-score   support

       -1.0       0.93      0.68      0.79     23027
        1.0       0.46      0.84      0.59      7269

avg / total       0.82      0.72      0.74     30296

0.01 invscaling (200, 300, 100) relu sgd
             precision    recall  f1-score   support

       -1.0       0.92      0.68      0.78     23027
        1.0       0.45      0.82      0.58      7269

avg / total       0.81      0.72      0.74     30296

0.01 invscaling (400, 100, 40) relu sgd
             precision    recall  f1-score   support

       -1.0       0.94      0.71      0.81     23027
        1.0       0.48      0.84      0.61      7269

avg / total       0.83      0.74      0.76     30296

0.01 invscaling (400, 200, 100) relu sgd
             precision    recall  f1-score   support

       -1.0       0.94      0.70      0.80     23027
        1.0       0.47      0.85      0.61      7269

avg / total       0.82      0.74      0.75     30296

0.01 invscaling (400, 200, 100, 30) relu sgd
             precision    recall  f1-score   support

       -1.0       0.87      0.84      0.85     23027
        1.0       0.54      0.60      0.57      7269

avg / total       0.79      0.78      0.79     30296

0.01 invscaling (200, 400, 100, 30) relu sgd
             precision    recall  f1-score   support

       -1.0       0.92      0.72      0.80     23027
        1.0       0.47      0.79      0.59      7269

avg / total       0.81      0.74      0.75     30296

0.01 invscaling (100, 20) relu adam
             precision    recall  f1-score   support

       -1.0       0.92      0.78      0.85     23027
        1.0       0.53      0.80      0.64      7269

avg / total       0.83      0.78      0.80     30296

0.01 invscaling (200, 50) relu adam
             precision    recall  f1-score   support

       -1.0       0.91      0.80      0.85     23027
        1.0       0.55      0.76      0.64      7269

avg / total       0.83      0.79      0.80     30296

0.01 invscaling (200, 300, 100) relu adam
             precision    recall  f1-score   support

       -1.0       0.90      0.82      0.86     23027
        1.0       0.55      0.71      0.62      7269

avg / total       0.82      0.79      0.80     30296

0.01 invscaling (400, 100, 40) relu adam
             precision    recall  f1-score   support

       -1.0       0.92      0.80      0.85     23027
        1.0       0.55      0.78      0.64      7269

avg / total       0.83      0.79      0.80     30296

0.01 invscaling (400, 200, 100) relu adam
             precision    recall  f1-score   support

       -1.0       0.93      0.76      0.84     23027
        1.0       0.52      0.82      0.64      7269

avg / total       0.83      0.78      0.79     30296

0.01 invscaling (400, 200, 100, 30) relu adam
             precision    recall  f1-score   support

       -1.0       0.93      0.73      0.82     23027
        1.0       0.50      0.82      0.62      7269

avg / total       0.83      0.76      0.77     30296

0.01 invscaling (200, 400, 100, 30) relu adam
             precision    recall  f1-score   support

       -1.0       0.91      0.79      0.85     23027
        1.0       0.53      0.74      0.62      7269

avg / total       0.82      0.78      0.79     30296

