-t 0 -c 0.0001 -g 0.00208 -r 0 (52.0, 1.92, nan)
-t 0 -c 0.0004 -g 0.00208 -r 0 (83.58620689655173, 0.6565517241379311, 0.45045482645941887)
-t 0 -c 0.0016 -g 0.00208 -r 0 (84.8735632183908, 0.6050574712643678, 0.48789148552218903)
-t 0 -c 0.0064 -g 0.00208 -r 0 (84.8735632183908, 0.6050574712643678, 0.4870228672567262)
-t 0 -c 0.0256 -g 0.00208 -r 0 (84.82758620689656, 0.6068965517241379, 0.48518975139688125)
-t 0 -c 0.1024 -g 0.00208 -r 0 (84.41379310344827, 0.623448275862069, 0.47342100670931575)
-t 0 -c 0.4096 -g 0.00208 -r 0 (84.6896551724138, 0.6124137931034482, 0.480842184462094)
-t 0 -c 1.6384 -g 0.00208 -r 0 (84.64367816091954, 0.6142528735632183, 0.4794249775264802)
-t 0 -c 6.5536 -g 0.00208 -r 0 (84.64367816091954, 0.6142528735632183, 0.4794249775264802)
-t 0 -c 26.2144 -g 0.00208 -r 0 (84.7816091954023, 0.608735632183908, 0.48324178150680247)
-t 0 -c 104.8576 -g 0.00208 -r 0 (84.73563218390805, 0.6105747126436781, 0.4819164826315936)
-t 0 -c 419.4304 -g 0.00208 -r 0 (84.45977011494253, 0.6216091954022989, 0.474373612001925)
-t 0 -c 1677.7216 -g 0.00208 -r 0 (83.63218390804597, 0.654712643678161, 0.45397422496270984)
-t 0 -c 0.0001 -g 0.00417 -r 0 (52.0, 1.92, nan)
-t 0 -c 0.0004 -g 0.00417 -r 0 (83.58620689655173, 0.6565517241379311, 0.45045482645941887)
-t 0 -c 0.0016 -g 0.00417 -r 0 (84.8735632183908, 0.6050574712643678, 0.48789148552218903)
-t 0 -c 0.0064 -g 0.00417 -r 0 (84.8735632183908, 0.6050574712643678, 0.4870228672567262)
-t 0 -c 0.0256 -g 0.00417 -r 0 (84.82758620689656, 0.6068965517241379, 0.48518975139688125)
-t 0 -c 0.1024 -g 0.00417 -r 0 (84.41379310344827, 0.623448275862069, 0.47342100670931575)
-t 0 -c 0.4096 -g 0.00417 -r 0 (84.6896551724138, 0.6124137931034482, 0.480842184462094)
-t 0 -c 1.6384 -g 0.00417 -r 0 (84.64367816091954, 0.6142528735632183, 0.4794249775264802)
-t 0 -c 6.5536 -g 0.00417 -r 0 (84.64367816091954, 0.6142528735632183, 0.4794249775264802)
-t 0 -c 26.2144 -g 0.00417 -r 0 (84.7816091954023, 0.608735632183908, 0.48324178150680247)
-t 0 -c 104.8576 -g 0.00417 -r 0 (84.73563218390805, 0.6105747126436781, 0.4819164826315936)
-t 0 -c 419.4304 -g 0.00417 -r 0 (84.45977011494253, 0.6216091954022989, 0.474373612001925)
-t 0 -c 1677.7216 -g 0.00417 -r 0 (83.63218390804597, 0.654712643678161, 0.45397422496270984)
-t 0 -c 0.0001 -g 0.00833 -r 0 (52.0, 1.92, nan)
-t 0 -c 0.0004 -g 0.00833 -r 0 (83.58620689655173, 0.6565517241379311, 0.45045482645941887)
-t 0 -c 0.0016 -g 0.00833 -r 0 (84.8735632183908, 0.6050574712643678, 0.48789148552218903)
-t 0 -c 0.0064 -g 0.00833 -r 0 (84.8735632183908, 0.6050574712643678, 0.4870228672567262)
-t 0 -c 0.0256 -g 0.00833 -r 0 (84.82758620689656, 0.6068965517241379, 0.48518975139688125)
-t 0 -c 0.1024 -g 0.00833 -r 0 (84.41379310344827, 0.623448275862069, 0.47342100670931575)
-t 0 -c 0.4096 -g 0.00833 -r 0 (84.6896551724138, 0.6124137931034482, 0.480842184462094)
-t 0 -c 1.6384 -g 0.00833 -r 0 (84.64367816091954, 0.6142528735632183, 0.4794249775264802)
-t 0 -c 6.5536 -g 0.00833 -r 0 (84.64367816091954, 0.6142528735632183, 0.4794249775264802)
-t 0 -c 26.2144 -g 0.00833 -r 0 (84.7816091954023, 0.608735632183908, 0.48324178150680247)
-t 0 -c 104.8576 -g 0.00833 -r 0 (84.73563218390805, 0.6105747126436781, 0.4819164826315936)
-t 0 -c 419.4304 -g 0.00833 -r 0 (84.45977011494253, 0.6216091954022989, 0.474373612001925)
-t 0 -c 1677.7216 -g 0.00833 -r 0 (83.63218390804597, 0.654712643678161, 0.45397422496270984)
-t 0 -c 0.0001 -g 0.01667 -r 0 (52.0, 1.92, nan)
-t 0 -c 0.0004 -g 0.01667 -r 0 (83.58620689655173, 0.6565517241379311, 0.45045482645941887)
-t 0 -c 0.0016 -g 0.01667 -r 0 (84.8735632183908, 0.6050574712643678, 0.48789148552218903)
-t 0 -c 0.0064 -g 0.01667 -r 0 (84.8735632183908, 0.6050574712643678, 0.4870228672567262)
-t 0 -c 0.0256 -g 0.01667 -r 0 (84.82758620689656, 0.6068965517241379, 0.48518975139688125)
-t 0 -c 0.1024 -g 0.01667 -r 0 (84.41379310344827, 0.623448275862069, 0.47342100670931575)
-t 0 -c 0.4096 -g 0.01667 -r 0 (84.6896551724138, 0.6124137931034482, 0.480842184462094)
-t 0 -c 1.6384 -g 0.01667 -r 0 (84.64367816091954, 0.6142528735632183, 0.4794249775264802)
-t 0 -c 6.5536 -g 0.01667 -r 0 (84.64367816091954, 0.6142528735632183, 0.4794249775264802)
-t 0 -c 26.2144 -g 0.01667 -r 0 (84.7816091954023, 0.608735632183908, 0.48324178150680247)
-t 0 -c 104.8576 -g 0.01667 -r 0 (84.73563218390805, 0.6105747126436781, 0.4819164826315936)
-t 0 -c 419.4304 -g 0.01667 -r 0 (84.45977011494253, 0.6216091954022989, 0.474373612001925)
-t 0 -c 1677.7216 -g 0.01667 -r 0 (83.63218390804597, 0.654712643678161, 0.45397422496270984)
-t 0 -c 0.0001 -g 0.03333 -r 0 (52.0, 1.92, nan)
-t 0 -c 0.0004 -g 0.03333 -r 0 (83.58620689655173, 0.6565517241379311, 0.45045482645941887)
-t 0 -c 0.0016 -g 0.03333 -r 0 (84.8735632183908, 0.6050574712643678, 0.48789148552218903)
-t 0 -c 0.0064 -g 0.03333 -r 0 (84.8735632183908, 0.6050574712643678, 0.4870228672567262)
-t 0 -c 0.0256 -g 0.03333 -r 0 (84.82758620689656, 0.6068965517241379, 0.48518975139688125)
-t 0 -c 0.1024 -g 0.03333 -r 0 (84.41379310344827, 0.623448275862069, 0.47342100670931575)
-t 0 -c 0.4096 -g 0.03333 -r 0 (84.6896551724138, 0.6124137931034482, 0.480842184462094)
-t 0 -c 1.6384 -g 0.03333 -r 0 (84.64367816091954, 0.6142528735632183, 0.4794249775264802)
-t 0 -c 6.5536 -g 0.03333 -r 0 (84.64367816091954, 0.6142528735632183, 0.4794249775264802)
-t 0 -c 26.2144 -g 0.03333 -r 0 (84.7816091954023, 0.608735632183908, 0.48324178150680247)
-t 0 -c 104.8576 -g 0.03333 -r 0 (84.73563218390805, 0.6105747126436781, 0.4819164826315936)
-t 0 -c 419.4304 -g 0.03333 -r 0 (84.45977011494253, 0.6216091954022989, 0.474373612001925)
-t 0 -c 1677.7216 -g 0.03333 -r 0 (83.63218390804597, 0.654712643678161, 0.45397422496270984)
-t 0 -c 0.0001 -g 0.06667 -r 0 (52.0, 1.92, nan)
-t 0 -c 0.0004 -g 0.06667 -r 0 (83.58620689655173, 0.6565517241379311, 0.45045482645941887)
-t 0 -c 0.0016 -g 0.06667 -r 0 (84.8735632183908, 0.6050574712643678, 0.48789148552218903)
-t 0 -c 0.0064 -g 0.06667 -r 0 (84.8735632183908, 0.6050574712643678, 0.4870228672567262)
-t 0 -c 0.0256 -g 0.06667 -r 0 (84.82758620689656, 0.6068965517241379, 0.48518975139688125)
-t 0 -c 0.1024 -g 0.06667 -r 0 (84.41379310344827, 0.623448275862069, 0.47342100670931575)
-t 0 -c 0.4096 -g 0.06667 -r 0 (84.6896551724138, 0.6124137931034482, 0.480842184462094)
-t 0 -c 1.6384 -g 0.06667 -r 0 (84.64367816091954, 0.6142528735632183, 0.4794249775264802)
-t 0 -c 6.5536 -g 0.06667 -r 0 (84.64367816091954, 0.6142528735632183, 0.4794249775264802)
-t 0 -c 26.2144 -g 0.06667 -r 0 (84.7816091954023, 0.608735632183908, 0.48324178150680247)
-t 0 -c 104.8576 -g 0.06667 -r 0 (84.73563218390805, 0.6105747126436781, 0.4819164826315936)
-t 0 -c 419.4304 -g 0.06667 -r 0 (84.45977011494253, 0.6216091954022989, 0.474373612001925)
-t 0 -c 1677.7216 -g 0.06667 -r 0 (83.63218390804597, 0.654712643678161, 0.45397422496270984)
-t 0 -c 0.0001 -g 0.13333 -r 0 (52.0, 1.92, nan)
-t 0 -c 0.0004 -g 0.13333 -r 0 (83.58620689655173, 0.6565517241379311, 0.45045482645941887)
-t 0 -c 0.0016 -g 0.13333 -r 0 (84.8735632183908, 0.6050574712643678, 0.48789148552218903)
-t 0 -c 0.0064 -g 0.13333 -r 0 (84.8735632183908, 0.6050574712643678, 0.4870228672567262)
-t 0 -c 0.0256 -g 0.13333 -r 0 (84.82758620689656, 0.6068965517241379, 0.48518975139688125)
-t 0 -c 0.1024 -g 0.13333 -r 0 (84.41379310344827, 0.623448275862069, 0.47342100670931575)
-t 0 -c 0.4096 -g 0.13333 -r 0 (84.6896551724138, 0.6124137931034482, 0.480842184462094)
-t 0 -c 1.6384 -g 0.13333 -r 0 (84.64367816091954, 0.6142528735632183, 0.4794249775264802)
-t 0 -c 6.5536 -g 0.13333 -r 0 (84.64367816091954, 0.6142528735632183, 0.4794249775264802)
-t 0 -c 26.2144 -g 0.13333 -r 0 (84.7816091954023, 0.608735632183908, 0.48324178150680247)
-t 0 -c 104.8576 -g 0.13333 -r 0 (84.73563218390805, 0.6105747126436781, 0.4819164826315936)
-t 0 -c 419.4304 -g 0.13333 -r 0 (84.45977011494253, 0.6216091954022989, 0.474373612001925)
-t 0 -c 1677.7216 -g 0.13333 -r 0 (83.63218390804597, 0.654712643678161, 0.45397422496270984)
-t 0 -c 0.0001 -g 0.00208 -r 1 (52.0, 1.92, nan)
-t 0 -c 0.0004 -g 0.00208 -r 1 (83.58620689655173, 0.6565517241379311, 0.45045482645941887)
-t 0 -c 0.0016 -g 0.00208 -r 1 (84.8735632183908, 0.6050574712643678, 0.48789148552218903)
-t 0 -c 0.0064 -g 0.00208 -r 1 (84.8735632183908, 0.6050574712643678, 0.4870228672567262)
-t 0 -c 0.0256 -g 0.00208 -r 1 (84.82758620689656, 0.6068965517241379, 0.48518975139688125)
-t 0 -c 0.1024 -g 0.00208 -r 1 (84.41379310344827, 0.623448275862069, 0.47342100670931575)
-t 0 -c 0.4096 -g 0.00208 -r 1 (84.6896551724138, 0.6124137931034482, 0.480842184462094)
-t 0 -c 1.6384 -g 0.00208 -r 1 (84.64367816091954, 0.6142528735632183, 0.4794249775264802)
-t 0 -c 6.5536 -g 0.00208 -r 1 (84.64367816091954, 0.6142528735632183, 0.4794249775264802)
-t 0 -c 26.2144 -g 0.00208 -r 1 (84.7816091954023, 0.608735632183908, 0.48324178150680247)
-t 0 -c 104.8576 -g 0.00208 -r 1 (84.73563218390805, 0.6105747126436781, 0.4819164826315936)
-t 0 -c 419.4304 -g 0.00208 -r 1 (84.45977011494253, 0.6216091954022989, 0.474373612001925)
-t 0 -c 1677.7216 -g 0.00208 -r 1 (83.63218390804597, 0.654712643678161, 0.45397422496270984)
-t 0 -c 0.0001 -g 0.00417 -r 1 (52.0, 1.92, nan)
-t 0 -c 0.0004 -g 0.00417 -r 1 (83.58620689655173, 0.6565517241379311, 0.45045482645941887)
-t 0 -c 0.0016 -g 0.00417 -r 1 (84.8735632183908, 0.6050574712643678, 0.48789148552218903)
-t 0 -c 0.0064 -g 0.00417 -r 1 (84.8735632183908, 0.6050574712643678, 0.4870228672567262)
-t 0 -c 0.0256 -g 0.00417 -r 1 (84.82758620689656, 0.6068965517241379, 0.48518975139688125)
-t 0 -c 0.1024 -g 0.00417 -r 1 (84.41379310344827, 0.623448275862069, 0.47342100670931575)
-t 0 -c 0.4096 -g 0.00417 -r 1 (84.6896551724138, 0.6124137931034482, 0.480842184462094)
-t 0 -c 1.6384 -g 0.00417 -r 1 (84.64367816091954, 0.6142528735632183, 0.4794249775264802)
-t 0 -c 6.5536 -g 0.00417 -r 1 (84.64367816091954, 0.6142528735632183, 0.4794249775264802)
-t 0 -c 26.2144 -g 0.00417 -r 1 (84.7816091954023, 0.608735632183908, 0.48324178150680247)
-t 0 -c 104.8576 -g 0.00417 -r 1 (84.73563218390805, 0.6105747126436781, 0.4819164826315936)
-t 0 -c 419.4304 -g 0.00417 -r 1 (84.45977011494253, 0.6216091954022989, 0.474373612001925)
-t 0 -c 1677.7216 -g 0.00417 -r 1 (83.63218390804597, 0.654712643678161, 0.45397422496270984)
-t 0 -c 0.0001 -g 0.00833 -r 1 (52.0, 1.92, nan)
-t 0 -c 0.0004 -g 0.00833 -r 1 (83.58620689655173, 0.6565517241379311, 0.45045482645941887)
-t 0 -c 0.0016 -g 0.00833 -r 1 (84.8735632183908, 0.6050574712643678, 0.48789148552218903)
-t 0 -c 0.0064 -g 0.00833 -r 1 (84.8735632183908, 0.6050574712643678, 0.4870228672567262)
-t 0 -c 0.0256 -g 0.00833 -r 1 (84.82758620689656, 0.6068965517241379, 0.48518975139688125)
-t 0 -c 0.1024 -g 0.00833 -r 1 (84.41379310344827, 0.623448275862069, 0.47342100670931575)
-t 0 -c 0.4096 -g 0.00833 -r 1 (84.6896551724138, 0.6124137931034482, 0.480842184462094)
-t 0 -c 1.6384 -g 0.00833 -r 1 (84.64367816091954, 0.6142528735632183, 0.4794249775264802)
-t 0 -c 6.5536 -g 0.00833 -r 1 (84.64367816091954, 0.6142528735632183, 0.4794249775264802)
-t 0 -c 26.2144 -g 0.00833 -r 1 (84.7816091954023, 0.608735632183908, 0.48324178150680247)
-t 0 -c 104.8576 -g 0.00833 -r 1 (84.73563218390805, 0.6105747126436781, 0.4819164826315936)
-t 0 -c 419.4304 -g 0.00833 -r 1 (84.45977011494253, 0.6216091954022989, 0.474373612001925)
-t 0 -c 1677.7216 -g 0.00833 -r 1 (83.63218390804597, 0.654712643678161, 0.45397422496270984)
-t 0 -c 0.0001 -g 0.01667 -r 1 (52.0, 1.92, nan)
-t 0 -c 0.0004 -g 0.01667 -r 1 (83.58620689655173, 0.6565517241379311, 0.45045482645941887)
-t 0 -c 0.0016 -g 0.01667 -r 1 (84.8735632183908, 0.6050574712643678, 0.48789148552218903)
-t 0 -c 0.0064 -g 0.01667 -r 1 (84.8735632183908, 0.6050574712643678, 0.4870228672567262)
-t 0 -c 0.0256 -g 0.01667 -r 1 (84.82758620689656, 0.6068965517241379, 0.48518975139688125)
-t 0 -c 0.1024 -g 0.01667 -r 1 (84.41379310344827, 0.623448275862069, 0.47342100670931575)
-t 0 -c 0.4096 -g 0.01667 -r 1 (84.6896551724138, 0.6124137931034482, 0.480842184462094)
-t 0 -c 1.6384 -g 0.01667 -r 1 (84.64367816091954, 0.6142528735632183, 0.4794249775264802)
-t 0 -c 6.5536 -g 0.01667 -r 1 (84.64367816091954, 0.6142528735632183, 0.4794249775264802)
-t 0 -c 26.2144 -g 0.01667 -r 1 (84.7816091954023, 0.608735632183908, 0.48324178150680247)
-t 0 -c 104.8576 -g 0.01667 -r 1 (84.73563218390805, 0.6105747126436781, 0.4819164826315936)
-t 0 -c 419.4304 -g 0.01667 -r 1 (84.45977011494253, 0.6216091954022989, 0.474373612001925)
-t 0 -c 1677.7216 -g 0.01667 -r 1 (83.63218390804597, 0.654712643678161, 0.45397422496270984)
-t 0 -c 0.0001 -g 0.03333 -r 1 (52.0, 1.92, nan)
-t 0 -c 0.0004 -g 0.03333 -r 1 (83.58620689655173, 0.6565517241379311, 0.45045482645941887)
-t 0 -c 0.0016 -g 0.03333 -r 1 (84.8735632183908, 0.6050574712643678, 0.48789148552218903)
-t 0 -c 0.0064 -g 0.03333 -r 1 (84.8735632183908, 0.6050574712643678, 0.4870228672567262)
-t 0 -c 0.0256 -g 0.03333 -r 1 (84.82758620689656, 0.6068965517241379, 0.48518975139688125)
-t 0 -c 0.1024 -g 0.03333 -r 1 (84.41379310344827, 0.623448275862069, 0.47342100670931575)
-t 0 -c 0.4096 -g 0.03333 -r 1 (84.6896551724138, 0.6124137931034482, 0.480842184462094)
-t 0 -c 1.6384 -g 0.03333 -r 1 (84.64367816091954, 0.6142528735632183, 0.4794249775264802)
-t 0 -c 6.5536 -g 0.03333 -r 1 (84.64367816091954, 0.6142528735632183, 0.4794249775264802)
-t 0 -c 26.2144 -g 0.03333 -r 1 (84.7816091954023, 0.608735632183908, 0.48324178150680247)
-t 0 -c 104.8576 -g 0.03333 -r 1 (84.73563218390805, 0.6105747126436781, 0.4819164826315936)
-t 0 -c 419.4304 -g 0.03333 -r 1 (84.45977011494253, 0.6216091954022989, 0.474373612001925)
-t 0 -c 1677.7216 -g 0.03333 -r 1 (83.63218390804597, 0.654712643678161, 0.45397422496270984)
-t 0 -c 0.0001 -g 0.06667 -r 1 (52.0, 1.92, nan)
-t 0 -c 0.0004 -g 0.06667 -r 1 (83.58620689655173, 0.6565517241379311, 0.45045482645941887)
-t 0 -c 0.0016 -g 0.06667 -r 1 (84.8735632183908, 0.6050574712643678, 0.48789148552218903)
-t 0 -c 0.0064 -g 0.06667 -r 1 (84.8735632183908, 0.6050574712643678, 0.4870228672567262)
-t 0 -c 0.0256 -g 0.06667 -r 1 (84.82758620689656, 0.6068965517241379, 0.48518975139688125)
-t 0 -c 0.1024 -g 0.06667 -r 1 (84.41379310344827, 0.623448275862069, 0.47342100670931575)
-t 0 -c 0.4096 -g 0.06667 -r 1 (84.6896551724138, 0.6124137931034482, 0.480842184462094)
-t 0 -c 1.6384 -g 0.06667 -r 1 (84.64367816091954, 0.6142528735632183, 0.4794249775264802)
-t 0 -c 6.5536 -g 0.06667 -r 1 (84.64367816091954, 0.6142528735632183, 0.4794249775264802)
-t 0 -c 26.2144 -g 0.06667 -r 1 (84.7816091954023, 0.608735632183908, 0.48324178150680247)
-t 0 -c 104.8576 -g 0.06667 -r 1 (84.73563218390805, 0.6105747126436781, 0.4819164826315936)
-t 0 -c 419.4304 -g 0.06667 -r 1 (84.45977011494253, 0.6216091954022989, 0.474373612001925)
-t 0 -c 1677.7216 -g 0.06667 -r 1 (83.63218390804597, 0.654712643678161, 0.45397422496270984)
-t 0 -c 0.0001 -g 0.13333 -r 1 (52.0, 1.92, nan)
-t 0 -c 0.0004 -g 0.13333 -r 1 (83.58620689655173, 0.6565517241379311, 0.45045482645941887)
-t 0 -c 0.0016 -g 0.13333 -r 1 (84.8735632183908, 0.6050574712643678, 0.48789148552218903)
-t 0 -c 0.0064 -g 0.13333 -r 1 (84.8735632183908, 0.6050574712643678, 0.4870228672567262)
-t 0 -c 0.0256 -g 0.13333 -r 1 (84.82758620689656, 0.6068965517241379, 0.48518975139688125)
-t 0 -c 0.1024 -g 0.13333 -r 1 (84.41379310344827, 0.623448275862069, 0.47342100670931575)
-t 0 -c 0.4096 -g 0.13333 -r 1 (84.6896551724138, 0.6124137931034482, 0.480842184462094)
-t 0 -c 1.6384 -g 0.13333 -r 1 (84.64367816091954, 0.6142528735632183, 0.4794249775264802)
-t 0 -c 6.5536 -g 0.13333 -r 1 (84.64367816091954, 0.6142528735632183, 0.4794249775264802)
-t 0 -c 26.2144 -g 0.13333 -r 1 (84.7816091954023, 0.608735632183908, 0.48324178150680247)
-t 0 -c 104.8576 -g 0.13333 -r 1 (84.73563218390805, 0.6105747126436781, 0.4819164826315936)
-t 0 -c 419.4304 -g 0.13333 -r 1 (84.45977011494253, 0.6216091954022989, 0.474373612001925)
-t 0 -c 1677.7216 -g 0.13333 -r 1 (83.63218390804597, 0.654712643678161, 0.45397422496270984)
-t 0 -c 0.0001 -g 0.00208 -r 2 (52.0, 1.92, nan)
-t 0 -c 0.0004 -g 0.00208 -r 2 (83.58620689655173, 0.6565517241379311, 0.45045482645941887)
-t 0 -c 0.0016 -g 0.00208 -r 2 (84.8735632183908, 0.6050574712643678, 0.48789148552218903)
-t 0 -c 0.0064 -g 0.00208 -r 2 (84.8735632183908, 0.6050574712643678, 0.4870228672567262)
-t 0 -c 0.0256 -g 0.00208 -r 2 (84.82758620689656, 0.6068965517241379, 0.48518975139688125)
-t 0 -c 0.1024 -g 0.00208 -r 2 (84.41379310344827, 0.623448275862069, 0.47342100670931575)
-t 0 -c 0.4096 -g 0.00208 -r 2 (84.6896551724138, 0.6124137931034482, 0.480842184462094)
-t 0 -c 1.6384 -g 0.00208 -r 2 (84.64367816091954, 0.6142528735632183, 0.4794249775264802)
-t 0 -c 6.5536 -g 0.00208 -r 2 (84.64367816091954, 0.6142528735632183, 0.4794249775264802)
-t 0 -c 26.2144 -g 0.00208 -r 2 (84.7816091954023, 0.608735632183908, 0.48324178150680247)
-t 0 -c 104.8576 -g 0.00208 -r 2 (84.73563218390805, 0.6105747126436781, 0.4819164826315936)
-t 0 -c 419.4304 -g 0.00208 -r 2 (84.45977011494253, 0.6216091954022989, 0.474373612001925)
-t 0 -c 1677.7216 -g 0.00208 -r 2 (83.63218390804597, 0.654712643678161, 0.45397422496270984)
-t 0 -c 0.0001 -g 0.00417 -r 2 (52.0, 1.92, nan)
-t 0 -c 0.0004 -g 0.00417 -r 2 (83.58620689655173, 0.6565517241379311, 0.45045482645941887)
-t 0 -c 0.0016 -g 0.00417 -r 2 (84.8735632183908, 0.6050574712643678, 0.48789148552218903)
-t 0 -c 0.0064 -g 0.00417 -r 2 (84.8735632183908, 0.6050574712643678, 0.4870228672567262)
-t 0 -c 0.0256 -g 0.00417 -r 2 (84.82758620689656, 0.6068965517241379, 0.48518975139688125)
-t 0 -c 0.1024 -g 0.00417 -r 2 (84.41379310344827, 0.623448275862069, 0.47342100670931575)
-t 0 -c 0.4096 -g 0.00417 -r 2 (84.6896551724138, 0.6124137931034482, 0.480842184462094)
-t 0 -c 1.6384 -g 0.00417 -r 2 (84.64367816091954, 0.6142528735632183, 0.4794249775264802)
-t 0 -c 6.5536 -g 0.00417 -r 2 (84.64367816091954, 0.6142528735632183, 0.4794249775264802)
-t 0 -c 26.2144 -g 0.00417 -r 2 (84.7816091954023, 0.608735632183908, 0.48324178150680247)
-t 0 -c 104.8576 -g 0.00417 -r 2 (84.73563218390805, 0.6105747126436781, 0.4819164826315936)
-t 0 -c 419.4304 -g 0.00417 -r 2 (84.45977011494253, 0.6216091954022989, 0.474373612001925)
-t 0 -c 1677.7216 -g 0.00417 -r 2 (83.63218390804597, 0.654712643678161, 0.45397422496270984)
-t 0 -c 0.0001 -g 0.00833 -r 2 (52.0, 1.92, nan)
-t 0 -c 0.0004 -g 0.00833 -r 2 (83.58620689655173, 0.6565517241379311, 0.45045482645941887)
-t 0 -c 0.0016 -g 0.00833 -r 2 (84.8735632183908, 0.6050574712643678, 0.48789148552218903)
-t 0 -c 0.0064 -g 0.00833 -r 2 (84.8735632183908, 0.6050574712643678, 0.4870228672567262)
-t 0 -c 0.0256 -g 0.00833 -r 2 (84.82758620689656, 0.6068965517241379, 0.48518975139688125)
-t 0 -c 0.1024 -g 0.00833 -r 2 (84.41379310344827, 0.623448275862069, 0.47342100670931575)
-t 0 -c 0.4096 -g 0.00833 -r 2 (84.6896551724138, 0.6124137931034482, 0.480842184462094)
-t 0 -c 1.6384 -g 0.00833 -r 2 (84.64367816091954, 0.6142528735632183, 0.4794249775264802)
-t 0 -c 6.5536 -g 0.00833 -r 2 (84.64367816091954, 0.6142528735632183, 0.4794249775264802)
-t 0 -c 26.2144 -g 0.00833 -r 2 (84.7816091954023, 0.608735632183908, 0.48324178150680247)
-t 0 -c 104.8576 -g 0.00833 -r 2 (84.73563218390805, 0.6105747126436781, 0.4819164826315936)
-t 0 -c 419.4304 -g 0.00833 -r 2 (84.45977011494253, 0.6216091954022989, 0.474373612001925)
-t 0 -c 1677.7216 -g 0.00833 -r 2 (83.63218390804597, 0.654712643678161, 0.45397422496270984)
-t 0 -c 0.0001 -g 0.01667 -r 2 (52.0, 1.92, nan)
-t 0 -c 0.0004 -g 0.01667 -r 2 (83.58620689655173, 0.6565517241379311, 0.45045482645941887)
-t 0 -c 0.0016 -g 0.01667 -r 2 (84.8735632183908, 0.6050574712643678, 0.48789148552218903)
-t 0 -c 0.0064 -g 0.01667 -r 2 (84.8735632183908, 0.6050574712643678, 0.4870228672567262)
-t 0 -c 0.0256 -g 0.01667 -r 2 (84.82758620689656, 0.6068965517241379, 0.48518975139688125)
-t 0 -c 0.1024 -g 0.01667 -r 2 (84.41379310344827, 0.623448275862069, 0.47342100670931575)
-t 0 -c 0.4096 -g 0.01667 -r 2 (84.6896551724138, 0.6124137931034482, 0.480842184462094)
-t 0 -c 1.6384 -g 0.01667 -r 2 (84.64367816091954, 0.6142528735632183, 0.4794249775264802)
-t 0 -c 6.5536 -g 0.01667 -r 2 (84.64367816091954, 0.6142528735632183, 0.4794249775264802)
-t 0 -c 26.2144 -g 0.01667 -r 2 (84.7816091954023, 0.608735632183908, 0.48324178150680247)
-t 0 -c 104.8576 -g 0.01667 -r 2 (84.73563218390805, 0.6105747126436781, 0.4819164826315936)
-t 0 -c 419.4304 -g 0.01667 -r 2 (84.45977011494253, 0.6216091954022989, 0.474373612001925)
-t 0 -c 1677.7216 -g 0.01667 -r 2 (83.63218390804597, 0.654712643678161, 0.45397422496270984)
-t 0 -c 0.0001 -g 0.03333 -r 2 (52.0, 1.92, nan)
-t 0 -c 0.0004 -g 0.03333 -r 2 (83.58620689655173, 0.6565517241379311, 0.45045482645941887)
-t 0 -c 0.0016 -g 0.03333 -r 2 (84.8735632183908, 0.6050574712643678, 0.48789148552218903)
-t 0 -c 0.0064 -g 0.03333 -r 2 (84.8735632183908, 0.6050574712643678, 0.4870228672567262)
-t 0 -c 0.0256 -g 0.03333 -r 2 (84.82758620689656, 0.6068965517241379, 0.48518975139688125)
-t 0 -c 0.1024 -g 0.03333 -r 2 (84.41379310344827, 0.623448275862069, 0.47342100670931575)
-t 0 -c 0.4096 -g 0.03333 -r 2 (84.6896551724138, 0.6124137931034482, 0.480842184462094)
-t 0 -c 1.6384 -g 0.03333 -r 2 (84.64367816091954, 0.6142528735632183, 0.4794249775264802)
-t 0 -c 6.5536 -g 0.03333 -r 2 (84.64367816091954, 0.6142528735632183, 0.4794249775264802)
-t 0 -c 26.2144 -g 0.03333 -r 2 (84.7816091954023, 0.608735632183908, 0.48324178150680247)
-t 0 -c 104.8576 -g 0.03333 -r 2 (84.73563218390805, 0.6105747126436781, 0.4819164826315936)
-t 0 -c 419.4304 -g 0.03333 -r 2 (84.45977011494253, 0.6216091954022989, 0.474373612001925)
-t 0 -c 1677.7216 -g 0.03333 -r 2 (83.63218390804597, 0.654712643678161, 0.45397422496270984)
-t 0 -c 0.0001 -g 0.06667 -r 2 (52.0, 1.92, nan)
-t 0 -c 0.0004 -g 0.06667 -r 2 (83.58620689655173, 0.6565517241379311, 0.45045482645941887)
-t 0 -c 0.0016 -g 0.06667 -r 2 (84.8735632183908, 0.6050574712643678, 0.48789148552218903)
-t 0 -c 0.0064 -g 0.06667 -r 2 (84.8735632183908, 0.6050574712643678, 0.4870228672567262)
-t 0 -c 0.0256 -g 0.06667 -r 2 (84.82758620689656, 0.6068965517241379, 0.48518975139688125)
-t 0 -c 0.1024 -g 0.06667 -r 2 (84.41379310344827, 0.623448275862069, 0.47342100670931575)
-t 0 -c 0.4096 -g 0.06667 -r 2 (84.6896551724138, 0.6124137931034482, 0.480842184462094)
-t 0 -c 1.6384 -g 0.06667 -r 2 (84.64367816091954, 0.6142528735632183, 0.4794249775264802)
-t 0 -c 6.5536 -g 0.06667 -r 2 (84.64367816091954, 0.6142528735632183, 0.4794249775264802)
-t 0 -c 26.2144 -g 0.06667 -r 2 (84.7816091954023, 0.608735632183908, 0.48324178150680247)
-t 0 -c 104.8576 -g 0.06667 -r 2 (84.73563218390805, 0.6105747126436781, 0.4819164826315936)
-t 0 -c 419.4304 -g 0.06667 -r 2 (84.45977011494253, 0.6216091954022989, 0.474373612001925)
-t 0 -c 1677.7216 -g 0.06667 -r 2 (83.63218390804597, 0.654712643678161, 0.45397422496270984)
-t 0 -c 0.0001 -g 0.13333 -r 2 (52.0, 1.92, nan)
-t 0 -c 0.0004 -g 0.13333 -r 2 (83.58620689655173, 0.6565517241379311, 0.45045482645941887)
-t 0 -c 0.0016 -g 0.13333 -r 2 (84.8735632183908, 0.6050574712643678, 0.48789148552218903)
-t 0 -c 0.0064 -g 0.13333 -r 2 (84.8735632183908, 0.6050574712643678, 0.4870228672567262)
-t 0 -c 0.0256 -g 0.13333 -r 2 (84.82758620689656, 0.6068965517241379, 0.48518975139688125)
-t 0 -c 0.1024 -g 0.13333 -r 2 (84.41379310344827, 0.623448275862069, 0.47342100670931575)
-t 0 -c 0.4096 -g 0.13333 -r 2 (84.6896551724138, 0.6124137931034482, 0.480842184462094)
-t 0 -c 1.6384 -g 0.13333 -r 2 (84.64367816091954, 0.6142528735632183, 0.4794249775264802)
-t 0 -c 6.5536 -g 0.13333 -r 2 (84.64367816091954, 0.6142528735632183, 0.4794249775264802)
-t 0 -c 26.2144 -g 0.13333 -r 2 (84.7816091954023, 0.608735632183908, 0.48324178150680247)
-t 0 -c 104.8576 -g 0.13333 -r 2 (84.73563218390805, 0.6105747126436781, 0.4819164826315936)
-t 0 -c 419.4304 -g 0.13333 -r 2 (84.45977011494253, 0.6216091954022989, 0.474373612001925)
-t 0 -c 1677.7216 -g 0.13333 -r 2 (83.63218390804597, 0.654712643678161, 0.45397422496270984)
