-t 2 -c 0.0001 -g 0.00208 -r 0 (52.0, 1.92, nan)
-t 2 -c 0.0004 -g 0.00208 -r 0 (52.0, 1.92, nan)
-t 2 -c 0.0016 -g 0.00208 -r 0 (52.0, 1.92, nan)
-t 2 -c 0.0064 -g 0.00208 -r 0 (52.0, 1.92, nan)
-t 2 -c 0.0256 -g 0.00208 -r 0 (52.0, 1.92, nan)
-t 2 -c 0.1024 -g 0.00208 -r 0 (52.0, 1.92, nan)
-t 2 -c 0.4096 -g 0.00208 -r 0 (84.32183908045977, 0.6271264367816092, 0.47295856903841005)
-t 2 -c 1.6384 -g 0.00208 -r 0 (85.5632183908046, 0.577471264367816, 0.5076896847863387)
-t 2 -c 6.5536 -g 0.00208 -r 0 (85.70114942528735, 0.5719540229885057, 0.5107257512037354)
-t 2 -c 26.2144 -g 0.00208 -r 0 (86.80459770114942, 0.527816091954023, 0.5426726812903351)
-t 2 -c 104.8576 -g 0.00208 -r 0 (89.88505747126437, 0.4045977011494253, 0.6378855377455054)
-t 2 -c 419.4304 -g 0.00208 -r 0 (89.33333333333333, 0.4266666666666667, 0.6194310016608342)
-t 2 -c 1677.7216 -g 0.00208 -r 0 (88.8735632183908, 0.44505747126436784, 0.6046654986539511)
-t 2 -c 0.0001 -g 0.00417 -r 0 (52.0, 1.92, nan)
-t 2 -c 0.0004 -g 0.00417 -r 0 (52.0, 1.92, nan)
-t 2 -c 0.0016 -g 0.00417 -r 0 (52.0, 1.92, nan)
-t 2 -c 0.0064 -g 0.00417 -r 0 (52.0, 1.92, nan)
-t 2 -c 0.0256 -g 0.00417 -r 0 (52.0, 1.92, nan)
-t 2 -c 0.1024 -g 0.00417 -r 0 (76.45977011494253, 0.9416091954022988, 0.33123831989616487)
-t 2 -c 0.4096 -g 0.00417 -r 0 (85.19540229885058, 0.592183908045977, 0.49738448586893247)
-t 2 -c 1.6384 -g 0.00417 -r 0 (85.70114942528735, 0.5719540229885057, 0.510517042886087)
-t 2 -c 6.5536 -g 0.00417 -r 0 (87.08045977011494, 0.5167816091954023, 0.5510625572218495)
-t 2 -c 26.2144 -g 0.00417 -r 0 (89.93103448275862, 0.4027586206896552, 0.6395655091165711)
-t 2 -c 104.8576 -g 0.00417 -r 0 (89.51724137931035, 0.4193103448275862, 0.62534173189634)
-t 2 -c 419.4304 -g 0.00417 -r 0 (89.10344827586206, 0.43586206896551727, 0.6118024620662089)
-t 2 -c 1677.7216 -g 0.00417 -r 0 (89.10344827586206, 0.43586206896551727, 0.6118024620662089)
-t 2 -c 0.0001 -g 0.00833 -r 0 (52.0, 1.92, nan)
-t 2 -c 0.0004 -g 0.00833 -r 0 (52.0, 1.92, nan)
-t 2 -c 0.0016 -g 0.00833 -r 0 (52.0, 1.92, nan)
-t 2 -c 0.0064 -g 0.00833 -r 0 (52.0, 1.92, nan)
-t 2 -c 0.0256 -g 0.00833 -r 0 (52.0, 1.92, nan)
-t 2 -c 0.1024 -g 0.00833 -r 0 (84.96551724137932, 0.6013793103448276, 0.48837715226862877)
-t 2 -c 0.4096 -g 0.00833 -r 0 (86.75862068965517, 0.5296551724137931, 0.543103531123581)
-t 2 -c 1.6384 -g 0.00833 -r 0 (87.49425287356321, 0.5002298850574712, 0.5641304994596815)
-t 2 -c 6.5536 -g 0.00833 -r 0 (89.74712643678161, 0.41011494252873565, 0.6334158329972638)
-t 2 -c 26.2144 -g 0.00833 -r 0 (89.47126436781609, 0.4211494252873563, 0.6241620393159387)
-t 2 -c 104.8576 -g 0.00833 -r 0 (89.51724137931035, 0.4193103448275862, 0.6248706256013329)
-t 2 -c 419.4304 -g 0.00833 -r 0 (89.51724137931035, 0.4193103448275862, 0.6248706256013329)
-t 2 -c 1677.7216 -g 0.00833 -r 0 (89.51724137931035, 0.4193103448275862, 0.6248706256013329)
-t 2 -c 0.0001 -g 0.01667 -r 0 (52.0, 1.92, nan)
-t 2 -c 0.0004 -g 0.01667 -r 0 (52.0, 1.92, nan)
-t 2 -c 0.0016 -g 0.01667 -r 0 (52.0, 1.92, nan)
-t 2 -c 0.0064 -g 0.01667 -r 0 (52.0, 1.92, nan)
-t 2 -c 0.0256 -g 0.01667 -r 0 (52.0, 1.92, nan)
-t 2 -c 0.1024 -g 0.01667 -r 0 (86.06896551724138, 0.5572413793103448, 0.5198292340002622)
-t 2 -c 0.4096 -g 0.01667 -r 0 (87.86206896551724, 0.48551724137931035, 0.5766632163255386)
-t 2 -c 1.6384 -g 0.01667 -r 0 (89.47126436781609, 0.4211494252873563, 0.6249299575120023)
-t 2 -c 6.5536 -g 0.01667 -r 0 (89.79310344827586, 0.40827586206896554, 0.6343247410550273)
-t 2 -c 26.2144 -g 0.01667 -r 0 (89.65517241379311, 0.41379310344827586, 0.6294663573991397)
-t 2 -c 104.8576 -g 0.01667 -r 0 (89.65517241379311, 0.41379310344827586, 0.6294663573991397)
-t 2 -c 419.4304 -g 0.01667 -r 0 (89.65517241379311, 0.41379310344827586, 0.6294663573991397)
-t 2 -c 1677.7216 -g 0.01667 -r 0 (89.65517241379311, 0.41379310344827586, 0.6294663573991397)
-t 2 -c 0.0001 -g 0.03333 -r 0 (52.0, 1.92, nan)
-t 2 -c 0.0004 -g 0.03333 -r 0 (52.0, 1.92, nan)
-t 2 -c 0.0016 -g 0.03333 -r 0 (52.0, 1.92, nan)
-t 2 -c 0.0064 -g 0.03333 -r 0 (52.0, 1.92, nan)
-t 2 -c 0.0256 -g 0.03333 -r 0 (52.0, 1.92, nan)
-t 2 -c 0.1024 -g 0.03333 -r 0 (84.64367816091954, 0.6142528735632183, 0.48533920469669795)
-t 2 -c 0.4096 -g 0.03333 -r 0 (88.7816091954023, 0.44873563218390805, 0.6022705197087039)
-t 2 -c 1.6384 -g 0.03333 -r 0 (90.39080459770115, 0.38436781609195403, 0.653249127866374)
-t 2 -c 6.5536 -g 0.03333 -r 0 (90.29885057471265, 0.38804597701149424, 0.6499837371930395)
-t 2 -c 26.2144 -g 0.03333 -r 0 (90.29885057471265, 0.38804597701149424, 0.6499837371930395)
-t 2 -c 104.8576 -g 0.03333 -r 0 (90.29885057471265, 0.38804597701149424, 0.6499837371930395)
-t 2 -c 419.4304 -g 0.03333 -r 0 (90.29885057471265, 0.38804597701149424, 0.6499837371930395)
-t 2 -c 1677.7216 -g 0.03333 -r 0 (90.29885057471265, 0.38804597701149424, 0.6499837371930395)
-t 2 -c 0.0001 -g 0.06667 -r 0 (52.0, 1.92, nan)
-t 2 -c 0.0004 -g 0.06667 -r 0 (52.0, 1.92, nan)
-t 2 -c 0.0016 -g 0.06667 -r 0 (52.0, 1.92, nan)
-t 2 -c 0.0064 -g 0.06667 -r 0 (52.0, 1.92, nan)
-t 2 -c 0.0256 -g 0.06667 -r 0 (52.0, 1.92, nan)
-t 2 -c 0.1024 -g 0.06667 -r 0 (52.689655172413794, 1.8924137931034484, 0.007523148148148148)
-t 2 -c 0.4096 -g 0.06667 -r 0 (84.55172413793103, 0.6179310344827587, 0.489630467571644)
-t 2 -c 1.6384 -g 0.06667 -r 0 (88.6896551724138, 0.45241379310344826, 0.5990707807626672)
-t 2 -c 6.5536 -g 0.06667 -r 0 (88.64367816091954, 0.4542528735632184, 0.597778490544988)
-t 2 -c 26.2144 -g 0.06667 -r 0 (88.64367816091954, 0.4542528735632184, 0.597778490544988)
-t 2 -c 104.8576 -g 0.06667 -r 0 (88.64367816091954, 0.4542528735632184, 0.597778490544988)
-t 2 -c 419.4304 -g 0.06667 -r 0 (88.64367816091954, 0.4542528735632184, 0.597778490544988)
-t 2 -c 1677.7216 -g 0.06667 -r 0 (88.64367816091954, 0.4542528735632184, 0.597778490544988)
-t 2 -c 0.0001 -g 0.13333 -r 0 (52.0, 1.92, nan)
-t 2 -c 0.0004 -g 0.13333 -r 0 (52.0, 1.92, nan)
-t 2 -c 0.0016 -g 0.13333 -r 0 (52.0, 1.92, nan)
-t 2 -c 0.0064 -g 0.13333 -r 0 (52.0, 1.92, nan)
-t 2 -c 0.0256 -g 0.13333 -r 0 (52.0, 1.92, nan)
-t 2 -c 0.1024 -g 0.13333 -r 0 (52.0, 1.92, nan)
-t 2 -c 0.4096 -g 0.13333 -r 0 (54.94252873563219, 1.8022988505747126, 0.032843833885993996)
-t 2 -c 1.6384 -g 0.13333 -r 0 (78.29885057471265, 0.8680459770114942, 0.36133879781420764)
-t 2 -c 6.5536 -g 0.13333 -r 0 (78.29885057471265, 0.8680459770114942, 0.36133879781420764)
-t 2 -c 26.2144 -g 0.13333 -r 0 (78.29885057471265, 0.8680459770114942, 0.36133879781420764)
-t 2 -c 104.8576 -g 0.13333 -r 0 (78.29885057471265, 0.8680459770114942, 0.36133879781420764)
-t 2 -c 419.4304 -g 0.13333 -r 0 (78.29885057471265, 0.8680459770114942, 0.36133879781420764)
-t 2 -c 1677.7216 -g 0.13333 -r 0 (78.29885057471265, 0.8680459770114942, 0.36133879781420764)
-t 2 -c 0.0001 -g 0.00208 -r 1 (52.0, 1.92, nan)
-t 2 -c 0.0004 -g 0.00208 -r 1 (52.0, 1.92, nan)
-t 2 -c 0.0016 -g 0.00208 -r 1 (52.0, 1.92, nan)
-t 2 -c 0.0064 -g 0.00208 -r 1 (52.0, 1.92, nan)
-t 2 -c 0.0256 -g 0.00208 -r 1 (52.0, 1.92, nan)
-t 2 -c 0.1024 -g 0.00208 -r 1 (52.0, 1.92, nan)
-t 2 -c 0.4096 -g 0.00208 -r 1 (84.32183908045977, 0.6271264367816092, 0.47295856903841005)
-t 2 -c 1.6384 -g 0.00208 -r 1 (85.5632183908046, 0.577471264367816, 0.5076896847863387)
-t 2 -c 6.5536 -g 0.00208 -r 1 (85.70114942528735, 0.5719540229885057, 0.5107257512037354)
-t 2 -c 26.2144 -g 0.00208 -r 1 (86.80459770114942, 0.527816091954023, 0.5426726812903351)
-t 2 -c 104.8576 -g 0.00208 -r 1 (89.88505747126437, 0.4045977011494253, 0.6378855377455054)
-t 2 -c 419.4304 -g 0.00208 -r 1 (89.33333333333333, 0.4266666666666667, 0.6194310016608342)
-t 2 -c 1677.7216 -g 0.00208 -r 1 (88.8735632183908, 0.44505747126436784, 0.6046654986539511)
-t 2 -c 0.0001 -g 0.00417 -r 1 (52.0, 1.92, nan)
-t 2 -c 0.0004 -g 0.00417 -r 1 (52.0, 1.92, nan)
-t 2 -c 0.0016 -g 0.00417 -r 1 (52.0, 1.92, nan)
-t 2 -c 0.0064 -g 0.00417 -r 1 (52.0, 1.92, nan)
-t 2 -c 0.0256 -g 0.00417 -r 1 (52.0, 1.92, nan)
-t 2 -c 0.1024 -g 0.00417 -r 1 (76.45977011494253, 0.9416091954022988, 0.33123831989616487)
-t 2 -c 0.4096 -g 0.00417 -r 1 (85.19540229885058, 0.592183908045977, 0.49738448586893247)
-t 2 -c 1.6384 -g 0.00417 -r 1 (85.70114942528735, 0.5719540229885057, 0.510517042886087)
-t 2 -c 6.5536 -g 0.00417 -r 1 (87.08045977011494, 0.5167816091954023, 0.5510625572218495)
-t 2 -c 26.2144 -g 0.00417 -r 1 (89.93103448275862, 0.4027586206896552, 0.6395655091165711)
-t 2 -c 104.8576 -g 0.00417 -r 1 (89.51724137931035, 0.4193103448275862, 0.62534173189634)
-t 2 -c 419.4304 -g 0.00417 -r 1 (89.10344827586206, 0.43586206896551727, 0.6118024620662089)
-t 2 -c 1677.7216 -g 0.00417 -r 1 (89.10344827586206, 0.43586206896551727, 0.6118024620662089)
-t 2 -c 0.0001 -g 0.00833 -r 1 (52.0, 1.92, nan)
-t 2 -c 0.0004 -g 0.00833 -r 1 (52.0, 1.92, nan)
-t 2 -c 0.0016 -g 0.00833 -r 1 (52.0, 1.92, nan)
-t 2 -c 0.0064 -g 0.00833 -r 1 (52.0, 1.92, nan)
-t 2 -c 0.0256 -g 0.00833 -r 1 (52.0, 1.92, nan)
-t 2 -c 0.1024 -g 0.00833 -r 1 (84.96551724137932, 0.6013793103448276, 0.48837715226862877)
-t 2 -c 0.4096 -g 0.00833 -r 1 (86.75862068965517, 0.5296551724137931, 0.543103531123581)
-t 2 -c 1.6384 -g 0.00833 -r 1 (87.49425287356321, 0.5002298850574712, 0.5641304994596815)
-t 2 -c 6.5536 -g 0.00833 -r 1 (89.74712643678161, 0.41011494252873565, 0.6334158329972638)
-t 2 -c 26.2144 -g 0.00833 -r 1 (89.47126436781609, 0.4211494252873563, 0.6241620393159387)
-t 2 -c 104.8576 -g 0.00833 -r 1 (89.51724137931035, 0.4193103448275862, 0.6248706256013329)
-t 2 -c 419.4304 -g 0.00833 -r 1 (89.51724137931035, 0.4193103448275862, 0.6248706256013329)
-t 2 -c 1677.7216 -g 0.00833 -r 1 (89.51724137931035, 0.4193103448275862, 0.6248706256013329)
-t 2 -c 0.0001 -g 0.01667 -r 1 (52.0, 1.92, nan)
-t 2 -c 0.0004 -g 0.01667 -r 1 (52.0, 1.92, nan)
-t 2 -c 0.0016 -g 0.01667 -r 1 (52.0, 1.92, nan)
-t 2 -c 0.0064 -g 0.01667 -r 1 (52.0, 1.92, nan)
-t 2 -c 0.0256 -g 0.01667 -r 1 (52.0, 1.92, nan)
-t 2 -c 0.1024 -g 0.01667 -r 1 (86.06896551724138, 0.5572413793103448, 0.5198292340002622)
-t 2 -c 0.4096 -g 0.01667 -r 1 (87.86206896551724, 0.48551724137931035, 0.5766632163255386)
-t 2 -c 1.6384 -g 0.01667 -r 1 (89.47126436781609, 0.4211494252873563, 0.6249299575120023)
-t 2 -c 6.5536 -g 0.01667 -r 1 (89.79310344827586, 0.40827586206896554, 0.6343247410550273)
-t 2 -c 26.2144 -g 0.01667 -r 1 (89.65517241379311, 0.41379310344827586, 0.6294663573991397)
-t 2 -c 104.8576 -g 0.01667 -r 1 (89.65517241379311, 0.41379310344827586, 0.6294663573991397)
-t 2 -c 419.4304 -g 0.01667 -r 1 (89.65517241379311, 0.41379310344827586, 0.6294663573991397)
-t 2 -c 1677.7216 -g 0.01667 -r 1 (89.65517241379311, 0.41379310344827586, 0.6294663573991397)
-t 2 -c 0.0001 -g 0.03333 -r 1 (52.0, 1.92, nan)
-t 2 -c 0.0004 -g 0.03333 -r 1 (52.0, 1.92, nan)
-t 2 -c 0.0016 -g 0.03333 -r 1 (52.0, 1.92, nan)
-t 2 -c 0.0064 -g 0.03333 -r 1 (52.0, 1.92, nan)
-t 2 -c 0.0256 -g 0.03333 -r 1 (52.0, 1.92, nan)
-t 2 -c 0.1024 -g 0.03333 -r 1 (84.64367816091954, 0.6142528735632183, 0.48533920469669795)
-t 2 -c 0.4096 -g 0.03333 -r 1 (88.7816091954023, 0.44873563218390805, 0.6022705197087039)
-t 2 -c 1.6384 -g 0.03333 -r 1 (90.39080459770115, 0.38436781609195403, 0.653249127866374)
-t 2 -c 6.5536 -g 0.03333 -r 1 (90.29885057471265, 0.38804597701149424, 0.6499837371930395)
-t 2 -c 26.2144 -g 0.03333 -r 1 (90.29885057471265, 0.38804597701149424, 0.6499837371930395)
-t 2 -c 104.8576 -g 0.03333 -r 1 (90.29885057471265, 0.38804597701149424, 0.6499837371930395)
-t 2 -c 419.4304 -g 0.03333 -r 1 (90.29885057471265, 0.38804597701149424, 0.6499837371930395)
-t 2 -c 1677.7216 -g 0.03333 -r 1 (90.29885057471265, 0.38804597701149424, 0.6499837371930395)
-t 2 -c 0.0001 -g 0.06667 -r 1 (52.0, 1.92, nan)
-t 2 -c 0.0004 -g 0.06667 -r 1 (52.0, 1.92, nan)
-t 2 -c 0.0016 -g 0.06667 -r 1 (52.0, 1.92, nan)
-t 2 -c 0.0064 -g 0.06667 -r 1 (52.0, 1.92, nan)
-t 2 -c 0.0256 -g 0.06667 -r 1 (52.0, 1.92, nan)
-t 2 -c 0.1024 -g 0.06667 -r 1 (52.689655172413794, 1.8924137931034484, 0.007523148148148148)
-t 2 -c 0.4096 -g 0.06667 -r 1 (84.55172413793103, 0.6179310344827587, 0.489630467571644)
-t 2 -c 1.6384 -g 0.06667 -r 1 (88.6896551724138, 0.45241379310344826, 0.5990707807626672)
-t 2 -c 6.5536 -g 0.06667 -r 1 (88.64367816091954, 0.4542528735632184, 0.597778490544988)
-t 2 -c 26.2144 -g 0.06667 -r 1 (88.64367816091954, 0.4542528735632184, 0.597778490544988)
-t 2 -c 104.8576 -g 0.06667 -r 1 (88.64367816091954, 0.4542528735632184, 0.597778490544988)
-t 2 -c 419.4304 -g 0.06667 -r 1 (88.64367816091954, 0.4542528735632184, 0.597778490544988)
-t 2 -c 1677.7216 -g 0.06667 -r 1 (88.64367816091954, 0.4542528735632184, 0.597778490544988)
-t 2 -c 0.0001 -g 0.13333 -r 1 (52.0, 1.92, nan)
-t 2 -c 0.0004 -g 0.13333 -r 1 (52.0, 1.92, nan)
-t 2 -c 0.0016 -g 0.13333 -r 1 (52.0, 1.92, nan)
-t 2 -c 0.0064 -g 0.13333 -r 1 (52.0, 1.92, nan)
-t 2 -c 0.0256 -g 0.13333 -r 1 (52.0, 1.92, nan)
-t 2 -c 0.1024 -g 0.13333 -r 1 (52.0, 1.92, nan)
-t 2 -c 0.4096 -g 0.13333 -r 1 (54.94252873563219, 1.8022988505747126, 0.032843833885993996)
-t 2 -c 1.6384 -g 0.13333 -r 1 (78.29885057471265, 0.8680459770114942, 0.36133879781420764)
-t 2 -c 6.5536 -g 0.13333 -r 1 (78.29885057471265, 0.8680459770114942, 0.36133879781420764)
-t 2 -c 26.2144 -g 0.13333 -r 1 (78.29885057471265, 0.8680459770114942, 0.36133879781420764)
-t 2 -c 104.8576 -g 0.13333 -r 1 (78.29885057471265, 0.8680459770114942, 0.36133879781420764)
-t 2 -c 419.4304 -g 0.13333 -r 1 (78.29885057471265, 0.8680459770114942, 0.36133879781420764)
-t 2 -c 1677.7216 -g 0.13333 -r 1 (78.29885057471265, 0.8680459770114942, 0.36133879781420764)
-t 2 -c 0.0001 -g 0.00208 -r 2 (52.0, 1.92, nan)
-t 2 -c 0.0004 -g 0.00208 -r 2 (52.0, 1.92, nan)
-t 2 -c 0.0016 -g 0.00208 -r 2 (52.0, 1.92, nan)
-t 2 -c 0.0064 -g 0.00208 -r 2 (52.0, 1.92, nan)
-t 2 -c 0.0256 -g 0.00208 -r 2 (52.0, 1.92, nan)
-t 2 -c 0.1024 -g 0.00208 -r 2 (52.0, 1.92, nan)
-t 2 -c 0.4096 -g 0.00208 -r 2 (84.32183908045977, 0.6271264367816092, 0.47295856903841005)
-t 2 -c 1.6384 -g 0.00208 -r 2 (85.5632183908046, 0.577471264367816, 0.5076896847863387)
-t 2 -c 6.5536 -g 0.00208 -r 2 (85.70114942528735, 0.5719540229885057, 0.5107257512037354)
-t 2 -c 26.2144 -g 0.00208 -r 2 (86.80459770114942, 0.527816091954023, 0.5426726812903351)
-t 2 -c 104.8576 -g 0.00208 -r 2 (89.88505747126437, 0.4045977011494253, 0.6378855377455054)
-t 2 -c 419.4304 -g 0.00208 -r 2 (89.33333333333333, 0.4266666666666667, 0.6194310016608342)
-t 2 -c 1677.7216 -g 0.00208 -r 2 (88.8735632183908, 0.44505747126436784, 0.6046654986539511)
-t 2 -c 0.0001 -g 0.00417 -r 2 (52.0, 1.92, nan)
-t 2 -c 0.0004 -g 0.00417 -r 2 (52.0, 1.92, nan)
-t 2 -c 0.0016 -g 0.00417 -r 2 (52.0, 1.92, nan)
-t 2 -c 0.0064 -g 0.00417 -r 2 (52.0, 1.92, nan)
-t 2 -c 0.0256 -g 0.00417 -r 2 (52.0, 1.92, nan)
-t 2 -c 0.1024 -g 0.00417 -r 2 (76.45977011494253, 0.9416091954022988, 0.33123831989616487)
-t 2 -c 0.4096 -g 0.00417 -r 2 (85.19540229885058, 0.592183908045977, 0.49738448586893247)
-t 2 -c 1.6384 -g 0.00417 -r 2 (85.70114942528735, 0.5719540229885057, 0.510517042886087)
-t 2 -c 6.5536 -g 0.00417 -r 2 (87.08045977011494, 0.5167816091954023, 0.5510625572218495)
-t 2 -c 26.2144 -g 0.00417 -r 2 (89.93103448275862, 0.4027586206896552, 0.6395655091165711)
-t 2 -c 104.8576 -g 0.00417 -r 2 (89.51724137931035, 0.4193103448275862, 0.62534173189634)
-t 2 -c 419.4304 -g 0.00417 -r 2 (89.10344827586206, 0.43586206896551727, 0.6118024620662089)
-t 2 -c 1677.7216 -g 0.00417 -r 2 (89.10344827586206, 0.43586206896551727, 0.6118024620662089)
-t 2 -c 0.0001 -g 0.00833 -r 2 (52.0, 1.92, nan)
-t 2 -c 0.0004 -g 0.00833 -r 2 (52.0, 1.92, nan)
-t 2 -c 0.0016 -g 0.00833 -r 2 (52.0, 1.92, nan)
-t 2 -c 0.0064 -g 0.00833 -r 2 (52.0, 1.92, nan)
-t 2 -c 0.0256 -g 0.00833 -r 2 (52.0, 1.92, nan)
-t 2 -c 0.1024 -g 0.00833 -r 2 (84.96551724137932, 0.6013793103448276, 0.48837715226862877)
-t 2 -c 0.4096 -g 0.00833 -r 2 (86.75862068965517, 0.5296551724137931, 0.543103531123581)
-t 2 -c 1.6384 -g 0.00833 -r 2 (87.49425287356321, 0.5002298850574712, 0.5641304994596815)
-t 2 -c 6.5536 -g 0.00833 -r 2 (89.74712643678161, 0.41011494252873565, 0.6334158329972638)
-t 2 -c 26.2144 -g 0.00833 -r 2 (89.47126436781609, 0.4211494252873563, 0.6241620393159387)
-t 2 -c 104.8576 -g 0.00833 -r 2 (89.51724137931035, 0.4193103448275862, 0.6248706256013329)
-t 2 -c 419.4304 -g 0.00833 -r 2 (89.51724137931035, 0.4193103448275862, 0.6248706256013329)
-t 2 -c 1677.7216 -g 0.00833 -r 2 (89.51724137931035, 0.4193103448275862, 0.6248706256013329)
-t 2 -c 0.0001 -g 0.01667 -r 2 (52.0, 1.92, nan)
-t 2 -c 0.0004 -g 0.01667 -r 2 (52.0, 1.92, nan)
-t 2 -c 0.0016 -g 0.01667 -r 2 (52.0, 1.92, nan)
-t 2 -c 0.0064 -g 0.01667 -r 2 (52.0, 1.92, nan)
-t 2 -c 0.0256 -g 0.01667 -r 2 (52.0, 1.92, nan)
-t 2 -c 0.1024 -g 0.01667 -r 2 (86.06896551724138, 0.5572413793103448, 0.5198292340002622)
-t 2 -c 0.4096 -g 0.01667 -r 2 (87.86206896551724, 0.48551724137931035, 0.5766632163255386)
-t 2 -c 1.6384 -g 0.01667 -r 2 (89.47126436781609, 0.4211494252873563, 0.6249299575120023)
-t 2 -c 6.5536 -g 0.01667 -r 2 (89.79310344827586, 0.40827586206896554, 0.6343247410550273)
-t 2 -c 26.2144 -g 0.01667 -r 2 (89.65517241379311, 0.41379310344827586, 0.6294663573991397)
-t 2 -c 104.8576 -g 0.01667 -r 2 (89.65517241379311, 0.41379310344827586, 0.6294663573991397)
-t 2 -c 419.4304 -g 0.01667 -r 2 (89.65517241379311, 0.41379310344827586, 0.6294663573991397)
-t 2 -c 1677.7216 -g 0.01667 -r 2 (89.65517241379311, 0.41379310344827586, 0.6294663573991397)
-t 2 -c 0.0001 -g 0.03333 -r 2 (52.0, 1.92, nan)
-t 2 -c 0.0004 -g 0.03333 -r 2 (52.0, 1.92, nan)
-t 2 -c 0.0016 -g 0.03333 -r 2 (52.0, 1.92, nan)
-t 2 -c 0.0064 -g 0.03333 -r 2 (52.0, 1.92, nan)
-t 2 -c 0.0256 -g 0.03333 -r 2 (52.0, 1.92, nan)
-t 2 -c 0.1024 -g 0.03333 -r 2 (84.64367816091954, 0.6142528735632183, 0.48533920469669795)
-t 2 -c 0.4096 -g 0.03333 -r 2 (88.7816091954023, 0.44873563218390805, 0.6022705197087039)
-t 2 -c 1.6384 -g 0.03333 -r 2 (90.39080459770115, 0.38436781609195403, 0.653249127866374)
-t 2 -c 6.5536 -g 0.03333 -r 2 (90.29885057471265, 0.38804597701149424, 0.6499837371930395)
-t 2 -c 26.2144 -g 0.03333 -r 2 (90.29885057471265, 0.38804597701149424, 0.6499837371930395)
-t 2 -c 104.8576 -g 0.03333 -r 2 (90.29885057471265, 0.38804597701149424, 0.6499837371930395)
-t 2 -c 419.4304 -g 0.03333 -r 2 (90.29885057471265, 0.38804597701149424, 0.6499837371930395)
-t 2 -c 1677.7216 -g 0.03333 -r 2 (90.29885057471265, 0.38804597701149424, 0.6499837371930395)
-t 2 -c 0.0001 -g 0.06667 -r 2 (52.0, 1.92, nan)
-t 2 -c 0.0004 -g 0.06667 -r 2 (52.0, 1.92, nan)
-t 2 -c 0.0016 -g 0.06667 -r 2 (52.0, 1.92, nan)
-t 2 -c 0.0064 -g 0.06667 -r 2 (52.0, 1.92, nan)
-t 2 -c 0.0256 -g 0.06667 -r 2 (52.0, 1.92, nan)
-t 2 -c 0.1024 -g 0.06667 -r 2 (52.689655172413794, 1.8924137931034484, 0.007523148148148148)
-t 2 -c 0.4096 -g 0.06667 -r 2 (84.55172413793103, 0.6179310344827587, 0.489630467571644)
-t 2 -c 1.6384 -g 0.06667 -r 2 (88.6896551724138, 0.45241379310344826, 0.5990707807626672)
-t 2 -c 6.5536 -g 0.06667 -r 2 (88.64367816091954, 0.4542528735632184, 0.597778490544988)
-t 2 -c 26.2144 -g 0.06667 -r 2 (88.64367816091954, 0.4542528735632184, 0.597778490544988)
-t 2 -c 104.8576 -g 0.06667 -r 2 (88.64367816091954, 0.4542528735632184, 0.597778490544988)
-t 2 -c 419.4304 -g 0.06667 -r 2 (88.64367816091954, 0.4542528735632184, 0.597778490544988)
-t 2 -c 1677.7216 -g 0.06667 -r 2 (88.64367816091954, 0.4542528735632184, 0.597778490544988)
-t 2 -c 0.0001 -g 0.13333 -r 2 (52.0, 1.92, nan)
-t 2 -c 0.0004 -g 0.13333 -r 2 (52.0, 1.92, nan)
-t 2 -c 0.0016 -g 0.13333 -r 2 (52.0, 1.92, nan)
-t 2 -c 0.0064 -g 0.13333 -r 2 (52.0, 1.92, nan)
-t 2 -c 0.0256 -g 0.13333 -r 2 (52.0, 1.92, nan)
-t 2 -c 0.1024 -g 0.13333 -r 2 (52.0, 1.92, nan)
-t 2 -c 0.4096 -g 0.13333 -r 2 (54.94252873563219, 1.8022988505747126, 0.032843833885993996)
-t 2 -c 1.6384 -g 0.13333 -r 2 (78.29885057471265, 0.8680459770114942, 0.36133879781420764)
-t 2 -c 6.5536 -g 0.13333 -r 2 (78.29885057471265, 0.8680459770114942, 0.36133879781420764)
-t 2 -c 26.2144 -g 0.13333 -r 2 (78.29885057471265, 0.8680459770114942, 0.36133879781420764)
-t 2 -c 104.8576 -g 0.13333 -r 2 (78.29885057471265, 0.8680459770114942, 0.36133879781420764)
-t 2 -c 419.4304 -g 0.13333 -r 2 (78.29885057471265, 0.8680459770114942, 0.36133879781420764)
-t 2 -c 1677.7216 -g 0.13333 -r 2 (78.29885057471265, 0.8680459770114942, 0.36133879781420764)
