-t 3 -c 0.0001 -g 0.00208 -r 0 (52.0, 1.92, nan)
-t 3 -c 0.0004 -g 0.00208 -r 0 (52.0, 1.92, nan)
-t 3 -c 0.0016 -g 0.00208 -r 0 (52.0, 1.92, nan)
-t 3 -c 0.0064 -g 0.00208 -r 0 (52.0, 1.92, nan)
-t 3 -c 0.0256 -g 0.00208 -r 0 (52.0, 1.92, nan)
-t 3 -c 0.1024 -g 0.00208 -r 0 (52.0, 1.92, nan)
-t 3 -c 0.4096 -g 0.00208 -r 0 (83.77011494252874, 0.6491954022988505, 0.4570090586737436)
-t 3 -c 1.6384 -g 0.00208 -r 0 (84.73563218390805, 0.6105747126436781, 0.48422768002372485)
-t 3 -c 6.5536 -g 0.00208 -r 0 (85.01149425287356, 0.5995402298850575, 0.4907441285390296)
-t 3 -c 26.2144 -g 0.00208 -r 0 (84.91954022988506, 0.6032183908045977, 0.4877575677730031)
-t 3 -c 104.8576 -g 0.00208 -r 0 (84.32183908045977, 0.6271264367816092, 0.47095127104048)
-t 3 -c 419.4304 -g 0.00208 -r 0 (84.41379310344827, 0.623448275862069, 0.4731253744373319)
-t 3 -c 1677.7216 -g 0.00208 -r 0 (84.04597701149426, 0.6381609195402299, 0.4630866809244629)
-t 3 -c 0.0001 -g 0.00417 -r 0 (52.0, 1.92, nan)
-t 3 -c 0.0004 -g 0.00417 -r 0 (52.0, 1.92, nan)
-t 3 -c 0.0016 -g 0.00417 -r 0 (52.0, 1.92, nan)
-t 3 -c 0.0064 -g 0.00417 -r 0 (52.0, 1.92, nan)
-t 3 -c 0.0256 -g 0.00417 -r 0 (52.0, 1.92, nan)
-t 3 -c 0.1024 -g 0.00417 -r 0 (52.735632183908045, 1.8905747126436783, 0.008028408213679172)
-t 3 -c 0.4096 -g 0.00417 -r 0 (84.27586206896552, 0.6289655172413793, 0.4713808478343362)
-t 3 -c 1.6384 -g 0.00417 -r 0 (85.33333333333333, 0.5866666666666667, 0.5007110407064829)
-t 3 -c 6.5536 -g 0.00417 -r 0 (84.59770114942529, 0.6160919540229886, 0.4792534610313277)
-t 3 -c 26.2144 -g 0.00417 -r 0 (84.73563218390805, 0.6105747126436781, 0.4823599153494687)
-t 3 -c 104.8576 -g 0.00417 -r 0 (84.45977011494253, 0.6216091954022989, 0.4746038883260005)
-t 3 -c 419.4304 -g 0.00417 -r 0 (82.94252873563218, 0.6822988505747126, 0.4334979769331395)
-t 3 -c 1677.7216 -g 0.00417 -r 0 (82.20689655172414, 0.7117241379310345, 0.41413155698869986)
-t 3 -c 0.0001 -g 0.00833 -r 0 (52.0, 1.92, nan)
-t 3 -c 0.0004 -g 0.00833 -r 0 (52.0, 1.92, nan)
-t 3 -c 0.0016 -g 0.00833 -r 0 (52.0, 1.92, nan)
-t 3 -c 0.0064 -g 0.00833 -r 0 (52.0, 1.92, nan)
-t 3 -c 0.0256 -g 0.00833 -r 0 (52.0, 1.92, nan)
-t 3 -c 0.1024 -g 0.00833 -r 0 (83.816091954023, 0.6473563218390804, 0.45821122965050415)
-t 3 -c 0.4096 -g 0.00833 -r 0 (84.6896551724138, 0.6124137931034482, 0.48301106075210115)
-t 3 -c 1.6384 -g 0.00833 -r 0 (85.01149425287356, 0.5995402298850575, 0.4907441285390296)
-t 3 -c 6.5536 -g 0.00833 -r 0 (84.7816091954023, 0.608735632183908, 0.4839456902543007)
-t 3 -c 26.2144 -g 0.00833 -r 0 (83.67816091954023, 0.6528735632183909, 0.45311525295086114)
-t 3 -c 104.8576 -g 0.00833 -r 0 (82.20689655172414, 0.7117241379310345, 0.41400443652730357)
-t 3 -c 419.4304 -g 0.00833 -r 0 (81.28735632183908, 0.7485057471264368, 0.3905874308716613)
-t 3 -c 1677.7216 -g 0.00833 -r 0 (79.72413793103448, 0.8110344827586207, 0.35244433012290155)
-t 3 -c 0.0001 -g 0.01667 -r 0 (52.0, 1.92, nan)
-t 3 -c 0.0004 -g 0.01667 -r 0 (52.0, 1.92, nan)
-t 3 -c 0.0016 -g 0.01667 -r 0 (52.0, 1.92, nan)
-t 3 -c 0.0064 -g 0.01667 -r 0 (52.0, 1.92, nan)
-t 3 -c 0.0256 -g 0.01667 -r 0 (52.64367816091954, 1.8942528735632185, 0.007018355699521826)
-t 3 -c 0.1024 -g 0.01667 -r 0 (84.22988505747126, 0.6308045977011494, 0.4701787610183482)
-t 3 -c 0.4096 -g 0.01667 -r 0 (85.14942528735632, 0.5940229885057471, 0.4951712499216228)
-t 3 -c 1.6384 -g 0.01667 -r 0 (84.32183908045977, 0.6271264367816092, 0.47163872920713273)
-t 3 -c 6.5536 -g 0.01667 -r 0 (83.03448275862068, 0.6786206896551724, 0.4361802791318661)
-t 3 -c 26.2144 -g 0.01667 -r 0 (81.47126436781609, 0.7411494252873563, 0.39526202862769305)
-t 3 -c 104.8576 -g 0.01667 -r 0 (80.59770114942529, 0.7760919540229885, 0.3735344865038303)
-t 3 -c 419.4304 -g 0.01667 -r 0 (79.35632183908046, 0.8257471264367816, 0.3436730288554437)
-t 3 -c 1677.7216 -g 0.01667 -r 0 (77.65517241379311, 0.8937931034482759, 0.304813242891361)
-t 3 -c 0.0001 -g 0.03333 -r 0 (52.0, 1.92, nan)
-t 3 -c 0.0004 -g 0.03333 -r 0 (52.0, 1.92, nan)
-t 3 -c 0.0016 -g 0.03333 -r 0 (52.0, 1.92, nan)
-t 3 -c 0.0064 -g 0.03333 -r 0 (52.0, 1.92, nan)
-t 3 -c 0.0256 -g 0.03333 -r 0 (83.35632183908046, 0.6657471264367816, 0.446283679642675)
-t 3 -c 0.1024 -g 0.03333 -r 0 (84.36781609195403, 0.6252873563218391, 0.4740347713390457)
-t 3 -c 0.4096 -g 0.03333 -r 0 (84.55172413793103, 0.6179310344827587, 0.4780261555693941)
-t 3 -c 1.6384 -g 0.03333 -r 0 (81.93103448275862, 0.7227586206896551, 0.40742984626631706)
-t 3 -c 6.5536 -g 0.03333 -r 0 (78.98850574712644, 0.8404597701149426, 0.33530163143782526)
-t 3 -c 26.2144 -g 0.03333 -r 0 (76.8735632183908, 0.9250574712643678, 0.28812348070465277)
-t 3 -c 104.8576 -g 0.03333 -r 0 (78.39080459770115, 0.864367816091954, 0.32170494208546)
-t 3 -c 419.4304 -g 0.03333 -r 0 (76.8735632183908, 0.9250574712643678, 0.28792350535238814)
-t 3 -c 1677.7216 -g 0.03333 -r 0 (78.62068965517241, 0.8551724137931035, 0.3272416520947566)
-t 3 -c 0.0001 -g 0.06667 -r 0 (52.0, 1.92, nan)
-t 3 -c 0.0004 -g 0.06667 -r 0 (52.0, 1.92, nan)
-t 3 -c 0.0016 -g 0.06667 -r 0 (52.0, 1.92, nan)
-t 3 -c 0.0064 -g 0.06667 -r 0 (52.04597701149425, 1.9181609195402298, 0.0004983134007973014)
-t 3 -c 0.0256 -g 0.06667 -r 0 (83.77011494252874, 0.6491954022988505, 0.4581489358573323)
-t 3 -c 0.1024 -g 0.06667 -r 0 (84.36781609195403, 0.6252873563218391, 0.47416102573817837)
-t 3 -c 0.4096 -g 0.06667 -r 0 (81.70114942528735, 0.7319540229885058, 0.40171987665799547)
-t 3 -c 1.6384 -g 0.06667 -r 0 (76.7816091954023, 0.9287356321839081, 0.2857984744037713)
-t 3 -c 6.5536 -g 0.06667 -r 0 (76.32183908045977, 0.9471264367816092, 0.27613589609568717)
-t 3 -c 26.2144 -g 0.06667 -r 0 (75.58620689655173, 0.976551724137931, 0.26111858837579743)
-t 3 -c 104.8576 -g 0.06667 -r 0 (75.67816091954023, 0.9728735632183908, 0.2630018303144864)
-t 3 -c 419.4304 -g 0.06667 -r 0 (75.54022988505747, 0.9783908045977011, 0.25988284922011545)
-t 3 -c 1677.7216 -g 0.06667 -r 0 (74.98850574712644, 1.0004597701149425, 0.2486124946595504)
-t 3 -c 0.0001 -g 0.13333 -r 0 (52.0, 1.92, nan)
-t 3 -c 0.0004 -g 0.13333 -r 0 (52.0, 1.92, nan)
-t 3 -c 0.0016 -g 0.13333 -r 0 (52.0, 1.92, nan)
-t 3 -c 0.0064 -g 0.13333 -r 0 (77.28735632183908, 0.9085057471264368, 0.3415590426028986)
-t 3 -c 0.0256 -g 0.13333 -r 0 (82.71264367816092, 0.6914942528735633, 0.4309796161785963)
-t 3 -c 0.1024 -g 0.13333 -r 0 (80.55172413793103, 0.7779310344827586, 0.3730485978103688)
-t 3 -c 0.4096 -g 0.13333 -r 0 (75.63218390804597, 0.9747126436781609, 0.26170581192026143)
-t 3 -c 1.6384 -g 0.13333 -r 0 (72.22988505747126, 1.1108045977011494, 0.1967733457831373)
-t 3 -c 6.5536 -g 0.13333 -r 0 (71.95402298850574, 1.1218390804597702, 0.191589199334816)
-t 3 -c 26.2144 -g 0.13333 -r 0 (71.49425287356321, 1.1402298850574712, 0.18354402137884773)
-t 3 -c 104.8576 -g 0.13333 -r 0 (71.9080459770115, 1.1236781609195403, 0.19082532534356705)
-t 3 -c 419.4304 -g 0.13333 -r 0 (71.9080459770115, 1.1236781609195403, 0.19107779953013349)
-t 3 -c 1677.7216 -g 0.13333 -r 0 (71.9080459770115, 1.1236781609195403, 0.19141581167647517)
-t 3 -c 0.0001 -g 0.00208 -r 1 (52.0, 1.92, nan)
-t 3 -c 0.0004 -g 0.00208 -r 1 (52.0, 1.92, nan)
-t 3 -c 0.0016 -g 0.00208 -r 1 (52.0, 1.92, nan)
-t 3 -c 0.0064 -g 0.00208 -r 1 (52.0, 1.92, nan)
-t 3 -c 0.0256 -g 0.00208 -r 1 (52.0, 1.92, nan)
-t 3 -c 0.1024 -g 0.00208 -r 1 (52.0, 1.92, nan)
-t 3 -c 0.4096 -g 0.00208 -r 1 (52.0, 1.92, nan)
-t 3 -c 1.6384 -g 0.00208 -r 1 (83.86206896551724, 0.6455172413793103, 0.46025818411256364)
-t 3 -c 6.5536 -g 0.00208 -r 1 (84.7816091954023, 0.608735632183908, 0.48508718295628495)
-t 3 -c 26.2144 -g 0.00208 -r 1 (83.67816091954023, 0.6528735632183909, 0.45410816469018894)
-t 3 -c 104.8576 -g 0.00208 -r 1 (82.85057471264368, 0.6859770114942528, 0.4309952736479134)
-t 3 -c 419.4304 -g 0.00208 -r 1 (78.71264367816092, 0.8514942528735632, 0.3288436003920367)
-t 3 -c 1677.7216 -g 0.00208 -r 1 (76.6896551724138, 0.9324137931034483, 0.2838764717078609)
-t 3 -c 0.0001 -g 0.00417 -r 1 (52.0, 1.92, nan)
-t 3 -c 0.0004 -g 0.00417 -r 1 (52.0, 1.92, nan)
-t 3 -c 0.0016 -g 0.00417 -r 1 (52.0, 1.92, nan)
-t 3 -c 0.0064 -g 0.00417 -r 1 (52.0, 1.92, nan)
-t 3 -c 0.0256 -g 0.00417 -r 1 (52.0, 1.92, nan)
-t 3 -c 0.1024 -g 0.00417 -r 1 (52.0, 1.92, nan)
-t 3 -c 0.4096 -g 0.00417 -r 1 (80.91954022988506, 0.7632183908045977, 0.4084748248610967)
-t 3 -c 1.6384 -g 0.00417 -r 1 (84.50574712643679, 0.6197701149425288, 0.4790268431982574)
-t 3 -c 6.5536 -g 0.00417 -r 1 (84.27586206896552, 0.6289655172413793, 0.4700777938718054)
-t 3 -c 26.2144 -g 0.00417 -r 1 (81.88505747126437, 0.7245977011494252, 0.40659789879564057)
-t 3 -c 104.8576 -g 0.00417 -r 1 (78.66666666666667, 0.8533333333333334, 0.3277920578228571)
-t 3 -c 419.4304 -g 0.00417 -r 1 (75.2183908045977, 0.991264367816092, 0.25320499743849967)
-t 3 -c 1677.7216 -g 0.00417 -r 1 (74.94252873563218, 1.0022988505747126, 0.24774470750523886)
-t 3 -c 0.0001 -g 0.00833 -r 1 (52.0, 1.92, nan)
-t 3 -c 0.0004 -g 0.00833 -r 1 (52.0, 1.92, nan)
-t 3 -c 0.0016 -g 0.00833 -r 1 (52.0, 1.92, nan)
-t 3 -c 0.0064 -g 0.00833 -r 1 (52.0, 1.92, nan)
-t 3 -c 0.0256 -g 0.00833 -r 1 (52.0, 1.92, nan)
-t 3 -c 0.1024 -g 0.00833 -r 1 (52.0, 1.92, nan)
-t 3 -c 0.4096 -g 0.00833 -r 1 (83.44827586206897, 0.6620689655172414, 0.44966868245037805)
-t 3 -c 1.6384 -g 0.00833 -r 1 (84.0, 0.64, 0.4635953219867766)
-t 3 -c 6.5536 -g 0.00833 -r 1 (82.57471264367815, 0.6970114942528736, 0.4241649881484204)
-t 3 -c 26.2144 -g 0.00833 -r 1 (78.20689655172414, 0.8717241379310345, 0.31716060913522354)
-t 3 -c 104.8576 -g 0.00833 -r 1 (75.63218390804597, 0.9747126436781609, 0.26162254679632646)
-t 3 -c 419.4304 -g 0.00833 -r 1 (74.06896551724138, 1.0372413793103448, 0.2305193773404314)
-t 3 -c 1677.7216 -g 0.00833 -r 1 (72.96551724137932, 1.0813793103448275, 0.20972252517284382)
-t 3 -c 0.0001 -g 0.01667 -r 1 (52.0, 1.92, nan)
-t 3 -c 0.0004 -g 0.01667 -r 1 (52.0, 1.92, nan)
-t 3 -c 0.0016 -g 0.01667 -r 1 (52.0, 1.92, nan)
-t 3 -c 0.0064 -g 0.01667 -r 1 (52.0, 1.92, nan)
-t 3 -c 0.0256 -g 0.01667 -r 1 (52.0, 1.92, nan)
-t 3 -c 0.1024 -g 0.01667 -r 1 (80.73563218390805, 0.7705747126436782, 0.40352905588963545)
-t 3 -c 0.4096 -g 0.01667 -r 1 (83.3103448275862, 0.6675862068965517, 0.44632056144313864)
-t 3 -c 1.6384 -g 0.01667 -r 1 (82.06896551724138, 0.7172413793103448, 0.4109909131537442)
-t 3 -c 6.5536 -g 0.01667 -r 1 (76.0919540229885, 0.9563218390804598, 0.2711586222790875)
-t 3 -c 26.2144 -g 0.01667 -r 1 (73.42528735632185, 1.0629885057471264, 0.21826086659831417)
-t 3 -c 104.8576 -g 0.01667 -r 1 (71.86206896551724, 1.1255172413793104, 0.18999487555673744)
-t 3 -c 419.4304 -g 0.01667 -r 1 (71.3103448275862, 1.1475862068965517, 0.1803779575146731)
-t 3 -c 1677.7216 -g 0.01667 -r 1 (70.39080459770115, 1.184367816091954, 0.16577440035885077)
-t 3 -c 0.0001 -g 0.03333 -r 1 (52.0, 1.92, nan)
-t 3 -c 0.0004 -g 0.03333 -r 1 (52.0, 1.92, nan)
-t 3 -c 0.0016 -g 0.03333 -r 1 (52.0, 1.92, nan)
-t 3 -c 0.0064 -g 0.03333 -r 1 (52.0, 1.92, nan)
-t 3 -c 0.0256 -g 0.03333 -r 1 (52.0, 1.92, nan)
-t 3 -c 0.1024 -g 0.03333 -r 1 (82.4367816091954, 0.7025287356321839, 0.4261200510150443)
-t 3 -c 0.4096 -g 0.03333 -r 1 (80.7816091954023, 0.7687356321839081, 0.3796331232629277)
-t 3 -c 1.6384 -g 0.03333 -r 1 (74.75862068965517, 1.0096551724137932, 0.24401962300898472)
-t 3 -c 6.5536 -g 0.03333 -r 1 (70.29885057471265, 1.1880459770114942, 0.16349798867782978)
-t 3 -c 26.2144 -g 0.03333 -r 1 (68.0919540229885, 1.2763218390804598, 0.12970194886481598)
-t 3 -c 104.8576 -g 0.03333 -r 1 (68.59770114942529, 1.2560919540229885, 0.1369692304357215)
-t 3 -c 419.4304 -g 0.03333 -r 1 (67.816091954023, 1.2873563218390804, 0.1257109417687239)
-t 3 -c 1677.7216 -g 0.03333 -r 1 (69.37931034482759, 1.2248275862068965, 0.14886412402102778)
-t 3 -c 0.0001 -g 0.06667 -r 1 (52.0, 1.92, nan)
-t 3 -c 0.0004 -g 0.06667 -r 1 (52.0, 1.92, nan)
-t 3 -c 0.0016 -g 0.06667 -r 1 (52.0, 1.92, nan)
-t 3 -c 0.0064 -g 0.06667 -r 1 (52.0, 1.92, nan)
-t 3 -c 0.0256 -g 0.06667 -r 1 (80.27586206896552, 0.7889655172413793, 0.3832140440080068)
-t 3 -c 0.1024 -g 0.06667 -r 1 (79.67816091954023, 0.8128735632183908, 0.35631900787789395)
-t 3 -c 0.4096 -g 0.06667 -r 1 (73.65517241379311, 1.053793103448276, 0.22260797725545348)
-t 3 -c 1.6384 -g 0.06667 -r 1 (68.0, 1.28, 0.1282440131129432)
-t 3 -c 6.5536 -g 0.06667 -r 1 (65.5632183908046, 1.3774712643678162, 0.09548308761389258)
-t 3 -c 26.2144 -g 0.06667 -r 1 (64.7816091954023, 1.408735632183908, 0.08610531025274587)
-t 3 -c 104.8576 -g 0.06667 -r 1 (64.04597701149426, 1.4381609195402298, 0.07778193865803291)
-t 3 -c 419.4304 -g 0.06667 -r 1 (64.22988505747126, 1.4308045977011494, 0.07985492722228954)
-t 3 -c 1677.7216 -g 0.06667 -r 1 (65.37931034482759, 1.3848275862068966, 0.09345736871230505)
-t 3 -c 0.0001 -g 0.13333 -r 1 (52.0, 1.92, nan)
-t 3 -c 0.0004 -g 0.13333 -r 1 (52.0, 1.92, nan)
-t 3 -c 0.0016 -g 0.13333 -r 1 (52.0, 1.92, nan)
-t 3 -c 0.0064 -g 0.13333 -r 1 (52.0, 1.92, nan)
-t 3 -c 0.0256 -g 0.13333 -r 1 (77.28735632183908, 0.9085057471264368, 0.31600966574452083)
-t 3 -c 0.1024 -g 0.13333 -r 1 (71.86206896551724, 1.1255172413793104, 0.19035658063246905)
-t 3 -c 0.4096 -g 0.13333 -r 1 (65.01149425287356, 1.3995402298850574, 0.08874210986484356)
-t 3 -c 1.6384 -g 0.13333 -r 1 (62.39080459770115, 1.504367816091954, 0.0604958322388571)
-t 3 -c 6.5536 -g 0.13333 -r 1 (61.747126436781606, 1.5301149425287357, 0.05411450856312542)
-t 3 -c 26.2144 -g 0.13333 -r 1 (61.93103448275862, 1.522758620689655, 0.0560445903223614)
-t 3 -c 104.8576 -g 0.13333 -r 1 (61.839080459770116, 1.5264367816091955, 0.054995226404800875)
-t 3 -c 419.4304 -g 0.13333 -r 1 (61.51724137931034, 1.5393103448275862, 0.05228373472222476)
-t 3 -c 1677.7216 -g 0.13333 -r 1 (60.50574712643678, 1.5797701149425287, 0.04335763719914067)
-t 3 -c 0.0001 -g 0.00208 -r 2 (52.0, 1.92, nan)
-t 3 -c 0.0004 -g 0.00208 -r 2 (52.0, 1.92, nan)
-t 3 -c 0.0016 -g 0.00208 -r 2 (52.0, 1.92, nan)
-t 3 -c 0.0064 -g 0.00208 -r 2 (52.0, 1.92, nan)
-t 3 -c 0.0256 -g 0.00208 -r 2 (52.0, 1.92, nan)
-t 3 -c 0.1024 -g 0.00208 -r 2 (52.0, 1.92, nan)
-t 3 -c 0.4096 -g 0.00208 -r 2 (52.0, 1.92, nan)
-t 3 -c 1.6384 -g 0.00208 -r 2 (52.0, 1.92, nan)
-t 3 -c 6.5536 -g 0.00208 -r 2 (83.95402298850574, 0.6418390804597701, 0.46035866747650267)
-t 3 -c 26.2144 -g 0.00208 -r 2 (84.50574712643679, 0.6197701149425288, 0.47778219702168984)
-t 3 -c 104.8576 -g 0.00208 -r 2 (84.27586206896552, 0.6289655172413793, 0.4700777938718054)
-t 3 -c 419.4304 -g 0.00208 -r 2 (82.75862068965517, 0.6896551724137931, 0.42861945848487204)
-t 3 -c 1677.7216 -g 0.00208 -r 2 (80.13793103448276, 0.7944827586206896, 0.36236401951096486)
-t 3 -c 0.0001 -g 0.00417 -r 2 (52.0, 1.92, nan)
-t 3 -c 0.0004 -g 0.00417 -r 2 (52.0, 1.92, nan)
-t 3 -c 0.0016 -g 0.00417 -r 2 (52.0, 1.92, nan)
-t 3 -c 0.0064 -g 0.00417 -r 2 (52.0, 1.92, nan)
-t 3 -c 0.0256 -g 0.00417 -r 2 (52.0, 1.92, nan)
-t 3 -c 0.1024 -g 0.00417 -r 2 (52.0, 1.92, nan)
-t 3 -c 0.4096 -g 0.00417 -r 2 (52.0, 1.92, nan)
-t 3 -c 1.6384 -g 0.00417 -r 2 (54.48275862068966, 1.8206896551724139, 0.02587449416892513)
-t 3 -c 6.5536 -g 0.00417 -r 2 (84.0919540229885, 0.6363218390804598, 0.46671451286553534)
-t 3 -c 26.2144 -g 0.00417 -r 2 (84.73563218390805, 0.6105747126436781, 0.4829497942696276)
-t 3 -c 104.8576 -g 0.00417 -r 2 (82.98850574712644, 0.6804597701149425, 0.4347797667465151)
-t 3 -c 419.4304 -g 0.00417 -r 2 (79.72413793103448, 0.8110344827586207, 0.3525017602534765)
-t 3 -c 1677.7216 -g 0.00417 -r 2 (76.36781609195403, 0.9452873563218391, 0.27757011090344424)
-t 3 -c 0.0001 -g 0.00833 -r 2 (52.0, 1.92, nan)
-t 3 -c 0.0004 -g 0.00833 -r 2 (52.0, 1.92, nan)
-t 3 -c 0.0016 -g 0.00833 -r 2 (52.0, 1.92, nan)
-t 3 -c 0.0064 -g 0.00833 -r 2 (52.0, 1.92, nan)
-t 3 -c 0.0256 -g 0.00833 -r 2 (52.0, 1.92, nan)
-t 3 -c 0.1024 -g 0.00833 -r 2 (52.0, 1.92, nan)
-t 3 -c 0.4096 -g 0.00833 -r 2 (52.0, 1.92, nan)
-t 3 -c 1.6384 -g 0.00833 -r 2 (83.54022988505747, 0.6583908045977012, 0.44938271604938274)
-t 3 -c 6.5536 -g 0.00833 -r 2 (83.816091954023, 0.6473563218390804, 0.4591995074153367)
-t 3 -c 26.2144 -g 0.00833 -r 2 (82.52873563218391, 0.6988505747126437, 0.42282396500524827)
-t 3 -c 104.8576 -g 0.00833 -r 2 (77.88505747126437, 0.8845977011494253, 0.3099281114478245)
-t 3 -c 419.4304 -g 0.00833 -r 2 (75.49425287356321, 0.9802298850574712, 0.2588071215331533)
-t 3 -c 1677.7216 -g 0.00833 -r 2 (72.55172413793103, 1.0979310344827586, 0.20229063310367154)
-t 3 -c 0.0001 -g 0.01667 -r 2 (52.0, 1.92, nan)
-t 3 -c 0.0004 -g 0.01667 -r 2 (52.0, 1.92, nan)
-t 3 -c 0.0016 -g 0.01667 -r 2 (52.0, 1.92, nan)
-t 3 -c 0.0064 -g 0.01667 -r 2 (52.0, 1.92, nan)
-t 3 -c 0.0256 -g 0.01667 -r 2 (52.0, 1.92, nan)
-t 3 -c 0.1024 -g 0.01667 -r 2 (52.0, 1.92, nan)
-t 3 -c 0.4096 -g 0.01667 -r 2 (54.252873563218394, 1.8298850574712644, 0.02327318752060452)
-t 3 -c 1.6384 -g 0.01667 -r 2 (83.2183908045977, 0.671264367816092, 0.44400777751565285)
-t 3 -c 6.5536 -g 0.01667 -r 2 (82.16091954022988, 0.7135632183908046, 0.41347301300401873)
-t 3 -c 26.2144 -g 0.01667 -r 2 (76.04597701149426, 0.9581609195402299, 0.27018970455633295)
-t 3 -c 104.8576 -g 0.01667 -r 2 (72.27586206896552, 1.1089655172413793, 0.19720135411356401)
-t 3 -c 419.4304 -g 0.01667 -r 2 (70.52873563218391, 1.1788505747126437, 0.16758921197060048)
-t 3 -c 1677.7216 -g 0.01667 -r 2 (70.52873563218391, 1.1788505747126437, 0.16726518839307358)
-t 3 -c 0.0001 -g 0.03333 -r 2 (52.0, 1.92, nan)
-t 3 -c 0.0004 -g 0.03333 -r 2 (52.0, 1.92, nan)
-t 3 -c 0.0016 -g 0.03333 -r 2 (52.0, 1.92, nan)
-t 3 -c 0.0064 -g 0.03333 -r 2 (52.0, 1.92, nan)
-t 3 -c 0.0256 -g 0.03333 -r 2 (52.0, 1.92, nan)
-t 3 -c 0.1024 -g 0.03333 -r 2 (52.0, 1.92, nan)
-t 3 -c 0.4096 -g 0.03333 -r 2 (81.88505747126437, 0.7245977011494252, 0.409787979380813)
-t 3 -c 1.6384 -g 0.03333 -r 2 (80.41379310344827, 0.783448275862069, 0.3722535012563327)
-t 3 -c 6.5536 -g 0.03333 -r 2 (74.48275862068965, 1.0206896551724138, 0.2385717119759673)
-t 3 -c 26.2144 -g 0.03333 -r 2 (70.11494252873563, 1.1954022988505748, 0.16051334700006473)
-t 3 -c 104.8576 -g 0.03333 -r 2 (68.27586206896552, 1.2689655172413794, 0.13221510750909823)
-t 3 -c 419.4304 -g 0.03333 -r 2 (67.44827586206897, 1.3020689655172413, 0.120369598245494)
-t 3 -c 1677.7216 -g 0.03333 -r 2 (67.26436781609195, 1.309425287356322, 0.11790640445321682)
-t 3 -c 0.0001 -g 0.06667 -r 2 (52.0, 1.92, nan)
-t 3 -c 0.0004 -g 0.06667 -r 2 (52.0, 1.92, nan)
-t 3 -c 0.0016 -g 0.06667 -r 2 (52.0, 1.92, nan)
-t 3 -c 0.0064 -g 0.06667 -r 2 (52.0, 1.92, nan)
-t 3 -c 0.0256 -g 0.06667 -r 2 (52.0, 1.92, nan)
-t 3 -c 0.1024 -g 0.06667 -r 2 (56.229885057471265, 1.7508045977011495, 0.03974725112586141)
-t 3 -c 0.4096 -g 0.06667 -r 2 (78.71264367816092, 0.8514942528735632, 0.33946942001284097)
-t 3 -c 1.6384 -g 0.06667 -r 2 (72.27586206896552, 1.1089655172413793, 0.1975147547954634)
-t 3 -c 6.5536 -g 0.06667 -r 2 (65.60919540229885, 1.3756321839080459, 0.09621884664259132)
-t 3 -c 26.2144 -g 0.06667 -r 2 (63.12643678160919, 1.4749425287356321, 0.06780696154633702)
-t 3 -c 104.8576 -g 0.06667 -r 2 (62.666666666666664, 1.4933333333333334, 0.0628642633271305)
-t 3 -c 419.4304 -g 0.06667 -r 2 (62.666666666666664, 1.4933333333333334, 0.0629185998783003)
-t 3 -c 1677.7216 -g 0.06667 -r 2 (62.94252873563219, 1.4822988505747126, 0.0657931691686966)
-t 3 -c 0.0001 -g 0.13333 -r 2 (52.0, 1.92, nan)
-t 3 -c 0.0004 -g 0.13333 -r 2 (52.0, 1.92, nan)
-t 3 -c 0.0016 -g 0.13333 -r 2 (52.0, 1.92, nan)
-t 3 -c 0.0064 -g 0.13333 -r 2 (52.0, 1.92, nan)
-t 3 -c 0.0256 -g 0.13333 -r 2 (52.0, 1.92, nan)
-t 3 -c 0.1024 -g 0.13333 -r 2 (73.88505747126437, 1.0445977011494252, 0.24547759932375318)
-t 3 -c 0.4096 -g 0.13333 -r 2 (66.71264367816092, 1.3314942528735632, 0.1121732316630866)
-t 3 -c 1.6384 -g 0.13333 -r 2 (61.05747126436781, 1.5577011494252873, 0.047926186512103085)
-t 3 -c 6.5536 -g 0.13333 -r 2 (58.57471264367816, 1.6570114942528735, 0.028605745250405573)
-t 3 -c 26.2144 -g 0.13333 -r 2 (58.06896551724138, 1.677241379310345, 0.025155816617689113)
-t 3 -c 104.8576 -g 0.13333 -r 2 (59.264367816091955, 1.6294252873563217, 0.03348860577598795)
-t 3 -c 419.4304 -g 0.13333 -r 2 (57.97701149425287, 1.680919540229885, 0.024716519192361626)
-t 3 -c 1677.7216 -g 0.13333 -r 2 (58.666666666666664, 1.6533333333333333, 0.029117664818203104)
