-t 2 -c 0.0001 -g 0.00208 -r 0 (52.0, 1.92, nan)
-t 2 -c 0.0004 -g 0.00208 -r 0 (52.0, 1.92, nan)
-t 2 -c 0.0016 -g 0.00208 -r 0 (52.0, 1.92, nan)
-t 2 -c 0.0064 -g 0.00208 -r 0 (52.0, 1.92, nan)
-t 2 -c 0.0256 -g 0.00208 -r 0 (52.0, 1.92, nan)
-t 2 -c 0.1024 -g 0.00208 -r 0 (80.6896551724138, 0.7724137931034483, 0.40468465846776064)
-t 2 -c 0.4096 -g 0.00208 -r 0 (85.65517241379311, 0.5737931034482758, 0.5107329702400125)
-t 2 -c 1.6384 -g 0.00208 -r 0 (85.74712643678161, 0.5701149425287356, 0.5120963676749413)
-t 2 -c 6.5536 -g 0.00208 -r 0 (87.40229885057471, 0.5039080459770114, 0.5608478879013474)
-t 2 -c 26.2144 -g 0.00208 -r 0 (89.83908045977012, 0.4064367816091954, 0.636624846731576)
-t 2 -c 104.8576 -g 0.00208 -r 0 (89.14942528735632, 0.4340229885057471, 0.6134588128704105)
-t 2 -c 419.4304 -g 0.00208 -r 0 (89.14942528735632, 0.4340229885057471, 0.6132841788685417)
-t 2 -c 1677.7216 -g 0.00208 -r 0 (89.14942528735632, 0.4340229885057471, 0.6132841788685417)
-t 2 -c 0.0001 -g 0.00417 -r 0 (52.0, 1.92, nan)
-t 2 -c 0.0004 -g 0.00417 -r 0 (52.0, 1.92, nan)
-t 2 -c 0.0016 -g 0.00417 -r 0 (52.0, 1.92, nan)
-t 2 -c 0.0064 -g 0.00417 -r 0 (52.0, 1.92, nan)
-t 2 -c 0.0256 -g 0.00417 -r 0 (52.0, 1.92, nan)
-t 2 -c 0.1024 -g 0.00417 -r 0 (85.10344827586206, 0.5958620689655172, 0.4924757994463088)
-t 2 -c 0.4096 -g 0.00417 -r 0 (86.98850574712644, 0.5204597701149425, 0.55015080499411)
-t 2 -c 1.6384 -g 0.00417 -r 0 (88.0919540229885, 0.4763218390804598, 0.5823175946753436)
-t 2 -c 6.5536 -g 0.00417 -r 0 (89.93103448275862, 0.4027586206896552, 0.6394250419025781)
-t 2 -c 26.2144 -g 0.00417 -r 0 (89.47126436781609, 0.4211494252873563, 0.6237347838640009)
-t 2 -c 104.8576 -g 0.00417 -r 0 (89.51724137931035, 0.4193103448275862, 0.6249563821926936)
-t 2 -c 419.4304 -g 0.00417 -r 0 (89.51724137931035, 0.4193103448275862, 0.6249563821926936)
-t 2 -c 1677.7216 -g 0.00417 -r 0 (89.51724137931035, 0.4193103448275862, 0.6249563821926936)
-t 2 -c 0.0001 -g 0.00833 -r 0 (52.0, 1.92, nan)
-t 2 -c 0.0004 -g 0.00833 -r 0 (52.0, 1.92, nan)
-t 2 -c 0.0016 -g 0.00833 -r 0 (52.0, 1.92, nan)
-t 2 -c 0.0064 -g 0.00833 -r 0 (52.0, 1.92, nan)
-t 2 -c 0.0256 -g 0.00833 -r 0 (52.0, 1.92, nan)
-t 2 -c 0.1024 -g 0.00833 -r 0 (86.52873563218391, 0.5388505747126436, 0.5329963930160715)
-t 2 -c 0.4096 -g 0.00833 -r 0 (88.04597701149426, 0.4781609195402299, 0.5817585562247791)
-t 2 -c 1.6384 -g 0.00833 -r 0 (89.65517241379311, 0.41379310344827586, 0.630763850057708)
-t 2 -c 6.5536 -g 0.00833 -r 0 (89.83908045977012, 0.4064367816091954, 0.6358491189669909)
-t 2 -c 26.2144 -g 0.00833 -r 0 (89.60919540229885, 0.41563218390804596, 0.6280545863824937)
-t 2 -c 104.8576 -g 0.00833 -r 0 (89.60919540229885, 0.41563218390804596, 0.6280545863824937)
-t 2 -c 419.4304 -g 0.00833 -r 0 (89.60919540229885, 0.41563218390804596, 0.6280545863824937)
-t 2 -c 1677.7216 -g 0.00833 -r 0 (89.60919540229885, 0.41563218390804596, 0.6280545863824937)
-t 2 -c 0.0001 -g 0.01667 -r 0 (52.0, 1.92, nan)
-t 2 -c 0.0004 -g 0.01667 -r 0 (52.0, 1.92, nan)
-t 2 -c 0.0016 -g 0.01667 -r 0 (52.0, 1.92, nan)
-t 2 -c 0.0064 -g 0.01667 -r 0 (52.0, 1.92, nan)
-t 2 -c 0.0256 -g 0.01667 -r 0 (52.0, 1.92, nan)
-t 2 -c 0.1024 -g 0.01667 -r 0 (82.62068965517241, 0.6951724137931035, 0.4398767809841337)
-t 2 -c 0.4096 -g 0.01667 -r 0 (88.6896551724138, 0.45241379310344826, 0.5988730613630178)
-t 2 -c 1.6384 -g 0.01667 -r 0 (90.52873563218391, 0.37885057471264366, 0.6573795757118182)
-t 2 -c 6.5536 -g 0.01667 -r 0 (90.34482758620689, 0.38620689655172413, 0.6513365648308427)
-t 2 -c 26.2144 -g 0.01667 -r 0 (90.34482758620689, 0.38620689655172413, 0.6513365648308427)
-t 2 -c 104.8576 -g 0.01667 -r 0 (90.34482758620689, 0.38620689655172413, 0.6513365648308427)
-t 2 -c 419.4304 -g 0.01667 -r 0 (90.34482758620689, 0.38620689655172413, 0.6513365648308427)
-t 2 -c 1677.7216 -g 0.01667 -r 0 (90.34482758620689, 0.38620689655172413, 0.6513365648308427)
-t 2 -c 0.0001 -g 0.03333 -r 0 (52.0, 1.92, nan)
-t 2 -c 0.0004 -g 0.03333 -r 0 (52.0, 1.92, nan)
-t 2 -c 0.0016 -g 0.03333 -r 0 (52.0, 1.92, nan)
-t 2 -c 0.0064 -g 0.03333 -r 0 (52.0, 1.92, nan)
-t 2 -c 0.0256 -g 0.03333 -r 0 (52.0, 1.92, nan)
-t 2 -c 0.1024 -g 0.03333 -r 0 (52.04597701149425, 1.9181609195402298, 0.0004983134007973014)
-t 2 -c 0.4096 -g 0.03333 -r 0 (81.83908045977012, 0.7264367816091954, 0.4318532746695945)
-t 2 -c 1.6384 -g 0.03333 -r 0 (87.9080459770115, 0.48367816091954025, 0.5769153742718244)
-t 2 -c 6.5536 -g 0.03333 -r 0 (87.9080459770115, 0.48367816091954025, 0.5769153742718244)
-t 2 -c 26.2144 -g 0.03333 -r 0 (87.9080459770115, 0.48367816091954025, 0.5769153742718244)
-t 2 -c 104.8576 -g 0.03333 -r 0 (87.9080459770115, 0.48367816091954025, 0.5769153742718244)
-t 2 -c 419.4304 -g 0.03333 -r 0 (87.9080459770115, 0.48367816091954025, 0.5769153742718244)
-t 2 -c 1677.7216 -g 0.03333 -r 0 (87.9080459770115, 0.48367816091954025, 0.5769153742718244)
-t 2 -c 0.0001 -g 0.06667 -r 0 (52.0, 1.92, nan)
-t 2 -c 0.0004 -g 0.06667 -r 0 (52.0, 1.92, nan)
-t 2 -c 0.0016 -g 0.06667 -r 0 (52.0, 1.92, nan)
-t 2 -c 0.0064 -g 0.06667 -r 0 (52.0, 1.92, nan)
-t 2 -c 0.0256 -g 0.06667 -r 0 (52.0, 1.92, nan)
-t 2 -c 0.1024 -g 0.06667 -r 0 (52.0, 1.92, nan)
-t 2 -c 0.4096 -g 0.06667 -r 0 (53.93103448275862, 1.8427586206896551, 0.0213314580403188)
-t 2 -c 1.6384 -g 0.06667 -r 0 (73.5632183908046, 1.0574712643678161, 0.27761590261590263)
-t 2 -c 6.5536 -g 0.06667 -r 0 (73.5632183908046, 1.0574712643678161, 0.27761590261590263)
-t 2 -c 26.2144 -g 0.06667 -r 0 (73.5632183908046, 1.0574712643678161, 0.27761590261590263)
-t 2 -c 104.8576 -g 0.06667 -r 0 (73.5632183908046, 1.0574712643678161, 0.27761590261590263)
-t 2 -c 419.4304 -g 0.06667 -r 0 (73.5632183908046, 1.0574712643678161, 0.27761590261590263)
-t 2 -c 1677.7216 -g 0.06667 -r 0 (73.5632183908046, 1.0574712643678161, 0.27761590261590263)
-t 2 -c 0.0001 -g 0.13333 -r 0 (52.0, 1.92, nan)
-t 2 -c 0.0004 -g 0.13333 -r 0 (52.0, 1.92, nan)
-t 2 -c 0.0016 -g 0.13333 -r 0 (52.0, 1.92, nan)
-t 2 -c 0.0064 -g 0.13333 -r 0 (52.0, 1.92, nan)
-t 2 -c 0.0256 -g 0.13333 -r 0 (52.0, 1.92, nan)
-t 2 -c 0.1024 -g 0.13333 -r 0 (52.0, 1.92, nan)
-t 2 -c 0.4096 -g 0.13333 -r 0 (53.47126436781609, 1.8611494252873564, 0.0161766993311557)
-t 2 -c 1.6384 -g 0.13333 -r 0 (61.51724137931034, 1.5393103448275862, 0.11394817073170732)
-t 2 -c 6.5536 -g 0.13333 -r 0 (61.51724137931034, 1.5393103448275862, 0.11394817073170732)
-t 2 -c 26.2144 -g 0.13333 -r 0 (61.51724137931034, 1.5393103448275862, 0.11394817073170732)
-t 2 -c 104.8576 -g 0.13333 -r 0 (61.51724137931034, 1.5393103448275862, 0.11394817073170732)
-t 2 -c 419.4304 -g 0.13333 -r 0 (61.51724137931034, 1.5393103448275862, 0.11394817073170732)
-t 2 -c 1677.7216 -g 0.13333 -r 0 (61.51724137931034, 1.5393103448275862, 0.11394817073170732)
-t 2 -c 0.0001 -g 0.00208 -r 1 (52.0, 1.92, nan)
-t 2 -c 0.0004 -g 0.00208 -r 1 (52.0, 1.92, nan)
-t 2 -c 0.0016 -g 0.00208 -r 1 (52.0, 1.92, nan)
-t 2 -c 0.0064 -g 0.00208 -r 1 (52.0, 1.92, nan)
-t 2 -c 0.0256 -g 0.00208 -r 1 (52.0, 1.92, nan)
-t 2 -c 0.1024 -g 0.00208 -r 1 (80.6896551724138, 0.7724137931034483, 0.40468465846776064)
-t 2 -c 0.4096 -g 0.00208 -r 1 (85.65517241379311, 0.5737931034482758, 0.5107329702400125)
-t 2 -c 1.6384 -g 0.00208 -r 1 (85.74712643678161, 0.5701149425287356, 0.5120963676749413)
-t 2 -c 6.5536 -g 0.00208 -r 1 (87.40229885057471, 0.5039080459770114, 0.5608478879013474)
-t 2 -c 26.2144 -g 0.00208 -r 1 (89.83908045977012, 0.4064367816091954, 0.636624846731576)
-t 2 -c 104.8576 -g 0.00208 -r 1 (89.14942528735632, 0.4340229885057471, 0.6134588128704105)
-t 2 -c 419.4304 -g 0.00208 -r 1 (89.14942528735632, 0.4340229885057471, 0.6132841788685417)
-t 2 -c 1677.7216 -g 0.00208 -r 1 (89.14942528735632, 0.4340229885057471, 0.6132841788685417)
-t 2 -c 0.0001 -g 0.00417 -r 1 (52.0, 1.92, nan)
-t 2 -c 0.0004 -g 0.00417 -r 1 (52.0, 1.92, nan)
-t 2 -c 0.0016 -g 0.00417 -r 1 (52.0, 1.92, nan)
-t 2 -c 0.0064 -g 0.00417 -r 1 (52.0, 1.92, nan)
-t 2 -c 0.0256 -g 0.00417 -r 1 (52.0, 1.92, nan)
-t 2 -c 0.1024 -g 0.00417 -r 1 (85.10344827586206, 0.5958620689655172, 0.4924757994463088)
-t 2 -c 0.4096 -g 0.00417 -r 1 (86.98850574712644, 0.5204597701149425, 0.55015080499411)
-t 2 -c 1.6384 -g 0.00417 -r 1 (88.0919540229885, 0.4763218390804598, 0.5823175946753436)
-t 2 -c 6.5536 -g 0.00417 -r 1 (89.93103448275862, 0.4027586206896552, 0.6394250419025781)
-t 2 -c 26.2144 -g 0.00417 -r 1 (89.47126436781609, 0.4211494252873563, 0.6237347838640009)
-t 2 -c 104.8576 -g 0.00417 -r 1 (89.51724137931035, 0.4193103448275862, 0.6249563821926936)
-t 2 -c 419.4304 -g 0.00417 -r 1 (89.51724137931035, 0.4193103448275862, 0.6249563821926936)
-t 2 -c 1677.7216 -g 0.00417 -r 1 (89.51724137931035, 0.4193103448275862, 0.6249563821926936)
-t 2 -c 0.0001 -g 0.00833 -r 1 (52.0, 1.92, nan)
-t 2 -c 0.0004 -g 0.00833 -r 1 (52.0, 1.92, nan)
-t 2 -c 0.0016 -g 0.00833 -r 1 (52.0, 1.92, nan)
-t 2 -c 0.0064 -g 0.00833 -r 1 (52.0, 1.92, nan)
-t 2 -c 0.0256 -g 0.00833 -r 1 (52.0, 1.92, nan)
-t 2 -c 0.1024 -g 0.00833 -r 1 (86.52873563218391, 0.5388505747126436, 0.5329963930160715)
-t 2 -c 0.4096 -g 0.00833 -r 1 (88.04597701149426, 0.4781609195402299, 0.5817585562247791)
-t 2 -c 1.6384 -g 0.00833 -r 1 (89.65517241379311, 0.41379310344827586, 0.630763850057708)
-t 2 -c 6.5536 -g 0.00833 -r 1 (89.83908045977012, 0.4064367816091954, 0.6358491189669909)
-t 2 -c 26.2144 -g 0.00833 -r 1 (89.60919540229885, 0.41563218390804596, 0.6280545863824937)
-t 2 -c 104.8576 -g 0.00833 -r 1 (89.60919540229885, 0.41563218390804596, 0.6280545863824937)
-t 2 -c 419.4304 -g 0.00833 -r 1 (89.60919540229885, 0.41563218390804596, 0.6280545863824937)
-t 2 -c 1677.7216 -g 0.00833 -r 1 (89.60919540229885, 0.41563218390804596, 0.6280545863824937)
-t 2 -c 0.0001 -g 0.01667 -r 1 (52.0, 1.92, nan)
-t 2 -c 0.0004 -g 0.01667 -r 1 (52.0, 1.92, nan)
-t 2 -c 0.0016 -g 0.01667 -r 1 (52.0, 1.92, nan)
-t 2 -c 0.0064 -g 0.01667 -r 1 (52.0, 1.92, nan)
-t 2 -c 0.0256 -g 0.01667 -r 1 (52.0, 1.92, nan)
-t 2 -c 0.1024 -g 0.01667 -r 1 (82.62068965517241, 0.6951724137931035, 0.4398767809841337)
-t 2 -c 0.4096 -g 0.01667 -r 1 (88.6896551724138, 0.45241379310344826, 0.5988730613630178)
-t 2 -c 1.6384 -g 0.01667 -r 1 (90.52873563218391, 0.37885057471264366, 0.6573795757118182)
-t 2 -c 6.5536 -g 0.01667 -r 1 (90.34482758620689, 0.38620689655172413, 0.6513365648308427)
-t 2 -c 26.2144 -g 0.01667 -r 1 (90.34482758620689, 0.38620689655172413, 0.6513365648308427)
-t 2 -c 104.8576 -g 0.01667 -r 1 (90.34482758620689, 0.38620689655172413, 0.6513365648308427)
-t 2 -c 419.4304 -g 0.01667 -r 1 (90.34482758620689, 0.38620689655172413, 0.6513365648308427)
-t 2 -c 1677.7216 -g 0.01667 -r 1 (90.34482758620689, 0.38620689655172413, 0.6513365648308427)
-t 2 -c 0.0001 -g 0.03333 -r 1 (52.0, 1.92, nan)
-t 2 -c 0.0004 -g 0.03333 -r 1 (52.0, 1.92, nan)
-t 2 -c 0.0016 -g 0.03333 -r 1 (52.0, 1.92, nan)
-t 2 -c 0.0064 -g 0.03333 -r 1 (52.0, 1.92, nan)
-t 2 -c 0.0256 -g 0.03333 -r 1 (52.0, 1.92, nan)
-t 2 -c 0.1024 -g 0.03333 -r 1 (52.04597701149425, 1.9181609195402298, 0.0004983134007973014)
-t 2 -c 0.4096 -g 0.03333 -r 1 (81.83908045977012, 0.7264367816091954, 0.4318532746695945)
-t 2 -c 1.6384 -g 0.03333 -r 1 (87.9080459770115, 0.48367816091954025, 0.5769153742718244)
-t 2 -c 6.5536 -g 0.03333 -r 1 (87.9080459770115, 0.48367816091954025, 0.5769153742718244)
-t 2 -c 26.2144 -g 0.03333 -r 1 (87.9080459770115, 0.48367816091954025, 0.5769153742718244)
-t 2 -c 104.8576 -g 0.03333 -r 1 (87.9080459770115, 0.48367816091954025, 0.5769153742718244)
-t 2 -c 419.4304 -g 0.03333 -r 1 (87.9080459770115, 0.48367816091954025, 0.5769153742718244)
-t 2 -c 1677.7216 -g 0.03333 -r 1 (87.9080459770115, 0.48367816091954025, 0.5769153742718244)
-t 2 -c 0.0001 -g 0.06667 -r 1 (52.0, 1.92, nan)
-t 2 -c 0.0004 -g 0.06667 -r 1 (52.0, 1.92, nan)
-t 2 -c 0.0016 -g 0.06667 -r 1 (52.0, 1.92, nan)
-t 2 -c 0.0064 -g 0.06667 -r 1 (52.0, 1.92, nan)
-t 2 -c 0.0256 -g 0.06667 -r 1 (52.0, 1.92, nan)
-t 2 -c 0.1024 -g 0.06667 -r 1 (52.0, 1.92, nan)
-t 2 -c 0.4096 -g 0.06667 -r 1 (53.93103448275862, 1.8427586206896551, 0.0213314580403188)
-t 2 -c 1.6384 -g 0.06667 -r 1 (73.5632183908046, 1.0574712643678161, 0.27761590261590263)
-t 2 -c 6.5536 -g 0.06667 -r 1 (73.5632183908046, 1.0574712643678161, 0.27761590261590263)
-t 2 -c 26.2144 -g 0.06667 -r 1 (73.5632183908046, 1.0574712643678161, 0.27761590261590263)
-t 2 -c 104.8576 -g 0.06667 -r 1 (73.5632183908046, 1.0574712643678161, 0.27761590261590263)
-t 2 -c 419.4304 -g 0.06667 -r 1 (73.5632183908046, 1.0574712643678161, 0.27761590261590263)
-t 2 -c 1677.7216 -g 0.06667 -r 1 (73.5632183908046, 1.0574712643678161, 0.27761590261590263)
-t 2 -c 0.0001 -g 0.13333 -r 1 (52.0, 1.92, nan)
-t 2 -c 0.0004 -g 0.13333 -r 1 (52.0, 1.92, nan)
-t 2 -c 0.0016 -g 0.13333 -r 1 (52.0, 1.92, nan)
-t 2 -c 0.0064 -g 0.13333 -r 1 (52.0, 1.92, nan)
-t 2 -c 0.0256 -g 0.13333 -r 1 (52.0, 1.92, nan)
-t 2 -c 0.1024 -g 0.13333 -r 1 (52.0, 1.92, nan)
-t 2 -c 0.4096 -g 0.13333 -r 1 (53.47126436781609, 1.8611494252873564, 0.0161766993311557)
-t 2 -c 1.6384 -g 0.13333 -r 1 (61.51724137931034, 1.5393103448275862, 0.11394817073170732)
-t 2 -c 6.5536 -g 0.13333 -r 1 (61.51724137931034, 1.5393103448275862, 0.11394817073170732)
-t 2 -c 26.2144 -g 0.13333 -r 1 (61.51724137931034, 1.5393103448275862, 0.11394817073170732)
-t 2 -c 104.8576 -g 0.13333 -r 1 (61.51724137931034, 1.5393103448275862, 0.11394817073170732)
-t 2 -c 419.4304 -g 0.13333 -r 1 (61.51724137931034, 1.5393103448275862, 0.11394817073170732)
-t 2 -c 1677.7216 -g 0.13333 -r 1 (61.51724137931034, 1.5393103448275862, 0.11394817073170732)
-t 2 -c 0.0001 -g 0.00208 -r 2 (52.0, 1.92, nan)
-t 2 -c 0.0004 -g 0.00208 -r 2 (52.0, 1.92, nan)
-t 2 -c 0.0016 -g 0.00208 -r 2 (52.0, 1.92, nan)
-t 2 -c 0.0064 -g 0.00208 -r 2 (52.0, 1.92, nan)
-t 2 -c 0.0256 -g 0.00208 -r 2 (52.0, 1.92, nan)
-t 2 -c 0.1024 -g 0.00208 -r 2 (80.6896551724138, 0.7724137931034483, 0.40468465846776064)
-t 2 -c 0.4096 -g 0.00208 -r 2 (85.65517241379311, 0.5737931034482758, 0.5107329702400125)
-t 2 -c 1.6384 -g 0.00208 -r 2 (85.74712643678161, 0.5701149425287356, 0.5120963676749413)
-t 2 -c 6.5536 -g 0.00208 -r 2 (87.40229885057471, 0.5039080459770114, 0.5608478879013474)
-t 2 -c 26.2144 -g 0.00208 -r 2 (89.83908045977012, 0.4064367816091954, 0.636624846731576)
-t 2 -c 104.8576 -g 0.00208 -r 2 (89.14942528735632, 0.4340229885057471, 0.6134588128704105)
-t 2 -c 419.4304 -g 0.00208 -r 2 (89.14942528735632, 0.4340229885057471, 0.6132841788685417)
-t 2 -c 1677.7216 -g 0.00208 -r 2 (89.14942528735632, 0.4340229885057471, 0.6132841788685417)
-t 2 -c 0.0001 -g 0.00417 -r 2 (52.0, 1.92, nan)
-t 2 -c 0.0004 -g 0.00417 -r 2 (52.0, 1.92, nan)
-t 2 -c 0.0016 -g 0.00417 -r 2 (52.0, 1.92, nan)
-t 2 -c 0.0064 -g 0.00417 -r 2 (52.0, 1.92, nan)
-t 2 -c 0.0256 -g 0.00417 -r 2 (52.0, 1.92, nan)
-t 2 -c 0.1024 -g 0.00417 -r 2 (85.10344827586206, 0.5958620689655172, 0.4924757994463088)
-t 2 -c 0.4096 -g 0.00417 -r 2 (86.98850574712644, 0.5204597701149425, 0.55015080499411)
-t 2 -c 1.6384 -g 0.00417 -r 2 (88.0919540229885, 0.4763218390804598, 0.5823175946753436)
-t 2 -c 6.5536 -g 0.00417 -r 2 (89.93103448275862, 0.4027586206896552, 0.6394250419025781)
-t 2 -c 26.2144 -g 0.00417 -r 2 (89.47126436781609, 0.4211494252873563, 0.6237347838640009)
-t 2 -c 104.8576 -g 0.00417 -r 2 (89.51724137931035, 0.4193103448275862, 0.6249563821926936)
-t 2 -c 419.4304 -g 0.00417 -r 2 (89.51724137931035, 0.4193103448275862, 0.6249563821926936)
-t 2 -c 1677.7216 -g 0.00417 -r 2 (89.51724137931035, 0.4193103448275862, 0.6249563821926936)
-t 2 -c 0.0001 -g 0.00833 -r 2 (52.0, 1.92, nan)
-t 2 -c 0.0004 -g 0.00833 -r 2 (52.0, 1.92, nan)
-t 2 -c 0.0016 -g 0.00833 -r 2 (52.0, 1.92, nan)
-t 2 -c 0.0064 -g 0.00833 -r 2 (52.0, 1.92, nan)
-t 2 -c 0.0256 -g 0.00833 -r 2 (52.0, 1.92, nan)
-t 2 -c 0.1024 -g 0.00833 -r 2 (86.52873563218391, 0.5388505747126436, 0.5329963930160715)
-t 2 -c 0.4096 -g 0.00833 -r 2 (88.04597701149426, 0.4781609195402299, 0.5817585562247791)
-t 2 -c 1.6384 -g 0.00833 -r 2 (89.65517241379311, 0.41379310344827586, 0.630763850057708)
-t 2 -c 6.5536 -g 0.00833 -r 2 (89.83908045977012, 0.4064367816091954, 0.6358491189669909)
-t 2 -c 26.2144 -g 0.00833 -r 2 (89.60919540229885, 0.41563218390804596, 0.6280545863824937)
-t 2 -c 104.8576 -g 0.00833 -r 2 (89.60919540229885, 0.41563218390804596, 0.6280545863824937)
-t 2 -c 419.4304 -g 0.00833 -r 2 (89.60919540229885, 0.41563218390804596, 0.6280545863824937)
-t 2 -c 1677.7216 -g 0.00833 -r 2 (89.60919540229885, 0.41563218390804596, 0.6280545863824937)
-t 2 -c 0.0001 -g 0.01667 -r 2 (52.0, 1.92, nan)
-t 2 -c 0.0004 -g 0.01667 -r 2 (52.0, 1.92, nan)
-t 2 -c 0.0016 -g 0.01667 -r 2 (52.0, 1.92, nan)
-t 2 -c 0.0064 -g 0.01667 -r 2 (52.0, 1.92, nan)
-t 2 -c 0.0256 -g 0.01667 -r 2 (52.0, 1.92, nan)
-t 2 -c 0.1024 -g 0.01667 -r 2 (82.62068965517241, 0.6951724137931035, 0.4398767809841337)
-t 2 -c 0.4096 -g 0.01667 -r 2 (88.6896551724138, 0.45241379310344826, 0.5988730613630178)
-t 2 -c 1.6384 -g 0.01667 -r 2 (90.52873563218391, 0.37885057471264366, 0.6573795757118182)
-t 2 -c 6.5536 -g 0.01667 -r 2 (90.34482758620689, 0.38620689655172413, 0.6513365648308427)
-t 2 -c 26.2144 -g 0.01667 -r 2 (90.34482758620689, 0.38620689655172413, 0.6513365648308427)
-t 2 -c 104.8576 -g 0.01667 -r 2 (90.34482758620689, 0.38620689655172413, 0.6513365648308427)
-t 2 -c 419.4304 -g 0.01667 -r 2 (90.34482758620689, 0.38620689655172413, 0.6513365648308427)
-t 2 -c 1677.7216 -g 0.01667 -r 2 (90.34482758620689, 0.38620689655172413, 0.6513365648308427)
-t 2 -c 0.0001 -g 0.03333 -r 2 (52.0, 1.92, nan)
-t 2 -c 0.0004 -g 0.03333 -r 2 (52.0, 1.92, nan)
-t 2 -c 0.0016 -g 0.03333 -r 2 (52.0, 1.92, nan)
-t 2 -c 0.0064 -g 0.03333 -r 2 (52.0, 1.92, nan)
-t 2 -c 0.0256 -g 0.03333 -r 2 (52.0, 1.92, nan)
-t 2 -c 0.1024 -g 0.03333 -r 2 (52.04597701149425, 1.9181609195402298, 0.0004983134007973014)
-t 2 -c 0.4096 -g 0.03333 -r 2 (81.83908045977012, 0.7264367816091954, 0.4318532746695945)
-t 2 -c 1.6384 -g 0.03333 -r 2 (87.9080459770115, 0.48367816091954025, 0.5769153742718244)
-t 2 -c 6.5536 -g 0.03333 -r 2 (87.9080459770115, 0.48367816091954025, 0.5769153742718244)
-t 2 -c 26.2144 -g 0.03333 -r 2 (87.9080459770115, 0.48367816091954025, 0.5769153742718244)
-t 2 -c 104.8576 -g 0.03333 -r 2 (87.9080459770115, 0.48367816091954025, 0.5769153742718244)
-t 2 -c 419.4304 -g 0.03333 -r 2 (87.9080459770115, 0.48367816091954025, 0.5769153742718244)
-t 2 -c 1677.7216 -g 0.03333 -r 2 (87.9080459770115, 0.48367816091954025, 0.5769153742718244)
-t 2 -c 0.0001 -g 0.06667 -r 2 (52.0, 1.92, nan)
-t 2 -c 0.0004 -g 0.06667 -r 2 (52.0, 1.92, nan)
-t 2 -c 0.0016 -g 0.06667 -r 2 (52.0, 1.92, nan)
-t 2 -c 0.0064 -g 0.06667 -r 2 (52.0, 1.92, nan)
-t 2 -c 0.0256 -g 0.06667 -r 2 (52.0, 1.92, nan)
-t 2 -c 0.1024 -g 0.06667 -r 2 (52.0, 1.92, nan)
-t 2 -c 0.4096 -g 0.06667 -r 2 (53.93103448275862, 1.8427586206896551, 0.0213314580403188)
-t 2 -c 1.6384 -g 0.06667 -r 2 (73.5632183908046, 1.0574712643678161, 0.27761590261590263)
-t 2 -c 6.5536 -g 0.06667 -r 2 (73.5632183908046, 1.0574712643678161, 0.27761590261590263)
-t 2 -c 26.2144 -g 0.06667 -r 2 (73.5632183908046, 1.0574712643678161, 0.27761590261590263)
-t 2 -c 104.8576 -g 0.06667 -r 2 (73.5632183908046, 1.0574712643678161, 0.27761590261590263)
-t 2 -c 419.4304 -g 0.06667 -r 2 (73.5632183908046, 1.0574712643678161, 0.27761590261590263)
-t 2 -c 1677.7216 -g 0.06667 -r 2 (73.5632183908046, 1.0574712643678161, 0.27761590261590263)
-t 2 -c 0.0001 -g 0.13333 -r 2 (52.0, 1.92, nan)
-t 2 -c 0.0004 -g 0.13333 -r 2 (52.0, 1.92, nan)
-t 2 -c 0.0016 -g 0.13333 -r 2 (52.0, 1.92, nan)
-t 2 -c 0.0064 -g 0.13333 -r 2 (52.0, 1.92, nan)
-t 2 -c 0.0256 -g 0.13333 -r 2 (52.0, 1.92, nan)
-t 2 -c 0.1024 -g 0.13333 -r 2 (52.0, 1.92, nan)
-t 2 -c 0.4096 -g 0.13333 -r 2 (53.47126436781609, 1.8611494252873564, 0.0161766993311557)
-t 2 -c 1.6384 -g 0.13333 -r 2 (61.51724137931034, 1.5393103448275862, 0.11394817073170732)
-t 2 -c 6.5536 -g 0.13333 -r 2 (61.51724137931034, 1.5393103448275862, 0.11394817073170732)
-t 2 -c 26.2144 -g 0.13333 -r 2 (61.51724137931034, 1.5393103448275862, 0.11394817073170732)
-t 2 -c 104.8576 -g 0.13333 -r 2 (61.51724137931034, 1.5393103448275862, 0.11394817073170732)
-t 2 -c 419.4304 -g 0.13333 -r 2 (61.51724137931034, 1.5393103448275862, 0.11394817073170732)
-t 2 -c 1677.7216 -g 0.13333 -r 2 (61.51724137931034, 1.5393103448275862, 0.11394817073170732)
