-t 3 -c 0.0001 -g 0.00208 -r 0 (52.0, 1.92, nan)
-t 3 -c 0.0004 -g 0.00208 -r 0 (52.0, 1.92, nan)
-t 3 -c 0.0016 -g 0.00208 -r 0 (52.0, 1.92, nan)
-t 3 -c 0.0064 -g 0.00208 -r 0 (52.0, 1.92, nan)
-t 3 -c 0.0256 -g 0.00208 -r 0 (52.0, 1.92, nan)
-t 3 -c 0.1024 -g 0.00208 -r 0 (52.0, 1.92, nan)
-t 3 -c 0.4096 -g 0.00208 -r 0 (83.816091954023, 0.6473563218390804, 0.45807038714706555)
-t 3 -c 1.6384 -g 0.00208 -r 0 (83.49425287356321, 0.6602298850574713, 0.4513999771204865)
-t 3 -c 6.5536 -g 0.00208 -r 0 (80.73563218390805, 0.7705747126436782, 0.3772959307356827)
-t 3 -c 26.2144 -g 0.00208 -r 0 (74.52873563218391, 1.0188505747126437, 0.23976005579556145)
-t 3 -c 104.8576 -g 0.00208 -r 0 (69.83908045977012, 1.2064367816091954, 0.15634601382174718)
-t 3 -c 419.4304 -g 0.00208 -r 0 (68.8735632183908, 1.2450574712643678, 0.14185934812473341)
-t 3 -c 1677.7216 -g 0.00208 -r 0 (68.91954022988506, 1.2432183908045977, 0.14242671129314013)
-t 3 -c 0.0001 -g 0.00417 -r 0 (52.0, 1.92, nan)
-t 3 -c 0.0004 -g 0.00417 -r 0 (52.0, 1.92, nan)
-t 3 -c 0.0016 -g 0.00417 -r 0 (52.0, 1.92, nan)
-t 3 -c 0.0064 -g 0.00417 -r 0 (52.0, 1.92, nan)
-t 3 -c 0.0256 -g 0.00417 -r 0 (52.0, 1.92, nan)
-t 3 -c 0.1024 -g 0.00417 -r 0 (52.0, 1.92, nan)
-t 3 -c 0.4096 -g 0.00417 -r 0 (62.206896551724135, 1.5117241379310344, 0.08985348358818995)
-t 3 -c 1.6384 -g 0.00417 -r 0 (53.10344827586207, 1.8758620689655172, 0.0036021988136962406)
-t 3 -c 6.5536 -g 0.00417 -r 0 (50.666666666666664, 1.9733333333333334, 0.00016601615438824742)
-t 3 -c 26.2144 -g 0.00417 -r 0 (50.52873563218391, 1.9788505747126437, 0.00011239369429747697)
-t 3 -c 104.8576 -g 0.00417 -r 0 (50.3448275862069, 1.986206896551724, 4.995359779080214e-05)
-t 3 -c 419.4304 -g 0.00417 -r 0 (50.3448275862069, 1.986206896551724, 4.891773906275238e-05)
-t 3 -c 1677.7216 -g 0.00417 -r 0 (50.298850574712645, 1.9880459770114942, 3.644562492712501e-05)
-t 3 -c 0.0001 -g 0.00833 -r 0 (52.0, 1.92, nan)
-t 3 -c 0.0004 -g 0.00833 -r 0 (52.0, 1.92, nan)
-t 3 -c 0.0016 -g 0.00833 -r 0 (52.0, 1.92, nan)
-t 3 -c 0.0064 -g 0.00833 -r 0 (52.0, 1.92, nan)
-t 3 -c 0.0256 -g 0.00833 -r 0 (52.0, 1.92, nan)
-t 3 -c 0.1024 -g 0.00833 -r 0 (52.0, 1.92, nan)
-t 3 -c 0.4096 -g 0.00833 -r 0 (51.9080459770115, 1.9236781609195401, 0.0008495875960210981)
-t 3 -c 1.6384 -g 0.00833 -r 0 (51.770114942528735, 1.9291954022988507, 1.0316908608490445e-07)
-t 3 -c 6.5536 -g 0.00833 -r 0 (46.666666666666664, 2.1333333333333333, 0.004807828337240102)
-t 3 -c 26.2144 -g 0.00833 -r 0 (45.747126436781606, 2.170114942528736, 0.00728106403970963)
-t 3 -c 104.8576 -g 0.00833 -r 0 (45.6551724137931, 2.173793103448276, 0.007611569683487492)
-t 3 -c 419.4304 -g 0.00833 -r 0 (45.6551724137931, 2.173793103448276, 0.0075727330875497625)
-t 3 -c 1677.7216 -g 0.00833 -r 0 (45.51724137931034, 2.179310344827586, 0.008067497265484835)
-t 3 -c 0.0001 -g 0.01667 -r 0 (52.0, 1.92, nan)
-t 3 -c 0.0004 -g 0.01667 -r 0 (52.0, 1.92, nan)
-t 3 -c 0.0016 -g 0.01667 -r 0 (52.0, 1.92, nan)
-t 3 -c 0.0064 -g 0.01667 -r 0 (52.0, 1.92, nan)
-t 3 -c 0.0256 -g 0.01667 -r 0 (52.0, 1.92, nan)
-t 3 -c 0.1024 -g 0.01667 -r 0 (52.0, 1.92, nan)
-t 3 -c 0.4096 -g 0.01667 -r 0 (52.0, 1.92, nan)
-t 3 -c 1.6384 -g 0.01667 -r 0 (52.0, 1.92, nan)
-t 3 -c 6.5536 -g 0.01667 -r 0 (51.9080459770115, 1.9236781609195401, 0.0008495875960210981)
-t 3 -c 26.2144 -g 0.01667 -r 0 (51.81609195402299, 1.9273563218390806, 0.0017007405307727739)
-t 3 -c 104.8576 -g 0.01667 -r 0 (50.4367816091954, 1.982528735632184, 0.005206732142953992)
-t 3 -c 419.4304 -g 0.01667 -r 0 (44.827586206896555, 2.206896551724138, 0.012050199097556214)
-t 3 -c 1677.7216 -g 0.01667 -r 0 (44.32183908045977, 2.2271264367816093, 0.013202437373053487)
-t 3 -c 0.0001 -g 0.03333 -r 0 (52.0, 1.92, nan)
-t 3 -c 0.0004 -g 0.03333 -r 0 (52.0, 1.92, nan)
-t 3 -c 0.0016 -g 0.03333 -r 0 (52.0, 1.92, nan)
-t 3 -c 0.0064 -g 0.03333 -r 0 (52.0, 1.92, nan)
-t 3 -c 0.0256 -g 0.03333 -r 0 (52.0, 1.92, nan)
-t 3 -c 0.1024 -g 0.03333 -r 0 (52.0, 1.92, nan)
-t 3 -c 0.4096 -g 0.03333 -r 0 (52.0, 1.92, nan)
-t 3 -c 1.6384 -g 0.03333 -r 0 (52.0, 1.92, nan)
-t 3 -c 6.5536 -g 0.03333 -r 0 (52.0, 1.92, nan)
-t 3 -c 26.2144 -g 0.03333 -r 0 (52.0, 1.92, nan)
-t 3 -c 104.8576 -g 0.03333 -r 0 (52.0, 1.92, nan)
-t 3 -c 419.4304 -g 0.03333 -r 0 (52.0, 1.92, nan)
-t 3 -c 1677.7216 -g 0.03333 -r 0 (51.95402298850575, 1.92183908045977, 0.00042459840067935747)
-t 3 -c 0.0001 -g 0.06667 -r 0 (52.0, 1.92, nan)
-t 3 -c 0.0004 -g 0.06667 -r 0 (52.0, 1.92, nan)
-t 3 -c 0.0016 -g 0.06667 -r 0 (52.0, 1.92, nan)
-t 3 -c 0.0064 -g 0.06667 -r 0 (52.0, 1.92, nan)
-t 3 -c 0.0256 -g 0.06667 -r 0 (52.0, 1.92, nan)
-t 3 -c 0.1024 -g 0.06667 -r 0 (52.0, 1.92, nan)
-t 3 -c 0.4096 -g 0.06667 -r 0 (52.0, 1.92, nan)
-t 3 -c 1.6384 -g 0.06667 -r 0 (52.0, 1.92, nan)
-t 3 -c 6.5536 -g 0.06667 -r 0 (52.0, 1.92, nan)
-t 3 -c 26.2144 -g 0.06667 -r 0 (52.0, 1.92, nan)
-t 3 -c 104.8576 -g 0.06667 -r 0 (52.0, 1.92, nan)
-t 3 -c 419.4304 -g 0.06667 -r 0 (52.0, 1.92, nan)
-t 3 -c 1677.7216 -g 0.06667 -r 0 (52.0, 1.92, nan)
-t 3 -c 0.0001 -g 0.13333 -r 0 (52.0, 1.92, nan)
-t 3 -c 0.0004 -g 0.13333 -r 0 (52.0, 1.92, nan)
-t 3 -c 0.0016 -g 0.13333 -r 0 (52.0, 1.92, nan)
-t 3 -c 0.0064 -g 0.13333 -r 0 (52.0, 1.92, nan)
-t 3 -c 0.0256 -g 0.13333 -r 0 (52.0, 1.92, nan)
-t 3 -c 0.1024 -g 0.13333 -r 0 (52.0, 1.92, nan)
-t 3 -c 0.4096 -g 0.13333 -r 0 (52.0, 1.92, nan)
-t 3 -c 1.6384 -g 0.13333 -r 0 (52.0, 1.92, nan)
-t 3 -c 6.5536 -g 0.13333 -r 0 (52.0, 1.92, nan)
-t 3 -c 26.2144 -g 0.13333 -r 0 (52.0, 1.92, nan)
-t 3 -c 104.8576 -g 0.13333 -r 0 (52.0, 1.92, nan)
-t 3 -c 419.4304 -g 0.13333 -r 0 (52.0, 1.92, nan)
-t 3 -c 1677.7216 -g 0.13333 -r 0 (52.0, 1.92, nan)
-t 3 -c 0.0001 -g 0.00208 -r 1 (52.0, 1.92, nan)
-t 3 -c 0.0004 -g 0.00208 -r 1 (52.0, 1.92, nan)
-t 3 -c 0.0016 -g 0.00208 -r 1 (52.0, 1.92, nan)
-t 3 -c 0.0064 -g 0.00208 -r 1 (52.0, 1.92, nan)
-t 3 -c 0.0256 -g 0.00208 -r 1 (52.0, 1.92, nan)
-t 3 -c 0.1024 -g 0.00208 -r 1 (52.0, 1.92, nan)
-t 3 -c 0.4096 -g 0.00208 -r 1 (52.0, 1.92, nan)
-t 3 -c 1.6384 -g 0.00208 -r 1 (77.70114942528735, 0.8919540229885058, 0.3283371040723982)
-t 3 -c 6.5536 -g 0.00208 -r 1 (75.03448275862068, 0.9986206896551724, 0.25107348552965875)
-t 3 -c 26.2144 -g 0.00208 -r 1 (63.632183908045974, 1.454712643678161, 0.07424984107519078)
-t 3 -c 104.8576 -g 0.00208 -r 1 (60.55172413793103, 1.5779310344827586, 0.044709648634513384)
-t 3 -c 419.4304 -g 0.00208 -r 1 (59.9080459770115, 1.6036781609195403, 0.03925142014466112)
-t 3 -c 1677.7216 -g 0.00208 -r 1 (59.724137931034484, 1.6110344827586207, 0.03775102897710008)
-t 3 -c 0.0001 -g 0.00417 -r 1 (52.0, 1.92, nan)
-t 3 -c 0.0004 -g 0.00417 -r 1 (52.0, 1.92, nan)
-t 3 -c 0.0016 -g 0.00417 -r 1 (52.0, 1.92, nan)
-t 3 -c 0.0064 -g 0.00417 -r 1 (52.0, 1.92, nan)
-t 3 -c 0.0256 -g 0.00417 -r 1 (52.0, 1.92, nan)
-t 3 -c 0.1024 -g 0.00417 -r 1 (52.0, 1.92, nan)
-t 3 -c 0.4096 -g 0.00417 -r 1 (52.0, 1.92, nan)
-t 3 -c 1.6384 -g 0.00417 -r 1 (52.04597701149425, 1.9181609195402298, 9.503252808885312e-05)
-t 3 -c 6.5536 -g 0.00417 -r 1 (54.3448275862069, 1.8262068965517242, 0.007191994996873046)
-t 3 -c 26.2144 -g 0.00417 -r 1 (50.48275862068966, 1.9806896551724138, 9.160219281556955e-05)
-t 3 -c 104.8576 -g 0.00417 -r 1 (50.160919540229884, 1.9935632183908045, 8.67276361949117e-06)
-t 3 -c 419.4304 -g 0.00417 -r 1 (50.06896551724138, 1.9972413793103447, 1.7561544432463568e-06)
-t 3 -c 1677.7216 -g 0.00417 -r 1 (50.02298850574713, 1.9990804597701148, 1.951279414886753e-07)
-t 3 -c 0.0001 -g 0.00833 -r 1 (52.0, 1.92, nan)
-t 3 -c 0.0004 -g 0.00833 -r 1 (52.0, 1.92, nan)
-t 3 -c 0.0016 -g 0.00833 -r 1 (52.0, 1.92, nan)
-t 3 -c 0.0064 -g 0.00833 -r 1 (52.0, 1.92, nan)
-t 3 -c 0.0256 -g 0.00833 -r 1 (52.0, 1.92, nan)
-t 3 -c 0.1024 -g 0.00833 -r 1 (52.0, 1.92, nan)
-t 3 -c 0.4096 -g 0.00833 -r 1 (52.0, 1.92, nan)
-t 3 -c 1.6384 -g 0.00833 -r 1 (52.0, 1.92, nan)
-t 3 -c 6.5536 -g 0.00833 -r 1 (51.724137931034484, 1.9310344827586208, 0.0025534631343759975)
-t 3 -c 26.2144 -g 0.00833 -r 1 (48.41379310344828, 2.063448275862069, 0.0014271978029878596)
-t 3 -c 104.8576 -g 0.00833 -r 1 (46.206896551724135, 2.1517241379310343, 0.006031967523125304)
-t 3 -c 419.4304 -g 0.00833 -r 1 (45.5632183908046, 2.1774712643678162, 0.008030966369656974)
-t 3 -c 1677.7216 -g 0.00833 -r 1 (45.6551724137931, 2.173793103448276, 0.007585616071559433)
-t 3 -c 0.0001 -g 0.01667 -r 1 (52.0, 1.92, nan)
-t 3 -c 0.0004 -g 0.01667 -r 1 (52.0, 1.92, nan)
-t 3 -c 0.0016 -g 0.01667 -r 1 (52.0, 1.92, nan)
-t 3 -c 0.0064 -g 0.01667 -r 1 (52.0, 1.92, nan)
-t 3 -c 0.0256 -g 0.01667 -r 1 (52.0, 1.92, nan)
-t 3 -c 0.1024 -g 0.01667 -r 1 (52.0, 1.92, nan)
-t 3 -c 0.4096 -g 0.01667 -r 1 (52.0, 1.92, nan)
-t 3 -c 1.6384 -g 0.01667 -r 1 (52.0, 1.92, nan)
-t 3 -c 6.5536 -g 0.01667 -r 1 (52.0, 1.92, nan)
-t 3 -c 26.2144 -g 0.01667 -r 1 (51.95402298850575, 1.92183908045977, 0.00042459840067935747)
-t 3 -c 104.8576 -g 0.01667 -r 1 (51.9080459770115, 1.9236781609195401, 0.0008495875960210981)
-t 3 -c 419.4304 -g 0.01667 -r 1 (51.35632183908046, 1.9457471264367816, 0.00404917008745315)
-t 3 -c 1677.7216 -g 0.01667 -r 1 (46.06896551724138, 2.157241379310345, 0.01205228571719043)
-t 3 -c 0.0001 -g 0.03333 -r 1 (52.0, 1.92, nan)
-t 3 -c 0.0004 -g 0.03333 -r 1 (52.0, 1.92, nan)
-t 3 -c 0.0016 -g 0.03333 -r 1 (52.0, 1.92, nan)
-t 3 -c 0.0064 -g 0.03333 -r 1 (52.0, 1.92, nan)
-t 3 -c 0.0256 -g 0.03333 -r 1 (52.0, 1.92, nan)
-t 3 -c 0.1024 -g 0.03333 -r 1 (52.0, 1.92, nan)
-t 3 -c 0.4096 -g 0.03333 -r 1 (52.0, 1.92, nan)
-t 3 -c 1.6384 -g 0.03333 -r 1 (52.0, 1.92, nan)
-t 3 -c 6.5536 -g 0.03333 -r 1 (52.0, 1.92, nan)
-t 3 -c 26.2144 -g 0.03333 -r 1 (52.0, 1.92, nan)
-t 3 -c 104.8576 -g 0.03333 -r 1 (52.0, 1.92, nan)
-t 3 -c 419.4304 -g 0.03333 -r 1 (52.0, 1.92, nan)
-t 3 -c 1677.7216 -g 0.03333 -r 1 (52.0, 1.92, nan)
-t 3 -c 0.0001 -g 0.06667 -r 1 (52.0, 1.92, nan)
-t 3 -c 0.0004 -g 0.06667 -r 1 (52.0, 1.92, nan)
-t 3 -c 0.0016 -g 0.06667 -r 1 (52.0, 1.92, nan)
-t 3 -c 0.0064 -g 0.06667 -r 1 (52.0, 1.92, nan)
-t 3 -c 0.0256 -g 0.06667 -r 1 (52.0, 1.92, nan)
-t 3 -c 0.1024 -g 0.06667 -r 1 (52.0, 1.92, nan)
-t 3 -c 0.4096 -g 0.06667 -r 1 (52.0, 1.92, nan)
-t 3 -c 1.6384 -g 0.06667 -r 1 (52.0, 1.92, nan)
-t 3 -c 6.5536 -g 0.06667 -r 1 (52.0, 1.92, nan)
-t 3 -c 26.2144 -g 0.06667 -r 1 (52.0, 1.92, nan)
-t 3 -c 104.8576 -g 0.06667 -r 1 (52.0, 1.92, nan)
-t 3 -c 419.4304 -g 0.06667 -r 1 (52.0, 1.92, nan)
-t 3 -c 1677.7216 -g 0.06667 -r 1 (52.0, 1.92, nan)
-t 3 -c 0.0001 -g 0.13333 -r 1 (52.0, 1.92, nan)
-t 3 -c 0.0004 -g 0.13333 -r 1 (52.0, 1.92, nan)
-t 3 -c 0.0016 -g 0.13333 -r 1 (52.0, 1.92, nan)
-t 3 -c 0.0064 -g 0.13333 -r 1 (52.0, 1.92, nan)
-t 3 -c 0.0256 -g 0.13333 -r 1 (52.0, 1.92, nan)
-t 3 -c 0.1024 -g 0.13333 -r 1 (52.0, 1.92, nan)
-t 3 -c 0.4096 -g 0.13333 -r 1 (52.0, 1.92, nan)
-t 3 -c 1.6384 -g 0.13333 -r 1 (52.0, 1.92, nan)
-t 3 -c 6.5536 -g 0.13333 -r 1 (52.0, 1.92, nan)
-t 3 -c 26.2144 -g 0.13333 -r 1 (52.0, 1.92, nan)
-t 3 -c 104.8576 -g 0.13333 -r 1 (52.0, 1.92, nan)
-t 3 -c 419.4304 -g 0.13333 -r 1 (52.0, 1.92, nan)
-t 3 -c 1677.7216 -g 0.13333 -r 1 (52.0, 1.92, nan)
-t 3 -c 0.0001 -g 0.00208 -r 2 (52.0, 1.92, nan)
-t 3 -c 0.0004 -g 0.00208 -r 2 (52.0, 1.92, nan)
-t 3 -c 0.0016 -g 0.00208 -r 2 (52.0, 1.92, nan)
-t 3 -c 0.0064 -g 0.00208 -r 2 (52.0, 1.92, nan)
-t 3 -c 0.0256 -g 0.00208 -r 2 (52.0, 1.92, nan)
-t 3 -c 0.1024 -g 0.00208 -r 2 (52.0, 1.92, nan)
-t 3 -c 0.4096 -g 0.00208 -r 2 (52.0, 1.92, nan)
-t 3 -c 1.6384 -g 0.00208 -r 2 (52.0, 1.92, nan)
-t 3 -c 6.5536 -g 0.00208 -r 2 (52.275862068965516, 1.9089655172413793, 0.0023077070983162353)
-t 3 -c 26.2144 -g 0.00208 -r 2 (79.1264367816092, 0.8349425287356322, 0.34077666816177904)
-t 3 -c 104.8576 -g 0.00208 -r 2 (63.58620689655172, 1.456551724137931, 0.07373051419176488)
-t 3 -c 419.4304 -g 0.00208 -r 2 (59.724137931034484, 1.6110344827586207, 0.03783441257524752)
-t 3 -c 1677.7216 -g 0.00208 -r 2 (59.03448275862069, 1.6386206896551725, 0.032694423746428725)
-t 3 -c 0.0001 -g 0.00417 -r 2 (52.0, 1.92, nan)
-t 3 -c 0.0004 -g 0.00417 -r 2 (52.0, 1.92, nan)
-t 3 -c 0.0016 -g 0.00417 -r 2 (52.0, 1.92, nan)
-t 3 -c 0.0064 -g 0.00417 -r 2 (52.0, 1.92, nan)
-t 3 -c 0.0256 -g 0.00417 -r 2 (52.0, 1.92, nan)
-t 3 -c 0.1024 -g 0.00417 -r 2 (52.0, 1.92, nan)
-t 3 -c 0.4096 -g 0.00417 -r 2 (52.0, 1.92, nan)
-t 3 -c 1.6384 -g 0.00417 -r 2 (52.0, 1.92, nan)
-t 3 -c 6.5536 -g 0.00417 -r 2 (52.0, 1.92, nan)
-t 3 -c 26.2144 -g 0.00417 -r 2 (62.98850574712644, 1.4804597701149425, 0.0678834048636789)
-t 3 -c 104.8576 -g 0.00417 -r 2 (50.94252873563219, 1.9622988505747125, 0.00032286205191718977)
-t 3 -c 419.4304 -g 0.00417 -r 2 (50.02298850574713, 1.9990804597701148, 0.0)
-t 3 -c 1677.7216 -g 0.00417 -r 2 (49.93103448275862, 2.0027586206896553, 2.3903577067864304e-06)
-t 3 -c 0.0001 -g 0.00833 -r 2 (52.0, 1.92, nan)
-t 3 -c 0.0004 -g 0.00833 -r 2 (52.0, 1.92, nan)
-t 3 -c 0.0016 -g 0.00833 -r 2 (52.0, 1.92, nan)
-t 3 -c 0.0064 -g 0.00833 -r 2 (52.0, 1.92, nan)
-t 3 -c 0.0256 -g 0.00833 -r 2 (52.0, 1.92, nan)
-t 3 -c 0.1024 -g 0.00833 -r 2 (52.0, 1.92, nan)
-t 3 -c 0.4096 -g 0.00833 -r 2 (52.0, 1.92, nan)
-t 3 -c 1.6384 -g 0.00833 -r 2 (52.0, 1.92, nan)
-t 3 -c 6.5536 -g 0.00833 -r 2 (52.0, 1.92, nan)
-t 3 -c 26.2144 -g 0.00833 -r 2 (51.9080459770115, 1.9236781609195401, 0.0008495875960210981)
-t 3 -c 104.8576 -g 0.00833 -r 2 (52.0, 1.92, 0.0001950516390949604)
-t 3 -c 419.4304 -g 0.00833 -r 2 (46.48275862068966, 2.1406896551724137, 0.0053209328937328555)
-t 3 -c 1677.7216 -g 0.00833 -r 2 (45.6551724137931, 2.173793103448276, 0.007637775270609784)
-t 3 -c 0.0001 -g 0.01667 -r 2 (52.0, 1.92, nan)
-t 3 -c 0.0004 -g 0.01667 -r 2 (52.0, 1.92, nan)
-t 3 -c 0.0016 -g 0.01667 -r 2 (52.0, 1.92, nan)
-t 3 -c 0.0064 -g 0.01667 -r 2 (52.0, 1.92, nan)
-t 3 -c 0.0256 -g 0.01667 -r 2 (52.0, 1.92, nan)
-t 3 -c 0.1024 -g 0.01667 -r 2 (52.0, 1.92, nan)
-t 3 -c 0.4096 -g 0.01667 -r 2 (52.0, 1.92, nan)
-t 3 -c 1.6384 -g 0.01667 -r 2 (52.0, 1.92, nan)
-t 3 -c 6.5536 -g 0.01667 -r 2 (52.0, 1.92, nan)
-t 3 -c 26.2144 -g 0.01667 -r 2 (52.0, 1.92, nan)
-t 3 -c 104.8576 -g 0.01667 -r 2 (52.0, 1.92, nan)
-t 3 -c 419.4304 -g 0.01667 -r 2 (51.9080459770115, 1.9236781609195401, 0.0008495875960210981)
-t 3 -c 1677.7216 -g 0.01667 -r 2 (51.67816091954023, 1.9328735632183909, 0.002980414419528811)
-t 3 -c 0.0001 -g 0.03333 -r 2 (52.0, 1.92, nan)
-t 3 -c 0.0004 -g 0.03333 -r 2 (52.0, 1.92, nan)
-t 3 -c 0.0016 -g 0.03333 -r 2 (52.0, 1.92, nan)
-t 3 -c 0.0064 -g 0.03333 -r 2 (52.0, 1.92, nan)
-t 3 -c 0.0256 -g 0.03333 -r 2 (52.0, 1.92, nan)
-t 3 -c 0.1024 -g 0.03333 -r 2 (52.0, 1.92, nan)
-t 3 -c 0.4096 -g 0.03333 -r 2 (52.0, 1.92, nan)
-t 3 -c 1.6384 -g 0.03333 -r 2 (52.0, 1.92, nan)
-t 3 -c 6.5536 -g 0.03333 -r 2 (52.0, 1.92, nan)
-t 3 -c 26.2144 -g 0.03333 -r 2 (52.0, 1.92, nan)
-t 3 -c 104.8576 -g 0.03333 -r 2 (52.0, 1.92, nan)
-t 3 -c 419.4304 -g 0.03333 -r 2 (52.0, 1.92, nan)
-t 3 -c 1677.7216 -g 0.03333 -r 2 (52.0, 1.92, nan)
-t 3 -c 0.0001 -g 0.06667 -r 2 (52.0, 1.92, nan)
-t 3 -c 0.0004 -g 0.06667 -r 2 (52.0, 1.92, nan)
-t 3 -c 0.0016 -g 0.06667 -r 2 (52.0, 1.92, nan)
-t 3 -c 0.0064 -g 0.06667 -r 2 (52.0, 1.92, nan)
-t 3 -c 0.0256 -g 0.06667 -r 2 (52.0, 1.92, nan)
-t 3 -c 0.1024 -g 0.06667 -r 2 (52.0, 1.92, nan)
-t 3 -c 0.4096 -g 0.06667 -r 2 (52.0, 1.92, nan)
-t 3 -c 1.6384 -g 0.06667 -r 2 (52.0, 1.92, nan)
-t 3 -c 6.5536 -g 0.06667 -r 2 (52.0, 1.92, nan)
-t 3 -c 26.2144 -g 0.06667 -r 2 (52.0, 1.92, nan)
-t 3 -c 104.8576 -g 0.06667 -r 2 (52.0, 1.92, nan)
-t 3 -c 419.4304 -g 0.06667 -r 2 (52.0, 1.92, nan)
-t 3 -c 1677.7216 -g 0.06667 -r 2 (52.0, 1.92, nan)
-t 3 -c 0.0001 -g 0.13333 -r 2 (52.0, 1.92, nan)
-t 3 -c 0.0004 -g 0.13333 -r 2 (52.0, 1.92, nan)
-t 3 -c 0.0016 -g 0.13333 -r 2 (52.0, 1.92, nan)
-t 3 -c 0.0064 -g 0.13333 -r 2 (52.0, 1.92, nan)
-t 3 -c 0.0256 -g 0.13333 -r 2 (52.0, 1.92, nan)
-t 3 -c 0.1024 -g 0.13333 -r 2 (52.0, 1.92, nan)
-t 3 -c 0.4096 -g 0.13333 -r 2 (52.0, 1.92, nan)
-t 3 -c 1.6384 -g 0.13333 -r 2 (52.0, 1.92, nan)
-t 3 -c 6.5536 -g 0.13333 -r 2 (52.0, 1.92, nan)
-t 3 -c 26.2144 -g 0.13333 -r 2 (52.0, 1.92, nan)
-t 3 -c 104.8576 -g 0.13333 -r 2 (52.0, 1.92, nan)
-t 3 -c 419.4304 -g 0.13333 -r 2 (52.0, 1.92, nan)
-t 3 -c 1677.7216 -g 0.13333 -r 2 (52.0, 1.92, nan)
