-t 0 -c 0.0001 -g 0.00208 -r 0 (52.0, 1.92, nan)
-t 0 -c 0.0004 -g 0.00208 -r 0 (52.13793103448276, 1.9144827586206896, 0.001496316758747698)
-t 0 -c 0.0016 -g 0.00208 -r 0 (84.27586206896552, 0.6289655172413793, 0.4712614204371819)
-t 0 -c 0.0064 -g 0.00208 -r 0 (85.42528735632185, 0.5829885057471265, 0.5034416659316027)
-t 0 -c 0.0256 -g 0.00208 -r 0 (84.64367816091954, 0.6142528735632183, 0.4804831650817191)
-t 0 -c 0.1024 -g 0.00208 -r 0 (84.7816091954023, 0.608735632183908, 0.4835520614938203)
-t 0 -c 0.4096 -g 0.00208 -r 0 (84.36781609195403, 0.6252873563218391, 0.4723806736610853)
-t 0 -c 1.6384 -g 0.00208 -r 0 (84.64367816091954, 0.6142528735632183, 0.4794249775264802)
-t 0 -c 6.5536 -g 0.00208 -r 0 (84.6896551724138, 0.6124137931034482, 0.48071886670199476)
-t 0 -c 26.2144 -g 0.00208 -r 0 (84.6896551724138, 0.6124137931034482, 0.48068427458273755)
-t 0 -c 104.8576 -g 0.00208 -r 0 (84.73563218390805, 0.6105747126436781, 0.48194613066255493)
-t 0 -c 419.4304 -g 0.00208 -r 0 (84.91954022988506, 0.6032183908045977, 0.4871075373933705)
-t 0 -c 1677.7216 -g 0.00208 -r 0 (84.183908045977, 0.6326436781609195, 0.4668758238298003)
-t 0 -c 0.0001 -g 0.00417 -r 0 (52.0, 1.92, nan)
-t 0 -c 0.0004 -g 0.00417 -r 0 (52.13793103448276, 1.9144827586206896, 0.001496316758747698)
-t 0 -c 0.0016 -g 0.00417 -r 0 (84.27586206896552, 0.6289655172413793, 0.4712614204371819)
-t 0 -c 0.0064 -g 0.00417 -r 0 (85.42528735632185, 0.5829885057471265, 0.5034416659316027)
-t 0 -c 0.0256 -g 0.00417 -r 0 (84.64367816091954, 0.6142528735632183, 0.4804831650817191)
-t 0 -c 0.1024 -g 0.00417 -r 0 (84.7816091954023, 0.608735632183908, 0.4835520614938203)
-t 0 -c 0.4096 -g 0.00417 -r 0 (84.36781609195403, 0.6252873563218391, 0.4723806736610853)
-t 0 -c 1.6384 -g 0.00417 -r 0 (84.64367816091954, 0.6142528735632183, 0.4794249775264802)
-t 0 -c 6.5536 -g 0.00417 -r 0 (84.6896551724138, 0.6124137931034482, 0.48071886670199476)
-t 0 -c 26.2144 -g 0.00417 -r 0 (84.6896551724138, 0.6124137931034482, 0.48068427458273755)
-t 0 -c 104.8576 -g 0.00417 -r 0 (84.73563218390805, 0.6105747126436781, 0.48194613066255493)
-t 0 -c 419.4304 -g 0.00417 -r 0 (84.91954022988506, 0.6032183908045977, 0.4871075373933705)
-t 0 -c 1677.7216 -g 0.00417 -r 0 (84.183908045977, 0.6326436781609195, 0.4668758238298003)
-t 0 -c 0.0001 -g 0.00833 -r 0 (52.0, 1.92, nan)
-t 0 -c 0.0004 -g 0.00833 -r 0 (52.13793103448276, 1.9144827586206896, 0.001496316758747698)
-t 0 -c 0.0016 -g 0.00833 -r 0 (84.27586206896552, 0.6289655172413793, 0.4712614204371819)
-t 0 -c 0.0064 -g 0.00833 -r 0 (85.42528735632185, 0.5829885057471265, 0.5034416659316027)
-t 0 -c 0.0256 -g 0.00833 -r 0 (84.64367816091954, 0.6142528735632183, 0.4804831650817191)
-t 0 -c 0.1024 -g 0.00833 -r 0 (84.7816091954023, 0.608735632183908, 0.4835520614938203)
-t 0 -c 0.4096 -g 0.00833 -r 0 (84.36781609195403, 0.6252873563218391, 0.4723806736610853)
-t 0 -c 1.6384 -g 0.00833 -r 0 (84.64367816091954, 0.6142528735632183, 0.4794249775264802)
-t 0 -c 6.5536 -g 0.00833 -r 0 (84.6896551724138, 0.6124137931034482, 0.48071886670199476)
-t 0 -c 26.2144 -g 0.00833 -r 0 (84.6896551724138, 0.6124137931034482, 0.48068427458273755)
-t 0 -c 104.8576 -g 0.00833 -r 0 (84.73563218390805, 0.6105747126436781, 0.48194613066255493)
-t 0 -c 419.4304 -g 0.00833 -r 0 (84.91954022988506, 0.6032183908045977, 0.4871075373933705)
-t 0 -c 1677.7216 -g 0.00833 -r 0 (84.183908045977, 0.6326436781609195, 0.4668758238298003)
-t 0 -c 0.0001 -g 0.01667 -r 0 (52.0, 1.92, nan)
-t 0 -c 0.0004 -g 0.01667 -r 0 (52.13793103448276, 1.9144827586206896, 0.001496316758747698)
-t 0 -c 0.0016 -g 0.01667 -r 0 (84.27586206896552, 0.6289655172413793, 0.4712614204371819)
-t 0 -c 0.0064 -g 0.01667 -r 0 (85.42528735632185, 0.5829885057471265, 0.5034416659316027)
-t 0 -c 0.0256 -g 0.01667 -r 0 (84.64367816091954, 0.6142528735632183, 0.4804831650817191)
-t 0 -c 0.1024 -g 0.01667 -r 0 (84.7816091954023, 0.608735632183908, 0.4835520614938203)
-t 0 -c 0.4096 -g 0.01667 -r 0 (84.36781609195403, 0.6252873563218391, 0.4723806736610853)
-t 0 -c 1.6384 -g 0.01667 -r 0 (84.64367816091954, 0.6142528735632183, 0.4794249775264802)
-t 0 -c 6.5536 -g 0.01667 -r 0 (84.6896551724138, 0.6124137931034482, 0.48071886670199476)
-t 0 -c 26.2144 -g 0.01667 -r 0 (84.6896551724138, 0.6124137931034482, 0.48068427458273755)
-t 0 -c 104.8576 -g 0.01667 -r 0 (84.73563218390805, 0.6105747126436781, 0.48194613066255493)
-t 0 -c 419.4304 -g 0.01667 -r 0 (84.91954022988506, 0.6032183908045977, 0.4871075373933705)
-t 0 -c 1677.7216 -g 0.01667 -r 0 (84.183908045977, 0.6326436781609195, 0.4668758238298003)
-t 0 -c 0.0001 -g 0.03333 -r 0 (52.0, 1.92, nan)
-t 0 -c 0.0004 -g 0.03333 -r 0 (52.13793103448276, 1.9144827586206896, 0.001496316758747698)
-t 0 -c 0.0016 -g 0.03333 -r 0 (84.27586206896552, 0.6289655172413793, 0.4712614204371819)
-t 0 -c 0.0064 -g 0.03333 -r 0 (85.42528735632185, 0.5829885057471265, 0.5034416659316027)
-t 0 -c 0.0256 -g 0.03333 -r 0 (84.64367816091954, 0.6142528735632183, 0.4804831650817191)
-t 0 -c 0.1024 -g 0.03333 -r 0 (84.7816091954023, 0.608735632183908, 0.4835520614938203)
-t 0 -c 0.4096 -g 0.03333 -r 0 (84.36781609195403, 0.6252873563218391, 0.4723806736610853)
-t 0 -c 1.6384 -g 0.03333 -r 0 (84.64367816091954, 0.6142528735632183, 0.4794249775264802)
-t 0 -c 6.5536 -g 0.03333 -r 0 (84.6896551724138, 0.6124137931034482, 0.48071886670199476)
-t 0 -c 26.2144 -g 0.03333 -r 0 (84.6896551724138, 0.6124137931034482, 0.48068427458273755)
-t 0 -c 104.8576 -g 0.03333 -r 0 (84.73563218390805, 0.6105747126436781, 0.48194613066255493)
-t 0 -c 419.4304 -g 0.03333 -r 0 (84.91954022988506, 0.6032183908045977, 0.4871075373933705)
-t 0 -c 1677.7216 -g 0.03333 -r 0 (84.183908045977, 0.6326436781609195, 0.4668758238298003)
-t 0 -c 0.0001 -g 0.06667 -r 0 (52.0, 1.92, nan)
-t 0 -c 0.0004 -g 0.06667 -r 0 (52.13793103448276, 1.9144827586206896, 0.001496316758747698)
-t 0 -c 0.0016 -g 0.06667 -r 0 (84.27586206896552, 0.6289655172413793, 0.4712614204371819)
-t 0 -c 0.0064 -g 0.06667 -r 0 (85.42528735632185, 0.5829885057471265, 0.5034416659316027)
-t 0 -c 0.0256 -g 0.06667 -r 0 (84.64367816091954, 0.6142528735632183, 0.4804831650817191)
-t 0 -c 0.1024 -g 0.06667 -r 0 (84.7816091954023, 0.608735632183908, 0.4835520614938203)
-t 0 -c 0.4096 -g 0.06667 -r 0 (84.36781609195403, 0.6252873563218391, 0.4723806736610853)
-t 0 -c 1.6384 -g 0.06667 -r 0 (84.64367816091954, 0.6142528735632183, 0.4794249775264802)
-t 0 -c 6.5536 -g 0.06667 -r 0 (84.6896551724138, 0.6124137931034482, 0.48071886670199476)
-t 0 -c 26.2144 -g 0.06667 -r 0 (84.6896551724138, 0.6124137931034482, 0.48068427458273755)
-t 0 -c 104.8576 -g 0.06667 -r 0 (84.73563218390805, 0.6105747126436781, 0.48194613066255493)
-t 0 -c 419.4304 -g 0.06667 -r 0 (84.91954022988506, 0.6032183908045977, 0.4871075373933705)
-t 0 -c 1677.7216 -g 0.06667 -r 0 (84.183908045977, 0.6326436781609195, 0.4668758238298003)
-t 0 -c 0.0001 -g 0.13333 -r 0 (52.0, 1.92, nan)
-t 0 -c 0.0004 -g 0.13333 -r 0 (52.13793103448276, 1.9144827586206896, 0.001496316758747698)
-t 0 -c 0.0016 -g 0.13333 -r 0 (84.27586206896552, 0.6289655172413793, 0.4712614204371819)
-t 0 -c 0.0064 -g 0.13333 -r 0 (85.42528735632185, 0.5829885057471265, 0.5034416659316027)
-t 0 -c 0.0256 -g 0.13333 -r 0 (84.64367816091954, 0.6142528735632183, 0.4804831650817191)
-t 0 -c 0.1024 -g 0.13333 -r 0 (84.7816091954023, 0.608735632183908, 0.4835520614938203)
-t 0 -c 0.4096 -g 0.13333 -r 0 (84.36781609195403, 0.6252873563218391, 0.4723806736610853)
-t 0 -c 1.6384 -g 0.13333 -r 0 (84.64367816091954, 0.6142528735632183, 0.4794249775264802)
-t 0 -c 6.5536 -g 0.13333 -r 0 (84.6896551724138, 0.6124137931034482, 0.48071886670199476)
-t 0 -c 26.2144 -g 0.13333 -r 0 (84.6896551724138, 0.6124137931034482, 0.48068427458273755)
-t 0 -c 104.8576 -g 0.13333 -r 0 (84.73563218390805, 0.6105747126436781, 0.48194613066255493)
-t 0 -c 419.4304 -g 0.13333 -r 0 (84.91954022988506, 0.6032183908045977, 0.4871075373933705)
-t 0 -c 1677.7216 -g 0.13333 -r 0 (84.183908045977, 0.6326436781609195, 0.4668758238298003)
-t 0 -c 0.0001 -g 0.00208 -r 1 (52.0, 1.92, nan)
-t 0 -c 0.0004 -g 0.00208 -r 1 (52.13793103448276, 1.9144827586206896, 0.001496316758747698)
-t 0 -c 0.0016 -g 0.00208 -r 1 (84.27586206896552, 0.6289655172413793, 0.4712614204371819)
-t 0 -c 0.0064 -g 0.00208 -r 1 (85.42528735632185, 0.5829885057471265, 0.5034416659316027)
-t 0 -c 0.0256 -g 0.00208 -r 1 (84.64367816091954, 0.6142528735632183, 0.4804831650817191)
-t 0 -c 0.1024 -g 0.00208 -r 1 (84.7816091954023, 0.608735632183908, 0.4835520614938203)
-t 0 -c 0.4096 -g 0.00208 -r 1 (84.36781609195403, 0.6252873563218391, 0.4723806736610853)
-t 0 -c 1.6384 -g 0.00208 -r 1 (84.64367816091954, 0.6142528735632183, 0.4794249775264802)
-t 0 -c 6.5536 -g 0.00208 -r 1 (84.6896551724138, 0.6124137931034482, 0.48071886670199476)
-t 0 -c 26.2144 -g 0.00208 -r 1 (84.6896551724138, 0.6124137931034482, 0.48068427458273755)
-t 0 -c 104.8576 -g 0.00208 -r 1 (84.73563218390805, 0.6105747126436781, 0.48194613066255493)
-t 0 -c 419.4304 -g 0.00208 -r 1 (84.91954022988506, 0.6032183908045977, 0.4871075373933705)
-t 0 -c 1677.7216 -g 0.00208 -r 1 (84.183908045977, 0.6326436781609195, 0.4668758238298003)
-t 0 -c 0.0001 -g 0.00417 -r 1 (52.0, 1.92, nan)
-t 0 -c 0.0004 -g 0.00417 -r 1 (52.13793103448276, 1.9144827586206896, 0.001496316758747698)
-t 0 -c 0.0016 -g 0.00417 -r 1 (84.27586206896552, 0.6289655172413793, 0.4712614204371819)
-t 0 -c 0.0064 -g 0.00417 -r 1 (85.42528735632185, 0.5829885057471265, 0.5034416659316027)
-t 0 -c 0.0256 -g 0.00417 -r 1 (84.64367816091954, 0.6142528735632183, 0.4804831650817191)
-t 0 -c 0.1024 -g 0.00417 -r 1 (84.7816091954023, 0.608735632183908, 0.4835520614938203)
-t 0 -c 0.4096 -g 0.00417 -r 1 (84.36781609195403, 0.6252873563218391, 0.4723806736610853)
-t 0 -c 1.6384 -g 0.00417 -r 1 (84.64367816091954, 0.6142528735632183, 0.4794249775264802)
-t 0 -c 6.5536 -g 0.00417 -r 1 (84.6896551724138, 0.6124137931034482, 0.48071886670199476)
-t 0 -c 26.2144 -g 0.00417 -r 1 (84.6896551724138, 0.6124137931034482, 0.48068427458273755)
-t 0 -c 104.8576 -g 0.00417 -r 1 (84.73563218390805, 0.6105747126436781, 0.48194613066255493)
-t 0 -c 419.4304 -g 0.00417 -r 1 (84.91954022988506, 0.6032183908045977, 0.4871075373933705)
-t 0 -c 1677.7216 -g 0.00417 -r 1 (84.183908045977, 0.6326436781609195, 0.4668758238298003)
-t 0 -c 0.0001 -g 0.00833 -r 1 (52.0, 1.92, nan)
-t 0 -c 0.0004 -g 0.00833 -r 1 (52.13793103448276, 1.9144827586206896, 0.001496316758747698)
-t 0 -c 0.0016 -g 0.00833 -r 1 (84.27586206896552, 0.6289655172413793, 0.4712614204371819)
-t 0 -c 0.0064 -g 0.00833 -r 1 (85.42528735632185, 0.5829885057471265, 0.5034416659316027)
-t 0 -c 0.0256 -g 0.00833 -r 1 (84.64367816091954, 0.6142528735632183, 0.4804831650817191)
-t 0 -c 0.1024 -g 0.00833 -r 1 (84.7816091954023, 0.608735632183908, 0.4835520614938203)
-t 0 -c 0.4096 -g 0.00833 -r 1 (84.36781609195403, 0.6252873563218391, 0.4723806736610853)
-t 0 -c 1.6384 -g 0.00833 -r 1 (84.64367816091954, 0.6142528735632183, 0.4794249775264802)
-t 0 -c 6.5536 -g 0.00833 -r 1 (84.6896551724138, 0.6124137931034482, 0.48071886670199476)
-t 0 -c 26.2144 -g 0.00833 -r 1 (84.6896551724138, 0.6124137931034482, 0.48068427458273755)
-t 0 -c 104.8576 -g 0.00833 -r 1 (84.73563218390805, 0.6105747126436781, 0.48194613066255493)
-t 0 -c 419.4304 -g 0.00833 -r 1 (84.91954022988506, 0.6032183908045977, 0.4871075373933705)
-t 0 -c 1677.7216 -g 0.00833 -r 1 (84.183908045977, 0.6326436781609195, 0.4668758238298003)
-t 0 -c 0.0001 -g 0.01667 -r 1 (52.0, 1.92, nan)
-t 0 -c 0.0004 -g 0.01667 -r 1 (52.13793103448276, 1.9144827586206896, 0.001496316758747698)
-t 0 -c 0.0016 -g 0.01667 -r 1 (84.27586206896552, 0.6289655172413793, 0.4712614204371819)
-t 0 -c 0.0064 -g 0.01667 -r 1 (85.42528735632185, 0.5829885057471265, 0.5034416659316027)
-t 0 -c 0.0256 -g 0.01667 -r 1 (84.64367816091954, 0.6142528735632183, 0.4804831650817191)
-t 0 -c 0.1024 -g 0.01667 -r 1 (84.7816091954023, 0.608735632183908, 0.4835520614938203)
-t 0 -c 0.4096 -g 0.01667 -r 1 (84.36781609195403, 0.6252873563218391, 0.4723806736610853)
-t 0 -c 1.6384 -g 0.01667 -r 1 (84.64367816091954, 0.6142528735632183, 0.4794249775264802)
-t 0 -c 6.5536 -g 0.01667 -r 1 (84.6896551724138, 0.6124137931034482, 0.48071886670199476)
-t 0 -c 26.2144 -g 0.01667 -r 1 (84.6896551724138, 0.6124137931034482, 0.48068427458273755)
-t 0 -c 104.8576 -g 0.01667 -r 1 (84.73563218390805, 0.6105747126436781, 0.48194613066255493)
-t 0 -c 419.4304 -g 0.01667 -r 1 (84.91954022988506, 0.6032183908045977, 0.4871075373933705)
-t 0 -c 1677.7216 -g 0.01667 -r 1 (84.183908045977, 0.6326436781609195, 0.4668758238298003)
-t 0 -c 0.0001 -g 0.03333 -r 1 (52.0, 1.92, nan)
-t 0 -c 0.0004 -g 0.03333 -r 1 (52.13793103448276, 1.9144827586206896, 0.001496316758747698)
-t 0 -c 0.0016 -g 0.03333 -r 1 (84.27586206896552, 0.6289655172413793, 0.4712614204371819)
-t 0 -c 0.0064 -g 0.03333 -r 1 (85.42528735632185, 0.5829885057471265, 0.5034416659316027)
-t 0 -c 0.0256 -g 0.03333 -r 1 (84.64367816091954, 0.6142528735632183, 0.4804831650817191)
-t 0 -c 0.1024 -g 0.03333 -r 1 (84.7816091954023, 0.608735632183908, 0.4835520614938203)
-t 0 -c 0.4096 -g 0.03333 -r 1 (84.36781609195403, 0.6252873563218391, 0.4723806736610853)
-t 0 -c 1.6384 -g 0.03333 -r 1 (84.64367816091954, 0.6142528735632183, 0.4794249775264802)
-t 0 -c 6.5536 -g 0.03333 -r 1 (84.6896551724138, 0.6124137931034482, 0.48071886670199476)
-t 0 -c 26.2144 -g 0.03333 -r 1 (84.6896551724138, 0.6124137931034482, 0.48068427458273755)
-t 0 -c 104.8576 -g 0.03333 -r 1 (84.73563218390805, 0.6105747126436781, 0.48194613066255493)
-t 0 -c 419.4304 -g 0.03333 -r 1 (84.91954022988506, 0.6032183908045977, 0.4871075373933705)
-t 0 -c 1677.7216 -g 0.03333 -r 1 (84.183908045977, 0.6326436781609195, 0.4668758238298003)
-t 0 -c 0.0001 -g 0.06667 -r 1 (52.0, 1.92, nan)
-t 0 -c 0.0004 -g 0.06667 -r 1 (52.13793103448276, 1.9144827586206896, 0.001496316758747698)
-t 0 -c 0.0016 -g 0.06667 -r 1 (84.27586206896552, 0.6289655172413793, 0.4712614204371819)
-t 0 -c 0.0064 -g 0.06667 -r 1 (85.42528735632185, 0.5829885057471265, 0.5034416659316027)
-t 0 -c 0.0256 -g 0.06667 -r 1 (84.64367816091954, 0.6142528735632183, 0.4804831650817191)
-t 0 -c 0.1024 -g 0.06667 -r 1 (84.7816091954023, 0.608735632183908, 0.4835520614938203)
-t 0 -c 0.4096 -g 0.06667 -r 1 (84.36781609195403, 0.6252873563218391, 0.4723806736610853)
-t 0 -c 1.6384 -g 0.06667 -r 1 (84.64367816091954, 0.6142528735632183, 0.4794249775264802)
-t 0 -c 6.5536 -g 0.06667 -r 1 (84.6896551724138, 0.6124137931034482, 0.48071886670199476)
-t 0 -c 26.2144 -g 0.06667 -r 1 (84.6896551724138, 0.6124137931034482, 0.48068427458273755)
-t 0 -c 104.8576 -g 0.06667 -r 1 (84.73563218390805, 0.6105747126436781, 0.48194613066255493)
