-t 1 -c 0.0001 -g 0.00208 -r 0 -d 2 (52.0, 1.92, nan)
-t 1 -c 0.0001 -g 0.00208 -r 0 -d 3 (52.0, 1.92, nan)
-t 1 -c 0.0001 -g 0.00208 -r 0 -d 4 (52.0, 1.92, nan)
-t 1 -c 0.0001 -g 0.00208 -r 0 -d 5 (52.0, 1.92, nan)
-t 1 -c 0.0001 -g 0.00208 -r 0 -d 6 (52.0, 1.92, nan)
-t 1 -c 0.0004 -g 0.00208 -r 0 -d 2 (52.0, 1.92, nan)
-t 1 -c 0.0004 -g 0.00208 -r 0 -d 3 (52.0, 1.92, nan)
-t 1 -c 0.0004 -g 0.00208 -r 0 -d 4 (52.0, 1.92, nan)
-t 1 -c 0.0004 -g 0.00208 -r 0 -d 5 (52.0, 1.92, nan)
-t 1 -c 0.0004 -g 0.00208 -r 0 -d 6 (52.0, 1.92, nan)
-t 1 -c 0.0016 -g 0.00208 -r 0 -d 2 (52.0, 1.92, nan)
-t 1 -c 0.0016 -g 0.00208 -r 0 -d 3 (52.0, 1.92, nan)
-t 1 -c 0.0016 -g 0.00208 -r 0 -d 4 (52.0, 1.92, nan)
-t 1 -c 0.0016 -g 0.00208 -r 0 -d 5 (52.0, 1.92, nan)
-t 1 -c 0.0016 -g 0.00208 -r 0 -d 6 (52.0, 1.92, nan)
-t 1 -c 0.0064 -g 0.00208 -r 0 -d 2 (52.0, 1.92, nan)
-t 1 -c 0.0064 -g 0.00208 -r 0 -d 3 (52.0, 1.92, nan)
-t 1 -c 0.0064 -g 0.00208 -r 0 -d 4 (52.0, 1.92, nan)
-t 1 -c 0.0064 -g 0.00208 -r 0 -d 5 (52.0, 1.92, nan)
-t 1 -c 0.0064 -g 0.00208 -r 0 -d 6 (52.0, 1.92, nan)
-t 1 -c 0.0256 -g 0.00208 -r 0 -d 2 (52.0, 1.92, nan)
-t 1 -c 0.0256 -g 0.00208 -r 0 -d 3 (52.0, 1.92, nan)
-t 1 -c 0.0256 -g 0.00208 -r 0 -d 4 (52.0, 1.92, nan)
-t 1 -c 0.0256 -g 0.00208 -r 0 -d 5 (52.0, 1.92, nan)
-t 1 -c 0.0256 -g 0.00208 -r 0 -d 6 (52.0, 1.92, nan)
-t 1 -c 0.1024 -g 0.00208 -r 0 -d 2 (52.0, 1.92, nan)
-t 1 -c 0.1024 -g 0.00208 -r 0 -d 3 (52.0, 1.92, nan)
-t 1 -c 0.1024 -g 0.00208 -r 0 -d 4 (52.0, 1.92, nan)
-t 1 -c 0.1024 -g 0.00208 -r 0 -d 5 (52.0, 1.92, nan)
-t 1 -c 0.1024 -g 0.00208 -r 0 -d 6 (52.0, 1.92, nan)
-t 1 -c 0.4096 -g 0.00208 -r 0 -d 2 (52.0, 1.92, nan)
-t 1 -c 0.4096 -g 0.00208 -r 0 -d 3 (52.0, 1.92, nan)
-t 1 -c 0.4096 -g 0.00208 -r 0 -d 4 (52.0, 1.92, nan)
-t 1 -c 0.4096 -g 0.00208 -r 0 -d 5 (52.0, 1.92, nan)
-t 1 -c 0.4096 -g 0.00208 -r 0 -d 6 (52.0, 1.92, nan)
-t 1 -c 1.6384 -g 0.00208 -r 0 -d 2 (52.0, 1.92, nan)
-t 1 -c 1.6384 -g 0.00208 -r 0 -d 3 (52.0, 1.92, nan)
-t 1 -c 1.6384 -g 0.00208 -r 0 -d 4 (52.0, 1.92, nan)
-t 1 -c 1.6384 -g 0.00208 -r 0 -d 5 (52.0, 1.92, nan)
-t 1 -c 1.6384 -g 0.00208 -r 0 -d 6 (52.0, 1.92, nan)
-t 1 -c 6.5536 -g 0.00208 -r 0 -d 2 (52.0, 1.92, nan)
-t 1 -c 6.5536 -g 0.00208 -r 0 -d 3 (52.0, 1.92, nan)
-t 1 -c 6.5536 -g 0.00208 -r 0 -d 4 (52.0, 1.92, nan)
-t 1 -c 6.5536 -g 0.00208 -r 0 -d 5 (52.0, 1.92, nan)
-t 1 -c 6.5536 -g 0.00208 -r 0 -d 6 (52.0, 1.92, nan)
-t 1 -c 26.2144 -g 0.00208 -r 0 -d 2 (56.0, 1.76, 0.04424497403910721)
-t 1 -c 26.2144 -g 0.00208 -r 0 -d 3 (52.0, 1.92, nan)
-t 1 -c 26.2144 -g 0.00208 -r 0 -d 4 (52.0, 1.92, nan)
-t 1 -c 26.2144 -g 0.00208 -r 0 -d 5 (52.0, 1.92, nan)
-t 1 -c 26.2144 -g 0.00208 -r 0 -d 6 (52.0, 1.92, nan)
-t 1 -c 104.8576 -g 0.00208 -r 0 -d 2 (81.65517241379311, 0.7337931034482759, 0.4063485248020098)
-t 1 -c 104.8576 -g 0.00208 -r 0 -d 3 (52.0, 1.92, nan)
-t 1 -c 104.8576 -g 0.00208 -r 0 -d 4 (52.0, 1.92, nan)
-t 1 -c 104.8576 -g 0.00208 -r 0 -d 5 (52.0, 1.92, nan)
-t 1 -c 104.8576 -g 0.00208 -r 0 -d 6 (52.0, 1.92, nan)
-t 1 -c 419.4304 -g 0.00208 -r 0 -d 2 (81.97701149425288, 0.720919540229885, 0.40881446396298443)
-t 1 -c 419.4304 -g 0.00208 -r 0 -d 3 (52.275862068965516, 1.9089655172413793, 0.002996772706316275)
-t 1 -c 419.4304 -g 0.00208 -r 0 -d 4 (52.0, 1.92, nan)
-t 1 -c 419.4304 -g 0.00208 -r 0 -d 5 (52.0, 1.92, nan)
-t 1 -c 419.4304 -g 0.00208 -r 0 -d 6 (52.0, 1.92, nan)
-t 1 -c 1677.7216 -g 0.00208 -r 0 -d 2 (79.95402298850574, 0.8018390804597701, 0.35958481441612544)
-t 1 -c 1677.7216 -g 0.00208 -r 0 -d 3 (83.35632183908046, 0.6657471264367816, 0.4602482095805934)
-t 1 -c 1677.7216 -g 0.00208 -r 0 -d 4 (52.0, 1.92, nan)
-t 1 -c 1677.7216 -g 0.00208 -r 0 -d 5 (52.0, 1.92, nan)
-t 1 -c 1677.7216 -g 0.00208 -r 0 -d 6 (52.0, 1.92, nan)
-t 1 -c 0.0001 -g 0.00417 -r 0 -d 2 (52.0, 1.92, nan)
-t 1 -c 0.0001 -g 0.00417 -r 0 -d 3 (52.0, 1.92, nan)
-t 1 -c 0.0001 -g 0.00417 -r 0 -d 4 (52.0, 1.92, nan)
-t 1 -c 0.0001 -g 0.00417 -r 0 -d 5 (52.0, 1.92, nan)
-t 1 -c 0.0001 -g 0.00417 -r 0 -d 6 (52.0, 1.92, nan)
-t 1 -c 0.0004 -g 0.00417 -r 0 -d 2 (52.0, 1.92, nan)
-t 1 -c 0.0004 -g 0.00417 -r 0 -d 3 (52.0, 1.92, nan)
-t 1 -c 0.0004 -g 0.00417 -r 0 -d 4 (52.0, 1.92, nan)
-t 1 -c 0.0004 -g 0.00417 -r 0 -d 5 (52.0, 1.92, nan)
-t 1 -c 0.0004 -g 0.00417 -r 0 -d 6 (52.0, 1.92, nan)
-t 1 -c 0.0016 -g 0.00417 -r 0 -d 2 (52.0, 1.92, nan)
-t 1 -c 0.0016 -g 0.00417 -r 0 -d 3 (52.0, 1.92, nan)
-t 1 -c 0.0016 -g 0.00417 -r 0 -d 4 (52.0, 1.92, nan)
-t 1 -c 0.0016 -g 0.00417 -r 0 -d 5 (52.0, 1.92, nan)
-t 1 -c 0.0016 -g 0.00417 -r 0 -d 6 (52.0, 1.92, nan)
-t 1 -c 0.0064 -g 0.00417 -r 0 -d 2 (52.0, 1.92, nan)
-t 1 -c 0.0064 -g 0.00417 -r 0 -d 3 (52.0, 1.92, nan)
-t 1 -c 0.0064 -g 0.00417 -r 0 -d 4 (52.0, 1.92, nan)
-t 1 -c 0.0064 -g 0.00417 -r 0 -d 5 (52.0, 1.92, nan)
-t 1 -c 0.0064 -g 0.00417 -r 0 -d 6 (52.0, 1.92, nan)
-t 1 -c 0.0256 -g 0.00417 -r 0 -d 2 (52.0, 1.92, nan)
-t 1 -c 0.0256 -g 0.00417 -r 0 -d 3 (52.0, 1.92, nan)
-t 1 -c 0.0256 -g 0.00417 -r 0 -d 4 (52.0, 1.92, nan)
-t 1 -c 0.0256 -g 0.00417 -r 0 -d 5 (52.0, 1.92, nan)
-t 1 -c 0.0256 -g 0.00417 -r 0 -d 6 (52.0, 1.92, nan)
-t 1 -c 0.1024 -g 0.00417 -r 0 -d 2 (52.0, 1.92, nan)
-t 1 -c 0.1024 -g 0.00417 -r 0 -d 3 (52.0, 1.92, nan)
-t 1 -c 0.1024 -g 0.00417 -r 0 -d 4 (52.0, 1.92, nan)
-t 1 -c 0.1024 -g 0.00417 -r 0 -d 5 (52.0, 1.92, nan)
-t 1 -c 0.1024 -g 0.00417 -r 0 -d 6 (52.0, 1.92, nan)
-t 1 -c 0.4096 -g 0.00417 -r 0 -d 2 (52.0, 1.92, nan)
-t 1 -c 0.4096 -g 0.00417 -r 0 -d 3 (52.0, 1.92, nan)
-t 1 -c 0.4096 -g 0.00417 -r 0 -d 4 (52.0, 1.92, nan)
-t 1 -c 0.4096 -g 0.00417 -r 0 -d 5 (52.0, 1.92, nan)
-t 1 -c 0.4096 -g 0.00417 -r 0 -d 6 (52.0, 1.92, nan)
-t 1 -c 1.6384 -g 0.00417 -r 0 -d 2 (52.0, 1.92, nan)
-t 1 -c 1.6384 -g 0.00417 -r 0 -d 3 (52.0, 1.92, nan)
-t 1 -c 1.6384 -g 0.00417 -r 0 -d 4 (52.0, 1.92, nan)
-t 1 -c 1.6384 -g 0.00417 -r 0 -d 5 (52.0, 1.92, nan)
-t 1 -c 1.6384 -g 0.00417 -r 0 -d 6 (52.0, 1.92, nan)
-t 1 -c 6.5536 -g 0.00417 -r 0 -d 2 (56.13793103448276, 1.7544827586206897, 0.045868241928742046)
-t 1 -c 6.5536 -g 0.00417 -r 0 -d 3 (52.0, 1.92, nan)
-t 1 -c 6.5536 -g 0.00417 -r 0 -d 4 (52.0, 1.92, nan)
-t 1 -c 6.5536 -g 0.00417 -r 0 -d 5 (52.0, 1.92, nan)
-t 1 -c 6.5536 -g 0.00417 -r 0 -d 6 (52.0, 1.92, nan)
-t 1 -c 26.2144 -g 0.00417 -r 0 -d 2 (81.79310344827586, 0.7282758620689656, 0.40964680798020553)
-t 1 -c 26.2144 -g 0.00417 -r 0 -d 3 (52.0, 1.92, nan)
-t 1 -c 26.2144 -g 0.00417 -r 0 -d 4 (52.0, 1.92, nan)
-t 1 -c 26.2144 -g 0.00417 -r 0 -d 5 (52.0, 1.92, nan)
-t 1 -c 26.2144 -g 0.00417 -r 0 -d 6 (52.0, 1.92, nan)
-t 1 -c 104.8576 -g 0.00417 -r 0 -d 2 (81.97701149425288, 0.720919540229885, 0.40881446396298443)
-t 1 -c 104.8576 -g 0.00417 -r 0 -d 3 (67.86206896551724, 1.2855172413793103, 0.1915853911148565)
-t 1 -c 104.8576 -g 0.00417 -r 0 -d 4 (52.0, 1.92, nan)
-t 1 -c 104.8576 -g 0.00417 -r 0 -d 5 (52.0, 1.92, nan)
-t 1 -c 104.8576 -g 0.00417 -r 0 -d 6 (52.0, 1.92, nan)
-t 1 -c 419.4304 -g 0.00417 -r 0 -d 2 (79.95402298850574, 0.8018390804597701, 0.35958481441612544)
-t 1 -c 419.4304 -g 0.00417 -r 0 -d 3 (86.48275862068965, 0.5406896551724137, 0.5321089112763444)
-t 1 -c 419.4304 -g 0.00417 -r 0 -d 4 (52.13793103448276, 1.9144827586206896, 0.001496316758747698)
-t 1 -c 419.4304 -g 0.00417 -r 0 -d 5 (52.0, 1.92, nan)
-t 1 -c 419.4304 -g 0.00417 -r 0 -d 6 (52.0, 1.92, nan)
-t 1 -c 1677.7216 -g 0.00417 -r 0 -d 2 (80.04597701149426, 0.7981609195402298, 0.361705201616596)
-t 1 -c 1677.7216 -g 0.00417 -r 0 -d 3 (86.34482758620689, 0.5462068965517242, 0.5313596074948287)
-t 1 -c 1677.7216 -g 0.00417 -r 0 -d 4 (69.47126436781609, 1.2211494252873563, 0.21970338457639363)
-t 1 -c 1677.7216 -g 0.00417 -r 0 -d 5 (52.0, 1.92, nan)
-t 1 -c 1677.7216 -g 0.00417 -r 0 -d 6 (52.0, 1.92, nan)
-t 1 -c 0.0001 -g 0.00833 -r 0 -d 2 (52.0, 1.92, nan)
-t 1 -c 0.0001 -g 0.00833 -r 0 -d 3 (52.0, 1.92, nan)
-t 1 -c 0.0001 -g 0.00833 -r 0 -d 4 (52.0, 1.92, nan)
-t 1 -c 0.0001 -g 0.00833 -r 0 -d 5 (52.0, 1.92, nan)
-t 1 -c 0.0001 -g 0.00833 -r 0 -d 6 (52.0, 1.92, nan)
-t 1 -c 0.0004 -g 0.00833 -r 0 -d 2 (52.0, 1.92, nan)
-t 1 -c 0.0004 -g 0.00833 -r 0 -d 3 (52.0, 1.92, nan)
-t 1 -c 0.0004 -g 0.00833 -r 0 -d 4 (52.0, 1.92, nan)
-t 1 -c 0.0004 -g 0.00833 -r 0 -d 5 (52.0, 1.92, nan)
-t 1 -c 0.0004 -g 0.00833 -r 0 -d 6 (52.0, 1.92, nan)
-t 1 -c 0.0016 -g 0.00833 -r 0 -d 2 (52.0, 1.92, nan)
-t 1 -c 0.0016 -g 0.00833 -r 0 -d 3 (52.0, 1.92, nan)
