0.001 constant (100, 20) logistic lbfgs
             precision    recall  f1-score   support

       -1.0       0.87      0.85      0.86     23027
        1.0       0.55      0.59      0.57      7269

avg / total       0.79      0.79      0.79     30296

0.001 constant (200, 50) logistic lbfgs
             precision    recall  f1-score   support

       -1.0       0.87      0.85      0.86     23027
        1.0       0.56      0.60      0.58      7269

avg / total       0.79      0.79      0.79     30296

0.001 constant (200, 300, 100) logistic lbfgs
             precision    recall  f1-score   support

       -1.0       0.88      0.88      0.88     23027
        1.0       0.62      0.62      0.62      7269

avg / total       0.82      0.82      0.82     30296

0.001 constant (400, 100, 40) logistic lbfgs
             precision    recall  f1-score   support

       -1.0       0.89      0.87      0.88     23027
        1.0       0.61      0.64      0.63      7269

avg / total       0.82      0.82      0.82     30296

0.001 constant (400, 200, 100) logistic lbfgs
             precision    recall  f1-score   support

       -1.0       0.88      0.88      0.88     23027
        1.0       0.62      0.60      0.61      7269

avg / total       0.81      0.81      0.81     30296

0.001 constant (400, 200, 100, 30) logistic lbfgs
             precision    recall  f1-score   support

       -1.0       0.76      1.00      0.86     23027
        1.0       0.00      0.00      0.00      7269

avg / total       0.58      0.76      0.66     30296

0.001 constant (200, 400, 100, 30) logistic lbfgs
             precision    recall  f1-score   support

       -1.0       0.76      1.00      0.86     23027
        1.0       0.00      0.00      0.00      7269

avg / total       0.58      0.76      0.66     30296

0.001 constant (100, 20) logistic sgd
             precision    recall  f1-score   support

       -1.0       0.76      1.00      0.86     23027
        1.0       0.00      0.00      0.00      7269

avg / total       0.58      0.76      0.66     30296

0.001 constant (200, 50) logistic sgd
             precision    recall  f1-score   support

       -1.0       0.76      1.00      0.86     23027
        1.0       0.00      0.00      0.00      7269

avg / total       0.58      0.76      0.66     30296

0.001 constant (200, 300, 100) logistic sgd
             precision    recall  f1-score   support

       -1.0       0.76      1.00      0.86     23027
        1.0       0.00      0.00      0.00      7269

avg / total       0.58      0.76      0.66     30296

0.001 constant (400, 100, 40) logistic sgd
             precision    recall  f1-score   support

       -1.0       0.76      1.00      0.86     23027
        1.0       0.00      0.00      0.00      7269

avg / total       0.58      0.76      0.66     30296

0.001 constant (400, 200, 100) logistic sgd
             precision    recall  f1-score   support

       -1.0       0.76      1.00      0.86     23027
        1.0       0.00      0.00      0.00      7269

avg / total       0.58      0.76      0.66     30296

0.001 constant (400, 200, 100, 30) logistic sgd
             precision    recall  f1-score   support

       -1.0       0.76      1.00      0.86     23027
        1.0       0.00      0.00      0.00      7269

avg / total       0.58      0.76      0.66     30296

0.001 constant (200, 400, 100, 30) logistic sgd
             precision    recall  f1-score   support

       -1.0       0.76      1.00      0.86     23027
        1.0       0.00      0.00      0.00      7269

avg / total       0.58      0.76      0.66     30296

0.001 constant (100, 20) logistic adam
             precision    recall  f1-score   support

       -1.0       0.89      0.90      0.90     23027
        1.0       0.67      0.66      0.67      7269

avg / total       0.84      0.84      0.84     30296

0.001 constant (200, 50) logistic adam
             precision    recall  f1-score   support

       -1.0       0.90      0.89      0.89     23027
        1.0       0.66      0.68      0.67      7269

avg / total       0.84      0.84      0.84     30296

0.001 constant (200, 300, 100) logistic adam
             precision    recall  f1-score   support

       -1.0       0.91      0.87      0.89     23027
        1.0       0.63      0.73      0.68      7269

avg / total       0.84      0.83      0.84     30296

0.001 constant (400, 100, 40) logistic adam
             precision    recall  f1-score   support

       -1.0       0.91      0.87      0.89     23027
        1.0       0.63      0.72      0.67      7269

avg / total       0.84      0.83      0.84     30296

0.001 constant (400, 200, 100) logistic adam
             precision    recall  f1-score   support

       -1.0       0.88      0.92      0.90     23027
        1.0       0.71      0.60      0.65      7269

avg / total       0.84      0.85      0.84     30296

0.001 constant (400, 200, 100, 30) logistic adam
             precision    recall  f1-score   support

       -1.0       0.89      0.90      0.90     23027
        1.0       0.67      0.66      0.67      7269

avg / total       0.84      0.84      0.84     30296

0.001 constant (200, 400, 100, 30) logistic adam
             precision    recall  f1-score   support

       -1.0       0.91      0.87      0.89     23027
        1.0       0.64      0.72      0.68      7269

avg / total       0.84      0.83      0.84     30296

0.001 constant (100, 20) tanh lbfgs
             precision    recall  f1-score   support

       -1.0       0.87      0.85      0.86     23027
        1.0       0.57      0.60      0.58      7269

avg / total       0.80      0.79      0.80     30296

0.001 constant (200, 50) tanh lbfgs
             precision    recall  f1-score   support

       -1.0       0.87      0.85      0.86     23027
        1.0       0.57      0.61      0.59      7269

avg / total       0.80      0.80      0.80     30296

0.001 constant (200, 300, 100) tanh lbfgs
             precision    recall  f1-score   support

       -1.0       0.87      0.86      0.86     23027
        1.0       0.57      0.60      0.58      7269

avg / total       0.80      0.79      0.80     30296

0.001 constant (400, 100, 40) tanh lbfgs
             precision    recall  f1-score   support

       -1.0       0.87      0.86      0.87     23027
        1.0       0.58      0.61      0.59      7269

avg / total       0.80      0.80      0.80     30296

0.001 constant (400, 200, 100) tanh lbfgs
             precision    recall  f1-score   support

       -1.0       0.87      0.85      0.86     23027
        1.0       0.56      0.59      0.57      7269

avg / total       0.79      0.79      0.79     30296

0.001 constant (400, 200, 100, 30) tanh lbfgs
             precision    recall  f1-score   support

       -1.0       0.87      0.85      0.86     23027
        1.0       0.57      0.60      0.58      7269

avg / total       0.80      0.79      0.80     30296

0.001 constant (200, 400, 100, 30) tanh lbfgs
             precision    recall  f1-score   support

       -1.0       0.87      0.85      0.86     23027
        1.0       0.56      0.61      0.58      7269

avg / total       0.80      0.79      0.79     30296

0.001 constant (100, 20) tanh sgd
             precision    recall  f1-score   support

       -1.0       0.88      0.92      0.90     23027
        1.0       0.70      0.61      0.65      7269

avg / total       0.84      0.84      0.84     30296

0.001 constant (200, 50) tanh sgd
             precision    recall  f1-score   support

       -1.0       0.88      0.92      0.90     23027
        1.0       0.71      0.60      0.65      7269

avg / total       0.84      0.85      0.84     30296

0.001 constant (200, 300, 100) tanh sgd
             precision    recall  f1-score   support

       -1.0       0.88      0.92      0.90     23027
        1.0       0.71      0.61      0.66      7269

avg / total       0.84      0.85      0.84     30296

0.001 constant (400, 100, 40) tanh sgd
             precision    recall  f1-score   support

       -1.0       0.89      0.91      0.90     23027
        1.0       0.70      0.63      0.66      7269

avg / total       0.84      0.85      0.84     30296

0.001 constant (400, 200, 100) tanh sgd
             precision    recall  f1-score   support

       -1.0       0.88      0.92      0.90     23027
        1.0       0.71      0.60      0.65      7269

avg / total       0.84      0.85      0.84     30296

0.001 constant (400, 200, 100, 30) tanh sgd
             precision    recall  f1-score   support

       -1.0       0.89      0.92      0.90     23027
        1.0       0.70      0.63      0.66      7269

avg / total       0.84      0.85      0.84     30296

0.001 constant (200, 400, 100, 30) tanh sgd
             precision    recall  f1-score   support

       -1.0       0.89      0.92      0.90     23027
        1.0       0.70      0.62      0.66      7269

avg / total       0.84      0.85      0.84     30296

0.001 constant (100, 20) tanh adam
             precision    recall  f1-score   support

       -1.0       0.89      0.85      0.87     23027
        1.0       0.58      0.65      0.62      7269

avg / total       0.81      0.81      0.81     30296

0.001 constant (200, 50) tanh adam
             precision    recall  f1-score   support

       -1.0       0.87      0.87      0.87     23027
        1.0       0.60      0.60      0.60      7269

avg / total       0.81      0.81      0.81     30296

0.001 constant (200, 300, 100) tanh adam
             precision    recall  f1-score   support

       -1.0       0.88      0.86      0.87     23027
        1.0       0.58      0.62      0.60      7269

avg / total       0.81      0.80      0.80     30296

0.001 constant (400, 100, 40) tanh adam
             precision    recall  f1-score   support

       -1.0       0.88      0.87      0.88     23027
        1.0       0.60      0.62      0.61      7269

avg / total       0.81      0.81      0.81     30296

0.001 constant (400, 200, 100) tanh adam
             precision    recall  f1-score   support

       -1.0       0.89      0.85      0.87     23027
        1.0       0.58      0.65      0.61      7269

avg / total       0.81      0.80      0.81     30296

0.001 constant (400, 200, 100, 30) tanh adam
             precision    recall  f1-score   support

       -1.0       0.87      0.88      0.87     23027
        1.0       0.60      0.58      0.59      7269

avg / total       0.81      0.81      0.81     30296

0.001 constant (200, 400, 100, 30) tanh adam
             precision    recall  f1-score   support

       -1.0       0.89      0.85      0.87     23027
        1.0       0.58      0.66      0.62      7269

avg / total       0.81      0.80      0.81     30296

0.001 constant (100, 20) relu lbfgs
             precision    recall  f1-score   support

       -1.0       0.87      0.85      0.86     23027
        1.0       0.56      0.60      0.58      7269

avg / total       0.80      0.79      0.79     30296

0.001 constant (200, 50) relu lbfgs
             precision    recall  f1-score   support

       -1.0       0.87      0.85      0.86     23027
        1.0       0.56      0.60      0.58      7269

avg / total       0.80      0.79      0.79     30296

0.001 constant (200, 300, 100) relu lbfgs
             precision    recall  f1-score   support

       -1.0       0.87      0.86      0.86     23027
        1.0       0.57      0.58      0.57      7269

avg / total       0.79      0.79      0.79     30296

0.001 constant (400, 100, 40) relu lbfgs
             precision    recall  f1-score   support

       -1.0       0.87      0.86      0.86     23027
        1.0       0.57      0.60      0.58      7269

avg / total       0.80      0.80      0.80     30296

0.001 constant (400, 200, 100) relu lbfgs
             precision    recall  f1-score   support

       -1.0       0.87      0.85      0.86     23027
        1.0       0.57      0.61      0.59      7269

avg / total       0.80      0.79      0.80     30296

0.001 constant (400, 200, 100, 30) relu lbfgs
             precision    recall  f1-score   support

       -1.0       0.87      0.87      0.87     23027
        1.0       0.58      0.58      0.58      7269

avg / total       0.80      0.80      0.80     30296

0.001 constant (200, 400, 100, 30) relu lbfgs
             precision    recall  f1-score   support

       -1.0       0.87      0.86      0.86     23027
        1.0       0.57      0.58      0.57      7269

avg / total       0.80      0.79      0.79     30296

0.001 constant (100, 20) relu sgd
             precision    recall  f1-score   support

       -1.0       0.88      0.92      0.90     23027
        1.0       0.70      0.60      0.65      7269

avg / total       0.84      0.84      0.84     30296

0.001 constant (200, 50) relu sgd
             precision    recall  f1-score   support

       -1.0       0.88      0.92      0.90     23027
        1.0       0.71      0.61      0.66      7269

avg / total       0.84      0.85      0.84     30296

0.001 constant (200, 300, 100) relu sgd
             precision    recall  f1-score   support

       -1.0       0.89      0.91      0.90     23027
        1.0       0.70      0.64      0.67      7269

avg / total       0.84      0.85      0.85     30296

0.001 constant (400, 100, 40) relu sgd
             precision    recall  f1-score   support

       -1.0       0.89      0.91      0.90     23027
        1.0       0.69      0.63      0.66      7269

avg / total       0.84      0.84      0.84     30296

0.001 constant (400, 200, 100) relu sgd
             precision    recall  f1-score   support

       -1.0       0.89      0.91      0.90     23027
        1.0       0.69      0.63      0.66      7269

avg / total       0.84      0.84      0.84     30296

0.001 constant (400, 200, 100, 30) relu sgd
             precision    recall  f1-score   support

       -1.0       0.89      0.91      0.90     23027
        1.0       0.70      0.62      0.66      7269

avg / total       0.84      0.84      0.84     30296

0.001 constant (200, 400, 100, 30) relu sgd
             precision    recall  f1-score   support

       -1.0       0.89      0.90      0.90     23027
        1.0       0.67      0.66      0.67      7269

avg / total       0.84      0.84      0.84     30296

0.001 constant (100, 20) relu adam
             precision    recall  f1-score   support

       -1.0       0.88      0.86      0.87     23027
        1.0       0.58      0.63      0.60      7269

avg / total       0.81      0.80      0.80     30296

0.001 constant (200, 50) relu adam
             precision    recall  f1-score   support

       -1.0       0.88      0.87      0.87     23027
        1.0       0.60      0.62      0.61      7269

avg / total       0.81      0.81      0.81     30296

0.001 constant (200, 300, 100) relu adam
             precision    recall  f1-score   support

       -1.0       0.87      0.89      0.88     23027
        1.0       0.62      0.56      0.59      7269

avg / total       0.81      0.81      0.81     30296

0.001 constant (400, 100, 40) relu adam
             precision    recall  f1-score   support

       -1.0       0.86      0.89      0.88     23027
        1.0       0.62      0.55      0.58      7269

avg / total       0.80      0.81      0.81     30296

0.001 constant (400, 200, 100) relu adam
             precision    recall  f1-score   support

       -1.0       0.86      0.90      0.88     23027
        1.0       0.63      0.55      0.59      7269

avg / total       0.81      0.81      0.81     30296

0.001 constant (400, 200, 100, 30) relu adam
             precision    recall  f1-score   support

       -1.0       0.87      0.87      0.87     23027
        1.0       0.60      0.60      0.60      7269

avg / total       0.81      0.81      0.81     30296

0.001 constant (200, 400, 100, 30) relu adam
             precision    recall  f1-score   support

       -1.0       0.86      0.90      0.88     23027
        1.0       0.63      0.55      0.59      7269

avg / total       0.81      0.81      0.81     30296

0.001 adaptive (100, 20) logistic lbfgs
             precision    recall  f1-score   support

       -1.0       0.87      0.85      0.86     23027
        1.0       0.55      0.59      0.57      7269

avg / total       0.79      0.79      0.79     30296

0.001 adaptive (200, 50) logistic lbfgs
             precision    recall  f1-score   support

       -1.0       0.87      0.85      0.86     23027
        1.0       0.56      0.60      0.58      7269

avg / total       0.79      0.79      0.79     30296

0.001 adaptive (200, 300, 100) logistic lbfgs
             precision    recall  f1-score   support

       -1.0       0.88      0.88      0.88     23027
        1.0       0.62      0.62      0.62      7269

avg / total       0.82      0.82      0.82     30296

0.001 adaptive (400, 100, 40) logistic lbfgs
             precision    recall  f1-score   support

       -1.0       0.89      0.87      0.88     23027
        1.0       0.61      0.64      0.63      7269

avg / total       0.82      0.82      0.82     30296

0.001 adaptive (400, 200, 100) logistic lbfgs
             precision    recall  f1-score   support

       -1.0       0.88      0.88      0.88     23027
        1.0       0.62      0.60      0.61      7269

avg / total       0.81      0.81      0.81     30296

0.001 adaptive (400, 200, 100, 30) logistic lbfgs
             precision    recall  f1-score   support

       -1.0       0.76      1.00      0.86     23027
        1.0       0.00      0.00      0.00      7269

avg / total       0.58      0.76      0.66     30296

0.001 adaptive (200, 400, 100, 30) logistic lbfgs
             precision    recall  f1-score   support

       -1.0       0.76      1.00      0.86     23027
        1.0       0.00      0.00      0.00      7269

avg / total       0.58      0.76      0.66     30296

0.001 adaptive (100, 20) logistic sgd
             precision    recall  f1-score   support

       -1.0       0.76      1.00      0.86     23027
        1.0       0.00      0.00      0.00      7269

avg / total       0.58      0.76      0.66     30296

0.001 adaptive (200, 50) logistic sgd
             precision    recall  f1-score   support

       -1.0       0.76      1.00      0.86     23027
        1.0       0.00      0.00      0.00      7269

avg / total       0.58      0.76      0.66     30296

0.001 adaptive (200, 300, 100) logistic sgd
             precision    recall  f1-score   support

       -1.0       0.76      1.00      0.86     23027
        1.0       0.00      0.00      0.00      7269

avg / total       0.58      0.76      0.66     30296

0.001 adaptive (400, 100, 40) logistic sgd
             precision    recall  f1-score   support

       -1.0       0.76      1.00      0.86     23027
        1.0       0.00      0.00      0.00      7269

avg / total       0.58      0.76      0.66     30296

0.001 adaptive (400, 200, 100) logistic sgd
             precision    recall  f1-score   support

       -1.0       0.76      1.00      0.86     23027
        1.0       0.00      0.00      0.00      7269

avg / total       0.58      0.76      0.66     30296

0.001 adaptive (400, 200, 100, 30) logistic sgd
             precision    recall  f1-score   support

       -1.0       0.76      1.00      0.86     23027
        1.0       0.00      0.00      0.00      7269

avg / total       0.58      0.76      0.66     30296

0.001 adaptive (200, 400, 100, 30) logistic sgd
             precision    recall  f1-score   support

       -1.0       0.76      1.00      0.86     23027
        1.0       0.00      0.00      0.00      7269

avg / total       0.58      0.76      0.66     30296

0.001 adaptive (100, 20) logistic adam
             precision    recall  f1-score   support

       -1.0       0.89      0.90      0.90     23027
        1.0       0.67      0.66      0.67      7269

avg / total       0.84      0.84      0.84     30296

0.001 adaptive (200, 50) logistic adam
             precision    recall  f1-score   support

       -1.0       0.90      0.89      0.89     23027
        1.0       0.66      0.68      0.67      7269

avg / total       0.84      0.84      0.84     30296

0.001 adaptive (200, 300, 100) logistic adam
             precision    recall  f1-score   support

       -1.0       0.91      0.87      0.89     23027
        1.0       0.63      0.73      0.68      7269

avg / total       0.84      0.83      0.84     30296

0.001 adaptive (400, 100, 40) logistic adam
             precision    recall  f1-score   support

       -1.0       0.91      0.87      0.89     23027
        1.0       0.63      0.72      0.67      7269

avg / total       0.84      0.83      0.84     30296

0.001 adaptive (400, 200, 100) logistic adam
             precision    recall  f1-score   support

       -1.0       0.88      0.92      0.90     23027
        1.0       0.71      0.60      0.65      7269

avg / total       0.84      0.85      0.84     30296

0.001 adaptive (400, 200, 100, 30) logistic adam
             precision    recall  f1-score   support

       -1.0       0.89      0.90      0.90     23027
        1.0       0.67      0.66      0.67      7269

avg / total       0.84      0.84      0.84     30296

0.001 adaptive (200, 400, 100, 30) logistic adam
             precision    recall  f1-score   support

       -1.0       0.91      0.87      0.89     23027
        1.0       0.64      0.72      0.68      7269

avg / total       0.84      0.83      0.84     30296

0.001 adaptive (100, 20) tanh lbfgs
             precision    recall  f1-score   support

       -1.0       0.87      0.85      0.86     23027
        1.0       0.57      0.60      0.58      7269

avg / total       0.80      0.79      0.80     30296

0.001 adaptive (200, 50) tanh lbfgs
             precision    recall  f1-score   support

       -1.0       0.87      0.85      0.86     23027
        1.0       0.57      0.61      0.59      7269

avg / total       0.80      0.80      0.80     30296

0.001 adaptive (200, 300, 100) tanh lbfgs
             precision    recall  f1-score   support

       -1.0       0.87      0.86      0.86     23027
        1.0       0.57      0.60      0.58      7269

avg / total       0.80      0.79      0.80     30296

0.001 adaptive (400, 100, 40) tanh lbfgs
             precision    recall  f1-score   support

       -1.0       0.87      0.86      0.87     23027
        1.0       0.58      0.61      0.59      7269

avg / total       0.80      0.80      0.80     30296

0.001 adaptive (400, 200, 100) tanh lbfgs
             precision    recall  f1-score   support

       -1.0       0.87      0.85      0.86     23027
        1.0       0.56      0.59      0.57      7269

avg / total       0.79      0.79      0.79     30296

0.001 adaptive (400, 200, 100, 30) tanh lbfgs
             precision    recall  f1-score   support

       -1.0       0.87      0.85      0.86     23027
        1.0       0.57      0.60      0.58      7269

avg / total       0.80      0.79      0.80     30296

0.001 adaptive (200, 400, 100, 30) tanh lbfgs
             precision    recall  f1-score   support

       -1.0       0.87      0.85      0.86     23027
        1.0       0.56      0.61      0.58      7269

avg / total       0.80      0.79      0.79     30296

0.001 adaptive (100, 20) tanh sgd
             precision    recall  f1-score   support

       -1.0       0.88      0.92      0.90     23027
        1.0       0.70      0.61      0.65      7269

avg / total       0.84      0.84      0.84     30296

0.001 adaptive (200, 50) tanh sgd
             precision    recall  f1-score   support

       -1.0       0.88      0.92      0.90     23027
        1.0       0.71      0.60      0.65      7269

avg / total       0.84      0.85      0.84     30296

0.001 adaptive (200, 300, 100) tanh sgd
             precision    recall  f1-score   support

       -1.0       0.88      0.92      0.90     23027
        1.0       0.71      0.61      0.66      7269

avg / total       0.84      0.85      0.84     30296

0.001 adaptive (400, 100, 40) tanh sgd
             precision    recall  f1-score   support

       -1.0       0.88      0.92      0.90     23027
        1.0       0.71      0.60      0.65      7269

avg / total       0.84      0.85      0.84     30296

0.001 adaptive (400, 200, 100) tanh sgd
             precision    recall  f1-score   support

       -1.0       0.88      0.92      0.90     23027
        1.0       0.71      0.60      0.65      7269

avg / total       0.84      0.85      0.84     30296

0.001 adaptive (400, 200, 100, 30) tanh sgd
             precision    recall  f1-score   support

       -1.0       0.88      0.92      0.90     23027
        1.0       0.70      0.62      0.66      7269

avg / total       0.84      0.85      0.84     30296

0.001 adaptive (200, 400, 100, 30) tanh sgd
             precision    recall  f1-score   support

       -1.0       0.88      0.92      0.90     23027
        1.0       0.71      0.62      0.66      7269

avg / total       0.84      0.85      0.84     30296

0.001 adaptive (100, 20) tanh adam
             precision    recall  f1-score   support

       -1.0       0.89      0.85      0.87     23027
        1.0       0.58      0.65      0.62      7269

avg / total       0.81      0.81      0.81     30296

0.001 adaptive (200, 50) tanh adam
             precision    recall  f1-score   support

       -1.0       0.87      0.87      0.87     23027
        1.0       0.60      0.60      0.60      7269

avg / total       0.81      0.81      0.81     30296

0.001 adaptive (200, 300, 100) tanh adam
             precision    recall  f1-score   support

       -1.0       0.88      0.86      0.87     23027
        1.0       0.58      0.62      0.60      7269

avg / total       0.81      0.80      0.80     30296

0.001 adaptive (400, 100, 40) tanh adam
             precision    recall  f1-score   support

       -1.0       0.88      0.87      0.88     23027
        1.0       0.60      0.62      0.61      7269

avg / total       0.81      0.81      0.81     30296

0.001 adaptive (400, 200, 100) tanh adam
             precision    recall  f1-score   support

       -1.0       0.89      0.85      0.87     23027
        1.0       0.58      0.65      0.61      7269

avg / total       0.81      0.80      0.81     30296

0.001 adaptive (400, 200, 100, 30) tanh adam
             precision    recall  f1-score   support

       -1.0       0.87      0.88      0.87     23027
        1.0       0.60      0.58      0.59      7269

avg / total       0.81      0.81      0.81     30296

0.001 adaptive (200, 400, 100, 30) tanh adam
             precision    recall  f1-score   support

       -1.0       0.89      0.85      0.87     23027
        1.0       0.58      0.66      0.62      7269

avg / total       0.81      0.80      0.81     30296

0.001 adaptive (100, 20) relu lbfgs
             precision    recall  f1-score   support

       -1.0       0.87      0.85      0.86     23027
        1.0       0.56      0.60      0.58      7269

avg / total       0.80      0.79      0.79     30296

0.001 adaptive (200, 50) relu lbfgs
             precision    recall  f1-score   support

       -1.0       0.87      0.85      0.86     23027
        1.0       0.56      0.60      0.58      7269

avg / total       0.80      0.79      0.79     30296

0.001 adaptive (200, 300, 100) relu lbfgs
             precision    recall  f1-score   support

       -1.0       0.87      0.86      0.86     23027
        1.0       0.57      0.58      0.57      7269

avg / total       0.79      0.79      0.79     30296

0.001 adaptive (400, 100, 40) relu lbfgs
             precision    recall  f1-score   support

       -1.0       0.87      0.86      0.86     23027
        1.0       0.57      0.60      0.58      7269

avg / total       0.80      0.80      0.80     30296

0.001 adaptive (400, 200, 100) relu lbfgs
             precision    recall  f1-score   support

       -1.0       0.87      0.85      0.86     23027
        1.0       0.57      0.61      0.59      7269

avg / total       0.80      0.79      0.80     30296

0.001 adaptive (400, 200, 100, 30) relu lbfgs
             precision    recall  f1-score   support

       -1.0       0.87      0.87      0.87     23027
        1.0       0.58      0.58      0.58      7269

avg / total       0.80      0.80      0.80     30296

0.001 adaptive (200, 400, 100, 30) relu lbfgs
             precision    recall  f1-score   support

       -1.0       0.87      0.86      0.86     23027
        1.0       0.57      0.58      0.57      7269

avg / total       0.80      0.79      0.79     30296

0.001 adaptive (100, 20) relu sgd
             precision    recall  f1-score   support

       -1.0       0.88      0.92      0.90     23027
        1.0       0.70      0.60      0.65      7269

avg / total       0.84      0.84      0.84     30296

0.001 adaptive (200, 50) relu sgd
             precision    recall  f1-score   support

       -1.0       0.88      0.92      0.90     23027
        1.0       0.71      0.61      0.66      7269

avg / total       0.84      0.85      0.84     30296

0.001 adaptive (200, 300, 100) relu sgd
             precision    recall  f1-score   support

       -1.0       0.89      0.91      0.90     23027
        1.0       0.70      0.64      0.67      7269

avg / total       0.84      0.85      0.85     30296

0.001 adaptive (400, 100, 40) relu sgd
             precision    recall  f1-score   support

       -1.0       0.89      0.91      0.90     23027
        1.0       0.69      0.63      0.66      7269

avg / total       0.84      0.84      0.84     30296

0.001 adaptive (400, 200, 100) relu sgd
             precision    recall  f1-score   support

       -1.0       0.89      0.91      0.90     23027
        1.0       0.69      0.63      0.66      7269

avg / total       0.84      0.84      0.84     30296

0.001 adaptive (400, 200, 100, 30) relu sgd
             precision    recall  f1-score   support

       -1.0       0.89      0.91      0.90     23027
        1.0       0.70      0.62      0.66      7269

avg / total       0.84      0.84      0.84     30296

0.001 adaptive (200, 400, 100, 30) relu sgd
             precision    recall  f1-score   support

       -1.0       0.89      0.90      0.90     23027
        1.0       0.67      0.66      0.67      7269

avg / total       0.84      0.84      0.84     30296

0.001 adaptive (100, 20) relu adam
             precision    recall  f1-score   support

       -1.0       0.88      0.86      0.87     23027
        1.0       0.58      0.63      0.60      7269

avg / total       0.81      0.80      0.80     30296

0.001 adaptive (200, 50) relu adam
             precision    recall  f1-score   support

       -1.0       0.88      0.87      0.87     23027
        1.0       0.60      0.62      0.61      7269

avg / total       0.81      0.81      0.81     30296

0.001 adaptive (200, 300, 100) relu adam
             precision    recall  f1-score   support

       -1.0       0.87      0.89      0.88     23027
        1.0       0.62      0.56      0.59      7269

avg / total       0.81      0.81      0.81     30296

0.001 adaptive (400, 100, 40) relu adam
             precision    recall  f1-score   support

       -1.0       0.86      0.89      0.88     23027
        1.0       0.62      0.55      0.58      7269

avg / total       0.80      0.81      0.81     30296

0.001 adaptive (400, 200, 100) relu adam
             precision    recall  f1-score   support

       -1.0       0.86      0.90      0.88     23027
        1.0       0.63      0.55      0.59      7269

avg / total       0.81      0.81      0.81     30296

0.001 adaptive (400, 200, 100, 30) relu adam
             precision    recall  f1-score   support

       -1.0       0.87      0.87      0.87     23027
        1.0       0.60      0.60      0.60      7269

avg / total       0.81      0.81      0.81     30296

0.001 adaptive (200, 400, 100, 30) relu adam
             precision    recall  f1-score   support

       -1.0       0.86      0.90      0.88     23027
        1.0       0.63      0.55      0.59      7269

avg / total       0.81      0.81      0.81     30296

0.001 invscaling (100, 20) logistic lbfgs
             precision    recall  f1-score   support

       -1.0       0.87      0.85      0.86     23027
        1.0       0.55      0.59      0.57      7269

avg / total       0.79      0.79      0.79     30296

0.001 invscaling (200, 50) logistic lbfgs
             precision    recall  f1-score   support

       -1.0       0.87      0.85      0.86     23027
        1.0       0.56      0.60      0.58      7269

avg / total       0.79      0.79      0.79     30296

0.001 invscaling (200, 300, 100) logistic lbfgs
             precision    recall  f1-score   support

       -1.0       0.88      0.88      0.88     23027
        1.0       0.62      0.62      0.62      7269

avg / total       0.82      0.82      0.82     30296

0.001 invscaling (400, 100, 40) logistic lbfgs
             precision    recall  f1-score   support

       -1.0       0.89      0.87      0.88     23027
        1.0       0.61      0.64      0.63      7269

avg / total       0.82      0.82      0.82     30296

0.001 invscaling (400, 200, 100) logistic lbfgs
             precision    recall  f1-score   support

       -1.0       0.88      0.88      0.88     23027
        1.0       0.62      0.60      0.61      7269

avg / total       0.81      0.81      0.81     30296

0.001 invscaling (400, 200, 100, 30) logistic lbfgs
             precision    recall  f1-score   support

       -1.0       0.76      1.00      0.86     23027
        1.0       0.00      0.00      0.00      7269

avg / total       0.58      0.76      0.66     30296

0.001 invscaling (200, 400, 100, 30) logistic lbfgs
             precision    recall  f1-score   support

       -1.0       0.76      1.00      0.86     23027
        1.0       0.00      0.00      0.00      7269

avg / total       0.58      0.76      0.66     30296

0.001 invscaling (100, 20) logistic sgd
             precision    recall  f1-score   support

       -1.0       0.76      1.00      0.86     23027
        1.0       0.00      0.00      0.00      7269

avg / total       0.58      0.76      0.66     30296

0.001 invscaling (200, 50) logistic sgd
             precision    recall  f1-score   support

       -1.0       0.76      1.00      0.86     23027
        1.0       0.00      0.00      0.00      7269

avg / total       0.58      0.76      0.66     30296

0.001 invscaling (200, 300, 100) logistic sgd
             precision    recall  f1-score   support

       -1.0       0.76      1.00      0.86     23027
        1.0       0.00      0.00      0.00      7269

avg / total       0.58      0.76      0.66     30296

0.001 invscaling (400, 100, 40) logistic sgd
             precision    recall  f1-score   support

       -1.0       0.76      1.00      0.86     23027
        1.0       0.00      0.00      0.00      7269

avg / total       0.58      0.76      0.66     30296

0.001 invscaling (400, 200, 100) logistic sgd
             precision    recall  f1-score   support

       -1.0       0.76      1.00      0.86     23027
        1.0       0.00      0.00      0.00      7269

avg / total       0.58      0.76      0.66     30296

0.001 invscaling (400, 200, 100, 30) logistic sgd
             precision    recall  f1-score   support

       -1.0       0.76      1.00      0.86     23027
        1.0       0.00      0.00      0.00      7269

avg / total       0.58      0.76      0.66     30296

0.001 invscaling (200, 400, 100, 30) logistic sgd
             precision    recall  f1-score   support

       -1.0       0.76      1.00      0.86     23027
        1.0       0.00      0.00      0.00      7269

avg / total       0.58      0.76      0.66     30296

0.001 invscaling (100, 20) logistic adam
             precision    recall  f1-score   support

       -1.0       0.89      0.90      0.90     23027
        1.0       0.67      0.66      0.67      7269

avg / total       0.84      0.84      0.84     30296

0.001 invscaling (200, 50) logistic adam
             precision    recall  f1-score   support

       -1.0       0.90      0.89      0.89     23027
        1.0       0.66      0.68      0.67      7269

avg / total       0.84      0.84      0.84     30296

0.001 invscaling (200, 300, 100) logistic adam
             precision    recall  f1-score   support

       -1.0       0.91      0.87      0.89     23027
        1.0       0.63      0.73      0.68      7269

avg / total       0.84      0.83      0.84     30296

0.001 invscaling (400, 100, 40) logistic adam
             precision    recall  f1-score   support

       -1.0       0.91      0.87      0.89     23027
        1.0       0.63      0.72      0.67      7269

avg / total       0.84      0.83      0.84     30296

0.001 invscaling (400, 200, 100) logistic adam
             precision    recall  f1-score   support

       -1.0       0.88      0.92      0.90     23027
        1.0       0.71      0.60      0.65      7269

avg / total       0.84      0.85      0.84     30296

0.001 invscaling (400, 200, 100, 30) logistic adam
             precision    recall  f1-score   support

       -1.0       0.89      0.90      0.90     23027
        1.0       0.67      0.66      0.67      7269

avg / total       0.84      0.84      0.84     30296

0.001 invscaling (200, 400, 100, 30) logistic adam
             precision    recall  f1-score   support

       -1.0       0.91      0.87      0.89     23027
        1.0       0.64      0.72      0.68      7269

avg / total       0.84      0.83      0.84     30296

0.001 invscaling (100, 20) tanh lbfgs
             precision    recall  f1-score   support

       -1.0       0.87      0.85      0.86     23027
        1.0       0.57      0.60      0.58      7269

avg / total       0.80      0.79      0.80     30296

0.001 invscaling (200, 50) tanh lbfgs
             precision    recall  f1-score   support

       -1.0       0.87      0.85      0.86     23027
        1.0       0.57      0.61      0.59      7269

avg / total       0.80      0.80      0.80     30296

0.001 invscaling (200, 300, 100) tanh lbfgs
             precision    recall  f1-score   support

       -1.0       0.87      0.86      0.86     23027
        1.0       0.57      0.60      0.58      7269

avg / total       0.80      0.79      0.80     30296

0.001 invscaling (400, 100, 40) tanh lbfgs
             precision    recall  f1-score   support

       -1.0       0.87      0.86      0.87     23027
        1.0       0.58      0.61      0.59      7269

avg / total       0.80      0.80      0.80     30296

0.001 invscaling (400, 200, 100) tanh lbfgs
             precision    recall  f1-score   support

       -1.0       0.87      0.85      0.86     23027
        1.0       0.56      0.59      0.57      7269

avg / total       0.79      0.79      0.79     30296

0.001 invscaling (400, 200, 100, 30) tanh lbfgs
             precision    recall  f1-score   support

       -1.0       0.87      0.85      0.86     23027
        1.0       0.57      0.60      0.58      7269

avg / total       0.80      0.79      0.80     30296

0.001 invscaling (200, 400, 100, 30) tanh lbfgs
             precision    recall  f1-score   support

       -1.0       0.87      0.85      0.86     23027
        1.0       0.56      0.61      0.58      7269

avg / total       0.80      0.79      0.79     30296

0.001 invscaling (100, 20) tanh sgd
             precision    recall  f1-score   support

       -1.0       0.76      0.96      0.85     23027
        1.0       0.24      0.04      0.06      7269

avg / total       0.64      0.74      0.66     30296

0.001 invscaling (200, 50) tanh sgd
             precision    recall  f1-score   support

       -1.0       0.76      0.99      0.86     23027
        1.0       0.17      0.00      0.01      7269

avg / total       0.62      0.76      0.66     30296

0.001 invscaling (200, 300, 100) tanh sgd
             precision    recall  f1-score   support

       -1.0       0.76      1.00      0.86     23027
        1.0       0.50      0.00      0.00      7269

avg / total       0.70      0.76      0.66     30296

0.001 invscaling (400, 100, 40) tanh sgd
             precision    recall  f1-score   support

       -1.0       0.76      1.00      0.86     23027
        1.0       0.86      0.01      0.01      7269

avg / total       0.78      0.76      0.66     30296

0.001 invscaling (400, 200, 100) tanh sgd
             precision    recall  f1-score   support

       -1.0       0.76      1.00      0.86     23027
        1.0       0.82      0.00      0.00      7269

avg / total       0.77      0.76      0.66     30296

0.001 invscaling (400, 200, 100, 30) tanh sgd
             precision    recall  f1-score   support

       -1.0       0.76      1.00      0.86     23027
        1.0       0.00      0.00      0.00      7269

avg / total       0.58      0.76      0.66     30296

0.001 invscaling (200, 400, 100, 30) tanh sgd
             precision    recall  f1-score   support

       -1.0       0.76      1.00      0.86     23027
        1.0       0.00      0.00      0.00      7269

avg / total       0.58      0.76      0.66     30296

0.001 invscaling (100, 20) tanh adam
             precision    recall  f1-score   support

       -1.0       0.89      0.85      0.87     23027
        1.0       0.58      0.65      0.62      7269

avg / total       0.81      0.81      0.81     30296

0.001 invscaling (200, 50) tanh adam
             precision    recall  f1-score   support

       -1.0       0.87      0.87      0.87     23027
        1.0       0.60      0.60      0.60      7269

avg / total       0.81      0.81      0.81     30296

0.001 invscaling (200, 300, 100) tanh adam
             precision    recall  f1-score   support

       -1.0       0.88      0.86      0.87     23027
        1.0       0.58      0.62      0.60      7269

avg / total       0.81      0.80      0.80     30296

0.001 invscaling (400, 100, 40) tanh adam
             precision    recall  f1-score   support

       -1.0       0.88      0.87      0.88     23027
        1.0       0.60      0.62      0.61      7269

avg / total       0.81      0.81      0.81     30296

0.001 invscaling (400, 200, 100) tanh adam
             precision    recall  f1-score   support

       -1.0       0.89      0.85      0.87     23027
        1.0       0.58      0.65      0.61      7269

avg / total       0.81      0.80      0.81     30296

0.001 invscaling (400, 200, 100, 30) tanh adam
             precision    recall  f1-score   support

       -1.0       0.87      0.88      0.87     23027
        1.0       0.60      0.58      0.59      7269

avg / total       0.81      0.81      0.81     30296

0.001 invscaling (200, 400, 100, 30) tanh adam
             precision    recall  f1-score   support

       -1.0       0.89      0.85      0.87     23027
        1.0       0.58      0.66      0.62      7269

avg / total       0.81      0.80      0.81     30296

0.001 invscaling (100, 20) relu lbfgs
             precision    recall  f1-score   support

       -1.0       0.87      0.85      0.86     23027
        1.0       0.56      0.60      0.58      7269

avg / total       0.80      0.79      0.79     30296

0.001 invscaling (200, 50) relu lbfgs
             precision    recall  f1-score   support

       -1.0       0.87      0.85      0.86     23027
        1.0       0.56      0.60      0.58      7269

avg / total       0.80      0.79      0.79     30296

0.001 invscaling (200, 300, 100) relu lbfgs
             precision    recall  f1-score   support

       -1.0       0.87      0.86      0.86     23027
        1.0       0.57      0.58      0.57      7269

avg / total       0.79      0.79      0.79     30296

0.001 invscaling (400, 100, 40) relu lbfgs
             precision    recall  f1-score   support

       -1.0       0.87      0.86      0.86     23027
        1.0       0.57      0.60      0.58      7269

avg / total       0.80      0.80      0.80     30296

0.001 invscaling (400, 200, 100) relu lbfgs
             precision    recall  f1-score   support

       -1.0       0.87      0.85      0.86     23027
        1.0       0.57      0.61      0.59      7269

avg / total       0.80      0.79      0.80     30296

0.001 invscaling (400, 200, 100, 30) relu lbfgs
             precision    recall  f1-score   support

       -1.0       0.87      0.87      0.87     23027
        1.0       0.58      0.58      0.58      7269

avg / total       0.80      0.80      0.80     30296

0.001 invscaling (200, 400, 100, 30) relu lbfgs
             precision    recall  f1-score   support

       -1.0       0.87      0.86      0.86     23027
        1.0       0.57      0.58      0.57      7269

avg / total       0.80      0.79      0.79     30296

0.001 invscaling (100, 20) relu sgd
             precision    recall  f1-score   support

       -1.0       0.76      1.00      0.86     23027
        1.0       0.17      0.00      0.01      7269

avg / total       0.62      0.76      0.66     30296

0.001 invscaling (200, 50) relu sgd
             precision    recall  f1-score   support

       -1.0       0.76      1.00      0.86     23027
        1.0       0.00      0.00      0.00      7269

avg / total       0.58      0.76      0.66     30296

0.001 invscaling (200, 300, 100) relu sgd
             precision    recall  f1-score   support

       -1.0       0.76      0.99      0.86     23027
        1.0       0.18      0.01      0.02      7269

avg / total       0.62      0.75      0.66     30296

0.001 invscaling (400, 100, 40) relu sgd
             precision    recall  f1-score   support

       -1.0       0.76      1.00      0.86     23027
        1.0       0.00      0.00      0.00      7269

avg / total       0.58      0.76      0.66     30296

0.001 invscaling (400, 200, 100) relu sgd
             precision    recall  f1-score   support

       -1.0       0.76      1.00      0.86     23027
        1.0       0.61      0.00      0.01      7269

avg / total       0.72      0.76      0.66     30296

0.001 invscaling (400, 200, 100, 30) relu sgd
             precision    recall  f1-score   support

       -1.0       0.76      1.00      0.86     23027
        1.0       0.00      0.00      0.00      7269

avg / total       0.58      0.76      0.66     30296

0.001 invscaling (200, 400, 100, 30) relu sgd
             precision    recall  f1-score   support

       -1.0       0.76      1.00      0.86     23027
        1.0       0.00      0.00      0.00      7269

avg / total       0.58      0.76      0.66     30296

0.001 invscaling (100, 20) relu adam
             precision    recall  f1-score   support

       -1.0       0.88      0.86      0.87     23027
        1.0       0.58      0.63      0.60      7269

avg / total       0.81      0.80      0.80     30296

0.001 invscaling (200, 50) relu adam
             precision    recall  f1-score   support

       -1.0       0.88      0.87      0.87     23027
        1.0       0.60      0.62      0.61      7269

avg / total       0.81      0.81      0.81     30296

0.001 invscaling (200, 300, 100) relu adam
             precision    recall  f1-score   support

       -1.0       0.87      0.89      0.88     23027
        1.0       0.62      0.56      0.59      7269

avg / total       0.81      0.81      0.81     30296

0.001 invscaling (400, 100, 40) relu adam
             precision    recall  f1-score   support

       -1.0       0.86      0.89      0.88     23027
        1.0       0.62      0.55      0.58      7269

avg / total       0.80      0.81      0.81     30296

0.001 invscaling (400, 200, 100) relu adam
             precision    recall  f1-score   support

       -1.0       0.86      0.90      0.88     23027
        1.0       0.63      0.55      0.59      7269

avg / total       0.81      0.81      0.81     30296

0.001 invscaling (400, 200, 100, 30) relu adam
             precision    recall  f1-score   support

       -1.0       0.87      0.87      0.87     23027
        1.0       0.60      0.60      0.60      7269

avg / total       0.81      0.81      0.81     30296

0.001 invscaling (200, 400, 100, 30) relu adam
             precision    recall  f1-score   support

       -1.0       0.86      0.90      0.88     23027
        1.0       0.63      0.55      0.59      7269

avg / total       0.81      0.81      0.81     30296

0.01 constant (100, 20) logistic lbfgs
             precision    recall  f1-score   support

       -1.0       0.87      0.85      0.86     23027
        1.0       0.55      0.59      0.57      7269

avg / total       0.79      0.79      0.79     30296

0.01 constant (200, 50) logistic lbfgs
             precision    recall  f1-score   support

       -1.0       0.87      0.85      0.86     23027
        1.0       0.56      0.60      0.58      7269

avg / total       0.79      0.79      0.79     30296

0.01 constant (200, 300, 100) logistic lbfgs
             precision    recall  f1-score   support

       -1.0       0.88      0.88      0.88     23027
        1.0       0.62      0.62      0.62      7269

avg / total       0.82      0.82      0.82     30296

0.01 constant (400, 100, 40) logistic lbfgs
             precision    recall  f1-score   support

       -1.0       0.89      0.87      0.88     23027
        1.0       0.61      0.64      0.63      7269

avg / total       0.82      0.82      0.82     30296

0.01 constant (400, 200, 100) logistic lbfgs
             precision    recall  f1-score   support

       -1.0       0.88      0.88      0.88     23027
        1.0       0.62      0.60      0.61      7269

avg / total       0.81      0.81      0.81     30296

0.01 constant (400, 200, 100, 30) logistic lbfgs
             precision    recall  f1-score   support

       -1.0       0.76      1.00      0.86     23027
        1.0       0.00      0.00      0.00      7269

avg / total       0.58      0.76      0.66     30296

0.01 constant (200, 400, 100, 30) logistic lbfgs
             precision    recall  f1-score   support

       -1.0       0.76      1.00      0.86     23027
        1.0       0.00      0.00      0.00      7269

avg / total       0.58      0.76      0.66     30296

0.01 constant (100, 20) logistic sgd
             precision    recall  f1-score   support

       -1.0       0.76      1.00      0.86     23027
        1.0       0.00      0.00      0.00      7269

avg / total       0.58      0.76      0.66     30296

0.01 constant (200, 50) logistic sgd
             precision    recall  f1-score   support

       -1.0       0.76      1.00      0.86     23027
        1.0       0.00      0.00      0.00      7269

avg / total       0.58      0.76      0.66     30296

0.01 constant (200, 300, 100) logistic sgd
             precision    recall  f1-score   support

       -1.0       0.76      1.00      0.86     23027
        1.0       0.00      0.00      0.00      7269

avg / total       0.58      0.76      0.66     30296

0.01 constant (400, 100, 40) logistic sgd
             precision    recall  f1-score   support

       -1.0       0.76      1.00      0.86     23027
        1.0       0.00      0.00      0.00      7269

avg / total       0.58      0.76      0.66     30296

0.01 constant (400, 200, 100) logistic sgd
             precision    recall  f1-score   support

       -1.0       0.76      1.00      0.86     23027
        1.0       0.00      0.00      0.00      7269

avg / total       0.58      0.76      0.66     30296

0.01 constant (400, 200, 100, 30) logistic sgd
             precision    recall  f1-score   support

       -1.0       0.76      1.00      0.86     23027
        1.0       0.00      0.00      0.00      7269

avg / total       0.58      0.76      0.66     30296

0.01 constant (200, 400, 100, 30) logistic sgd
             precision    recall  f1-score   support

       -1.0       0.76      1.00      0.86     23027
        1.0       0.00      0.00      0.00      7269

avg / total       0.58      0.76      0.66     30296

0.01 constant (100, 20) logistic adam
             precision    recall  f1-score   support

       -1.0       0.92      0.85      0.88     23027
        1.0       0.61      0.76      0.68      7269

avg / total       0.84      0.83      0.83     30296

0.01 constant (200, 50) logistic adam
             precision    recall  f1-score   support

       -1.0       0.88      0.92      0.90     23027
        1.0       0.70      0.59      0.64      7269

avg / total       0.84      0.84      0.84     30296

0.01 constant (200, 300, 100) logistic adam
             precision    recall  f1-score   support

       -1.0       0.87      0.88      0.88     23027
        1.0       0.61      0.59      0.60      7269

avg / total       0.81      0.81      0.81     30296

0.01 constant (400, 100, 40) logistic adam
             precision    recall  f1-score   support

       -1.0       0.86      0.94      0.90     23027
        1.0       0.72      0.51      0.60      7269

avg / total       0.83      0.83      0.82     30296

0.01 constant (400, 200, 100) logistic adam
             precision    recall  f1-score   support

       -1.0       0.86      0.88      0.87     23027
        1.0       0.59      0.53      0.56      7269

avg / total       0.79      0.80      0.79     30296

0.01 constant (400, 200, 100, 30) logistic adam
             precision    recall  f1-score   support

       -1.0       0.89      0.83      0.86     23027
        1.0       0.56      0.68      0.61      7269

avg / total       0.81      0.79      0.80     30296

0.01 constant (200, 400, 100, 30) logistic adam
             precision    recall  f1-score   support

       -1.0       0.91      0.85      0.88     23027
        1.0       0.61      0.75      0.67      7269

avg / total       0.84      0.82      0.83     30296

0.01 constant (100, 20) tanh lbfgs
             precision    recall  f1-score   support

       -1.0       0.87      0.85      0.86     23027
        1.0       0.57      0.60      0.58      7269

avg / total       0.80      0.79      0.80     30296

0.01 constant (200, 50) tanh lbfgs
             precision    recall  f1-score   support

       -1.0       0.87      0.85      0.86     23027
        1.0       0.57      0.61      0.59      7269

avg / total       0.80      0.80      0.80     30296

0.01 constant (200, 300, 100) tanh lbfgs
             precision    recall  f1-score   support

       -1.0       0.87      0.86      0.86     23027
        1.0       0.57      0.60      0.58      7269

avg / total       0.80      0.79      0.80     30296

0.01 constant (400, 100, 40) tanh lbfgs
             precision    recall  f1-score   support

       -1.0       0.87      0.86      0.87     23027
        1.0       0.58      0.61      0.59      7269

avg / total       0.80      0.80      0.80     30296

0.01 constant (400, 200, 100) tanh lbfgs
             precision    recall  f1-score   support

       -1.0       0.87      0.85      0.86     23027
        1.0       0.56      0.59      0.57      7269

avg / total       0.79      0.79      0.79     30296

0.01 constant (400, 200, 100, 30) tanh lbfgs
             precision    recall  f1-score   support

       -1.0       0.87      0.85      0.86     23027
        1.0       0.57      0.60      0.58      7269

avg / total       0.80      0.79      0.80     30296

0.01 constant (200, 400, 100, 30) tanh lbfgs
             precision    recall  f1-score   support

       -1.0       0.87      0.85      0.86     23027
        1.0       0.56      0.61      0.58      7269

avg / total       0.80      0.79      0.79     30296

0.01 constant (100, 20) tanh sgd
             precision    recall  f1-score   support

       -1.0       0.88      0.91      0.89     23027
        1.0       0.68      0.60      0.63      7269

avg / total       0.83      0.84      0.83     30296

0.01 constant (200, 50) tanh sgd
             precision    recall  f1-score   support

       -1.0       0.88      0.92      0.90     23027
        1.0       0.71      0.62      0.66      7269

avg / total       0.84      0.85      0.84     30296

0.01 constant (200, 300, 100) tanh sgd
             precision    recall  f1-score   support

       -1.0       0.88      0.92      0.90     23027
        1.0       0.71      0.62      0.66      7269

avg / total       0.84      0.85      0.84     30296

0.01 constant (400, 100, 40) tanh sgd
             precision    recall  f1-score   support

       -1.0       0.89      0.87      0.88     23027
        1.0       0.61      0.65      0.63      7269

avg / total       0.82      0.81      0.82     30296

0.01 constant (400, 200, 100) tanh sgd
             precision    recall  f1-score   support

       -1.0       0.89      0.91      0.90     23027
        1.0       0.69      0.65      0.67      7269

avg / total       0.84      0.84      0.84     30296

0.01 constant (400, 200, 100, 30) tanh sgd
             precision    recall  f1-score   support

       -1.0       0.90      0.90      0.90     23027
        1.0       0.67      0.67      0.67      7269

avg / total       0.84      0.84      0.84     30296

0.01 constant (200, 400, 100, 30) tanh sgd
             precision    recall  f1-score   support

       -1.0       0.88      0.92      0.90     23027
        1.0       0.71      0.61      0.65      7269

avg / total       0.84      0.85      0.84     30296

0.01 constant (100, 20) tanh adam
             precision    recall  f1-score   support

       -1.0       0.87      0.88      0.88     23027
        1.0       0.62      0.59      0.60      7269

avg / total       0.81      0.81      0.81     30296

0.01 constant (200, 50) tanh adam
             precision    recall  f1-score   support

       -1.0       0.88      0.84      0.86     23027
        1.0       0.57      0.65      0.60      7269

avg / total       0.81      0.80      0.80     30296

0.01 constant (200, 300, 100) tanh adam
             precision    recall  f1-score   support

       -1.0       0.93      0.79      0.85     23027
        1.0       0.55      0.81      0.65      7269

avg / total       0.84      0.79      0.80     30296

0.01 constant (400, 100, 40) tanh adam
             precision    recall  f1-score   support

       -1.0       0.85      0.89      0.87     23027
        1.0       0.59      0.52      0.55      7269

avg / total       0.79      0.80      0.79     30296

0.01 constant (400, 200, 100) tanh adam
             precision    recall  f1-score   support

       -1.0       0.92      0.83      0.87     23027
        1.0       0.59      0.77      0.67      7269

avg / total       0.84      0.81      0.82     30296

0.01 constant (400, 200, 100, 30) tanh adam
             precision    recall  f1-score   support

       -1.0       0.88      0.90      0.89     23027
        1.0       0.66      0.60      0.63      7269

avg / total       0.83      0.83      0.83     30296

0.01 constant (200, 400, 100, 30) tanh adam
             precision    recall  f1-score   support

       -1.0       0.90      0.89      0.89     23027
        1.0       0.65      0.67      0.66      7269

avg / total       0.84      0.84      0.84     30296

0.01 constant (100, 20) relu lbfgs
             precision    recall  f1-score   support

       -1.0       0.87      0.85      0.86     23027
        1.0       0.56      0.60      0.58      7269

avg / total       0.80      0.79      0.79     30296

0.01 constant (200, 50) relu lbfgs
             precision    recall  f1-score   support

       -1.0       0.87      0.85      0.86     23027
        1.0       0.56      0.60      0.58      7269

avg / total       0.80      0.79      0.79     30296

0.01 constant (200, 300, 100) relu lbfgs
             precision    recall  f1-score   support

       -1.0       0.87      0.86      0.86     23027
        1.0       0.57      0.58      0.57      7269

avg / total       0.79      0.79      0.79     30296

0.01 constant (400, 100, 40) relu lbfgs
             precision    recall  f1-score   support

       -1.0       0.87      0.86      0.86     23027
        1.0       0.57      0.60      0.58      7269

avg / total       0.80      0.80      0.80     30296

0.01 constant (400, 200, 100) relu lbfgs
             precision    recall  f1-score   support

       -1.0       0.87      0.85      0.86     23027
        1.0       0.57      0.61      0.59      7269

avg / total       0.80      0.79      0.80     30296

0.01 constant (400, 200, 100, 30) relu lbfgs
             precision    recall  f1-score   support

       -1.0       0.87      0.87      0.87     23027
        1.0       0.58      0.58      0.58      7269

avg / total       0.80      0.80      0.80     30296

0.01 constant (200, 400, 100, 30) relu lbfgs
             precision    recall  f1-score   support

       -1.0       0.87      0.86      0.86     23027
        1.0       0.57      0.58      0.57      7269

avg / total       0.80      0.79      0.79     30296

0.01 constant (100, 20) relu sgd
             precision    recall  f1-score   support

       -1.0       0.88      0.87      0.88     23027
        1.0       0.61      0.62      0.61      7269

avg / total       0.81      0.81      0.81     30296

0.01 constant (200, 50) relu sgd
             precision    recall  f1-score   support

       -1.0       0.88      0.89      0.88     23027
        1.0       0.64      0.60      0.62      7269

avg / total       0.82      0.82      0.82     30296

0.01 constant (200, 300, 100) relu sgd
             precision    recall  f1-score   support

       -1.0       0.89      0.85      0.87     23027
        1.0       0.58      0.68      0.63      7269

avg / total       0.82      0.81      0.81     30296

0.01 constant (400, 100, 40) relu sgd
             precision    recall  f1-score   support

       -1.0       0.90      0.84      0.87     23027
        1.0       0.58      0.69      0.63      7269

avg / total       0.82      0.81      0.81     30296

0.01 constant (400, 200, 100) relu sgd
             precision    recall  f1-score   support

       -1.0       0.88      0.87      0.88     23027
        1.0       0.61      0.64      0.62      7269

avg / total       0.82      0.81      0.82     30296

0.01 constant (400, 200, 100, 30) relu sgd
             precision    recall  f1-score   support

       -1.0       0.88      0.88      0.88     23027
        1.0       0.62      0.63      0.63      7269

avg / total       0.82      0.82      0.82     30296

0.01 constant (200, 400, 100, 30) relu sgd
             precision    recall  f1-score   support

       -1.0       0.85      0.93      0.89     23027
        1.0       0.69      0.47      0.56      7269

avg / total       0.81      0.82      0.81     30296

0.01 constant (100, 20) relu adam
             precision    recall  f1-score   support

       -1.0       0.88      0.85      0.86     23027
        1.0       0.56      0.62      0.59      7269

avg / total       0.80      0.79      0.80     30296

0.01 constant (200, 50) relu adam
             precision    recall  f1-score   support

       -1.0       0.86      0.88      0.87     23027
        1.0       0.60      0.57      0.58      7269

avg / total       0.80      0.80      0.80     30296

0.01 constant (200, 300, 100) relu adam
             precision    recall  f1-score   support

       -1.0       0.89      0.83      0.86     23027
        1.0       0.55      0.67      0.61      7269

avg / total       0.81      0.79      0.80     30296

0.01 constant (400, 100, 40) relu adam
             precision    recall  f1-score   support

       -1.0       0.87      0.85      0.86     23027
        1.0       0.57      0.60      0.58      7269

avg / total       0.80      0.79      0.80     30296

0.01 constant (400, 200, 100) relu adam
             precision    recall  f1-score   support

       -1.0       0.86      0.88      0.87     23027
        1.0       0.61      0.56      0.58      7269

avg / total       0.80      0.81      0.80     30296

0.01 constant (400, 200, 100, 30) relu adam
             precision    recall  f1-score   support

       -1.0       0.88      0.84      0.86     23027
        1.0       0.55      0.65      0.60      7269

avg / total       0.80      0.79      0.80     30296

0.01 constant (200, 400, 100, 30) relu adam
             precision    recall  f1-score   support

       -1.0       0.88      0.84      0.86     23027
        1.0       0.56      0.62      0.59      7269

avg / total       0.80      0.79      0.80     30296

0.01 adaptive (100, 20) logistic lbfgs
             precision    recall  f1-score   support

       -1.0       0.87      0.85      0.86     23027
        1.0       0.55      0.59      0.57      7269

avg / total       0.79      0.79      0.79     30296

0.01 adaptive (200, 50) logistic lbfgs
             precision    recall  f1-score   support

       -1.0       0.87      0.85      0.86     23027
        1.0       0.56      0.60      0.58      7269

avg / total       0.79      0.79      0.79     30296

0.01 adaptive (200, 300, 100) logistic lbfgs
             precision    recall  f1-score   support

       -1.0       0.88      0.88      0.88     23027
        1.0       0.62      0.62      0.62      7269

avg / total       0.82      0.82      0.82     30296

0.01 adaptive (400, 100, 40) logistic lbfgs
             precision    recall  f1-score   support

       -1.0       0.89      0.87      0.88     23027
        1.0       0.61      0.64      0.63      7269

avg / total       0.82      0.82      0.82     30296

0.01 adaptive (400, 200, 100) logistic lbfgs
             precision    recall  f1-score   support

       -1.0       0.88      0.88      0.88     23027
        1.0       0.62      0.60      0.61      7269

avg / total       0.81      0.81      0.81     30296

0.01 adaptive (400, 200, 100, 30) logistic lbfgs
             precision    recall  f1-score   support

       -1.0       0.76      1.00      0.86     23027
        1.0       0.00      0.00      0.00      7269

avg / total       0.58      0.76      0.66     30296

0.01 adaptive (200, 400, 100, 30) logistic lbfgs
             precision    recall  f1-score   support

       -1.0       0.76      1.00      0.86     23027
        1.0       0.00      0.00      0.00      7269

avg / total       0.58      0.76      0.66     30296

0.01 adaptive (100, 20) logistic sgd
             precision    recall  f1-score   support

       -1.0       0.76      1.00      0.86     23027
        1.0       0.00      0.00      0.00      7269

avg / total       0.58      0.76      0.66     30296

0.01 adaptive (200, 50) logistic sgd
             precision    recall  f1-score   support

       -1.0       0.76      1.00      0.86     23027
        1.0       0.00      0.00      0.00      7269

avg / total       0.58      0.76      0.66     30296

0.01 adaptive (200, 300, 100) logistic sgd
             precision    recall  f1-score   support

       -1.0       0.76      1.00      0.86     23027
        1.0       0.00      0.00      0.00      7269

avg / total       0.58      0.76      0.66     30296

0.01 adaptive (400, 100, 40) logistic sgd
             precision    recall  f1-score   support

       -1.0       0.76      1.00      0.86     23027
        1.0       0.00      0.00      0.00      7269

avg / total       0.58      0.76      0.66     30296

0.01 adaptive (400, 200, 100) logistic sgd
             precision    recall  f1-score   support

       -1.0       0.76      1.00      0.86     23027
        1.0       0.00      0.00      0.00      7269

avg / total       0.58      0.76      0.66     30296

0.01 adaptive (400, 200, 100, 30) logistic sgd
             precision    recall  f1-score   support

       -1.0       0.76      1.00      0.86     23027
        1.0       0.00      0.00      0.00      7269

avg / total       0.58      0.76      0.66     30296

0.01 adaptive (200, 400, 100, 30) logistic sgd
             precision    recall  f1-score   support

       -1.0       0.76      1.00      0.86     23027
        1.0       0.00      0.00      0.00      7269

avg / total       0.58      0.76      0.66     30296

0.01 adaptive (100, 20) logistic adam
             precision    recall  f1-score   support

       -1.0       0.92      0.85      0.88     23027
        1.0       0.61      0.76      0.68      7269

avg / total       0.84      0.83      0.83     30296

0.01 adaptive (200, 50) logistic adam
             precision    recall  f1-score   support

       -1.0       0.88      0.92      0.90     23027
        1.0       0.70      0.59      0.64      7269

avg / total       0.84      0.84      0.84     30296

0.01 adaptive (200, 300, 100) logistic adam
             precision    recall  f1-score   support

       -1.0       0.87      0.88      0.88     23027
        1.0       0.61      0.59      0.60      7269

avg / total       0.81      0.81      0.81     30296

0.01 adaptive (400, 100, 40) logistic adam
             precision    recall  f1-score   support

       -1.0       0.86      0.94      0.90     23027
        1.0       0.72      0.51      0.60      7269

avg / total       0.83      0.83      0.82     30296

0.01 adaptive (400, 200, 100) logistic adam
             precision    recall  f1-score   support

       -1.0       0.86      0.88      0.87     23027
        1.0       0.59      0.53      0.56      7269

avg / total       0.79      0.80      0.79     30296

0.01 adaptive (400, 200, 100, 30) logistic adam
             precision    recall  f1-score   support

       -1.0       0.89      0.83      0.86     23027
        1.0       0.56      0.68      0.61      7269

avg / total       0.81      0.79      0.80     30296

0.01 adaptive (200, 400, 100, 30) logistic adam
             precision    recall  f1-score   support

       -1.0       0.91      0.85      0.88     23027
        1.0       0.61      0.75      0.67      7269

avg / total       0.84      0.82      0.83     30296

0.01 adaptive (100, 20) tanh lbfgs
             precision    recall  f1-score   support

       -1.0       0.87      0.85      0.86     23027
        1.0       0.57      0.60      0.58      7269

avg / total       0.80      0.79      0.80     30296

0.01 adaptive (200, 50) tanh lbfgs
             precision    recall  f1-score   support

       -1.0       0.87      0.85      0.86     23027
        1.0       0.57      0.61      0.59      7269

avg / total       0.80      0.80      0.80     30296

0.01 adaptive (200, 300, 100) tanh lbfgs
             precision    recall  f1-score   support

       -1.0       0.87      0.86      0.86     23027
        1.0       0.57      0.60      0.58      7269

avg / total       0.80      0.79      0.80     30296

0.01 adaptive (400, 100, 40) tanh lbfgs
             precision    recall  f1-score   support

       -1.0       0.87      0.86      0.87     23027
        1.0       0.58      0.61      0.59      7269

avg / total       0.80      0.80      0.80     30296

0.01 adaptive (400, 200, 100) tanh lbfgs
             precision    recall  f1-score   support

       -1.0       0.87      0.85      0.86     23027
        1.0       0.56      0.59      0.57      7269

avg / total       0.79      0.79      0.79     30296

0.01 adaptive (400, 200, 100, 30) tanh lbfgs
             precision    recall  f1-score   support

       -1.0       0.87      0.85      0.86     23027
        1.0       0.57      0.60      0.58      7269

avg / total       0.80      0.79      0.80     30296

0.01 adaptive (200, 400, 100, 30) tanh lbfgs
             precision    recall  f1-score   support

       -1.0       0.87      0.85      0.86     23027
        1.0       0.56      0.61      0.58      7269

avg / total       0.80      0.79      0.79     30296

0.01 adaptive (100, 20) tanh sgd
             precision    recall  f1-score   support

       -1.0       0.88      0.91      0.89     23027
        1.0       0.68      0.60      0.63      7269

avg / total       0.83      0.84      0.83     30296

0.01 adaptive (200, 50) tanh sgd
             precision    recall  f1-score   support

       -1.0       0.88      0.92      0.90     23027
        1.0       0.70      0.62      0.66      7269

avg / total       0.84      0.85      0.84     30296

0.01 adaptive (200, 300, 100) tanh sgd
             precision    recall  f1-score   support

       -1.0       0.89      0.92      0.90     23027
        1.0       0.71      0.62      0.66      7269

avg / total       0.84      0.85      0.84     30296

0.01 adaptive (400, 100, 40) tanh sgd
             precision    recall  f1-score   support

       -1.0       0.87      0.90      0.88     23027
        1.0       0.64      0.57      0.61      7269

avg / total       0.82      0.82      0.82     30296

0.01 adaptive (400, 200, 100) tanh sgd
             precision    recall  f1-score   support

       -1.0       0.88      0.92      0.90     23027
        1.0       0.70      0.62      0.66      7269

avg / total       0.84      0.85      0.84     30296

0.01 adaptive (400, 200, 100, 30) tanh sgd
             precision    recall  f1-score   support

       -1.0       0.89      0.91      0.90     23027
        1.0       0.69      0.64      0.66      7269

avg / total       0.84      0.84      0.84     30296

0.01 adaptive (200, 400, 100, 30) tanh sgd
             precision    recall  f1-score   support

       -1.0       0.89      0.91      0.90     23027
        1.0       0.70      0.63      0.66      7269

avg / total       0.84      0.85      0.84     30296

0.01 adaptive (100, 20) tanh adam
             precision    recall  f1-score   support

       -1.0       0.87      0.88      0.88     23027
        1.0       0.62      0.59      0.60      7269

avg / total       0.81      0.81      0.81     30296

0.01 adaptive (200, 50) tanh adam
             precision    recall  f1-score   support

       -1.0       0.88      0.84      0.86     23027
        1.0       0.57      0.65      0.60      7269

avg / total       0.81      0.80      0.80     30296

0.01 adaptive (200, 300, 100) tanh adam
             precision    recall  f1-score   support

       -1.0       0.93      0.79      0.85     23027
        1.0       0.55      0.81      0.65      7269

avg / total       0.84      0.79      0.80     30296

0.01 adaptive (400, 100, 40) tanh adam
             precision    recall  f1-score   support

       -1.0       0.85      0.89      0.87     23027
        1.0       0.59      0.52      0.55      7269

avg / total       0.79      0.80      0.79     30296

0.01 adaptive (400, 200, 100) tanh adam
             precision    recall  f1-score   support

       -1.0       0.92      0.83      0.87     23027
        1.0       0.59      0.77      0.67      7269

avg / total       0.84      0.81      0.82     30296

0.01 adaptive (400, 200, 100, 30) tanh adam
             precision    recall  f1-score   support

       -1.0       0.88      0.90      0.89     23027
        1.0       0.66      0.60      0.63      7269

avg / total       0.83      0.83      0.83     30296

0.01 adaptive (200, 400, 100, 30) tanh adam
             precision    recall  f1-score   support

       -1.0       0.90      0.89      0.89     23027
        1.0       0.65      0.67      0.66      7269

avg / total       0.84      0.84      0.84     30296

0.01 adaptive (100, 20) relu lbfgs
             precision    recall  f1-score   support

       -1.0       0.87      0.85      0.86     23027
        1.0       0.56      0.60      0.58      7269

avg / total       0.80      0.79      0.79     30296

0.01 adaptive (200, 50) relu lbfgs
             precision    recall  f1-score   support

       -1.0       0.87      0.85      0.86     23027
        1.0       0.56      0.60      0.58      7269

avg / total       0.80      0.79      0.79     30296

0.01 adaptive (200, 300, 100) relu lbfgs
             precision    recall  f1-score   support

       -1.0       0.87      0.86      0.86     23027
        1.0       0.57      0.58      0.57      7269

avg / total       0.79      0.79      0.79     30296

0.01 adaptive (400, 100, 40) relu lbfgs
             precision    recall  f1-score   support

       -1.0       0.87      0.86      0.86     23027
        1.0       0.57      0.60      0.58      7269

avg / total       0.80      0.80      0.80     30296

0.01 adaptive (400, 200, 100) relu lbfgs
             precision    recall  f1-score   support

       -1.0       0.87      0.85      0.86     23027
        1.0       0.57      0.61      0.59      7269

avg / total       0.80      0.79      0.80     30296

0.01 adaptive (400, 200, 100, 30) relu lbfgs
             precision    recall  f1-score   support

       -1.0       0.87      0.87      0.87     23027
        1.0       0.58      0.58      0.58      7269

avg / total       0.80      0.80      0.80     30296

0.01 adaptive (200, 400, 100, 30) relu lbfgs
             precision    recall  f1-score   support

       -1.0       0.87      0.86      0.86     23027
        1.0       0.57      0.58      0.57      7269

avg / total       0.80      0.79      0.79     30296

0.01 adaptive (100, 20) relu sgd
             precision    recall  f1-score   support

       -1.0       0.88      0.87      0.87     23027
        1.0       0.60      0.62      0.61      7269

avg / total       0.81      0.81      0.81     30296

0.01 adaptive (200, 50) relu sgd
             precision    recall  f1-score   support

       -1.0       0.87      0.89      0.88     23027
        1.0       0.63      0.59      0.61      7269

avg / total       0.82      0.82      0.82     30296

0.01 adaptive (200, 300, 100) relu sgd
             precision    recall  f1-score   support

       -1.0       0.88      0.87      0.87     23027
        1.0       0.60      0.61      0.61      7269

avg / total       0.81      0.81      0.81     30296

0.01 adaptive (400, 100, 40) relu sgd
             precision    recall  f1-score   support

       -1.0       0.87      0.88      0.88     23027
        1.0       0.61      0.60      0.60      7269

avg / total       0.81      0.81      0.81     30296

0.01 adaptive (400, 200, 100) relu sgd
             precision    recall  f1-score   support

       -1.0       0.87      0.88      0.88     23027
        1.0       0.60      0.60      0.60      7269

avg / total       0.81      0.81      0.81     30296

0.01 adaptive (400, 200, 100, 30) relu sgd
             precision    recall  f1-score   support

       -1.0       0.88      0.87      0.87     23027
        1.0       0.60      0.61      0.61      7269

avg / total       0.81      0.81      0.81     30296

0.01 adaptive (200, 400, 100, 30) relu sgd
             precision    recall  f1-score   support

       -1.0       0.88      0.87      0.87     23027
        1.0       0.60      0.61      0.60      7269

avg / total       0.81      0.81      0.81     30296

0.01 adaptive (100, 20) relu adam
             precision    recall  f1-score   support

       -1.0       0.88      0.85      0.86     23027
        1.0       0.56      0.62      0.59      7269

avg / total       0.80      0.79      0.80     30296

0.01 adaptive (200, 50) relu adam
             precision    recall  f1-score   support

       -1.0       0.86      0.88      0.87     23027
        1.0       0.60      0.57      0.58      7269

avg / total       0.80      0.80      0.80     30296

0.01 adaptive (200, 300, 100) relu adam
             precision    recall  f1-score   support

       -1.0       0.89      0.83      0.86     23027
        1.0       0.55      0.67      0.61      7269

avg / total       0.81      0.79      0.80     30296

0.01 adaptive (400, 100, 40) relu adam
             precision    recall  f1-score   support

       -1.0       0.87      0.85      0.86     23027
        1.0       0.57      0.60      0.58      7269

avg / total       0.80      0.79      0.80     30296

0.01 adaptive (400, 200, 100) relu adam
             precision    recall  f1-score   support

       -1.0       0.86      0.88      0.87     23027
        1.0       0.61      0.56      0.58      7269

avg / total       0.80      0.81      0.80     30296

0.01 adaptive (400, 200, 100, 30) relu adam
             precision    recall  f1-score   support

       -1.0       0.88      0.84      0.86     23027
        1.0       0.55      0.65      0.60      7269

avg / total       0.80      0.79      0.80     30296

0.01 adaptive (200, 400, 100, 30) relu adam
             precision    recall  f1-score   support

       -1.0       0.88      0.84      0.86     23027
        1.0       0.56      0.62      0.59      7269

avg / total       0.80      0.79      0.80     30296

0.01 invscaling (100, 20) logistic lbfgs
             precision    recall  f1-score   support

       -1.0       0.87      0.85      0.86     23027
        1.0       0.55      0.59      0.57      7269

avg / total       0.79      0.79      0.79     30296

0.01 invscaling (200, 50) logistic lbfgs
             precision    recall  f1-score   support

       -1.0       0.87      0.85      0.86     23027
        1.0       0.56      0.60      0.58      7269

avg / total       0.79      0.79      0.79     30296

0.01 invscaling (200, 300, 100) logistic lbfgs
             precision    recall  f1-score   support

       -1.0       0.88      0.88      0.88     23027
        1.0       0.62      0.62      0.62      7269

avg / total       0.82      0.82      0.82     30296

0.01 invscaling (400, 100, 40) logistic lbfgs
             precision    recall  f1-score   support

       -1.0       0.89      0.87      0.88     23027
        1.0       0.61      0.64      0.63      7269

avg / total       0.82      0.82      0.82     30296

0.01 invscaling (400, 200, 100) logistic lbfgs
             precision    recall  f1-score   support

       -1.0       0.88      0.88      0.88     23027
        1.0       0.62      0.60      0.61      7269

avg / total       0.81      0.81      0.81     30296

0.01 invscaling (400, 200, 100, 30) logistic lbfgs
             precision    recall  f1-score   support

       -1.0       0.76      1.00      0.86     23027
        1.0       0.00      0.00      0.00      7269

avg / total       0.58      0.76      0.66     30296

0.01 invscaling (200, 400, 100, 30) logistic lbfgs
             precision    recall  f1-score   support

       -1.0       0.76      1.00      0.86     23027
        1.0       0.00      0.00      0.00      7269

avg / total       0.58      0.76      0.66     30296

0.01 invscaling (100, 20) logistic sgd
             precision    recall  f1-score   support

       -1.0       0.76      1.00      0.86     23027
        1.0       0.00      0.00      0.00      7269

avg / total       0.58      0.76      0.66     30296

0.01 invscaling (200, 50) logistic sgd
             precision    recall  f1-score   support

       -1.0       0.76      1.00      0.86     23027
        1.0       0.00      0.00      0.00      7269

avg / total       0.58      0.76      0.66     30296

0.01 invscaling (200, 300, 100) logistic sgd
             precision    recall  f1-score   support

       -1.0       0.76      1.00      0.86     23027
        1.0       0.00      0.00      0.00      7269

avg / total       0.58      0.76      0.66     30296

0.01 invscaling (400, 100, 40) logistic sgd
             precision    recall  f1-score   support

       -1.0       0.76      1.00      0.86     23027
        1.0       0.00      0.00      0.00      7269

avg / total       0.58      0.76      0.66     30296

0.01 invscaling (400, 200, 100) logistic sgd
             precision    recall  f1-score   support

       -1.0       0.76      1.00      0.86     23027
        1.0       0.00      0.00      0.00      7269

avg / total       0.58      0.76      0.66     30296

0.01 invscaling (400, 200, 100, 30) logistic sgd
             precision    recall  f1-score   support

       -1.0       0.76      1.00      0.86     23027
        1.0       0.00      0.00      0.00      7269

avg / total       0.58      0.76      0.66     30296

0.01 invscaling (200, 400, 100, 30) logistic sgd
             precision    recall  f1-score   support

       -1.0       0.76      1.00      0.86     23027
        1.0       0.00      0.00      0.00      7269

avg / total       0.58      0.76      0.66     30296

0.01 invscaling (100, 20) logistic adam
             precision    recall  f1-score   support

       -1.0       0.92      0.85      0.88     23027
        1.0       0.61      0.76      0.68      7269

avg / total       0.84      0.83      0.83     30296

0.01 invscaling (200, 50) logistic adam
             precision    recall  f1-score   support

       -1.0       0.88      0.92      0.90     23027
        1.0       0.70      0.59      0.64      7269

avg / total       0.84      0.84      0.84     30296

0.01 invscaling (200, 300, 100) logistic adam
             precision    recall  f1-score   support

       -1.0       0.87      0.88      0.88     23027
        1.0       0.61      0.59      0.60      7269

avg / total       0.81      0.81      0.81     30296

0.01 invscaling (400, 100, 40) logistic adam
             precision    recall  f1-score   support

       -1.0       0.86      0.94      0.90     23027
        1.0       0.72      0.51      0.60      7269

avg / total       0.83      0.83      0.82     30296

0.01 invscaling (400, 200, 100) logistic adam
             precision    recall  f1-score   support

       -1.0       0.86      0.88      0.87     23027
        1.0       0.59      0.53      0.56      7269

avg / total       0.79      0.80      0.79     30296

0.01 invscaling (400, 200, 100, 30) logistic adam
             precision    recall  f1-score   support

       -1.0       0.89      0.83      0.86     23027
        1.0       0.56      0.68      0.61      7269

avg / total       0.81      0.79      0.80     30296

0.01 invscaling (200, 400, 100, 30) logistic adam
             precision    recall  f1-score   support

       -1.0       0.91      0.85      0.88     23027
        1.0       0.61      0.75      0.67      7269

avg / total       0.84      0.82      0.83     30296

0.01 invscaling (100, 20) tanh lbfgs
             precision    recall  f1-score   support

       -1.0       0.87      0.85      0.86     23027
        1.0       0.57      0.60      0.58      7269

avg / total       0.80      0.79      0.80     30296

0.01 invscaling (200, 50) tanh lbfgs
             precision    recall  f1-score   support

       -1.0       0.87      0.85      0.86     23027
        1.0       0.57      0.61      0.59      7269

avg / total       0.80      0.80      0.80     30296

0.01 invscaling (200, 300, 100) tanh lbfgs
             precision    recall  f1-score   support

       -1.0       0.87      0.86      0.86     23027
        1.0       0.57      0.60      0.58      7269

avg / total       0.80      0.79      0.80     30296

0.01 invscaling (400, 100, 40) tanh lbfgs
             precision    recall  f1-score   support

       -1.0       0.87      0.86      0.87     23027
        1.0       0.58      0.61      0.59      7269

avg / total       0.80      0.80      0.80     30296

0.01 invscaling (400, 200, 100) tanh lbfgs
             precision    recall  f1-score   support

       -1.0       0.87      0.85      0.86     23027
        1.0       0.56      0.59      0.57      7269

avg / total       0.79      0.79      0.79     30296

0.01 invscaling (400, 200, 100, 30) tanh lbfgs
             precision    recall  f1-score   support

       -1.0       0.87      0.85      0.86     23027
        1.0       0.57      0.60      0.58      7269

avg / total       0.80      0.79      0.80     30296

0.01 invscaling (200, 400, 100, 30) tanh lbfgs
             precision    recall  f1-score   support

       -1.0       0.87      0.85      0.86     23027
        1.0       0.56      0.61      0.58      7269

avg / total       0.80      0.79      0.79     30296

0.01 invscaling (100, 20) tanh sgd
             precision    recall  f1-score   support

       -1.0       0.78      0.99      0.87     23027
        1.0       0.81      0.09      0.16      7269

avg / total       0.78      0.78      0.70     30296

0.01 invscaling (200, 50) tanh sgd
             precision    recall  f1-score   support

       -1.0       0.81      0.96      0.88     23027
        1.0       0.71      0.30      0.42      7269

avg / total       0.79      0.80      0.77     30296

0.01 invscaling (200, 300, 100) tanh sgd
             precision    recall  f1-score   support

       -1.0       0.84      0.94      0.89     23027
        1.0       0.71      0.45      0.55      7269

avg / total       0.81      0.82      0.81     30296

0.01 invscaling (400, 100, 40) tanh sgd
             precision    recall  f1-score   support

       -1.0       0.85      0.93      0.89     23027
        1.0       0.69      0.50      0.58      7269

avg / total       0.82      0.83      0.82     30296

0.01 invscaling (400, 200, 100) tanh sgd
             precision    recall  f1-score   support

       -1.0       0.85      0.93      0.89     23027
        1.0       0.69      0.48      0.57      7269

avg / total       0.81      0.82      0.81     30296

0.01 invscaling (400, 200, 100, 30) tanh sgd
             precision    recall  f1-score   support

       -1.0       0.86      0.92      0.89     23027
        1.0       0.68      0.52      0.59      7269

avg / total       0.82      0.83      0.82     30296

0.01 invscaling (200, 400, 100, 30) tanh sgd
             precision    recall  f1-score   support

       -1.0       0.92      0.74      0.82     23027
        1.0       0.49      0.79      0.61      7269

avg / total       0.82      0.76      0.77     30296

0.01 invscaling (100, 20) tanh adam
             precision    recall  f1-score   support

       -1.0       0.87      0.88      0.88     23027
        1.0       0.62      0.59      0.60      7269

avg / total       0.81      0.81      0.81     30296

0.01 invscaling (200, 50) tanh adam
             precision    recall  f1-score   support

       -1.0       0.88      0.84      0.86     23027
        1.0       0.57      0.65      0.60      7269

avg / total       0.81      0.80      0.80     30296

0.01 invscaling (200, 300, 100) tanh adam
             precision    recall  f1-score   support

       -1.0       0.93      0.79      0.85     23027
        1.0       0.55      0.81      0.65      7269

avg / total       0.84      0.79      0.80     30296

0.01 invscaling (400, 100, 40) tanh adam
             precision    recall  f1-score   support

       -1.0       0.85      0.89      0.87     23027
        1.0       0.59      0.52      0.55      7269

avg / total       0.79      0.80      0.79     30296

0.01 invscaling (400, 200, 100) tanh adam
             precision    recall  f1-score   support

       -1.0       0.92      0.83      0.87     23027
        1.0       0.59      0.77      0.67      7269

avg / total       0.84      0.81      0.82     30296

0.01 invscaling (400, 200, 100, 30) tanh adam
             precision    recall  f1-score   support

       -1.0       0.88      0.90      0.89     23027
        1.0       0.66      0.60      0.63      7269

avg / total       0.83      0.83      0.83     30296

0.01 invscaling (200, 400, 100, 30) tanh adam
             precision    recall  f1-score   support

       -1.0       0.90      0.89      0.89     23027
        1.0       0.65      0.67      0.66      7269

avg / total       0.84      0.84      0.84     30296

0.01 invscaling (100, 20) relu lbfgs
             precision    recall  f1-score   support

       -1.0       0.87      0.85      0.86     23027
        1.0       0.56      0.60      0.58      7269

avg / total       0.80      0.79      0.79     30296

0.01 invscaling (200, 50) relu lbfgs
             precision    recall  f1-score   support

       -1.0       0.87      0.85      0.86     23027
        1.0       0.56      0.60      0.58      7269

avg / total       0.80      0.79      0.79     30296

0.01 invscaling (200, 300, 100) relu lbfgs
             precision    recall  f1-score   support

       -1.0       0.87      0.86      0.86     23027
        1.0       0.57      0.58      0.57      7269

avg / total       0.79      0.79      0.79     30296

0.01 invscaling (400, 100, 40) relu lbfgs
             precision    recall  f1-score   support

       -1.0       0.87      0.86      0.86     23027
        1.0       0.57      0.60      0.58      7269

avg / total       0.80      0.80      0.80     30296

0.01 invscaling (400, 200, 100) relu lbfgs
             precision    recall  f1-score   support

       -1.0       0.87      0.85      0.86     23027
        1.0       0.57      0.61      0.59      7269

avg / total       0.80      0.79      0.80     30296

0.01 invscaling (400, 200, 100, 30) relu lbfgs
             precision    recall  f1-score   support

       -1.0       0.87      0.87      0.87     23027
        1.0       0.58      0.58      0.58      7269

avg / total       0.80      0.80      0.80     30296

0.01 invscaling (200, 400, 100, 30) relu lbfgs
             precision    recall  f1-score   support

       -1.0       0.87      0.86      0.86     23027
        1.0       0.57      0.58      0.57      7269

avg / total       0.80      0.79      0.79     30296

0.01 invscaling (100, 20) relu sgd
             precision    recall  f1-score   support

       -1.0       0.76      1.00      0.86     23027
        1.0       0.00      0.00      0.00      7269

avg / total       0.58      0.76      0.66     30296

0.01 invscaling (200, 50) relu sgd
             precision    recall  f1-score   support

       -1.0       0.76      1.00      0.86     23027
        1.0       0.00      0.00      0.00      7269

avg / total       0.58      0.76      0.66     30296

0.01 invscaling (200, 300, 100) relu sgd
             precision    recall  f1-score   support

       -1.0       0.76      1.00      0.86     23027
        1.0       0.00      0.00      0.00      7269

avg / total       0.58      0.76      0.66     30296

0.01 invscaling (400, 100, 40) relu sgd
             precision    recall  f1-score   support

       -1.0       0.76      1.00      0.86     23027
        1.0       0.00      0.00      0.00      7269

avg / total       0.58      0.76      0.66     30296

0.01 invscaling (400, 200, 100) relu sgd
             precision    recall  f1-score   support

       -1.0       0.76      1.00      0.86     23027
        1.0       0.00      0.00      0.00      7269

avg / total       0.58      0.76      0.66     30296

0.01 invscaling (400, 200, 100, 30) relu sgd
             precision    recall  f1-score   support

       -1.0       0.76      1.00      0.86     23027
        1.0       0.00      0.00      0.00      7269

avg / total       0.58      0.76      0.66     30296

0.01 invscaling (200, 400, 100, 30) relu sgd
             precision    recall  f1-score   support

       -1.0       0.76      1.00      0.86     23027
        1.0       0.00      0.00      0.00      7269

avg / total       0.58      0.76      0.66     30296

0.01 invscaling (100, 20) relu adam
             precision    recall  f1-score   support

       -1.0       0.88      0.85      0.86     23027
        1.0       0.56      0.62      0.59      7269

avg / total       0.80      0.79      0.80     30296

0.01 invscaling (200, 50) relu adam
             precision    recall  f1-score   support

       -1.0       0.86      0.88      0.87     23027
        1.0       0.60      0.57      0.58      7269

avg / total       0.80      0.80      0.80     30296

0.01 invscaling (200, 300, 100) relu adam
             precision    recall  f1-score   support

       -1.0       0.89      0.83      0.86     23027
        1.0       0.55      0.67      0.61      7269

avg / total       0.81      0.79      0.80     30296

0.01 invscaling (400, 100, 40) relu adam
             precision    recall  f1-score   support

       -1.0       0.87      0.85      0.86     23027
        1.0       0.57      0.60      0.58      7269

avg / total       0.80      0.79      0.80     30296

0.01 invscaling (400, 200, 100) relu adam
             precision    recall  f1-score   support

       -1.0       0.86      0.88      0.87     23027
        1.0       0.61      0.56      0.58      7269

avg / total       0.80      0.81      0.80     30296

0.01 invscaling (400, 200, 100, 30) relu adam
             precision    recall  f1-score   support

       -1.0       0.88      0.84      0.86     23027
        1.0       0.55      0.65      0.60      7269

avg / total       0.80      0.79      0.80     30296

0.01 invscaling (200, 400, 100, 30) relu adam
             precision    recall  f1-score   support

       -1.0       0.88      0.84      0.86     23027
        1.0       0.56      0.62      0.59      7269

avg / total       0.80      0.79      0.80     30296

