0.001 constant (100, 20) logistic lbfgs
             precision    recall  f1-score   support

       -1.0       0.79      0.83      0.81      1044
        1.0       0.83      0.80      0.81      1131

avg / total       0.81      0.81      0.81      2175

0.001 constant (200, 50) logistic lbfgs
             precision    recall  f1-score   support

       -1.0       0.78      0.83      0.80      1044
        1.0       0.83      0.79      0.81      1131

avg / total       0.81      0.81      0.81      2175

0.001 constant (100, 200, 30) logistic lbfgs
             precision    recall  f1-score   support

       -1.0       0.77      0.81      0.79      1044
        1.0       0.82      0.78      0.80      1131

avg / total       0.80      0.79      0.79      2175

0.001 constant (100, 300, 40) logistic lbfgs
             precision    recall  f1-score   support

       -1.0       0.76      0.82      0.79      1044
        1.0       0.82      0.76      0.79      1131

avg / total       0.79      0.79      0.79      2175

0.001 constant (100, 20) logistic sgd
             precision    recall  f1-score   support

       -1.0       0.72      0.01      0.02      1044
        1.0       0.52      1.00      0.68      1131

avg / total       0.62      0.52      0.37      2175

0.001 constant (200, 50) logistic sgd
             precision    recall  f1-score   support

       -1.0       0.00      0.00      0.00      1044
        1.0       0.52      1.00      0.68      1131

avg / total       0.27      0.52      0.36      2175

0.001 constant (100, 200, 30) logistic sgd
             precision    recall  f1-score   support

       -1.0       0.00      0.00      0.00      1044
        1.0       0.52      1.00      0.68      1131

avg / total       0.27      0.52      0.36      2175

0.001 constant (100, 300, 40) logistic sgd
             precision    recall  f1-score   support

       -1.0       0.00      0.00      0.00      1044
        1.0       0.52      1.00      0.68      1131

avg / total       0.27      0.52      0.36      2175

0.001 constant (100, 20) logistic adam
             precision    recall  f1-score   support

       -1.0       0.82      0.82      0.82      1044
        1.0       0.84      0.83      0.83      1131

avg / total       0.83      0.83      0.83      2175

0.001 constant (200, 50) logistic adam
             precision    recall  f1-score   support

       -1.0       0.81      0.82      0.82      1044
        1.0       0.84      0.83      0.83      1131

avg / total       0.82      0.82      0.82      2175

0.001 constant (100, 200, 30) logistic adam
             precision    recall  f1-score   support

       -1.0       0.79      0.87      0.82      1044
        1.0       0.86      0.78      0.82      1131

avg / total       0.83      0.82      0.82      2175

0.001 constant (100, 300, 40) logistic adam
             precision    recall  f1-score   support

       -1.0       0.79      0.87      0.83      1044
        1.0       0.86      0.79      0.82      1131

avg / total       0.83      0.82      0.82      2175

0.001 constant (100, 20) tanh lbfgs
             precision    recall  f1-score   support

       -1.0       0.79      0.83      0.81      1044
        1.0       0.84      0.80      0.82      1131

avg / total       0.81      0.81      0.81      2175

0.001 constant (200, 50) tanh lbfgs
             precision    recall  f1-score   support

       -1.0       0.81      0.87      0.84      1044
        1.0       0.87      0.81      0.84      1131

avg / total       0.84      0.84      0.84      2175

0.001 constant (100, 200, 30) tanh lbfgs
             precision    recall  f1-score   support

       -1.0       0.79      0.85      0.82      1044
        1.0       0.85      0.80      0.82      1131

avg / total       0.82      0.82      0.82      2175

0.001 constant (100, 300, 40) tanh lbfgs
             precision    recall  f1-score   support

       -1.0       0.79      0.81      0.80      1044
        1.0       0.82      0.80      0.81      1131

avg / total       0.81      0.81      0.81      2175

0.001 constant (100, 20) tanh sgd
             precision    recall  f1-score   support

       -1.0       0.83      0.83      0.83      1044
        1.0       0.84      0.84      0.84      1131

avg / total       0.83      0.83      0.83      2175

0.001 constant (200, 50) tanh sgd
             precision    recall  f1-score   support

       -1.0       0.82      0.83      0.82      1044
        1.0       0.84      0.83      0.84      1131

avg / total       0.83      0.83      0.83      2175

0.001 constant (100, 200, 30) tanh sgd
             precision    recall  f1-score   support

       -1.0       0.83      0.83      0.83      1044
        1.0       0.84      0.84      0.84      1131

avg / total       0.84      0.84      0.84      2175

0.001 constant (100, 300, 40) tanh sgd
             precision    recall  f1-score   support

       -1.0       0.82      0.83      0.82      1044
        1.0       0.84      0.83      0.84      1131

avg / total       0.83      0.83      0.83      2175

0.001 constant (100, 20) tanh adam
             precision    recall  f1-score   support

       -1.0       0.80      0.85      0.82      1044
        1.0       0.85      0.80      0.82      1131

avg / total       0.82      0.82      0.82      2175

0.001 constant (200, 50) tanh adam
             precision    recall  f1-score   support

       -1.0       0.82      0.89      0.85      1044
        1.0       0.89      0.82      0.85      1131

avg / total       0.86      0.85      0.85      2175

0.001 constant (100, 200, 30) tanh adam
             precision    recall  f1-score   support

       -1.0       0.81      0.86      0.83      1044
        1.0       0.87      0.81      0.84      1131

avg / total       0.84      0.84      0.84      2175

0.001 constant (100, 300, 40) tanh adam
             precision    recall  f1-score   support

       -1.0       0.81      0.86      0.83      1044
        1.0       0.86      0.81      0.83      1131

avg / total       0.84      0.83      0.83      2175

0.001 constant (100, 20) relu lbfgs
             precision    recall  f1-score   support

       -1.0       0.85      0.83      0.84      1044
        1.0       0.84      0.86      0.85      1131

avg / total       0.84      0.84      0.84      2175

0.001 constant (200, 50) relu lbfgs
             precision    recall  f1-score   support

       -1.0       0.83      0.84      0.84      1044
        1.0       0.85      0.85      0.85      1131

avg / total       0.84      0.84      0.84      2175

0.001 constant (100, 200, 30) relu lbfgs
             precision    recall  f1-score   support

       -1.0       0.83      0.84      0.84      1044
        1.0       0.85      0.85      0.85      1131

avg / total       0.84      0.84      0.84      2175

0.001 constant (100, 300, 40) relu lbfgs
             precision    recall  f1-score   support

       -1.0       0.84      0.84      0.84      1044
        1.0       0.86      0.86      0.86      1131

avg / total       0.85      0.85      0.85      2175

0.001 constant (100, 20) relu sgd
             precision    recall  f1-score   support

       -1.0       0.83      0.85      0.84      1044
        1.0       0.86      0.84      0.85      1131

avg / total       0.84      0.84      0.84      2175

0.001 constant (200, 50) relu sgd
             precision    recall  f1-score   support

       -1.0       0.84      0.84      0.84      1044
        1.0       0.85      0.85      0.85      1131

avg / total       0.84      0.84      0.84      2175

0.001 constant (100, 200, 30) relu sgd
             precision    recall  f1-score   support

       -1.0       0.83      0.84      0.84      1044
        1.0       0.85      0.84      0.85      1131

avg / total       0.84      0.84      0.84      2175

0.001 constant (100, 300, 40) relu sgd
             precision    recall  f1-score   support

       -1.0       0.82      0.82      0.82      1044
        1.0       0.83      0.84      0.83      1131

avg / total       0.83      0.83      0.83      2175

0.001 constant (100, 20) relu adam
             precision    recall  f1-score   support

       -1.0       0.85      0.84      0.85      1044
        1.0       0.86      0.86      0.86      1131

avg / total       0.85      0.85      0.85      2175

0.001 constant (200, 50) relu adam
             precision    recall  f1-score   support

       -1.0       0.85      0.85      0.85      1044
        1.0       0.86      0.86      0.86      1131

avg / total       0.86      0.86      0.86      2175

0.001 constant (100, 200, 30) relu adam
             precision    recall  f1-score   support

       -1.0       0.84      0.84      0.84      1044
        1.0       0.85      0.85      0.85      1131

avg / total       0.84      0.84      0.84      2175

0.001 constant (100, 300, 40) relu adam
             precision    recall  f1-score   support

       -1.0       0.83      0.83      0.83      1044
        1.0       0.85      0.85      0.85      1131

avg / total       0.84      0.84      0.84      2175

0.001 adaptive (100, 20) logistic lbfgs
             precision    recall  f1-score   support

       -1.0       0.79      0.83      0.81      1044
        1.0       0.83      0.80      0.81      1131

avg / total       0.81      0.81      0.81      2175

0.001 adaptive (200, 50) logistic lbfgs
             precision    recall  f1-score   support

       -1.0       0.78      0.83      0.80      1044
        1.0       0.83      0.79      0.81      1131

avg / total       0.81      0.81      0.81      2175

0.001 adaptive (100, 200, 30) logistic lbfgs
             precision    recall  f1-score   support

       -1.0       0.77      0.81      0.79      1044
        1.0       0.82      0.78      0.80      1131

avg / total       0.80      0.79      0.79      2175

0.001 adaptive (100, 300, 40) logistic lbfgs
             precision    recall  f1-score   support

       -1.0       0.76      0.82      0.79      1044
        1.0       0.82      0.76      0.79      1131

avg / total       0.79      0.79      0.79      2175

0.001 adaptive (100, 20) logistic sgd
             precision    recall  f1-score   support

       -1.0       0.33      0.00      0.00      1044
        1.0       0.52      1.00      0.68      1131

avg / total       0.43      0.52      0.36      2175

0.001 adaptive (200, 50) logistic sgd
             precision    recall  f1-score   support

       -1.0       0.00      0.00      0.00      1044
        1.0       0.52      1.00      0.68      1131

avg / total       0.27      0.52      0.36      2175

0.001 adaptive (100, 200, 30) logistic sgd
             precision    recall  f1-score   support

       -1.0       0.00      0.00      0.00      1044
        1.0       0.52      1.00      0.68      1131

avg / total       0.27      0.52      0.36      2175

0.001 adaptive (100, 300, 40) logistic sgd
             precision    recall  f1-score   support

       -1.0       0.00      0.00      0.00      1044
        1.0       0.52      1.00      0.68      1131

avg / total       0.27      0.52      0.36      2175

0.001 adaptive (100, 20) logistic adam
             precision    recall  f1-score   support

       -1.0       0.82      0.82      0.82      1044
        1.0       0.84      0.83      0.83      1131

avg / total       0.83      0.83      0.83      2175

0.001 adaptive (200, 50) logistic adam
             precision    recall  f1-score   support

       -1.0       0.81      0.82      0.82      1044
        1.0       0.84      0.83      0.83      1131

avg / total       0.82      0.82      0.82      2175

0.001 adaptive (100, 200, 30) logistic adam
             precision    recall  f1-score   support

       -1.0       0.79      0.87      0.82      1044
        1.0       0.86      0.78      0.82      1131

avg / total       0.83      0.82      0.82      2175

0.001 adaptive (100, 300, 40) logistic adam
             precision    recall  f1-score   support

       -1.0       0.79      0.87      0.83      1044
        1.0       0.86      0.79      0.82      1131

avg / total       0.83      0.82      0.82      2175

0.001 adaptive (100, 20) tanh lbfgs
             precision    recall  f1-score   support

       -1.0       0.79      0.83      0.81      1044
        1.0       0.84      0.80      0.82      1131

avg / total       0.81      0.81      0.81      2175

0.001 adaptive (200, 50) tanh lbfgs
             precision    recall  f1-score   support

       -1.0       0.81      0.87      0.84      1044
        1.0       0.87      0.81      0.84      1131

avg / total       0.84      0.84      0.84      2175

0.001 adaptive (100, 200, 30) tanh lbfgs
             precision    recall  f1-score   support

       -1.0       0.79      0.85      0.82      1044
        1.0       0.85      0.80      0.82      1131

avg / total       0.82      0.82      0.82      2175

0.001 adaptive (100, 300, 40) tanh lbfgs
             precision    recall  f1-score   support

       -1.0       0.79      0.81      0.80      1044
        1.0       0.82      0.80      0.81      1131

avg / total       0.81      0.81      0.81      2175

0.001 adaptive (100, 20) tanh sgd
             precision    recall  f1-score   support

       -1.0       0.83      0.83      0.83      1044
        1.0       0.84      0.84      0.84      1131

avg / total       0.83      0.83      0.83      2175

0.001 adaptive (200, 50) tanh sgd
             precision    recall  f1-score   support

       -1.0       0.82      0.83      0.82      1044
        1.0       0.84      0.83      0.84      1131

avg / total       0.83      0.83      0.83      2175

0.001 adaptive (100, 200, 30) tanh sgd
             precision    recall  f1-score   support

       -1.0       0.83      0.83      0.83      1044
        1.0       0.84      0.84      0.84      1131

avg / total       0.84      0.84      0.84      2175

0.001 adaptive (100, 300, 40) tanh sgd
             precision    recall  f1-score   support

       -1.0       0.82      0.83      0.82      1044
        1.0       0.84      0.83      0.84      1131

avg / total       0.83      0.83      0.83      2175

0.001 adaptive (100, 20) tanh adam
             precision    recall  f1-score   support

       -1.0       0.80      0.85      0.82      1044
        1.0       0.85      0.80      0.82      1131

avg / total       0.82      0.82      0.82      2175

0.001 adaptive (200, 50) tanh adam
             precision    recall  f1-score   support

       -1.0       0.82      0.89      0.85      1044
        1.0       0.89      0.82      0.85      1131

avg / total       0.86      0.85      0.85      2175

0.001 adaptive (100, 200, 30) tanh adam
             precision    recall  f1-score   support

       -1.0       0.81      0.86      0.83      1044
        1.0       0.87      0.81      0.84      1131

avg / total       0.84      0.84      0.84      2175

0.001 adaptive (100, 300, 40) tanh adam
             precision    recall  f1-score   support

       -1.0       0.81      0.86      0.83      1044
        1.0       0.86      0.81      0.83      1131

avg / total       0.84      0.83      0.83      2175

0.001 adaptive (100, 20) relu lbfgs
             precision    recall  f1-score   support

       -1.0       0.85      0.83      0.84      1044
        1.0       0.84      0.86      0.85      1131

avg / total       0.84      0.84      0.84      2175

0.001 adaptive (200, 50) relu lbfgs
             precision    recall  f1-score   support

       -1.0       0.83      0.84      0.84      1044
        1.0       0.85      0.85      0.85      1131

avg / total       0.84      0.84      0.84      2175

0.001 adaptive (100, 200, 30) relu lbfgs
             precision    recall  f1-score   support

       -1.0       0.83      0.84      0.84      1044
        1.0       0.85      0.85      0.85      1131

avg / total       0.84      0.84      0.84      2175

0.001 adaptive (100, 300, 40) relu lbfgs
             precision    recall  f1-score   support

       -1.0       0.84      0.84      0.84      1044
        1.0       0.86      0.86      0.86      1131

avg / total       0.85      0.85      0.85      2175

0.001 adaptive (100, 20) relu sgd
             precision    recall  f1-score   support

       -1.0       0.83      0.85      0.84      1044
        1.0       0.86      0.84      0.85      1131

avg / total       0.84      0.84      0.84      2175

0.001 adaptive (200, 50) relu sgd
             precision    recall  f1-score   support

       -1.0       0.84      0.84      0.84      1044
        1.0       0.85      0.85      0.85      1131

avg / total       0.84      0.84      0.84      2175

0.001 adaptive (100, 200, 30) relu sgd
             precision    recall  f1-score   support

       -1.0       0.83      0.84      0.84      1044
        1.0       0.85      0.84      0.85      1131

avg / total       0.84      0.84      0.84      2175

0.001 adaptive (100, 300, 40) relu sgd
             precision    recall  f1-score   support

       -1.0       0.82      0.82      0.82      1044
        1.0       0.83      0.84      0.83      1131

avg / total       0.83      0.83      0.83      2175

0.001 adaptive (100, 20) relu adam
             precision    recall  f1-score   support

       -1.0       0.85      0.84      0.85      1044
        1.0       0.86      0.86      0.86      1131

avg / total       0.85      0.85      0.85      2175

0.001 adaptive (200, 50) relu adam
             precision    recall  f1-score   support

       -1.0       0.85      0.85      0.85      1044
        1.0       0.86      0.86      0.86      1131

avg / total       0.86      0.86      0.86      2175

0.001 adaptive (100, 200, 30) relu adam
             precision    recall  f1-score   support

       -1.0       0.84      0.84      0.84      1044
        1.0       0.85      0.85      0.85      1131

avg / total       0.84      0.84      0.84      2175

0.001 adaptive (100, 300, 40) relu adam
             precision    recall  f1-score   support

       -1.0       0.83      0.83      0.83      1044
        1.0       0.85      0.85      0.85      1131

avg / total       0.84      0.84      0.84      2175

0.001 invscaling (100, 20) logistic lbfgs
             precision    recall  f1-score   support

       -1.0       0.79      0.83      0.81      1044
        1.0       0.83      0.80      0.81      1131

avg / total       0.81      0.81      0.81      2175

0.001 invscaling (200, 50) logistic lbfgs
             precision    recall  f1-score   support

       -1.0       0.78      0.83      0.80      1044
        1.0       0.83      0.79      0.81      1131

avg / total       0.81      0.81      0.81      2175

0.001 invscaling (100, 200, 30) logistic lbfgs
             precision    recall  f1-score   support

       -1.0       0.77      0.81      0.79      1044
        1.0       0.82      0.78      0.80      1131

avg / total       0.80      0.79      0.79      2175

0.001 invscaling (100, 300, 40) logistic lbfgs
             precision    recall  f1-score   support

       -1.0       0.76      0.82      0.79      1044
        1.0       0.82      0.76      0.79      1131

avg / total       0.79      0.79      0.79      2175

0.001 invscaling (100, 20) logistic sgd
             precision    recall  f1-score   support

       -1.0       0.48      1.00      0.65      1044
        1.0       0.00      0.00      0.00      1131

avg / total       0.23      0.48      0.31      2175

0.001 invscaling (200, 50) logistic sgd
             precision    recall  f1-score   support

       -1.0       0.00      0.00      0.00      1044
        1.0       0.52      1.00      0.68      1131

avg / total       0.27      0.52      0.36      2175

0.001 invscaling (100, 200, 30) logistic sgd
             precision    recall  f1-score   support

       -1.0       0.00      0.00      0.00      1044
        1.0       0.52      1.00      0.68      1131

avg / total       0.27      0.52      0.36      2175

0.001 invscaling (100, 300, 40) logistic sgd
             precision    recall  f1-score   support

       -1.0       0.00      0.00      0.00      1044
        1.0       0.52      1.00      0.68      1131

avg / total       0.27      0.52      0.36      2175

0.001 invscaling (100, 20) logistic adam
             precision    recall  f1-score   support

       -1.0       0.82      0.82      0.82      1044
        1.0       0.84      0.83      0.83      1131

avg / total       0.83      0.83      0.83      2175

0.001 invscaling (200, 50) logistic adam
             precision    recall  f1-score   support

       -1.0       0.81      0.82      0.82      1044
        1.0       0.84      0.83      0.83      1131

avg / total       0.82      0.82      0.82      2175

0.001 invscaling (100, 200, 30) logistic adam
             precision    recall  f1-score   support

       -1.0       0.79      0.87      0.82      1044
        1.0       0.86      0.78      0.82      1131

avg / total       0.83      0.82      0.82      2175

0.001 invscaling (100, 300, 40) logistic adam
             precision    recall  f1-score   support

       -1.0       0.79      0.87      0.83      1044
        1.0       0.86      0.79      0.82      1131

avg / total       0.83      0.82      0.82      2175

0.001 invscaling (100, 20) tanh lbfgs
             precision    recall  f1-score   support

       -1.0       0.79      0.83      0.81      1044
        1.0       0.84      0.80      0.82      1131

avg / total       0.81      0.81      0.81      2175

0.001 invscaling (200, 50) tanh lbfgs
             precision    recall  f1-score   support

       -1.0       0.81      0.87      0.84      1044
        1.0       0.87      0.81      0.84      1131

avg / total       0.84      0.84      0.84      2175

0.001 invscaling (100, 200, 30) tanh lbfgs
             precision    recall  f1-score   support

       -1.0       0.79      0.85      0.82      1044
        1.0       0.85      0.80      0.82      1131

avg / total       0.82      0.82      0.82      2175

0.001 invscaling (100, 300, 40) tanh lbfgs
             precision    recall  f1-score   support

       -1.0       0.79      0.81      0.80      1044
        1.0       0.82      0.80      0.81      1131

avg / total       0.81      0.81      0.81      2175

0.001 invscaling (100, 20) tanh sgd
             precision    recall  f1-score   support

       -1.0       0.56      0.81      0.66      1044
        1.0       0.70      0.42      0.52      1131

avg / total       0.64      0.61      0.59      2175

0.001 invscaling (200, 50) tanh sgd
             precision    recall  f1-score   support

       -1.0       0.49      0.61      0.55      1044
        1.0       0.54      0.42      0.47      1131

avg / total       0.52      0.51      0.51      2175

0.001 invscaling (100, 200, 30) tanh sgd
             precision    recall  f1-score   support

       -1.0       0.64      0.40      0.49      1044
        1.0       0.59      0.79      0.67      1131

avg / total       0.61      0.60      0.58      2175

0.001 invscaling (100, 300, 40) tanh sgd
             precision    recall  f1-score   support

       -1.0       0.50      0.23      0.32      1044
        1.0       0.53      0.79      0.63      1131

avg / total       0.51      0.52      0.48      2175

0.001 invscaling (100, 20) tanh adam
             precision    recall  f1-score   support

       -1.0       0.80      0.85      0.82      1044
        1.0       0.85      0.80      0.82      1131

avg / total       0.82      0.82      0.82      2175

0.001 invscaling (200, 50) tanh adam
             precision    recall  f1-score   support

       -1.0       0.82      0.89      0.85      1044
        1.0       0.89      0.82      0.85      1131

avg / total       0.86      0.85      0.85      2175

0.001 invscaling (100, 200, 30) tanh adam
             precision    recall  f1-score   support

       -1.0       0.81      0.86      0.83      1044
        1.0       0.87      0.81      0.84      1131

avg / total       0.84      0.84      0.84      2175

0.001 invscaling (100, 300, 40) tanh adam
             precision    recall  f1-score   support

       -1.0       0.81      0.86      0.83      1044
        1.0       0.86      0.81      0.83      1131

avg / total       0.84      0.83      0.83      2175

0.001 invscaling (100, 20) relu lbfgs
             precision    recall  f1-score   support

       -1.0       0.85      0.83      0.84      1044
        1.0       0.84      0.86      0.85      1131

avg / total       0.84      0.84      0.84      2175

0.001 invscaling (200, 50) relu lbfgs
             precision    recall  f1-score   support

       -1.0       0.83      0.84      0.84      1044
        1.0       0.85      0.85      0.85      1131

avg / total       0.84      0.84      0.84      2175

0.001 invscaling (100, 200, 30) relu lbfgs
             precision    recall  f1-score   support

       -1.0       0.83      0.84      0.84      1044
        1.0       0.85      0.85      0.85      1131

avg / total       0.84      0.84      0.84      2175

0.001 invscaling (100, 300, 40) relu lbfgs
             precision    recall  f1-score   support

       -1.0       0.84      0.84      0.84      1044
        1.0       0.86      0.86      0.86      1131

avg / total       0.85      0.85      0.85      2175

0.001 invscaling (100, 20) relu sgd
             precision    recall  f1-score   support

       -1.0       0.52      0.92      0.66      1044
        1.0       0.75      0.22      0.33      1131

avg / total       0.64      0.55      0.49      2175

0.001 invscaling (200, 50) relu sgd
             precision    recall  f1-score   support

       -1.0       0.48      0.35      0.41      1044
        1.0       0.52      0.66      0.58      1131

avg / total       0.50      0.51      0.50      2175

0.001 invscaling (100, 200, 30) relu sgd
             precision    recall  f1-score   support

       -1.0       0.59      0.26      0.36      1044
        1.0       0.55      0.83      0.66      1131

avg / total       0.57      0.56      0.52      2175

0.001 invscaling (100, 300, 40) relu sgd
             precision    recall  f1-score   support

       -1.0       0.17      0.00      0.00      1044
        1.0       0.52      0.99      0.68      1131

avg / total       0.35      0.52      0.36      2175

0.001 invscaling (100, 20) relu adam
             precision    recall  f1-score   support

       -1.0       0.85      0.84      0.85      1044
        1.0       0.86      0.86      0.86      1131

avg / total       0.85      0.85      0.85      2175

0.001 invscaling (200, 50) relu adam
             precision    recall  f1-score   support

       -1.0       0.85      0.85      0.85      1044
        1.0       0.86      0.86      0.86      1131

avg / total       0.86      0.86      0.86      2175

0.001 invscaling (100, 200, 30) relu adam
             precision    recall  f1-score   support

       -1.0       0.84      0.84      0.84      1044
        1.0       0.85      0.85      0.85      1131

avg / total       0.84      0.84      0.84      2175

0.001 invscaling (100, 300, 40) relu adam
             precision    recall  f1-score   support

       -1.0       0.83      0.83      0.83      1044
        1.0       0.85      0.85      0.85      1131

avg / total       0.84      0.84      0.84      2175

0.01 constant (100, 20) logistic lbfgs
             precision    recall  f1-score   support

       -1.0       0.79      0.83      0.81      1044
        1.0       0.83      0.80      0.81      1131

avg / total       0.81      0.81      0.81      2175

0.01 constant (200, 50) logistic lbfgs
             precision    recall  f1-score   support

       -1.0       0.78      0.83      0.80      1044
        1.0       0.83      0.79      0.81      1131

avg / total       0.81      0.81      0.81      2175

0.01 constant (100, 200, 30) logistic lbfgs
             precision    recall  f1-score   support

       -1.0       0.77      0.81      0.79      1044
        1.0       0.82      0.78      0.80      1131

avg / total       0.80      0.79      0.79      2175

0.01 constant (100, 300, 40) logistic lbfgs
             precision    recall  f1-score   support

       -1.0       0.76      0.82      0.79      1044
        1.0       0.82      0.76      0.79      1131

avg / total       0.79      0.79      0.79      2175

0.01 constant (100, 20) logistic sgd
             precision    recall  f1-score   support

       -1.0       0.00      0.00      0.00      1044
        1.0       0.52      1.00      0.68      1131

avg / total       0.27      0.52      0.36      2175

0.01 constant (200, 50) logistic sgd
             precision    recall  f1-score   support

       -1.0       0.00      0.00      0.00      1044
        1.0       0.52      1.00      0.68      1131

avg / total       0.27      0.52      0.36      2175

0.01 constant (100, 200, 30) logistic sgd
             precision    recall  f1-score   support

       -1.0       0.00      0.00      0.00      1044
        1.0       0.52      1.00      0.68      1131

avg / total       0.27      0.52      0.36      2175

0.01 constant (100, 300, 40) logistic sgd
             precision    recall  f1-score   support

       -1.0       0.00      0.00      0.00      1044
        1.0       0.52      1.00      0.68      1131

avg / total       0.27      0.52      0.36      2175

0.01 constant (100, 20) logistic adam
             precision    recall  f1-score   support

       -1.0       0.81      0.85      0.83      1044
        1.0       0.85      0.82      0.84      1131

avg / total       0.84      0.83      0.83      2175

0.01 constant (200, 50) logistic adam
             precision    recall  f1-score   support

       -1.0       0.81      0.86      0.83      1044
        1.0       0.86      0.82      0.84      1131

avg / total       0.84      0.84      0.84      2175

0.01 constant (100, 200, 30) logistic adam
             precision    recall  f1-score   support

       -1.0       0.79      0.82      0.80      1044
        1.0       0.83      0.79      0.81      1131

avg / total       0.81      0.81      0.81      2175

0.01 constant (100, 300, 40) logistic adam
             precision    recall  f1-score   support

       -1.0       0.81      0.90      0.85      1044
        1.0       0.90      0.81      0.85      1131

avg / total       0.85      0.85      0.85      2175

0.01 constant (100, 20) tanh lbfgs
             precision    recall  f1-score   support

       -1.0       0.79      0.83      0.81      1044
        1.0       0.84      0.80      0.82      1131

avg / total       0.81      0.81      0.81      2175

0.01 constant (200, 50) tanh lbfgs
             precision    recall  f1-score   support

       -1.0       0.81      0.87      0.84      1044
        1.0       0.87      0.81      0.84      1131

avg / total       0.84      0.84      0.84      2175

0.01 constant (100, 200, 30) tanh lbfgs
             precision    recall  f1-score   support

       -1.0       0.79      0.85      0.82      1044
        1.0       0.85      0.80      0.82      1131

avg / total       0.82      0.82      0.82      2175

0.01 constant (100, 300, 40) tanh lbfgs
             precision    recall  f1-score   support

       -1.0       0.79      0.81      0.80      1044
        1.0       0.82      0.80      0.81      1131

avg / total       0.81      0.81      0.81      2175

0.01 constant (100, 20) tanh sgd
             precision    recall  f1-score   support

       -1.0       0.80      0.85      0.82      1044
        1.0       0.85      0.80      0.83      1131

avg / total       0.83      0.83      0.83      2175

0.01 constant (200, 50) tanh sgd
             precision    recall  f1-score   support

       -1.0       0.82      0.88      0.85      1044
        1.0       0.88      0.82      0.85      1131

avg / total       0.85      0.85      0.85      2175

0.01 constant (100, 200, 30) tanh sgd
             precision    recall  f1-score   support

       -1.0       0.80      0.86      0.82      1044
        1.0       0.86      0.80      0.83      1131

avg / total       0.83      0.83      0.83      2175

0.01 constant (100, 300, 40) tanh sgd
             precision    recall  f1-score   support

       -1.0       0.80      0.84      0.82      1044
        1.0       0.84      0.81      0.82      1131

avg / total       0.82      0.82      0.82      2175

0.01 constant (100, 20) tanh adam
             precision    recall  f1-score   support

       -1.0       0.81      0.86      0.83      1044
        1.0       0.86      0.81      0.83      1131

avg / total       0.83      0.83      0.83      2175

0.01 constant (200, 50) tanh adam
             precision    recall  f1-score   support

       -1.0       0.82      0.89      0.85      1044
        1.0       0.89      0.83      0.86      1131

avg / total       0.86      0.85      0.85      2175

0.01 constant (100, 200, 30) tanh adam
             precision    recall  f1-score   support

       -1.0       0.81      0.86      0.83      1044
        1.0       0.87      0.81      0.84      1131

avg / total       0.84      0.83      0.83      2175

0.01 constant (100, 300, 40) tanh adam
             precision    recall  f1-score   support

       -1.0       0.81      0.85      0.83      1044
        1.0       0.86      0.81      0.83      1131

avg / total       0.83      0.83      0.83      2175

0.01 constant (100, 20) relu lbfgs
             precision    recall  f1-score   support

       -1.0       0.85      0.83      0.84      1044
        1.0       0.84      0.86      0.85      1131

avg / total       0.84      0.84      0.84      2175

0.01 constant (200, 50) relu lbfgs
             precision    recall  f1-score   support

       -1.0       0.83      0.84      0.84      1044
        1.0       0.85      0.85      0.85      1131

avg / total       0.84      0.84      0.84      2175

0.01 constant (100, 200, 30) relu lbfgs
             precision    recall  f1-score   support

       -1.0       0.83      0.84      0.84      1044
        1.0       0.85      0.85      0.85      1131

avg / total       0.84      0.84      0.84      2175

0.01 constant (100, 300, 40) relu lbfgs
             precision    recall  f1-score   support

       -1.0       0.84      0.84      0.84      1044
        1.0       0.86      0.86      0.86      1131

avg / total       0.85      0.85      0.85      2175

0.01 constant (100, 20) relu sgd
             precision    recall  f1-score   support

       -1.0       0.85      0.85      0.85      1044
        1.0       0.86      0.86      0.86      1131

avg / total       0.86      0.86      0.86      2175

0.01 constant (200, 50) relu sgd
             precision    recall  f1-score   support

       -1.0       0.86      0.87      0.86      1044
        1.0       0.88      0.87      0.87      1131

avg / total       0.87      0.87      0.87      2175

0.01 constant (100, 200, 30) relu sgd
             precision    recall  f1-score   support

       -1.0       0.83      0.85      0.84      1044
        1.0       0.86      0.84      0.85      1131

avg / total       0.84      0.84      0.84      2175

0.01 constant (100, 300, 40) relu sgd
             precision    recall  f1-score   support

       -1.0       0.83      0.83      0.83      1044
        1.0       0.84      0.85      0.85      1131

avg / total       0.84      0.84      0.84      2175

0.01 constant (100, 20) relu adam
             precision    recall  f1-score   support

       -1.0       0.85      0.85      0.85      1044
        1.0       0.86      0.86      0.86      1131

avg / total       0.86      0.86      0.86      2175

0.01 constant (200, 50) relu adam
             precision    recall  f1-score   support

       -1.0       0.85      0.86      0.85      1044
        1.0       0.87      0.86      0.86      1131

avg / total       0.86      0.86      0.86      2175

0.01 constant (100, 200, 30) relu adam
             precision    recall  f1-score   support

       -1.0       0.85      0.83      0.84      1044
        1.0       0.85      0.87      0.86      1131

avg / total       0.85      0.85      0.85      2175

0.01 constant (100, 300, 40) relu adam
             precision    recall  f1-score   support

       -1.0       0.85      0.83      0.84      1044
        1.0       0.85      0.87      0.86      1131

avg / total       0.85      0.85      0.85      2175

0.01 adaptive (100, 20) logistic lbfgs
             precision    recall  f1-score   support

       -1.0       0.79      0.83      0.81      1044
        1.0       0.83      0.80      0.81      1131

avg / total       0.81      0.81      0.81      2175

0.01 adaptive (200, 50) logistic lbfgs
             precision    recall  f1-score   support

       -1.0       0.78      0.83      0.80      1044
        1.0       0.83      0.79      0.81      1131

avg / total       0.81      0.81      0.81      2175

0.01 adaptive (100, 200, 30) logistic lbfgs
             precision    recall  f1-score   support

       -1.0       0.77      0.81      0.79      1044
        1.0       0.82      0.78      0.80      1131

avg / total       0.80      0.79      0.79      2175

0.01 adaptive (100, 300, 40) logistic lbfgs
             precision    recall  f1-score   support

       -1.0       0.76      0.82      0.79      1044
        1.0       0.82      0.76      0.79      1131

avg / total       0.79      0.79      0.79      2175

0.01 adaptive (100, 20) logistic sgd
             precision    recall  f1-score   support

       -1.0       0.00      0.00      0.00      1044
        1.0       0.52      1.00      0.68      1131

avg / total       0.27      0.52      0.36      2175

0.01 adaptive (200, 50) logistic sgd
             precision    recall  f1-score   support

       -1.0       0.00      0.00      0.00      1044
        1.0       0.52      1.00      0.68      1131

avg / total       0.27      0.52      0.36      2175

0.01 adaptive (100, 200, 30) logistic sgd
             precision    recall  f1-score   support

       -1.0       0.00      0.00      0.00      1044
        1.0       0.52      1.00      0.68      1131

avg / total       0.27      0.52      0.36      2175

0.01 adaptive (100, 300, 40) logistic sgd
             precision    recall  f1-score   support

       -1.0       0.00      0.00      0.00      1044
        1.0       0.52      1.00      0.68      1131

avg / total       0.27      0.52      0.36      2175

0.01 adaptive (100, 20) logistic adam
             precision    recall  f1-score   support

       -1.0       0.81      0.85      0.83      1044
        1.0       0.85      0.82      0.84      1131

avg / total       0.84      0.83      0.83      2175

0.01 adaptive (200, 50) logistic adam
             precision    recall  f1-score   support

       -1.0       0.81      0.86      0.83      1044
        1.0       0.86      0.82      0.84      1131

avg / total       0.84      0.84      0.84      2175

0.01 adaptive (100, 200, 30) logistic adam
             precision    recall  f1-score   support

       -1.0       0.79      0.82      0.80      1044
        1.0       0.83      0.79      0.81      1131

avg / total       0.81      0.81      0.81      2175

0.01 adaptive (100, 300, 40) logistic adam
             precision    recall  f1-score   support

       -1.0       0.81      0.90      0.85      1044
        1.0       0.90      0.81      0.85      1131

avg / total       0.85      0.85      0.85      2175

0.01 adaptive (100, 20) tanh lbfgs
             precision    recall  f1-score   support

       -1.0       0.79      0.83      0.81      1044
        1.0       0.84      0.80      0.82      1131

avg / total       0.81      0.81      0.81      2175

0.01 adaptive (200, 50) tanh lbfgs
             precision    recall  f1-score   support

       -1.0       0.81      0.87      0.84      1044
        1.0       0.87      0.81      0.84      1131

avg / total       0.84      0.84      0.84      2175

0.01 adaptive (100, 200, 30) tanh lbfgs
             precision    recall  f1-score   support

       -1.0       0.79      0.85      0.82      1044
        1.0       0.85      0.80      0.82      1131

avg / total       0.82      0.82      0.82      2175

0.01 adaptive (100, 300, 40) tanh lbfgs
             precision    recall  f1-score   support

       -1.0       0.79      0.81      0.80      1044
        1.0       0.82      0.80      0.81      1131

avg / total       0.81      0.81      0.81      2175

0.01 adaptive (100, 20) tanh sgd
             precision    recall  f1-score   support

       -1.0       0.80      0.85      0.82      1044
        1.0       0.85      0.80      0.83      1131

avg / total       0.83      0.83      0.83      2175

0.01 adaptive (200, 50) tanh sgd
             precision    recall  f1-score   support

       -1.0       0.82      0.88      0.85      1044
        1.0       0.88      0.82      0.85      1131

avg / total       0.85      0.85      0.85      2175

0.01 adaptive (100, 200, 30) tanh sgd
             precision    recall  f1-score   support

       -1.0       0.80      0.86      0.82      1044
        1.0       0.86      0.80      0.83      1131

avg / total       0.83      0.83      0.83      2175

0.01 adaptive (100, 300, 40) tanh sgd
             precision    recall  f1-score   support

       -1.0       0.80      0.84      0.82      1044
        1.0       0.84      0.81      0.82      1131

avg / total       0.82      0.82      0.82      2175

0.01 adaptive (100, 20) tanh adam
             precision    recall  f1-score   support

       -1.0       0.81      0.86      0.83      1044
        1.0       0.86      0.81      0.83      1131

avg / total       0.83      0.83      0.83      2175

0.01 adaptive (200, 50) tanh adam
             precision    recall  f1-score   support

       -1.0       0.82      0.89      0.85      1044
        1.0       0.89      0.83      0.86      1131

avg / total       0.86      0.85      0.85      2175

0.01 adaptive (100, 200, 30) tanh adam
             precision    recall  f1-score   support

       -1.0       0.81      0.86      0.83      1044
        1.0       0.87      0.81      0.84      1131

avg / total       0.84      0.83      0.83      2175

0.01 adaptive (100, 300, 40) tanh adam
             precision    recall  f1-score   support

       -1.0       0.81      0.85      0.83      1044
        1.0       0.86      0.81      0.83      1131

avg / total       0.83      0.83      0.83      2175

0.01 adaptive (100, 20) relu lbfgs
             precision    recall  f1-score   support

       -1.0       0.85      0.83      0.84      1044
        1.0       0.84      0.86      0.85      1131

avg / total       0.84      0.84      0.84      2175

0.01 adaptive (200, 50) relu lbfgs
             precision    recall  f1-score   support

       -1.0       0.83      0.84      0.84      1044
        1.0       0.85      0.85      0.85      1131

avg / total       0.84      0.84      0.84      2175

0.01 adaptive (100, 200, 30) relu lbfgs
             precision    recall  f1-score   support

       -1.0       0.83      0.84      0.84      1044
        1.0       0.85      0.85      0.85      1131

avg / total       0.84      0.84      0.84      2175

0.01 adaptive (100, 300, 40) relu lbfgs
             precision    recall  f1-score   support

       -1.0       0.84      0.84      0.84      1044
        1.0       0.86      0.86      0.86      1131

avg / total       0.85      0.85      0.85      2175

0.01 adaptive (100, 20) relu sgd
             precision    recall  f1-score   support

       -1.0       0.85      0.85      0.85      1044
        1.0       0.86      0.86      0.86      1131

avg / total       0.86      0.86      0.86      2175

0.01 adaptive (200, 50) relu sgd
             precision    recall  f1-score   support

       -1.0       0.86      0.87      0.86      1044
        1.0       0.88      0.87      0.87      1131

avg / total       0.87      0.87      0.87      2175

0.01 adaptive (100, 200, 30) relu sgd
             precision    recall  f1-score   support

       -1.0       0.83      0.85      0.84      1044
        1.0       0.86      0.84      0.85      1131

avg / total       0.84      0.84      0.84      2175

0.01 adaptive (100, 300, 40) relu sgd
             precision    recall  f1-score   support

       -1.0       0.84      0.83      0.83      1044
        1.0       0.84      0.85      0.85      1131

avg / total       0.84      0.84      0.84      2175

0.01 adaptive (100, 20) relu adam
             precision    recall  f1-score   support

       -1.0       0.85      0.85      0.85      1044
        1.0       0.86      0.86      0.86      1131

avg / total       0.86      0.86      0.86      2175

0.01 adaptive (200, 50) relu adam
             precision    recall  f1-score   support

       -1.0       0.85      0.86      0.85      1044
        1.0       0.87      0.86      0.86      1131

avg / total       0.86      0.86      0.86      2175

0.01 adaptive (100, 200, 30) relu adam
             precision    recall  f1-score   support

       -1.0       0.85      0.83      0.84      1044
        1.0       0.85      0.87      0.86      1131

avg / total       0.85      0.85      0.85      2175

0.01 adaptive (100, 300, 40) relu adam
             precision    recall  f1-score   support

       -1.0       0.85      0.83      0.84      1044
        1.0       0.85      0.87      0.86      1131

avg / total       0.85      0.85      0.85      2175

0.01 invscaling (100, 20) logistic lbfgs
             precision    recall  f1-score   support

       -1.0       0.79      0.83      0.81      1044
        1.0       0.83      0.80      0.81      1131

avg / total       0.81      0.81      0.81      2175

0.01 invscaling (200, 50) logistic lbfgs
             precision    recall  f1-score   support

       -1.0       0.78      0.83      0.80      1044
        1.0       0.83      0.79      0.81      1131

avg / total       0.81      0.81      0.81      2175

0.01 invscaling (100, 200, 30) logistic lbfgs
             precision    recall  f1-score   support

       -1.0       0.77      0.81      0.79      1044
        1.0       0.82      0.78      0.80      1131

avg / total       0.80      0.79      0.79      2175

0.01 invscaling (100, 300, 40) logistic lbfgs
             precision    recall  f1-score   support

       -1.0       0.76      0.82      0.79      1044
        1.0       0.82      0.76      0.79      1131

avg / total       0.79      0.79      0.79      2175

0.01 invscaling (100, 20) logistic sgd
             precision    recall  f1-score   support

       -1.0       0.64      0.52      0.58      1044
        1.0       0.62      0.73      0.67      1131

avg / total       0.63      0.63      0.62      2175

0.01 invscaling (200, 50) logistic sgd
             precision    recall  f1-score   support

       -1.0       0.48      1.00      0.65      1044
        1.0       0.00      0.00      0.00      1131

avg / total       0.23      0.48      0.31      2175

0.01 invscaling (100, 200, 30) logistic sgd
             precision    recall  f1-score   support

       -1.0       0.00      0.00      0.00      1044
        1.0       0.52      1.00      0.68      1131

avg / total       0.27      0.52      0.36      2175

0.01 invscaling (100, 300, 40) logistic sgd
             precision    recall  f1-score   support

       -1.0       0.48      1.00      0.65      1044
        1.0       0.00      0.00      0.00      1131

avg / total       0.23      0.48      0.31      2175

0.01 invscaling (100, 20) logistic adam
             precision    recall  f1-score   support

       -1.0       0.81      0.85      0.83      1044
        1.0       0.85      0.82      0.84      1131

avg / total       0.84      0.83      0.83      2175

0.01 invscaling (200, 50) logistic adam
             precision    recall  f1-score   support

       -1.0       0.81      0.86      0.83      1044
        1.0       0.86      0.82      0.84      1131

avg / total       0.84      0.84      0.84      2175

0.01 invscaling (100, 200, 30) logistic adam
             precision    recall  f1-score   support

       -1.0       0.79      0.82      0.80      1044
        1.0       0.83      0.79      0.81      1131

avg / total       0.81      0.81      0.81      2175

0.01 invscaling (100, 300, 40) logistic adam
             precision    recall  f1-score   support

       -1.0       0.81      0.90      0.85      1044
        1.0       0.90      0.81      0.85      1131

avg / total       0.85      0.85      0.85      2175

0.01 invscaling (100, 20) tanh lbfgs
             precision    recall  f1-score   support

       -1.0       0.79      0.83      0.81      1044
        1.0       0.84      0.80      0.82      1131

avg / total       0.81      0.81      0.81      2175

0.01 invscaling (200, 50) tanh lbfgs
             precision    recall  f1-score   support

       -1.0       0.81      0.87      0.84      1044
        1.0       0.87      0.81      0.84      1131

avg / total       0.84      0.84      0.84      2175

0.01 invscaling (100, 200, 30) tanh lbfgs
             precision    recall  f1-score   support

       -1.0       0.79      0.85      0.82      1044
        1.0       0.85      0.80      0.82      1131

avg / total       0.82      0.82      0.82      2175

0.01 invscaling (100, 300, 40) tanh lbfgs
             precision    recall  f1-score   support

       -1.0       0.79      0.81      0.80      1044
        1.0       0.82      0.80      0.81      1131

avg / total       0.81      0.81      0.81      2175

0.01 invscaling (100, 20) tanh sgd
             precision    recall  f1-score   support

       -1.0       0.65      0.82      0.73      1044
        1.0       0.78      0.60      0.68      1131

avg / total       0.72      0.70      0.70      2175

0.01 invscaling (200, 50) tanh sgd
             precision    recall  f1-score   support

       -1.0       0.68      0.86      0.76      1044
        1.0       0.83      0.63      0.71      1131

avg / total       0.76      0.74      0.74      2175

0.01 invscaling (100, 200, 30) tanh sgd
             precision    recall  f1-score   support

       -1.0       0.72      0.82      0.77      1044
        1.0       0.81      0.71      0.76      1131

avg / total       0.77      0.76      0.76      2175

0.01 invscaling (100, 300, 40) tanh sgd
             precision    recall  f1-score   support

       -1.0       0.71      0.84      0.77      1044
        1.0       0.83      0.68      0.75      1131

avg / total       0.77      0.76      0.76      2175

0.01 invscaling (100, 20) tanh adam
             precision    recall  f1-score   support

       -1.0       0.81      0.86      0.83      1044
        1.0       0.86      0.81      0.83      1131

avg / total       0.83      0.83      0.83      2175

0.01 invscaling (200, 50) tanh adam
             precision    recall  f1-score   support

       -1.0       0.82      0.89      0.85      1044
        1.0       0.89      0.83      0.86      1131

avg / total       0.86      0.85      0.85      2175

0.01 invscaling (100, 200, 30) tanh adam
             precision    recall  f1-score   support

       -1.0       0.81      0.86      0.83      1044
        1.0       0.87      0.81      0.84      1131

avg / total       0.84      0.83      0.83      2175

0.01 invscaling (100, 300, 40) tanh adam
             precision    recall  f1-score   support

       -1.0       0.81      0.85      0.83      1044
        1.0       0.86      0.81      0.83      1131

avg / total       0.83      0.83      0.83      2175

0.01 invscaling (100, 20) relu lbfgs
             precision    recall  f1-score   support

       -1.0       0.85      0.83      0.84      1044
        1.0       0.84      0.86      0.85      1131

avg / total       0.84      0.84      0.84      2175

0.01 invscaling (200, 50) relu lbfgs
             precision    recall  f1-score   support

       -1.0       0.83      0.84      0.84      1044
        1.0       0.85      0.85      0.85      1131

avg / total       0.84      0.84      0.84      2175

0.01 invscaling (100, 200, 30) relu lbfgs
             precision    recall  f1-score   support

       -1.0       0.83      0.84      0.84      1044
        1.0       0.85      0.85      0.85      1131

avg / total       0.84      0.84      0.84      2175

0.01 invscaling (100, 300, 40) relu lbfgs
             precision    recall  f1-score   support

       -1.0       0.84      0.84      0.84      1044
        1.0       0.86      0.86      0.86      1131

avg / total       0.85      0.85      0.85      2175

0.01 invscaling (100, 20) relu sgd
             precision    recall  f1-score   support

       -1.0       0.62      0.68      0.65      1044
        1.0       0.68      0.62      0.65      1131

avg / total       0.65      0.65      0.65      2175

0.01 invscaling (200, 50) relu sgd
             precision    recall  f1-score   support

       -1.0       0.64      0.59      0.61      1044
        1.0       0.64      0.69      0.67      1131

avg / total       0.64      0.64      0.64      2175

0.01 invscaling (100, 200, 30) relu sgd
             precision    recall  f1-score   support

       -1.0       0.64      0.52      0.57      1044
        1.0       0.62      0.73      0.67      1131

avg / total       0.63      0.63      0.62      2175

0.01 invscaling (100, 300, 40) relu sgd
             precision    recall  f1-score   support

       -1.0       0.54      0.24      0.34      1044
        1.0       0.54      0.81      0.65      1131

avg / total       0.54      0.54      0.50      2175

0.01 invscaling (100, 20) relu adam
             precision    recall  f1-score   support

       -1.0       0.85      0.85      0.85      1044
        1.0       0.86      0.86      0.86      1131

avg / total       0.86      0.86      0.86      2175

0.01 invscaling (200, 50) relu adam
             precision    recall  f1-score   support

       -1.0       0.85      0.86      0.85      1044
        1.0       0.87      0.86      0.86      1131

avg / total       0.86      0.86      0.86      2175

0.01 invscaling (100, 200, 30) relu adam
             precision    recall  f1-score   support

       -1.0       0.85      0.83      0.84      1044
        1.0       0.85      0.87      0.86      1131

avg / total       0.85      0.85      0.85      2175

0.01 invscaling (100, 300, 40) relu adam
             precision    recall  f1-score   support

       -1.0       0.85      0.83      0.84      1044
        1.0       0.85      0.87      0.86      1131

avg / total       0.85      0.85      0.85      2175

