-t 0 -c 0.0001 -g 0.00102 -r 0 (76.00673356218643, 0.9597306575125429, nan)
-t 0 -c 0.0004 -g 0.00102 -r 0 (80.18550303670452, 0.7925798785318194, 0.23715484588085942)
-t 0 -c 0.0016 -g 0.00102 -r 0 (72.46171111697915, 1.1015315553208345, 0.20871624489595414)
-t 0 -c 0.0064 -g 0.00102 -r 0 (71.42857142857143, 1.1428571428571428, 0.20197592278867957)
-t 0 -c 0.0256 -g 0.00102 -r 0 (75.13533139688408, 0.9945867441246369, 0.24406049793828508)
-t 0 -c 0.1024 -g 0.00102 -r 0 (78.03670451544758, 0.8785318193820967, 0.29207162710915113)
-t 0 -c 0.4096 -g 0.00102 -r 0 (78.98402429363612, 0.840639028254555, 0.3037007692141193)
-t 0 -c 1.6384 -g 0.00102 -r 0 (78.99062582519144, 0.8403749669923423, 0.2996288107807227)
-t 0 -c 6.5536 -g 0.00102 -r 0 (79.01373118563507, 0.8394507525745973, 0.2997825888279166)
-t 0 -c 26.2144 -g 0.00102 -r 0 (79.00052812252443, 0.839978875099023, 0.2995038654950614)
-t 0 -c 104.8576 -g 0.00102 -r 0 (78.96421969897015, 0.8414312120411935, 0.2985802308220552)
-t 0 -c 419.4304 -g 0.00102 -r 0 (79.07644573541062, 0.8369421705835753, 0.2988131148349543)
-t 0 -c 1677.7216 -g 0.00102 -r 0 (79.24148402429364, 0.8303406390282545, 0.297140650606071)
-t 0 -c 0.0001 -g 0.00203 -r 0 (76.00673356218643, 0.9597306575125429, nan)
-t 0 -c 0.0004 -g 0.00203 -r 0 (80.18550303670452, 0.7925798785318194, 0.23715484588085942)
-t 0 -c 0.0016 -g 0.00203 -r 0 (72.46171111697915, 1.1015315553208345, 0.20871624489595414)
-t 0 -c 0.0064 -g 0.00203 -r 0 (71.42857142857143, 1.1428571428571428, 0.20197592278867957)
-t 0 -c 0.0256 -g 0.00203 -r 0 (75.13533139688408, 0.9945867441246369, 0.24406049793828508)
-t 0 -c 0.1024 -g 0.00203 -r 0 (78.03670451544758, 0.8785318193820967, 0.29207162710915113)
-t 0 -c 0.4096 -g 0.00203 -r 0 (78.98402429363612, 0.840639028254555, 0.3037007692141193)
-t 0 -c 1.6384 -g 0.00203 -r 0 (78.99062582519144, 0.8403749669923423, 0.2996288107807227)
-t 0 -c 6.5536 -g 0.00203 -r 0 (79.01373118563507, 0.8394507525745973, 0.2997825888279166)
-t 0 -c 26.2144 -g 0.00203 -r 0 (79.00052812252443, 0.839978875099023, 0.2995038654950614)
-t 0 -c 104.8576 -g 0.00203 -r 0 (78.96421969897015, 0.8414312120411935, 0.2985802308220552)
-t 0 -c 419.4304 -g 0.00203 -r 0 (79.07644573541062, 0.8369421705835753, 0.2988131148349543)
-t 0 -c 1677.7216 -g 0.00203 -r 0 (79.24148402429364, 0.8303406390282545, 0.297140650606071)
-t 0 -c 0.0001 -g 0.00407 -r 0 (76.00673356218643, 0.9597306575125429, nan)
-t 0 -c 0.0004 -g 0.00407 -r 0 (80.18550303670452, 0.7925798785318194, 0.23715484588085942)
-t 0 -c 0.0016 -g 0.00407 -r 0 (72.46171111697915, 1.1015315553208345, 0.20871624489595414)
-t 0 -c 0.0064 -g 0.00407 -r 0 (71.42857142857143, 1.1428571428571428, 0.20197592278867957)
-t 0 -c 0.0256 -g 0.00407 -r 0 (75.13533139688408, 0.9945867441246369, 0.24406049793828508)
-t 0 -c 0.1024 -g 0.00407 -r 0 (78.03670451544758, 0.8785318193820967, 0.29207162710915113)
-t 0 -c 0.4096 -g 0.00407 -r 0 (78.98402429363612, 0.840639028254555, 0.3037007692141193)
-t 0 -c 1.6384 -g 0.00407 -r 0 (78.99062582519144, 0.8403749669923423, 0.2996288107807227)
-t 0 -c 6.5536 -g 0.00407 -r 0 (79.01373118563507, 0.8394507525745973, 0.2997825888279166)
-t 0 -c 26.2144 -g 0.00407 -r 0 (79.00052812252443, 0.839978875099023, 0.2995038654950614)
-t 0 -c 104.8576 -g 0.00407 -r 0 (78.96421969897015, 0.8414312120411935, 0.2985802308220552)
-t 0 -c 419.4304 -g 0.00407 -r 0 (79.07644573541062, 0.8369421705835753, 0.2988131148349543)
-t 0 -c 1677.7216 -g 0.00407 -r 0 (79.24148402429364, 0.8303406390282545, 0.297140650606071)
-t 0 -c 0.0001 -g 0.00813 -r 0 (76.00673356218643, 0.9597306575125429, nan)
-t 0 -c 0.0004 -g 0.00813 -r 0 (80.18550303670452, 0.7925798785318194, 0.23715484588085942)
-t 0 -c 0.0016 -g 0.00813 -r 0 (72.46171111697915, 1.1015315553208345, 0.20871624489595414)
-t 0 -c 0.0064 -g 0.00813 -r 0 (71.42857142857143, 1.1428571428571428, 0.20197592278867957)
-t 0 -c 0.0256 -g 0.00813 -r 0 (75.13533139688408, 0.9945867441246369, 0.24406049793828508)
-t 0 -c 0.1024 -g 0.00813 -r 0 (78.03670451544758, 0.8785318193820967, 0.29207162710915113)
-t 0 -c 0.4096 -g 0.00813 -r 0 (78.98402429363612, 0.840639028254555, 0.3037007692141193)
-t 0 -c 1.6384 -g 0.00813 -r 0 (78.99062582519144, 0.8403749669923423, 0.2996288107807227)
-t 0 -c 6.5536 -g 0.00813 -r 0 (79.01373118563507, 0.8394507525745973, 0.2997825888279166)
-t 0 -c 26.2144 -g 0.00813 -r 0 (79.00052812252443, 0.839978875099023, 0.2995038654950614)
-t 0 -c 104.8576 -g 0.00813 -r 0 (78.96421969897015, 0.8414312120411935, 0.2985802308220552)
-t 0 -c 419.4304 -g 0.00813 -r 0 (79.07644573541062, 0.8369421705835753, 0.2988131148349543)
-t 0 -c 1677.7216 -g 0.00813 -r 0 (79.24148402429364, 0.8303406390282545, 0.297140650606071)
-t 0 -c 0.0001 -g 0.01626 -r 0 (76.00673356218643, 0.9597306575125429, nan)
-t 0 -c 0.0004 -g 0.01626 -r 0 (80.18550303670452, 0.7925798785318194, 0.23715484588085942)
-t 0 -c 0.0016 -g 0.01626 -r 0 (72.46171111697915, 1.1015315553208345, 0.20871624489595414)
-t 0 -c 0.0064 -g 0.01626 -r 0 (71.42857142857143, 1.1428571428571428, 0.20197592278867957)
-t 0 -c 0.0256 -g 0.01626 -r 0 (75.13533139688408, 0.9945867441246369, 0.24406049793828508)
-t 0 -c 0.1024 -g 0.01626 -r 0 (78.03670451544758, 0.8785318193820967, 0.29207162710915113)
-t 0 -c 0.4096 -g 0.01626 -r 0 (78.98402429363612, 0.840639028254555, 0.3037007692141193)
-t 0 -c 1.6384 -g 0.01626 -r 0 (78.99062582519144, 0.8403749669923423, 0.2996288107807227)
-t 0 -c 6.5536 -g 0.01626 -r 0 (79.01373118563507, 0.8394507525745973, 0.2997825888279166)
-t 0 -c 26.2144 -g 0.01626 -r 0 (79.00052812252443, 0.839978875099023, 0.2995038654950614)
-t 0 -c 104.8576 -g 0.01626 -r 0 (78.96421969897015, 0.8414312120411935, 0.2985802308220552)
-t 0 -c 419.4304 -g 0.01626 -r 0 (79.07644573541062, 0.8369421705835753, 0.2988131148349543)
-t 0 -c 1677.7216 -g 0.01626 -r 0 (79.24148402429364, 0.8303406390282545, 0.297140650606071)
-t 0 -c 0.0001 -g 0.03252 -r 0 (76.00673356218643, 0.9597306575125429, nan)
-t 0 -c 0.0004 -g 0.03252 -r 0 (80.18550303670452, 0.7925798785318194, 0.23715484588085942)
-t 0 -c 0.0016 -g 0.03252 -r 0 (72.46171111697915, 1.1015315553208345, 0.20871624489595414)
-t 0 -c 0.0064 -g 0.03252 -r 0 (71.42857142857143, 1.1428571428571428, 0.20197592278867957)
-t 0 -c 0.0256 -g 0.03252 -r 0 (75.13533139688408, 0.9945867441246369, 0.24406049793828508)
-t 0 -c 0.1024 -g 0.03252 -r 0 (78.03670451544758, 0.8785318193820967, 0.29207162710915113)
-t 0 -c 0.4096 -g 0.03252 -r 0 (78.98402429363612, 0.840639028254555, 0.3037007692141193)
-t 0 -c 1.6384 -g 0.03252 -r 0 (78.99062582519144, 0.8403749669923423, 0.2996288107807227)
-t 0 -c 6.5536 -g 0.03252 -r 0 (79.01373118563507, 0.8394507525745973, 0.2997825888279166)
-t 0 -c 26.2144 -g 0.03252 -r 0 (79.00052812252443, 0.839978875099023, 0.2995038654950614)
-t 0 -c 104.8576 -g 0.03252 -r 0 (78.96421969897015, 0.8414312120411935, 0.2985802308220552)
-t 0 -c 419.4304 -g 0.03252 -r 0 (79.07644573541062, 0.8369421705835753, 0.2988131148349543)
-t 0 -c 1677.7216 -g 0.03252 -r 0 (79.24148402429364, 0.8303406390282545, 0.297140650606071)
-t 0 -c 0.0001 -g 0.06504 -r 0 (76.00673356218643, 0.9597306575125429, nan)
-t 0 -c 0.0004 -g 0.06504 -r 0 (80.18550303670452, 0.7925798785318194, 0.23715484588085942)
-t 0 -c 0.0016 -g 0.06504 -r 0 (72.46171111697915, 1.1015315553208345, 0.20871624489595414)
-t 0 -c 0.0064 -g 0.06504 -r 0 (71.42857142857143, 1.1428571428571428, 0.20197592278867957)
-t 0 -c 0.0256 -g 0.06504 -r 0 (75.13533139688408, 0.9945867441246369, 0.24406049793828508)
-t 0 -c 0.1024 -g 0.06504 -r 0 (78.03670451544758, 0.8785318193820967, 0.29207162710915113)
-t 0 -c 0.4096 -g 0.06504 -r 0 (78.98402429363612, 0.840639028254555, 0.3037007692141193)
-t 0 -c 1.6384 -g 0.06504 -r 0 (78.99062582519144, 0.8403749669923423, 0.2996288107807227)
-t 0 -c 6.5536 -g 0.06504 -r 0 (79.01373118563507, 0.8394507525745973, 0.2997825888279166)
-t 0 -c 26.2144 -g 0.06504 -r 0 (79.00052812252443, 0.839978875099023, 0.2995038654950614)
-t 0 -c 104.8576 -g 0.06504 -r 0 (78.96421969897015, 0.8414312120411935, 0.2985802308220552)
-t 0 -c 419.4304 -g 0.06504 -r 0 (79.07644573541062, 0.8369421705835753, 0.2988131148349543)
-t 0 -c 1677.7216 -g 0.06504 -r 0 (79.24148402429364, 0.8303406390282545, 0.297140650606071)
-t 0 -c 0.0001 -g 0.00102 -r 1 (76.00673356218643, 0.9597306575125429, nan)
-t 0 -c 0.0004 -g 0.00102 -r 1 (80.18550303670452, 0.7925798785318194, 0.23715484588085942)
-t 0 -c 0.0016 -g 0.00102 -r 1 (72.46171111697915, 1.1015315553208345, 0.20871624489595414)
-t 0 -c 0.0064 -g 0.00102 -r 1 (71.42857142857143, 1.1428571428571428, 0.20197592278867957)
-t 0 -c 0.0256 -g 0.00102 -r 1 (75.13533139688408, 0.9945867441246369, 0.24406049793828508)
-t 0 -c 0.1024 -g 0.00102 -r 1 (78.03670451544758, 0.8785318193820967, 0.29207162710915113)
-t 0 -c 0.4096 -g 0.00102 -r 1 (78.98402429363612, 0.840639028254555, 0.3037007692141193)
-t 0 -c 1.6384 -g 0.00102 -r 1 (78.99062582519144, 0.8403749669923423, 0.2996288107807227)
-t 0 -c 6.5536 -g 0.00102 -r 1 (79.01373118563507, 0.8394507525745973, 0.2997825888279166)
-t 0 -c 26.2144 -g 0.00102 -r 1 (79.00052812252443, 0.839978875099023, 0.2995038654950614)
-t 0 -c 104.8576 -g 0.00102 -r 1 (78.96421969897015, 0.8414312120411935, 0.2985802308220552)
-t 0 -c 419.4304 -g 0.00102 -r 1 (79.07644573541062, 0.8369421705835753, 0.2988131148349543)
-t 0 -c 1677.7216 -g 0.00102 -r 1 (79.24148402429364, 0.8303406390282545, 0.297140650606071)
-t 0 -c 0.0001 -g 0.00203 -r 1 (76.00673356218643, 0.9597306575125429, nan)
-t 0 -c 0.0004 -g 0.00203 -r 1 (80.18550303670452, 0.7925798785318194, 0.23715484588085942)
-t 0 -c 0.0016 -g 0.00203 -r 1 (72.46171111697915, 1.1015315553208345, 0.20871624489595414)
-t 0 -c 0.0064 -g 0.00203 -r 1 (71.42857142857143, 1.1428571428571428, 0.20197592278867957)
-t 0 -c 0.0256 -g 0.00203 -r 1 (75.13533139688408, 0.9945867441246369, 0.24406049793828508)
-t 0 -c 0.1024 -g 0.00203 -r 1 (78.03670451544758, 0.8785318193820967, 0.29207162710915113)
-t 0 -c 0.4096 -g 0.00203 -r 1 (78.98402429363612, 0.840639028254555, 0.3037007692141193)
-t 0 -c 1.6384 -g 0.00203 -r 1 (78.99062582519144, 0.8403749669923423, 0.2996288107807227)
-t 0 -c 6.5536 -g 0.00203 -r 1 (79.01373118563507, 0.8394507525745973, 0.2997825888279166)
-t 0 -c 26.2144 -g 0.00203 -r 1 (79.00052812252443, 0.839978875099023, 0.2995038654950614)
-t 0 -c 104.8576 -g 0.00203 -r 1 (78.96421969897015, 0.8414312120411935, 0.2985802308220552)
-t 0 -c 419.4304 -g 0.00203 -r 1 (79.07644573541062, 0.8369421705835753, 0.2988131148349543)
-t 0 -c 1677.7216 -g 0.00203 -r 1 (79.24148402429364, 0.8303406390282545, 0.297140650606071)
-t 0 -c 0.0001 -g 0.00407 -r 1 (76.00673356218643, 0.9597306575125429, nan)
-t 0 -c 0.0004 -g 0.00407 -r 1 (80.18550303670452, 0.7925798785318194, 0.23715484588085942)
-t 0 -c 0.0016 -g 0.00407 -r 1 (72.46171111697915, 1.1015315553208345, 0.20871624489595414)
-t 0 -c 0.0064 -g 0.00407 -r 1 (71.42857142857143, 1.1428571428571428, 0.20197592278867957)
-t 0 -c 0.0256 -g 0.00407 -r 1 (75.13533139688408, 0.9945867441246369, 0.24406049793828508)
-t 0 -c 0.1024 -g 0.00407 -r 1 (78.03670451544758, 0.8785318193820967, 0.29207162710915113)
-t 0 -c 0.4096 -g 0.00407 -r 1 (78.98402429363612, 0.840639028254555, 0.3037007692141193)
-t 0 -c 1.6384 -g 0.00407 -r 1 (78.99062582519144, 0.8403749669923423, 0.2996288107807227)
-t 0 -c 6.5536 -g 0.00407 -r 1 (79.01373118563507, 0.8394507525745973, 0.2997825888279166)
-t 0 -c 26.2144 -g 0.00407 -r 1 (79.00052812252443, 0.839978875099023, 0.2995038654950614)
-t 0 -c 104.8576 -g 0.00407 -r 1 (78.96421969897015, 0.8414312120411935, 0.2985802308220552)
-t 0 -c 419.4304 -g 0.00407 -r 1 (79.07644573541062, 0.8369421705835753, 0.2988131148349543)
-t 0 -c 1677.7216 -g 0.00407 -r 1 (79.24148402429364, 0.8303406390282545, 0.297140650606071)
-t 0 -c 0.0001 -g 0.00813 -r 1 (76.00673356218643, 0.9597306575125429, nan)
-t 0 -c 0.0004 -g 0.00813 -r 1 (80.18550303670452, 0.7925798785318194, 0.23715484588085942)
-t 0 -c 0.0016 -g 0.00813 -r 1 (72.46171111697915, 1.1015315553208345, 0.20871624489595414)
-t 0 -c 0.0064 -g 0.00813 -r 1 (71.42857142857143, 1.1428571428571428, 0.20197592278867957)
-t 0 -c 0.0256 -g 0.00813 -r 1 (75.13533139688408, 0.9945867441246369, 0.24406049793828508)
-t 0 -c 0.1024 -g 0.00813 -r 1 (78.03670451544758, 0.8785318193820967, 0.29207162710915113)
-t 0 -c 0.4096 -g 0.00813 -r 1 (78.98402429363612, 0.840639028254555, 0.3037007692141193)
-t 0 -c 1.6384 -g 0.00813 -r 1 (78.99062582519144, 0.8403749669923423, 0.2996288107807227)
-t 0 -c 6.5536 -g 0.00813 -r 1 (79.01373118563507, 0.8394507525745973, 0.2997825888279166)
-t 0 -c 26.2144 -g 0.00813 -r 1 (79.00052812252443, 0.839978875099023, 0.2995038654950614)
-t 0 -c 104.8576 -g 0.00813 -r 1 (78.96421969897015, 0.8414312120411935, 0.2985802308220552)
-t 0 -c 419.4304 -g 0.00813 -r 1 (79.07644573541062, 0.8369421705835753, 0.2988131148349543)
-t 0 -c 1677.7216 -g 0.00813 -r 1 (79.24148402429364, 0.8303406390282545, 0.297140650606071)
-t 0 -c 0.0001 -g 0.01626 -r 1 (76.00673356218643, 0.9597306575125429, nan)
-t 0 -c 0.0004 -g 0.01626 -r 1 (80.18550303670452, 0.7925798785318194, 0.23715484588085942)
-t 0 -c 0.0016 -g 0.01626 -r 1 (72.46171111697915, 1.1015315553208345, 0.20871624489595414)
-t 0 -c 0.0064 -g 0.01626 -r 1 (71.42857142857143, 1.1428571428571428, 0.20197592278867957)
-t 0 -c 0.0256 -g 0.01626 -r 1 (75.13533139688408, 0.9945867441246369, 0.24406049793828508)
-t 0 -c 0.1024 -g 0.01626 -r 1 (78.03670451544758, 0.8785318193820967, 0.29207162710915113)
-t 0 -c 0.4096 -g 0.01626 -r 1 (78.98402429363612, 0.840639028254555, 0.3037007692141193)
-t 0 -c 1.6384 -g 0.01626 -r 1 (78.99062582519144, 0.8403749669923423, 0.2996288107807227)
-t 0 -c 6.5536 -g 0.01626 -r 1 (79.01373118563507, 0.8394507525745973, 0.2997825888279166)
-t 0 -c 26.2144 -g 0.01626 -r 1 (79.00052812252443, 0.839978875099023, 0.2995038654950614)
-t 0 -c 104.8576 -g 0.01626 -r 1 (78.96421969897015, 0.8414312120411935, 0.2985802308220552)
-t 0 -c 419.4304 -g 0.01626 -r 1 (79.07644573541062, 0.8369421705835753, 0.2988131148349543)
-t 0 -c 1677.7216 -g 0.01626 -r 1 (79.24148402429364, 0.8303406390282545, 0.297140650606071)
-t 0 -c 0.0001 -g 0.03252 -r 1 (76.00673356218643, 0.9597306575125429, nan)
-t 0 -c 0.0004 -g 0.03252 -r 1 (80.18550303670452, 0.7925798785318194, 0.23715484588085942)
-t 0 -c 0.0016 -g 0.03252 -r 1 (72.46171111697915, 1.1015315553208345, 0.20871624489595414)
-t 0 -c 0.0064 -g 0.03252 -r 1 (71.42857142857143, 1.1428571428571428, 0.20197592278867957)
-t 0 -c 0.0256 -g 0.03252 -r 1 (75.13533139688408, 0.9945867441246369, 0.24406049793828508)
-t 0 -c 0.1024 -g 0.03252 -r 1 (78.03670451544758, 0.8785318193820967, 0.29207162710915113)
-t 0 -c 0.4096 -g 0.03252 -r 1 (78.98402429363612, 0.840639028254555, 0.3037007692141193)
-t 0 -c 1.6384 -g 0.03252 -r 1 (78.99062582519144, 0.8403749669923423, 0.2996288107807227)
-t 0 -c 6.5536 -g 0.03252 -r 1 (79.01373118563507, 0.8394507525745973, 0.2997825888279166)
-t 0 -c 26.2144 -g 0.03252 -r 1 (79.00052812252443, 0.839978875099023, 0.2995038654950614)
-t 0 -c 104.8576 -g 0.03252 -r 1 (78.96421969897015, 0.8414312120411935, 0.2985802308220552)
-t 0 -c 419.4304 -g 0.03252 -r 1 (79.07644573541062, 0.8369421705835753, 0.2988131148349543)
-t 0 -c 1677.7216 -g 0.03252 -r 1 (79.24148402429364, 0.8303406390282545, 0.297140650606071)
-t 0 -c 0.0001 -g 0.06504 -r 1 (76.00673356218643, 0.9597306575125429, nan)
-t 0 -c 0.0004 -g 0.06504 -r 1 (80.18550303670452, 0.7925798785318194, 0.23715484588085942)
-t 0 -c 0.0016 -g 0.06504 -r 1 (72.46171111697915, 1.1015315553208345, 0.20871624489595414)
-t 0 -c 0.0064 -g 0.06504 -r 1 (71.42857142857143, 1.1428571428571428, 0.20197592278867957)
-t 0 -c 0.0256 -g 0.06504 -r 1 (75.13533139688408, 0.9945867441246369, 0.24406049793828508)
-t 0 -c 0.1024 -g 0.06504 -r 1 (78.03670451544758, 0.8785318193820967, 0.29207162710915113)
-t 0 -c 0.4096 -g 0.06504 -r 1 (78.98402429363612, 0.840639028254555, 0.3037007692141193)
-t 0 -c 1.6384 -g 0.06504 -r 1 (78.99062582519144, 0.8403749669923423, 0.2996288107807227)
-t 0 -c 6.5536 -g 0.06504 -r 1 (79.01373118563507, 0.8394507525745973, 0.2997825888279166)
-t 0 -c 26.2144 -g 0.06504 -r 1 (79.00052812252443, 0.839978875099023, 0.2995038654950614)
-t 0 -c 104.8576 -g 0.06504 -r 1 (78.96421969897015, 0.8414312120411935, 0.2985802308220552)
-t 0 -c 419.4304 -g 0.06504 -r 1 (79.07644573541062, 0.8369421705835753, 0.2988131148349543)
-t 0 -c 1677.7216 -g 0.06504 -r 1 (79.24148402429364, 0.8303406390282545, 0.297140650606071)
-t 0 -c 0.0001 -g 0.00102 -r 2 (76.00673356218643, 0.9597306575125429, nan)
-t 0 -c 0.0004 -g 0.00102 -r 2 (80.18550303670452, 0.7925798785318194, 0.23715484588085942)
-t 0 -c 0.0016 -g 0.00102 -r 2 (72.46171111697915, 1.1015315553208345, 0.20871624489595414)
-t 0 -c 0.0064 -g 0.00102 -r 2 (71.42857142857143, 1.1428571428571428, 0.20197592278867957)
-t 0 -c 0.0256 -g 0.00102 -r 2 (75.13533139688408, 0.9945867441246369, 0.24406049793828508)
-t 0 -c 0.1024 -g 0.00102 -r 2 (78.03670451544758, 0.8785318193820967, 0.29207162710915113)
-t 0 -c 0.4096 -g 0.00102 -r 2 (78.98402429363612, 0.840639028254555, 0.3037007692141193)
-t 0 -c 1.6384 -g 0.00102 -r 2 (78.99062582519144, 0.8403749669923423, 0.2996288107807227)
-t 0 -c 6.5536 -g 0.00102 -r 2 (79.01373118563507, 0.8394507525745973, 0.2997825888279166)
-t 0 -c 26.2144 -g 0.00102 -r 2 (79.00052812252443, 0.839978875099023, 0.2995038654950614)
-t 0 -c 104.8576 -g 0.00102 -r 2 (78.96421969897015, 0.8414312120411935, 0.2985802308220552)
-t 0 -c 419.4304 -g 0.00102 -r 2 (79.07644573541062, 0.8369421705835753, 0.2988131148349543)
-t 0 -c 1677.7216 -g 0.00102 -r 2 (79.24148402429364, 0.8303406390282545, 0.297140650606071)
-t 0 -c 0.0001 -g 0.00203 -r 2 (76.00673356218643, 0.9597306575125429, nan)
-t 0 -c 0.0004 -g 0.00203 -r 2 (80.18550303670452, 0.7925798785318194, 0.23715484588085942)
-t 0 -c 0.0016 -g 0.00203 -r 2 (72.46171111697915, 1.1015315553208345, 0.20871624489595414)
-t 0 -c 0.0064 -g 0.00203 -r 2 (71.42857142857143, 1.1428571428571428, 0.20197592278867957)
-t 0 -c 0.0256 -g 0.00203 -r 2 (75.13533139688408, 0.9945867441246369, 0.24406049793828508)
-t 0 -c 0.1024 -g 0.00203 -r 2 (78.03670451544758, 0.8785318193820967, 0.29207162710915113)
-t 0 -c 0.4096 -g 0.00203 -r 2 (78.98402429363612, 0.840639028254555, 0.3037007692141193)
-t 0 -c 1.6384 -g 0.00203 -r 2 (78.99062582519144, 0.8403749669923423, 0.2996288107807227)
-t 0 -c 6.5536 -g 0.00203 -r 2 (79.01373118563507, 0.8394507525745973, 0.2997825888279166)
-t 0 -c 26.2144 -g 0.00203 -r 2 (79.00052812252443, 0.839978875099023, 0.2995038654950614)
-t 0 -c 104.8576 -g 0.00203 -r 2 (78.96421969897015, 0.8414312120411935, 0.2985802308220552)
-t 0 -c 419.4304 -g 0.00203 -r 2 (79.07644573541062, 0.8369421705835753, 0.2988131148349543)
-t 0 -c 1677.7216 -g 0.00203 -r 2 (79.24148402429364, 0.8303406390282545, 0.297140650606071)
-t 0 -c 0.0001 -g 0.00407 -r 2 (76.00673356218643, 0.9597306575125429, nan)
-t 0 -c 0.0004 -g 0.00407 -r 2 (80.18550303670452, 0.7925798785318194, 0.23715484588085942)
-t 0 -c 0.0016 -g 0.00407 -r 2 (72.46171111697915, 1.1015315553208345, 0.20871624489595414)
-t 0 -c 0.0064 -g 0.00407 -r 2 (71.42857142857143, 1.1428571428571428, 0.20197592278867957)
-t 0 -c 0.0256 -g 0.00407 -r 2 (75.13533139688408, 0.9945867441246369, 0.24406049793828508)
-t 0 -c 0.1024 -g 0.00407 -r 2 (78.03670451544758, 0.8785318193820967, 0.29207162710915113)
-t 0 -c 0.4096 -g 0.00407 -r 2 (78.98402429363612, 0.840639028254555, 0.3037007692141193)
-t 0 -c 1.6384 -g 0.00407 -r 2 (78.99062582519144, 0.8403749669923423, 0.2996288107807227)
-t 0 -c 6.5536 -g 0.00407 -r 2 (79.01373118563507, 0.8394507525745973, 0.2997825888279166)
-t 0 -c 26.2144 -g 0.00407 -r 2 (79.00052812252443, 0.839978875099023, 0.2995038654950614)
-t 0 -c 104.8576 -g 0.00407 -r 2 (78.96421969897015, 0.8414312120411935, 0.2985802308220552)
-t 0 -c 419.4304 -g 0.00407 -r 2 (79.07644573541062, 0.8369421705835753, 0.2988131148349543)
-t 0 -c 1677.7216 -g 0.00407 -r 2 (79.24148402429364, 0.8303406390282545, 0.297140650606071)
-t 0 -c 0.0001 -g 0.00813 -r 2 (76.00673356218643, 0.9597306575125429, nan)
-t 0 -c 0.0004 -g 0.00813 -r 2 (80.18550303670452, 0.7925798785318194, 0.23715484588085942)
-t 0 -c 0.0016 -g 0.00813 -r 2 (72.46171111697915, 1.1015315553208345, 0.20871624489595414)
-t 0 -c 0.0064 -g 0.00813 -r 2 (71.42857142857143, 1.1428571428571428, 0.20197592278867957)
-t 0 -c 0.0256 -g 0.00813 -r 2 (75.13533139688408, 0.9945867441246369, 0.24406049793828508)
-t 0 -c 0.1024 -g 0.00813 -r 2 (78.03670451544758, 0.8785318193820967, 0.29207162710915113)
-t 0 -c 0.4096 -g 0.00813 -r 2 (78.98402429363612, 0.840639028254555, 0.3037007692141193)
-t 0 -c 1.6384 -g 0.00813 -r 2 (78.99062582519144, 0.8403749669923423, 0.2996288107807227)
-t 0 -c 6.5536 -g 0.00813 -r 2 (79.01373118563507, 0.8394507525745973, 0.2997825888279166)
-t 0 -c 26.2144 -g 0.00813 -r 2 (79.00052812252443, 0.839978875099023, 0.2995038654950614)
-t 0 -c 104.8576 -g 0.00813 -r 2 (78.96421969897015, 0.8414312120411935, 0.2985802308220552)
-t 0 -c 419.4304 -g 0.00813 -r 2 (79.07644573541062, 0.8369421705835753, 0.2988131148349543)
-t 0 -c 1677.7216 -g 0.00813 -r 2 (79.24148402429364, 0.8303406390282545, 0.297140650606071)
-t 0 -c 0.0001 -g 0.01626 -r 2 (76.00673356218643, 0.9597306575125429, nan)
-t 0 -c 0.0004 -g 0.01626 -r 2 (80.18550303670452, 0.7925798785318194, 0.23715484588085942)
-t 0 -c 0.0016 -g 0.01626 -r 2 (72.46171111697915, 1.1015315553208345, 0.20871624489595414)
-t 0 -c 0.0064 -g 0.01626 -r 2 (71.42857142857143, 1.1428571428571428, 0.20197592278867957)
-t 0 -c 0.0256 -g 0.01626 -r 2 (75.13533139688408, 0.9945867441246369, 0.24406049793828508)
-t 0 -c 0.1024 -g 0.01626 -r 2 (78.03670451544758, 0.8785318193820967, 0.29207162710915113)
-t 0 -c 0.4096 -g 0.01626 -r 2 (78.98402429363612, 0.840639028254555, 0.3037007692141193)
-t 0 -c 1.6384 -g 0.01626 -r 2 (78.99062582519144, 0.8403749669923423, 0.2996288107807227)
-t 0 -c 6.5536 -g 0.01626 -r 2 (79.01373118563507, 0.8394507525745973, 0.2997825888279166)
-t 0 -c 26.2144 -g 0.01626 -r 2 (79.00052812252443, 0.839978875099023, 0.2995038654950614)
-t 0 -c 104.8576 -g 0.01626 -r 2 (78.96421969897015, 0.8414312120411935, 0.2985802308220552)
-t 0 -c 419.4304 -g 0.01626 -r 2 (79.07644573541062, 0.8369421705835753, 0.2988131148349543)
-t 0 -c 1677.7216 -g 0.01626 -r 2 (79.24148402429364, 0.8303406390282545, 0.297140650606071)
-t 0 -c 0.0001 -g 0.03252 -r 2 (76.00673356218643, 0.9597306575125429, nan)
-t 0 -c 0.0004 -g 0.03252 -r 2 (80.18550303670452, 0.7925798785318194, 0.23715484588085942)
-t 0 -c 0.0016 -g 0.03252 -r 2 (72.46171111697915, 1.1015315553208345, 0.20871624489595414)
-t 0 -c 0.0064 -g 0.03252 -r 2 (71.42857142857143, 1.1428571428571428, 0.20197592278867957)
-t 0 -c 0.0256 -g 0.03252 -r 2 (75.13533139688408, 0.9945867441246369, 0.24406049793828508)
-t 0 -c 0.1024 -g 0.03252 -r 2 (78.03670451544758, 0.8785318193820967, 0.29207162710915113)
-t 0 -c 0.4096 -g 0.03252 -r 2 (78.98402429363612, 0.840639028254555, 0.3037007692141193)
-t 0 -c 1.6384 -g 0.03252 -r 2 (78.99062582519144, 0.8403749669923423, 0.2996288107807227)
-t 0 -c 6.5536 -g 0.03252 -r 2 (79.01373118563507, 0.8394507525745973, 0.2997825888279166)
-t 0 -c 26.2144 -g 0.03252 -r 2 (79.00052812252443, 0.839978875099023, 0.2995038654950614)
-t 0 -c 104.8576 -g 0.03252 -r 2 (78.96421969897015, 0.8414312120411935, 0.2985802308220552)
-t 0 -c 419.4304 -g 0.03252 -r 2 (79.07644573541062, 0.8369421705835753, 0.2988131148349543)
-t 0 -c 1677.7216 -g 0.03252 -r 2 (79.24148402429364, 0.8303406390282545, 0.297140650606071)
-t 0 -c 0.0001 -g 0.06504 -r 2 (76.00673356218643, 0.9597306575125429, nan)
-t 0 -c 0.0004 -g 0.06504 -r 2 (80.18550303670452, 0.7925798785318194, 0.23715484588085942)
-t 0 -c 0.0016 -g 0.06504 -r 2 (72.46171111697915, 1.1015315553208345, 0.20871624489595414)
-t 0 -c 0.0064 -g 0.06504 -r 2 (71.42857142857143, 1.1428571428571428, 0.20197592278867957)
-t 0 -c 0.0256 -g 0.06504 -r 2 (75.13533139688408, 0.9945867441246369, 0.24406049793828508)
-t 0 -c 0.1024 -g 0.06504 -r 2 (78.03670451544758, 0.8785318193820967, 0.29207162710915113)
-t 0 -c 0.4096 -g 0.06504 -r 2 (78.98402429363612, 0.840639028254555, 0.3037007692141193)
-t 0 -c 1.6384 -g 0.06504 -r 2 (78.99062582519144, 0.8403749669923423, 0.2996288107807227)
-t 0 -c 6.5536 -g 0.06504 -r 2 (79.01373118563507, 0.8394507525745973, 0.2997825888279166)
-t 0 -c 26.2144 -g 0.06504 -r 2 (79.00052812252443, 0.839978875099023, 0.2995038654950614)
-t 0 -c 104.8576 -g 0.06504 -r 2 (78.96421969897015, 0.8414312120411935, 0.2985802308220552)
-t 0 -c 419.4304 -g 0.06504 -r 2 (79.07644573541062, 0.8369421705835753, 0.2988131148349543)
-t 0 -c 1677.7216 -g 0.06504 -r 2 (79.24148402429364, 0.8303406390282545, 0.297140650606071)
