-t 2 -c 0.0001 -g 0.00102 -r 0 (76.00673356218643, 0.9597306575125429, nan)
-t 2 -c 0.0004 -g 0.00102 -r 0 (76.00673356218643, 0.9597306575125429, nan)
-t 2 -c 0.0016 -g 0.00102 -r 0 (76.00673356218643, 0.9597306575125429, nan)
-t 2 -c 0.0064 -g 0.00102 -r 0 (76.00673356218643, 0.9597306575125429, nan)
-t 2 -c 0.0256 -g 0.00102 -r 0 (76.00673356218643, 0.9597306575125429, nan)
-t 2 -c 0.1024 -g 0.00102 -r 0 (76.00673356218643, 0.9597306575125429, nan)
-t 2 -c 0.4096 -g 0.00102 -r 0 (72.70596778452601, 1.0917612886189596, 0.20728232722675374)
-t 2 -c 1.6384 -g 0.00102 -r 0 (71.57380512278849, 1.1370477950884605, 0.20369485291001227)
-t 2 -c 6.5536 -g 0.00102 -r 0 (72.17124372854502, 1.1131502508581992, 0.20977393849710643)
-t 2 -c 26.2144 -g 0.00102 -r 0 (77.06297861103776, 0.9174808555584896, 0.2761783594511463)
-t 2 -c 104.8576 -g 0.00102 -r 0 (78.52851861631899, 0.8588592553472406, 0.3002622910684979)
-t 2 -c 419.4304 -g 0.00102 -r 0 (78.8024821758648, 0.8479007129654079, 0.30206668565776446)
-t 2 -c 1677.7216 -g 0.00102 -r 0 (78.79918141008714, 0.8480327435965144, 0.30151491651165424)
-t 2 -c 0.0001 -g 0.00203 -r 0 (76.00673356218643, 0.9597306575125429, nan)
-t 2 -c 0.0004 -g 0.00203 -r 0 (76.00673356218643, 0.9597306575125429, nan)
-t 2 -c 0.0016 -g 0.00203 -r 0 (76.00673356218643, 0.9597306575125429, nan)
-t 2 -c 0.0064 -g 0.00203 -r 0 (76.00673356218643, 0.9597306575125429, nan)
-t 2 -c 0.0256 -g 0.00203 -r 0 (76.00673356218643, 0.9597306575125429, nan)
-t 2 -c 0.1024 -g 0.00203 -r 0 (79.79931344071825, 0.8080274623712701, 0.23634699560282366)
-t 2 -c 0.4096 -g 0.00203 -r 0 (72.46171111697915, 1.1015315553208345, 0.20864890365522576)
-t 2 -c 1.6384 -g 0.00203 -r 0 (71.43847372590442, 1.1424610509638236, 0.2020835302922172)
-t 2 -c 6.5536 -g 0.00203 -r 0 (75.21124900977027, 0.9915500396091893, 0.24518334339842696)
-t 2 -c 26.2144 -g 0.00203 -r 0 (78.00039609189332, 0.8799841563242672, 0.2926080301686615)
-t 2 -c 104.8576 -g 0.00203 -r 0 (78.90150514919462, 0.8439397940322155, 0.30318762011073686)
-t 2 -c 419.4304 -g 0.00203 -r 0 (78.77277528386585, 0.8490889886453657, 0.301961150406862)
-t 2 -c 1677.7216 -g 0.00203 -r 0 (79.2942962767362, 0.8282281489305519, 0.30131078085415164)
-t 2 -c 0.0001 -g 0.00407 -r 0 (76.00673356218643, 0.9597306575125429, nan)
-t 2 -c 0.0004 -g 0.00407 -r 0 (76.00673356218643, 0.9597306575125429, nan)
-t 2 -c 0.0016 -g 0.00407 -r 0 (76.00673356218643, 0.9597306575125429, nan)
-t 2 -c 0.0064 -g 0.00407 -r 0 (76.00673356218643, 0.9597306575125429, nan)
-t 2 -c 0.0256 -g 0.00407 -r 0 (76.00673356218643, 0.9597306575125429, nan)
-t 2 -c 0.1024 -g 0.00407 -r 0 (72.715870081859, 1.0913651967256404, 0.20806152715144902)
-t 2 -c 0.4096 -g 0.00407 -r 0 (71.59691048323211, 1.1361235806707155, 0.20394771713079823)
-t 2 -c 1.6384 -g 0.00407 -r 0 (72.08872458410352, 1.1164510166358594, 0.20891658003838856)
-t 2 -c 6.5536 -g 0.00407 -r 0 (77.08278320570372, 0.9166886717718511, 0.27825214165104023)
-t 2 -c 26.2144 -g 0.00407 -r 0 (78.44930023765514, 0.8620279904937945, 0.30070791396672203)
-t 2 -c 104.8576 -g 0.00407 -r 0 (78.66385001320306, 0.8534459994718775, 0.30098532705407155)
-t 2 -c 419.4304 -g 0.00407 -r 0 (79.2942962767362, 0.8282281489305519, 0.3017286749954868)
-t 2 -c 1677.7216 -g 0.00407 -r 0 (78.53842091365196, 0.8584631634539213, 0.2815844874109711)
-t 2 -c 0.0001 -g 0.00813 -r 0 (76.00673356218643, 0.9597306575125429, nan)
-t 2 -c 0.0004 -g 0.00813 -r 0 (76.00673356218643, 0.9597306575125429, nan)
-t 2 -c 0.0016 -g 0.00813 -r 0 (76.00673356218643, 0.9597306575125429, nan)
-t 2 -c 0.0064 -g 0.00813 -r 0 (76.00673356218643, 0.9597306575125429, nan)
-t 2 -c 0.0256 -g 0.00813 -r 0 (82.09004489041457, 0.716398204383417, 0.22995031114915038)
-t 2 -c 0.1024 -g 0.00813 -r 0 (72.61354634275152, 1.0954581462899393, 0.20943532461386535)
-t 2 -c 0.4096 -g 0.00813 -r 0 (71.43847372590442, 1.1424610509638236, 0.2020835302922172)
-t 2 -c 1.6384 -g 0.00813 -r 0 (75.05941378399788, 0.9976234486400845, 0.24370656526372497)
-t 2 -c 6.5536 -g 0.00813 -r 0 (77.78914708212305, 0.8884341167150779, 0.29105348173306084)
-t 2 -c 26.2144 -g 0.00813 -r 0 (78.66054924742541, 0.8535780301029839, 0.30302196915709895)
-t 2 -c 104.8576 -g 0.00813 -r 0 (79.39662001584368, 0.824135199366253, 0.3045613244079035)
-t 2 -c 419.4304 -g 0.00813 -r 0 (78.71996303142329, 0.8512014787430684, 0.28548402341642654)
-t 2 -c 1677.7216 -g 0.00813 -r 0 (76.93754951148667, 0.9224980195405335, 0.24005108629392694)
-t 2 -c 0.0001 -g 0.01626 -r 0 (76.00673356218643, 0.9597306575125429, nan)
-t 2 -c 0.0004 -g 0.01626 -r 0 (76.00673356218643, 0.9597306575125429, nan)
-t 2 -c 0.0016 -g 0.01626 -r 0 (76.00673356218643, 0.9597306575125429, nan)
-t 2 -c 0.0064 -g 0.01626 -r 0 (76.00673356218643, 0.9597306575125429, nan)
-t 2 -c 0.0256 -g 0.01626 -r 0 (72.66965936097175, 1.0932136255611302, 0.2096737074545005)
-t 2 -c 0.1024 -g 0.01626 -r 0 (71.831264853446, 1.12674940586216, 0.2056437464815403)
-t 2 -c 0.4096 -g 0.01626 -r 0 (71.88407710588857, 1.1246369157644573, 0.20684046281475713)
-t 2 -c 1.6384 -g 0.01626 -r 0 (76.88143649326643, 0.9247425402693424, 0.27474457865664065)
-t 2 -c 6.5536 -g 0.01626 -r 0 (78.37008185899128, 0.8651967256403486, 0.30051242685263996)
-t 2 -c 26.2144 -g 0.01626 -r 0 (79.43952997095326, 0.8224188011618696, 0.30686647662119326)
-t 2 -c 104.8576 -g 0.01626 -r 0 (78.77937681542117, 0.8488249273831528, 0.28668267854408913)
-t 2 -c 419.4304 -g 0.01626 -r 0 (77.3105360443623, 0.9075785582255084, 0.24663516894921994)
-t 2 -c 1677.7216 -g 0.01626 -r 0 (76.18167414840244, 0.9527330340639029, 0.2188128810216062)
-t 2 -c 0.0001 -g 0.03252 -r 0 (76.00673356218643, 0.9597306575125429, nan)
-t 2 -c 0.0004 -g 0.03252 -r 0 (76.00673356218643, 0.9597306575125429, nan)
-t 2 -c 0.0016 -g 0.03252 -r 0 (76.00673356218643, 0.9597306575125429, nan)
-t 2 -c 0.0064 -g 0.03252 -r 0 (76.19157644573541, 0.9523369421705836, 0.0058663629925151456)
-t 2 -c 0.0256 -g 0.03252 -r 0 (72.77528386585688, 1.088988645365725, 0.20483409061078353)
-t 2 -c 0.1024 -g 0.03252 -r 0 (71.51769210456825, 1.1392923158172696, 0.2030818641740078)
-t 2 -c 0.4096 -g 0.03252 -r 0 (74.07578558225508, 1.0369685767097967, 0.23257596853833098)
-t 2 -c 1.6384 -g 0.03252 -r 0 (77.64061262212833, 0.8943754951148667, 0.2901690229813047)
-t 2 -c 6.5536 -g 0.03252 -r 0 (79.30749933984684, 0.8277000264061262, 0.3064318987386187)
-t 2 -c 26.2144 -g 0.03252 -r 0 (79.1688671771851, 0.8332453129125957, 0.29474296644339265)
-t 2 -c 104.8576 -g 0.03252 -r 0 (77.5349881172432, 0.898600475310272, 0.25305084203003203)
-t 2 -c 419.4304 -g 0.03252 -r 0 (76.52165302350146, 0.939133879059942, 0.22354214097350103)
-t 2 -c 1677.7216 -g 0.03252 -r 0 (76.48204383416953, 0.9407182466332189, 0.21987511956062764)
-t 2 -c 0.0001 -g 0.06504 -r 0 (76.00673356218643, 0.9597306575125429, nan)
-t 2 -c 0.0004 -g 0.06504 -r 0 (76.00673356218643, 0.9597306575125429, nan)
-t 2 -c 0.0016 -g 0.06504 -r 0 (76.00673356218643, 0.9597306575125429, nan)
-t 2 -c 0.0064 -g 0.06504 -r 0 (81.65764457354106, 0.7336942170583576, 0.18021994853740703)
-t 2 -c 0.0256 -g 0.06504 -r 0 (72.72577237919197, 1.0909691048323211, 0.20466308729547025)
-t 2 -c 0.1024 -g 0.06504 -r 0 (71.62991814100872, 1.1348032743596514, 0.20451336749620955)
-t 2 -c 0.4096 -g 0.06504 -r 0 (76.18167414840244, 0.9527330340639029, 0.2634517032044285)
-t 2 -c 1.6384 -g 0.06504 -r 0 (78.7694745180882, 0.8492210192764721, 0.302913647317997)
-t 2 -c 6.5536 -g 0.06504 -r 0 (79.403221547399, 0.8238711381040401, 0.3013976618741046)
-t 2 -c 26.2144 -g 0.06504 -r 0 (77.93768154211777, 0.8824927383152892, 0.2611999301226632)
-t 2 -c 104.8576 -g 0.06504 -r 0 (77.16530235014524, 0.9133879059941906, 0.23512193147964666)
-t 2 -c 419.4304 -g 0.06504 -r 0 (77.01346712437285, 0.9194613150250858, 0.2298738399480821)
-t 2 -c 1677.7216 -g 0.06504 -r 0 (77.01346712437285, 0.9194613150250858, 0.2298738399480821)
-t 2 -c 0.0001 -g 0.00102 -r 1 (76.00673356218643, 0.9597306575125429, nan)
-t 2 -c 0.0004 -g 0.00102 -r 1 (76.00673356218643, 0.9597306575125429, nan)
-t 2 -c 0.0016 -g 0.00102 -r 1 (76.00673356218643, 0.9597306575125429, nan)
-t 2 -c 0.0064 -g 0.00102 -r 1 (76.00673356218643, 0.9597306575125429, nan)
-t 2 -c 0.0256 -g 0.00102 -r 1 (76.00673356218643, 0.9597306575125429, nan)
-t 2 -c 0.1024 -g 0.00102 -r 1 (76.00673356218643, 0.9597306575125429, nan)
-t 2 -c 0.4096 -g 0.00102 -r 1 (72.70596778452601, 1.0917612886189596, 0.20728232722675374)
-t 2 -c 1.6384 -g 0.00102 -r 1 (71.57380512278849, 1.1370477950884605, 0.20369485291001227)
-t 2 -c 6.5536 -g 0.00102 -r 1 (72.17124372854502, 1.1131502508581992, 0.20977393849710643)
-t 2 -c 26.2144 -g 0.00102 -r 1 (77.06297861103776, 0.9174808555584896, 0.2761783594511463)
-t 2 -c 104.8576 -g 0.00102 -r 1 (78.52851861631899, 0.8588592553472406, 0.3002622910684979)
-t 2 -c 419.4304 -g 0.00102 -r 1 (78.8024821758648, 0.8479007129654079, 0.30206668565776446)
-t 2 -c 1677.7216 -g 0.00102 -r 1 (78.79918141008714, 0.8480327435965144, 0.30151491651165424)
-t 2 -c 0.0001 -g 0.00203 -r 1 (76.00673356218643, 0.9597306575125429, nan)
-t 2 -c 0.0004 -g 0.00203 -r 1 (76.00673356218643, 0.9597306575125429, nan)
-t 2 -c 0.0016 -g 0.00203 -r 1 (76.00673356218643, 0.9597306575125429, nan)
-t 2 -c 0.0064 -g 0.00203 -r 1 (76.00673356218643, 0.9597306575125429, nan)
-t 2 -c 0.0256 -g 0.00203 -r 1 (76.00673356218643, 0.9597306575125429, nan)
-t 2 -c 0.1024 -g 0.00203 -r 1 (79.79931344071825, 0.8080274623712701, 0.23634699560282366)
-t 2 -c 0.4096 -g 0.00203 -r 1 (72.46171111697915, 1.1015315553208345, 0.20864890365522576)
-t 2 -c 1.6384 -g 0.00203 -r 1 (71.43847372590442, 1.1424610509638236, 0.2020835302922172)
-t 2 -c 6.5536 -g 0.00203 -r 1 (75.21124900977027, 0.9915500396091893, 0.24518334339842696)
-t 2 -c 26.2144 -g 0.00203 -r 1 (78.00039609189332, 0.8799841563242672, 0.2926080301686615)
-t 2 -c 104.8576 -g 0.00203 -r 1 (78.90150514919462, 0.8439397940322155, 0.30318762011073686)
-t 2 -c 419.4304 -g 0.00203 -r 1 (78.77277528386585, 0.8490889886453657, 0.301961150406862)
-t 2 -c 1677.7216 -g 0.00203 -r 1 (79.2942962767362, 0.8282281489305519, 0.30131078085415164)
-t 2 -c 0.0001 -g 0.00407 -r 1 (76.00673356218643, 0.9597306575125429, nan)
-t 2 -c 0.0004 -g 0.00407 -r 1 (76.00673356218643, 0.9597306575125429, nan)
-t 2 -c 0.0016 -g 0.00407 -r 1 (76.00673356218643, 0.9597306575125429, nan)
-t 2 -c 0.0064 -g 0.00407 -r 1 (76.00673356218643, 0.9597306575125429, nan)
-t 2 -c 0.0256 -g 0.00407 -r 1 (76.00673356218643, 0.9597306575125429, nan)
-t 2 -c 0.1024 -g 0.00407 -r 1 (72.715870081859, 1.0913651967256404, 0.20806152715144902)
-t 2 -c 0.4096 -g 0.00407 -r 1 (71.59691048323211, 1.1361235806707155, 0.20394771713079823)
-t 2 -c 1.6384 -g 0.00407 -r 1 (72.08872458410352, 1.1164510166358594, 0.20891658003838856)
-t 2 -c 6.5536 -g 0.00407 -r 1 (77.08278320570372, 0.9166886717718511, 0.27825214165104023)
-t 2 -c 26.2144 -g 0.00407 -r 1 (78.44930023765514, 0.8620279904937945, 0.30070791396672203)
-t 2 -c 104.8576 -g 0.00407 -r 1 (78.66385001320306, 0.8534459994718775, 0.30098532705407155)
-t 2 -c 419.4304 -g 0.00407 -r 1 (79.2942962767362, 0.8282281489305519, 0.3017286749954868)
-t 2 -c 1677.7216 -g 0.00407 -r 1 (78.53842091365196, 0.8584631634539213, 0.2815844874109711)
-t 2 -c 0.0001 -g 0.00813 -r 1 (76.00673356218643, 0.9597306575125429, nan)
-t 2 -c 0.0004 -g 0.00813 -r 1 (76.00673356218643, 0.9597306575125429, nan)
-t 2 -c 0.0016 -g 0.00813 -r 1 (76.00673356218643, 0.9597306575125429, nan)
-t 2 -c 0.0064 -g 0.00813 -r 1 (76.00673356218643, 0.9597306575125429, nan)
-t 2 -c 0.0256 -g 0.00813 -r 1 (82.09004489041457, 0.716398204383417, 0.22995031114915038)
-t 2 -c 0.1024 -g 0.00813 -r 1 (72.61354634275152, 1.0954581462899393, 0.20943532461386535)
-t 2 -c 0.4096 -g 0.00813 -r 1 (71.43847372590442, 1.1424610509638236, 0.2020835302922172)
-t 2 -c 1.6384 -g 0.00813 -r 1 (75.05941378399788, 0.9976234486400845, 0.24370656526372497)
-t 2 -c 6.5536 -g 0.00813 -r 1 (77.78914708212305, 0.8884341167150779, 0.29105348173306084)
-t 2 -c 26.2144 -g 0.00813 -r 1 (78.66054924742541, 0.8535780301029839, 0.30302196915709895)
-t 2 -c 104.8576 -g 0.00813 -r 1 (79.39662001584368, 0.824135199366253, 0.3045613244079035)
-t 2 -c 419.4304 -g 0.00813 -r 1 (78.71996303142329, 0.8512014787430684, 0.28548402341642654)
-t 2 -c 1677.7216 -g 0.00813 -r 1 (76.93754951148667, 0.9224980195405335, 0.24005108629392694)
-t 2 -c 0.0001 -g 0.01626 -r 1 (76.00673356218643, 0.9597306575125429, nan)
-t 2 -c 0.0004 -g 0.01626 -r 1 (76.00673356218643, 0.9597306575125429, nan)
-t 2 -c 0.0016 -g 0.01626 -r 1 (76.00673356218643, 0.9597306575125429, nan)
-t 2 -c 0.0064 -g 0.01626 -r 1 (76.00673356218643, 0.9597306575125429, nan)
-t 2 -c 0.0256 -g 0.01626 -r 1 (72.66965936097175, 1.0932136255611302, 0.2096737074545005)
-t 2 -c 0.1024 -g 0.01626 -r 1 (71.831264853446, 1.12674940586216, 0.2056437464815403)
-t 2 -c 0.4096 -g 0.01626 -r 1 (71.88407710588857, 1.1246369157644573, 0.20684046281475713)
-t 2 -c 1.6384 -g 0.01626 -r 1 (76.88143649326643, 0.9247425402693424, 0.27474457865664065)
-t 2 -c 6.5536 -g 0.01626 -r 1 (78.37008185899128, 0.8651967256403486, 0.30051242685263996)
-t 2 -c 26.2144 -g 0.01626 -r 1 (79.43952997095326, 0.8224188011618696, 0.30686647662119326)
-t 2 -c 104.8576 -g 0.01626 -r 1 (78.77937681542117, 0.8488249273831528, 0.28668267854408913)
-t 2 -c 419.4304 -g 0.01626 -r 1 (77.3105360443623, 0.9075785582255084, 0.24663516894921994)
-t 2 -c 1677.7216 -g 0.01626 -r 1 (76.18167414840244, 0.9527330340639029, 0.2188128810216062)
-t 2 -c 0.0001 -g 0.03252 -r 1 (76.00673356218643, 0.9597306575125429, nan)
-t 2 -c 0.0004 -g 0.03252 -r 1 (76.00673356218643, 0.9597306575125429, nan)
-t 2 -c 0.0016 -g 0.03252 -r 1 (76.00673356218643, 0.9597306575125429, nan)
-t 2 -c 0.0064 -g 0.03252 -r 1 (76.19157644573541, 0.9523369421705836, 0.0058663629925151456)
-t 2 -c 0.0256 -g 0.03252 -r 1 (72.77528386585688, 1.088988645365725, 0.20483409061078353)
-t 2 -c 0.1024 -g 0.03252 -r 1 (71.51769210456825, 1.1392923158172696, 0.2030818641740078)
-t 2 -c 0.4096 -g 0.03252 -r 1 (74.07578558225508, 1.0369685767097967, 0.23257596853833098)
-t 2 -c 1.6384 -g 0.03252 -r 1 (77.64061262212833, 0.8943754951148667, 0.2901690229813047)
-t 2 -c 6.5536 -g 0.03252 -r 1 (79.30749933984684, 0.8277000264061262, 0.3064318987386187)
-t 2 -c 26.2144 -g 0.03252 -r 1 (79.1688671771851, 0.8332453129125957, 0.29474296644339265)
-t 2 -c 104.8576 -g 0.03252 -r 1 (77.5349881172432, 0.898600475310272, 0.25305084203003203)
-t 2 -c 419.4304 -g 0.03252 -r 1 (76.52165302350146, 0.939133879059942, 0.22354214097350103)
-t 2 -c 1677.7216 -g 0.03252 -r 1 (76.48204383416953, 0.9407182466332189, 0.21987511956062764)
-t 2 -c 0.0001 -g 0.06504 -r 1 (76.00673356218643, 0.9597306575125429, nan)
-t 2 -c 0.0004 -g 0.06504 -r 1 (76.00673356218643, 0.9597306575125429, nan)
-t 2 -c 0.0016 -g 0.06504 -r 1 (76.00673356218643, 0.9597306575125429, nan)
-t 2 -c 0.0064 -g 0.06504 -r 1 (81.65764457354106, 0.7336942170583576, 0.18021994853740703)
-t 2 -c 0.0256 -g 0.06504 -r 1 (72.72577237919197, 1.0909691048323211, 0.20466308729547025)
-t 2 -c 0.1024 -g 0.06504 -r 1 (71.62991814100872, 1.1348032743596514, 0.20451336749620955)
-t 2 -c 0.4096 -g 0.06504 -r 1 (76.18167414840244, 0.9527330340639029, 0.2634517032044285)
-t 2 -c 1.6384 -g 0.06504 -r 1 (78.7694745180882, 0.8492210192764721, 0.302913647317997)
-t 2 -c 6.5536 -g 0.06504 -r 1 (79.403221547399, 0.8238711381040401, 0.3013976618741046)
-t 2 -c 26.2144 -g 0.06504 -r 1 (77.93768154211777, 0.8824927383152892, 0.2611999301226632)
-t 2 -c 104.8576 -g 0.06504 -r 1 (77.16530235014524, 0.9133879059941906, 0.23512193147964666)
-t 2 -c 419.4304 -g 0.06504 -r 1 (77.01346712437285, 0.9194613150250858, 0.2298738399480821)
-t 2 -c 1677.7216 -g 0.06504 -r 1 (77.01346712437285, 0.9194613150250858, 0.2298738399480821)
-t 2 -c 0.0001 -g 0.00102 -r 2 (76.00673356218643, 0.9597306575125429, nan)
-t 2 -c 0.0004 -g 0.00102 -r 2 (76.00673356218643, 0.9597306575125429, nan)
-t 2 -c 0.0016 -g 0.00102 -r 2 (76.00673356218643, 0.9597306575125429, nan)
-t 2 -c 0.0064 -g 0.00102 -r 2 (76.00673356218643, 0.9597306575125429, nan)
-t 2 -c 0.0256 -g 0.00102 -r 2 (76.00673356218643, 0.9597306575125429, nan)
-t 2 -c 0.1024 -g 0.00102 -r 2 (76.00673356218643, 0.9597306575125429, nan)
-t 2 -c 0.4096 -g 0.00102 -r 2 (72.70596778452601, 1.0917612886189596, 0.20728232722675374)
-t 2 -c 1.6384 -g 0.00102 -r 2 (71.57380512278849, 1.1370477950884605, 0.20369485291001227)
-t 2 -c 6.5536 -g 0.00102 -r 2 (72.17124372854502, 1.1131502508581992, 0.20977393849710643)
-t 2 -c 26.2144 -g 0.00102 -r 2 (77.06297861103776, 0.9174808555584896, 0.2761783594511463)
-t 2 -c 104.8576 -g 0.00102 -r 2 (78.52851861631899, 0.8588592553472406, 0.3002622910684979)
-t 2 -c 419.4304 -g 0.00102 -r 2 (78.8024821758648, 0.8479007129654079, 0.30206668565776446)
-t 2 -c 1677.7216 -g 0.00102 -r 2 (78.79918141008714, 0.8480327435965144, 0.30151491651165424)
-t 2 -c 0.0001 -g 0.00203 -r 2 (76.00673356218643, 0.9597306575125429, nan)
-t 2 -c 0.0004 -g 0.00203 -r 2 (76.00673356218643, 0.9597306575125429, nan)
-t 2 -c 0.0016 -g 0.00203 -r 2 (76.00673356218643, 0.9597306575125429, nan)
-t 2 -c 0.0064 -g 0.00203 -r 2 (76.00673356218643, 0.9597306575125429, nan)
-t 2 -c 0.0256 -g 0.00203 -r 2 (76.00673356218643, 0.9597306575125429, nan)
-t 2 -c 0.1024 -g 0.00203 -r 2 (79.79931344071825, 0.8080274623712701, 0.23634699560282366)
-t 2 -c 0.4096 -g 0.00203 -r 2 (72.46171111697915, 1.1015315553208345, 0.20864890365522576)
-t 2 -c 1.6384 -g 0.00203 -r 2 (71.43847372590442, 1.1424610509638236, 0.2020835302922172)
-t 2 -c 6.5536 -g 0.00203 -r 2 (75.21124900977027, 0.9915500396091893, 0.24518334339842696)
-t 2 -c 26.2144 -g 0.00203 -r 2 (78.00039609189332, 0.8799841563242672, 0.2926080301686615)
-t 2 -c 104.8576 -g 0.00203 -r 2 (78.90150514919462, 0.8439397940322155, 0.30318762011073686)
-t 2 -c 419.4304 -g 0.00203 -r 2 (78.77277528386585, 0.8490889886453657, 0.301961150406862)
-t 2 -c 1677.7216 -g 0.00203 -r 2 (79.2942962767362, 0.8282281489305519, 0.30131078085415164)
-t 2 -c 0.0001 -g 0.00407 -r 2 (76.00673356218643, 0.9597306575125429, nan)
-t 2 -c 0.0004 -g 0.00407 -r 2 (76.00673356218643, 0.9597306575125429, nan)
-t 2 -c 0.0016 -g 0.00407 -r 2 (76.00673356218643, 0.9597306575125429, nan)
-t 2 -c 0.0064 -g 0.00407 -r 2 (76.00673356218643, 0.9597306575125429, nan)
-t 2 -c 0.0256 -g 0.00407 -r 2 (76.00673356218643, 0.9597306575125429, nan)
-t 2 -c 0.1024 -g 0.00407 -r 2 (72.715870081859, 1.0913651967256404, 0.20806152715144902)
-t 2 -c 0.4096 -g 0.00407 -r 2 (71.59691048323211, 1.1361235806707155, 0.20394771713079823)
-t 2 -c 1.6384 -g 0.00407 -r 2 (72.08872458410352, 1.1164510166358594, 0.20891658003838856)
-t 2 -c 6.5536 -g 0.00407 -r 2 (77.08278320570372, 0.9166886717718511, 0.27825214165104023)
-t 2 -c 26.2144 -g 0.00407 -r 2 (78.44930023765514, 0.8620279904937945, 0.30070791396672203)
-t 2 -c 104.8576 -g 0.00407 -r 2 (78.66385001320306, 0.8534459994718775, 0.30098532705407155)
-t 2 -c 419.4304 -g 0.00407 -r 2 (79.2942962767362, 0.8282281489305519, 0.3017286749954868)
-t 2 -c 1677.7216 -g 0.00407 -r 2 (78.53842091365196, 0.8584631634539213, 0.2815844874109711)
-t 2 -c 0.0001 -g 0.00813 -r 2 (76.00673356218643, 0.9597306575125429, nan)
-t 2 -c 0.0004 -g 0.00813 -r 2 (76.00673356218643, 0.9597306575125429, nan)
-t 2 -c 0.0016 -g 0.00813 -r 2 (76.00673356218643, 0.9597306575125429, nan)
-t 2 -c 0.0064 -g 0.00813 -r 2 (76.00673356218643, 0.9597306575125429, nan)
-t 2 -c 0.0256 -g 0.00813 -r 2 (82.09004489041457, 0.716398204383417, 0.22995031114915038)
-t 2 -c 0.1024 -g 0.00813 -r 2 (72.61354634275152, 1.0954581462899393, 0.20943532461386535)
-t 2 -c 0.4096 -g 0.00813 -r 2 (71.43847372590442, 1.1424610509638236, 0.2020835302922172)
-t 2 -c 1.6384 -g 0.00813 -r 2 (75.05941378399788, 0.9976234486400845, 0.24370656526372497)
-t 2 -c 6.5536 -g 0.00813 -r 2 (77.78914708212305, 0.8884341167150779, 0.29105348173306084)
-t 2 -c 26.2144 -g 0.00813 -r 2 (78.66054924742541, 0.8535780301029839, 0.30302196915709895)
-t 2 -c 104.8576 -g 0.00813 -r 2 (79.39662001584368, 0.824135199366253, 0.3045613244079035)
-t 2 -c 419.4304 -g 0.00813 -r 2 (78.71996303142329, 0.8512014787430684, 0.28548402341642654)
-t 2 -c 1677.7216 -g 0.00813 -r 2 (76.93754951148667, 0.9224980195405335, 0.24005108629392694)
-t 2 -c 0.0001 -g 0.01626 -r 2 (76.00673356218643, 0.9597306575125429, nan)
-t 2 -c 0.0004 -g 0.01626 -r 2 (76.00673356218643, 0.9597306575125429, nan)
-t 2 -c 0.0016 -g 0.01626 -r 2 (76.00673356218643, 0.9597306575125429, nan)
-t 2 -c 0.0064 -g 0.01626 -r 2 (76.00673356218643, 0.9597306575125429, nan)
-t 2 -c 0.0256 -g 0.01626 -r 2 (72.66965936097175, 1.0932136255611302, 0.2096737074545005)
-t 2 -c 0.1024 -g 0.01626 -r 2 (71.831264853446, 1.12674940586216, 0.2056437464815403)
-t 2 -c 0.4096 -g 0.01626 -r 2 (71.88407710588857, 1.1246369157644573, 0.20684046281475713)
-t 2 -c 1.6384 -g 0.01626 -r 2 (76.88143649326643, 0.9247425402693424, 0.27474457865664065)
-t 2 -c 6.5536 -g 0.01626 -r 2 (78.37008185899128, 0.8651967256403486, 0.30051242685263996)
-t 2 -c 26.2144 -g 0.01626 -r 2 (79.43952997095326, 0.8224188011618696, 0.30686647662119326)
-t 2 -c 104.8576 -g 0.01626 -r 2 (78.77937681542117, 0.8488249273831528, 0.28668267854408913)
-t 2 -c 419.4304 -g 0.01626 -r 2 (77.3105360443623, 0.9075785582255084, 0.24663516894921994)
-t 2 -c 1677.7216 -g 0.01626 -r 2 (76.18167414840244, 0.9527330340639029, 0.2188128810216062)
-t 2 -c 0.0001 -g 0.03252 -r 2 (76.00673356218643, 0.9597306575125429, nan)
-t 2 -c 0.0004 -g 0.03252 -r 2 (76.00673356218643, 0.9597306575125429, nan)
-t 2 -c 0.0016 -g 0.03252 -r 2 (76.00673356218643, 0.9597306575125429, nan)
-t 2 -c 0.0064 -g 0.03252 -r 2 (76.19157644573541, 0.9523369421705836, 0.0058663629925151456)
-t 2 -c 0.0256 -g 0.03252 -r 2 (72.77528386585688, 1.088988645365725, 0.20483409061078353)
-t 2 -c 0.1024 -g 0.03252 -r 2 (71.51769210456825, 1.1392923158172696, 0.2030818641740078)
-t 2 -c 0.4096 -g 0.03252 -r 2 (74.07578558225508, 1.0369685767097967, 0.23257596853833098)
-t 2 -c 1.6384 -g 0.03252 -r 2 (77.64061262212833, 0.8943754951148667, 0.2901690229813047)
-t 2 -c 6.5536 -g 0.03252 -r 2 (79.30749933984684, 0.8277000264061262, 0.3064318987386187)
-t 2 -c 26.2144 -g 0.03252 -r 2 (79.1688671771851, 0.8332453129125957, 0.29474296644339265)
-t 2 -c 104.8576 -g 0.03252 -r 2 (77.5349881172432, 0.898600475310272, 0.25305084203003203)
-t 2 -c 419.4304 -g 0.03252 -r 2 (76.52165302350146, 0.939133879059942, 0.22354214097350103)
-t 2 -c 1677.7216 -g 0.03252 -r 2 (76.48204383416953, 0.9407182466332189, 0.21987511956062764)
-t 2 -c 0.0001 -g 0.06504 -r 2 (76.00673356218643, 0.9597306575125429, nan)
-t 2 -c 0.0004 -g 0.06504 -r 2 (76.00673356218643, 0.9597306575125429, nan)
-t 2 -c 0.0016 -g 0.06504 -r 2 (76.00673356218643, 0.9597306575125429, nan)
-t 2 -c 0.0064 -g 0.06504 -r 2 (81.65764457354106, 0.7336942170583576, 0.18021994853740703)
-t 2 -c 0.0256 -g 0.06504 -r 2 (72.72577237919197, 1.0909691048323211, 0.20466308729547025)
-t 2 -c 0.1024 -g 0.06504 -r 2 (71.62991814100872, 1.1348032743596514, 0.20451336749620955)
-t 2 -c 0.4096 -g 0.06504 -r 2 (76.18167414840244, 0.9527330340639029, 0.2634517032044285)
-t 2 -c 1.6384 -g 0.06504 -r 2 (78.7694745180882, 0.8492210192764721, 0.302913647317997)
-t 2 -c 6.5536 -g 0.06504 -r 2 (79.403221547399, 0.8238711381040401, 0.3013976618741046)
-t 2 -c 26.2144 -g 0.06504 -r 2 (77.93768154211777, 0.8824927383152892, 0.2611999301226632)
-t 2 -c 104.8576 -g 0.06504 -r 2 (77.16530235014524, 0.9133879059941906, 0.23512193147964666)
-t 2 -c 419.4304 -g 0.06504 -r 2 (77.01346712437285, 0.9194613150250858, 0.2298738399480821)
-t 2 -c 1677.7216 -g 0.06504 -r 2 (77.01346712437285, 0.9194613150250858, 0.2298738399480821)
