-t 3 -c 0.0001 -g 0.00069 -r 0 (50.843170320404724, 1.2580101180438448, nan)
-t 3 -c 0.0004 -g 0.00069 -r 0 (50.843170320404724, 1.2580101180438448, nan)
-t 3 -c 0.0016 -g 0.00069 -r 0 (50.843170320404724, 1.2580101180438448, nan)
-t 3 -c 0.0064 -g 0.00069 -r 0 (50.843170320404724, 1.2580101180438448, nan)
-t 3 -c 0.0256 -g 0.00069 -r 0 (50.843170320404724, 1.2580101180438448, nan)
-t 3 -c 0.1024 -g 0.00069 -r 0 (50.843170320404724, 1.2580101180438448, nan)
-t 3 -c 0.4096 -g 0.00069 -r 0 (50.843170320404724, 1.2580101180438448, nan)
-t 3 -c 1.6384 -g 0.00069 -r 0 (77.82462057335582, 0.6416526138279932, 0.3210086921437277)
-t 3 -c 6.5536 -g 0.00069 -r 0 (93.42327150084317, 0.1391231028667791, 0.8120032153372205)
-t 3 -c 26.2144 -g 0.00069 -r 0 (94.77234401349072, 0.09780775716694773, 0.8666470829657145)
-t 3 -c 104.8576 -g 0.00069 -r 0 (95.36256323777403, 0.09696458684654301, 0.8679224246659683)
-t 3 -c 419.4304 -g 0.00069 -r 0 (94.5193929173693, 0.10033726812816189, 0.8619111463644902)
-t 3 -c 1677.7216 -g 0.00069 -r 0 (93.00168634064082, 0.13827993254637436, 0.8129910905787908)
-t 3 -c 0.0001 -g 0.00139 -r 0 (50.843170320404724, 1.2580101180438448, nan)
-t 3 -c 0.0004 -g 0.00139 -r 0 (50.843170320404724, 1.2580101180438448, nan)
-t 3 -c 0.0016 -g 0.00139 -r 0 (50.843170320404724, 1.2580101180438448, nan)
-t 3 -c 0.0064 -g 0.00139 -r 0 (50.843170320404724, 1.2580101180438448, nan)
-t 3 -c 0.0256 -g 0.00139 -r 0 (50.843170320404724, 1.2580101180438448, nan)
-t 3 -c 0.1024 -g 0.00139 -r 0 (50.843170320404724, 1.2580101180438448, nan)
-t 3 -c 0.4096 -g 0.00139 -r 0 (50.843170320404724, 1.2580101180438448, nan)
-t 3 -c 1.6384 -g 0.00139 -r 0 (91.06239460370995, 0.1905564924114671, 0.7461524562319759)
-t 3 -c 6.5536 -g 0.00139 -r 0 (94.68802698145025, 0.1163575042158516, 0.8414175637126574)
-t 3 -c 26.2144 -g 0.00139 -r 0 (94.94097807757167, 0.09865092748735245, 0.8656996241638202)
-t 3 -c 104.8576 -g 0.00139 -r 0 (95.10961214165262, 0.09949409780775717, 0.8640989973025294)
-t 3 -c 419.4304 -g 0.00139 -r 0 (93.84485666104553, 0.11467116357504216, 0.8428775086416305)
-t 3 -c 1677.7216 -g 0.00139 -r 0 (92.91736930860034, 0.14924114671163574, 0.7985945273911881)
-t 3 -c 0.0001 -g 0.00278 -r 0 (50.843170320404724, 1.2580101180438448, nan)
-t 3 -c 0.0004 -g 0.00278 -r 0 (50.843170320404724, 1.2580101180438448, nan)
-t 3 -c 0.0016 -g 0.00278 -r 0 (50.843170320404724, 1.2580101180438448, nan)
-t 3 -c 0.0064 -g 0.00278 -r 0 (50.843170320404724, 1.2580101180438448, nan)
-t 3 -c 0.0256 -g 0.00278 -r 0 (50.843170320404724, 1.2580101180438448, nan)
-t 3 -c 0.1024 -g 0.00278 -r 0 (50.843170320404724, 1.2580101180438448, nan)
-t 3 -c 0.4096 -g 0.00278 -r 0 (78.07757166947724, 0.636593591905565, 0.3244141335337392)
-t 3 -c 1.6384 -g 0.00278 -r 0 (93.42327150084317, 0.1391231028667791, 0.8120032153372205)
-t 3 -c 6.5536 -g 0.00278 -r 0 (94.77234401349072, 0.09780775716694773, 0.8666470829657145)
-t 3 -c 26.2144 -g 0.00278 -r 0 (95.36256323777403, 0.09696458684654301, 0.8677669225518004)
-t 3 -c 104.8576 -g 0.00278 -r 0 (94.18212478920742, 0.1087689713322091, 0.8509437785460575)
-t 3 -c 419.4304 -g 0.00278 -r 0 (92.7487352445194, 0.14080944350758853, 0.8094408041285959)
-t 3 -c 1677.7216 -g 0.00278 -r 0 (92.83305227655987, 0.15008431703204048, 0.7972884038469182)
-t 3 -c 0.0001 -g 0.00556 -r 0 (50.843170320404724, 1.2580101180438448, nan)
-t 3 -c 0.0004 -g 0.00556 -r 0 (50.843170320404724, 1.2580101180438448, nan)
-t 3 -c 0.0016 -g 0.00556 -r 0 (50.843170320404724, 1.2580101180438448, nan)
-t 3 -c 0.0064 -g 0.00556 -r 0 (50.843170320404724, 1.2580101180438448, nan)
-t 3 -c 0.0256 -g 0.00556 -r 0 (50.843170320404724, 1.2580101180438448, nan)
-t 3 -c 0.1024 -g 0.00556 -r 0 (50.843170320404724, 1.2580101180438448, nan)
-t 3 -c 0.4096 -g 0.00556 -r 0 (91.06239460370995, 0.18802698145025296, 0.7491741509939592)
-t 3 -c 1.6384 -g 0.00556 -r 0 (94.60370994940978, 0.11973018549747048, 0.8366701781296854)
-t 3 -c 6.5536 -g 0.00556 -r 0 (94.77234401349072, 0.10539629005059022, 0.8565227786855135)
-t 3 -c 26.2144 -g 0.00556 -r 0 (95.10961214165262, 0.09696458684654301, 0.8677669225518004)
-t 3 -c 104.8576 -g 0.00556 -r 0 (93.42327150084317, 0.12900505902192244, 0.823967404751507)
-t 3 -c 419.4304 -g 0.00556 -r 0 (91.98988195615514, 0.16104553119730186, 0.78407665257019)
-t 3 -c 1677.7216 -g 0.00556 -r 0 (90.64080944350759, 0.19224283305227655, 0.7442032953208784)
-t 3 -c 0.0001 -g 0.01111 -r 0 (50.843170320404724, 1.2580101180438448, nan)
-t 3 -c 0.0004 -g 0.01111 -r 0 (50.843170320404724, 1.2580101180438448, nan)
-t 3 -c 0.0016 -g 0.01111 -r 0 (50.843170320404724, 1.2580101180438448, nan)
-t 3 -c 0.0064 -g 0.01111 -r 0 (50.843170320404724, 1.2580101180438448, nan)
-t 3 -c 0.0256 -g 0.01111 -r 0 (50.843170320404724, 1.2580101180438448, nan)
-t 3 -c 0.1024 -g 0.01111 -r 0 (76.64418212478921, 0.678752107925801, 0.2917928810985967)
-t 3 -c 0.4096 -g 0.01111 -r 0 (93.50758853288364, 0.14080944350758853, 0.8099898193720442)
-t 3 -c 1.6384 -g 0.01111 -r 0 (94.68802698145025, 0.1087689713322091, 0.8518491149982867)
-t 3 -c 6.5536 -g 0.01111 -r 0 (94.60370994940978, 0.11467116357504216, 0.8441292185387492)
-t 3 -c 26.2144 -g 0.01111 -r 0 (93.50758853288364, 0.1281618887015177, 0.8254871795946516)
-t 3 -c 104.8576 -g 0.01111 -r 0 (90.47217537942664, 0.18887015177065766, 0.7484358727753058)
-t 3 -c 419.4304 -g 0.01111 -r 0 (91.06239460370995, 0.1981450252951096, 0.7362395410689749)
-t 3 -c 1677.7216 -g 0.01111 -r 0 (91.31534569983137, 0.18043844856661045, 0.7582407858555059)
-t 3 -c 0.0001 -g 0.02222 -r 0 (50.843170320404724, 1.2580101180438448, nan)
-t 3 -c 0.0004 -g 0.02222 -r 0 (50.843170320404724, 1.2580101180438448, nan)
-t 3 -c 0.0016 -g 0.02222 -r 0 (50.843170320404724, 1.2580101180438448, nan)
-t 3 -c 0.0064 -g 0.02222 -r 0 (50.843170320404724, 1.2580101180438448, nan)
-t 3 -c 0.0256 -g 0.02222 -r 0 (50.843170320404724, 1.2580101180438448, nan)
-t 3 -c 0.1024 -g 0.02222 -r 0 (90.55649241146712, 0.19561551433389546, 0.7393706124491174)
-t 3 -c 0.4096 -g 0.02222 -r 0 (93.929173693086, 0.1315345699831366, 0.8201566846866402)
-t 3 -c 1.6384 -g 0.02222 -r 0 (93.84485666104553, 0.13237774030354132, 0.8209010607213028)
-t 3 -c 6.5536 -g 0.02222 -r 0 (92.24283305227657, 0.17622259696458684, 0.7647309460935223)
-t 3 -c 26.2144 -g 0.02222 -r 0 (89.88195615514334, 0.22765598650927488, 0.7004809181206446)
-t 3 -c 104.8576 -g 0.02222 -r 0 (88.53288364249579, 0.2563237774030354, 0.6652326712784534)
-t 3 -c 419.4304 -g 0.02222 -r 0 (88.70151770657672, 0.26981450252951095, 0.6514602005017592)
-t 3 -c 1677.7216 -g 0.02222 -r 0 (88.61720067453625, 0.25295109612141653, 0.6709879616119707)
-t 3 -c 0.0001 -g 0.04444 -r 0 (50.843170320404724, 1.2580101180438448, nan)
-t 3 -c 0.0004 -g 0.04444 -r 0 (50.843170320404724, 1.2580101180438448, nan)
-t 3 -c 0.0016 -g 0.04444 -r 0 (50.843170320404724, 1.2580101180438448, nan)
-t 3 -c 0.0064 -g 0.04444 -r 0 (50.843170320404724, 1.2580101180438448, nan)
-t 3 -c 0.0256 -g 0.04444 -r 0 (54.806070826306915, 1.218381112984823, 0.003772192652096172)
-t 3 -c 0.1024 -g 0.04444 -r 0 (92.4114671163575, 0.15682967959527824, 0.7876596598229242)
-t 3 -c 0.4096 -g 0.04444 -r 0 (92.32715008431703, 0.1551433389544688, 0.7894775386870725)
-t 3 -c 1.6384 -g 0.04444 -r 0 (89.96627318718382, 0.2166947723440135, 0.7140237054984234)
-t 3 -c 6.5536 -g 0.04444 -r 0 (88.11129848229342, 0.28330522765598654, 0.6349955641539989)
-t 3 -c 26.2144 -g 0.04444 -r 0 (87.18381112984822, 0.2799325463743676, 0.6399855643093433)
-t 3 -c 104.8576 -g 0.04444 -r 0 (86.25632377740304, 0.3246205733558179, 0.5901950251323332)
-t 3 -c 419.4304 -g 0.04444 -r 0 (87.43676222596964, 0.28499156829679595, 0.6342364536651396)
-t 3 -c 1677.7216 -g 0.04444 -r 0 (87.2681281618887, 0.2866779089376054, 0.6347583121553412)
-t 3 -c 0.0001 -g 0.00069 -r 1 (50.843170320404724, 1.2580101180438448, nan)
-t 3 -c 0.0004 -g 0.00069 -r 1 (50.843170320404724, 1.2580101180438448, nan)
-t 3 -c 0.0016 -g 0.00069 -r 1 (50.843170320404724, 1.2580101180438448, nan)
-t 3 -c 0.0064 -g 0.00069 -r 1 (50.843170320404724, 1.2580101180438448, nan)
-t 3 -c 0.0256 -g 0.00069 -r 1 (50.843170320404724, 1.2580101180438448, nan)
-t 3 -c 0.1024 -g 0.00069 -r 1 (50.843170320404724, 1.2580101180438448, nan)
-t 3 -c 0.4096 -g 0.00069 -r 1 (50.843170320404724, 1.2580101180438448, nan)
-t 3 -c 1.6384 -g 0.00069 -r 1 (50.843170320404724, 1.2580101180438448, nan)
-t 3 -c 6.5536 -g 0.00069 -r 1 (90.38785834738617, 0.20741989881956155, 0.7253107668313826)
-t 3 -c 26.2144 -g 0.00069 -r 1 (94.18212478920742, 0.12647554806070826, 0.8280887111567111)
-t 3 -c 104.8576 -g 0.00069 -r 1 (94.8566610455312, 0.1045531197301855, 0.8573243326930514)
-t 3 -c 419.4304 -g 0.00069 -r 1 (95.36256323777403, 0.08684654300168634, 0.8808748045376757)
-t 3 -c 1677.7216 -g 0.00069 -r 1 (94.18212478920742, 0.11888701517706576, 0.8376016397303561)
-t 3 -c 0.0001 -g 0.00139 -r 1 (50.843170320404724, 1.2580101180438448, nan)
-t 3 -c 0.0004 -g 0.00139 -r 1 (50.843170320404724, 1.2580101180438448, nan)
-t 3 -c 0.0016 -g 0.00139 -r 1 (50.843170320404724, 1.2580101180438448, nan)
-t 3 -c 0.0064 -g 0.00139 -r 1 (50.843170320404724, 1.2580101180438448, nan)
-t 3 -c 0.0256 -g 0.00139 -r 1 (50.843170320404724, 1.2580101180438448, nan)
-t 3 -c 0.1024 -g 0.00139 -r 1 (50.843170320404724, 1.2580101180438448, nan)
-t 3 -c 0.4096 -g 0.00139 -r 1 (50.843170320404724, 1.2580101180438448, nan)
-t 3 -c 1.6384 -g 0.00139 -r 1 (65.68296795952783, 1.0008431703204048, 0.08684073753635366)
-t 3 -c 6.5536 -g 0.00139 -r 1 (93.17032040472175, 0.1391231028667791, 0.8116086587045955)
-t 3 -c 26.2144 -g 0.00139 -r 1 (94.43507588532884, 0.11129848229342328, 0.8483509680453484)
-t 3 -c 104.8576 -g 0.00139 -r 1 (94.77234401349072, 0.10286677908937605, 0.86034511529049)
-t 3 -c 419.4304 -g 0.00139 -r 1 (93.76053962900505, 0.13069139966273188, 0.8225644873111878)
-t 3 -c 1677.7216 -g 0.00139 -r 1 (92.58010118043845, 0.14502529510961215, 0.8041309994977731)
-t 3 -c 0.0001 -g 0.00278 -r 1 (50.843170320404724, 1.2580101180438448, nan)
-t 3 -c 0.0004 -g 0.00278 -r 1 (50.843170320404724, 1.2580101180438448, nan)
-t 3 -c 0.0016 -g 0.00278 -r 1 (50.843170320404724, 1.2580101180438448, nan)
-t 3 -c 0.0064 -g 0.00278 -r 1 (50.843170320404724, 1.2580101180438448, nan)
-t 3 -c 0.0256 -g 0.00278 -r 1 (50.843170320404724, 1.2580101180438448, nan)
-t 3 -c 0.1024 -g 0.00278 -r 1 (50.843170320404724, 1.2580101180438448, nan)
-t 3 -c 0.4096 -g 0.00278 -r 1 (50.843170320404724, 1.2580101180438448, nan)
-t 3 -c 1.6384 -g 0.00278 -r 1 (90.3035413153457, 0.20826306913996628, 0.724650985659631)
-t 3 -c 6.5536 -g 0.00278 -r 1 (94.18212478920742, 0.12647554806070826, 0.8278881658156566)
-t 3 -c 26.2144 -g 0.00278 -r 1 (94.77234401349072, 0.10792580101180438, 0.8529434027403772)
-t 3 -c 104.8576 -g 0.00278 -r 1 (94.8566610455312, 0.10202360876897133, 0.859920716483256)
-t 3 -c 419.4304 -g 0.00278 -r 1 (92.58010118043845, 0.15261382799325462, 0.7947349171103436)
-t 3 -c 1677.7216 -g 0.00278 -r 1 (91.39966273187184, 0.18718381112984822, 0.7500750996618829)
-t 3 -c 0.0001 -g 0.00556 -r 1 (50.843170320404724, 1.2580101180438448, nan)
-t 3 -c 0.0004 -g 0.00556 -r 1 (50.843170320404724, 1.2580101180438448, nan)
-t 3 -c 0.0016 -g 0.00556 -r 1 (50.843170320404724, 1.2580101180438448, nan)
-t 3 -c 0.0064 -g 0.00556 -r 1 (50.843170320404724, 1.2580101180438448, nan)
-t 3 -c 0.0256 -g 0.00556 -r 1 (50.843170320404724, 1.2580101180438448, nan)
-t 3 -c 0.1024 -g 0.00556 -r 1 (50.843170320404724, 1.2580101180438448, nan)
-t 3 -c 0.4096 -g 0.00556 -r 1 (60.286677908937605, 1.1382799325463744, 0.02235197623403229)
-t 3 -c 1.6384 -g 0.00556 -r 1 (93.08600337268128, 0.1399662731871838, 0.8104778955034709)
-t 3 -c 6.5536 -g 0.00556 -r 1 (93.929173693086, 0.12141652613827993, 0.8347875823261537)
-t 3 -c 26.2144 -g 0.00556 -r 1 (94.18212478920742, 0.12647554806070826, 0.8285372453737555)
-t 3 -c 104.8576 -g 0.00556 -r 1 (93.76053962900505, 0.13322091062394603, 0.8204186640723324)
-t 3 -c 419.4304 -g 0.00556 -r 1 (91.56829679595278, 0.19308600337268128, 0.7426018122504155)
-t 3 -c 1677.7216 -g 0.00556 -r 1 (88.7858347386172, 0.23861720067453626, 0.6874661953890362)
-t 3 -c 0.0001 -g 0.01111 -r 1 (50.843170320404724, 1.2580101180438448, nan)
-t 3 -c 0.0004 -g 0.01111 -r 1 (50.843170320404724, 1.2580101180438448, nan)
-t 3 -c 0.0016 -g 0.01111 -r 1 (50.843170320404724, 1.2580101180438448, nan)
-t 3 -c 0.0064 -g 0.01111 -r 1 (50.843170320404724, 1.2580101180438448, nan)
-t 3 -c 0.0256 -g 0.01111 -r 1 (50.843170320404724, 1.2580101180438448, nan)
-t 3 -c 0.1024 -g 0.01111 -r 1 (50.843170320404724, 1.2580101180438448, nan)
-t 3 -c 0.4096 -g 0.01111 -r 1 (88.27993254637437, 0.2765598650927487, 0.646764289854504)
-t 3 -c 1.6384 -g 0.01111 -r 1 (93.42327150084317, 0.13406408094435077, 0.8183017007139427)
-t 3 -c 6.5536 -g 0.01111 -r 1 (94.2664418212479, 0.11298482293423272, 0.8453191271198718)
-t 3 -c 26.2144 -g 0.01111 -r 1 (92.24283305227657, 0.1711635750421585, 0.7705271556506439)
-t 3 -c 104.8576 -g 0.01111 -r 1 (90.72512647554807, 0.21416526138279932, 0.7153074271101183)
-t 3 -c 419.4304 -g 0.01111 -r 1 (89.88195615514334, 0.2175379426644182, 0.7150162373437635)
-t 3 -c 1677.7216 -g 0.01111 -r 1 (88.87015177065767, 0.25295109612141653, 0.6712212343451479)
-t 3 -c 0.0001 -g 0.02222 -r 1 (50.843170320404724, 1.2580101180438448, nan)
-t 3 -c 0.0004 -g 0.02222 -r 1 (50.843170320404724, 1.2580101180438448, nan)
-t 3 -c 0.0016 -g 0.02222 -r 1 (50.843170320404724, 1.2580101180438448, nan)
-t 3 -c 0.0064 -g 0.02222 -r 1 (50.843170320404724, 1.2580101180438448, nan)
-t 3 -c 0.0256 -g 0.02222 -r 1 (50.843170320404724, 1.2580101180438448, nan)
-t 3 -c 0.1024 -g 0.02222 -r 1 (50.843170320404724, 1.2580101180438448, nan)
-t 3 -c 0.4096 -g 0.02222 -r 1 (91.73693086003372, 0.16863406408094436, 0.7722751870399859)
-t 3 -c 1.6384 -g 0.02222 -r 1 (93.25463743676222, 0.13827993254637436, 0.8117359900524311)
-t 3 -c 6.5536 -g 0.02222 -r 1 (91.73693086003372, 0.1736930860033727, 0.766847843074815)
-t 3 -c 26.2144 -g 0.02222 -r 1 (88.27993254637437, 0.2563237774030354, 0.6673288928230718)
-t 3 -c 104.8576 -g 0.02222 -r 1 (88.1956155143339, 0.2723440134907251, 0.6487040208996144)
-t 3 -c 419.4304 -g 0.02222 -r 1 (89.20741989881957, 0.2166947723440135, 0.7130972347499466)
-t 3 -c 1677.7216 -g 0.02222 -r 1 (85.49747048903879, 0.357504215851602, 0.5510882857640297)
-t 3 -c 0.0001 -g 0.04444 -r 1 (50.843170320404724, 1.2580101180438448, nan)
-t 3 -c 0.0004 -g 0.04444 -r 1 (50.843170320404724, 1.2580101180438448, nan)
-t 3 -c 0.0016 -g 0.04444 -r 1 (50.843170320404724, 1.2580101180438448, nan)
-t 3 -c 0.0064 -g 0.04444 -r 1 (50.843170320404724, 1.2580101180438448, nan)
-t 3 -c 0.0256 -g 0.04444 -r 1 (50.843170320404724, 1.2580101180438448, nan)
-t 3 -c 0.1024 -g 0.04444 -r 1 (51.011804384485664, 1.2563237774030354, 0.00015441803589482246)
-t 3 -c 0.4096 -g 0.04444 -r 1 (91.39966273187184, 0.16188870151770657, 0.7800514791377788)
-t 3 -c 1.6384 -g 0.04444 -r 1 (91.48397976391232, 0.17622259696458684, 0.7626810530943358)
-t 3 -c 6.5536 -g 0.04444 -r 1 (87.77403035413154, 0.2866779089376054, 0.6332317152370525)
-t 3 -c 26.2144 -g 0.04444 -r 1 (87.01517706576729, 0.30185497470489037, 0.6131395617473283)
-t 3 -c 104.8576 -g 0.04444 -r 1 (85.49747048903879, 0.357504215851602, 0.5514453036810039)
-t 3 -c 419.4304 -g 0.04444 -r 1 (85.49747048903879, 0.342327150084317, 0.5674484334763343)
-t 3 -c 1677.7216 -g 0.04444 -r 1 (84.99156829679595, 0.3448566610455312, 0.5725617646755284)
-t 3 -c 0.0001 -g 0.00069 -r 2 (50.843170320404724, 1.2580101180438448, nan)
-t 3 -c 0.0004 -g 0.00069 -r 2 (50.843170320404724, 1.2580101180438448, nan)
-t 3 -c 0.0016 -g 0.00069 -r 2 (50.843170320404724, 1.2580101180438448, nan)
-t 3 -c 0.0064 -g 0.00069 -r 2 (50.843170320404724, 1.2580101180438448, nan)
-t 3 -c 0.0256 -g 0.00069 -r 2 (50.843170320404724, 1.2580101180438448, nan)
-t 3 -c 0.1024 -g 0.00069 -r 2 (50.843170320404724, 1.2580101180438448, nan)
-t 3 -c 0.4096 -g 0.00069 -r 2 (50.843170320404724, 1.2580101180438448, nan)
-t 3 -c 1.6384 -g 0.00069 -r 2 (50.843170320404724, 1.2580101180438448, nan)
-t 3 -c 6.5536 -g 0.00069 -r 2 (50.843170320404724, 1.2580101180438448, nan)
-t 3 -c 26.2144 -g 0.00069 -r 2 (82.54637436762226, 0.47554806070826305, 0.4564806708685104)
-t 3 -c 104.8576 -g 0.00069 -r 2 (93.42327150084317, 0.13659359190556492, 0.8152330651662656)
-t 3 -c 419.4304 -g 0.00069 -r 2 (94.68802698145025, 0.1087689713322091, 0.8518547113160242)
-t 3 -c 1677.7216 -g 0.00069 -r 2 (95.27824620573355, 0.09527824620573355, 0.8703175462590468)
-t 3 -c 0.0001 -g 0.00139 -r 2 (50.843170320404724, 1.2580101180438448, nan)
-t 3 -c 0.0004 -g 0.00139 -r 2 (50.843170320404724, 1.2580101180438448, nan)
-t 3 -c 0.0016 -g 0.00139 -r 2 (50.843170320404724, 1.2580101180438448, nan)
-t 3 -c 0.0064 -g 0.00139 -r 2 (50.843170320404724, 1.2580101180438448, nan)
-t 3 -c 0.0256 -g 0.00139 -r 2 (50.843170320404724, 1.2580101180438448, nan)
-t 3 -c 0.1024 -g 0.00139 -r 2 (50.843170320404724, 1.2580101180438448, nan)
-t 3 -c 0.4096 -g 0.00139 -r 2 (50.843170320404724, 1.2580101180438448, nan)
-t 3 -c 1.6384 -g 0.00139 -r 2 (50.843170320404724, 1.2580101180438448, nan)
-t 3 -c 6.5536 -g 0.00139 -r 2 (50.843170320404724, 1.2580101180438448, nan)
-t 3 -c 26.2144 -g 0.00139 -r 2 (91.31534569983137, 0.18043844856661045, 0.7587082990275021)
-t 3 -c 104.8576 -g 0.00139 -r 2 (94.5193929173693, 0.11551433389544688, 0.8423497272129402)
-t 3 -c 419.4304 -g 0.00139 -r 2 (94.68802698145025, 0.1087689713322091, 0.8522599393909933)
-t 3 -c 1677.7216 -g 0.00139 -r 2 (94.77234401349072, 0.10033726812816189, 0.8629369267473517)
-t 3 -c 0.0001 -g 0.00278 -r 2 (50.843170320404724, 1.2580101180438448, nan)
-t 3 -c 0.0004 -g 0.00278 -r 2 (50.843170320404724, 1.2580101180438448, nan)
-t 3 -c 0.0016 -g 0.00278 -r 2 (50.843170320404724, 1.2580101180438448, nan)
-t 3 -c 0.0064 -g 0.00278 -r 2 (50.843170320404724, 1.2580101180438448, nan)
-t 3 -c 0.0256 -g 0.00278 -r 2 (50.843170320404724, 1.2580101180438448, nan)
-t 3 -c 0.1024 -g 0.00278 -r 2 (50.843170320404724, 1.2580101180438448, nan)
-t 3 -c 0.4096 -g 0.00278 -r 2 (50.843170320404724, 1.2580101180438448, nan)
-t 3 -c 1.6384 -g 0.00278 -r 2 (50.843170320404724, 1.2580101180438448, nan)
-t 3 -c 6.5536 -g 0.00278 -r 2 (81.19730185497471, 0.5370994940978078, 0.4035120077816728)
-t 3 -c 26.2144 -g 0.00278 -r 2 (93.42327150084317, 0.1391231028667791, 0.8120777774713207)
-t 3 -c 104.8576 -g 0.00278 -r 2 (94.60370994940978, 0.1045531197301855, 0.8570661899423168)
-t 3 -c 419.4304 -g 0.00278 -r 2 (94.77234401349072, 0.10539629005059022, 0.8565577696058182)
-t 3 -c 1677.7216 -g 0.00278 -r 2 (93.76053962900505, 0.13069139966273188, 0.8226680648173118)
-t 3 -c 0.0001 -g 0.00556 -r 2 (50.843170320404724, 1.2580101180438448, nan)
-t 3 -c 0.0004 -g 0.00556 -r 2 (50.843170320404724, 1.2580101180438448, nan)
-t 3 -c 0.0016 -g 0.00556 -r 2 (50.843170320404724, 1.2580101180438448, nan)
-t 3 -c 0.0064 -g 0.00556 -r 2 (50.843170320404724, 1.2580101180438448, nan)
-t 3 -c 0.0256 -g 0.00556 -r 2 (50.843170320404724, 1.2580101180438448, nan)
-t 3 -c 0.1024 -g 0.00556 -r 2 (50.843170320404724, 1.2580101180438448, nan)
-t 3 -c 0.4096 -g 0.00556 -r 2 (50.843170320404724, 1.2580101180438448, nan)
-t 3 -c 1.6384 -g 0.00556 -r 2 (50.843170320404724, 1.2580101180438448, nan)
-t 3 -c 6.5536 -g 0.00556 -r 2 (91.14671163575042, 0.18718381112984822, 0.7501961750106233)
-t 3 -c 26.2144 -g 0.00556 -r 2 (94.01349072512647, 0.1281618887015177, 0.8250061557721093)
-t 3 -c 104.8576 -g 0.00556 -r 2 (94.60370994940978, 0.10708263069139966, 0.8536260965252145)
-t 3 -c 419.4304 -g 0.00556 -r 2 (94.09780775716695, 0.12225969645868466, 0.8336928787094815)
-t 3 -c 1677.7216 -g 0.00556 -r 2 (91.65261382799325, 0.1745362563237774, 0.765681107644336)
-t 3 -c 0.0001 -g 0.01111 -r 2 (50.843170320404724, 1.2580101180438448, nan)
-t 3 -c 0.0004 -g 0.01111 -r 2 (50.843170320404724, 1.2580101180438448, nan)
-t 3 -c 0.0016 -g 0.01111 -r 2 (50.843170320404724, 1.2580101180438448, nan)
-t 3 -c 0.0064 -g 0.01111 -r 2 (50.843170320404724, 1.2580101180438448, nan)
-t 3 -c 0.0256 -g 0.01111 -r 2 (50.843170320404724, 1.2580101180438448, nan)
-t 3 -c 0.1024 -g 0.01111 -r 2 (50.843170320404724, 1.2580101180438448, nan)
-t 3 -c 0.4096 -g 0.01111 -r 2 (50.843170320404724, 1.2580101180438448, nan)
-t 3 -c 1.6384 -g 0.01111 -r 2 (66.69477234401349, 0.9907251264755481, 0.08758700446908904)
-t 3 -c 6.5536 -g 0.01111 -r 2 (92.7487352445194, 0.15092748735244518, 0.796326955759645)
-t 3 -c 26.2144 -g 0.01111 -r 2 (93.3389544688027, 0.13490725126475547, 0.8170975405756593)
-t 3 -c 104.8576 -g 0.01111 -r 2 (92.83305227655987, 0.15261382799325462, 0.79378647584845)
-t 3 -c 419.4304 -g 0.01111 -r 2 (91.2310286677909, 0.19392917369308602, 0.7414576953780091)
-t 3 -c 1677.7216 -g 0.01111 -r 2 (90.38785834738617, 0.2175379426644182, 0.7107835903649553)
-t 3 -c 0.0001 -g 0.02222 -r 2 (50.843170320404724, 1.2580101180438448, nan)
-t 3 -c 0.0004 -g 0.02222 -r 2 (50.843170320404724, 1.2580101180438448, nan)
-t 3 -c 0.0016 -g 0.02222 -r 2 (50.843170320404724, 1.2580101180438448, nan)
-t 3 -c 0.0064 -g 0.02222 -r 2 (50.843170320404724, 1.2580101180438448, nan)
-t 3 -c 0.0256 -g 0.02222 -r 2 (50.843170320404724, 1.2580101180438448, nan)
-t 3 -c 0.1024 -g 0.02222 -r 2 (50.843170320404724, 1.2580101180438448, nan)
-t 3 -c 0.4096 -g 0.02222 -r 2 (50.843170320404724, 1.2580101180438448, nan)
-t 3 -c 1.6384 -g 0.02222 -r 2 (86.84654300168634, 0.3440134907251265, 0.5742816738414526)
-t 3 -c 6.5536 -g 0.02222 -r 2 (92.91736930860034, 0.13659359190556492, 0.8146762872616646)
-t 3 -c 26.2144 -g 0.02222 -r 2 (92.24283305227657, 0.15598650927487354, 0.7898066029524122)
-t 3 -c 104.8576 -g 0.02222 -r 2 (89.03878583473862, 0.2487352445193929, 0.6761382676858116)
-t 3 -c 419.4304 -g 0.02222 -r 2 (90.47217537942664, 0.20657672849915684, 0.7267066029696826)
-t 3 -c 1677.7216 -g 0.02222 -r 2 (88.87015177065767, 0.2175379426644182, 0.7139839850366192)
-t 3 -c 0.0001 -g 0.04444 -r 2 (50.843170320404724, 1.2580101180438448, nan)
-t 3 -c 0.0004 -g 0.04444 -r 2 (50.843170320404724, 1.2580101180438448, nan)
-t 3 -c 0.0016 -g 0.04444 -r 2 (50.843170320404724, 1.2580101180438448, nan)
-t 3 -c 0.0064 -g 0.04444 -r 2 (50.843170320404724, 1.2580101180438448, nan)
-t 3 -c 0.0256 -g 0.04444 -r 2 (50.843170320404724, 1.2580101180438448, nan)
-t 3 -c 0.1024 -g 0.04444 -r 2 (50.843170320404724, 1.2580101180438448, nan)
-t 3 -c 0.4096 -g 0.04444 -r 2 (50.843170320404724, 1.2580101180438448, nan)
-t 3 -c 1.6384 -g 0.04444 -r 2 (88.1956155143339, 0.2799325463743676, 0.6364803403124771)
-t 3 -c 6.5536 -g 0.04444 -r 2 (91.8212478920742, 0.16020236087689713, 0.7833018651838283)
-t 3 -c 26.2144 -g 0.04444 -r 2 (89.3760539629005, 0.2251264755480607, 0.7030245745154234)
-t 3 -c 104.8576 -g 0.04444 -r 2 (86.76222596964587, 0.30438448566610454, 0.6134836311241976)
-t 3 -c 419.4304 -g 0.04444 -r 2 (85.7504215851602, 0.3069139966273187, 0.6091565502765898)
-t 3 -c 1677.7216 -g 0.04444 -r 2 (84.56998313659359, 0.3591905564924115, 0.5515542994916663)
