0.001 constant (100, 20) tanh sgd
             precision    recall  f1-score   support

       -1.0       0.89      0.92      0.90     12435
        1.0       0.71      0.61      0.66      3846

avg / total       0.84      0.85      0.85     16281

0.001 constant (200, 50) tanh sgd
             precision    recall  f1-score   support

       -1.0       0.88      0.93      0.90     12435
        1.0       0.72      0.60      0.66      3846

avg / total       0.84      0.85      0.85     16281

0.001 constant (200, 300, 100) tanh sgd
             precision    recall  f1-score   support

       -1.0       0.88      0.93      0.91     12435
        1.0       0.73      0.59      0.65      3846

avg / total       0.84      0.85      0.85     16281

0.001 constant (400, 100, 40) tanh sgd
             precision    recall  f1-score   support

       -1.0       0.88      0.93      0.90     12435
        1.0       0.72      0.60      0.66      3846

avg / total       0.84      0.85      0.85     16281

0.001 constant (400, 200, 100) tanh sgd
             precision    recall  f1-score   support

       -1.0       0.88      0.93      0.90     12435
        1.0       0.72      0.61      0.66      3846

avg / total       0.85      0.85      0.85     16281

0.001 constant (400, 200, 100, 30) tanh sgd
             precision    recall  f1-score   support

       -1.0       0.89      0.92      0.90     12435
        1.0       0.71      0.61      0.66      3846

avg / total       0.84      0.85      0.85     16281

0.001 constant (200, 400, 100, 30) tanh sgd
             precision    recall  f1-score   support

       -1.0       0.88      0.93      0.90     12435
        1.0       0.72      0.61      0.66      3846

avg / total       0.85      0.85      0.85     16281

0.001 constant (100, 20) tanh adam
             precision    recall  f1-score   support

       -1.0       0.88      0.88      0.88     12435
        1.0       0.62      0.62      0.62      3846

avg / total       0.82      0.82      0.82     16281

0.001 constant (200, 50) tanh adam
             precision    recall  f1-score   support

       -1.0       0.88      0.87      0.88     12435
        1.0       0.60      0.60      0.60      3846

avg / total       0.81      0.81      0.81     16281

0.001 constant (200, 300, 100) tanh adam
             precision    recall  f1-score   support

       -1.0       0.87      0.90      0.88     12435
        1.0       0.63      0.56      0.59      3846

avg / total       0.81      0.82      0.82     16281

0.001 constant (400, 100, 40) tanh adam
             precision    recall  f1-score   support

       -1.0       0.87      0.90      0.89     12435
        1.0       0.64      0.56      0.60      3846

avg / total       0.82      0.82      0.82     16281

0.001 constant (400, 200, 100) tanh adam
             precision    recall  f1-score   support

       -1.0       0.87      0.89      0.88     12435
        1.0       0.62      0.58      0.60      3846

avg / total       0.81      0.82      0.82     16281

0.001 constant (400, 200, 100, 30) tanh adam
             precision    recall  f1-score   support

       -1.0       0.86      0.90      0.88     12435
        1.0       0.63      0.54      0.58      3846

avg / total       0.81      0.82      0.81     16281

0.001 constant (200, 400, 100, 30) tanh adam
             precision    recall  f1-score   support

       -1.0       0.88      0.89      0.88     12435
        1.0       0.63      0.61      0.62      3846

avg / total       0.82      0.82      0.82     16281

