0.001 constant (100, 20) logistic lbfgs
             precision    recall  f1-score   support

       -1.0       0.88      0.92      0.90     12435
        1.0       0.70      0.61      0.65      3846

avg / total       0.84      0.85      0.84     16281

0.001 constant (200, 50) logistic lbfgs
             precision    recall  f1-score   support

       -1.0       0.88      0.92      0.90     12435
        1.0       0.71      0.60      0.65      3846

avg / total       0.84      0.85      0.84     16281

0.001 constant (200, 300, 100) logistic lbfgs
             precision    recall  f1-score   support

       -1.0       0.88      0.93      0.90     12435
        1.0       0.72      0.60      0.66      3846

avg / total       0.84      0.85      0.85     16281

0.001 constant (400, 100, 40) logistic lbfgs
             precision    recall  f1-score   support

       -1.0       0.88      0.93      0.90     12435
        1.0       0.72      0.60      0.65      3846

avg / total       0.84      0.85      0.84     16281

0.001 constant (400, 200, 100) logistic lbfgs
             precision    recall  f1-score   support

       -1.0       0.88      0.93      0.91     12435
        1.0       0.72      0.60      0.66      3846

avg / total       0.85      0.85      0.85     16281

0.001 constant (400, 200, 100, 30) logistic lbfgs
             precision    recall  f1-score   support

       -1.0       0.76      1.00      0.87     12435
        1.0       0.00      0.00      0.00      3846

avg / total       0.58      0.76      0.66     16281

0.001 constant (200, 400, 100, 30) logistic lbfgs
             precision    recall  f1-score   support

       -1.0       0.76      1.00      0.87     12435
        1.0       0.00      0.00      0.00      3846

avg / total       0.58      0.76      0.66     16281

0.001 constant (100, 20) logistic sgd
             precision    recall  f1-score   support

       -1.0       0.88      0.92      0.90     12435
        1.0       0.71      0.61      0.66      3846

avg / total       0.84      0.85      0.85     16281

0.001 constant (200, 50) logistic sgd
             precision    recall  f1-score   support

       -1.0       0.88      0.93      0.90     12435
        1.0       0.72      0.59      0.65      3846

avg / total       0.84      0.85      0.84     16281

