-t 0 -c 0.0001 -g 0.00102 -r 0 (76.3773723972729, 0.9449051041090842, nan)
-t 0 -c 0.0001 -g 0.00102 -r 1 (76.3773723972729, 0.9449051041090842, nan)
-t 0 -c 0.0001 -g 0.00102 -r 2 (76.3773723972729, 0.9449051041090842, nan)
-t 0 -c 0.0001 -g 0.00203 -r 0 (76.3773723972729, 0.9449051041090842, nan)
-t 0 -c 0.0001 -g 0.00203 -r 1 (76.3773723972729, 0.9449051041090842, nan)
-t 0 -c 0.0001 -g 0.00203 -r 2 (76.3773723972729, 0.9449051041090842, nan)
-t 0 -c 0.0001 -g 0.00407 -r 0 (76.3773723972729, 0.9449051041090842, nan)
-t 0 -c 0.0001 -g 0.00407 -r 1 (76.3773723972729, 0.9449051041090842, nan)
-t 0 -c 0.0001 -g 0.00407 -r 2 (76.3773723972729, 0.9449051041090842, nan)
-t 0 -c 0.0001 -g 0.00813 -r 0 (76.3773723972729, 0.9449051041090842, nan)
-t 0 -c 0.0001 -g 0.00813 -r 1 (76.3773723972729, 0.9449051041090842, nan)
-t 0 -c 0.0001 -g 0.00813 -r 2 (76.3773723972729, 0.9449051041090842, nan)
-t 0 -c 0.0001 -g 0.01626 -r 0 (76.3773723972729, 0.9449051041090842, nan)
-t 0 -c 0.0001 -g 0.01626 -r 1 (76.3773723972729, 0.9449051041090842, nan)
-t 0 -c 0.0001 -g 0.01626 -r 2 (76.3773723972729, 0.9449051041090842, nan)
-t 0 -c 0.0001 -g 0.03252 -r 0 (76.3773723972729, 0.9449051041090842, nan)
-t 0 -c 0.0001 -g 0.03252 -r 1 (76.3773723972729, 0.9449051041090842, nan)
-t 0 -c 0.0001 -g 0.03252 -r 2 (76.3773723972729, 0.9449051041090842, nan)
-t 0 -c 0.0001 -g 0.06504 -r 0 (76.3773723972729, 0.9449051041090842, nan)
-t 0 -c 0.0001 -g 0.06504 -r 1 (76.3773723972729, 0.9449051041090842, nan)
-t 0 -c 0.0001 -g 0.06504 -r 2 (76.3773723972729, 0.9449051041090842, nan)
-t 0 -c 0.0004 -g 0.00102 -r 0 (82.27381610466188, 0.709047355813525, 0.19167997126710457)
-t 0 -c 0.0004 -g 0.00102 -r 1 (82.27381610466188, 0.709047355813525, 0.19167997126710457)
-t 0 -c 0.0004 -g 0.00102 -r 2 (82.27381610466188, 0.709047355813525, 0.19167997126710457)
-t 0 -c 0.0004 -g 0.00203 -r 0 (82.27381610466188, 0.709047355813525, 0.19167997126710457)
-t 0 -c 0.0004 -g 0.00203 -r 1 (82.27381610466188, 0.709047355813525, 0.19167997126710457)
-t 0 -c 0.0004 -g 0.00203 -r 2 (82.27381610466188, 0.709047355813525, 0.19167997126710457)
-t 0 -c 0.0004 -g 0.00407 -r 0 (82.27381610466188, 0.709047355813525, 0.19167997126710457)
-t 0 -c 0.0004 -g 0.00407 -r 1 (82.27381610466188, 0.709047355813525, 0.19167997126710457)
-t 0 -c 0.0004 -g 0.00407 -r 2 (82.27381610466188, 0.709047355813525, 0.19167997126710457)
-t 0 -c 0.0004 -g 0.00813 -r 0 (82.27381610466188, 0.709047355813525, 0.19167997126710457)
-t 0 -c 0.0004 -g 0.00813 -r 1 (82.27381610466188, 0.709047355813525, 0.19167997126710457)
-t 0 -c 0.0004 -g 0.00813 -r 2 (82.27381610466188, 0.709047355813525, 0.19167997126710457)
-t 0 -c 0.0004 -g 0.01626 -r 0 (82.27381610466188, 0.709047355813525, 0.19167997126710457)
-t 0 -c 0.0004 -g 0.01626 -r 1 (82.27381610466188, 0.709047355813525, 0.19167997126710457)
-t 0 -c 0.0004 -g 0.01626 -r 2 (82.27381610466188, 0.709047355813525, 0.19167997126710457)
-t 0 -c 0.0004 -g 0.03252 -r 0 (82.27381610466188, 0.709047355813525, 0.19167997126710457)
-t 0 -c 0.0004 -g 0.03252 -r 1 (82.27381610466188, 0.709047355813525, 0.19167997126710457)
-t 0 -c 0.0004 -g 0.03252 -r 2 (82.27381610466188, 0.709047355813525, 0.19167997126710457)
-t 0 -c 0.0004 -g 0.06504 -r 0 (82.27381610466188, 0.709047355813525, 0.19167997126710457)
-t 0 -c 0.0004 -g 0.06504 -r 1 (82.27381610466188, 0.709047355813525, 0.19167997126710457)
-t 0 -c 0.0004 -g 0.06504 -r 2 (82.27381610466188, 0.709047355813525, 0.19167997126710457)
-t 0 -c 0.0016 -g 0.00102 -r 0 (84.24543946932006, 0.6301824212271974, 0.27421722947991384)
-t 0 -c 0.0016 -g 0.00102 -r 1 (84.24543946932006, 0.6301824212271974, 0.27421722947991384)
-t 0 -c 0.0016 -g 0.00102 -r 2 (84.24543946932006, 0.6301824212271974, 0.27421722947991384)
-t 0 -c 0.0016 -g 0.00203 -r 0 (84.24543946932006, 0.6301824212271974, 0.27421722947991384)
-t 0 -c 0.0016 -g 0.00203 -r 1 (84.24543946932006, 0.6301824212271974, 0.27421722947991384)
-t 0 -c 0.0016 -g 0.00203 -r 2 (84.24543946932006, 0.6301824212271974, 0.27421722947991384)
-t 0 -c 0.0016 -g 0.00407 -r 0 (84.24543946932006, 0.6301824212271974, 0.27421722947991384)
-t 0 -c 0.0016 -g 0.00407 -r 1 (84.24543946932006, 0.6301824212271974, 0.27421722947991384)
-t 0 -c 0.0016 -g 0.00407 -r 2 (84.24543946932006, 0.6301824212271974, 0.27421722947991384)
-t 0 -c 0.0016 -g 0.00813 -r 0 (84.24543946932006, 0.6301824212271974, 0.27421722947991384)
-t 0 -c 0.0016 -g 0.00813 -r 1 (84.24543946932006, 0.6301824212271974, 0.27421722947991384)
-t 0 -c 0.0016 -g 0.00813 -r 2 (84.24543946932006, 0.6301824212271974, 0.27421722947991384)
-t 0 -c 0.0016 -g 0.01626 -r 0 (84.24543946932006, 0.6301824212271974, 0.27421722947991384)
-t 0 -c 0.0016 -g 0.01626 -r 1 (84.24543946932006, 0.6301824212271974, 0.27421722947991384)
-t 0 -c 0.0016 -g 0.01626 -r 2 (84.24543946932006, 0.6301824212271974, 0.27421722947991384)
-t 0 -c 0.0016 -g 0.03252 -r 0 (84.24543946932006, 0.6301824212271974, 0.27421722947991384)
-t 0 -c 0.0016 -g 0.03252 -r 1 (84.24543946932006, 0.6301824212271974, 0.27421722947991384)
-t 0 -c 0.0016 -g 0.03252 -r 2 (84.24543946932006, 0.6301824212271974, 0.27421722947991384)
-t 0 -c 0.0016 -g 0.06504 -r 0 (84.24543946932006, 0.6301824212271974, 0.27421722947991384)
-t 0 -c 0.0016 -g 0.06504 -r 1 (84.24543946932006, 0.6301824212271974, 0.27421722947991384)
-t 0 -c 0.0016 -g 0.06504 -r 2 (84.24543946932006, 0.6301824212271974, 0.27421722947991384)
-t 0 -c 0.0064 -g 0.00102 -r 0 (84.88422087095387, 0.6046311651618451, 0.30432290686746216)
-t 0 -c 0.0064 -g 0.00102 -r 1 (84.88422087095387, 0.6046311651618451, 0.30432290686746216)
-t 0 -c 0.0064 -g 0.00102 -r 2 (84.88422087095387, 0.6046311651618451, 0.30432290686746216)
-t 0 -c 0.0064 -g 0.00203 -r 0 (84.88422087095387, 0.6046311651618451, 0.30432290686746216)
-t 0 -c 0.0064 -g 0.00203 -r 1 (84.88422087095387, 0.6046311651618451, 0.30432290686746216)
-t 0 -c 0.0064 -g 0.00203 -r 2 (84.88422087095387, 0.6046311651618451, 0.30432290686746216)
-t 0 -c 0.0064 -g 0.00407 -r 0 (84.88422087095387, 0.6046311651618451, 0.30432290686746216)
-t 0 -c 0.0064 -g 0.00407 -r 1 (84.88422087095387, 0.6046311651618451, 0.30432290686746216)
-t 0 -c 0.0064 -g 0.00407 -r 2 (84.88422087095387, 0.6046311651618451, 0.30432290686746216)
-t 0 -c 0.0064 -g 0.00813 -r 0 (84.88422087095387, 0.6046311651618451, 0.30432290686746216)
-t 0 -c 0.0064 -g 0.00813 -r 1 (84.88422087095387, 0.6046311651618451, 0.30432290686746216)
-t 0 -c 0.0064 -g 0.00813 -r 2 (84.88422087095387, 0.6046311651618451, 0.30432290686746216)
-t 0 -c 0.0064 -g 0.01626 -r 0 (84.88422087095387, 0.6046311651618451, 0.30432290686746216)
-t 0 -c 0.0064 -g 0.01626 -r 1 (84.88422087095387, 0.6046311651618451, 0.30432290686746216)
-t 0 -c 0.0064 -g 0.01626 -r 2 (84.88422087095387, 0.6046311651618451, 0.30432290686746216)
-t 0 -c 0.0064 -g 0.03252 -r 0 (84.88422087095387, 0.6046311651618451, 0.30432290686746216)
-t 0 -c 0.0064 -g 0.03252 -r 1 (84.88422087095387, 0.6046311651618451, 0.30432290686746216)
-t 0 -c 0.0064 -g 0.03252 -r 2 (84.88422087095387, 0.6046311651618451, 0.30432290686746216)
-t 0 -c 0.0064 -g 0.06504 -r 0 (84.88422087095387, 0.6046311651618451, 0.30432290686746216)
-t 0 -c 0.0064 -g 0.06504 -r 1 (84.88422087095387, 0.6046311651618451, 0.30432290686746216)
-t 0 -c 0.0064 -g 0.06504 -r 2 (84.88422087095387, 0.6046311651618451, 0.30432290686746216)
-t 0 -c 0.0256 -g 0.00102 -r 0 (84.93950003071065, 0.6024199987715743, 0.30971128750623)
-t 0 -c 0.0256 -g 0.00102 -r 1 (84.93950003071065, 0.6024199987715743, 0.30971128750623)
-t 0 -c 0.0256 -g 0.00102 -r 2 (84.93950003071065, 0.6024199987715743, 0.30971128750623)
-t 0 -c 0.0256 -g 0.00203 -r 0 (84.93950003071065, 0.6024199987715743, 0.30971128750623)
-t 0 -c 0.0256 -g 0.00203 -r 1 (84.93950003071065, 0.6024199987715743, 0.30971128750623)
-t 0 -c 0.0256 -g 0.00203 -r 2 (84.93950003071065, 0.6024199987715743, 0.30971128750623)
-t 0 -c 0.0256 -g 0.00407 -r 0 (84.93950003071065, 0.6024199987715743, 0.30971128750623)
-t 0 -c 0.0256 -g 0.00407 -r 1 (84.93950003071065, 0.6024199987715743, 0.30971128750623)
-t 0 -c 0.0256 -g 0.00407 -r 2 (84.93950003071065, 0.6024199987715743, 0.30971128750623)
-t 0 -c 0.0256 -g 0.00813 -r 0 (84.93950003071065, 0.6024199987715743, 0.30971128750623)
-t 0 -c 0.0256 -g 0.00813 -r 1 (84.93950003071065, 0.6024199987715743, 0.30971128750623)
-t 0 -c 0.0256 -g 0.00813 -r 2 (84.93950003071065, 0.6024199987715743, 0.30971128750623)
-t 0 -c 0.0256 -g 0.01626 -r 0 (84.93950003071065, 0.6024199987715743, 0.30971128750623)
-t 0 -c 0.0256 -g 0.01626 -r 1 (84.93950003071065, 0.6024199987715743, 0.30971128750623)
-t 0 -c 0.0256 -g 0.01626 -r 2 (84.93950003071065, 0.6024199987715743, 0.30971128750623)
-t 0 -c 0.0256 -g 0.03252 -r 0 (84.93950003071065, 0.6024199987715743, 0.30971128750623)
-t 0 -c 0.0256 -g 0.03252 -r 1 (84.93950003071065, 0.6024199987715743, 0.30971128750623)
-t 0 -c 0.0256 -g 0.03252 -r 2 (84.93950003071065, 0.6024199987715743, 0.30971128750623)
-t 0 -c 0.0256 -g 0.06504 -r 0 (84.93950003071065, 0.6024199987715743, 0.30971128750623)
-t 0 -c 0.0256 -g 0.06504 -r 1 (84.93950003071065, 0.6024199987715743, 0.30971128750623)
-t 0 -c 0.0256 -g 0.06504 -r 2 (84.93950003071065, 0.6024199987715743, 0.30971128750623)
-t 0 -c 0.1024 -g 0.00102 -r 0 (85.01934770591487, 0.5992260917634052, 0.3144204965776658)
-t 0 -c 0.1024 -g 0.00102 -r 1 (85.01934770591487, 0.5992260917634052, 0.3144204965776658)
-t 0 -c 0.1024 -g 0.00102 -r 2 (85.01934770591487, 0.5992260917634052, 0.3144204965776658)
-t 0 -c 0.1024 -g 0.00203 -r 0 (85.01934770591487, 0.5992260917634052, 0.3144204965776658)
-t 0 -c 0.1024 -g 0.00203 -r 1 (85.01934770591487, 0.5992260917634052, 0.3144204965776658)
-t 0 -c 0.1024 -g 0.00203 -r 2 (85.01934770591487, 0.5992260917634052, 0.3144204965776658)
-t 0 -c 0.1024 -g 0.00407 -r 0 (85.01934770591487, 0.5992260917634052, 0.3144204965776658)
-t 0 -c 0.1024 -g 0.00407 -r 1 (85.01934770591487, 0.5992260917634052, 0.3144204965776658)
-t 0 -c 0.1024 -g 0.00407 -r 2 (85.01934770591487, 0.5992260917634052, 0.3144204965776658)
-t 0 -c 0.1024 -g 0.00813 -r 0 (85.01934770591487, 0.5992260917634052, 0.3144204965776658)
-t 0 -c 0.1024 -g 0.00813 -r 1 (85.01934770591487, 0.5992260917634052, 0.3144204965776658)
-t 0 -c 0.1024 -g 0.00813 -r 2 (85.01934770591487, 0.5992260917634052, 0.3144204965776658)
-t 0 -c 0.1024 -g 0.01626 -r 0 (85.01934770591487, 0.5992260917634052, 0.3144204965776658)
-t 0 -c 0.1024 -g 0.01626 -r 1 (85.01934770591487, 0.5992260917634052, 0.3144204965776658)
-t 0 -c 0.1024 -g 0.01626 -r 2 (85.01934770591487, 0.5992260917634052, 0.3144204965776658)
-t 0 -c 0.1024 -g 0.03252 -r 0 (85.01934770591487, 0.5992260917634052, 0.3144204965776658)
-t 0 -c 0.1024 -g 0.03252 -r 1 (85.01934770591487, 0.5992260917634052, 0.3144204965776658)
-t 0 -c 0.1024 -g 0.03252 -r 2 (85.01934770591487, 0.5992260917634052, 0.3144204965776658)
-t 0 -c 0.1024 -g 0.06504 -r 0 (85.01934770591487, 0.5992260917634052, 0.3144204965776658)
-t 0 -c 0.1024 -g 0.06504 -r 1 (85.01934770591487, 0.5992260917634052, 0.3144204965776658)
-t 0 -c 0.1024 -g 0.06504 -r 2 (85.01934770591487, 0.5992260917634052, 0.3144204965776658)
-t 0 -c 0.4096 -g 0.00102 -r 0 (84.97021067501996, 0.6011915729992016, 0.31354366574296066)
-t 0 -c 0.4096 -g 0.00102 -r 1 (84.97021067501996, 0.6011915729992016, 0.31354366574296066)
-t 0 -c 0.4096 -g 0.00102 -r 2 (84.97021067501996, 0.6011915729992016, 0.31354366574296066)
-t 0 -c 0.4096 -g 0.00203 -r 0 (84.97021067501996, 0.6011915729992016, 0.31354366574296066)
-t 0 -c 0.4096 -g 0.00203 -r 1 (84.97021067501996, 0.6011915729992016, 0.31354366574296066)
-t 0 -c 0.4096 -g 0.00203 -r 2 (84.97021067501996, 0.6011915729992016, 0.31354366574296066)
-t 0 -c 0.4096 -g 0.00407 -r 0 (84.97021067501996, 0.6011915729992016, 0.31354366574296066)
-t 0 -c 0.4096 -g 0.00407 -r 1 (84.97021067501996, 0.6011915729992016, 0.31354366574296066)
-t 0 -c 0.4096 -g 0.00407 -r 2 (84.97021067501996, 0.6011915729992016, 0.31354366574296066)
-t 0 -c 0.4096 -g 0.00813 -r 0 (84.97021067501996, 0.6011915729992016, 0.31354366574296066)
-t 0 -c 0.4096 -g 0.00813 -r 1 (84.97021067501996, 0.6011915729992016, 0.31354366574296066)
-t 0 -c 0.4096 -g 0.00813 -r 2 (84.97021067501996, 0.6011915729992016, 0.31354366574296066)
-t 0 -c 0.4096 -g 0.01626 -r 0 (84.97021067501996, 0.6011915729992016, 0.31354366574296066)
-t 0 -c 0.4096 -g 0.01626 -r 1 (84.97021067501996, 0.6011915729992016, 0.31354366574296066)
-t 0 -c 0.4096 -g 0.01626 -r 2 (84.97021067501996, 0.6011915729992016, 0.31354366574296066)
-t 0 -c 0.4096 -g 0.03252 -r 0 (84.97021067501996, 0.6011915729992016, 0.31354366574296066)
-t 0 -c 0.4096 -g 0.03252 -r 1 (84.97021067501996, 0.6011915729992016, 0.31354366574296066)
-t 0 -c 0.4096 -g 0.03252 -r 2 (84.97021067501996, 0.6011915729992016, 0.31354366574296066)
-t 0 -c 0.4096 -g 0.06504 -r 0 (84.97021067501996, 0.6011915729992016, 0.31354366574296066)
-t 0 -c 0.4096 -g 0.06504 -r 1 (84.97021067501996, 0.6011915729992016, 0.31354366574296066)
-t 0 -c 0.4096 -g 0.06504 -r 2 (84.97021067501996, 0.6011915729992016, 0.31354366574296066)
-t 0 -c 1.6384 -g 0.00102 -r 0 (84.97021067501996, 0.6011915729992016, 0.3136082822402926)
-t 0 -c 1.6384 -g 0.00102 -r 1 (84.97021067501996, 0.6011915729992016, 0.3136082822402926)
-t 0 -c 1.6384 -g 0.00102 -r 2 (84.97021067501996, 0.6011915729992016, 0.3136082822402926)
-t 0 -c 1.6384 -g 0.00203 -r 0 (84.97021067501996, 0.6011915729992016, 0.3136082822402926)
-t 0 -c 1.6384 -g 0.00203 -r 1 (84.97021067501996, 0.6011915729992016, 0.3136082822402926)
-t 0 -c 1.6384 -g 0.00203 -r 2 (84.97021067501996, 0.6011915729992016, 0.3136082822402926)
-t 0 -c 1.6384 -g 0.00407 -r 0 (84.97021067501996, 0.6011915729992016, 0.3136082822402926)
-t 0 -c 1.6384 -g 0.00407 -r 1 (84.97021067501996, 0.6011915729992016, 0.3136082822402926)
-t 0 -c 1.6384 -g 0.00407 -r 2 (84.97021067501996, 0.6011915729992016, 0.3136082822402926)
-t 0 -c 1.6384 -g 0.00813 -r 0 (84.97021067501996, 0.6011915729992016, 0.3136082822402926)
-t 0 -c 1.6384 -g 0.00813 -r 1 (84.97021067501996, 0.6011915729992016, 0.3136082822402926)
-t 0 -c 1.6384 -g 0.00813 -r 2 (84.97021067501996, 0.6011915729992016, 0.3136082822402926)
-t 0 -c 1.6384 -g 0.01626 -r 0 (84.97021067501996, 0.6011915729992016, 0.3136082822402926)
-t 0 -c 1.6384 -g 0.01626 -r 1 (84.97021067501996, 0.6011915729992016, 0.3136082822402926)
-t 0 -c 1.6384 -g 0.01626 -r 2 (84.97021067501996, 0.6011915729992016, 0.3136082822402926)
-t 0 -c 1.6384 -g 0.03252 -r 0 (84.97021067501996, 0.6011915729992016, 0.3136082822402926)
-t 0 -c 1.6384 -g 0.03252 -r 1 (84.97021067501996, 0.6011915729992016, 0.3136082822402926)
-t 0 -c 1.6384 -g 0.03252 -r 2 (84.97021067501996, 0.6011915729992016, 0.3136082822402926)
-t 0 -c 1.6384 -g 0.06504 -r 0 (84.97021067501996, 0.6011915729992016, 0.3136082822402926)
-t 0 -c 1.6384 -g 0.06504 -r 1 (84.97021067501996, 0.6011915729992016, 0.3136082822402926)
-t 0 -c 1.6384 -g 0.06504 -r 2 (84.97021067501996, 0.6011915729992016, 0.3136082822402926)
-t 0 -c 6.5536 -g 0.00102 -r 0 (84.97021067501996, 0.6011915729992016, 0.3138674762676365)
-t 0 -c 6.5536 -g 0.00102 -r 1 (84.97021067501996, 0.6011915729992016, 0.3138674762676365)
-t 0 -c 6.5536 -g 0.00102 -r 2 (84.97021067501996, 0.6011915729992016, 0.3138674762676365)
-t 0 -c 6.5536 -g 0.00203 -r 0 (84.97021067501996, 0.6011915729992016, 0.3138674762676365)
-t 0 -c 6.5536 -g 0.00203 -r 1 (84.97021067501996, 0.6011915729992016, 0.3138674762676365)
-t 0 -c 6.5536 -g 0.00203 -r 2 (84.97021067501996, 0.6011915729992016, 0.3138674762676365)
-t 0 -c 6.5536 -g 0.00407 -r 0 (84.97021067501996, 0.6011915729992016, 0.3138674762676365)
-t 0 -c 6.5536 -g 0.00407 -r 1 (84.97021067501996, 0.6011915729992016, 0.3138674762676365)
-t 0 -c 6.5536 -g 0.00407 -r 2 (84.97021067501996, 0.6011915729992016, 0.3138674762676365)
-t 0 -c 6.5536 -g 0.00813 -r 0 (84.97021067501996, 0.6011915729992016, 0.3138674762676365)
-t 0 -c 6.5536 -g 0.00813 -r 1 (84.97021067501996, 0.6011915729992016, 0.3138674762676365)
-t 0 -c 6.5536 -g 0.00813 -r 2 (84.97021067501996, 0.6011915729992016, 0.3138674762676365)
-t 0 -c 6.5536 -g 0.01626 -r 0 (84.97021067501996, 0.6011915729992016, 0.3138674762676365)
-t 0 -c 6.5536 -g 0.01626 -r 1 (84.97021067501996, 0.6011915729992016, 0.3138674762676365)
-t 0 -c 6.5536 -g 0.01626 -r 2 (84.97021067501996, 0.6011915729992016, 0.3138674762676365)
-t 0 -c 6.5536 -g 0.03252 -r 0 (84.97021067501996, 0.6011915729992016, 0.3138674762676365)
-t 0 -c 6.5536 -g 0.03252 -r 1 (84.97021067501996, 0.6011915729992016, 0.3138674762676365)
-t 0 -c 6.5536 -g 0.03252 -r 2 (84.97021067501996, 0.6011915729992016, 0.3138674762676365)
-t 0 -c 6.5536 -g 0.06504 -r 0 (84.97021067501996, 0.6011915729992016, 0.3138674762676365)
-t 0 -c 6.5536 -g 0.06504 -r 1 (84.97021067501996, 0.6011915729992016, 0.3138674762676365)
-t 0 -c 6.5536 -g 0.06504 -r 2 (84.97021067501996, 0.6011915729992016, 0.3138674762676365)
-t 0 -c 26.2144 -g 0.00102 -r 0 (84.93335790184878, 0.6026656839260488, 0.31270350146996906)
-t 0 -c 26.2144 -g 0.00102 -r 1 (84.93335790184878, 0.6026656839260488, 0.31270350146996906)
-t 0 -c 26.2144 -g 0.00102 -r 2 (84.93335790184878, 0.6026656839260488, 0.31270350146996906)
-t 0 -c 26.2144 -g 0.00203 -r 0 (84.93335790184878, 0.6026656839260488, 0.31270350146996906)
-t 0 -c 26.2144 -g 0.00203 -r 1 (84.93335790184878, 0.6026656839260488, 0.31270350146996906)
-t 0 -c 26.2144 -g 0.00203 -r 2 (84.93335790184878, 0.6026656839260488, 0.31270350146996906)
-t 0 -c 26.2144 -g 0.00407 -r 0 (84.93335790184878, 0.6026656839260488, 0.31270350146996906)
-t 0 -c 26.2144 -g 0.00407 -r 1 (84.93335790184878, 0.6026656839260488, 0.31270350146996906)
-t 0 -c 26.2144 -g 0.00407 -r 2 (84.93335790184878, 0.6026656839260488, 0.31270350146996906)
-t 0 -c 26.2144 -g 0.00813 -r 0 (84.93335790184878, 0.6026656839260488, 0.31270350146996906)
-t 0 -c 26.2144 -g 0.00813 -r 1 (84.93335790184878, 0.6026656839260488, 0.31270350146996906)
-t 0 -c 26.2144 -g 0.00813 -r 2 (84.93335790184878, 0.6026656839260488, 0.31270350146996906)
-t 0 -c 26.2144 -g 0.01626 -r 0 (84.93335790184878, 0.6026656839260488, 0.31270350146996906)
-t 0 -c 26.2144 -g 0.01626 -r 1 (84.93335790184878, 0.6026656839260488, 0.31270350146996906)
-t 0 -c 26.2144 -g 0.01626 -r 2 (84.93335790184878, 0.6026656839260488, 0.31270350146996906)
-t 0 -c 26.2144 -g 0.03252 -r 0 (84.93335790184878, 0.6026656839260488, 0.31270350146996906)
-t 0 -c 26.2144 -g 0.03252 -r 1 (84.93335790184878, 0.6026656839260488, 0.31270350146996906)
-t 0 -c 26.2144 -g 0.03252 -r 2 (84.93335790184878, 0.6026656839260488, 0.31270350146996906)
-t 0 -c 26.2144 -g 0.06504 -r 0 (84.93335790184878, 0.6026656839260488, 0.31270350146996906)
-t 0 -c 26.2144 -g 0.06504 -r 1 (84.93335790184878, 0.6026656839260488, 0.31270350146996906)
-t 0 -c 26.2144 -g 0.06504 -r 2 (84.93335790184878, 0.6026656839260488, 0.31270350146996906)
-t 0 -c 104.8576 -g 0.00102 -r 0 (84.9640685461581, 0.6014372581536761, 0.31369494999066094)
-t 0 -c 104.8576 -g 0.00102 -r 1 (84.9640685461581, 0.6014372581536761, 0.31369494999066094)
-t 0 -c 104.8576 -g 0.00102 -r 2 (84.9640685461581, 0.6014372581536761, 0.31369494999066094)
