(100, 20)
             precision    recall  f1-score   support

       -1.0       0.91      0.94      0.93     24720
        1.0       0.80      0.72      0.76      7841

avg / total       0.89      0.89      0.89     32561

(200, 50)
             precision    recall  f1-score   support

       -1.0       0.93      0.95      0.94     24720
        1.0       0.83      0.77      0.80      7841

avg / total       0.90      0.91      0.91     32561

(200, 20)
             precision    recall  f1-score   support

       -1.0       0.93      0.94      0.94     24720
        1.0       0.81      0.76      0.79      7841

avg / total       0.90      0.90      0.90     32561

(200, 300, 100)
             precision    recall  f1-score   support

       -1.0       0.93      0.95      0.94     24720
        1.0       0.82      0.78      0.80      7841

avg / total       0.90      0.91      0.91     32561

(200, 400, 100)
             precision    recall  f1-score   support

       -1.0       0.93      0.95      0.94     24720
        1.0       0.84      0.78      0.81      7841

avg / total       0.91      0.91      0.91     32561

(400, 100, 40)
             precision    recall  f1-score   support

       -1.0       0.94      0.95      0.94     24720
        1.0       0.83      0.80      0.82      7841

avg / total       0.91      0.91      0.91     32561

(400, 200, 100)
             precision    recall  f1-score   support

       -1.0       0.94      0.95      0.95     24720
        1.0       0.85      0.80      0.82      7841

avg / total       0.92      0.92      0.92     32561

(400, 200, 100, 30)
             precision    recall  f1-score   support

       -1.0       0.92      0.94      0.93     24720
        1.0       0.81      0.74      0.77      7841

avg / total       0.89      0.90      0.89     32561

(200, 400, 100, 30)
             precision    recall  f1-score   support

       -1.0       0.92      0.94      0.93     24720
        1.0       0.81      0.76      0.78      7841

avg / total       0.90      0.90      0.90     32561

