-t 1 -c 0.0001 -g 0.00102 -r 0 -d 2 (76.3773723972729, 0.9449051041090842, nan)
-t 1 -c 0.0001 -g 0.00102 -r 0 -d 3 (76.3773723972729, 0.9449051041090842, nan)
-t 1 -c 0.0001 -g 0.00102 -r 0 -d 4 (76.3773723972729, 0.9449051041090842, nan)
-t 1 -c 0.0001 -g 0.00102 -r 0 -d 5 (76.3773723972729, 0.9449051041090842, nan)
-t 1 -c 0.0001 -g 0.00102 -r 0 -d 6 (76.3773723972729, 0.9449051041090842, nan)
-t 1 -c 0.0001 -g 0.00102 -r 1 -d 2 (76.3773723972729, 0.9449051041090842, nan)
-t 1 -c 0.0001 -g 0.00102 -r 1 -d 3 (76.3773723972729, 0.9449051041090842, nan)
-t 1 -c 0.0001 -g 0.00102 -r 1 -d 4 (76.3773723972729, 0.9449051041090842, nan)
-t 1 -c 0.0001 -g 0.00102 -r 1 -d 5 (76.3773723972729, 0.9449051041090842, nan)
-t 1 -c 0.0001 -g 0.00102 -r 1 -d 6 (76.3773723972729, 0.9449051041090842, nan)
-t 1 -c 0.0001 -g 0.00102 -r 2 -d 2 (76.3773723972729, 0.9449051041090842, nan)
-t 1 -c 0.0001 -g 0.00102 -r 2 -d 3 (76.3773723972729, 0.9449051041090842, nan)
-t 1 -c 0.0001 -g 0.00102 -r 2 -d 4 (76.3773723972729, 0.9449051041090842, nan)
-t 1 -c 0.0001 -g 0.00102 -r 2 -d 5 (76.3773723972729, 0.9449051041090842, nan)
-t 1 -c 0.0001 -g 0.00102 -r 2 -d 6 (76.3773723972729, 0.9449051041090842, nan)
-t 1 -c 0.0001 -g 0.00203 -r 0 -d 2 (76.3773723972729, 0.9449051041090842, nan)
-t 1 -c 0.0001 -g 0.00203 -r 0 -d 3 (76.3773723972729, 0.9449051041090842, nan)
-t 1 -c 0.0001 -g 0.00203 -r 0 -d 4 (76.3773723972729, 0.9449051041090842, nan)
-t 1 -c 0.0001 -g 0.00203 -r 0 -d 5 (76.3773723972729, 0.9449051041090842, nan)
-t 1 -c 0.0001 -g 0.00203 -r 0 -d 6 (76.3773723972729, 0.9449051041090842, nan)
-t 1 -c 0.0001 -g 0.00203 -r 1 -d 2 (76.3773723972729, 0.9449051041090842, nan)
-t 1 -c 0.0001 -g 0.00203 -r 1 -d 3 (76.3773723972729, 0.9449051041090842, nan)
-t 1 -c 0.0001 -g 0.00203 -r 1 -d 4 (76.3773723972729, 0.9449051041090842, nan)
-t 1 -c 0.0001 -g 0.00203 -r 1 -d 5 (76.3773723972729, 0.9449051041090842, nan)
-t 1 -c 0.0001 -g 0.00203 -r 1 -d 6 (76.3773723972729, 0.9449051041090842, nan)
-t 1 -c 0.0001 -g 0.00203 -r 2 -d 2 (76.3773723972729, 0.9449051041090842, nan)
-t 1 -c 0.0001 -g 0.00203 -r 2 -d 3 (76.3773723972729, 0.9449051041090842, nan)
-t 1 -c 0.0001 -g 0.00203 -r 2 -d 4 (76.3773723972729, 0.9449051041090842, nan)
-t 1 -c 0.0001 -g 0.00203 -r 2 -d 5 (76.3773723972729, 0.9449051041090842, nan)
-t 1 -c 0.0001 -g 0.00203 -r 2 -d 6 (76.3773723972729, 0.9449051041090842, nan)
-t 1 -c 0.0001 -g 0.00407 -r 0 -d 2 (76.3773723972729, 0.9449051041090842, nan)
-t 1 -c 0.0001 -g 0.00407 -r 0 -d 3 (76.3773723972729, 0.9449051041090842, nan)
-t 1 -c 0.0001 -g 0.00407 -r 0 -d 4 (76.3773723972729, 0.9449051041090842, nan)
-t 1 -c 0.0001 -g 0.00407 -r 0 -d 5 (76.3773723972729, 0.9449051041090842, nan)
-t 1 -c 0.0001 -g 0.00407 -r 0 -d 6 (76.3773723972729, 0.9449051041090842, nan)
-t 1 -c 0.0001 -g 0.00407 -r 1 -d 2 (76.3773723972729, 0.9449051041090842, nan)
-t 1 -c 0.0001 -g 0.00407 -r 1 -d 3 (76.3773723972729, 0.9449051041090842, nan)
-t 1 -c 0.0001 -g 0.00407 -r 1 -d 4 (76.3773723972729, 0.9449051041090842, nan)
-t 1 -c 0.0001 -g 0.00407 -r 1 -d 5 (76.3773723972729, 0.9449051041090842, nan)
-t 1 -c 0.0001 -g 0.00407 -r 1 -d 6 (76.3773723972729, 0.9449051041090842, nan)
-t 1 -c 0.0001 -g 0.00407 -r 2 -d 2 (76.3773723972729, 0.9449051041090842, nan)
-t 1 -c 0.0001 -g 0.00407 -r 2 -d 3 (76.3773723972729, 0.9449051041090842, nan)
-t 1 -c 0.0001 -g 0.00407 -r 2 -d 4 (76.3773723972729, 0.9449051041090842, nan)
-t 1 -c 0.0001 -g 0.00407 -r 2 -d 5 (76.3773723972729, 0.9449051041090842, nan)
-t 1 -c 0.0001 -g 0.00407 -r 2 -d 6 (76.3773723972729, 0.9449051041090842, nan)
-t 1 -c 0.0001 -g 0.00813 -r 0 -d 2 (76.3773723972729, 0.9449051041090842, nan)
-t 1 -c 0.0001 -g 0.00813 -r 0 -d 3 (76.3773723972729, 0.9449051041090842, nan)
-t 1 -c 0.0001 -g 0.00813 -r 0 -d 4 (76.3773723972729, 0.9449051041090842, nan)
-t 1 -c 0.0001 -g 0.00813 -r 0 -d 5 (76.3773723972729, 0.9449051041090842, nan)
-t 1 -c 0.0001 -g 0.00813 -r 0 -d 6 (76.3773723972729, 0.9449051041090842, nan)
-t 1 -c 0.0001 -g 0.00813 -r 1 -d 2 (76.3773723972729, 0.9449051041090842, nan)
-t 1 -c 0.0001 -g 0.00813 -r 1 -d 3 (76.3773723972729, 0.9449051041090842, nan)
-t 1 -c 0.0001 -g 0.00813 -r 1 -d 4 (76.3773723972729, 0.9449051041090842, nan)
-t 1 -c 0.0001 -g 0.00813 -r 1 -d 5 (76.3773723972729, 0.9449051041090842, nan)
-t 1 -c 0.0001 -g 0.00813 -r 1 -d 6 (76.3773723972729, 0.9449051041090842, nan)
-t 1 -c 0.0001 -g 0.00813 -r 2 -d 2 (76.3773723972729, 0.9449051041090842, nan)
-t 1 -c 0.0001 -g 0.00813 -r 2 -d 3 (76.3773723972729, 0.9449051041090842, nan)
-t 1 -c 0.0001 -g 0.00813 -r 2 -d 4 (76.3773723972729, 0.9449051041090842, nan)
-t 1 -c 0.0001 -g 0.00813 -r 2 -d 5 (76.3773723972729, 0.9449051041090842, nan)
-t 1 -c 0.0001 -g 0.00813 -r 2 -d 6 (76.38351452613476, 0.9446594189546097, 0.00019860131014577193)
-t 1 -c 0.0001 -g 0.01626 -r 0 -d 2 (76.3773723972729, 0.9449051041090842, nan)
-t 1 -c 0.0001 -g 0.01626 -r 0 -d 3 (76.3773723972729, 0.9449051041090842, nan)
-t 1 -c 0.0001 -g 0.01626 -r 0 -d 4 (76.3773723972729, 0.9449051041090842, nan)
-t 1 -c 0.0001 -g 0.01626 -r 0 -d 5 (76.3773723972729, 0.9449051041090842, nan)
-t 1 -c 0.0001 -g 0.01626 -r 0 -d 6 (76.3773723972729, 0.9449051041090842, nan)
-t 1 -c 0.0001 -g 0.01626 -r 1 -d 2 (76.3773723972729, 0.9449051041090842, nan)
-t 1 -c 0.0001 -g 0.01626 -r 1 -d 3 (76.3773723972729, 0.9449051041090842, nan)
-t 1 -c 0.0001 -g 0.01626 -r 1 -d 4 (76.3773723972729, 0.9449051041090842, nan)
-t 1 -c 0.0001 -g 0.01626 -r 1 -d 5 (76.3773723972729, 0.9449051041090842, nan)
-t 1 -c 0.0001 -g 0.01626 -r 1 -d 6 (76.3773723972729, 0.9449051041090842, nan)
-t 1 -c 0.0001 -g 0.01626 -r 2 -d 2 (76.3773723972729, 0.9449051041090842, nan)
-t 1 -c 0.0001 -g 0.01626 -r 2 -d 3 (76.3773723972729, 0.9449051041090842, nan)
-t 1 -c 0.0001 -g 0.01626 -r 2 -d 4 (76.3773723972729, 0.9449051041090842, nan)
-t 1 -c 0.0001 -g 0.01626 -r 2 -d 5 (76.3773723972729, 0.9449051041090842, nan)
-t 1 -c 0.0001 -g 0.01626 -r 2 -d 6 (82.5563540323076, 0.6977458387076961, 0.2020517528622507)
-t 1 -c 0.0001 -g 0.03252 -r 0 -d 2 (76.3773723972729, 0.9449051041090842, nan)
-t 1 -c 0.0001 -g 0.03252 -r 0 -d 3 (76.3773723972729, 0.9449051041090842, nan)
-t 1 -c 0.0001 -g 0.03252 -r 0 -d 4 (76.3773723972729, 0.9449051041090842, nan)
-t 1 -c 0.0001 -g 0.03252 -r 0 -d 5 (76.3773723972729, 0.9449051041090842, nan)
-t 1 -c 0.0001 -g 0.03252 -r 0 -d 6 (76.3773723972729, 0.9449051041090842, nan)
-t 1 -c 0.0001 -g 0.03252 -r 1 -d 2 (76.3773723972729, 0.9449051041090842, nan)
-t 1 -c 0.0001 -g 0.03252 -r 1 -d 3 (76.3773723972729, 0.9449051041090842, nan)
-t 1 -c 0.0001 -g 0.03252 -r 1 -d 4 (76.3773723972729, 0.9449051041090842, nan)
-t 1 -c 0.0001 -g 0.03252 -r 1 -d 5 (76.3773723972729, 0.9449051041090842, nan)
-t 1 -c 0.0001 -g 0.03252 -r 1 -d 6 (76.3773723972729, 0.9449051041090842, nan)
-t 1 -c 0.0001 -g 0.03252 -r 2 -d 2 (76.3773723972729, 0.9449051041090842, nan)
-t 1 -c 0.0001 -g 0.03252 -r 2 -d 3 (76.3773723972729, 0.9449051041090842, nan)
-t 1 -c 0.0001 -g 0.03252 -r 2 -d 4 (76.3773723972729, 0.9449051041090842, nan)
-t 1 -c 0.0001 -g 0.03252 -r 2 -d 5 (82.54406977458387, 0.6982372090166452, 0.20171062837951034)
-t 1 -c 0.0001 -g 0.03252 -r 2 -d 6 (83.71107425833794, 0.6515570296664824, 0.2517245172657357)
-t 1 -c 0.0001 -g 0.06504 -r 0 -d 2 (76.3773723972729, 0.9449051041090842, nan)
-t 1 -c 0.0001 -g 0.06504 -r 0 -d 3 (76.3773723972729, 0.9449051041090842, nan)
-t 1 -c 0.0001 -g 0.06504 -r 0 -d 4 (76.3773723972729, 0.9449051041090842, nan)
-t 1 -c 0.0001 -g 0.06504 -r 0 -d 5 (76.3773723972729, 0.9449051041090842, nan)
-t 1 -c 0.0001 -g 0.06504 -r 0 -d 6 (76.3773723972729, 0.9449051041090842, nan)
-t 1 -c 0.0001 -g 0.06504 -r 1 -d 2 (76.3773723972729, 0.9449051041090842, nan)
-t 1 -c 0.0001 -g 0.06504 -r 1 -d 3 (76.3773723972729, 0.9449051041090842, nan)
-t 1 -c 0.0001 -g 0.06504 -r 1 -d 4 (76.3773723972729, 0.9449051041090842, nan)
-t 1 -c 0.0001 -g 0.06504 -r 1 -d 5 (76.55549413426694, 0.9377802346293225, 0.005769360727665631)
-t 1 -c 0.0001 -g 0.06504 -r 1 -d 6 (81.5797555432713, 0.7368097782691481, 0.16728264757437503)
-t 1 -c 0.0001 -g 0.06504 -r 2 -d 2 (76.3773723972729, 0.9449051041090842, nan)
-t 1 -c 0.0001 -g 0.06504 -r 2 -d 3 (76.3773723972729, 0.9449051041090842, nan)
-t 1 -c 0.0001 -g 0.06504 -r 2 -d 4 (82.50721700141268, 0.6997113199434924, 0.2004128561947429)
-t 1 -c 0.0001 -g 0.06504 -r 2 -d 5 (83.58208955223881, 0.6567164179104478, 0.24686619674344282)
-t 1 -c 0.0001 -g 0.06504 -r 2 -d 6 (84.16559179411584, 0.6333763282353664, 0.2725928035479327)
-t 1 -c 0.0004 -g 0.00102 -r 0 -d 2 (76.3773723972729, 0.9449051041090842, nan)
-t 1 -c 0.0004 -g 0.00102 -r 0 -d 3 (76.3773723972729, 0.9449051041090842, nan)
-t 1 -c 0.0004 -g 0.00102 -r 0 -d 4 (76.3773723972729, 0.9449051041090842, nan)
-t 1 -c 0.0004 -g 0.00102 -r 0 -d 5 (76.3773723972729, 0.9449051041090842, nan)
-t 1 -c 0.0004 -g 0.00102 -r 0 -d 6 (76.3773723972729, 0.9449051041090842, nan)
-t 1 -c 0.0004 -g 0.00102 -r 1 -d 2 (76.3773723972729, 0.9449051041090842, nan)
-t 1 -c 0.0004 -g 0.00102 -r 1 -d 3 (76.3773723972729, 0.9449051041090842, nan)
-t 1 -c 0.0004 -g 0.00102 -r 1 -d 4 (76.3773723972729, 0.9449051041090842, nan)
-t 1 -c 0.0004 -g 0.00102 -r 1 -d 5 (76.3773723972729, 0.9449051041090842, nan)
-t 1 -c 0.0004 -g 0.00102 -r 1 -d 6 (76.3773723972729, 0.9449051041090842, nan)
-t 1 -c 0.0004 -g 0.00102 -r 2 -d 2 (76.3773723972729, 0.9449051041090842, nan)
-t 1 -c 0.0004 -g 0.00102 -r 2 -d 3 (76.3773723972729, 0.9449051041090842, nan)
-t 1 -c 0.0004 -g 0.00102 -r 2 -d 4 (76.3773723972729, 0.9449051041090842, nan)
-t 1 -c 0.0004 -g 0.00102 -r 2 -d 5 (76.3773723972729, 0.9449051041090842, nan)
-t 1 -c 0.0004 -g 0.00102 -r 2 -d 6 (76.3773723972729, 0.9449051041090842, nan)
-t 1 -c 0.0004 -g 0.00203 -r 0 -d 2 (76.3773723972729, 0.9449051041090842, nan)
-t 1 -c 0.0004 -g 0.00203 -r 0 -d 3 (76.3773723972729, 0.9449051041090842, nan)
-t 1 -c 0.0004 -g 0.00203 -r 0 -d 4 (76.3773723972729, 0.9449051041090842, nan)
-t 1 -c 0.0004 -g 0.00203 -r 0 -d 5 (76.3773723972729, 0.9449051041090842, nan)
-t 1 -c 0.0004 -g 0.00203 -r 0 -d 6 (76.3773723972729, 0.9449051041090842, nan)
-t 1 -c 0.0004 -g 0.00203 -r 1 -d 2 (76.3773723972729, 0.9449051041090842, nan)
-t 1 -c 0.0004 -g 0.00203 -r 1 -d 3 (76.3773723972729, 0.9449051041090842, nan)
-t 1 -c 0.0004 -g 0.00203 -r 1 -d 4 (76.3773723972729, 0.9449051041090842, nan)
-t 1 -c 0.0004 -g 0.00203 -r 1 -d 5 (76.3773723972729, 0.9449051041090842, nan)
-t 1 -c 0.0004 -g 0.00203 -r 1 -d 6 (76.3773723972729, 0.9449051041090842, nan)
-t 1 -c 0.0004 -g 0.00203 -r 2 -d 2 (76.3773723972729, 0.9449051041090842, nan)
-t 1 -c 0.0004 -g 0.00203 -r 2 -d 3 (76.3773723972729, 0.9449051041090842, nan)
-t 1 -c 0.0004 -g 0.00203 -r 2 -d 4 (76.3773723972729, 0.9449051041090842, nan)
-t 1 -c 0.0004 -g 0.00203 -r 2 -d 5 (76.3773723972729, 0.9449051041090842, nan)
-t 1 -c 0.0004 -g 0.00203 -r 2 -d 6 (76.3773723972729, 0.9449051041090842, nan)
-t 1 -c 0.0004 -g 0.00407 -r 0 -d 2 (76.3773723972729, 0.9449051041090842, nan)
-t 1 -c 0.0004 -g 0.00407 -r 0 -d 3 (76.3773723972729, 0.9449051041090842, nan)
-t 1 -c 0.0004 -g 0.00407 -r 0 -d 4 (76.3773723972729, 0.9449051041090842, nan)
-t 1 -c 0.0004 -g 0.00407 -r 0 -d 5 (76.3773723972729, 0.9449051041090842, nan)
-t 1 -c 0.0004 -g 0.00407 -r 0 -d 6 (76.3773723972729, 0.9449051041090842, nan)
-t 1 -c 0.0004 -g 0.00407 -r 1 -d 2 (76.3773723972729, 0.9449051041090842, nan)
-t 1 -c 0.0004 -g 0.00407 -r 1 -d 3 (76.3773723972729, 0.9449051041090842, nan)
-t 1 -c 0.0004 -g 0.00407 -r 1 -d 4 (76.3773723972729, 0.9449051041090842, nan)
-t 1 -c 0.0004 -g 0.00407 -r 1 -d 5 (76.3773723972729, 0.9449051041090842, nan)
-t 1 -c 0.0004 -g 0.00407 -r 1 -d 6 (76.3773723972729, 0.9449051041090842, nan)
-t 1 -c 0.0004 -g 0.00407 -r 2 -d 2 (76.3773723972729, 0.9449051041090842, nan)
-t 1 -c 0.0004 -g 0.00407 -r 2 -d 3 (76.3773723972729, 0.9449051041090842, nan)
-t 1 -c 0.0004 -g 0.00407 -r 2 -d 4 (76.3773723972729, 0.9449051041090842, nan)
-t 1 -c 0.0004 -g 0.00407 -r 2 -d 5 (76.3773723972729, 0.9449051041090842, nan)
-t 1 -c 0.0004 -g 0.00407 -r 2 -d 6 (81.01467968797985, 0.7594128124808058, 0.14885731226013377)
-t 1 -c 0.0004 -g 0.00813 -r 0 -d 2 (76.3773723972729, 0.9449051041090842, nan)
-t 1 -c 0.0004 -g 0.00813 -r 0 -d 3 (76.3773723972729, 0.9449051041090842, nan)
-t 1 -c 0.0004 -g 0.00813 -r 0 -d 4 (76.3773723972729, 0.9449051041090842, nan)
-t 1 -c 0.0004 -g 0.00813 -r 0 -d 5 (76.3773723972729, 0.9449051041090842, nan)
-t 1 -c 0.0004 -g 0.00813 -r 0 -d 6 (76.3773723972729, 0.9449051041090842, nan)
-t 1 -c 0.0004 -g 0.00813 -r 1 -d 2 (76.3773723972729, 0.9449051041090842, nan)
-t 1 -c 0.0004 -g 0.00813 -r 1 -d 3 (76.3773723972729, 0.9449051041090842, nan)
-t 1 -c 0.0004 -g 0.00813 -r 1 -d 4 (76.3773723972729, 0.9449051041090842, nan)
-t 1 -c 0.0004 -g 0.00813 -r 1 -d 5 (76.3773723972729, 0.9449051041090842, nan)
-t 1 -c 0.0004 -g 0.00813 -r 1 -d 6 (76.3773723972729, 0.9449051041090842, nan)
-t 1 -c 0.0004 -g 0.00813 -r 2 -d 2 (76.3773723972729, 0.9449051041090842, nan)
-t 1 -c 0.0004 -g 0.00813 -r 2 -d 3 (76.3773723972729, 0.9449051041090842, nan)
-t 1 -c 0.0004 -g 0.00813 -r 2 -d 4 (76.3773723972729, 0.9449051041090842, nan)
-t 1 -c 0.0004 -g 0.00813 -r 2 -d 5 (79.68797985381734, 0.8124808058473066, 0.10640550758811078)
-t 1 -c 0.0004 -g 0.00813 -r 2 -d 6 (83.58208955223881, 0.6567164179104478, 0.24292067937136805)
-t 1 -c 0.0004 -g 0.01626 -r 0 -d 2 (76.3773723972729, 0.9449051041090842, nan)
-t 1 -c 0.0004 -g 0.01626 -r 0 -d 3 (76.3773723972729, 0.9449051041090842, nan)
-t 1 -c 0.0004 -g 0.01626 -r 0 -d 4 (76.3773723972729, 0.9449051041090842, nan)
-t 1 -c 0.0004 -g 0.01626 -r 0 -d 5 (76.3773723972729, 0.9449051041090842, nan)
-t 1 -c 0.0004 -g 0.01626 -r 0 -d 6 (76.3773723972729, 0.9449051041090842, nan)
-t 1 -c 0.0004 -g 0.01626 -r 1 -d 2 (76.3773723972729, 0.9449051041090842, nan)
-t 1 -c 0.0004 -g 0.01626 -r 1 -d 3 (76.3773723972729, 0.9449051041090842, nan)
-t 1 -c 0.0004 -g 0.01626 -r 1 -d 4 (76.3773723972729, 0.9449051041090842, nan)
-t 1 -c 0.0004 -g 0.01626 -r 1 -d 5 (76.3773723972729, 0.9449051041090842, nan)
-t 1 -c 0.0004 -g 0.01626 -r 1 -d 6 (76.3773723972729, 0.9449051041090842, nan)
-t 1 -c 0.0004 -g 0.01626 -r 2 -d 2 (76.3773723972729, 0.9449051041090842, nan)
-t 1 -c 0.0004 -g 0.01626 -r 2 -d 3 (76.3773723972729, 0.9449051041090842, nan)
-t 1 -c 0.0004 -g 0.01626 -r 2 -d 4 (78.25072170014127, 0.8699711319943493, 0.0601942513398096)
-t 1 -c 0.0004 -g 0.01626 -r 2 -d 5 (83.53909465020575, 0.6584362139917695, 0.24035103268898747)
-t 1 -c 0.0004 -g 0.01626 -r 2 -d 6 (84.09802837663534, 0.6360788649345863, 0.2685162024596029)
-t 1 -c 0.0004 -g 0.03252 -r 0 -d 2 (76.3773723972729, 0.9449051041090842, nan)
-t 1 -c 0.0004 -g 0.03252 -r 0 -d 3 (76.3773723972729, 0.9449051041090842, nan)
-t 1 -c 0.0004 -g 0.03252 -r 0 -d 4 (76.3773723972729, 0.9449051041090842, nan)
-t 1 -c 0.0004 -g 0.03252 -r 0 -d 5 (76.3773723972729, 0.9449051041090842, nan)
-t 1 -c 0.0004 -g 0.03252 -r 0 -d 6 (76.3773723972729, 0.9449051041090842, nan)
-t 1 -c 0.0004 -g 0.03252 -r 1 -d 2 (76.3773723972729, 0.9449051041090842, nan)
-t 1 -c 0.0004 -g 0.03252 -r 1 -d 3 (76.3773723972729, 0.9449051041090842, nan)
-t 1 -c 0.0004 -g 0.03252 -r 1 -d 4 (76.3773723972729, 0.9449051041090842, nan)
-t 1 -c 0.0004 -g 0.03252 -r 1 -d 5 (76.3773723972729, 0.9449051041090842, nan)
-t 1 -c 0.0004 -g 0.03252 -r 1 -d 6 (78.84036607088017, 0.8463853571647934, 0.07862966927409094)
-t 1 -c 0.0004 -g 0.03252 -r 2 -d 2 (76.3773723972729, 0.9449051041090842, nan)
-t 1 -c 0.0004 -g 0.03252 -r 2 -d 3 (76.72747374239911, 0.9309010503040354, 0.011137947937224248)
-t 1 -c 0.0004 -g 0.03252 -r 2 -d 4 (83.29340949573123, 0.6682636201707511, 0.2308349069894713)
-t 1 -c 0.0004 -g 0.03252 -r 2 -d 5 (83.99975431484553, 0.640009827406179, 0.264483937464199)
-t 1 -c 0.0004 -g 0.03252 -r 2 -d 6 (84.46655610834715, 0.6213377556661138, 0.285233301647618)
-t 1 -c 0.0004 -g 0.06504 -r 0 -d 2 (76.3773723972729, 0.9449051041090842, nan)
-t 1 -c 0.0004 -g 0.06504 -r 0 -d 3 (76.3773723972729, 0.9449051041090842, nan)
-t 1 -c 0.0004 -g 0.06504 -r 0 -d 4 (76.3773723972729, 0.9449051041090842, nan)
-t 1 -c 0.0004 -g 0.06504 -r 0 -d 5 (76.3773723972729, 0.9449051041090842, nan)
-t 1 -c 0.0004 -g 0.06504 -r 0 -d 6 (76.3773723972729, 0.9449051041090842, nan)
-t 1 -c 0.0004 -g 0.06504 -r 1 -d 2 (76.3773723972729, 0.9449051041090842, nan)
-t 1 -c 0.0004 -g 0.06504 -r 1 -d 3 (76.46336220133898, 0.9414655119464407, 0.0027826403521500178)
-t 1 -c 0.0004 -g 0.06504 -r 1 -d 4 (82.07112585222038, 0.7171549659111848, 0.1846898402135675)
-t 1 -c 0.0004 -g 0.06504 -r 1 -d 5 (82.69762299613046, 0.6920950801547816, 0.21181640995256223)
-t 1 -c 0.0004 -g 0.06504 -r 1 -d 6 (83.18285117621768, 0.672685952951293, 0.23097266531949673)
-t 1 -c 0.0004 -g 0.06504 -r 2 -d 2 (76.3773723972729, 0.9449051041090842, nan)
-t 1 -c 0.0004 -g 0.06504 -r 2 -d 3 (82.9617345371906, 0.6815306185123764, 0.21764429258404236)
-t 1 -c 0.0004 -g 0.06504 -r 2 -d 4 (83.93833302622689, 0.6424666789509244, 0.2615619795085072)
-t 1 -c 0.0004 -g 0.06504 -r 2 -d 5 (84.39899269086665, 0.6240402923653339, 0.2827343101733298)
-t 1 -c 0.0004 -g 0.06504 -r 2 -d 6 (84.79208893802593, 0.6083164424789632, 0.3001651053801789)
-t 1 -c 0.0016 -g 0.00102 -r 0 -d 2 (76.3773723972729, 0.9449051041090842, nan)
-t 1 -c 0.0016 -g 0.00102 -r 0 -d 3 (76.3773723972729, 0.9449051041090842, nan)
-t 1 -c 0.0016 -g 0.00102 -r 0 -d 4 (76.3773723972729, 0.9449051041090842, nan)
-t 1 -c 0.0016 -g 0.00102 -r 0 -d 5 (76.3773723972729, 0.9449051041090842, nan)
-t 1 -c 0.0016 -g 0.00102 -r 0 -d 6 (76.3773723972729, 0.9449051041090842, nan)
-t 1 -c 0.0016 -g 0.00102 -r 1 -d 2 (76.3773723972729, 0.9449051041090842, nan)
-t 1 -c 0.0016 -g 0.00102 -r 1 -d 3 (76.3773723972729, 0.9449051041090842, nan)
-t 1 -c 0.0016 -g 0.00102 -r 1 -d 4 (76.3773723972729, 0.9449051041090842, nan)
-t 1 -c 0.0016 -g 0.00102 -r 1 -d 5 (76.3773723972729, 0.9449051041090842, nan)
-t 1 -c 0.0016 -g 0.00102 -r 1 -d 6 (76.3773723972729, 0.9449051041090842, nan)
-t 1 -c 0.0016 -g 0.00102 -r 2 -d 2 (76.3773723972729, 0.9449051041090842, nan)
-t 1 -c 0.0016 -g 0.00102 -r 2 -d 3 (76.3773723972729, 0.9449051041090842, nan)
-t 1 -c 0.0016 -g 0.00102 -r 2 -d 4 (76.3773723972729, 0.9449051041090842, nan)
-t 1 -c 0.0016 -g 0.00102 -r 2 -d 5 (76.3773723972729, 0.9449051041090842, nan)
-t 1 -c 0.0016 -g 0.00102 -r 2 -d 6 (80.30833486886554, 0.787666605245378, 0.12586823649231435)
-t 1 -c 0.0016 -g 0.00203 -r 0 -d 2 (76.3773723972729, 0.9449051041090842, nan)
-t 1 -c 0.0016 -g 0.00203 -r 0 -d 3 (76.3773723972729, 0.9449051041090842, nan)
-t 1 -c 0.0016 -g 0.00203 -r 0 -d 4 (76.3773723972729, 0.9449051041090842, nan)
-t 1 -c 0.0016 -g 0.00203 -r 0 -d 5 (76.3773723972729, 0.9449051041090842, nan)
-t 1 -c 0.0016 -g 0.00203 -r 0 -d 6 (76.3773723972729, 0.9449051041090842, nan)
-t 1 -c 0.0016 -g 0.00203 -r 1 -d 2 (76.3773723972729, 0.9449051041090842, nan)
-t 1 -c 0.0016 -g 0.00203 -r 1 -d 3 (76.3773723972729, 0.9449051041090842, nan)
-t 1 -c 0.0016 -g 0.00203 -r 1 -d 4 (76.3773723972729, 0.9449051041090842, nan)
-t 1 -c 0.0016 -g 0.00203 -r 1 -d 5 (76.3773723972729, 0.9449051041090842, nan)
-t 1 -c 0.0016 -g 0.00203 -r 1 -d 6 (76.3773723972729, 0.9449051041090842, nan)
-t 1 -c 0.0016 -g 0.00203 -r 2 -d 2 (76.3773723972729, 0.9449051041090842, nan)
-t 1 -c 0.0016 -g 0.00203 -r 2 -d 3 (76.3773723972729, 0.9449051041090842, nan)
-t 1 -c 0.0016 -g 0.00203 -r 2 -d 4 (76.3773723972729, 0.9449051041090842, nan)
-t 1 -c 0.0016 -g 0.00203 -r 2 -d 5 (78.61924943185308, 0.8552300227258768, 0.07199392495368316)
-t 1 -c 0.0016 -g 0.00203 -r 2 -d 6 (83.48381549044899, 0.6606473803820404, 0.2380558236455218)
-t 1 -c 0.0016 -g 0.00407 -r 0 -d 2 (76.3773723972729, 0.9449051041090842, nan)
-t 1 -c 0.0016 -g 0.00407 -r 0 -d 3 (76.3773723972729, 0.9449051041090842, nan)
-t 1 -c 0.0016 -g 0.00407 -r 0 -d 4 (76.3773723972729, 0.9449051041090842, nan)
-t 1 -c 0.0016 -g 0.00407 -r 0 -d 5 (76.3773723972729, 0.9449051041090842, nan)
-t 1 -c 0.0016 -g 0.00407 -r 0 -d 6 (76.3773723972729, 0.9449051041090842, nan)
-t 1 -c 0.0016 -g 0.00407 -r 1 -d 2 (76.3773723972729, 0.9449051041090842, nan)
-t 1 -c 0.0016 -g 0.00407 -r 1 -d 3 (76.3773723972729, 0.9449051041090842, nan)
-t 1 -c 0.0016 -g 0.00407 -r 1 -d 4 (76.3773723972729, 0.9449051041090842, nan)
