-t 2 -c 0.0001 -g 0.00102 -r 0 (76.3773723972729, 0.9449051041090842, nan)
-t 2 -c 0.0001 -g 0.00102 -r 1 (76.3773723972729, 0.9449051041090842, nan)
-t 2 -c 0.0001 -g 0.00102 -r 2 (76.3773723972729, 0.9449051041090842, nan)
-t 2 -c 0.0001 -g 0.00203 -r 0 (76.3773723972729, 0.9449051041090842, nan)
-t 2 -c 0.0001 -g 0.00203 -r 1 (76.3773723972729, 0.9449051041090842, nan)
-t 2 -c 0.0001 -g 0.00203 -r 2 (76.3773723972729, 0.9449051041090842, nan)
-t 2 -c 0.0001 -g 0.00407 -r 0 (76.3773723972729, 0.9449051041090842, nan)
-t 2 -c 0.0001 -g 0.00407 -r 1 (76.3773723972729, 0.9449051041090842, nan)
-t 2 -c 0.0001 -g 0.00407 -r 2 (76.3773723972729, 0.9449051041090842, nan)
-t 2 -c 0.0001 -g 0.00813 -r 0 (76.3773723972729, 0.9449051041090842, nan)
-t 2 -c 0.0001 -g 0.00813 -r 1 (76.3773723972729, 0.9449051041090842, nan)
-t 2 -c 0.0001 -g 0.00813 -r 2 (76.3773723972729, 0.9449051041090842, nan)
-t 2 -c 0.0001 -g 0.01626 -r 0 (76.3773723972729, 0.9449051041090842, nan)
-t 2 -c 0.0001 -g 0.01626 -r 1 (76.3773723972729, 0.9449051041090842, nan)
-t 2 -c 0.0001 -g 0.01626 -r 2 (76.3773723972729, 0.9449051041090842, nan)
-t 2 -c 0.0001 -g 0.03252 -r 0 (76.3773723972729, 0.9449051041090842, nan)
-t 2 -c 0.0001 -g 0.03252 -r 1 (76.3773723972729, 0.9449051041090842, nan)
-t 2 -c 0.0001 -g 0.03252 -r 2 (76.3773723972729, 0.9449051041090842, nan)
-t 2 -c 0.0001 -g 0.06504 -r 0 (76.3773723972729, 0.9449051041090842, nan)
-t 2 -c 0.0001 -g 0.06504 -r 1 (76.3773723972729, 0.9449051041090842, nan)
-t 2 -c 0.0001 -g 0.06504 -r 2 (76.3773723972729, 0.9449051041090842, nan)
-t 2 -c 0.0004 -g 0.00102 -r 0 (76.3773723972729, 0.9449051041090842, nan)
-t 2 -c 0.0004 -g 0.00102 -r 1 (76.3773723972729, 0.9449051041090842, nan)
-t 2 -c 0.0004 -g 0.00102 -r 2 (76.3773723972729, 0.9449051041090842, nan)
-t 2 -c 0.0004 -g 0.00203 -r 0 (76.3773723972729, 0.9449051041090842, nan)
-t 2 -c 0.0004 -g 0.00203 -r 1 (76.3773723972729, 0.9449051041090842, nan)
-t 2 -c 0.0004 -g 0.00203 -r 2 (76.3773723972729, 0.9449051041090842, nan)
-t 2 -c 0.0004 -g 0.00407 -r 0 (76.3773723972729, 0.9449051041090842, nan)
-t 2 -c 0.0004 -g 0.00407 -r 1 (76.3773723972729, 0.9449051041090842, nan)
-t 2 -c 0.0004 -g 0.00407 -r 2 (76.3773723972729, 0.9449051041090842, nan)
-t 2 -c 0.0004 -g 0.00813 -r 0 (76.3773723972729, 0.9449051041090842, nan)
-t 2 -c 0.0004 -g 0.00813 -r 1 (76.3773723972729, 0.9449051041090842, nan)
-t 2 -c 0.0004 -g 0.00813 -r 2 (76.3773723972729, 0.9449051041090842, nan)
-t 2 -c 0.0004 -g 0.01626 -r 0 (76.3773723972729, 0.9449051041090842, nan)
-t 2 -c 0.0004 -g 0.01626 -r 1 (76.3773723972729, 0.9449051041090842, nan)
-t 2 -c 0.0004 -g 0.01626 -r 2 (76.3773723972729, 0.9449051041090842, nan)
-t 2 -c 0.0004 -g 0.03252 -r 0 (76.3773723972729, 0.9449051041090842, nan)
-t 2 -c 0.0004 -g 0.03252 -r 1 (76.3773723972729, 0.9449051041090842, nan)
-t 2 -c 0.0004 -g 0.03252 -r 2 (76.3773723972729, 0.9449051041090842, nan)
-t 2 -c 0.0004 -g 0.06504 -r 0 (76.3773723972729, 0.9449051041090842, nan)
-t 2 -c 0.0004 -g 0.06504 -r 1 (76.3773723972729, 0.9449051041090842, nan)
-t 2 -c 0.0004 -g 0.06504 -r 2 (76.3773723972729, 0.9449051041090842, nan)
-t 2 -c 0.0016 -g 0.00102 -r 0 (76.3773723972729, 0.9449051041090842, nan)
-t 2 -c 0.0016 -g 0.00102 -r 1 (76.3773723972729, 0.9449051041090842, nan)
-t 2 -c 0.0016 -g 0.00102 -r 2 (76.3773723972729, 0.9449051041090842, nan)
-t 2 -c 0.0016 -g 0.00203 -r 0 (76.3773723972729, 0.9449051041090842, nan)
-t 2 -c 0.0016 -g 0.00203 -r 1 (76.3773723972729, 0.9449051041090842, nan)
-t 2 -c 0.0016 -g 0.00203 -r 2 (76.3773723972729, 0.9449051041090842, nan)
-t 2 -c 0.0016 -g 0.00407 -r 0 (76.3773723972729, 0.9449051041090842, nan)
-t 2 -c 0.0016 -g 0.00407 -r 1 (76.3773723972729, 0.9449051041090842, nan)
-t 2 -c 0.0016 -g 0.00407 -r 2 (76.3773723972729, 0.9449051041090842, nan)
-t 2 -c 0.0016 -g 0.00813 -r 0 (76.3773723972729, 0.9449051041090842, nan)
-t 2 -c 0.0016 -g 0.00813 -r 1 (76.3773723972729, 0.9449051041090842, nan)
-t 2 -c 0.0016 -g 0.00813 -r 2 (76.3773723972729, 0.9449051041090842, nan)
-t 2 -c 0.0016 -g 0.01626 -r 0 (76.3773723972729, 0.9449051041090842, nan)
-t 2 -c 0.0016 -g 0.01626 -r 1 (76.3773723972729, 0.9449051041090842, nan)
-t 2 -c 0.0016 -g 0.01626 -r 2 (76.3773723972729, 0.9449051041090842, nan)
-t 2 -c 0.0016 -g 0.03252 -r 0 (76.3773723972729, 0.9449051041090842, nan)
-t 2 -c 0.0016 -g 0.03252 -r 1 (76.3773723972729, 0.9449051041090842, nan)
-t 2 -c 0.0016 -g 0.03252 -r 2 (76.3773723972729, 0.9449051041090842, nan)
-t 2 -c 0.0016 -g 0.06504 -r 0 (76.3773723972729, 0.9449051041090842, nan)
-t 2 -c 0.0016 -g 0.06504 -r 1 (76.3773723972729, 0.9449051041090842, nan)
-t 2 -c 0.0016 -g 0.06504 -r 2 (76.3773723972729, 0.9449051041090842, nan)
-t 2 -c 0.0064 -g 0.00102 -r 0 (76.3773723972729, 0.9449051041090842, nan)
-t 2 -c 0.0064 -g 0.00102 -r 1 (76.3773723972729, 0.9449051041090842, nan)
-t 2 -c 0.0064 -g 0.00102 -r 2 (76.3773723972729, 0.9449051041090842, nan)
-t 2 -c 0.0064 -g 0.00203 -r 0 (76.3773723972729, 0.9449051041090842, nan)
-t 2 -c 0.0064 -g 0.00203 -r 1 (76.3773723972729, 0.9449051041090842, nan)
-t 2 -c 0.0064 -g 0.00203 -r 2 (76.3773723972729, 0.9449051041090842, nan)
-t 2 -c 0.0064 -g 0.00407 -r 0 (76.3773723972729, 0.9449051041090842, nan)
-t 2 -c 0.0064 -g 0.00407 -r 1 (76.3773723972729, 0.9449051041090842, nan)
-t 2 -c 0.0064 -g 0.00407 -r 2 (76.3773723972729, 0.9449051041090842, nan)
-t 2 -c 0.0064 -g 0.00813 -r 0 (76.3773723972729, 0.9449051041090842, nan)
-t 2 -c 0.0064 -g 0.00813 -r 1 (76.3773723972729, 0.9449051041090842, nan)
-t 2 -c 0.0064 -g 0.00813 -r 2 (76.3773723972729, 0.9449051041090842, nan)
-t 2 -c 0.0064 -g 0.01626 -r 0 (76.3773723972729, 0.9449051041090842, nan)
-t 2 -c 0.0064 -g 0.01626 -r 1 (76.3773723972729, 0.9449051041090842, nan)
-t 2 -c 0.0064 -g 0.01626 -r 2 (76.3773723972729, 0.9449051041090842, nan)
-t 2 -c 0.0064 -g 0.03252 -r 0 (79.6449849517843, 0.8142006019286284, 0.10444899868783616)
-t 2 -c 0.0064 -g 0.03252 -r 1 (79.6449849517843, 0.8142006019286284, 0.10444899868783616)
-t 2 -c 0.0064 -g 0.03252 -r 2 (79.6449849517843, 0.8142006019286284, 0.10444899868783616)
