-t 3 -c 0.0001 -g 0.00102 -r 0 (76.3773723972729, 0.9449051041090842, nan)
-t 3 -c 0.0001 -g 0.00102 -r 1 (76.3773723972729, 0.9449051041090842, nan)
-t 3 -c 0.0001 -g 0.00102 -r 2 (76.3773723972729, 0.9449051041090842, nan)
-t 3 -c 0.0001 -g 0.00203 -r 0 (76.3773723972729, 0.9449051041090842, nan)
-t 3 -c 0.0001 -g 0.00203 -r 1 (76.3773723972729, 0.9449051041090842, nan)
-t 3 -c 0.0001 -g 0.00203 -r 2 (76.3773723972729, 0.9449051041090842, nan)
-t 3 -c 0.0001 -g 0.00407 -r 0 (76.3773723972729, 0.9449051041090842, nan)
-t 3 -c 0.0001 -g 0.00407 -r 1 (76.3773723972729, 0.9449051041090842, nan)
-t 3 -c 0.0001 -g 0.00407 -r 2 (76.3773723972729, 0.9449051041090842, nan)
-t 3 -c 0.0001 -g 0.00813 -r 0 (76.3773723972729, 0.9449051041090842, nan)
-t 3 -c 0.0001 -g 0.00813 -r 1 (76.3773723972729, 0.9449051041090842, nan)
-t 3 -c 0.0001 -g 0.00813 -r 2 (76.3773723972729, 0.9449051041090842, nan)
-t 3 -c 0.0001 -g 0.01626 -r 0 (76.3773723972729, 0.9449051041090842, nan)
-t 3 -c 0.0001 -g 0.01626 -r 1 (76.3773723972729, 0.9449051041090842, nan)
-t 3 -c 0.0001 -g 0.01626 -r 2 (76.3773723972729, 0.9449051041090842, nan)
-t 3 -c 0.0001 -g 0.03252 -r 0 (76.3773723972729, 0.9449051041090842, nan)
-t 3 -c 0.0001 -g 0.03252 -r 1 (76.3773723972729, 0.9449051041090842, nan)
-t 3 -c 0.0001 -g 0.03252 -r 2 (76.3773723972729, 0.9449051041090842, nan)
-t 3 -c 0.0001 -g 0.06504 -r 0 (76.3773723972729, 0.9449051041090842, nan)
-t 3 -c 0.0001 -g 0.06504 -r 1 (76.3773723972729, 0.9449051041090842, nan)
-t 3 -c 0.0001 -g 0.06504 -r 2 (76.3773723972729, 0.9449051041090842, nan)
-t 3 -c 0.0004 -g 0.00102 -r 0 (76.3773723972729, 0.9449051041090842, nan)
-t 3 -c 0.0004 -g 0.00102 -r 1 (76.3773723972729, 0.9449051041090842, nan)
-t 3 -c 0.0004 -g 0.00102 -r 2 (76.3773723972729, 0.9449051041090842, nan)
-t 3 -c 0.0004 -g 0.00203 -r 0 (76.3773723972729, 0.9449051041090842, nan)
-t 3 -c 0.0004 -g 0.00203 -r 1 (76.3773723972729, 0.9449051041090842, nan)
-t 3 -c 0.0004 -g 0.00203 -r 2 (76.3773723972729, 0.9449051041090842, nan)
-t 3 -c 0.0004 -g 0.00407 -r 0 (76.3773723972729, 0.9449051041090842, nan)
-t 3 -c 0.0004 -g 0.00407 -r 1 (76.3773723972729, 0.9449051041090842, nan)
-t 3 -c 0.0004 -g 0.00407 -r 2 (76.3773723972729, 0.9449051041090842, nan)
-t 3 -c 0.0004 -g 0.00813 -r 0 (76.3773723972729, 0.9449051041090842, nan)
-t 3 -c 0.0004 -g 0.00813 -r 1 (76.3773723972729, 0.9449051041090842, nan)
-t 3 -c 0.0004 -g 0.00813 -r 2 (76.3773723972729, 0.9449051041090842, nan)
-t 3 -c 0.0004 -g 0.01626 -r 0 (76.3773723972729, 0.9449051041090842, nan)
-t 3 -c 0.0004 -g 0.01626 -r 1 (76.3773723972729, 0.9449051041090842, nan)
-t 3 -c 0.0004 -g 0.01626 -r 2 (76.3773723972729, 0.9449051041090842, nan)
-t 3 -c 0.0004 -g 0.03252 -r 0 (76.3773723972729, 0.9449051041090842, nan)
-t 3 -c 0.0004 -g 0.03252 -r 1 (76.3773723972729, 0.9449051041090842, nan)
-t 3 -c 0.0004 -g 0.03252 -r 2 (76.3773723972729, 0.9449051041090842, nan)
-t 3 -c 0.0004 -g 0.06504 -r 0 (76.3773723972729, 0.9449051041090842, nan)
-t 3 -c 0.0004 -g 0.06504 -r 1 (76.3773723972729, 0.9449051041090842, nan)
-t 3 -c 0.0004 -g 0.06504 -r 2 (76.3773723972729, 0.9449051041090842, nan)
-t 3 -c 0.0016 -g 0.00102 -r 0 (76.3773723972729, 0.9449051041090842, nan)
-t 3 -c 0.0016 -g 0.00102 -r 1 (76.3773723972729, 0.9449051041090842, nan)
-t 3 -c 0.0016 -g 0.00102 -r 2 (76.3773723972729, 0.9449051041090842, nan)
-t 3 -c 0.0016 -g 0.00203 -r 0 (76.3773723972729, 0.9449051041090842, nan)
-t 3 -c 0.0016 -g 0.00203 -r 1 (76.3773723972729, 0.9449051041090842, nan)
-t 3 -c 0.0016 -g 0.00203 -r 2 (76.3773723972729, 0.9449051041090842, nan)
-t 3 -c 0.0016 -g 0.00407 -r 0 (76.3773723972729, 0.9449051041090842, nan)
-t 3 -c 0.0016 -g 0.00407 -r 1 (76.3773723972729, 0.9449051041090842, nan)
-t 3 -c 0.0016 -g 0.00407 -r 2 (76.3773723972729, 0.9449051041090842, nan)
-t 3 -c 0.0016 -g 0.00813 -r 0 (76.3773723972729, 0.9449051041090842, nan)
-t 3 -c 0.0016 -g 0.00813 -r 1 (76.3773723972729, 0.9449051041090842, nan)
-t 3 -c 0.0016 -g 0.00813 -r 2 (76.3773723972729, 0.9449051041090842, nan)
-t 3 -c 0.0016 -g 0.01626 -r 0 (76.3773723972729, 0.9449051041090842, nan)
-t 3 -c 0.0016 -g 0.01626 -r 1 (76.3773723972729, 0.9449051041090842, nan)
-t 3 -c 0.0016 -g 0.01626 -r 2 (76.3773723972729, 0.9449051041090842, nan)
-t 3 -c 0.0016 -g 0.03252 -r 0 (76.3773723972729, 0.9449051041090842, nan)
-t 3 -c 0.0016 -g 0.03252 -r 1 (76.3773723972729, 0.9449051041090842, nan)
-t 3 -c 0.0016 -g 0.03252 -r 2 (76.3773723972729, 0.9449051041090842, nan)
-t 3 -c 0.0016 -g 0.06504 -r 0 (76.3773723972729, 0.9449051041090842, nan)
-t 3 -c 0.0016 -g 0.06504 -r 1 (76.3773723972729, 0.9449051041090842, nan)
-t 3 -c 0.0016 -g 0.06504 -r 2 (76.3773723972729, 0.9449051041090842, nan)
-t 3 -c 0.0064 -g 0.00102 -r 0 (76.3773723972729, 0.9449051041090842, nan)
-t 3 -c 0.0064 -g 0.00102 -r 1 (76.3773723972729, 0.9449051041090842, nan)
-t 3 -c 0.0064 -g 0.00102 -r 2 (76.3773723972729, 0.9449051041090842, nan)
-t 3 -c 0.0064 -g 0.00203 -r 0 (76.3773723972729, 0.9449051041090842, nan)
-t 3 -c 0.0064 -g 0.00203 -r 1 (76.3773723972729, 0.9449051041090842, nan)
-t 3 -c 0.0064 -g 0.00203 -r 2 (76.3773723972729, 0.9449051041090842, nan)
-t 3 -c 0.0064 -g 0.00407 -r 0 (76.3773723972729, 0.9449051041090842, nan)
-t 3 -c 0.0064 -g 0.00407 -r 1 (76.3773723972729, 0.9449051041090842, nan)
-t 3 -c 0.0064 -g 0.00407 -r 2 (76.3773723972729, 0.9449051041090842, nan)
-t 3 -c 0.0064 -g 0.00813 -r 0 (76.3773723972729, 0.9449051041090842, nan)
-t 3 -c 0.0064 -g 0.00813 -r 1 (76.3773723972729, 0.9449051041090842, nan)
-t 3 -c 0.0064 -g 0.00813 -r 2 (76.3773723972729, 0.9449051041090842, nan)
-t 3 -c 0.0064 -g 0.01626 -r 0 (76.3773723972729, 0.9449051041090842, nan)
-t 3 -c 0.0064 -g 0.01626 -r 1 (76.3773723972729, 0.9449051041090842, nan)
-t 3 -c 0.0064 -g 0.01626 -r 2 (76.3773723972729, 0.9449051041090842, nan)
-t 3 -c 0.0064 -g 0.03252 -r 0 (76.47564645906272, 0.9409741416374916, 0.0030768976764919717)
-t 3 -c 0.0064 -g 0.03252 -r 1 (76.3773723972729, 0.9449051041090842, nan)
-t 3 -c 0.0064 -g 0.03252 -r 2 (76.3773723972729, 0.9449051041090842, nan)
-t 3 -c 0.0064 -g 0.06504 -r 0 (79.6449849517843, 0.8142006019286284, 0.10417397412472483)
-t 3 -c 0.0064 -g 0.06504 -r 1 (76.3773723972729, 0.9449051041090842, nan)
-t 3 -c 0.0064 -g 0.06504 -r 2 (76.3773723972729, 0.9449051041090842, nan)
-t 3 -c 0.0256 -g 0.00102 -r 0 (76.3773723972729, 0.9449051041090842, nan)
-t 3 -c 0.0256 -g 0.00102 -r 1 (76.3773723972729, 0.9449051041090842, nan)
-t 3 -c 0.0256 -g 0.00102 -r 2 (76.3773723972729, 0.9449051041090842, nan)
-t 3 -c 0.0256 -g 0.00203 -r 0 (76.3773723972729, 0.9449051041090842, nan)
-t 3 -c 0.0256 -g 0.00203 -r 1 (76.3773723972729, 0.9449051041090842, nan)
-t 3 -c 0.0256 -g 0.00203 -r 2 (76.3773723972729, 0.9449051041090842, nan)
-t 3 -c 0.0256 -g 0.00407 -r 0 (76.3773723972729, 0.9449051041090842, nan)
-t 3 -c 0.0256 -g 0.00407 -r 1 (76.3773723972729, 0.9449051041090842, nan)
-t 3 -c 0.0256 -g 0.00407 -r 2 (76.3773723972729, 0.9449051041090842, nan)
-t 3 -c 0.0256 -g 0.00813 -r 0 (76.88716909280757, 0.9245132362876973, 0.016141602403666754)
-t 3 -c 0.0256 -g 0.00813 -r 1 (76.3773723972729, 0.9449051041090842, nan)
-t 3 -c 0.0256 -g 0.00813 -r 2 (76.3773723972729, 0.9449051041090842, nan)
-t 3 -c 0.0256 -g 0.01626 -r 0 (82.34137952214238, 0.706344819114305, 0.19410207279529756)
-t 3 -c 0.0256 -g 0.01626 -r 1 (76.3773723972729, 0.9449051041090842, nan)
-t 3 -c 0.0256 -g 0.01626 -r 2 (76.3773723972729, 0.9449051041090842, nan)
-t 3 -c 0.0256 -g 0.03252 -r 0 (83.66193722744303, 0.6535225109022788, 0.24567530528788747)
-t 3 -c 0.0256 -g 0.03252 -r 1 (77.43381856151342, 0.9026472575394632, 0.03358885758474784)
-t 3 -c 0.0256 -g 0.03252 -r 2 (76.3773723972729, 0.9449051041090842, nan)
-t 3 -c 0.0256 -g 0.06504 -r 0 (84.01203857256925, 0.6395184570972299, 0.26043422284334844)
