-t 2 -c 0.0001 -g 0.00102 -r 0 (76.01254446016752, 0.9594982215932994, nan)
-t 2 -c 0.0004 -g 0.00102 -r 0 (76.01254446016752, 0.9594982215932994, nan)
-t 2 -c 0.0016 -g 0.00102 -r 0 (76.01254446016752, 0.9594982215932994, nan)
-t 2 -c 0.0064 -g 0.00102 -r 0 (76.01254446016752, 0.9594982215932994, nan)
-t 2 -c 0.0256 -g 0.00102 -r 0 (76.01254446016752, 0.9594982215932994, nan)
-t 2 -c 0.1024 -g 0.00102 -r 0 (76.01254446016752, 0.9594982215932994, nan)
-t 2 -c 0.4096 -g 0.00102 -r 0 (76.01254446016752, 0.9594982215932994, nan)
-t 2 -c 1.6384 -g 0.00102 -r 0 (83.38623933912112, 0.664550426435155, 0.24351962038791938)
-t 2 -c 6.5536 -g 0.00102 -r 0 (84.1970398133629, 0.6321184074654836, 0.2835749141975724)
-t 2 -c 26.2144 -g 0.00102 -r 0 (84.441809767851, 0.6223276092859602, 0.30019243899755554)
-t 2 -c 104.8576 -g 0.00102 -r 0 (84.55272115347842, 0.6178911538608636, 0.3081414566574867)
-t 2 -c 419.4304 -g 0.00102 -r 0 (84.43798523731212, 0.6224805905075153, 0.30552193522265547)
-t 2 -c 1677.7216 -g 0.00102 -r 0 (84.36531915707347, 0.6253872337170613, 0.3024911003041667)
-t 2 -c 0.0001 -g 0.00203 -r 0 (76.01254446016752, 0.9594982215932994, nan)
-t 2 -c 0.0004 -g 0.00203 -r 0 (76.01254446016752, 0.9594982215932994, nan)
-t 2 -c 0.0016 -g 0.00203 -r 0 (76.01254446016752, 0.9594982215932994, nan)
-t 2 -c 0.0064 -g 0.00203 -r 0 (76.01254446016752, 0.9594982215932994, nan)
-t 2 -c 0.0256 -g 0.00203 -r 0 (76.01254446016752, 0.9594982215932994, nan)
-t 2 -c 0.1024 -g 0.00203 -r 0 (76.01254446016752, 0.9594982215932994, nan)
-t 2 -c 0.4096 -g 0.00203 -r 0 (80.35721115233105, 0.785711553906758, 0.13641056281332065)
-t 2 -c 1.6384 -g 0.00203 -r 0 (83.8757792480973, 0.6449688300761082, 0.2685230509592868)
-t 2 -c 6.5536 -g 0.00203 -r 0 (84.45328335946762, 0.621868665621295, 0.296597950200439)
-t 2 -c 26.2144 -g 0.00203 -r 0 (84.44563429838988, 0.622174628064405, 0.30214790523623464)
-t 2 -c 104.8576 -g 0.00203 -r 0 (84.47623054270089, 0.6209507782919647, 0.30562390134916484)
-t 2 -c 419.4304 -g 0.00203 -r 0 (84.42651164569548, 0.6229395341721804, 0.3040405303922921)
-t 2 -c 1677.7216 -g 0.00203 -r 0 (84.15879450797415, 0.6336482196810341, 0.29727177126358584)
-t 2 -c 0.0001 -g 0.00407 -r 0 (76.01254446016752, 0.9594982215932994, nan)
-t 2 -c 0.0004 -g 0.00407 -r 0 (76.01254446016752, 0.9594982215932994, nan)
-t 2 -c 0.0016 -g 0.00407 -r 0 (76.01254446016752, 0.9594982215932994, nan)
-t 2 -c 0.0064 -g 0.00407 -r 0 (76.01254446016752, 0.9594982215932994, nan)
-t 2 -c 0.0256 -g 0.00407 -r 0 (76.01254446016752, 0.9594982215932994, nan)
-t 2 -c 0.1024 -g 0.00407 -r 0 (76.01254446016752, 0.9594982215932994, nan)
-t 2 -c 0.4096 -g 0.00407 -r 0 (83.32122231996023, 0.667151107201591, 0.24104138312356255)
-t 2 -c 1.6384 -g 0.00407 -r 0 (84.18556622174629, 0.6325773511301488, 0.2828239376941904)
-t 2 -c 6.5536 -g 0.00407 -r 0 (84.40356446246223, 0.6238574215015107, 0.29813934151535676)
-t 2 -c 26.2144 -g 0.00407 -r 0 (84.49152866485639, 0.6203388534057445, 0.3048045793104893)
-t 2 -c 104.8576 -g 0.00407 -r 0 (84.40356446246223, 0.6238574215015107, 0.3028859362534617)
-t 2 -c 419.4304 -g 0.00407 -r 0 (84.18556622174629, 0.6325773511301488, 0.2978829685942755)
-t 2 -c 1677.7216 -g 0.00407 -r 0 (83.20648640379393, 0.6717405438482427, 0.2748898547472005)
-t 2 -c 0.0001 -g 0.00813 -r 0 (76.01254446016752, 0.9594982215932994, nan)
-t 2 -c 0.0004 -g 0.00813 -r 0 (76.01254446016752, 0.9594982215932994, nan)
-t 2 -c 0.0016 -g 0.00813 -r 0 (76.01254446016752, 0.9594982215932994, nan)
-t 2 -c 0.0064 -g 0.00813 -r 0 (76.01254446016752, 0.9594982215932994, nan)
-t 2 -c 0.0256 -g 0.00813 -r 0 (76.01254446016752, 0.9594982215932994, nan)
-t 2 -c 0.1024 -g 0.00813 -r 0 (79.68409377748881, 0.8126362489004475, 0.11477570813278219)
-t 2 -c 0.4096 -g 0.00813 -r 0 (83.76869239300876, 0.6492523042796496, 0.2636510798128405)
-t 2 -c 1.6384 -g 0.00813 -r 0 (84.37296821815123, 0.6250812712739511, 0.29180388828364995)
-t 2 -c 6.5536 -g 0.00813 -r 0 (84.41503805407886, 0.6233984778368455, 0.29957526153367464)
-t 2 -c 26.2144 -g 0.00813 -r 0 (84.49152866485639, 0.6203388534057445, 0.30500810164512876)
-t 2 -c 104.8576 -g 0.00813 -r 0 (84.22381152713504, 0.6310475389145982, 0.2983275716453363)
-t 2 -c 419.4304 -g 0.00813 -r 0 (83.2944506061881, 0.6682219757524764, 0.27778633272337794)
-t 2 -c 1677.7216 -g 0.00813 -r 0 (81.8679007151872, 0.7252839713925116, 0.24455193980504772)
-t 2 -c 0.0001 -g 0.01626 -r 0 (76.01254446016752, 0.9594982215932994, nan)
-t 2 -c 0.0004 -g 0.01626 -r 0 (76.01254446016752, 0.9594982215932994, nan)
-t 2 -c 0.0016 -g 0.01626 -r 0 (76.01254446016752, 0.9594982215932994, nan)
-t 2 -c 0.0064 -g 0.01626 -r 0 (76.01254446016752, 0.9594982215932994, nan)
-t 2 -c 0.0256 -g 0.01626 -r 0 (76.01254446016752, 0.9594982215932994, nan)
-t 2 -c 0.1024 -g 0.01626 -r 0 (83.02290893792787, 0.6790836424828852, 0.22952271760140336)
-t 2 -c 0.4096 -g 0.01626 -r 0 (83.88342830917505, 0.6446628676329981, 0.27074980608564614)
-t 2 -c 1.6384 -g 0.01626 -r 0 (84.40356446246223, 0.6238574215015107, 0.2958175940038245)
-t 2 -c 6.5536 -g 0.01626 -r 0 (84.3920908708456, 0.6243163651661758, 0.30021479031895126)
-t 2 -c 26.2144 -g 0.01626 -r 0 (84.2467587103683, 0.6301296515852679, 0.29838142962660374)
-t 2 -c 104.8576 -g 0.01626 -r 0 (83.42066011397101, 0.6631735954411596, 0.2809379026199441)
-t 2 -c 419.4304 -g 0.01626 -r 0 (81.78758557387081, 0.7284965770451677, 0.2421059590061689)
-t 2 -c 1677.7216 -g 0.01626 -r 0 (80.43370176310857, 0.7826519294756569, 0.21386643247406883)
-t 2 -c 0.0001 -g 0.03252 -r 0 (76.01254446016752, 0.9594982215932994, nan)
-t 2 -c 0.0004 -g 0.03252 -r 0 (76.01254446016752, 0.9594982215932994, nan)
-t 2 -c 0.0016 -g 0.03252 -r 0 (76.01254446016752, 0.9594982215932994, nan)
-t 2 -c 0.0064 -g 0.03252 -r 0 (76.01254446016752, 0.9594982215932994, nan)
-t 2 -c 0.0256 -g 0.03252 -r 0 (77.1637281523693, 0.9134508739052282, 0.035818761753130736)
-t 2 -c 0.1024 -g 0.03252 -r 0 (83.26385436187708, 0.6694458255249168, 0.24337140005926589)
-t 2 -c 0.4096 -g 0.03252 -r 0 (83.97904157264696, 0.6408383370941217, 0.27404477821456)
-t 2 -c 1.6384 -g 0.03252 -r 0 (84.38826634030673, 0.6244693463877309, 0.2968805723487547)
-t 2 -c 6.5536 -g 0.03252 -r 0 (84.41121352353998, 0.6235514590584006, 0.30276059570136354)
-t 2 -c 26.2144 -g 0.03252 -r 0 (83.65013194630359, 0.6539947221478564, 0.2858947448303683)
-t 2 -c 104.8576 -g 0.03252 -r 0 (81.92144414273147, 0.7231422342907408, 0.24587604748276748)
-t 2 -c 419.4304 -g 0.03252 -r 0 (80.33808849963667, 0.7864764600145332, 0.21282506811119825)
-t 2 -c 1677.7216 -g 0.03252 -r 0 (79.18690480743489, 0.8325238077026045, 0.19181760443841142)
-t 2 -c 0.0001 -g 0.06504 -r 0 (76.01254446016752, 0.9594982215932994, nan)
-t 2 -c 0.0004 -g 0.06504 -r 0 (76.01254446016752, 0.9594982215932994, nan)
-t 2 -c 0.0016 -g 0.06504 -r 0 (76.01254446016752, 0.9594982215932994, nan)
-t 2 -c 0.0064 -g 0.06504 -r 0 (76.01254446016752, 0.9594982215932994, nan)
-t 2 -c 0.0256 -g 0.06504 -r 0 (81.11829272956744, 0.7552682908173022, 0.1601401781664353)
-t 2 -c 0.1024 -g 0.06504 -r 0 (83.08792595708877, 0.6764829617164493, 0.23764207041078325)
-t 2 -c 0.4096 -g 0.06504 -r 0 (83.93697173671931, 0.6425211305312273, 0.2745233412941925)
-t 2 -c 1.6384 -g 0.06504 -r 0 (84.56801927563392, 0.6172792289746434, 0.3056924676513213)
-t 2 -c 6.5536 -g 0.06504 -r 0 (83.96756798103033, 0.6412972807587869, 0.2935481474882517)
-t 2 -c 26.2144 -g 0.06504 -r 0 (82.05912724213103, 0.7176349103147589, 0.2500666596244105)
-t 2 -c 104.8576 -g 0.06504 -r 0 (80.35721115233105, 0.785711553906758, 0.21415286249134222)
-t 2 -c 419.4304 -g 0.06504 -r 0 (79.56935786132252, 0.8172256855470991, 0.19794114289343662)
-t 2 -c 1677.7216 -g 0.06504 -r 0 (79.37048227330095, 0.8251807090679619, 0.19354410288471985)
-t 2 -c 0.0001 -g 0.00102 -r 1 (76.01254446016752, 0.9594982215932994, nan)
-t 2 -c 0.0004 -g 0.00102 -r 1 (76.01254446016752, 0.9594982215932994, nan)
-t 2 -c 0.0016 -g 0.00102 -r 1 (76.01254446016752, 0.9594982215932994, nan)
-t 2 -c 0.0064 -g 0.00102 -r 1 (76.01254446016752, 0.9594982215932994, nan)
-t 2 -c 0.0256 -g 0.00102 -r 1 (76.01254446016752, 0.9594982215932994, nan)
-t 2 -c 0.1024 -g 0.00102 -r 1 (76.01254446016752, 0.9594982215932994, nan)
-t 2 -c 0.4096 -g 0.00102 -r 1 (76.01254446016752, 0.9594982215932994, nan)
-t 2 -c 1.6384 -g 0.00102 -r 1 (83.38623933912112, 0.664550426435155, 0.24351962038791938)
-t 2 -c 6.5536 -g 0.00102 -r 1 (84.1970398133629, 0.6321184074654836, 0.2835749141975724)
-t 2 -c 26.2144 -g 0.00102 -r 1 (84.441809767851, 0.6223276092859602, 0.30019243899755554)
-t 2 -c 104.8576 -g 0.00102 -r 1 (84.55272115347842, 0.6178911538608636, 0.3081414566574867)
-t 2 -c 419.4304 -g 0.00102 -r 1 (84.43798523731212, 0.6224805905075153, 0.30552193522265547)
-t 2 -c 1677.7216 -g 0.00102 -r 1 (84.36531915707347, 0.6253872337170613, 0.3024911003041667)
-t 2 -c 0.0001 -g 0.00203 -r 1 (76.01254446016752, 0.9594982215932994, nan)
-t 2 -c 0.0004 -g 0.00203 -r 1 (76.01254446016752, 0.9594982215932994, nan)
-t 2 -c 0.0016 -g 0.00203 -r 1 (76.01254446016752, 0.9594982215932994, nan)
-t 2 -c 0.0064 -g 0.00203 -r 1 (76.01254446016752, 0.9594982215932994, nan)
-t 2 -c 0.0256 -g 0.00203 -r 1 (76.01254446016752, 0.9594982215932994, nan)
-t 2 -c 0.1024 -g 0.00203 -r 1 (76.01254446016752, 0.9594982215932994, nan)
-t 2 -c 0.4096 -g 0.00203 -r 1 (80.35721115233105, 0.785711553906758, 0.13641056281332065)
-t 2 -c 1.6384 -g 0.00203 -r 1 (83.8757792480973, 0.6449688300761082, 0.2685230509592868)
-t 2 -c 6.5536 -g 0.00203 -r 1 (84.45328335946762, 0.621868665621295, 0.296597950200439)
-t 2 -c 26.2144 -g 0.00203 -r 1 (84.44563429838988, 0.622174628064405, 0.30214790523623464)
-t 2 -c 104.8576 -g 0.00203 -r 1 (84.47623054270089, 0.6209507782919647, 0.30562390134916484)
-t 2 -c 419.4304 -g 0.00203 -r 1 (84.42651164569548, 0.6229395341721804, 0.3040405303922921)
-t 2 -c 1677.7216 -g 0.00203 -r 1 (84.15879450797415, 0.6336482196810341, 0.29727177126358584)
-t 2 -c 0.0001 -g 0.00407 -r 1 (76.01254446016752, 0.9594982215932994, nan)
-t 2 -c 0.0004 -g 0.00407 -r 1 (76.01254446016752, 0.9594982215932994, nan)
-t 2 -c 0.0016 -g 0.00407 -r 1 (76.01254446016752, 0.9594982215932994, nan)
-t 2 -c 0.0064 -g 0.00407 -r 1 (76.01254446016752, 0.9594982215932994, nan)
-t 2 -c 0.0256 -g 0.00407 -r 1 (76.01254446016752, 0.9594982215932994, nan)
-t 2 -c 0.1024 -g 0.00407 -r 1 (76.01254446016752, 0.9594982215932994, nan)
-t 2 -c 0.4096 -g 0.00407 -r 1 (83.32122231996023, 0.667151107201591, 0.24104138312356255)
-t 2 -c 1.6384 -g 0.00407 -r 1 (84.18556622174629, 0.6325773511301488, 0.2828239376941904)
-t 2 -c 6.5536 -g 0.00407 -r 1 (84.40356446246223, 0.6238574215015107, 0.29813934151535676)
-t 2 -c 26.2144 -g 0.00407 -r 1 (84.49152866485639, 0.6203388534057445, 0.3048045793104893)
-t 2 -c 104.8576 -g 0.00407 -r 1 (84.40356446246223, 0.6238574215015107, 0.3028859362534617)
-t 2 -c 419.4304 -g 0.00407 -r 1 (84.18556622174629, 0.6325773511301488, 0.2978829685942755)
-t 2 -c 1677.7216 -g 0.00407 -r 1 (83.20648640379393, 0.6717405438482427, 0.2748898547472005)
-t 2 -c 0.0001 -g 0.00813 -r 1 (76.01254446016752, 0.9594982215932994, nan)
-t 2 -c 0.0004 -g 0.00813 -r 1 (76.01254446016752, 0.9594982215932994, nan)
-t 2 -c 0.0016 -g 0.00813 -r 1 (76.01254446016752, 0.9594982215932994, nan)
-t 2 -c 0.0064 -g 0.00813 -r 1 (76.01254446016752, 0.9594982215932994, nan)
-t 2 -c 0.0256 -g 0.00813 -r 1 (76.01254446016752, 0.9594982215932994, nan)
-t 2 -c 0.1024 -g 0.00813 -r 1 (79.68409377748881, 0.8126362489004475, 0.11477570813278219)
-t 2 -c 0.4096 -g 0.00813 -r 1 (83.76869239300876, 0.6492523042796496, 0.2636510798128405)
-t 2 -c 1.6384 -g 0.00813 -r 1 (84.37296821815123, 0.6250812712739511, 0.29180388828364995)
-t 2 -c 6.5536 -g 0.00813 -r 1 (84.41503805407886, 0.6233984778368455, 0.29957526153367464)
-t 2 -c 26.2144 -g 0.00813 -r 1 (84.49152866485639, 0.6203388534057445, 0.30500810164512876)
-t 2 -c 104.8576 -g 0.00813 -r 1 (84.22381152713504, 0.6310475389145982, 0.2983275716453363)
-t 2 -c 419.4304 -g 0.00813 -r 1 (83.2944506061881, 0.6682219757524764, 0.27778633272337794)
-t 2 -c 1677.7216 -g 0.00813 -r 1 (81.8679007151872, 0.7252839713925116, 0.24455193980504772)
-t 2 -c 0.0001 -g 0.01626 -r 1 (76.01254446016752, 0.9594982215932994, nan)
-t 2 -c 0.0004 -g 0.01626 -r 1 (76.01254446016752, 0.9594982215932994, nan)
-t 2 -c 0.0016 -g 0.01626 -r 1 (76.01254446016752, 0.9594982215932994, nan)
-t 2 -c 0.0064 -g 0.01626 -r 1 (76.01254446016752, 0.9594982215932994, nan)
-t 2 -c 0.0256 -g 0.01626 -r 1 (76.01254446016752, 0.9594982215932994, nan)
-t 2 -c 0.1024 -g 0.01626 -r 1 (83.02290893792787, 0.6790836424828852, 0.22952271760140336)
-t 2 -c 0.4096 -g 0.01626 -r 1 (83.88342830917505, 0.6446628676329981, 0.27074980608564614)
-t 2 -c 1.6384 -g 0.01626 -r 1 (84.40356446246223, 0.6238574215015107, 0.2958175940038245)
-t 2 -c 6.5536 -g 0.01626 -r 1 (84.3920908708456, 0.6243163651661758, 0.30021479031895126)
-t 2 -c 26.2144 -g 0.01626 -r 1 (84.2467587103683, 0.6301296515852679, 0.29838142962660374)
-t 2 -c 104.8576 -g 0.01626 -r 1 (83.42066011397101, 0.6631735954411596, 0.2809379026199441)
-t 2 -c 419.4304 -g 0.01626 -r 1 (81.78758557387081, 0.7284965770451677, 0.2421059590061689)
-t 2 -c 1677.7216 -g 0.01626 -r 1 (80.43370176310857, 0.7826519294756569, 0.21386643247406883)
-t 2 -c 0.0001 -g 0.03252 -r 1 (76.01254446016752, 0.9594982215932994, nan)
-t 2 -c 0.0004 -g 0.03252 -r 1 (76.01254446016752, 0.9594982215932994, nan)
-t 2 -c 0.0016 -g 0.03252 -r 1 (76.01254446016752, 0.9594982215932994, nan)
-t 2 -c 0.0064 -g 0.03252 -r 1 (76.01254446016752, 0.9594982215932994, nan)
-t 2 -c 0.0256 -g 0.03252 -r 1 (77.1637281523693, 0.9134508739052282, 0.035818761753130736)
-t 2 -c 0.1024 -g 0.03252 -r 1 (83.26385436187708, 0.6694458255249168, 0.24337140005926589)
-t 2 -c 0.4096 -g 0.03252 -r 1 (83.97904157264696, 0.6408383370941217, 0.27404477821456)
-t 2 -c 1.6384 -g 0.03252 -r 1 (84.38826634030673, 0.6244693463877309, 0.2968805723487547)
-t 2 -c 6.5536 -g 0.03252 -r 1 (84.41121352353998, 0.6235514590584006, 0.30276059570136354)
-t 2 -c 26.2144 -g 0.03252 -r 1 (83.65013194630359, 0.6539947221478564, 0.2858947448303683)
-t 2 -c 104.8576 -g 0.03252 -r 1 (81.92144414273147, 0.7231422342907408, 0.24587604748276748)
-t 2 -c 419.4304 -g 0.03252 -r 1 (80.33808849963667, 0.7864764600145332, 0.21282506811119825)
-t 2 -c 1677.7216 -g 0.03252 -r 1 (79.18690480743489, 0.8325238077026045, 0.19181760443841142)
-t 2 -c 0.0001 -g 0.06504 -r 1 (76.01254446016752, 0.9594982215932994, nan)
-t 2 -c 0.0004 -g 0.06504 -r 1 (76.01254446016752, 0.9594982215932994, nan)
-t 2 -c 0.0016 -g 0.06504 -r 1 (76.01254446016752, 0.9594982215932994, nan)
-t 2 -c 0.0064 -g 0.06504 -r 1 (76.01254446016752, 0.9594982215932994, nan)
-t 2 -c 0.0256 -g 0.06504 -r 1 (81.11829272956744, 0.7552682908173022, 0.1601401781664353)
-t 2 -c 0.1024 -g 0.06504 -r 1 (83.08792595708877, 0.6764829617164493, 0.23764207041078325)
-t 2 -c 0.4096 -g 0.06504 -r 1 (83.93697173671931, 0.6425211305312273, 0.2745233412941925)
-t 2 -c 1.6384 -g 0.06504 -r 1 (84.56801927563392, 0.6172792289746434, 0.3056924676513213)
-t 2 -c 6.5536 -g 0.06504 -r 1 (83.96756798103033, 0.6412972807587869, 0.2935481474882517)
-t 2 -c 26.2144 -g 0.06504 -r 1 (82.05912724213103, 0.7176349103147589, 0.2500666596244105)
-t 2 -c 104.8576 -g 0.06504 -r 1 (80.35721115233105, 0.785711553906758, 0.21415286249134222)
-t 2 -c 419.4304 -g 0.06504 -r 1 (79.56935786132252, 0.8172256855470991, 0.19794114289343662)
-t 2 -c 1677.7216 -g 0.06504 -r 1 (79.37048227330095, 0.8251807090679619, 0.19354410288471985)
-t 2 -c 0.0001 -g 0.00102 -r 2 (76.01254446016752, 0.9594982215932994, nan)
-t 2 -c 0.0004 -g 0.00102 -r 2 (76.01254446016752, 0.9594982215932994, nan)
-t 2 -c 0.0016 -g 0.00102 -r 2 (76.01254446016752, 0.9594982215932994, nan)
-t 2 -c 0.0064 -g 0.00102 -r 2 (76.01254446016752, 0.9594982215932994, nan)
-t 2 -c 0.0256 -g 0.00102 -r 2 (76.01254446016752, 0.9594982215932994, nan)
-t 2 -c 0.1024 -g 0.00102 -r 2 (76.01254446016752, 0.9594982215932994, nan)
-t 2 -c 0.4096 -g 0.00102 -r 2 (76.01254446016752, 0.9594982215932994, nan)
-t 2 -c 1.6384 -g 0.00102 -r 2 (83.38623933912112, 0.664550426435155, 0.24351962038791938)
-t 2 -c 6.5536 -g 0.00102 -r 2 (84.1970398133629, 0.6321184074654836, 0.2835749141975724)
-t 2 -c 26.2144 -g 0.00102 -r 2 (84.441809767851, 0.6223276092859602, 0.30019243899755554)
-t 2 -c 104.8576 -g 0.00102 -r 2 (84.55272115347842, 0.6178911538608636, 0.3081414566574867)
-t 2 -c 419.4304 -g 0.00102 -r 2 (84.43798523731212, 0.6224805905075153, 0.30552193522265547)
-t 2 -c 1677.7216 -g 0.00102 -r 2 (84.36531915707347, 0.6253872337170613, 0.3024911003041667)
-t 2 -c 0.0001 -g 0.00203 -r 2 (76.01254446016752, 0.9594982215932994, nan)
-t 2 -c 0.0004 -g 0.00203 -r 2 (76.01254446016752, 0.9594982215932994, nan)
-t 2 -c 0.0016 -g 0.00203 -r 2 (76.01254446016752, 0.9594982215932994, nan)
-t 2 -c 0.0064 -g 0.00203 -r 2 (76.01254446016752, 0.9594982215932994, nan)
-t 2 -c 0.0256 -g 0.00203 -r 2 (76.01254446016752, 0.9594982215932994, nan)
-t 2 -c 0.1024 -g 0.00203 -r 2 (76.01254446016752, 0.9594982215932994, nan)
-t 2 -c 0.4096 -g 0.00203 -r 2 (80.35721115233105, 0.785711553906758, 0.13641056281332065)
-t 2 -c 1.6384 -g 0.00203 -r 2 (83.8757792480973, 0.6449688300761082, 0.2685230509592868)
-t 2 -c 6.5536 -g 0.00203 -r 2 (84.45328335946762, 0.621868665621295, 0.296597950200439)
-t 2 -c 26.2144 -g 0.00203 -r 2 (84.44563429838988, 0.622174628064405, 0.30214790523623464)
-t 2 -c 104.8576 -g 0.00203 -r 2 (84.47623054270089, 0.6209507782919647, 0.30562390134916484)
-t 2 -c 419.4304 -g 0.00203 -r 2 (84.42651164569548, 0.6229395341721804, 0.3040405303922921)
-t 2 -c 1677.7216 -g 0.00203 -r 2 (84.15879450797415, 0.6336482196810341, 0.29727177126358584)
-t 2 -c 0.0001 -g 0.00407 -r 2 (76.01254446016752, 0.9594982215932994, nan)
-t 2 -c 0.0004 -g 0.00407 -r 2 (76.01254446016752, 0.9594982215932994, nan)
-t 2 -c 0.0016 -g 0.00407 -r 2 (76.01254446016752, 0.9594982215932994, nan)
-t 2 -c 0.0064 -g 0.00407 -r 2 (76.01254446016752, 0.9594982215932994, nan)
-t 2 -c 0.0256 -g 0.00407 -r 2 (76.01254446016752, 0.9594982215932994, nan)
-t 2 -c 0.1024 -g 0.00407 -r 2 (76.01254446016752, 0.9594982215932994, nan)
-t 2 -c 0.4096 -g 0.00407 -r 2 (83.32122231996023, 0.667151107201591, 0.24104138312356255)
-t 2 -c 1.6384 -g 0.00407 -r 2 (84.18556622174629, 0.6325773511301488, 0.2828239376941904)
-t 2 -c 6.5536 -g 0.00407 -r 2 (84.40356446246223, 0.6238574215015107, 0.29813934151535676)
-t 2 -c 26.2144 -g 0.00407 -r 2 (84.49152866485639, 0.6203388534057445, 0.3048045793104893)
-t 2 -c 104.8576 -g 0.00407 -r 2 (84.40356446246223, 0.6238574215015107, 0.3028859362534617)
-t 2 -c 419.4304 -g 0.00407 -r 2 (84.18556622174629, 0.6325773511301488, 0.2978829685942755)
-t 2 -c 1677.7216 -g 0.00407 -r 2 (83.20648640379393, 0.6717405438482427, 0.2748898547472005)
-t 2 -c 0.0001 -g 0.00813 -r 2 (76.01254446016752, 0.9594982215932994, nan)
-t 2 -c 0.0004 -g 0.00813 -r 2 (76.01254446016752, 0.9594982215932994, nan)
-t 2 -c 0.0016 -g 0.00813 -r 2 (76.01254446016752, 0.9594982215932994, nan)
-t 2 -c 0.0064 -g 0.00813 -r 2 (76.01254446016752, 0.9594982215932994, nan)
-t 2 -c 0.0256 -g 0.00813 -r 2 (76.01254446016752, 0.9594982215932994, nan)
-t 2 -c 0.1024 -g 0.00813 -r 2 (79.68409377748881, 0.8126362489004475, 0.11477570813278219)
-t 2 -c 0.4096 -g 0.00813 -r 2 (83.76869239300876, 0.6492523042796496, 0.2636510798128405)
-t 2 -c 1.6384 -g 0.00813 -r 2 (84.37296821815123, 0.6250812712739511, 0.29180388828364995)
-t 2 -c 6.5536 -g 0.00813 -r 2 (84.41503805407886, 0.6233984778368455, 0.29957526153367464)
-t 2 -c 26.2144 -g 0.00813 -r 2 (84.49152866485639, 0.6203388534057445, 0.30500810164512876)
-t 2 -c 104.8576 -g 0.00813 -r 2 (84.22381152713504, 0.6310475389145982, 0.2983275716453363)
-t 2 -c 419.4304 -g 0.00813 -r 2 (83.2944506061881, 0.6682219757524764, 0.27778633272337794)
-t 2 -c 1677.7216 -g 0.00813 -r 2 (81.8679007151872, 0.7252839713925116, 0.24455193980504772)
-t 2 -c 0.0001 -g 0.01626 -r 2 (76.01254446016752, 0.9594982215932994, nan)
-t 2 -c 0.0004 -g 0.01626 -r 2 (76.01254446016752, 0.9594982215932994, nan)
-t 2 -c 0.0016 -g 0.01626 -r 2 (76.01254446016752, 0.9594982215932994, nan)
-t 2 -c 0.0064 -g 0.01626 -r 2 (76.01254446016752, 0.9594982215932994, nan)
-t 2 -c 0.0256 -g 0.01626 -r 2 (76.01254446016752, 0.9594982215932994, nan)
-t 2 -c 0.1024 -g 0.01626 -r 2 (83.02290893792787, 0.6790836424828852, 0.22952271760140336)
-t 2 -c 0.4096 -g 0.01626 -r 2 (83.88342830917505, 0.6446628676329981, 0.27074980608564614)
-t 2 -c 1.6384 -g 0.01626 -r 2 (84.40356446246223, 0.6238574215015107, 0.2958175940038245)
-t 2 -c 6.5536 -g 0.01626 -r 2 (84.3920908708456, 0.6243163651661758, 0.30021479031895126)
-t 2 -c 26.2144 -g 0.01626 -r 2 (84.2467587103683, 0.6301296515852679, 0.29838142962660374)
-t 2 -c 104.8576 -g 0.01626 -r 2 (83.42066011397101, 0.6631735954411596, 0.2809379026199441)
-t 2 -c 419.4304 -g 0.01626 -r 2 (81.78758557387081, 0.7284965770451677, 0.2421059590061689)
-t 2 -c 1677.7216 -g 0.01626 -r 2 (80.43370176310857, 0.7826519294756569, 0.21386643247406883)
-t 2 -c 0.0001 -g 0.03252 -r 2 (76.01254446016752, 0.9594982215932994, nan)
-t 2 -c 0.0004 -g 0.03252 -r 2 (76.01254446016752, 0.9594982215932994, nan)
-t 2 -c 0.0016 -g 0.03252 -r 2 (76.01254446016752, 0.9594982215932994, nan)
-t 2 -c 0.0064 -g 0.03252 -r 2 (76.01254446016752, 0.9594982215932994, nan)
-t 2 -c 0.0256 -g 0.03252 -r 2 (77.1637281523693, 0.9134508739052282, 0.035818761753130736)
-t 2 -c 0.1024 -g 0.03252 -r 2 (83.26385436187708, 0.6694458255249168, 0.24337140005926589)
-t 2 -c 0.4096 -g 0.03252 -r 2 (83.97904157264696, 0.6408383370941217, 0.27404477821456)
-t 2 -c 1.6384 -g 0.03252 -r 2 (84.38826634030673, 0.6244693463877309, 0.2968805723487547)
-t 2 -c 6.5536 -g 0.03252 -r 2 (84.41121352353998, 0.6235514590584006, 0.30276059570136354)
-t 2 -c 26.2144 -g 0.03252 -r 2 (83.65013194630359, 0.6539947221478564, 0.2858947448303683)
-t 2 -c 104.8576 -g 0.03252 -r 2 (81.92144414273147, 0.7231422342907408, 0.24587604748276748)
-t 2 -c 419.4304 -g 0.03252 -r 2 (80.33808849963667, 0.7864764600145332, 0.21282506811119825)
-t 2 -c 1677.7216 -g 0.03252 -r 2 (79.18690480743489, 0.8325238077026045, 0.19181760443841142)
-t 2 -c 0.0001 -g 0.06504 -r 2 (76.01254446016752, 0.9594982215932994, nan)
-t 2 -c 0.0004 -g 0.06504 -r 2 (76.01254446016752, 0.9594982215932994, nan)
-t 2 -c 0.0016 -g 0.06504 -r 2 (76.01254446016752, 0.9594982215932994, nan)
-t 2 -c 0.0064 -g 0.06504 -r 2 (76.01254446016752, 0.9594982215932994, nan)
-t 2 -c 0.0256 -g 0.06504 -r 2 (81.11829272956744, 0.7552682908173022, 0.1601401781664353)
-t 2 -c 0.1024 -g 0.06504 -r 2 (83.08792595708877, 0.6764829617164493, 0.23764207041078325)
-t 2 -c 0.4096 -g 0.06504 -r 2 (83.93697173671931, 0.6425211305312273, 0.2745233412941925)
-t 2 -c 1.6384 -g 0.06504 -r 2 (84.56801927563392, 0.6172792289746434, 0.3056924676513213)
-t 2 -c 6.5536 -g 0.06504 -r 2 (83.96756798103033, 0.6412972807587869, 0.2935481474882517)
-t 2 -c 26.2144 -g 0.06504 -r 2 (82.05912724213103, 0.7176349103147589, 0.2500666596244105)
-t 2 -c 104.8576 -g 0.06504 -r 2 (80.35721115233105, 0.785711553906758, 0.21415286249134222)
-t 2 -c 419.4304 -g 0.06504 -r 2 (79.56935786132252, 0.8172256855470991, 0.19794114289343662)
-t 2 -c 1677.7216 -g 0.06504 -r 2 (79.37048227330095, 0.8251807090679619, 0.19354410288471985)
