-t 3 -c 0.0001 -g 0.00102 -r 0 (76.01254446016752, 0.9594982215932994, nan)
-t 3 -c 0.0004 -g 0.00102 -r 0 (76.01254446016752, 0.9594982215932994, nan)
-t 3 -c 0.0016 -g 0.00102 -r 0 (76.01254446016752, 0.9594982215932994, nan)
-t 3 -c 0.0064 -g 0.00102 -r 0 (76.01254446016752, 0.9594982215932994, nan)
-t 3 -c 0.0256 -g 0.00102 -r 0 (76.01254446016752, 0.9594982215932994, nan)
-t 3 -c 0.1024 -g 0.00102 -r 0 (76.01254446016752, 0.9594982215932994, nan)
-t 3 -c 0.4096 -g 0.00102 -r 0 (76.01254446016752, 0.9594982215932994, nan)
-t 3 -c 1.6384 -g 0.00102 -r 0 (80.71671702298543, 0.7713313190805828, 0.14817440746155588)
-t 3 -c 6.5536 -g 0.00102 -r 0 (83.88342830917505, 0.6446628676329981, 0.2691585862180291)
-t 3 -c 26.2144 -g 0.00102 -r 0 (84.43416070677324, 0.6226335717290703, 0.29667344428272974)
-t 3 -c 104.8576 -g 0.00102 -r 0 (84.49152866485639, 0.6203388534057445, 0.30472335332428513)
-t 3 -c 419.4304 -g 0.00102 -r 0 (84.39973993192335, 0.6240104027230657, 0.3050591718500138)
-t 3 -c 1677.7216 -g 0.00102 -r 0 (84.441809767851, 0.6223276092859602, 0.30729111109027146)
-t 3 -c 0.0001 -g 0.00203 -r 0 (76.01254446016752, 0.9594982215932994, nan)
-t 3 -c 0.0004 -g 0.00203 -r 0 (76.01254446016752, 0.9594982215932994, nan)
-t 3 -c 0.0016 -g 0.00203 -r 0 (76.01254446016752, 0.9594982215932994, nan)
-t 3 -c 0.0064 -g 0.00203 -r 0 (76.01254446016752, 0.9594982215932994, nan)
-t 3 -c 0.0256 -g 0.00203 -r 0 (76.01254446016752, 0.9594982215932994, nan)
-t 3 -c 0.1024 -g 0.00203 -r 0 (76.01254446016752, 0.9594982215932994, nan)
-t 3 -c 0.4096 -g 0.00203 -r 0 (76.01254446016752, 0.9594982215932994, nan)
-t 3 -c 1.6384 -g 0.00203 -r 0 (83.39771293073775, 0.6640914827704899, 0.2440278565515486)
-t 3 -c 6.5536 -g 0.00203 -r 0 (84.18556622174629, 0.6325773511301488, 0.28327971648775857)
-t 3 -c 26.2144 -g 0.00203 -r 0 (84.42268711515662, 0.6230925153937354, 0.29951254163329255)
-t 3 -c 104.8576 -g 0.00203 -r 0 (84.52977397024516, 0.6188090411901939, 0.3076464747222215)
-t 3 -c 419.4304 -g 0.00203 -r 0 (84.41121352353998, 0.6235514590584006, 0.3063964077008675)
-t 3 -c 1677.7216 -g 0.00203 -r 0 (84.38444180976785, 0.6246223276092859, 0.3056477186166248)
-t 3 -c 0.0001 -g 0.00407 -r 0 (76.01254446016752, 0.9594982215932994, nan)
-t 3 -c 0.0004 -g 0.00407 -r 0 (76.01254446016752, 0.9594982215932994, nan)
-t 3 -c 0.0016 -g 0.00407 -r 0 (76.01254446016752, 0.9594982215932994, nan)
-t 3 -c 0.0064 -g 0.00407 -r 0 (76.01254446016752, 0.9594982215932994, nan)
-t 3 -c 0.0256 -g 0.00407 -r 0 (76.01254446016752, 0.9594982215932994, nan)
-t 3 -c 0.1024 -g 0.00407 -r 0 (76.01254446016752, 0.9594982215932994, nan)
-t 3 -c 0.4096 -g 0.00407 -r 0 (80.71671702298543, 0.7713313190805828, 0.14832858143080058)
-t 3 -c 1.6384 -g 0.00407 -r 0 (83.87960377863617, 0.6448158488545531, 0.2690182853953106)
-t 3 -c 6.5536 -g 0.00407 -r 0 (84.42651164569548, 0.6229395341721804, 0.2964227982818683)
-t 3 -c 26.2144 -g 0.00407 -r 0 (84.48770413431751, 0.6204918346272995, 0.3047009553981868)
-t 3 -c 104.8576 -g 0.00407 -r 0 (84.38826634030673, 0.6244693463877309, 0.30424278891485673)
-t 3 -c 419.4304 -g 0.00407 -r 0 (84.41121352353998, 0.6235514590584006, 0.3069183784051023)
-t 3 -c 1677.7216 -g 0.00407 -r 0 (84.06700577504111, 0.6373197689983554, 0.30105938283036987)
-t 3 -c 0.0001 -g 0.00813 -r 0 (76.01254446016752, 0.9594982215932994, nan)
-t 3 -c 0.0004 -g 0.00813 -r 0 (76.01254446016752, 0.9594982215932994, nan)
-t 3 -c 0.0016 -g 0.00813 -r 0 (76.01254446016752, 0.9594982215932994, nan)
-t 3 -c 0.0064 -g 0.00813 -r 0 (76.01254446016752, 0.9594982215932994, nan)
-t 3 -c 0.0256 -g 0.00813 -r 0 (76.01254446016752, 0.9594982215932994, nan)
-t 3 -c 0.1024 -g 0.00813 -r 0 (76.01254446016752, 0.9594982215932994, nan)
-t 3 -c 0.4096 -g 0.00813 -r 0 (83.39771293073775, 0.6640914827704899, 0.24397187051493333)
-t 3 -c 1.6384 -g 0.00813 -r 0 (84.18556622174629, 0.6325773511301488, 0.28324696182991393)
-t 3 -c 6.5536 -g 0.00813 -r 0 (84.43416070677324, 0.6226335717290703, 0.2998274461614983)
-t 3 -c 26.2144 -g 0.00813 -r 0 (84.49152866485639, 0.6203388534057445, 0.30529412792042954)
-t 3 -c 104.8576 -g 0.00813 -r 0 (84.36914368761235, 0.6252342524955061, 0.30678463555671115)
-t 3 -c 419.4304 -g 0.00813 -r 0 (81.92909320380923, 0.7228362718476307, 0.2523355527351478)
-t 3 -c 1677.7216 -g 0.00813 -r 0 (79.85619765173826, 0.80575209393047, 0.1964280705691391)
-t 3 -c 0.0001 -g 0.01626 -r 0 (76.01254446016752, 0.9594982215932994, nan)
-t 3 -c 0.0004 -g 0.01626 -r 0 (76.01254446016752, 0.9594982215932994, nan)
-t 3 -c 0.0016 -g 0.01626 -r 0 (76.01254446016752, 0.9594982215932994, nan)
-t 3 -c 0.0064 -g 0.01626 -r 0 (76.01254446016752, 0.9594982215932994, nan)
-t 3 -c 0.0256 -g 0.01626 -r 0 (76.01254446016752, 0.9594982215932994, nan)
-t 3 -c 0.1024 -g 0.01626 -r 0 (80.38780739664206, 0.7844877041343176, 0.1375574602640711)
-t 3 -c 0.4096 -g 0.01626 -r 0 (83.9063754924083, 0.6437449803036678, 0.26976369736633754)
-t 3 -c 1.6384 -g 0.01626 -r 0 (84.41503805407886, 0.6233984778368455, 0.2965782639295134)
-t 3 -c 6.5536 -g 0.01626 -r 0 (84.46475695108425, 0.6214097219566298, 0.3046537940723934)
-t 3 -c 26.2144 -g 0.01626 -r 0 (84.05935671396337, 0.6376257314414656, 0.2992392490925993)
-t 3 -c 104.8576 -g 0.01626 -r 0 (80.11244119784297, 0.7955023520862814, 0.205189063756037)
-t 3 -c 419.4304 -g 0.01626 -r 0 (79.46609553677285, 0.8213561785290856, 0.19313602389613568)
-t 3 -c 1677.7216 -g 0.01626 -r 0 (78.73561020384747, 0.8505755918461009, 0.17597912006853036)
-t 3 -c 0.0001 -g 0.03252 -r 0 (76.01254446016752, 0.9594982215932994, nan)
-t 3 -c 0.0004 -g 0.03252 -r 0 (76.01254446016752, 0.9594982215932994, nan)
-t 3 -c 0.0016 -g 0.03252 -r 0 (76.01254446016752, 0.9594982215932994, nan)
-t 3 -c 0.0064 -g 0.03252 -r 0 (76.01254446016752, 0.9594982215932994, nan)
-t 3 -c 0.0256 -g 0.03252 -r 0 (76.01254446016752, 0.9594982215932994, nan)
-t 3 -c 0.1024 -g 0.03252 -r 0 (83.40918652235437, 0.6636325391058248, 0.24343267403781416)
-t 3 -c 0.4096 -g 0.03252 -r 0 (84.22763605767392, 0.6308945576930431, 0.28451654041327923)
-t 3 -c 1.6384 -g 0.03252 -r 0 (84.4571078900065, 0.6217156843997399, 0.30226064076555736)
-t 3 -c 6.5536 -g 0.03252 -r 0 (81.89849695949822, 0.7240601216200712, 0.2474918058857097)
-t 3 -c 26.2144 -g 0.03252 -r 0 (79.33606149845106, 0.8265575400619574, 0.18959599521404788)
-t 3 -c 104.8576 -g 0.03252 -r 0 (78.52526102420927, 0.8589895590316289, 0.1713272883357494)
-t 3 -c 419.4304 -g 0.03252 -r 0 (78.93448579186905, 0.8426205683252381, 0.18120969162247197)
-t 3 -c 1677.7216 -g 0.03252 -r 0 (78.90388954755804, 0.8438444180976785, 0.18012344140768444)
-t 3 -c 0.0001 -g 0.06504 -r 0 (76.01254446016752, 0.9594982215932994, nan)
-t 3 -c 0.0004 -g 0.06504 -r 0 (76.01254446016752, 0.9594982215932994, nan)
-t 3 -c 0.0016 -g 0.06504 -r 0 (76.01254446016752, 0.9594982215932994, nan)
-t 3 -c 0.0064 -g 0.06504 -r 0 (76.01254446016752, 0.9594982215932994, nan)
-t 3 -c 0.0256 -g 0.06504 -r 0 (77.8444945882893, 0.8862202164684285, 0.05755159546405318)
-t 3 -c 0.1024 -g 0.06504 -r 0 (83.96756798103033, 0.6412972807587869, 0.26821769474408175)
-t 3 -c 0.4096 -g 0.06504 -r 0 (84.101426549891, 0.63594293800436, 0.2896007352789023)
-t 3 -c 1.6384 -g 0.06504 -r 0 (79.35135962060657, 0.8259456151757372, 0.18732801397631896)
-t 3 -c 6.5536 -g 0.06504 -r 0 (78.6514705319922, 0.853941178720312, 0.170976710721321)
-t 3 -c 26.2144 -g 0.06504 -r 0 (77.19814892721918, 0.9120740429112326, 0.14129011710225253)
-t 3 -c 104.8576 -g 0.06504 -r 0 (78.30343825295445, 0.867862469881822, 0.16518670168405702)
-t 3 -c 419.4304 -g 0.06504 -r 0 (77.13695643859717, 0.9145217424561135, 0.14178143963315856)
-t 3 -c 1677.7216 -g 0.06504 -r 0 (77.96687956553333, 0.8813248173786667, 0.1604755182834637)
-t 3 -c 0.0001 -g 0.00102 -r 1 (76.01254446016752, 0.9594982215932994, nan)
-t 3 -c 0.0004 -g 0.00102 -r 1 (76.01254446016752, 0.9594982215932994, nan)
-t 3 -c 0.0016 -g 0.00102 -r 1 (76.01254446016752, 0.9594982215932994, nan)
-t 3 -c 0.0064 -g 0.00102 -r 1 (76.01254446016752, 0.9594982215932994, nan)
-t 3 -c 0.0256 -g 0.00102 -r 1 (76.01254446016752, 0.9594982215932994, nan)
-t 3 -c 0.1024 -g 0.00102 -r 1 (76.01254446016752, 0.9594982215932994, nan)
-t 3 -c 0.4096 -g 0.00102 -r 1 (76.01254446016752, 0.9594982215932994, nan)
-t 3 -c 1.6384 -g 0.00102 -r 1 (76.01254446016752, 0.9594982215932994, nan)
-t 3 -c 6.5536 -g 0.00102 -r 1 (83.21413546487169, 0.6714345814051326, 0.23566976264974976)
-t 3 -c 26.2144 -g 0.00102 -r 1 (84.15496997743527, 0.6338012009025892, 0.28092170518421145)
-t 3 -c 104.8576 -g 0.00102 -r 1 (84.50300225647302, 0.6198799097410793, 0.3017633684715468)
-t 3 -c 419.4304 -g 0.00102 -r 1 (84.4571078900065, 0.6217156843997399, 0.3044066020104757)
-t 3 -c 1677.7216 -g 0.00102 -r 1 (84.40356446246223, 0.6238574215015107, 0.3079055681759094)
-t 3 -c 0.0001 -g 0.00203 -r 1 (76.01254446016752, 0.9594982215932994, nan)
-t 3 -c 0.0004 -g 0.00203 -r 1 (76.01254446016752, 0.9594982215932994, nan)
-t 3 -c 0.0016 -g 0.00203 -r 1 (76.01254446016752, 0.9594982215932994, nan)
-t 3 -c 0.0064 -g 0.00203 -r 1 (76.01254446016752, 0.9594982215932994, nan)
-t 3 -c 0.0256 -g 0.00203 -r 1 (76.01254446016752, 0.9594982215932994, nan)
-t 3 -c 0.1024 -g 0.00203 -r 1 (76.01254446016752, 0.9594982215932994, nan)
-t 3 -c 0.4096 -g 0.00203 -r 1 (76.01254446016752, 0.9594982215932994, nan)
-t 3 -c 1.6384 -g 0.00203 -r 1 (78.37227980265422, 0.865108807893831, 0.07374939760780092)
-t 3 -c 6.5536 -g 0.00203 -r 1 (83.7763414540865, 0.6489463418365395, 0.26353746057642546)
-t 3 -c 26.2144 -g 0.00203 -r 1 (84.38061727922897, 0.624775308830841, 0.2938020785566354)
-t 3 -c 104.8576 -g 0.00203 -r 1 (84.45328335946762, 0.621868665621295, 0.303688521986042)
-t 3 -c 419.4304 -g 0.00203 -r 1 (84.3614946265346, 0.6255402149386163, 0.3055694744360048)
-t 3 -c 1677.7216 -g 0.00203 -r 1 (81.16801162657283, 0.7532795349370864, 0.23309531623541058)
-t 3 -c 0.0001 -g 0.00407 -r 1 (76.01254446016752, 0.9594982215932994, nan)
-t 3 -c 0.0004 -g 0.00407 -r 1 (76.01254446016752, 0.9594982215932994, nan)
-t 3 -c 0.0016 -g 0.00407 -r 1 (76.01254446016752, 0.9594982215932994, nan)
-t 3 -c 0.0064 -g 0.00407 -r 1 (76.01254446016752, 0.9594982215932994, nan)
-t 3 -c 0.0256 -g 0.00407 -r 1 (76.01254446016752, 0.9594982215932994, nan)
-t 3 -c 0.1024 -g 0.00407 -r 1 (76.01254446016752, 0.9594982215932994, nan)
-t 3 -c 0.4096 -g 0.00407 -r 1 (76.01254446016752, 0.9594982215932994, nan)
-t 3 -c 1.6384 -g 0.00407 -r 1 (83.13382032355528, 0.6746471870577887, 0.2322750547083284)
-t 3 -c 6.5536 -g 0.00407 -r 1 (84.15496997743527, 0.6338012009025892, 0.28098494707150634)
-t 3 -c 26.2144 -g 0.00407 -r 1 (84.4571078900065, 0.6217156843997399, 0.300923077628493)
-t 3 -c 104.8576 -g 0.00407 -r 1 (84.43033617623436, 0.6227865529506253, 0.3058278628810418)
-t 3 -c 419.4304 -g 0.00407 -r 1 (81.1412399128007, 0.7543504034879719, 0.23203333114074257)
-t 3 -c 1677.7216 -g 0.00407 -r 1 (80.02447699544881, 0.7990209201820476, 0.20356736018926835)
-t 3 -c 0.0001 -g 0.00813 -r 1 (76.01254446016752, 0.9594982215932994, nan)
-t 3 -c 0.0004 -g 0.00813 -r 1 (76.01254446016752, 0.9594982215932994, nan)
-t 3 -c 0.0016 -g 0.00813 -r 1 (76.01254446016752, 0.9594982215932994, nan)
-t 3 -c 0.0064 -g 0.00813 -r 1 (76.01254446016752, 0.9594982215932994, nan)
-t 3 -c 0.0256 -g 0.00813 -r 1 (76.01254446016752, 0.9594982215932994, nan)
-t 3 -c 0.1024 -g 0.00813 -r 1 (76.01254446016752, 0.9594982215932994, nan)
-t 3 -c 0.4096 -g 0.00813 -r 1 (77.8253719355949, 0.8869851225762038, 0.05671297133699972)
-t 3 -c 1.6384 -g 0.00813 -r 1 (83.8107622289364, 0.6475695108425441, 0.26386975691688425)
-t 3 -c 6.5536 -g 0.00813 -r 1 (84.4073889930011, 0.6237044402799556, 0.29462694651323196)
-t 3 -c 26.2144 -g 0.00813 -r 1 (84.46858148162313, 0.6212567407350748, 0.3051281446916544)
-t 3 -c 104.8576 -g 0.00813 -r 1 (81.14506444333958, 0.7541974222664168, 0.23172859281351182)
-t 3 -c 419.4304 -g 0.00813 -r 1 (79.76440891880522, 0.8094236432477914, 0.19846270526826143)
-t 3 -c 1677.7216 -g 0.00813 -r 1 (78.42582323019849, 0.8629670707920603, 0.16930092186349657)
-t 3 -c 0.0001 -g 0.01626 -r 1 (76.01254446016752, 0.9594982215932994, nan)
-t 3 -c 0.0004 -g 0.01626 -r 1 (76.01254446016752, 0.9594982215932994, nan)
-t 3 -c 0.0016 -g 0.01626 -r 1 (76.01254446016752, 0.9594982215932994, nan)
-t 3 -c 0.0064 -g 0.01626 -r 1 (76.01254446016752, 0.9594982215932994, nan)
-t 3 -c 0.0256 -g 0.01626 -r 1 (76.01254446016752, 0.9594982215932994, nan)
-t 3 -c 0.1024 -g 0.01626 -r 1 (76.01254446016752, 0.9594982215932994, nan)
-t 3 -c 0.4096 -g 0.01626 -r 1 (82.7437182085899, 0.6902512716564042, 0.21702173502179956)
-t 3 -c 1.6384 -g 0.01626 -r 1 (84.11290014150762, 0.6354839943396948, 0.2798085074621218)
-t 3 -c 6.5536 -g 0.01626 -r 1 (84.43416070677324, 0.6226335717290703, 0.30080347872243846)
-t 3 -c 26.2144 -g 0.01626 -r 1 (80.87352277507937, 0.7650590889968256, 0.2235426153755504)
-t 3 -c 104.8576 -g 0.01626 -r 1 (79.27486900982905, 0.8290052396068383, 0.1812326020841415)
-t 3 -c 419.4304 -g 0.01626 -r 1 (78.73943473438635, 0.8504226106245458, 0.17205788627417534)
-t 3 -c 1677.7216 -g 0.01626 -r 1 (77.9056870769113, 0.8837725169235476, 0.15693137343192815)
-t 3 -c 0.0001 -g 0.03252 -r 1 (76.01254446016752, 0.9594982215932994, nan)
-t 3 -c 0.0004 -g 0.03252 -r 1 (76.01254446016752, 0.9594982215932994, nan)
-t 3 -c 0.0016 -g 0.03252 -r 1 (76.01254446016752, 0.9594982215932994, nan)
-t 3 -c 0.0064 -g 0.03252 -r 1 (76.01254446016752, 0.9594982215932994, nan)
-t 3 -c 0.0256 -g 0.03252 -r 1 (76.01254446016752, 0.9594982215932994, nan)
-t 3 -c 0.1024 -g 0.03252 -r 1 (76.01254446016752, 0.9594982215932994, nan)
-t 3 -c 0.4096 -g 0.03252 -r 1 (83.75721880139213, 0.6497112479443148, 0.2565055140443074)
-t 3 -c 1.6384 -g 0.03252 -r 1 (84.20086434390178, 0.6319654262439286, 0.289430065859079)
-t 3 -c 6.5536 -g 0.03252 -r 1 (80.57138486250813, 0.7771446054996749, 0.21490616292328468)
-t 3 -c 26.2144 -g 0.03252 -r 1 (79.08364248288522, 0.836654300684591, 0.17456499048643756)
-t 3 -c 104.8576 -g 0.03252 -r 1 (77.35877920985199, 0.9056488316059204, 0.1449242736664006)
-t 3 -c 419.4304 -g 0.03252 -r 1 (77.14460549967491, 0.9142157800130034, 0.14173228635304752)
-t 3 -c 1677.7216 -g 0.03252 -r 1 (77.99365127930547, 0.8802539488277814, 0.16108620057061737)
-t 3 -c 0.0001 -g 0.06504 -r 1 (76.01254446016752, 0.9594982215932994, nan)
-t 3 -c 0.0004 -g 0.06504 -r 1 (76.01254446016752, 0.9594982215932994, nan)
-t 3 -c 0.0016 -g 0.06504 -r 1 (76.01254446016752, 0.9594982215932994, nan)
-t 3 -c 0.0064 -g 0.06504 -r 1 (76.01254446016752, 0.9594982215932994, nan)
-t 3 -c 0.0256 -g 0.06504 -r 1 (76.01254446016752, 0.9594982215932994, nan)
-t 3 -c 0.1024 -g 0.06504 -r 1 (76.84629211764256, 0.9261483152942976, 0.026038775747504746)
-t 3 -c 0.4096 -g 0.06504 -r 1 (83.39771293073775, 0.6640914827704899, 0.24470955274462958)
-t 3 -c 1.6384 -g 0.06504 -r 1 (80.10861666730409, 0.7956553333078364, 0.20276897002268812)
-t 3 -c 6.5536 -g 0.06504 -r 1 (78.1504570313994, 0.8739817187440242, 0.15341791849300063)
-t 3 -c 26.2144 -g 0.06504 -r 1 (77.44291888170727, 0.9022832447317092, 0.14860369085981978)
-t 3 -c 104.8576 -g 0.06504 -r 1 (77.17137721344704, 0.9131449114621181, 0.14035549957999868)
-t 3 -c 419.4304 -g 0.06504 -r 1 (77.21727157991357, 0.9113091368034574, 0.14124782973507677)
-t 3 -c 1677.7216 -g 0.06504 -r 1 (77.2134470493747, 0.9114621180250124, 0.1411947082158986)
-t 3 -c 0.0001 -g 0.00102 -r 2 (76.01254446016752, 0.9594982215932994, nan)
-t 3 -c 0.0004 -g 0.00102 -r 2 (76.01254446016752, 0.9594982215932994, nan)
-t 3 -c 0.0016 -g 0.00102 -r 2 (76.01254446016752, 0.9594982215932994, nan)
-t 3 -c 0.0064 -g 0.00102 -r 2 (76.01254446016752, 0.9594982215932994, nan)
-t 3 -c 0.0256 -g 0.00102 -r 2 (76.01254446016752, 0.9594982215932994, nan)
-t 3 -c 0.1024 -g 0.00102 -r 2 (76.01254446016752, 0.9594982215932994, nan)
-t 3 -c 0.4096 -g 0.00102 -r 2 (76.01254446016752, 0.9594982215932994, nan)
-t 3 -c 1.6384 -g 0.00102 -r 2 (76.01254446016752, 0.9594982215932994, nan)
-t 3 -c 6.5536 -g 0.00102 -r 2 (76.01254446016752, 0.9594982215932994, nan)
-t 3 -c 26.2144 -g 0.00102 -r 2 (81.82965540979845, 0.7268137836080621, 0.18475843126272384)
-t 3 -c 104.8576 -g 0.00102 -r 2 (83.99433969480246, 0.6402264122079014, 0.2736260063019504)
-t 3 -c 419.4304 -g 0.00102 -r 2 (84.44563429838988, 0.622174628064405, 0.29861938285503975)
-t 3 -c 1677.7216 -g 0.00102 -r 2 (84.43798523731212, 0.6224805905075153, 0.30385092900478383)
-t 3 -c 0.0001 -g 0.00203 -r 2 (76.01254446016752, 0.9594982215932994, nan)
-t 3 -c 0.0004 -g 0.00203 -r 2 (76.01254446016752, 0.9594982215932994, nan)
-t 3 -c 0.0016 -g 0.00203 -r 2 (76.01254446016752, 0.9594982215932994, nan)
-t 3 -c 0.0064 -g 0.00203 -r 2 (76.01254446016752, 0.9594982215932994, nan)
-t 3 -c 0.0256 -g 0.00203 -r 2 (76.01254446016752, 0.9594982215932994, nan)
-t 3 -c 0.1024 -g 0.00203 -r 2 (76.01254446016752, 0.9594982215932994, nan)
-t 3 -c 0.4096 -g 0.00203 -r 2 (76.01254446016752, 0.9594982215932994, nan)
-t 3 -c 1.6384 -g 0.00203 -r 2 (76.01254446016752, 0.9594982215932994, nan)
-t 3 -c 6.5536 -g 0.00203 -r 2 (76.01254446016752, 0.9594982215932994, nan)
-t 3 -c 26.2144 -g 0.00203 -r 2 (83.55451868283168, 0.6578192526867327, 0.25086750432410493)
-t 3 -c 104.8576 -g 0.00203 -r 2 (84.2161624660573, 0.6313535013577083, 0.2852787040245556)
-t 3 -c 419.4304 -g 0.00203 -r 2 (84.45328335946762, 0.621868665621295, 0.30164109089342034)
-t 3 -c 1677.7216 -g 0.00203 -r 2 (84.39973993192335, 0.6240104027230657, 0.30587719338745445)
-t 3 -c 0.0001 -g 0.00407 -r 2 (76.01254446016752, 0.9594982215932994, nan)
-t 3 -c 0.0004 -g 0.00407 -r 2 (76.01254446016752, 0.9594982215932994, nan)
-t 3 -c 0.0016 -g 0.00407 -r 2 (76.01254446016752, 0.9594982215932994, nan)
-t 3 -c 0.0064 -g 0.00407 -r 2 (76.01254446016752, 0.9594982215932994, nan)
-t 3 -c 0.0256 -g 0.00407 -r 2 (76.01254446016752, 0.9594982215932994, nan)
-t 3 -c 0.1024 -g 0.00407 -r 2 (76.01254446016752, 0.9594982215932994, nan)
-t 3 -c 0.4096 -g 0.00407 -r 2 (76.01254446016752, 0.9594982215932994, nan)
-t 3 -c 1.6384 -g 0.00407 -r 2 (76.01254446016752, 0.9594982215932994, nan)
-t 3 -c 6.5536 -g 0.00407 -r 2 (81.3362909702834, 0.7465483611886641, 0.1685095630821708)
-t 3 -c 26.2144 -g 0.00407 -r 2 (83.96756798103033, 0.6412972807587869, 0.2723697766047066)
-t 3 -c 104.8576 -g 0.00407 -r 2 (84.46093242054538, 0.6215627031781848, 0.29949554628354846)
-t 3 -c 419.4304 -g 0.00407 -r 2 (84.441809767851, 0.6223276092859602, 0.30490910229847096)
-t 3 -c 1677.7216 -g 0.00407 -r 2 (81.69579684093777, 0.732168126362489, 0.24557127828283581)
-t 3 -c 0.0001 -g 0.00813 -r 2 (76.01254446016752, 0.9594982215932994, nan)
-t 3 -c 0.0004 -g 0.00813 -r 2 (76.01254446016752, 0.9594982215932994, nan)
-t 3 -c 0.0016 -g 0.00813 -r 2 (76.01254446016752, 0.9594982215932994, nan)
-t 3 -c 0.0064 -g 0.00813 -r 2 (76.01254446016752, 0.9594982215932994, nan)
-t 3 -c 0.0256 -g 0.00813 -r 2 (76.01254446016752, 0.9594982215932994, nan)
-t 3 -c 0.1024 -g 0.00813 -r 2 (76.01254446016752, 0.9594982215932994, nan)
-t 3 -c 0.4096 -g 0.00813 -r 2 (76.01254446016752, 0.9594982215932994, nan)
-t 3 -c 1.6384 -g 0.00813 -r 2 (76.01254446016752, 0.9594982215932994, nan)
-t 3 -c 6.5536 -g 0.00813 -r 2 (83.5353960301373, 0.6585841587945079, 0.2485889839503565)
-t 3 -c 26.2144 -g 0.00813 -r 2 (84.21998699659616, 0.6312005201361532, 0.28495393529668334)
-t 3 -c 104.8576 -g 0.00813 -r 2 (84.46475695108425, 0.6214097219566298, 0.302988057650155)
-t 3 -c 419.4304 -g 0.00813 -r 2 (81.58488545531036, 0.7366045817875856, 0.24365779849474262)
-t 3 -c 1677.7216 -g 0.00813 -r 2 (79.68409377748881, 0.8126362489004475, 0.18863875346513273)
-t 3 -c 0.0001 -g 0.01626 -r 2 (76.01254446016752, 0.9594982215932994, nan)
-t 3 -c 0.0004 -g 0.01626 -r 2 (76.01254446016752, 0.9594982215932994, nan)
-t 3 -c 0.0016 -g 0.01626 -r 2 (76.01254446016752, 0.9594982215932994, nan)
-t 3 -c 0.0064 -g 0.01626 -r 2 (76.01254446016752, 0.9594982215932994, nan)
-t 3 -c 0.0256 -g 0.01626 -r 2 (76.01254446016752, 0.9594982215932994, nan)
-t 3 -c 0.1024 -g 0.01626 -r 2 (76.01254446016752, 0.9594982215932994, nan)
-t 3 -c 0.4096 -g 0.01626 -r 2 (76.01254446016752, 0.9594982215932994, nan)
-t 3 -c 1.6384 -g 0.01626 -r 2 (78.86564424216927, 0.845374230313229, 0.08885150708508091)
-t 3 -c 6.5536 -g 0.01626 -r 2 (83.92932267564157, 0.6428270929743374, 0.2693123063949208)
-t 3 -c 26.2144 -g 0.01626 -r 2 (84.28500401575707, 0.6285998393697174, 0.29393031797791447)
-t 3 -c 104.8576 -g 0.01626 -r 2 (81.34011550082228, 0.746395379967109, 0.23565558276538048)
-t 3 -c 419.4304 -g 0.01626 -r 2 (79.64967300263892, 0.8140130798944429, 0.1924597501714477)
-t 3 -c 1677.7216 -g 0.01626 -r 2 (77.98600221822771, 0.8805599112708915, 0.15812416122790945)
-t 3 -c 0.0001 -g 0.03252 -r 2 (76.01254446016752, 0.9594982215932994, nan)
-t 3 -c 0.0004 -g 0.03252 -r 2 (76.01254446016752, 0.9594982215932994, nan)
-t 3 -c 0.0016 -g 0.03252 -r 2 (76.01254446016752, 0.9594982215932994, nan)
-t 3 -c 0.0064 -g 0.03252 -r 2 (76.01254446016752, 0.9594982215932994, nan)
-t 3 -c 0.0256 -g 0.03252 -r 2 (76.01254446016752, 0.9594982215932994, nan)
-t 3 -c 0.1024 -g 0.03252 -r 2 (76.01254446016752, 0.9594982215932994, nan)
-t 3 -c 0.4096 -g 0.03252 -r 2 (76.01254446016752, 0.9594982215932994, nan)
-t 3 -c 1.6384 -g 0.03252 -r 2 (82.52189543733506, 0.6991241825065974, 0.209004918447763)
-t 3 -c 6.5536 -g 0.03252 -r 2 (84.20468887444066, 0.6318124450223735, 0.28445171138536435)
-t 3 -c 26.2144 -g 0.03252 -r 2 (81.51604390561059, 0.7393582437755766, 0.2400138943332488)
-t 3 -c 104.8576 -g 0.03252 -r 2 (78.20782498948255, 0.8716870004206984, 0.16120256992943574)
-t 3 -c 419.4304 -g 0.03252 -r 2 (77.17520174398592, 0.912991930240563, 0.1423615221798365)
-t 3 -c 1677.7216 -g 0.03252 -r 2 (76.87688836195358, 0.9249244655218571, 0.13669526553495714)
-t 3 -c 0.0001 -g 0.06504 -r 2 (76.01254446016752, 0.9594982215932994, nan)
-t 3 -c 0.0004 -g 0.06504 -r 2 (76.01254446016752, 0.9594982215932994, nan)
-t 3 -c 0.0016 -g 0.06504 -r 2 (76.01254446016752, 0.9594982215932994, nan)
-t 3 -c 0.0064 -g 0.06504 -r 2 (76.01254446016752, 0.9594982215932994, nan)
-t 3 -c 0.0256 -g 0.06504 -r 2 (76.01254446016752, 0.9594982215932994, nan)
-t 3 -c 0.1024 -g 0.06504 -r 2 (76.01254446016752, 0.9594982215932994, nan)
-t 3 -c 0.4096 -g 0.06504 -r 2 (76.01254446016752, 0.9594982215932994, nan)
-t 3 -c 1.6384 -g 0.06504 -r 2 (82.2733009523081, 0.7090679619076758, 0.20028078228443846)
-t 3 -c 6.5536 -g 0.06504 -r 2 (81.99411022297014, 0.7202355910811948, 0.22807814034912893)
-t 3 -c 26.2144 -g 0.06504 -r 2 (77.1637281523693, 0.9134508739052282, 0.14308147048391237)
-t 3 -c 104.8576 -g 0.06504 -r 2 (77.27081500745784, 0.9091673997016866, 0.14132801410059206)
-t 3 -c 419.4304 -g 0.06504 -r 2 (77.06046582781964, 0.9175813668872146, 0.13755300285871958)
-t 3 -c 1677.7216 -g 0.06504 -r 2 (77.21727157991357, 0.9113091368034574, 0.1437720505670205)
