0.001 constant (100, 20) logistic lbfgs
             precision    recall  f1-score   support

        1.0       0.91      0.95      0.93       303
        2.0       0.96      0.88      0.92       280
        3.0       0.95      0.96      0.96       603

avg / total       0.94      0.94      0.94      1186

0.001 constant (200, 50) logistic lbfgs
             precision    recall  f1-score   support

        1.0       0.88      0.96      0.92       303
        2.0       0.94      0.90      0.92       280
        3.0       0.96      0.94      0.95       603

avg / total       0.94      0.94      0.94      1186

0.001 constant (100, 200, 30) logistic lbfgs
             precision    recall  f1-score   support

        1.0       0.89      0.94      0.92       303
        2.0       0.93      0.90      0.91       280
        3.0       0.96      0.95      0.95       603

avg / total       0.93      0.93      0.93      1186

0.001 constant (100, 300, 40) logistic lbfgs
             precision    recall  f1-score   support

        1.0       0.87      0.91      0.89       303
        2.0       0.93      0.89      0.91       280
        3.0       0.94      0.94      0.94       603

avg / total       0.92      0.92      0.92      1186

0.001 constant (100, 20) logistic sgd
             precision    recall  f1-score   support

        1.0       0.00      0.00      0.00       303
        2.0       0.00      0.00      0.00       280
        3.0       0.51      1.00      0.67       603

avg / total       0.26      0.51      0.34      1186

0.001 constant (200, 50) logistic sgd
             precision    recall  f1-score   support

        1.0       0.00      0.00      0.00       303
        2.0       0.00      0.00      0.00       280
        3.0       0.51      1.00      0.67       603

avg / total       0.26      0.51      0.34      1186

0.001 constant (100, 200, 30) logistic sgd
             precision    recall  f1-score   support

        1.0       0.00      0.00      0.00       303
        2.0       0.00      0.00      0.00       280
        3.0       0.51      1.00      0.67       603

avg / total       0.26      0.51      0.34      1186

0.001 constant (100, 300, 40) logistic sgd
             precision    recall  f1-score   support

        1.0       0.00      0.00      0.00       303
        2.0       0.00      0.00      0.00       280
        3.0       0.51      1.00      0.67       603

avg / total       0.26      0.51      0.34      1186

0.001 constant (100, 20) logistic adam
             precision    recall  f1-score   support

        1.0       0.92      0.94      0.93       303
        2.0       0.95      0.91      0.93       280
        3.0       0.96      0.97      0.96       603

avg / total       0.95      0.95      0.95      1186

0.001 constant (200, 50) logistic adam
             precision    recall  f1-score   support

        1.0       0.93      0.94      0.93       303
        2.0       0.93      0.90      0.91       280
        3.0       0.95      0.96      0.96       603

avg / total       0.94      0.94      0.94      1186

0.001 constant (100, 200, 30) logistic adam
             precision    recall  f1-score   support

        1.0       0.93      0.93      0.93       303
        2.0       0.93      0.91      0.92       280
        3.0       0.96      0.97      0.96       603

avg / total       0.95      0.95      0.95      1186

0.001 constant (100, 300, 40) logistic adam
             precision    recall  f1-score   support

        1.0       0.91      0.94      0.92       303
        2.0       0.94      0.91      0.92       280
        3.0       0.95      0.95      0.95       603

avg / total       0.94      0.94      0.94      1186

0.001 constant (100, 20) tanh lbfgs
             precision    recall  f1-score   support

        1.0       0.94      0.94      0.94       303
        2.0       0.93      0.90      0.92       280
        3.0       0.95      0.96      0.96       603

avg / total       0.94      0.94      0.94      1186

0.001 constant (200, 50) tanh lbfgs
             precision    recall  f1-score   support

        1.0       0.93      0.94      0.94       303
        2.0       0.91      0.90      0.91       280
        3.0       0.95      0.95      0.95       603

avg / total       0.94      0.94      0.94      1186

0.001 constant (100, 200, 30) tanh lbfgs
             precision    recall  f1-score   support

        1.0       0.92      0.93      0.93       303
        2.0       0.93      0.90      0.91       280
        3.0       0.95      0.96      0.95       603

avg / total       0.94      0.94      0.94      1186

0.001 constant (100, 300, 40) tanh lbfgs
             precision    recall  f1-score   support

        1.0       0.93      0.93      0.93       303
        2.0       0.91      0.90      0.91       280
        3.0       0.95      0.95      0.95       603

avg / total       0.94      0.94      0.94      1186

0.001 constant (100, 20) tanh sgd
             precision    recall  f1-score   support

        1.0       0.90      0.95      0.93       303
        2.0       0.95      0.90      0.92       280
        3.0       0.96      0.96      0.96       603

avg / total       0.94      0.94      0.94      1186

0.001 constant (200, 50) tanh sgd
             precision    recall  f1-score   support

        1.0       0.91      0.96      0.93       303
        2.0       0.94      0.91      0.92       280
        3.0       0.97      0.96      0.96       603

avg / total       0.94      0.94      0.94      1186

0.001 constant (100, 200, 30) tanh sgd
             precision    recall  f1-score   support

        1.0       0.91      0.96      0.93       303
        2.0       0.93      0.91      0.92       280
        3.0       0.97      0.95      0.96       603

avg / total       0.94      0.94      0.94      1186

0.001 constant (100, 300, 40) tanh sgd
             precision    recall  f1-score   support

        1.0       0.92      0.96      0.94       303
        2.0       0.93      0.91      0.92       280
        3.0       0.97      0.96      0.96       603

avg / total       0.95      0.95      0.95      1186

0.001 constant (100, 20) tanh adam
             precision    recall  f1-score   support

        1.0       0.91      0.95      0.93       303
        2.0       0.94      0.92      0.93       280
        3.0       0.96      0.95      0.96       603

avg / total       0.94      0.94      0.94      1186

0.001 constant (200, 50) tanh adam
             precision    recall  f1-score   support

        1.0       0.93      0.95      0.94       303
        2.0       0.93      0.93      0.93       280
        3.0       0.96      0.96      0.96       603

avg / total       0.95      0.95      0.95      1186

0.001 constant (100, 200, 30) tanh adam
             precision    recall  f1-score   support

        1.0       0.93      0.96      0.94       303
        2.0       0.93      0.91      0.92       280
        3.0       0.96      0.96      0.96       603

avg / total       0.95      0.95      0.95      1186

0.001 constant (100, 300, 40) tanh adam
             precision    recall  f1-score   support

        1.0       0.94      0.95      0.95       303
        2.0       0.92      0.92      0.92       280
        3.0       0.96      0.96      0.96       603

avg / total       0.95      0.95      0.95      1186

0.001 constant (100, 20) relu lbfgs
             precision    recall  f1-score   support

        1.0       0.91      0.93      0.92       303
        2.0       0.91      0.91      0.91       280
        3.0       0.95      0.94      0.94       603

avg / total       0.93      0.93      0.93      1186

0.001 constant (200, 50) relu lbfgs
             precision    recall  f1-score   support

        1.0       0.93      0.93      0.93       303
        2.0       0.92      0.91      0.92       280
        3.0       0.95      0.95      0.95       603

avg / total       0.94      0.94      0.94      1186

0.001 constant (100, 200, 30) relu lbfgs
             precision    recall  f1-score   support

        1.0       0.92      0.93      0.92       303
        2.0       0.93      0.91      0.92       280
        3.0       0.95      0.95      0.95       603

avg / total       0.94      0.94      0.94      1186

0.001 constant (100, 300, 40) relu lbfgs
             precision    recall  f1-score   support

        1.0       0.91      0.94      0.93       303
        2.0       0.93      0.90      0.92       280
        3.0       0.95      0.95      0.95       603

avg / total       0.94      0.94      0.94      1186

0.001 constant (100, 20) relu sgd
             precision    recall  f1-score   support

        1.0       0.90      0.95      0.92       303
        2.0       0.94      0.90      0.92       280
        3.0       0.96      0.95      0.96       603

avg / total       0.94      0.94      0.94      1186

0.001 constant (200, 50) relu sgd
             precision    recall  f1-score   support

        1.0       0.91      0.96      0.93       303
        2.0       0.93      0.89      0.91       280
        3.0       0.96      0.95      0.96       603

avg / total       0.94      0.94      0.94      1186

0.001 constant (100, 200, 30) relu sgd
             precision    recall  f1-score   support

        1.0       0.92      0.95      0.93       303
        2.0       0.94      0.91      0.92       280
        3.0       0.96      0.96      0.96       603

avg / total       0.94      0.94      0.94      1186

0.001 constant (100, 300, 40) relu sgd
             precision    recall  f1-score   support

        1.0       0.91      0.94      0.93       303
        2.0       0.93      0.91      0.92       280
        3.0       0.96      0.95      0.96       603

avg / total       0.94      0.94      0.94      1186

0.001 constant (100, 20) relu adam
             precision    recall  f1-score   support

        1.0       0.93      0.94      0.93       303
        2.0       0.94      0.91      0.92       280
        3.0       0.96      0.96      0.96       603

avg / total       0.94      0.94      0.94      1186

0.001 constant (200, 50) relu adam
             precision    recall  f1-score   support

        1.0       0.91      0.95      0.93       303
        2.0       0.94      0.91      0.92       280
        3.0       0.96      0.96      0.96       603

avg / total       0.94      0.94      0.94      1186

0.001 constant (100, 200, 30) relu adam
             precision    recall  f1-score   support

        1.0       0.93      0.94      0.93       303
        2.0       0.92      0.92      0.92       280
        3.0       0.96      0.96      0.96       603

avg / total       0.94      0.94      0.94      1186

0.001 constant (100, 300, 40) relu adam
             precision    recall  f1-score   support

        1.0       0.91      0.94      0.92       303
        2.0       0.93      0.90      0.92       280
        3.0       0.96      0.95      0.96       603

avg / total       0.94      0.94      0.94      1186

0.001 adaptive (100, 20) logistic lbfgs
             precision    recall  f1-score   support

        1.0       0.91      0.95      0.93       303
        2.0       0.96      0.88      0.92       280
        3.0       0.95      0.96      0.96       603

avg / total       0.94      0.94      0.94      1186

0.001 adaptive (200, 50) logistic lbfgs
             precision    recall  f1-score   support

        1.0       0.88      0.96      0.92       303
        2.0       0.94      0.90      0.92       280
        3.0       0.96      0.94      0.95       603

avg / total       0.94      0.94      0.94      1186

0.001 adaptive (100, 200, 30) logistic lbfgs
             precision    recall  f1-score   support

        1.0       0.89      0.94      0.92       303
        2.0       0.93      0.90      0.91       280
        3.0       0.96      0.95      0.95       603

avg / total       0.93      0.93      0.93      1186

0.001 adaptive (100, 300, 40) logistic lbfgs
             precision    recall  f1-score   support

        1.0       0.87      0.91      0.89       303
        2.0       0.93      0.89      0.91       280
        3.0       0.94      0.94      0.94       603

avg / total       0.92      0.92      0.92      1186

0.001 adaptive (100, 20) logistic sgd
             precision    recall  f1-score   support

        1.0       0.00      0.00      0.00       303
        2.0       0.00      0.00      0.00       280
        3.0       0.51      1.00      0.67       603

avg / total       0.26      0.51      0.34      1186

0.001 adaptive (200, 50) logistic sgd
             precision    recall  f1-score   support

        1.0       0.00      0.00      0.00       303
        2.0       0.00      0.00      0.00       280
        3.0       0.51      1.00      0.67       603

avg / total       0.26      0.51      0.34      1186

0.001 adaptive (100, 200, 30) logistic sgd
             precision    recall  f1-score   support

        1.0       0.00      0.00      0.00       303
        2.0       0.00      0.00      0.00       280
        3.0       0.51      1.00      0.67       603

avg / total       0.26      0.51      0.34      1186

0.001 adaptive (100, 300, 40) logistic sgd
             precision    recall  f1-score   support

        1.0       0.00      0.00      0.00       303
        2.0       0.00      0.00      0.00       280
        3.0       0.51      1.00      0.67       603

avg / total       0.26      0.51      0.34      1186

0.001 adaptive (100, 20) logistic adam
             precision    recall  f1-score   support

        1.0       0.92      0.94      0.93       303
        2.0       0.95      0.91      0.93       280
        3.0       0.96      0.97      0.96       603

avg / total       0.95      0.95      0.95      1186

0.001 adaptive (200, 50) logistic adam
             precision    recall  f1-score   support

        1.0       0.93      0.94      0.93       303
        2.0       0.93      0.90      0.91       280
        3.0       0.95      0.96      0.96       603

avg / total       0.94      0.94      0.94      1186

0.001 adaptive (100, 200, 30) logistic adam
             precision    recall  f1-score   support

        1.0       0.93      0.93      0.93       303
        2.0       0.93      0.91      0.92       280
        3.0       0.96      0.97      0.96       603

avg / total       0.95      0.95      0.95      1186

0.001 adaptive (100, 300, 40) logistic adam
             precision    recall  f1-score   support

        1.0       0.91      0.94      0.92       303
        2.0       0.94      0.91      0.92       280
        3.0       0.95      0.95      0.95       603

avg / total       0.94      0.94      0.94      1186

0.001 adaptive (100, 20) tanh lbfgs
             precision    recall  f1-score   support

        1.0       0.94      0.94      0.94       303
        2.0       0.93      0.90      0.92       280
        3.0       0.95      0.96      0.96       603

avg / total       0.94      0.94      0.94      1186

0.001 adaptive (200, 50) tanh lbfgs
             precision    recall  f1-score   support

        1.0       0.93      0.94      0.94       303
        2.0       0.91      0.90      0.91       280
        3.0       0.95      0.95      0.95       603

avg / total       0.94      0.94      0.94      1186

0.001 adaptive (100, 200, 30) tanh lbfgs
             precision    recall  f1-score   support

        1.0       0.92      0.93      0.93       303
        2.0       0.93      0.90      0.91       280
        3.0       0.95      0.96      0.95       603

avg / total       0.94      0.94      0.94      1186

0.001 adaptive (100, 300, 40) tanh lbfgs
             precision    recall  f1-score   support

        1.0       0.93      0.93      0.93       303
        2.0       0.91      0.90      0.91       280
        3.0       0.95      0.95      0.95       603

avg / total       0.94      0.94      0.94      1186

0.001 adaptive (100, 20) tanh sgd
             precision    recall  f1-score   support

        1.0       0.90      0.95      0.93       303
        2.0       0.95      0.90      0.92       280
        3.0       0.96      0.96      0.96       603

avg / total       0.94      0.94      0.94      1186

0.001 adaptive (200, 50) tanh sgd
             precision    recall  f1-score   support

        1.0       0.91      0.96      0.93       303
        2.0       0.94      0.91      0.92       280
        3.0       0.97      0.96      0.96       603

avg / total       0.94      0.94      0.94      1186

0.001 adaptive (100, 200, 30) tanh sgd
             precision    recall  f1-score   support

        1.0       0.91      0.96      0.93       303
        2.0       0.93      0.91      0.92       280
        3.0       0.97      0.95      0.96       603

avg / total       0.94      0.94      0.94      1186

0.001 adaptive (100, 300, 40) tanh sgd
             precision    recall  f1-score   support

        1.0       0.92      0.96      0.94       303
        2.0       0.93      0.91      0.92       280
        3.0       0.97      0.96      0.96       603

avg / total       0.95      0.95      0.95      1186

0.001 adaptive (100, 20) tanh adam
             precision    recall  f1-score   support

        1.0       0.91      0.95      0.93       303
        2.0       0.94      0.92      0.93       280
        3.0       0.96      0.95      0.96       603

avg / total       0.94      0.94      0.94      1186

0.001 adaptive (200, 50) tanh adam
             precision    recall  f1-score   support

        1.0       0.93      0.95      0.94       303
        2.0       0.93      0.93      0.93       280
        3.0       0.96      0.96      0.96       603

avg / total       0.95      0.95      0.95      1186

0.001 adaptive (100, 200, 30) tanh adam
             precision    recall  f1-score   support

        1.0       0.93      0.96      0.94       303
        2.0       0.93      0.91      0.92       280
        3.0       0.96      0.96      0.96       603

avg / total       0.95      0.95      0.95      1186

0.001 adaptive (100, 300, 40) tanh adam
             precision    recall  f1-score   support

        1.0       0.94      0.95      0.95       303
        2.0       0.92      0.92      0.92       280
        3.0       0.96      0.96      0.96       603

avg / total       0.95      0.95      0.95      1186

0.001 adaptive (100, 20) relu lbfgs
             precision    recall  f1-score   support

        1.0       0.91      0.93      0.92       303
        2.0       0.91      0.91      0.91       280
        3.0       0.95      0.94      0.94       603

avg / total       0.93      0.93      0.93      1186

0.001 adaptive (200, 50) relu lbfgs
             precision    recall  f1-score   support

        1.0       0.93      0.93      0.93       303
        2.0       0.92      0.91      0.92       280
        3.0       0.95      0.95      0.95       603

avg / total       0.94      0.94      0.94      1186

0.001 adaptive (100, 200, 30) relu lbfgs
             precision    recall  f1-score   support

        1.0       0.92      0.93      0.92       303
        2.0       0.93      0.91      0.92       280
        3.0       0.95      0.95      0.95       603

avg / total       0.94      0.94      0.94      1186

0.001 adaptive (100, 300, 40) relu lbfgs
             precision    recall  f1-score   support

        1.0       0.91      0.94      0.93       303
        2.0       0.93      0.90      0.92       280
        3.0       0.95      0.95      0.95       603

avg / total       0.94      0.94      0.94      1186

0.001 adaptive (100, 20) relu sgd
             precision    recall  f1-score   support

        1.0       0.90      0.95      0.92       303
        2.0       0.94      0.90      0.92       280
        3.0       0.96      0.95      0.96       603

avg / total       0.94      0.94      0.94      1186

0.001 adaptive (200, 50) relu sgd
             precision    recall  f1-score   support

        1.0       0.91      0.96      0.93       303
        2.0       0.93      0.89      0.91       280
        3.0       0.96      0.95      0.96       603

avg / total       0.94      0.94      0.94      1186

0.001 adaptive (100, 200, 30) relu sgd
             precision    recall  f1-score   support

        1.0       0.92      0.95      0.93       303
        2.0       0.94      0.91      0.92       280
        3.0       0.96      0.96      0.96       603

avg / total       0.94      0.94      0.94      1186

0.001 adaptive (100, 300, 40) relu sgd
             precision    recall  f1-score   support

        1.0       0.91      0.94      0.93       303
        2.0       0.93      0.91      0.92       280
        3.0       0.96      0.95      0.96       603

avg / total       0.94      0.94      0.94      1186

0.001 adaptive (100, 20) relu adam
             precision    recall  f1-score   support

        1.0       0.93      0.94      0.93       303
        2.0       0.94      0.91      0.92       280
        3.0       0.96      0.96      0.96       603

avg / total       0.94      0.94      0.94      1186

0.001 adaptive (200, 50) relu adam
             precision    recall  f1-score   support

        1.0       0.91      0.95      0.93       303
        2.0       0.94      0.91      0.92       280
        3.0       0.96      0.96      0.96       603

avg / total       0.94      0.94      0.94      1186

0.001 adaptive (100, 200, 30) relu adam
             precision    recall  f1-score   support

        1.0       0.93      0.94      0.93       303
        2.0       0.92      0.92      0.92       280
        3.0       0.96      0.96      0.96       603

avg / total       0.94      0.94      0.94      1186

0.001 adaptive (100, 300, 40) relu adam
             precision    recall  f1-score   support

        1.0       0.91      0.94      0.92       303
        2.0       0.93      0.90      0.92       280
        3.0       0.96      0.95      0.96       603

avg / total       0.94      0.94      0.94      1186

0.001 invscaling (100, 20) logistic lbfgs
             precision    recall  f1-score   support

        1.0       0.91      0.95      0.93       303
        2.0       0.96      0.88      0.92       280
        3.0       0.95      0.96      0.96       603

avg / total       0.94      0.94      0.94      1186

0.001 invscaling (200, 50) logistic lbfgs
             precision    recall  f1-score   support

        1.0       0.88      0.96      0.92       303
        2.0       0.94      0.90      0.92       280
        3.0       0.96      0.94      0.95       603

avg / total       0.94      0.94      0.94      1186

0.001 invscaling (100, 200, 30) logistic lbfgs
             precision    recall  f1-score   support

        1.0       0.89      0.94      0.92       303
        2.0       0.93      0.90      0.91       280
        3.0       0.96      0.95      0.95       603

avg / total       0.93      0.93      0.93      1186

0.001 invscaling (100, 300, 40) logistic lbfgs
             precision    recall  f1-score   support

        1.0       0.87      0.91      0.89       303
        2.0       0.93      0.89      0.91       280
        3.0       0.94      0.94      0.94       603

avg / total       0.92      0.92      0.92      1186

0.001 invscaling (100, 20) logistic sgd
             precision    recall  f1-score   support

        1.0       0.00      0.00      0.00       303
        2.0       0.00      0.00      0.00       280
        3.0       0.51      1.00      0.67       603

avg / total       0.26      0.51      0.34      1186

0.001 invscaling (200, 50) logistic sgd
             precision    recall  f1-score   support

        1.0       0.00      0.00      0.00       303
        2.0       0.24      1.00      0.38       280
        3.0       0.00      0.00      0.00       603

avg / total       0.06      0.24      0.09      1186

0.001 invscaling (100, 200, 30) logistic sgd
             precision    recall  f1-score   support

        1.0       0.00      0.00      0.00       303
        2.0       0.00      0.00      0.00       280
        3.0       0.51      1.00      0.67       603

avg / total       0.26      0.51      0.34      1186

0.001 invscaling (100, 300, 40) logistic sgd
             precision    recall  f1-score   support

        1.0       0.00      0.00      0.00       303
        2.0       0.00      0.00      0.00       280
        3.0       0.51      1.00      0.67       603

avg / total       0.26      0.51      0.34      1186

0.001 invscaling (100, 20) logistic adam
             precision    recall  f1-score   support

        1.0       0.92      0.94      0.93       303
        2.0       0.95      0.91      0.93       280
        3.0       0.96      0.97      0.96       603

avg / total       0.95      0.95      0.95      1186

0.001 invscaling (200, 50) logistic adam
             precision    recall  f1-score   support

        1.0       0.93      0.94      0.93       303
        2.0       0.93      0.90      0.91       280
        3.0       0.95      0.96      0.96       603

avg / total       0.94      0.94      0.94      1186

0.001 invscaling (100, 200, 30) logistic adam
             precision    recall  f1-score   support

        1.0       0.93      0.93      0.93       303
        2.0       0.93      0.91      0.92       280
        3.0       0.96      0.97      0.96       603

avg / total       0.95      0.95      0.95      1186

0.001 invscaling (100, 300, 40) logistic adam
             precision    recall  f1-score   support

        1.0       0.91      0.94      0.92       303
        2.0       0.94      0.91      0.92       280
        3.0       0.95      0.95      0.95       603

avg / total       0.94      0.94      0.94      1186

0.001 invscaling (100, 20) tanh lbfgs
             precision    recall  f1-score   support

        1.0       0.94      0.94      0.94       303
        2.0       0.93      0.90      0.92       280
        3.0       0.95      0.96      0.96       603

avg / total       0.94      0.94      0.94      1186

0.001 invscaling (200, 50) tanh lbfgs
             precision    recall  f1-score   support

        1.0       0.93      0.94      0.94       303
        2.0       0.91      0.90      0.91       280
        3.0       0.95      0.95      0.95       603

avg / total       0.94      0.94      0.94      1186

0.001 invscaling (100, 200, 30) tanh lbfgs
             precision    recall  f1-score   support

        1.0       0.92      0.93      0.93       303
        2.0       0.93      0.90      0.91       280
        3.0       0.95      0.96      0.95       603

avg / total       0.94      0.94      0.94      1186

0.001 invscaling (100, 300, 40) tanh lbfgs
             precision    recall  f1-score   support

        1.0       0.93      0.93      0.93       303
        2.0       0.91      0.90      0.91       280
        3.0       0.95      0.95      0.95       603

avg / total       0.94      0.94      0.94      1186

0.001 invscaling (100, 20) tanh sgd
             precision    recall  f1-score   support

        1.0       0.25      0.13      0.17       303
        2.0       0.38      0.31      0.34       280
        3.0       0.54      0.71      0.62       603

avg / total       0.43      0.47      0.44      1186

0.001 invscaling (200, 50) tanh sgd
             precision    recall  f1-score   support

        1.0       0.23      0.11      0.14       303
        2.0       0.38      0.23      0.29       280
        3.0       0.54      0.79      0.64       603

avg / total       0.42      0.48      0.43      1186

0.001 invscaling (100, 200, 30) tanh sgd
             precision    recall  f1-score   support

        1.0       0.43      0.13      0.20       303
        2.0       0.36      0.12      0.18       280
        3.0       0.51      0.85      0.64       603

avg / total       0.46      0.49      0.42      1186

0.001 invscaling (100, 300, 40) tanh sgd
             precision    recall  f1-score   support

        1.0       0.32      0.03      0.06       303
        2.0       0.33      0.09      0.14       280
        3.0       0.51      0.91      0.66       603

avg / total       0.42      0.49      0.38      1186

0.001 invscaling (100, 20) tanh adam
             precision    recall  f1-score   support

        1.0       0.91      0.95      0.93       303
        2.0       0.94      0.92      0.93       280
        3.0       0.96      0.95      0.96       603

avg / total       0.94      0.94      0.94      1186

0.001 invscaling (200, 50) tanh adam
             precision    recall  f1-score   support

        1.0       0.93      0.95      0.94       303
        2.0       0.93      0.93      0.93       280
        3.0       0.96      0.96      0.96       603

avg / total       0.95      0.95      0.95      1186

0.001 invscaling (100, 200, 30) tanh adam
             precision    recall  f1-score   support

        1.0       0.93      0.96      0.94       303
        2.0       0.93      0.91      0.92       280
        3.0       0.96      0.96      0.96       603

avg / total       0.95      0.95      0.95      1186

0.001 invscaling (100, 300, 40) tanh adam
             precision    recall  f1-score   support

        1.0       0.94      0.95      0.95       303
        2.0       0.92      0.92      0.92       280
        3.0       0.96      0.96      0.96       603

avg / total       0.95      0.95      0.95      1186

0.001 invscaling (100, 20) relu lbfgs
             precision    recall  f1-score   support

        1.0       0.91      0.93      0.92       303
        2.0       0.91      0.91      0.91       280
        3.0       0.95      0.94      0.94       603

avg / total       0.93      0.93      0.93      1186

0.001 invscaling (200, 50) relu lbfgs
             precision    recall  f1-score   support

        1.0       0.93      0.93      0.93       303
        2.0       0.92      0.91      0.92       280
        3.0       0.95      0.95      0.95       603

avg / total       0.94      0.94      0.94      1186

0.001 invscaling (100, 200, 30) relu lbfgs
             precision    recall  f1-score   support

        1.0       0.92      0.93      0.92       303
        2.0       0.93      0.91      0.92       280
        3.0       0.95      0.95      0.95       603

avg / total       0.94      0.94      0.94      1186

0.001 invscaling (100, 300, 40) relu lbfgs
             precision    recall  f1-score   support

        1.0       0.91      0.94      0.93       303
        2.0       0.93      0.90      0.92       280
        3.0       0.95      0.95      0.95       603

avg / total       0.94      0.94      0.94      1186

0.001 invscaling (100, 20) relu sgd
             precision    recall  f1-score   support

        1.0       0.40      0.01      0.01       303
        2.0       0.34      0.69      0.45       280
        3.0       0.61      0.62      0.61       603

avg / total       0.49      0.48      0.42      1186

0.001 invscaling (200, 50) relu sgd
             precision    recall  f1-score   support

        1.0       0.24      0.51      0.32       303
        2.0       0.22      0.39      0.28       280
        3.0       0.68      0.04      0.08       603

avg / total       0.46      0.25      0.19      1186

0.001 invscaling (100, 200, 30) relu sgd
             precision    recall  f1-score   support

        1.0       0.00      0.00      0.00       303
        2.0       0.29      0.01      0.03       280
        3.0       0.51      0.98      0.67       603

avg / total       0.32      0.50      0.35      1186

0.001 invscaling (100, 300, 40) relu sgd
             precision    recall  f1-score   support

        1.0       0.00      0.00      0.00       303
        2.0       0.08      0.03      0.04       280
        3.0       0.49      0.90      0.64       603

avg / total       0.27      0.46      0.33      1186

0.001 invscaling (100, 20) relu adam
             precision    recall  f1-score   support

        1.0       0.93      0.94      0.93       303
        2.0       0.94      0.91      0.92       280
        3.0       0.96      0.96      0.96       603

avg / total       0.94      0.94      0.94      1186

0.001 invscaling (200, 50) relu adam
             precision    recall  f1-score   support

        1.0       0.91      0.95      0.93       303
        2.0       0.94      0.91      0.92       280
        3.0       0.96      0.96      0.96       603

avg / total       0.94      0.94      0.94      1186

0.001 invscaling (100, 200, 30) relu adam
             precision    recall  f1-score   support

        1.0       0.93      0.94      0.93       303
        2.0       0.92      0.92      0.92       280
        3.0       0.96      0.96      0.96       603

avg / total       0.94      0.94      0.94      1186

0.001 invscaling (100, 300, 40) relu adam
             precision    recall  f1-score   support

        1.0       0.91      0.94      0.92       303
        2.0       0.93      0.90      0.92       280
        3.0       0.96      0.95      0.96       603

avg / total       0.94      0.94      0.94      1186

0.01 constant (100, 20) logistic lbfgs
             precision    recall  f1-score   support

        1.0       0.91      0.95      0.93       303
        2.0       0.96      0.88      0.92       280
        3.0       0.95      0.96      0.96       603

avg / total       0.94      0.94      0.94      1186

0.01 constant (200, 50) logistic lbfgs
             precision    recall  f1-score   support

        1.0       0.88      0.96      0.92       303
        2.0       0.94      0.90      0.92       280
        3.0       0.96      0.94      0.95       603

avg / total       0.94      0.94      0.94      1186

0.01 constant (100, 200, 30) logistic lbfgs
             precision    recall  f1-score   support

        1.0       0.89      0.94      0.92       303
        2.0       0.93      0.90      0.91       280
        3.0       0.96      0.95      0.95       603

avg / total       0.93      0.93      0.93      1186

0.01 constant (100, 300, 40) logistic lbfgs
             precision    recall  f1-score   support

        1.0       0.87      0.91      0.89       303
        2.0       0.93      0.89      0.91       280
        3.0       0.94      0.94      0.94       603

avg / total       0.92      0.92      0.92      1186

0.01 constant (100, 20) logistic sgd
             precision    recall  f1-score   support

        1.0       0.91      0.96      0.94       303
        2.0       0.94      0.90      0.92       280
        3.0       0.96      0.96      0.96       603

avg / total       0.94      0.94      0.94      1186

0.01 constant (200, 50) logistic sgd
             precision    recall  f1-score   support

        1.0       0.91      0.96      0.93       303
        2.0       0.94      0.90      0.92       280
        3.0       0.96      0.96      0.96       603

avg / total       0.94      0.94      0.94      1186

0.01 constant (100, 200, 30) logistic sgd
             precision    recall  f1-score   support

        1.0       0.00      0.00      0.00       303
        2.0       0.00      0.00      0.00       280
        3.0       0.51      1.00      0.67       603

avg / total       0.26      0.51      0.34      1186

0.01 constant (100, 300, 40) logistic sgd
             precision    recall  f1-score   support

        1.0       0.00      0.00      0.00       303
        2.0       0.00      0.00      0.00       280
        3.0       0.51      1.00      0.67       603

avg / total       0.26      0.51      0.34      1186

0.01 constant (100, 20) logistic adam
             precision    recall  f1-score   support

        1.0       0.93      0.94      0.94       303
        2.0       0.94      0.90      0.92       280
        3.0       0.95      0.97      0.96       603

avg / total       0.95      0.95      0.94      1186

0.01 constant (200, 50) logistic adam
             precision    recall  f1-score   support

        1.0       0.93      0.95      0.94       303
        2.0       0.92      0.91      0.92       280
        3.0       0.96      0.96      0.96       603

avg / total       0.95      0.95      0.95      1186

0.01 constant (100, 200, 30) logistic adam
             precision    recall  f1-score   support

        1.0       0.93      0.94      0.93       303
        2.0       0.92      0.92      0.92       280
        3.0       0.97      0.96      0.97       603

avg / total       0.95      0.95      0.95      1186

0.01 constant (100, 300, 40) logistic adam
             precision    recall  f1-score   support

        1.0       0.93      0.94      0.93       303
        2.0       0.95      0.90      0.93       280
        3.0       0.95      0.97      0.96       603

avg / total       0.94      0.94      0.94      1186

0.01 constant (100, 20) tanh lbfgs
             precision    recall  f1-score   support

        1.0       0.94      0.94      0.94       303
        2.0       0.93      0.90      0.92       280
        3.0       0.95      0.96      0.96       603

avg / total       0.94      0.94      0.94      1186

0.01 constant (200, 50) tanh lbfgs
             precision    recall  f1-score   support

        1.0       0.93      0.94      0.94       303
        2.0       0.91      0.90      0.91       280
        3.0       0.95      0.95      0.95       603

avg / total       0.94      0.94      0.94      1186

0.01 constant (100, 200, 30) tanh lbfgs
             precision    recall  f1-score   support

        1.0       0.92      0.93      0.93       303
        2.0       0.93      0.90      0.91       280
        3.0       0.95      0.96      0.95       603

avg / total       0.94      0.94      0.94      1186

0.01 constant (100, 300, 40) tanh lbfgs
             precision    recall  f1-score   support

        1.0       0.93      0.93      0.93       303
        2.0       0.91      0.90      0.91       280
        3.0       0.95      0.95      0.95       603

avg / total       0.94      0.94      0.94      1186

0.01 constant (100, 20) tanh sgd
             precision    recall  f1-score   support

        1.0       0.92      0.96      0.94       303
        2.0       0.93      0.91      0.92       280
        3.0       0.96      0.95      0.96       603

avg / total       0.94      0.94      0.94      1186

0.01 constant (200, 50) tanh sgd
             precision    recall  f1-score   support

        1.0       0.93      0.96      0.94       303
        2.0       0.92      0.92      0.92       280
        3.0       0.96      0.95      0.96       603

avg / total       0.94      0.94      0.94      1186

0.01 constant (100, 200, 30) tanh sgd
             precision    recall  f1-score   support

        1.0       0.93      0.97      0.95       303
        2.0       0.93      0.91      0.92       280
        3.0       0.97      0.95      0.96       603

avg / total       0.95      0.95      0.95      1186

0.01 constant (100, 300, 40) tanh sgd
             precision    recall  f1-score   support

        1.0       0.93      0.96      0.94       303
        2.0       0.91      0.91      0.91       280
        3.0       0.96      0.95      0.95       603

avg / total       0.94      0.94      0.94      1186

0.01 constant (100, 20) tanh adam
             precision    recall  f1-score   support

        1.0       0.91      0.96      0.93       303
        2.0       0.94      0.90      0.92       280
        3.0       0.96      0.96      0.96       603

avg / total       0.94      0.94      0.94      1186

0.01 constant (200, 50) tanh adam
             precision    recall  f1-score   support

        1.0       0.94      0.97      0.95       303
        2.0       0.94      0.91      0.93       280
        3.0       0.97      0.96      0.96       603

avg / total       0.95      0.95      0.95      1186

0.01 constant (100, 200, 30) tanh adam
             precision    recall  f1-score   support

        1.0       0.93      0.95      0.94       303
        2.0       0.94      0.90      0.92       280
        3.0       0.96      0.97      0.96       603

avg / total       0.95      0.95      0.95      1186

0.01 constant (100, 300, 40) tanh adam
             precision    recall  f1-score   support

        1.0       0.91      0.96      0.94       303
        2.0       0.93      0.89      0.91       280
        3.0       0.96      0.96      0.96       603

avg / total       0.94      0.94      0.94      1186

0.01 constant (100, 20) relu lbfgs
             precision    recall  f1-score   support

        1.0       0.91      0.93      0.92       303
        2.0       0.91      0.91      0.91       280
        3.0       0.95      0.94      0.94       603

avg / total       0.93      0.93      0.93      1186

0.01 constant (200, 50) relu lbfgs
             precision    recall  f1-score   support

        1.0       0.93      0.93      0.93       303
        2.0       0.92      0.91      0.92       280
        3.0       0.95      0.95      0.95       603

avg / total       0.94      0.94      0.94      1186

0.01 constant (100, 200, 30) relu lbfgs
             precision    recall  f1-score   support

        1.0       0.92      0.93      0.92       303
        2.0       0.93      0.91      0.92       280
        3.0       0.95      0.95      0.95       603

avg / total       0.94      0.94      0.94      1186

0.01 constant (100, 300, 40) relu lbfgs
             precision    recall  f1-score   support

        1.0       0.91      0.94      0.93       303
        2.0       0.93      0.90      0.92       280
        3.0       0.95      0.95      0.95       603

avg / total       0.94      0.94      0.94      1186

0.01 constant (100, 20) relu sgd
             precision    recall  f1-score   support

        1.0       0.91      0.95      0.93       303
        2.0       0.93      0.91      0.92       280
        3.0       0.96      0.95      0.96       603

avg / total       0.94      0.94      0.94      1186

0.01 constant (200, 50) relu sgd
             precision    recall  f1-score   support

        1.0       0.91      0.96      0.94       303
        2.0       0.93      0.90      0.91       280
        3.0       0.96      0.95      0.96       603

avg / total       0.94      0.94      0.94      1186

0.01 constant (100, 200, 30) relu sgd
             precision    recall  f1-score   support

        1.0       0.91      0.95      0.93       303
        2.0       0.93      0.90      0.92       280
        3.0       0.96      0.95      0.95       603

avg / total       0.94      0.94      0.94      1186

0.01 constant (100, 300, 40) relu sgd
             precision    recall  f1-score   support

        1.0       0.92      0.95      0.94       303
        2.0       0.93      0.91      0.92       280
        3.0       0.96      0.95      0.96       603

avg / total       0.94      0.94      0.94      1186

0.01 constant (100, 20) relu adam
             precision    recall  f1-score   support

        1.0       0.92      0.95      0.94       303
        2.0       0.94      0.90      0.92       280
        3.0       0.96      0.96      0.96       603

avg / total       0.94      0.94      0.94      1186

0.01 constant (200, 50) relu adam
             precision    recall  f1-score   support

        1.0       0.92      0.96      0.94       303
        2.0       0.94      0.91      0.93       280
        3.0       0.96      0.96      0.96       603

avg / total       0.95      0.95      0.95      1186

0.01 constant (100, 200, 30) relu adam
             precision    recall  f1-score   support

        1.0       0.92      0.94      0.93       303
        2.0       0.93      0.91      0.92       280
        3.0       0.95      0.95      0.95       603

avg / total       0.94      0.94      0.94      1186

0.01 constant (100, 300, 40) relu adam
             precision    recall  f1-score   support

        1.0       0.92      0.96      0.94       303
        2.0       0.94      0.91      0.92       280
        3.0       0.97      0.96      0.96       603

avg / total       0.95      0.95      0.95      1186

0.01 adaptive (100, 20) logistic lbfgs
             precision    recall  f1-score   support

        1.0       0.91      0.95      0.93       303
        2.0       0.96      0.88      0.92       280
        3.0       0.95      0.96      0.96       603

avg / total       0.94      0.94      0.94      1186

0.01 adaptive (200, 50) logistic lbfgs
             precision    recall  f1-score   support

        1.0       0.88      0.96      0.92       303
        2.0       0.94      0.90      0.92       280
        3.0       0.96      0.94      0.95       603

avg / total       0.94      0.94      0.94      1186

0.01 adaptive (100, 200, 30) logistic lbfgs
             precision    recall  f1-score   support

        1.0       0.89      0.94      0.92       303
        2.0       0.93      0.90      0.91       280
        3.0       0.96      0.95      0.95       603

avg / total       0.93      0.93      0.93      1186

0.01 adaptive (100, 300, 40) logistic lbfgs
             precision    recall  f1-score   support

        1.0       0.87      0.91      0.89       303
        2.0       0.93      0.89      0.91       280
        3.0       0.94      0.94      0.94       603

avg / total       0.92      0.92      0.92      1186

0.01 adaptive (100, 20) logistic sgd
             precision    recall  f1-score   support

        1.0       0.91      0.96      0.94       303
        2.0       0.94      0.90      0.92       280
        3.0       0.96      0.96      0.96       603

avg / total       0.94      0.94      0.94      1186

0.01 adaptive (200, 50) logistic sgd
             precision    recall  f1-score   support

        1.0       0.91      0.96      0.93       303
        2.0       0.94      0.90      0.92       280
        3.0       0.96      0.96      0.96       603

avg / total       0.94      0.94      0.94      1186

0.01 adaptive (100, 200, 30) logistic sgd
             precision    recall  f1-score   support

        1.0       0.00      0.00      0.00       303
        2.0       0.00      0.00      0.00       280
        3.0       0.51      1.00      0.67       603

avg / total       0.26      0.51      0.34      1186

0.01 adaptive (100, 300, 40) logistic sgd
             precision    recall  f1-score   support

        1.0       0.00      0.00      0.00       303
        2.0       0.00      0.00      0.00       280
        3.0       0.51      1.00      0.67       603

avg / total       0.26      0.51      0.34      1186

0.01 adaptive (100, 20) logistic adam
             precision    recall  f1-score   support

        1.0       0.93      0.94      0.94       303
        2.0       0.94      0.90      0.92       280
        3.0       0.95      0.97      0.96       603

avg / total       0.95      0.95      0.94      1186

0.01 adaptive (200, 50) logistic adam
             precision    recall  f1-score   support

        1.0       0.93      0.95      0.94       303
        2.0       0.92      0.91      0.92       280
        3.0       0.96      0.96      0.96       603

avg / total       0.95      0.95      0.95      1186

0.01 adaptive (100, 200, 30) logistic adam
             precision    recall  f1-score   support

        1.0       0.93      0.94      0.93       303
        2.0       0.92      0.92      0.92       280
        3.0       0.97      0.96      0.97       603

avg / total       0.95      0.95      0.95      1186

0.01 adaptive (100, 300, 40) logistic adam
             precision    recall  f1-score   support

        1.0       0.93      0.94      0.93       303
        2.0       0.95      0.90      0.93       280
        3.0       0.95      0.97      0.96       603

avg / total       0.94      0.94      0.94      1186

0.01 adaptive (100, 20) tanh lbfgs
             precision    recall  f1-score   support

        1.0       0.94      0.94      0.94       303
        2.0       0.93      0.90      0.92       280
        3.0       0.95      0.96      0.96       603

avg / total       0.94      0.94      0.94      1186

0.01 adaptive (200, 50) tanh lbfgs
             precision    recall  f1-score   support

        1.0       0.93      0.94      0.94       303
        2.0       0.91      0.90      0.91       280
        3.0       0.95      0.95      0.95       603

avg / total       0.94      0.94      0.94      1186

0.01 adaptive (100, 200, 30) tanh lbfgs
             precision    recall  f1-score   support

        1.0       0.92      0.93      0.93       303
        2.0       0.93      0.90      0.91       280
        3.0       0.95      0.96      0.95       603

avg / total       0.94      0.94      0.94      1186

0.01 adaptive (100, 300, 40) tanh lbfgs
             precision    recall  f1-score   support

        1.0       0.93      0.93      0.93       303
        2.0       0.91      0.90      0.91       280
        3.0       0.95      0.95      0.95       603

avg / total       0.94      0.94      0.94      1186

0.01 adaptive (100, 20) tanh sgd
             precision    recall  f1-score   support

        1.0       0.92      0.96      0.94       303
        2.0       0.93      0.91      0.92       280
        3.0       0.96      0.95      0.96       603

avg / total       0.94      0.94      0.94      1186

0.01 adaptive (200, 50) tanh sgd
             precision    recall  f1-score   support

        1.0       0.93      0.96      0.94       303
        2.0       0.92      0.92      0.92       280
        3.0       0.96      0.95      0.96       603

avg / total       0.94      0.94      0.94      1186

0.01 adaptive (100, 200, 30) tanh sgd
             precision    recall  f1-score   support

        1.0       0.93      0.97      0.95       303
        2.0       0.93      0.91      0.92       280
        3.0       0.97      0.95      0.96       603

avg / total       0.95      0.95      0.95      1186

0.01 adaptive (100, 300, 40) tanh sgd
             precision    recall  f1-score   support

        1.0       0.93      0.96      0.94       303
        2.0       0.91      0.91      0.91       280
        3.0       0.96      0.95      0.95       603

avg / total       0.94      0.94      0.94      1186

0.01 adaptive (100, 20) tanh adam
             precision    recall  f1-score   support

        1.0       0.91      0.96      0.93       303
        2.0       0.94      0.90      0.92       280
        3.0       0.96      0.96      0.96       603

avg / total       0.94      0.94      0.94      1186

0.01 adaptive (200, 50) tanh adam
             precision    recall  f1-score   support

        1.0       0.94      0.97      0.95       303
        2.0       0.94      0.91      0.93       280
        3.0       0.97      0.96      0.96       603

avg / total       0.95      0.95      0.95      1186

0.01 adaptive (100, 200, 30) tanh adam
             precision    recall  f1-score   support

        1.0       0.93      0.95      0.94       303
        2.0       0.94      0.90      0.92       280
        3.0       0.96      0.97      0.96       603

avg / total       0.95      0.95      0.95      1186

0.01 adaptive (100, 300, 40) tanh adam
             precision    recall  f1-score   support

        1.0       0.91      0.96      0.94       303
        2.0       0.93      0.89      0.91       280
        3.0       0.96      0.96      0.96       603

avg / total       0.94      0.94      0.94      1186

0.01 adaptive (100, 20) relu lbfgs
             precision    recall  f1-score   support

        1.0       0.91      0.93      0.92       303
        2.0       0.91      0.91      0.91       280
        3.0       0.95      0.94      0.94       603

avg / total       0.93      0.93      0.93      1186

0.01 adaptive (200, 50) relu lbfgs
             precision    recall  f1-score   support

        1.0       0.93      0.93      0.93       303
        2.0       0.92      0.91      0.92       280
        3.0       0.95      0.95      0.95       603

avg / total       0.94      0.94      0.94      1186

0.01 adaptive (100, 200, 30) relu lbfgs
             precision    recall  f1-score   support

        1.0       0.92      0.93      0.92       303
        2.0       0.93      0.91      0.92       280
        3.0       0.95      0.95      0.95       603

avg / total       0.94      0.94      0.94      1186

0.01 adaptive (100, 300, 40) relu lbfgs
             precision    recall  f1-score   support

        1.0       0.91      0.94      0.93       303
        2.0       0.93      0.90      0.92       280
        3.0       0.95      0.95      0.95       603

avg / total       0.94      0.94      0.94      1186

0.01 adaptive (100, 20) relu sgd
             precision    recall  f1-score   support

        1.0       0.91      0.95      0.93       303
        2.0       0.93      0.91      0.92       280
        3.0       0.96      0.95      0.96       603

avg / total       0.94      0.94      0.94      1186

0.01 adaptive (200, 50) relu sgd
             precision    recall  f1-score   support

        1.0       0.91      0.96      0.94       303
        2.0       0.93      0.90      0.91       280
        3.0       0.96      0.95      0.96       603

avg / total       0.94      0.94      0.94      1186

0.01 adaptive (100, 200, 30) relu sgd
             precision    recall  f1-score   support

        1.0       0.91      0.95      0.93       303
        2.0       0.93      0.90      0.92       280
        3.0       0.96      0.95      0.95       603

avg / total       0.94      0.94      0.94      1186

0.01 adaptive (100, 300, 40) relu sgd
             precision    recall  f1-score   support

        1.0       0.92      0.95      0.94       303
        2.0       0.93      0.91      0.92       280
        3.0       0.96      0.95      0.96       603

avg / total       0.94      0.94      0.94      1186

0.01 adaptive (100, 20) relu adam
             precision    recall  f1-score   support

        1.0       0.92      0.95      0.94       303
        2.0       0.94      0.90      0.92       280
        3.0       0.96      0.96      0.96       603

avg / total       0.94      0.94      0.94      1186

0.01 adaptive (200, 50) relu adam
             precision    recall  f1-score   support

        1.0       0.92      0.96      0.94       303
        2.0       0.94      0.91      0.93       280
        3.0       0.96      0.96      0.96       603

avg / total       0.95      0.95      0.95      1186

0.01 adaptive (100, 200, 30) relu adam
             precision    recall  f1-score   support

        1.0       0.92      0.94      0.93       303
        2.0       0.93      0.91      0.92       280
        3.0       0.95      0.95      0.95       603

avg / total       0.94      0.94      0.94      1186

0.01 adaptive (100, 300, 40) relu adam
             precision    recall  f1-score   support

        1.0       0.92      0.96      0.94       303
        2.0       0.94      0.91      0.92       280
        3.0       0.97      0.96      0.96       603

avg / total       0.95      0.95      0.95      1186

0.01 invscaling (100, 20) logistic lbfgs
             precision    recall  f1-score   support

        1.0       0.91      0.95      0.93       303
        2.0       0.96      0.88      0.92       280
        3.0       0.95      0.96      0.96       603

avg / total       0.94      0.94      0.94      1186

0.01 invscaling (200, 50) logistic lbfgs
             precision    recall  f1-score   support

        1.0       0.88      0.96      0.92       303
        2.0       0.94      0.90      0.92       280
        3.0       0.96      0.94      0.95       603

avg / total       0.94      0.94      0.94      1186

0.01 invscaling (100, 200, 30) logistic lbfgs
             precision    recall  f1-score   support

        1.0       0.89      0.94      0.92       303
        2.0       0.93      0.90      0.91       280
        3.0       0.96      0.95      0.95       603

avg / total       0.93      0.93      0.93      1186

0.01 invscaling (100, 300, 40) logistic lbfgs
             precision    recall  f1-score   support

        1.0       0.87      0.91      0.89       303
        2.0       0.93      0.89      0.91       280
        3.0       0.94      0.94      0.94       603

avg / total       0.92      0.92      0.92      1186

0.01 invscaling (100, 20) logistic sgd
             precision    recall  f1-score   support

        1.0       0.00      0.00      0.00       303
        2.0       0.00      0.00      0.00       280
        3.0       0.51      1.00      0.67       603

avg / total       0.26      0.51      0.34      1186

0.01 invscaling (200, 50) logistic sgd
             precision    recall  f1-score   support

        1.0       0.00      0.00      0.00       303
        2.0       0.00      0.00      0.00       280
        3.0       0.51      1.00      0.67       603

avg / total       0.26      0.51      0.34      1186

0.01 invscaling (100, 200, 30) logistic sgd
             precision    recall  f1-score   support

        1.0       0.00      0.00      0.00       303
        2.0       0.00      0.00      0.00       280
        3.0       0.51      1.00      0.67       603

avg / total       0.26      0.51      0.34      1186

0.01 invscaling (100, 300, 40) logistic sgd
             precision    recall  f1-score   support

        1.0       0.00      0.00      0.00       303
        2.0       0.00      0.00      0.00       280
        3.0       0.51      1.00      0.67       603

avg / total       0.26      0.51      0.34      1186

0.01 invscaling (100, 20) logistic adam
             precision    recall  f1-score   support

        1.0       0.93      0.94      0.94       303
        2.0       0.94      0.90      0.92       280
        3.0       0.95      0.97      0.96       603

avg / total       0.95      0.95      0.94      1186

0.01 invscaling (200, 50) logistic adam
             precision    recall  f1-score   support

        1.0       0.93      0.95      0.94       303
        2.0       0.92      0.91      0.92       280
        3.0       0.96      0.96      0.96       603

avg / total       0.95      0.95      0.95      1186

0.01 invscaling (100, 200, 30) logistic adam
             precision    recall  f1-score   support

        1.0       0.93      0.94      0.93       303
        2.0       0.92      0.92      0.92       280
        3.0       0.97      0.96      0.97       603

avg / total       0.95      0.95      0.95      1186

0.01 invscaling (100, 300, 40) logistic adam
             precision    recall  f1-score   support

        1.0       0.93      0.94      0.93       303
        2.0       0.95      0.90      0.93       280
        3.0       0.95      0.97      0.96       603

avg / total       0.94      0.94      0.94      1186

0.01 invscaling (100, 20) tanh lbfgs
             precision    recall  f1-score   support

        1.0       0.94      0.94      0.94       303
        2.0       0.93      0.90      0.92       280
        3.0       0.95      0.96      0.96       603

avg / total       0.94      0.94      0.94      1186

0.01 invscaling (200, 50) tanh lbfgs
             precision    recall  f1-score   support

        1.0       0.93      0.94      0.94       303
        2.0       0.91      0.90      0.91       280
        3.0       0.95      0.95      0.95       603

avg / total       0.94      0.94      0.94      1186

0.01 invscaling (100, 200, 30) tanh lbfgs
             precision    recall  f1-score   support

        1.0       0.92      0.93      0.93       303
        2.0       0.93      0.90      0.91       280
        3.0       0.95      0.96      0.95       603

avg / total       0.94      0.94      0.94      1186

0.01 invscaling (100, 300, 40) tanh lbfgs
             precision    recall  f1-score   support

        1.0       0.93      0.93      0.93       303
        2.0       0.91      0.90      0.91       280
        3.0       0.95      0.95      0.95       603

avg / total       0.94      0.94      0.94      1186

0.01 invscaling (100, 20) tanh sgd
             precision    recall  f1-score   support

        1.0       0.79      0.65      0.71       303
        2.0       0.83      0.46      0.59       280
        3.0       0.74      0.95      0.83       603

avg / total       0.77      0.76      0.74      1186

0.01 invscaling (200, 50) tanh sgd
             precision    recall  f1-score   support

        1.0       0.85      0.72      0.78       303
        2.0       0.81      0.74      0.77       280
        3.0       0.83      0.92      0.87       603

avg / total       0.83      0.83      0.82      1186

0.01 invscaling (100, 200, 30) tanh sgd
             precision    recall  f1-score   support

        1.0       0.84      0.69      0.76       303
        2.0       0.84      0.77      0.80       280
        3.0       0.81      0.92      0.86       603

avg / total       0.83      0.82      0.82      1186

0.01 invscaling (100, 300, 40) tanh sgd
             precision    recall  f1-score   support

        1.0       0.77      0.58      0.66       303
        2.0       0.77      0.77      0.77       280
        3.0       0.81      0.91      0.86       603

avg / total       0.79      0.79      0.79      1186

0.01 invscaling (100, 20) tanh adam
             precision    recall  f1-score   support

        1.0       0.91      0.96      0.93       303
        2.0       0.94      0.90      0.92       280
        3.0       0.96      0.96      0.96       603

avg / total       0.94      0.94      0.94      1186

0.01 invscaling (200, 50) tanh adam
             precision    recall  f1-score   support

        1.0       0.94      0.97      0.95       303
        2.0       0.94      0.91      0.93       280
        3.0       0.97      0.96      0.96       603

avg / total       0.95      0.95      0.95      1186

0.01 invscaling (100, 200, 30) tanh adam
             precision    recall  f1-score   support

        1.0       0.93      0.95      0.94       303
        2.0       0.94      0.90      0.92       280
        3.0       0.96      0.97      0.96       603

avg / total       0.95      0.95      0.95      1186

0.01 invscaling (100, 300, 40) tanh adam
             precision    recall  f1-score   support

        1.0       0.91      0.96      0.94       303
        2.0       0.93      0.89      0.91       280
        3.0       0.96      0.96      0.96       603

avg / total       0.94      0.94      0.94      1186

0.01 invscaling (100, 20) relu lbfgs
             precision    recall  f1-score   support

        1.0       0.91      0.93      0.92       303
        2.0       0.91      0.91      0.91       280
        3.0       0.95      0.94      0.94       603

avg / total       0.93      0.93      0.93      1186

0.01 invscaling (200, 50) relu lbfgs
             precision    recall  f1-score   support

        1.0       0.93      0.93      0.93       303
        2.0       0.92      0.91      0.92       280
        3.0       0.95      0.95      0.95       603

avg / total       0.94      0.94      0.94      1186

0.01 invscaling (100, 200, 30) relu lbfgs
             precision    recall  f1-score   support

        1.0       0.92      0.93      0.92       303
        2.0       0.93      0.91      0.92       280
        3.0       0.95      0.95      0.95       603

avg / total       0.94      0.94      0.94      1186

0.01 invscaling (100, 300, 40) relu lbfgs
             precision    recall  f1-score   support

        1.0       0.91      0.94      0.93       303
        2.0       0.93      0.90      0.92       280
        3.0       0.95      0.95      0.95       603

avg / total       0.94      0.94      0.94      1186

0.01 invscaling (100, 20) relu sgd
             precision    recall  f1-score   support

        1.0       0.55      0.05      0.10       303
        2.0       0.73      0.07      0.12       280
        3.0       0.53      0.99      0.69       603

avg / total       0.58      0.53      0.40      1186

0.01 invscaling (200, 50) relu sgd
             precision    recall  f1-score   support

        1.0       0.00      0.00      0.00       303
        2.0       0.00      0.00      0.00       280
        3.0       0.51      1.00      0.67       603

avg / total       0.26      0.51      0.34      1186

0.01 invscaling (100, 200, 30) relu sgd
             precision    recall  f1-score   support

        1.0       0.86      0.08      0.15       303
        2.0       0.86      0.06      0.12       280
        3.0       0.53      0.99      0.69       603

avg / total       0.69      0.54      0.42      1186

0.01 invscaling (100, 300, 40) relu sgd
             precision    recall  f1-score   support

        1.0       0.89      0.03      0.05       303
        2.0       0.00      0.00      0.00       280
        3.0       0.51      1.00      0.68       603

avg / total       0.49      0.52      0.36      1186

0.01 invscaling (100, 20) relu adam
             precision    recall  f1-score   support

        1.0       0.92      0.95      0.94       303
        2.0       0.94      0.90      0.92       280
        3.0       0.96      0.96      0.96       603

avg / total       0.94      0.94      0.94      1186

0.01 invscaling (200, 50) relu adam
             precision    recall  f1-score   support

        1.0       0.92      0.96      0.94       303
        2.0       0.94      0.91      0.93       280
        3.0       0.96      0.96      0.96       603

avg / total       0.95      0.95      0.95      1186

0.01 invscaling (100, 200, 30) relu adam
             precision    recall  f1-score   support

        1.0       0.92      0.94      0.93       303
        2.0       0.93      0.91      0.92       280
        3.0       0.95      0.95      0.95       603

avg / total       0.94      0.94      0.94      1186

0.01 invscaling (100, 300, 40) relu adam
             precision    recall  f1-score   support

        1.0       0.92      0.96      0.94       303
        2.0       0.94      0.91      0.92       280
        3.0       0.97      0.96      0.96       603

avg / total       0.95      0.95      0.95      1186

