0.001 constant (100, 20) logistic lbfgs
             precision    recall  f1-score   support

       -1.0       0.88      0.87      0.87     19875
        1.0       0.60      0.62      0.61      6272

avg / total       0.81      0.81      0.81     26147

0.001 constant (200, 50) logistic lbfgs
             precision    recall  f1-score   support

       -1.0       0.87      0.90      0.89     19875
        1.0       0.65      0.59      0.62      6272

avg / total       0.82      0.83      0.82     26147

0.001 constant (200, 300, 100) logistic lbfgs
             precision    recall  f1-score   support

       -1.0       0.88      0.92      0.90     19875
        1.0       0.70      0.60      0.65      6272

avg / total       0.84      0.84      0.84     26147

0.001 constant (400, 100, 40) logistic lbfgs
             precision    recall  f1-score   support

       -1.0       0.88      0.92      0.90     19875
        1.0       0.69      0.60      0.64      6272

avg / total       0.83      0.84      0.84     26147

0.001 constant (400, 200, 100) logistic lbfgs
             precision    recall  f1-score   support

       -1.0       0.88      0.92      0.90     19875
        1.0       0.70      0.61      0.65      6272

avg / total       0.84      0.84      0.84     26147

0.001 constant (400, 200, 100, 30) logistic lbfgs
             precision    recall  f1-score   support

       -1.0       0.76      1.00      0.86     19875
        1.0       0.00      0.00      0.00      6272

avg / total       0.58      0.76      0.66     26147

0.001 constant (200, 400, 100, 30) logistic lbfgs
             precision    recall  f1-score   support

       -1.0       0.76      1.00      0.86     19875
        1.0       0.00      0.00      0.00      6272

avg / total       0.58      0.76      0.66     26147

0.001 constant (100, 20) logistic sgd
             precision    recall  f1-score   support

       -1.0       0.76      1.00      0.86     19875
        1.0       0.00      0.00      0.00      6272

avg / total       0.58      0.76      0.66     26147

0.001 constant (200, 50) logistic sgd
             precision    recall  f1-score   support

       -1.0       0.76      1.00      0.86     19875
        1.0       0.00      0.00      0.00      6272

avg / total       0.58      0.76      0.66     26147

0.001 constant (200, 300, 100) logistic sgd
             precision    recall  f1-score   support

       -1.0       0.76      1.00      0.86     19875
        1.0       0.00      0.00      0.00      6272

avg / total       0.58      0.76      0.66     26147

0.001 constant (400, 100, 40) logistic sgd
             precision    recall  f1-score   support

       -1.0       0.76      1.00      0.86     19875
        1.0       0.00      0.00      0.00      6272

avg / total       0.58      0.76      0.66     26147

0.001 constant (400, 200, 100) logistic sgd
             precision    recall  f1-score   support

       -1.0       0.76      1.00      0.86     19875
        1.0       0.00      0.00      0.00      6272

avg / total       0.58      0.76      0.66     26147

0.001 constant (400, 200, 100, 30) logistic sgd
             precision    recall  f1-score   support

       -1.0       0.76      1.00      0.86     19875
        1.0       0.00      0.00      0.00      6272

avg / total       0.58      0.76      0.66     26147

0.001 constant (200, 400, 100, 30) logistic sgd
             precision    recall  f1-score   support

       -1.0       0.76      1.00      0.86     19875
        1.0       0.00      0.00      0.00      6272

avg / total       0.58      0.76      0.66     26147

0.001 constant (100, 20) logistic adam
             precision    recall  f1-score   support

       -1.0       0.88      0.92      0.90     19875
        1.0       0.71      0.62      0.66      6272

avg / total       0.84      0.85      0.84     26147

0.001 constant (200, 50) logistic adam
             precision    recall  f1-score   support

       -1.0       0.88      0.92      0.90     19875
        1.0       0.71      0.61      0.66      6272

avg / total       0.84      0.85      0.84     26147

0.001 constant (200, 300, 100) logistic adam
             precision    recall  f1-score   support

       -1.0       0.90      0.89      0.90     19875
        1.0       0.67      0.70      0.68      6272

avg / total       0.85      0.84      0.84     26147

0.001 constant (400, 100, 40) logistic adam
             precision    recall  f1-score   support

       -1.0       0.86      0.95      0.90     19875
        1.0       0.75      0.52      0.62      6272

avg / total       0.84      0.84      0.83     26147

0.001 constant (400, 200, 100) logistic adam
             precision    recall  f1-score   support

       -1.0       0.91      0.88      0.89     19875
        1.0       0.65      0.72      0.68      6272

avg / total       0.85      0.84      0.84     26147

0.001 constant (400, 200, 100, 30) logistic adam
             precision    recall  f1-score   support

       -1.0       0.87      0.94      0.90     19875
        1.0       0.73      0.56      0.63      6272

avg / total       0.84      0.85      0.84     26147

0.001 constant (200, 400, 100, 30) logistic adam
             precision    recall  f1-score   support

       -1.0       0.89      0.91      0.90     19875
        1.0       0.70      0.64      0.67      6272

avg / total       0.84      0.85      0.85     26147

0.001 constant (100, 20) tanh lbfgs
             precision    recall  f1-score   support

       -1.0       0.87      0.87      0.87     19875
        1.0       0.59      0.59      0.59      6272

avg / total       0.80      0.80      0.80     26147

0.001 constant (200, 50) tanh lbfgs
             precision    recall  f1-score   support

       -1.0       0.87      0.87      0.87     19875
        1.0       0.59      0.59      0.59      6272

avg / total       0.80      0.80      0.80     26147

0.001 constant (200, 300, 100) tanh lbfgs
             precision    recall  f1-score   support

       -1.0       0.87      0.86      0.87     19875
        1.0       0.58      0.60      0.59      6272

avg / total       0.80      0.80      0.80     26147

0.001 constant (400, 100, 40) tanh lbfgs
             precision    recall  f1-score   support

       -1.0       0.87      0.87      0.87     19875
        1.0       0.59      0.60      0.59      6272

avg / total       0.81      0.80      0.80     26147

0.001 constant (400, 200, 100) tanh lbfgs
             precision    recall  f1-score   support

       -1.0       0.87      0.87      0.87     19875
        1.0       0.59      0.60      0.59      6272

avg / total       0.80      0.80      0.80     26147

0.001 constant (400, 200, 100, 30) tanh lbfgs
             precision    recall  f1-score   support

       -1.0       0.87      0.87      0.87     19875
        1.0       0.59      0.58      0.59      6272

avg / total       0.80      0.80      0.80     26147

0.001 constant (200, 400, 100, 30) tanh lbfgs
             precision    recall  f1-score   support

       -1.0       0.87      0.87      0.87     19875
        1.0       0.59      0.59      0.59      6272

avg / total       0.81      0.81      0.81     26147

0.001 constant (100, 20) tanh sgd
             precision    recall  f1-score   support

       -1.0       0.88      0.92      0.90     19875
        1.0       0.71      0.60      0.65      6272

avg / total       0.84      0.85      0.84     26147

0.001 constant (200, 50) tanh sgd
             precision    recall  f1-score   support

       -1.0       0.88      0.93      0.90     19875
        1.0       0.72      0.59      0.65      6272

avg / total       0.84      0.85      0.84     26147

0.001 constant (200, 300, 100) tanh sgd
             precision    recall  f1-score   support

       -1.0       0.88      0.92      0.90     19875
        1.0       0.71      0.62      0.66      6272

avg / total       0.84      0.85      0.84     26147

0.001 constant (400, 100, 40) tanh sgd
             precision    recall  f1-score   support

       -1.0       0.88      0.92      0.90     19875
        1.0       0.71      0.60      0.65      6272

avg / total       0.84      0.85      0.84     26147

0.001 constant (400, 200, 100) tanh sgd
             precision    recall  f1-score   support

       -1.0       0.87      0.93      0.90     19875
        1.0       0.73      0.57      0.64      6272

avg / total       0.84      0.85      0.84     26147

0.001 constant (400, 200, 100, 30) tanh sgd
             precision    recall  f1-score   support

       -1.0       0.89      0.91      0.90     19875
        1.0       0.70      0.64      0.67      6272

avg / total       0.84      0.85      0.84     26147

0.001 constant (200, 400, 100, 30) tanh sgd
             precision    recall  f1-score   support

       -1.0       0.88      0.93      0.90     19875
        1.0       0.72      0.60      0.65      6272

avg / total       0.84      0.85      0.84     26147

0.001 constant (100, 20) tanh adam
             precision    recall  f1-score   support

       -1.0       0.87      0.91      0.89     19875
        1.0       0.66      0.56      0.61      6272

avg / total       0.82      0.82      0.82     26147

0.001 constant (200, 50) tanh adam
             precision    recall  f1-score   support

       -1.0       0.87      0.89      0.88     19875
        1.0       0.62      0.58      0.60      6272

avg / total       0.81      0.82      0.81     26147

0.001 constant (200, 300, 100) tanh adam
             precision    recall  f1-score   support

       -1.0       0.87      0.89      0.88     19875
        1.0       0.62      0.60      0.61      6272

avg / total       0.81      0.82      0.81     26147

0.001 constant (400, 100, 40) tanh adam
             precision    recall  f1-score   support

       -1.0       0.86      0.90      0.88     19875
        1.0       0.64      0.55      0.59      6272

avg / total       0.81      0.82      0.81     26147

0.001 constant (400, 200, 100) tanh adam
             precision    recall  f1-score   support

       -1.0       0.88      0.88      0.88     19875
        1.0       0.61      0.63      0.62      6272

avg / total       0.82      0.82      0.82     26147

0.001 constant (400, 200, 100, 30) tanh adam
             precision    recall  f1-score   support

       -1.0       0.88      0.87      0.87     19875
        1.0       0.60      0.61      0.61      6272

avg / total       0.81      0.81      0.81     26147

0.001 constant (200, 400, 100, 30) tanh adam
             precision    recall  f1-score   support

       -1.0       0.87      0.89      0.88     19875
        1.0       0.61      0.57      0.59      6272

avg / total       0.80      0.81      0.81     26147

0.001 constant (100, 20) relu lbfgs
             precision    recall  f1-score   support

       -1.0       0.87      0.86      0.87     19875
        1.0       0.58      0.60      0.59      6272

avg / total       0.80      0.80      0.80     26147

0.001 constant (200, 50) relu lbfgs
             precision    recall  f1-score   support

       -1.0       0.87      0.87      0.87     19875
        1.0       0.59      0.60      0.59      6272

avg / total       0.80      0.80      0.80     26147

0.001 constant (200, 300, 100) relu lbfgs
             precision    recall  f1-score   support

       -1.0       0.87      0.87      0.87     19875
        1.0       0.58      0.58      0.58      6272

avg / total       0.80      0.80      0.80     26147

0.001 constant (400, 100, 40) relu lbfgs
             precision    recall  f1-score   support

       -1.0       0.87      0.87      0.87     19875
        1.0       0.59      0.60      0.60      6272

avg / total       0.81      0.80      0.80     26147

0.001 constant (400, 200, 100) relu lbfgs
             precision    recall  f1-score   support

       -1.0       0.87      0.87      0.87     19875
        1.0       0.59      0.59      0.59      6272

avg / total       0.80      0.80      0.80     26147

0.001 constant (400, 200, 100, 30) relu lbfgs
             precision    recall  f1-score   support

       -1.0       0.87      0.87      0.87     19875
        1.0       0.59      0.59      0.59      6272

avg / total       0.80      0.80      0.80     26147

0.001 constant (200, 400, 100, 30) relu lbfgs
             precision    recall  f1-score   support

       -1.0       0.87      0.87      0.87     19875
        1.0       0.58      0.58      0.58      6272

avg / total       0.80      0.80      0.80     26147

0.001 constant (100, 20) relu sgd
             precision    recall  f1-score   support

       -1.0       0.88      0.92      0.90     19875
        1.0       0.70      0.61      0.66      6272

avg / total       0.84      0.85      0.84     26147

0.001 constant (200, 50) relu sgd
             precision    recall  f1-score   support

       -1.0       0.88      0.92      0.90     19875
        1.0       0.71      0.62      0.66      6272

avg / total       0.84      0.85      0.84     26147

0.001 constant (200, 300, 100) relu sgd
             precision    recall  f1-score   support

       -1.0       0.89      0.91      0.90     19875
        1.0       0.69      0.65      0.67      6272

avg / total       0.84      0.85      0.85     26147

0.001 constant (400, 100, 40) relu sgd
             precision    recall  f1-score   support

       -1.0       0.88      0.92      0.90     19875
        1.0       0.71      0.61      0.66      6272

avg / total       0.84      0.85      0.84     26147

0.001 constant (400, 200, 100) relu sgd
             precision    recall  f1-score   support

       -1.0       0.89      0.91      0.90     19875
        1.0       0.69      0.64      0.67      6272

avg / total       0.84      0.85      0.84     26147

0.001 constant (400, 200, 100, 30) relu sgd
             precision    recall  f1-score   support

       -1.0       0.89      0.92      0.90     19875
        1.0       0.71      0.62      0.66      6272

avg / total       0.84      0.85      0.84     26147

0.001 constant (200, 400, 100, 30) relu sgd
             precision    recall  f1-score   support

       -1.0       0.89      0.92      0.90     19875
        1.0       0.70      0.63      0.66      6272

avg / total       0.84      0.85      0.84     26147

0.001 constant (100, 20) relu adam
             precision    recall  f1-score   support

       -1.0       0.89      0.85      0.87     19875
        1.0       0.58      0.65      0.62      6272

avg / total       0.81      0.81      0.81     26147

0.001 constant (200, 50) relu adam
             precision    recall  f1-score   support

       -1.0       0.86      0.90      0.88     19875
        1.0       0.62      0.54      0.58      6272

avg / total       0.80      0.81      0.81     26147

0.001 constant (200, 300, 100) relu adam
             precision    recall  f1-score   support

       -1.0       0.88      0.86      0.87     19875
        1.0       0.59      0.62      0.61      6272

avg / total       0.81      0.81      0.81     26147

0.001 constant (400, 100, 40) relu adam
             precision    recall  f1-score   support

       -1.0       0.88      0.86      0.87     19875
        1.0       0.59      0.62      0.60      6272

avg / total       0.81      0.80      0.81     26147

0.001 constant (400, 200, 100) relu adam
             precision    recall  f1-score   support

       -1.0       0.88      0.86      0.87     19875
        1.0       0.59      0.65      0.61      6272

avg / total       0.81      0.81      0.81     26147

0.001 constant (400, 200, 100, 30) relu adam
             precision    recall  f1-score   support

       -1.0       0.86      0.89      0.88     19875
        1.0       0.61      0.56      0.59      6272

avg / total       0.80      0.81      0.81     26147

0.001 constant (200, 400, 100, 30) relu adam
             precision    recall  f1-score   support

       -1.0       0.87      0.89      0.88     19875
        1.0       0.62      0.58      0.60      6272

avg / total       0.81      0.81      0.81     26147

0.001 adaptive (100, 20) logistic lbfgs
             precision    recall  f1-score   support

       -1.0       0.88      0.87      0.87     19875
        1.0       0.60      0.62      0.61      6272

avg / total       0.81      0.81      0.81     26147

0.001 adaptive (200, 50) logistic lbfgs
             precision    recall  f1-score   support

       -1.0       0.87      0.90      0.89     19875
        1.0       0.65      0.59      0.62      6272

avg / total       0.82      0.83      0.82     26147

0.001 adaptive (200, 300, 100) logistic lbfgs
             precision    recall  f1-score   support

       -1.0       0.88      0.92      0.90     19875
        1.0       0.70      0.60      0.65      6272

avg / total       0.84      0.84      0.84     26147

0.001 adaptive (400, 100, 40) logistic lbfgs
             precision    recall  f1-score   support

       -1.0       0.88      0.92      0.90     19875
        1.0       0.69      0.60      0.64      6272

avg / total       0.83      0.84      0.84     26147

0.001 adaptive (400, 200, 100) logistic lbfgs
             precision    recall  f1-score   support

       -1.0       0.88      0.92      0.90     19875
        1.0       0.70      0.61      0.65      6272

avg / total       0.84      0.84      0.84     26147

0.001 adaptive (400, 200, 100, 30) logistic lbfgs
             precision    recall  f1-score   support

       -1.0       0.76      1.00      0.86     19875
        1.0       0.00      0.00      0.00      6272

avg / total       0.58      0.76      0.66     26147

0.001 adaptive (200, 400, 100, 30) logistic lbfgs
             precision    recall  f1-score   support

       -1.0       0.76      1.00      0.86     19875
        1.0       0.00      0.00      0.00      6272

avg / total       0.58      0.76      0.66     26147

0.001 adaptive (100, 20) logistic sgd
             precision    recall  f1-score   support

       -1.0       0.76      1.00      0.86     19875
        1.0       0.00      0.00      0.00      6272

avg / total       0.58      0.76      0.66     26147

0.001 adaptive (200, 50) logistic sgd
             precision    recall  f1-score   support

       -1.0       0.76      1.00      0.86     19875
        1.0       0.00      0.00      0.00      6272

avg / total       0.58      0.76      0.66     26147

0.001 adaptive (200, 300, 100) logistic sgd
             precision    recall  f1-score   support

       -1.0       0.76      1.00      0.86     19875
        1.0       0.00      0.00      0.00      6272

avg / total       0.58      0.76      0.66     26147

0.001 adaptive (400, 100, 40) logistic sgd
             precision    recall  f1-score   support

       -1.0       0.76      1.00      0.86     19875
        1.0       0.00      0.00      0.00      6272

avg / total       0.58      0.76      0.66     26147

0.001 adaptive (400, 200, 100) logistic sgd
             precision    recall  f1-score   support

       -1.0       0.76      1.00      0.86     19875
        1.0       0.00      0.00      0.00      6272

avg / total       0.58      0.76      0.66     26147

0.001 adaptive (400, 200, 100, 30) logistic sgd
             precision    recall  f1-score   support

       -1.0       0.76      1.00      0.86     19875
        1.0       0.00      0.00      0.00      6272

avg / total       0.58      0.76      0.66     26147

0.001 adaptive (200, 400, 100, 30) logistic sgd
             precision    recall  f1-score   support

       -1.0       0.76      1.00      0.86     19875
        1.0       0.00      0.00      0.00      6272

avg / total       0.58      0.76      0.66     26147

0.001 adaptive (100, 20) logistic adam
             precision    recall  f1-score   support

       -1.0       0.88      0.92      0.90     19875
        1.0       0.71      0.62      0.66      6272

avg / total       0.84      0.85      0.84     26147

0.001 adaptive (200, 50) logistic adam
             precision    recall  f1-score   support

       -1.0       0.88      0.92      0.90     19875
        1.0       0.71      0.61      0.66      6272

avg / total       0.84      0.85      0.84     26147

0.001 adaptive (200, 300, 100) logistic adam
             precision    recall  f1-score   support

       -1.0       0.90      0.89      0.90     19875
        1.0       0.67      0.70      0.68      6272

avg / total       0.85      0.84      0.84     26147

0.001 adaptive (400, 100, 40) logistic adam
             precision    recall  f1-score   support

       -1.0       0.86      0.95      0.90     19875
        1.0       0.75      0.52      0.62      6272

avg / total       0.84      0.84      0.83     26147

0.001 adaptive (400, 200, 100) logistic adam
             precision    recall  f1-score   support

       -1.0       0.91      0.88      0.89     19875
        1.0       0.65      0.72      0.68      6272

avg / total       0.85      0.84      0.84     26147

0.001 adaptive (400, 200, 100, 30) logistic adam
             precision    recall  f1-score   support

       -1.0       0.87      0.94      0.90     19875
        1.0       0.73      0.56      0.63      6272

avg / total       0.84      0.85      0.84     26147

0.001 adaptive (200, 400, 100, 30) logistic adam
             precision    recall  f1-score   support

       -1.0       0.89      0.91      0.90     19875
        1.0       0.70      0.64      0.67      6272

avg / total       0.84      0.85      0.85     26147

0.001 adaptive (100, 20) tanh lbfgs
             precision    recall  f1-score   support

       -1.0       0.87      0.87      0.87     19875
        1.0       0.59      0.59      0.59      6272

avg / total       0.80      0.80      0.80     26147

0.001 adaptive (200, 50) tanh lbfgs
             precision    recall  f1-score   support

       -1.0       0.87      0.87      0.87     19875
        1.0       0.59      0.59      0.59      6272

avg / total       0.80      0.80      0.80     26147

0.001 adaptive (200, 300, 100) tanh lbfgs
             precision    recall  f1-score   support

       -1.0       0.87      0.86      0.87     19875
        1.0       0.58      0.60      0.59      6272

avg / total       0.80      0.80      0.80     26147

0.001 adaptive (400, 100, 40) tanh lbfgs
             precision    recall  f1-score   support

       -1.0       0.87      0.87      0.87     19875
        1.0       0.59      0.60      0.59      6272

avg / total       0.81      0.80      0.80     26147

0.001 adaptive (400, 200, 100) tanh lbfgs
             precision    recall  f1-score   support

       -1.0       0.87      0.87      0.87     19875
        1.0       0.59      0.60      0.59      6272

avg / total       0.80      0.80      0.80     26147

0.001 adaptive (400, 200, 100, 30) tanh lbfgs
             precision    recall  f1-score   support

       -1.0       0.87      0.87      0.87     19875
        1.0       0.59      0.58      0.59      6272

avg / total       0.80      0.80      0.80     26147

0.001 adaptive (200, 400, 100, 30) tanh lbfgs
             precision    recall  f1-score   support

       -1.0       0.87      0.87      0.87     19875
        1.0       0.59      0.59      0.59      6272

avg / total       0.81      0.81      0.81     26147

0.001 adaptive (100, 20) tanh sgd
             precision    recall  f1-score   support

       -1.0       0.88      0.92      0.90     19875
        1.0       0.71      0.60      0.65      6272

avg / total       0.84      0.85      0.84     26147

0.001 adaptive (200, 50) tanh sgd
             precision    recall  f1-score   support

       -1.0       0.88      0.92      0.90     19875
        1.0       0.71      0.60      0.65      6272

avg / total       0.84      0.85      0.84     26147

0.001 adaptive (200, 300, 100) tanh sgd
             precision    recall  f1-score   support

       -1.0       0.88      0.92      0.90     19875
        1.0       0.71      0.60      0.65      6272

avg / total       0.84      0.85      0.84     26147

0.001 adaptive (400, 100, 40) tanh sgd
             precision    recall  f1-score   support

       -1.0       0.88      0.92      0.90     19875
        1.0       0.71      0.60      0.65      6272

avg / total       0.84      0.85      0.84     26147

0.001 adaptive (400, 200, 100) tanh sgd
             precision    recall  f1-score   support

       -1.0       0.88      0.92      0.90     19875
        1.0       0.71      0.60      0.65      6272

avg / total       0.84      0.85      0.84     26147

0.001 adaptive (400, 200, 100, 30) tanh sgd
             precision    recall  f1-score   support

       -1.0       0.88      0.92      0.90     19875
        1.0       0.71      0.61      0.66      6272

avg / total       0.84      0.85      0.84     26147

0.001 adaptive (200, 400, 100, 30) tanh sgd
             precision    recall  f1-score   support

       -1.0       0.88      0.92      0.90     19875
        1.0       0.71      0.61      0.66      6272

avg / total       0.84      0.85      0.84     26147

0.001 adaptive (100, 20) tanh adam
             precision    recall  f1-score   support

       -1.0       0.87      0.91      0.89     19875
        1.0       0.66      0.56      0.61      6272

avg / total       0.82      0.82      0.82     26147

0.001 adaptive (200, 50) tanh adam
             precision    recall  f1-score   support

       -1.0       0.87      0.89      0.88     19875
        1.0       0.62      0.58      0.60      6272

avg / total       0.81      0.82      0.81     26147

0.001 adaptive (200, 300, 100) tanh adam
             precision    recall  f1-score   support

       -1.0       0.87      0.89      0.88     19875
        1.0       0.62      0.60      0.61      6272

avg / total       0.81      0.82      0.81     26147

0.001 adaptive (400, 100, 40) tanh adam
             precision    recall  f1-score   support

       -1.0       0.86      0.90      0.88     19875
        1.0       0.64      0.55      0.59      6272

avg / total       0.81      0.82      0.81     26147

0.001 adaptive (400, 200, 100) tanh adam
             precision    recall  f1-score   support

       -1.0       0.88      0.88      0.88     19875
        1.0       0.61      0.63      0.62      6272

avg / total       0.82      0.82      0.82     26147

0.001 adaptive (400, 200, 100, 30) tanh adam
             precision    recall  f1-score   support

       -1.0       0.88      0.87      0.87     19875
        1.0       0.60      0.61      0.61      6272

avg / total       0.81      0.81      0.81     26147

0.001 adaptive (200, 400, 100, 30) tanh adam
             precision    recall  f1-score   support

       -1.0       0.87      0.89      0.88     19875
        1.0       0.61      0.57      0.59      6272

avg / total       0.80      0.81      0.81     26147

0.001 adaptive (100, 20) relu lbfgs
             precision    recall  f1-score   support

       -1.0       0.87      0.86      0.87     19875
        1.0       0.58      0.60      0.59      6272

avg / total       0.80      0.80      0.80     26147

0.001 adaptive (200, 50) relu lbfgs
             precision    recall  f1-score   support

       -1.0       0.87      0.87      0.87     19875
        1.0       0.59      0.60      0.59      6272

avg / total       0.80      0.80      0.80     26147

0.001 adaptive (200, 300, 100) relu lbfgs
             precision    recall  f1-score   support

       -1.0       0.87      0.87      0.87     19875
        1.0       0.58      0.58      0.58      6272

avg / total       0.80      0.80      0.80     26147

0.001 adaptive (400, 100, 40) relu lbfgs
             precision    recall  f1-score   support

       -1.0       0.87      0.87      0.87     19875
        1.0       0.59      0.60      0.60      6272

avg / total       0.81      0.80      0.80     26147

0.001 adaptive (400, 200, 100) relu lbfgs
             precision    recall  f1-score   support

       -1.0       0.87      0.87      0.87     19875
        1.0       0.59      0.59      0.59      6272

avg / total       0.80      0.80      0.80     26147

0.001 adaptive (400, 200, 100, 30) relu lbfgs
             precision    recall  f1-score   support

       -1.0       0.87      0.87      0.87     19875
        1.0       0.59      0.59      0.59      6272

avg / total       0.80      0.80      0.80     26147

0.001 adaptive (200, 400, 100, 30) relu lbfgs
             precision    recall  f1-score   support

       -1.0       0.87      0.87      0.87     19875
        1.0       0.58      0.58      0.58      6272

avg / total       0.80      0.80      0.80     26147

0.001 adaptive (100, 20) relu sgd
             precision    recall  f1-score   support

       -1.0       0.88      0.92      0.90     19875
        1.0       0.71      0.61      0.66      6272

avg / total       0.84      0.85      0.84     26147

0.001 adaptive (200, 50) relu sgd
             precision    recall  f1-score   support

       -1.0       0.88      0.92      0.90     19875
        1.0       0.71      0.61      0.66      6272

avg / total       0.84      0.85      0.84     26147

0.001 adaptive (200, 300, 100) relu sgd
             precision    recall  f1-score   support

       -1.0       0.89      0.92      0.90     19875
        1.0       0.70      0.63      0.66      6272

avg / total       0.84      0.85      0.84     26147

0.001 adaptive (400, 100, 40) relu sgd
             precision    recall  f1-score   support

       -1.0       0.88      0.92      0.90     19875
        1.0       0.71      0.61      0.66      6272

avg / total       0.84      0.85      0.84     26147

0.001 adaptive (400, 200, 100) relu sgd
             precision    recall  f1-score   support

       -1.0       0.88      0.92      0.90     19875
        1.0       0.71      0.62      0.66      6272

avg / total       0.84      0.85      0.84     26147

0.001 adaptive (400, 200, 100, 30) relu sgd
             precision    recall  f1-score   support

       -1.0       0.89      0.92      0.90     19875
        1.0       0.70      0.62      0.66      6272

avg / total       0.84      0.85      0.84     26147

0.001 adaptive (200, 400, 100, 30) relu sgd
             precision    recall  f1-score   support

       -1.0       0.89      0.91      0.90     19875
        1.0       0.70      0.63      0.66      6272

avg / total       0.84      0.85      0.84     26147

0.001 adaptive (100, 20) relu adam
             precision    recall  f1-score   support

       -1.0       0.89      0.85      0.87     19875
        1.0       0.58      0.65      0.62      6272

avg / total       0.81      0.81      0.81     26147

0.001 adaptive (200, 50) relu adam
             precision    recall  f1-score   support

       -1.0       0.86      0.90      0.88     19875
        1.0       0.62      0.54      0.58      6272

avg / total       0.80      0.81      0.81     26147

0.001 adaptive (200, 300, 100) relu adam
             precision    recall  f1-score   support

       -1.0       0.88      0.86      0.87     19875
        1.0       0.59      0.62      0.61      6272

avg / total       0.81      0.81      0.81     26147

0.001 adaptive (400, 100, 40) relu adam
             precision    recall  f1-score   support

       -1.0       0.88      0.86      0.87     19875
        1.0       0.59      0.62      0.60      6272

avg / total       0.81      0.80      0.81     26147

0.001 adaptive (400, 200, 100) relu adam
             precision    recall  f1-score   support

       -1.0       0.88      0.86      0.87     19875
        1.0       0.59      0.65      0.61      6272

avg / total       0.81      0.81      0.81     26147

0.001 adaptive (400, 200, 100, 30) relu adam
             precision    recall  f1-score   support

       -1.0       0.86      0.89      0.88     19875
        1.0       0.61      0.56      0.59      6272

avg / total       0.80      0.81      0.81     26147

0.001 adaptive (200, 400, 100, 30) relu adam
             precision    recall  f1-score   support

       -1.0       0.87      0.89      0.88     19875
        1.0       0.62      0.58      0.60      6272

avg / total       0.81      0.81      0.81     26147

0.001 invscaling (100, 20) logistic lbfgs
             precision    recall  f1-score   support

       -1.0       0.88      0.87      0.87     19875
        1.0       0.60      0.62      0.61      6272

avg / total       0.81      0.81      0.81     26147

0.001 invscaling (200, 50) logistic lbfgs
             precision    recall  f1-score   support

       -1.0       0.87      0.90      0.89     19875
        1.0       0.65      0.59      0.62      6272

avg / total       0.82      0.83      0.82     26147

0.001 invscaling (200, 300, 100) logistic lbfgs
             precision    recall  f1-score   support

       -1.0       0.88      0.92      0.90     19875
        1.0       0.70      0.60      0.65      6272

avg / total       0.84      0.84      0.84     26147

0.001 invscaling (400, 100, 40) logistic lbfgs
             precision    recall  f1-score   support

       -1.0       0.88      0.92      0.90     19875
        1.0       0.69      0.60      0.64      6272

avg / total       0.83      0.84      0.84     26147

0.001 invscaling (400, 200, 100) logistic lbfgs
             precision    recall  f1-score   support

       -1.0       0.88      0.92      0.90     19875
        1.0       0.70      0.61      0.65      6272

avg / total       0.84      0.84      0.84     26147

0.001 invscaling (400, 200, 100, 30) logistic lbfgs
             precision    recall  f1-score   support

       -1.0       0.76      1.00      0.86     19875
        1.0       0.00      0.00      0.00      6272

avg / total       0.58      0.76      0.66     26147

0.001 invscaling (200, 400, 100, 30) logistic lbfgs
             precision    recall  f1-score   support

       -1.0       0.76      1.00      0.86     19875
        1.0       0.00      0.00      0.00      6272

avg / total       0.58      0.76      0.66     26147

0.001 invscaling (100, 20) logistic sgd
             precision    recall  f1-score   support

       -1.0       0.76      1.00      0.86     19875
        1.0       0.00      0.00      0.00      6272

avg / total       0.58      0.76      0.66     26147

0.001 invscaling (200, 50) logistic sgd
             precision    recall  f1-score   support

       -1.0       0.76      1.00      0.86     19875
        1.0       0.00      0.00      0.00      6272

avg / total       0.58      0.76      0.66     26147

0.001 invscaling (200, 300, 100) logistic sgd
             precision    recall  f1-score   support

       -1.0       0.76      1.00      0.86     19875
        1.0       0.00      0.00      0.00      6272

avg / total       0.58      0.76      0.66     26147

0.001 invscaling (400, 100, 40) logistic sgd
             precision    recall  f1-score   support

       -1.0       0.76      1.00      0.86     19875
        1.0       0.00      0.00      0.00      6272

avg / total       0.58      0.76      0.66     26147

0.001 invscaling (400, 200, 100) logistic sgd
             precision    recall  f1-score   support

       -1.0       0.76      1.00      0.86     19875
        1.0       0.00      0.00      0.00      6272

avg / total       0.58      0.76      0.66     26147

0.001 invscaling (400, 200, 100, 30) logistic sgd
             precision    recall  f1-score   support

       -1.0       0.76      1.00      0.86     19875
        1.0       0.00      0.00      0.00      6272

avg / total       0.58      0.76      0.66     26147

0.001 invscaling (200, 400, 100, 30) logistic sgd
             precision    recall  f1-score   support

       -1.0       0.76      1.00      0.86     19875
        1.0       0.00      0.00      0.00      6272

avg / total       0.58      0.76      0.66     26147

0.001 invscaling (100, 20) logistic adam
             precision    recall  f1-score   support

       -1.0       0.88      0.92      0.90     19875
        1.0       0.71      0.62      0.66      6272

avg / total       0.84      0.85      0.84     26147

0.001 invscaling (200, 50) logistic adam
             precision    recall  f1-score   support

       -1.0       0.88      0.92      0.90     19875
        1.0       0.71      0.61      0.66      6272

avg / total       0.84      0.85      0.84     26147

0.001 invscaling (200, 300, 100) logistic adam
             precision    recall  f1-score   support

       -1.0       0.90      0.89      0.90     19875
        1.0       0.67      0.70      0.68      6272

avg / total       0.85      0.84      0.84     26147

0.001 invscaling (400, 100, 40) logistic adam
             precision    recall  f1-score   support

       -1.0       0.86      0.95      0.90     19875
        1.0       0.75      0.52      0.62      6272

avg / total       0.84      0.84      0.83     26147

0.001 invscaling (400, 200, 100) logistic adam
             precision    recall  f1-score   support

       -1.0       0.91      0.88      0.89     19875
        1.0       0.65      0.72      0.68      6272

avg / total       0.85      0.84      0.84     26147

0.001 invscaling (400, 200, 100, 30) logistic adam
             precision    recall  f1-score   support

       -1.0       0.87      0.94      0.90     19875
        1.0       0.73      0.56      0.63      6272

avg / total       0.84      0.85      0.84     26147

0.001 invscaling (200, 400, 100, 30) logistic adam
             precision    recall  f1-score   support

       -1.0       0.89      0.91      0.90     19875
        1.0       0.70      0.64      0.67      6272

avg / total       0.84      0.85      0.85     26147

0.001 invscaling (100, 20) tanh lbfgs
             precision    recall  f1-score   support

       -1.0       0.87      0.87      0.87     19875
        1.0       0.59      0.59      0.59      6272

avg / total       0.80      0.80      0.80     26147

0.001 invscaling (200, 50) tanh lbfgs
             precision    recall  f1-score   support

       -1.0       0.87      0.87      0.87     19875
        1.0       0.59      0.59      0.59      6272

avg / total       0.80      0.80      0.80     26147

0.001 invscaling (200, 300, 100) tanh lbfgs
             precision    recall  f1-score   support

       -1.0       0.87      0.86      0.87     19875
        1.0       0.58      0.60      0.59      6272

avg / total       0.80      0.80      0.80     26147

0.001 invscaling (400, 100, 40) tanh lbfgs
             precision    recall  f1-score   support

       -1.0       0.87      0.87      0.87     19875
        1.0       0.59      0.60      0.59      6272

avg / total       0.81      0.80      0.80     26147

0.001 invscaling (400, 200, 100) tanh lbfgs
             precision    recall  f1-score   support

       -1.0       0.87      0.87      0.87     19875
        1.0       0.59      0.60      0.59      6272

avg / total       0.80      0.80      0.80     26147

0.001 invscaling (400, 200, 100, 30) tanh lbfgs
             precision    recall  f1-score   support

       -1.0       0.87      0.87      0.87     19875
        1.0       0.59      0.58      0.59      6272

avg / total       0.80      0.80      0.80     26147

0.001 invscaling (200, 400, 100, 30) tanh lbfgs
             precision    recall  f1-score   support

       -1.0       0.87      0.87      0.87     19875
        1.0       0.59      0.59      0.59      6272

avg / total       0.81      0.81      0.81     26147

0.001 invscaling (100, 20) tanh sgd
             precision    recall  f1-score   support

       -1.0       0.76      1.00      0.86     19875
        1.0       0.24      0.00      0.00      6272

avg / total       0.63      0.76      0.66     26147

0.001 invscaling (200, 50) tanh sgd
             precision    recall  f1-score   support

       -1.0       0.76      1.00      0.86     19875
        1.0       0.60      0.00      0.00      6272

avg / total       0.72      0.76      0.66     26147

0.001 invscaling (200, 300, 100) tanh sgd
             precision    recall  f1-score   support

       -1.0       0.76      1.00      0.86     19875
        1.0       0.73      0.01      0.02      6272

avg / total       0.75      0.76      0.66     26147

0.001 invscaling (400, 100, 40) tanh sgd
             precision    recall  f1-score   support

       -1.0       0.78      0.99      0.87     19875
        1.0       0.86      0.10      0.18      6272

avg / total       0.80      0.78      0.71     26147

0.001 invscaling (400, 200, 100) tanh sgd
             precision    recall  f1-score   support

       -1.0       0.76      1.00      0.87     19875
        1.0       0.91      0.03      0.05      6272

avg / total       0.80      0.77      0.67     26147

0.001 invscaling (400, 200, 100, 30) tanh sgd
             precision    recall  f1-score   support

       -1.0       0.79      0.98      0.87     19875
        1.0       0.71      0.19      0.30      6272

avg / total       0.77      0.79      0.74     26147

0.001 invscaling (200, 400, 100, 30) tanh sgd
             precision    recall  f1-score   support

       -1.0       0.77      1.00      0.87     19875
        1.0       0.87      0.07      0.12      6272

avg / total       0.80      0.77      0.69     26147

0.001 invscaling (100, 20) tanh adam
             precision    recall  f1-score   support

       -1.0       0.87      0.91      0.89     19875
        1.0       0.66      0.56      0.61      6272

avg / total       0.82      0.82      0.82     26147

0.001 invscaling (200, 50) tanh adam
             precision    recall  f1-score   support

       -1.0       0.87      0.89      0.88     19875
        1.0       0.62      0.58      0.60      6272

avg / total       0.81      0.82      0.81     26147

0.001 invscaling (200, 300, 100) tanh adam
             precision    recall  f1-score   support

       -1.0       0.87      0.89      0.88     19875
        1.0       0.62      0.60      0.61      6272

avg / total       0.81      0.82      0.81     26147

0.001 invscaling (400, 100, 40) tanh adam
             precision    recall  f1-score   support

       -1.0       0.86      0.90      0.88     19875
        1.0       0.64      0.55      0.59      6272

avg / total       0.81      0.82      0.81     26147

0.001 invscaling (400, 200, 100) tanh adam
             precision    recall  f1-score   support

       -1.0       0.88      0.88      0.88     19875
        1.0       0.61      0.63      0.62      6272

avg / total       0.82      0.82      0.82     26147

0.001 invscaling (400, 200, 100, 30) tanh adam
             precision    recall  f1-score   support

       -1.0       0.88      0.87      0.87     19875
        1.0       0.60      0.61      0.61      6272

avg / total       0.81      0.81      0.81     26147

0.001 invscaling (200, 400, 100, 30) tanh adam
             precision    recall  f1-score   support

       -1.0       0.87      0.89      0.88     19875
        1.0       0.61      0.57      0.59      6272

avg / total       0.80      0.81      0.81     26147

0.001 invscaling (100, 20) relu lbfgs
             precision    recall  f1-score   support

       -1.0       0.87      0.86      0.87     19875
        1.0       0.58      0.60      0.59      6272

avg / total       0.80      0.80      0.80     26147

0.001 invscaling (200, 50) relu lbfgs
             precision    recall  f1-score   support

       -1.0       0.87      0.87      0.87     19875
        1.0       0.59      0.60      0.59      6272

avg / total       0.80      0.80      0.80     26147

0.001 invscaling (200, 300, 100) relu lbfgs
             precision    recall  f1-score   support

       -1.0       0.87      0.87      0.87     19875
        1.0       0.58      0.58      0.58      6272

avg / total       0.80      0.80      0.80     26147

0.001 invscaling (400, 100, 40) relu lbfgs
             precision    recall  f1-score   support

       -1.0       0.87      0.87      0.87     19875
        1.0       0.59      0.60      0.60      6272

avg / total       0.81      0.80      0.80     26147

0.001 invscaling (400, 200, 100) relu lbfgs
             precision    recall  f1-score   support

       -1.0       0.87      0.87      0.87     19875
        1.0       0.59      0.59      0.59      6272

avg / total       0.80      0.80      0.80     26147

0.001 invscaling (400, 200, 100, 30) relu lbfgs
             precision    recall  f1-score   support

       -1.0       0.87      0.87      0.87     19875
        1.0       0.59      0.59      0.59      6272

avg / total       0.80      0.80      0.80     26147

0.001 invscaling (200, 400, 100, 30) relu lbfgs
             precision    recall  f1-score   support

       -1.0       0.87      0.87      0.87     19875
        1.0       0.58      0.58      0.58      6272

avg / total       0.80      0.80      0.80     26147

0.001 invscaling (100, 20) relu sgd
             precision    recall  f1-score   support

       -1.0       0.76      1.00      0.86     19875
        1.0       0.50      0.00      0.00      6272

avg / total       0.70      0.76      0.66     26147

0.001 invscaling (200, 50) relu sgd
             precision    recall  f1-score   support

       -1.0       0.76      1.00      0.86     19875
        1.0       0.00      0.00      0.00      6272

avg / total       0.58      0.76      0.66     26147

0.001 invscaling (200, 300, 100) relu sgd
             precision    recall  f1-score   support

       -1.0       0.76      1.00      0.86     19875
        1.0       0.00      0.00      0.00      6272

avg / total       0.58      0.76      0.66     26147

0.001 invscaling (400, 100, 40) relu sgd
             precision    recall  f1-score   support

       -1.0       0.76      1.00      0.86     19875
        1.0       0.00      0.00      0.00      6272

avg / total       0.58      0.76      0.66     26147

0.001 invscaling (400, 200, 100) relu sgd
             precision    recall  f1-score   support

       -1.0       0.76      1.00      0.86     19875
        1.0       0.00      0.00      0.00      6272

avg / total       0.58      0.76      0.66     26147

0.001 invscaling (400, 200, 100, 30) relu sgd
             precision    recall  f1-score   support

       -1.0       0.76      1.00      0.86     19875
        1.0       0.00      0.00      0.00      6272

avg / total       0.58      0.76      0.66     26147

0.001 invscaling (200, 400, 100, 30) relu sgd
             precision    recall  f1-score   support

       -1.0       0.76      1.00      0.86     19875
        1.0       0.00      0.00      0.00      6272

avg / total       0.58      0.76      0.66     26147

0.001 invscaling (100, 20) relu adam
             precision    recall  f1-score   support

       -1.0       0.89      0.85      0.87     19875
        1.0       0.58      0.65      0.62      6272

avg / total       0.81      0.81      0.81     26147

0.001 invscaling (200, 50) relu adam
             precision    recall  f1-score   support

       -1.0       0.86      0.90      0.88     19875
        1.0       0.62      0.54      0.58      6272

avg / total       0.80      0.81      0.81     26147

0.001 invscaling (200, 300, 100) relu adam
             precision    recall  f1-score   support

       -1.0       0.88      0.86      0.87     19875
        1.0       0.59      0.62      0.61      6272

avg / total       0.81      0.81      0.81     26147

0.001 invscaling (400, 100, 40) relu adam
             precision    recall  f1-score   support

       -1.0       0.88      0.86      0.87     19875
        1.0       0.59      0.62      0.60      6272

avg / total       0.81      0.80      0.81     26147

0.001 invscaling (400, 200, 100) relu adam
             precision    recall  f1-score   support

       -1.0       0.88      0.86      0.87     19875
        1.0       0.59      0.65      0.61      6272

avg / total       0.81      0.81      0.81     26147

0.001 invscaling (400, 200, 100, 30) relu adam
             precision    recall  f1-score   support

       -1.0       0.86      0.89      0.88     19875
        1.0       0.61      0.56      0.59      6272

avg / total       0.80      0.81      0.81     26147

0.001 invscaling (200, 400, 100, 30) relu adam
             precision    recall  f1-score   support

       -1.0       0.87      0.89      0.88     19875
        1.0       0.62      0.58      0.60      6272

avg / total       0.81      0.81      0.81     26147

0.01 constant (100, 20) logistic lbfgs
             precision    recall  f1-score   support

       -1.0       0.88      0.87      0.87     19875
        1.0       0.60      0.62      0.61      6272

avg / total       0.81      0.81      0.81     26147

0.01 constant (200, 50) logistic lbfgs
             precision    recall  f1-score   support

       -1.0       0.87      0.90      0.89     19875
        1.0       0.65      0.59      0.62      6272

avg / total       0.82      0.83      0.82     26147

0.01 constant (200, 300, 100) logistic lbfgs
             precision    recall  f1-score   support

       -1.0       0.88      0.92      0.90     19875
        1.0       0.70      0.60      0.65      6272

avg / total       0.84      0.84      0.84     26147

0.01 constant (400, 100, 40) logistic lbfgs
             precision    recall  f1-score   support

       -1.0       0.88      0.92      0.90     19875
        1.0       0.69      0.60      0.64      6272

avg / total       0.83      0.84      0.84     26147

0.01 constant (400, 200, 100) logistic lbfgs
             precision    recall  f1-score   support

       -1.0       0.88      0.92      0.90     19875
        1.0       0.70      0.61      0.65      6272

avg / total       0.84      0.84      0.84     26147

0.01 constant (400, 200, 100, 30) logistic lbfgs
             precision    recall  f1-score   support

       -1.0       0.76      1.00      0.86     19875
        1.0       0.00      0.00      0.00      6272

avg / total       0.58      0.76      0.66     26147

0.01 constant (200, 400, 100, 30) logistic lbfgs
             precision    recall  f1-score   support

       -1.0       0.76      1.00      0.86     19875
        1.0       0.00      0.00      0.00      6272

avg / total       0.58      0.76      0.66     26147

0.01 constant (100, 20) logistic sgd
             precision    recall  f1-score   support

       -1.0       0.89      0.92      0.90     19875
        1.0       0.70      0.62      0.66      6272

avg / total       0.84      0.85      0.84     26147

0.01 constant (200, 50) logistic sgd
             precision    recall  f1-score   support

       -1.0       0.88      0.92      0.90     19875
        1.0       0.71      0.60      0.65      6272

avg / total       0.84      0.85      0.84     26147

0.01 constant (200, 300, 100) logistic sgd
             precision    recall  f1-score   support

       -1.0       0.76      1.00      0.86     19875
        1.0       0.00      0.00      0.00      6272

avg / total       0.58      0.76      0.66     26147

0.01 constant (400, 100, 40) logistic sgd
             precision    recall  f1-score   support

       -1.0       0.76      1.00      0.86     19875
        1.0       0.00      0.00      0.00      6272

avg / total       0.58      0.76      0.66     26147

0.01 constant (400, 200, 100) logistic sgd
             precision    recall  f1-score   support

       -1.0       0.76      1.00      0.86     19875
        1.0       0.00      0.00      0.00      6272

avg / total       0.58      0.76      0.66     26147

0.01 constant (400, 200, 100, 30) logistic sgd
             precision    recall  f1-score   support

       -1.0       0.76      1.00      0.86     19875
        1.0       0.00      0.00      0.00      6272

avg / total       0.58      0.76      0.66     26147

0.01 constant (200, 400, 100, 30) logistic sgd
             precision    recall  f1-score   support

       -1.0       0.76      1.00      0.86     19875
        1.0       0.00      0.00      0.00      6272

avg / total       0.58      0.76      0.66     26147

0.01 constant (100, 20) logistic adam
             precision    recall  f1-score   support

       -1.0       0.86      0.90      0.88     19875
        1.0       0.63      0.53      0.58      6272

avg / total       0.81      0.81      0.81     26147

0.01 constant (200, 50) logistic adam
             precision    recall  f1-score   support

       -1.0       0.88      0.84      0.86     19875
        1.0       0.55      0.63      0.59      6272

avg / total       0.80      0.79      0.79     26147

0.01 constant (200, 300, 100) logistic adam
             precision    recall  f1-score   support

       -1.0       0.86      0.90      0.88     19875
        1.0       0.63      0.55      0.59      6272

avg / total       0.81      0.81      0.81     26147

0.01 constant (400, 100, 40) logistic adam
             precision    recall  f1-score   support

       -1.0       0.88      0.92      0.90     19875
        1.0       0.70      0.62      0.66      6272

avg / total       0.84      0.85      0.84     26147

0.01 constant (400, 200, 100) logistic adam
             precision    recall  f1-score   support

       -1.0       0.87      0.88      0.87     19875
        1.0       0.60      0.58      0.59      6272

avg / total       0.80      0.81      0.81     26147

0.01 constant (400, 200, 100, 30) logistic adam
             precision    recall  f1-score   support

       -1.0       0.88      0.85      0.87     19875
        1.0       0.58      0.63      0.60      6272

avg / total       0.81      0.80      0.80     26147

0.01 constant (200, 400, 100, 30) logistic adam
             precision    recall  f1-score   support

       -1.0       0.76      1.00      0.86     19875
        1.0       0.00      0.00      0.00      6272

avg / total       0.58      0.76      0.66     26147

0.01 constant (100, 20) tanh lbfgs
             precision    recall  f1-score   support

       -1.0       0.87      0.87      0.87     19875
        1.0       0.59      0.59      0.59      6272

avg / total       0.80      0.80      0.80     26147

0.01 constant (200, 50) tanh lbfgs
             precision    recall  f1-score   support

       -1.0       0.87      0.87      0.87     19875
        1.0       0.59      0.59      0.59      6272

avg / total       0.80      0.80      0.80     26147

0.01 constant (200, 300, 100) tanh lbfgs
             precision    recall  f1-score   support

       -1.0       0.87      0.86      0.87     19875
        1.0       0.58      0.60      0.59      6272

avg / total       0.80      0.80      0.80     26147

0.01 constant (400, 100, 40) tanh lbfgs
             precision    recall  f1-score   support

       -1.0       0.87      0.87      0.87     19875
        1.0       0.59      0.60      0.59      6272

avg / total       0.81      0.80      0.80     26147

0.01 constant (400, 200, 100) tanh lbfgs
             precision    recall  f1-score   support

       -1.0       0.87      0.87      0.87     19875
        1.0       0.59      0.60      0.59      6272

avg / total       0.80      0.80      0.80     26147

0.01 constant (400, 200, 100, 30) tanh lbfgs
             precision    recall  f1-score   support

       -1.0       0.87      0.87      0.87     19875
        1.0       0.59      0.58      0.59      6272

avg / total       0.80      0.80      0.80     26147

0.01 constant (200, 400, 100, 30) tanh lbfgs
             precision    recall  f1-score   support

       -1.0       0.87      0.87      0.87     19875
        1.0       0.59      0.59      0.59      6272

avg / total       0.81      0.81      0.81     26147

0.01 constant (100, 20) tanh sgd
             precision    recall  f1-score   support

       -1.0       0.88      0.92      0.90     19875
        1.0       0.71      0.60      0.65      6272

avg / total       0.84      0.85      0.84     26147

0.01 constant (200, 50) tanh sgd
             precision    recall  f1-score   support

       -1.0       0.87      0.94      0.90     19875
        1.0       0.75      0.55      0.63      6272

avg / total       0.84      0.85      0.84     26147

0.01 constant (200, 300, 100) tanh sgd
             precision    recall  f1-score   support

       -1.0       0.87      0.94      0.90     19875
        1.0       0.75      0.54      0.63      6272

avg / total       0.84      0.85      0.84     26147

0.01 constant (400, 100, 40) tanh sgd
             precision    recall  f1-score   support

       -1.0       0.87      0.94      0.90     19875
        1.0       0.74      0.55      0.63      6272

avg / total       0.84      0.85      0.84     26147

0.01 constant (400, 200, 100) tanh sgd
             precision    recall  f1-score   support

       -1.0       0.87      0.94      0.90     19875
        1.0       0.73      0.56      0.64      6272

avg / total       0.84      0.85      0.84     26147

0.01 constant (400, 200, 100, 30) tanh sgd
             precision    recall  f1-score   support

       -1.0       0.87      0.94      0.90     19875
        1.0       0.73      0.54      0.62      6272

avg / total       0.83      0.84      0.83     26147

0.01 constant (200, 400, 100, 30) tanh sgd
             precision    recall  f1-score   support

       -1.0       0.88      0.92      0.90     19875
        1.0       0.71      0.62      0.66      6272

avg / total       0.84      0.85      0.84     26147

0.01 constant (100, 20) tanh adam
             precision    recall  f1-score   support

       -1.0       0.87      0.91      0.89     19875
        1.0       0.66      0.55      0.60      6272

avg / total       0.82      0.82      0.82     26147

0.01 constant (200, 50) tanh adam
             precision    recall  f1-score   support

       -1.0       0.88      0.89      0.88     19875
        1.0       0.63      0.61      0.62      6272

avg / total       0.82      0.82      0.82     26147

0.01 constant (200, 300, 100) tanh adam
             precision    recall  f1-score   support

       -1.0       0.90      0.86      0.88     19875
        1.0       0.61      0.70      0.65      6272

avg / total       0.83      0.82      0.82     26147

0.01 constant (400, 100, 40) tanh adam
             precision    recall  f1-score   support

       -1.0       0.89      0.91      0.90     19875
        1.0       0.69      0.63      0.66      6272

avg / total       0.84      0.84      0.84     26147

0.01 constant (400, 200, 100) tanh adam
             precision    recall  f1-score   support

       -1.0       0.87      0.93      0.90     19875
        1.0       0.71      0.55      0.62      6272

avg / total       0.83      0.84      0.83     26147

0.01 constant (400, 200, 100, 30) tanh adam
             precision    recall  f1-score   support

       -1.0       0.88      0.91      0.90     19875
        1.0       0.69      0.62      0.66      6272

avg / total       0.84      0.84      0.84     26147

0.01 constant (200, 400, 100, 30) tanh adam
             precision    recall  f1-score   support

       -1.0       0.88      0.91      0.90     19875
        1.0       0.70      0.62      0.66      6272

avg / total       0.84      0.84      0.84     26147

0.01 constant (100, 20) relu lbfgs
             precision    recall  f1-score   support

       -1.0       0.87      0.86      0.87     19875
        1.0       0.58      0.60      0.59      6272

avg / total       0.80      0.80      0.80     26147

0.01 constant (200, 50) relu lbfgs
             precision    recall  f1-score   support

       -1.0       0.87      0.87      0.87     19875
        1.0       0.59      0.60      0.59      6272

avg / total       0.80      0.80      0.80     26147

0.01 constant (200, 300, 100) relu lbfgs
             precision    recall  f1-score   support

       -1.0       0.87      0.87      0.87     19875
        1.0       0.58      0.58      0.58      6272

avg / total       0.80      0.80      0.80     26147

0.01 constant (400, 100, 40) relu lbfgs
             precision    recall  f1-score   support

       -1.0       0.87      0.87      0.87     19875
        1.0       0.59      0.60      0.60      6272

avg / total       0.81      0.80      0.80     26147

0.01 constant (400, 200, 100) relu lbfgs
             precision    recall  f1-score   support

       -1.0       0.87      0.87      0.87     19875
        1.0       0.59      0.59      0.59      6272

avg / total       0.80      0.80      0.80     26147

0.01 constant (400, 200, 100, 30) relu lbfgs
             precision    recall  f1-score   support

       -1.0       0.87      0.87      0.87     19875
        1.0       0.59      0.59      0.59      6272

avg / total       0.80      0.80      0.80     26147

0.01 constant (200, 400, 100, 30) relu lbfgs
             precision    recall  f1-score   support

       -1.0       0.87      0.87      0.87     19875
        1.0       0.58      0.58      0.58      6272

avg / total       0.80      0.80      0.80     26147

0.01 constant (100, 20) relu sgd
             precision    recall  f1-score   support

       -1.0       0.90      0.87      0.88     19875
        1.0       0.62      0.69      0.65      6272

avg / total       0.83      0.82      0.83     26147

0.01 constant (200, 50) relu sgd
             precision    recall  f1-score   support

       -1.0       0.84      0.95      0.90     19875
        1.0       0.75      0.44      0.55      6272

avg / total       0.82      0.83      0.81     26147

0.01 constant (200, 300, 100) relu sgd
             precision    recall  f1-score   support

       -1.0       0.85      0.93      0.89     19875
        1.0       0.68      0.48      0.56      6272

avg / total       0.81      0.82      0.81     26147

0.01 constant (400, 100, 40) relu sgd
             precision    recall  f1-score   support

       -1.0       0.92      0.81      0.86     19875
        1.0       0.57      0.78      0.66      6272

avg / total       0.84      0.80      0.81     26147

0.01 constant (400, 200, 100) relu sgd
             precision    recall  f1-score   support

       -1.0       0.87      0.89      0.88     19875
        1.0       0.63      0.58      0.60      6272

avg / total       0.81      0.82      0.81     26147

0.01 constant (400, 200, 100, 30) relu sgd
             precision    recall  f1-score   support

       -1.0       0.85      0.92      0.88     19875
        1.0       0.66      0.50      0.57      6272

avg / total       0.81      0.82      0.81     26147

0.01 constant (200, 400, 100, 30) relu sgd
             precision    recall  f1-score   support

       -1.0       0.87      0.90      0.89     19875
        1.0       0.66      0.58      0.62      6272

avg / total       0.82      0.83      0.82     26147

0.01 constant (100, 20) relu adam
             precision    recall  f1-score   support

       -1.0       0.86      0.89      0.88     19875
        1.0       0.61      0.56      0.58      6272

avg / total       0.80      0.81      0.81     26147

0.01 constant (200, 50) relu adam
             precision    recall  f1-score   support

       -1.0       0.89      0.85      0.87     19875
        1.0       0.58      0.66      0.62      6272

avg / total       0.81      0.80      0.81     26147

0.01 constant (200, 300, 100) relu adam
             precision    recall  f1-score   support

       -1.0       0.87      0.89      0.88     19875
        1.0       0.62      0.57      0.59      6272

avg / total       0.81      0.81      0.81     26147

0.01 constant (400, 100, 40) relu adam
             precision    recall  f1-score   support

       -1.0       0.86      0.90      0.88     19875
        1.0       0.63      0.54      0.58      6272

avg / total       0.81      0.81      0.81     26147

0.01 constant (400, 200, 100) relu adam
             precision    recall  f1-score   support

       -1.0       0.86      0.89      0.88     19875
        1.0       0.61      0.55      0.58      6272

avg / total       0.80      0.81      0.80     26147

0.01 constant (400, 200, 100, 30) relu adam
             precision    recall  f1-score   support

       -1.0       0.86      0.89      0.87     19875
        1.0       0.61      0.56      0.58      6272

avg / total       0.80      0.81      0.80     26147

0.01 constant (200, 400, 100, 30) relu adam
             precision    recall  f1-score   support

       -1.0       0.87      0.87      0.87     19875
        1.0       0.60      0.60      0.60      6272

avg / total       0.81      0.81      0.81     26147

0.01 adaptive (100, 20) logistic lbfgs
             precision    recall  f1-score   support

       -1.0       0.88      0.87      0.87     19875
        1.0       0.60      0.62      0.61      6272

avg / total       0.81      0.81      0.81     26147

0.01 adaptive (200, 50) logistic lbfgs
             precision    recall  f1-score   support

       -1.0       0.87      0.90      0.89     19875
        1.0       0.65      0.59      0.62      6272

avg / total       0.82      0.83      0.82     26147

0.01 adaptive (200, 300, 100) logistic lbfgs
             precision    recall  f1-score   support

       -1.0       0.88      0.92      0.90     19875
        1.0       0.70      0.60      0.65      6272

avg / total       0.84      0.84      0.84     26147

0.01 adaptive (400, 100, 40) logistic lbfgs
             precision    recall  f1-score   support

       -1.0       0.88      0.92      0.90     19875
        1.0       0.69      0.60      0.64      6272

avg / total       0.83      0.84      0.84     26147

0.01 adaptive (400, 200, 100) logistic lbfgs
             precision    recall  f1-score   support

       -1.0       0.88      0.92      0.90     19875
        1.0       0.70      0.61      0.65      6272

avg / total       0.84      0.84      0.84     26147

0.01 adaptive (400, 200, 100, 30) logistic lbfgs
             precision    recall  f1-score   support

       -1.0       0.76      1.00      0.86     19875
        1.0       0.00      0.00      0.00      6272

avg / total       0.58      0.76      0.66     26147

0.01 adaptive (200, 400, 100, 30) logistic lbfgs
             precision    recall  f1-score   support

       -1.0       0.76      1.00      0.86     19875
        1.0       0.00      0.00      0.00      6272

avg / total       0.58      0.76      0.66     26147

0.01 adaptive (100, 20) logistic sgd
             precision    recall  f1-score   support

       -1.0       0.88      0.92      0.90     19875
        1.0       0.71      0.60      0.65      6272

avg / total       0.84      0.85      0.84     26147

0.01 adaptive (200, 50) logistic sgd
             precision    recall  f1-score   support

       -1.0       0.88      0.92      0.90     19875
        1.0       0.71      0.60      0.65      6272

avg / total       0.84      0.85      0.84     26147

0.01 adaptive (200, 300, 100) logistic sgd
             precision    recall  f1-score   support

       -1.0       0.76      1.00      0.86     19875
        1.0       0.00      0.00      0.00      6272

avg / total       0.58      0.76      0.66     26147

0.01 adaptive (400, 100, 40) logistic sgd
             precision    recall  f1-score   support

       -1.0       0.76      1.00      0.86     19875
        1.0       0.00      0.00      0.00      6272

avg / total       0.58      0.76      0.66     26147

0.01 adaptive (400, 200, 100) logistic sgd
             precision    recall  f1-score   support

       -1.0       0.76      1.00      0.86     19875
        1.0       0.00      0.00      0.00      6272

avg / total       0.58      0.76      0.66     26147

0.01 adaptive (400, 200, 100, 30) logistic sgd
             precision    recall  f1-score   support

       -1.0       0.76      1.00      0.86     19875
        1.0       0.00      0.00      0.00      6272

avg / total       0.58      0.76      0.66     26147

0.01 adaptive (200, 400, 100, 30) logistic sgd
             precision    recall  f1-score   support

       -1.0       0.76      1.00      0.86     19875
        1.0       0.00      0.00      0.00      6272

avg / total       0.58      0.76      0.66     26147

0.01 adaptive (100, 20) logistic adam
             precision    recall  f1-score   support

       -1.0       0.86      0.90      0.88     19875
        1.0       0.63      0.53      0.58      6272

avg / total       0.81      0.81      0.81     26147

0.01 adaptive (200, 50) logistic adam
             precision    recall  f1-score   support

       -1.0       0.88      0.84      0.86     19875
        1.0       0.55      0.63      0.59      6272

avg / total       0.80      0.79      0.79     26147

0.01 adaptive (200, 300, 100) logistic adam
             precision    recall  f1-score   support

       -1.0       0.86      0.90      0.88     19875
        1.0       0.63      0.55      0.59      6272

avg / total       0.81      0.81      0.81     26147

0.01 adaptive (400, 100, 40) logistic adam
             precision    recall  f1-score   support

       -1.0       0.88      0.92      0.90     19875
        1.0       0.70      0.62      0.66      6272

avg / total       0.84      0.85      0.84     26147

0.01 adaptive (400, 200, 100) logistic adam
             precision    recall  f1-score   support

       -1.0       0.87      0.88      0.87     19875
        1.0       0.60      0.58      0.59      6272

avg / total       0.80      0.81      0.81     26147

0.01 adaptive (400, 200, 100, 30) logistic adam
             precision    recall  f1-score   support

       -1.0       0.88      0.85      0.87     19875
        1.0       0.58      0.63      0.60      6272

avg / total       0.81      0.80      0.80     26147

0.01 adaptive (200, 400, 100, 30) logistic adam
             precision    recall  f1-score   support

       -1.0       0.76      1.00      0.86     19875
        1.0       0.00      0.00      0.00      6272

avg / total       0.58      0.76      0.66     26147

0.01 adaptive (100, 20) tanh lbfgs
             precision    recall  f1-score   support

       -1.0       0.87      0.87      0.87     19875
        1.0       0.59      0.59      0.59      6272

avg / total       0.80      0.80      0.80     26147

0.01 adaptive (200, 50) tanh lbfgs
             precision    recall  f1-score   support

       -1.0       0.87      0.87      0.87     19875
        1.0       0.59      0.59      0.59      6272

avg / total       0.80      0.80      0.80     26147

0.01 adaptive (200, 300, 100) tanh lbfgs
             precision    recall  f1-score   support

       -1.0       0.87      0.86      0.87     19875
        1.0       0.58      0.60      0.59      6272

avg / total       0.80      0.80      0.80     26147

0.01 adaptive (400, 100, 40) tanh lbfgs
             precision    recall  f1-score   support

       -1.0       0.87      0.87      0.87     19875
        1.0       0.59      0.60      0.59      6272

avg / total       0.81      0.80      0.80     26147

0.01 adaptive (400, 200, 100) tanh lbfgs
             precision    recall  f1-score   support

       -1.0       0.87      0.87      0.87     19875
        1.0       0.59      0.60      0.59      6272

avg / total       0.80      0.80      0.80     26147

0.01 adaptive (400, 200, 100, 30) tanh lbfgs
             precision    recall  f1-score   support

       -1.0       0.87      0.87      0.87     19875
        1.0       0.59      0.58      0.59      6272

avg / total       0.80      0.80      0.80     26147

0.01 adaptive (200, 400, 100, 30) tanh lbfgs
             precision    recall  f1-score   support

       -1.0       0.87      0.87      0.87     19875
        1.0       0.59      0.59      0.59      6272

avg / total       0.81      0.81      0.81     26147

0.01 adaptive (100, 20) tanh sgd
             precision    recall  f1-score   support

       -1.0       0.89      0.92      0.90     19875
        1.0       0.71      0.62      0.66      6272

avg / total       0.84      0.85      0.84     26147

0.01 adaptive (200, 50) tanh sgd
             precision    recall  f1-score   support

       -1.0       0.88      0.92      0.90     19875
        1.0       0.71      0.62      0.66      6272

avg / total       0.84      0.85      0.84     26147

0.01 adaptive (200, 300, 100) tanh sgd
             precision    recall  f1-score   support

       -1.0       0.88      0.92      0.90     19875
        1.0       0.71      0.61      0.66      6272

avg / total       0.84      0.85      0.84     26147

0.01 adaptive (400, 100, 40) tanh sgd
             precision    recall  f1-score   support

       -1.0       0.89      0.92      0.90     19875
        1.0       0.71      0.62      0.66      6272

avg / total       0.84      0.85      0.84     26147

0.01 adaptive (400, 200, 100) tanh sgd
             precision    recall  f1-score   support

       -1.0       0.88      0.92      0.90     19875
        1.0       0.71      0.61      0.66      6272

avg / total       0.84      0.85      0.84     26147

0.01 adaptive (400, 200, 100, 30) tanh sgd
             precision    recall  f1-score   support

       -1.0       0.88      0.92      0.90     19875
        1.0       0.70      0.62      0.66      6272

avg / total       0.84      0.84      0.84     26147

0.01 adaptive (200, 400, 100, 30) tanh sgd
             precision    recall  f1-score   support

       -1.0       0.89      0.92      0.90     19875
        1.0       0.70      0.62      0.66      6272

avg / total       0.84      0.85      0.84     26147

0.01 adaptive (100, 20) tanh adam
             precision    recall  f1-score   support

       -1.0       0.87      0.91      0.89     19875
        1.0       0.66      0.55      0.60      6272

avg / total       0.82      0.82      0.82     26147

0.01 adaptive (200, 50) tanh adam
             precision    recall  f1-score   support

       -1.0       0.88      0.89      0.88     19875
        1.0       0.63      0.61      0.62      6272

avg / total       0.82      0.82      0.82     26147

0.01 adaptive (200, 300, 100) tanh adam
             precision    recall  f1-score   support

       -1.0       0.90      0.86      0.88     19875
        1.0       0.61      0.70      0.65      6272

avg / total       0.83      0.82      0.82     26147

0.01 adaptive (400, 100, 40) tanh adam
             precision    recall  f1-score   support

       -1.0       0.89      0.91      0.90     19875
        1.0       0.69      0.63      0.66      6272

avg / total       0.84      0.84      0.84     26147

0.01 adaptive (400, 200, 100) tanh adam
             precision    recall  f1-score   support

       -1.0       0.87      0.93      0.90     19875
        1.0       0.71      0.55      0.62      6272

avg / total       0.83      0.84      0.83     26147

0.01 adaptive (400, 200, 100, 30) tanh adam
             precision    recall  f1-score   support

       -1.0       0.88      0.91      0.90     19875
        1.0       0.69      0.62      0.66      6272

avg / total       0.84      0.84      0.84     26147

0.01 adaptive (200, 400, 100, 30) tanh adam
             precision    recall  f1-score   support

       -1.0       0.88      0.91      0.90     19875
        1.0       0.70      0.62      0.66      6272

avg / total       0.84      0.84      0.84     26147

0.01 adaptive (100, 20) relu lbfgs
             precision    recall  f1-score   support

       -1.0       0.87      0.86      0.87     19875
        1.0       0.58      0.60      0.59      6272

avg / total       0.80      0.80      0.80     26147

0.01 adaptive (200, 50) relu lbfgs
             precision    recall  f1-score   support

       -1.0       0.87      0.87      0.87     19875
        1.0       0.59      0.60      0.59      6272

avg / total       0.80      0.80      0.80     26147

0.01 adaptive (200, 300, 100) relu lbfgs
             precision    recall  f1-score   support

       -1.0       0.87      0.87      0.87     19875
        1.0       0.58      0.58      0.58      6272

avg / total       0.80      0.80      0.80     26147

0.01 adaptive (400, 100, 40) relu lbfgs
             precision    recall  f1-score   support

       -1.0       0.87      0.87      0.87     19875
        1.0       0.59      0.60      0.60      6272

avg / total       0.81      0.80      0.80     26147

0.01 adaptive (400, 200, 100) relu lbfgs
             precision    recall  f1-score   support

       -1.0       0.87      0.87      0.87     19875
        1.0       0.59      0.59      0.59      6272

avg / total       0.80      0.80      0.80     26147

0.01 adaptive (400, 200, 100, 30) relu lbfgs
             precision    recall  f1-score   support

       -1.0       0.87      0.87      0.87     19875
        1.0       0.59      0.59      0.59      6272

avg / total       0.80      0.80      0.80     26147

0.01 adaptive (200, 400, 100, 30) relu lbfgs
             precision    recall  f1-score   support

       -1.0       0.87      0.87      0.87     19875
        1.0       0.58      0.58      0.58      6272

avg / total       0.80      0.80      0.80     26147

0.01 adaptive (100, 20) relu sgd
             precision    recall  f1-score   support

       -1.0       0.88      0.89      0.89     19875
        1.0       0.65      0.61      0.63      6272

avg / total       0.82      0.83      0.82     26147

0.01 adaptive (200, 50) relu sgd
             precision    recall  f1-score   support

       -1.0       0.88      0.90      0.89     19875
        1.0       0.65      0.61      0.63      6272

avg / total       0.82      0.83      0.83     26147

0.01 adaptive (200, 300, 100) relu sgd
             precision    recall  f1-score   support

       -1.0       0.88      0.88      0.88     19875
        1.0       0.62      0.60      0.61      6272

avg / total       0.81      0.82      0.81     26147

0.01 adaptive (400, 100, 40) relu sgd
             precision    recall  f1-score   support

       -1.0       0.88      0.89      0.88     19875
        1.0       0.63      0.60      0.61      6272

avg / total       0.82      0.82      0.82     26147

0.01 adaptive (400, 200, 100) relu sgd
             precision    recall  f1-score   support

       -1.0       0.88      0.88      0.88     19875
        1.0       0.62      0.60      0.61      6272

avg / total       0.81      0.82      0.81     26147

0.01 adaptive (400, 200, 100, 30) relu sgd
             precision    recall  f1-score   support

       -1.0       0.87      0.89      0.88     19875
        1.0       0.63      0.59      0.61      6272

avg / total       0.81      0.82      0.82     26147

0.01 adaptive (200, 400, 100, 30) relu sgd
             precision    recall  f1-score   support

       -1.0       0.88      0.88      0.88     19875
        1.0       0.62      0.60      0.61      6272

avg / total       0.81      0.82      0.81     26147

0.01 adaptive (100, 20) relu adam
             precision    recall  f1-score   support

       -1.0       0.86      0.89      0.88     19875
        1.0       0.61      0.56      0.58      6272

avg / total       0.80      0.81      0.81     26147

0.01 adaptive (200, 50) relu adam
             precision    recall  f1-score   support

       -1.0       0.89      0.85      0.87     19875
        1.0       0.58      0.66      0.62      6272

avg / total       0.81      0.80      0.81     26147

0.01 adaptive (200, 300, 100) relu adam
             precision    recall  f1-score   support

       -1.0       0.87      0.89      0.88     19875
        1.0       0.62      0.57      0.59      6272

avg / total       0.81      0.81      0.81     26147

0.01 adaptive (400, 100, 40) relu adam
             precision    recall  f1-score   support

       -1.0       0.86      0.90      0.88     19875
        1.0       0.63      0.54      0.58      6272

avg / total       0.81      0.81      0.81     26147

0.01 adaptive (400, 200, 100) relu adam
             precision    recall  f1-score   support

       -1.0       0.86      0.89      0.88     19875
        1.0       0.61      0.55      0.58      6272

avg / total       0.80      0.81      0.80     26147

0.01 adaptive (400, 200, 100, 30) relu adam
             precision    recall  f1-score   support

       -1.0       0.86      0.89      0.87     19875
        1.0       0.61      0.56      0.58      6272

avg / total       0.80      0.81      0.80     26147

0.01 adaptive (200, 400, 100, 30) relu adam
             precision    recall  f1-score   support

       -1.0       0.87      0.87      0.87     19875
        1.0       0.60      0.60      0.60      6272

avg / total       0.81      0.81      0.81     26147

0.01 invscaling (100, 20) logistic lbfgs
             precision    recall  f1-score   support

       -1.0       0.88      0.87      0.87     19875
        1.0       0.60      0.62      0.61      6272

avg / total       0.81      0.81      0.81     26147

0.01 invscaling (200, 50) logistic lbfgs
             precision    recall  f1-score   support

       -1.0       0.87      0.90      0.89     19875
        1.0       0.65      0.59      0.62      6272

avg / total       0.82      0.83      0.82     26147

0.01 invscaling (200, 300, 100) logistic lbfgs
             precision    recall  f1-score   support

       -1.0       0.88      0.92      0.90     19875
        1.0       0.70      0.60      0.65      6272

avg / total       0.84      0.84      0.84     26147

0.01 invscaling (400, 100, 40) logistic lbfgs
             precision    recall  f1-score   support

       -1.0       0.88      0.92      0.90     19875
        1.0       0.69      0.60      0.64      6272

avg / total       0.83      0.84      0.84     26147

0.01 invscaling (400, 200, 100) logistic lbfgs
             precision    recall  f1-score   support

       -1.0       0.88      0.92      0.90     19875
        1.0       0.70      0.61      0.65      6272

avg / total       0.84      0.84      0.84     26147

0.01 invscaling (400, 200, 100, 30) logistic lbfgs
             precision    recall  f1-score   support

       -1.0       0.76      1.00      0.86     19875
        1.0       0.00      0.00      0.00      6272

avg / total       0.58      0.76      0.66     26147

0.01 invscaling (200, 400, 100, 30) logistic lbfgs
             precision    recall  f1-score   support

       -1.0       0.76      1.00      0.86     19875
        1.0       0.00      0.00      0.00      6272

avg / total       0.58      0.76      0.66     26147

0.01 invscaling (100, 20) logistic sgd
             precision    recall  f1-score   support

       -1.0       0.76      1.00      0.86     19875
        1.0       0.00      0.00      0.00      6272

avg / total       0.58      0.76      0.66     26147

0.01 invscaling (200, 50) logistic sgd
             precision    recall  f1-score   support

       -1.0       0.76      1.00      0.86     19875
        1.0       0.00      0.00      0.00      6272

avg / total       0.58      0.76      0.66     26147

0.01 invscaling (200, 300, 100) logistic sgd
             precision    recall  f1-score   support

       -1.0       0.76      1.00      0.86     19875
        1.0       0.00      0.00      0.00      6272

avg / total       0.58      0.76      0.66     26147

0.01 invscaling (400, 100, 40) logistic sgd
             precision    recall  f1-score   support

       -1.0       0.76      1.00      0.86     19875
        1.0       0.00      0.00      0.00      6272

avg / total       0.58      0.76      0.66     26147

0.01 invscaling (400, 200, 100) logistic sgd
             precision    recall  f1-score   support

       -1.0       0.76      1.00      0.86     19875
        1.0       0.00      0.00      0.00      6272

avg / total       0.58      0.76      0.66     26147

0.01 invscaling (400, 200, 100, 30) logistic sgd
             precision    recall  f1-score   support

       -1.0       0.76      1.00      0.86     19875
        1.0       0.00      0.00      0.00      6272

avg / total       0.58      0.76      0.66     26147

0.01 invscaling (200, 400, 100, 30) logistic sgd
             precision    recall  f1-score   support

       -1.0       0.76      1.00      0.86     19875
        1.0       0.00      0.00      0.00      6272

avg / total       0.58      0.76      0.66     26147

0.01 invscaling (100, 20) logistic adam
             precision    recall  f1-score   support

       -1.0       0.86      0.90      0.88     19875
        1.0       0.63      0.53      0.58      6272

avg / total       0.81      0.81      0.81     26147

0.01 invscaling (200, 50) logistic adam
             precision    recall  f1-score   support

       -1.0       0.88      0.84      0.86     19875
        1.0       0.55      0.63      0.59      6272

avg / total       0.80      0.79      0.79     26147

0.01 invscaling (200, 300, 100) logistic adam
             precision    recall  f1-score   support

       -1.0       0.86      0.90      0.88     19875
        1.0       0.63      0.55      0.59      6272

avg / total       0.81      0.81      0.81     26147

0.01 invscaling (400, 100, 40) logistic adam
             precision    recall  f1-score   support

       -1.0       0.88      0.92      0.90     19875
        1.0       0.70      0.62      0.66      6272

avg / total       0.84      0.85      0.84     26147

0.01 invscaling (400, 200, 100) logistic adam
             precision    recall  f1-score   support

       -1.0       0.87      0.88      0.87     19875
        1.0       0.60      0.58      0.59      6272

avg / total       0.80      0.81      0.81     26147

0.01 invscaling (400, 200, 100, 30) logistic adam
             precision    recall  f1-score   support

       -1.0       0.88      0.85      0.87     19875
        1.0       0.58      0.63      0.60      6272

avg / total       0.81      0.80      0.80     26147

0.01 invscaling (200, 400, 100, 30) logistic adam
             precision    recall  f1-score   support

       -1.0       0.76      1.00      0.86     19875
        1.0       0.00      0.00      0.00      6272

avg / total       0.58      0.76      0.66     26147

0.01 invscaling (100, 20) tanh lbfgs
             precision    recall  f1-score   support

       -1.0       0.87      0.87      0.87     19875
        1.0       0.59      0.59      0.59      6272

avg / total       0.80      0.80      0.80     26147

0.01 invscaling (200, 50) tanh lbfgs
             precision    recall  f1-score   support

       -1.0       0.87      0.87      0.87     19875
        1.0       0.59      0.59      0.59      6272

avg / total       0.80      0.80      0.80     26147

0.01 invscaling (200, 300, 100) tanh lbfgs
             precision    recall  f1-score   support

       -1.0       0.87      0.86      0.87     19875
        1.0       0.58      0.60      0.59      6272

avg / total       0.80      0.80      0.80     26147

0.01 invscaling (400, 100, 40) tanh lbfgs
             precision    recall  f1-score   support

       -1.0       0.87      0.87      0.87     19875
        1.0       0.59      0.60      0.59      6272

avg / total       0.81      0.80      0.80     26147

0.01 invscaling (400, 200, 100) tanh lbfgs
             precision    recall  f1-score   support

       -1.0       0.87      0.87      0.87     19875
        1.0       0.59      0.60      0.59      6272

avg / total       0.80      0.80      0.80     26147

0.01 invscaling (400, 200, 100, 30) tanh lbfgs
             precision    recall  f1-score   support

       -1.0       0.87      0.87      0.87     19875
        1.0       0.59      0.58      0.59      6272

avg / total       0.80      0.80      0.80     26147

0.01 invscaling (200, 400, 100, 30) tanh lbfgs
             precision    recall  f1-score   support

       -1.0       0.87      0.87      0.87     19875
        1.0       0.59      0.59      0.59      6272

avg / total       0.81      0.81      0.81     26147

0.01 invscaling (100, 20) tanh sgd
             precision    recall  f1-score   support

       -1.0       0.84      0.95      0.89     19875
        1.0       0.73      0.42      0.53      6272

avg / total       0.81      0.82      0.80     26147

0.01 invscaling (200, 50) tanh sgd
             precision    recall  f1-score   support

       -1.0       0.85      0.94      0.89     19875
        1.0       0.70      0.49      0.58      6272

avg / total       0.82      0.83      0.82     26147

0.01 invscaling (200, 300, 100) tanh sgd
             precision    recall  f1-score   support

       -1.0       0.86      0.93      0.90     19875
        1.0       0.71      0.52      0.60      6272

avg / total       0.82      0.83      0.82     26147

0.01 invscaling (400, 100, 40) tanh sgd
             precision    recall  f1-score   support

       -1.0       0.87      0.93      0.90     19875
        1.0       0.70      0.56      0.63      6272

avg / total       0.83      0.84      0.83     26147

0.01 invscaling (400, 200, 100) tanh sgd
             precision    recall  f1-score   support

       -1.0       0.87      0.92      0.90     19875
        1.0       0.69      0.56      0.62      6272

avg / total       0.83      0.84      0.83     26147

0.01 invscaling (400, 200, 100, 30) tanh sgd
             precision    recall  f1-score   support

       -1.0       0.87      0.93      0.90     19875
        1.0       0.71      0.57      0.63      6272

avg / total       0.83      0.84      0.83     26147

0.01 invscaling (200, 400, 100, 30) tanh sgd
             precision    recall  f1-score   support

       -1.0       0.87      0.92      0.90     19875
        1.0       0.70      0.57      0.63      6272

avg / total       0.83      0.84      0.83     26147

0.01 invscaling (100, 20) tanh adam
             precision    recall  f1-score   support

       -1.0       0.87      0.91      0.89     19875
        1.0       0.66      0.55      0.60      6272

avg / total       0.82      0.82      0.82     26147

0.01 invscaling (200, 50) tanh adam
             precision    recall  f1-score   support

       -1.0       0.88      0.89      0.88     19875
        1.0       0.63      0.61      0.62      6272

avg / total       0.82      0.82      0.82     26147

0.01 invscaling (200, 300, 100) tanh adam
             precision    recall  f1-score   support

       -1.0       0.90      0.86      0.88     19875
        1.0       0.61      0.70      0.65      6272

avg / total       0.83      0.82      0.82     26147

0.01 invscaling (400, 100, 40) tanh adam
             precision    recall  f1-score   support

       -1.0       0.89      0.91      0.90     19875
        1.0       0.69      0.63      0.66      6272

avg / total       0.84      0.84      0.84     26147

0.01 invscaling (400, 200, 100) tanh adam
             precision    recall  f1-score   support

       -1.0       0.87      0.93      0.90     19875
        1.0       0.71      0.55      0.62      6272

avg / total       0.83      0.84      0.83     26147

0.01 invscaling (400, 200, 100, 30) tanh adam
             precision    recall  f1-score   support

       -1.0       0.88      0.91      0.90     19875
        1.0       0.69      0.62      0.66      6272

avg / total       0.84      0.84      0.84     26147

0.01 invscaling (200, 400, 100, 30) tanh adam
             precision    recall  f1-score   support

       -1.0       0.88      0.91      0.90     19875
        1.0       0.70      0.62      0.66      6272

avg / total       0.84      0.84      0.84     26147

0.01 invscaling (100, 20) relu lbfgs
             precision    recall  f1-score   support

       -1.0       0.87      0.86      0.87     19875
        1.0       0.58      0.60      0.59      6272

avg / total       0.80      0.80      0.80     26147

0.01 invscaling (200, 50) relu lbfgs
             precision    recall  f1-score   support

       -1.0       0.87      0.87      0.87     19875
        1.0       0.59      0.60      0.59      6272

avg / total       0.80      0.80      0.80     26147

0.01 invscaling (200, 300, 100) relu lbfgs
             precision    recall  f1-score   support

       -1.0       0.87      0.87      0.87     19875
        1.0       0.58      0.58      0.58      6272

avg / total       0.80      0.80      0.80     26147

0.01 invscaling (400, 100, 40) relu lbfgs
             precision    recall  f1-score   support

       -1.0       0.87      0.87      0.87     19875
        1.0       0.59      0.60      0.60      6272

avg / total       0.81      0.80      0.80     26147

0.01 invscaling (400, 200, 100) relu lbfgs
             precision    recall  f1-score   support

       -1.0       0.87      0.87      0.87     19875
        1.0       0.59      0.59      0.59      6272

avg / total       0.80      0.80      0.80     26147

0.01 invscaling (400, 200, 100, 30) relu lbfgs
             precision    recall  f1-score   support

       -1.0       0.87      0.87      0.87     19875
        1.0       0.59      0.59      0.59      6272

avg / total       0.80      0.80      0.80     26147

0.01 invscaling (200, 400, 100, 30) relu lbfgs
             precision    recall  f1-score   support

       -1.0       0.87      0.87      0.87     19875
        1.0       0.58      0.58      0.58      6272

avg / total       0.80      0.80      0.80     26147

0.01 invscaling (100, 20) relu sgd
             precision    recall  f1-score   support

       -1.0       0.79      0.98      0.88     19875
        1.0       0.79      0.19      0.30      6272

avg / total       0.79      0.79      0.74     26147

0.01 invscaling (200, 50) relu sgd
             precision    recall  f1-score   support

       -1.0       0.81      0.97      0.89     19875
        1.0       0.77      0.30      0.43      6272

avg / total       0.80      0.81      0.78     26147

0.01 invscaling (200, 300, 100) relu sgd
             precision    recall  f1-score   support

       -1.0       0.78      0.99      0.87     19875
        1.0       0.82      0.12      0.22      6272

avg / total       0.79      0.78      0.72     26147

0.01 invscaling (400, 100, 40) relu sgd
             precision    recall  f1-score   support

       -1.0       0.83      0.96      0.89     19875
        1.0       0.76      0.38      0.51      6272

avg / total       0.81      0.82      0.80     26147

0.01 invscaling (400, 200, 100) relu sgd
             precision    recall  f1-score   support

       -1.0       0.79      0.99      0.88     19875
        1.0       0.84      0.17      0.29      6272

avg / total       0.80      0.79      0.74     26147

0.01 invscaling (400, 200, 100, 30) relu sgd
             precision    recall  f1-score   support

       -1.0       0.76      1.00      0.86     19875
        1.0       0.00      0.00      0.00      6272

avg / total       0.58      0.76      0.66     26147

0.01 invscaling (200, 400, 100, 30) relu sgd
             precision    recall  f1-score   support

       -1.0       0.76      1.00      0.86     19875
        1.0       1.00      0.00      0.00      6272

avg / total       0.82      0.76      0.66     26147

0.01 invscaling (100, 20) relu adam
             precision    recall  f1-score   support

       -1.0       0.86      0.89      0.88     19875
        1.0       0.61      0.56      0.58      6272

avg / total       0.80      0.81      0.81     26147

0.01 invscaling (200, 50) relu adam
             precision    recall  f1-score   support

       -1.0       0.89      0.85      0.87     19875
        1.0       0.58      0.66      0.62      6272

avg / total       0.81      0.80      0.81     26147

0.01 invscaling (200, 300, 100) relu adam
             precision    recall  f1-score   support

       -1.0       0.87      0.89      0.88     19875
        1.0       0.62      0.57      0.59      6272

avg / total       0.81      0.81      0.81     26147

0.01 invscaling (400, 100, 40) relu adam
             precision    recall  f1-score   support

       -1.0       0.86      0.90      0.88     19875
        1.0       0.63      0.54      0.58      6272

avg / total       0.81      0.81      0.81     26147

0.01 invscaling (400, 200, 100) relu adam
             precision    recall  f1-score   support

       -1.0       0.86      0.89      0.88     19875
        1.0       0.61      0.55      0.58      6272

avg / total       0.80      0.81      0.80     26147

0.01 invscaling (400, 200, 100, 30) relu adam
             precision    recall  f1-score   support

       -1.0       0.86      0.89      0.87     19875
        1.0       0.61      0.56      0.58      6272

avg / total       0.80      0.81      0.80     26147

0.01 invscaling (200, 400, 100, 30) relu adam
             precision    recall  f1-score   support

       -1.0       0.87      0.87      0.87     19875
        1.0       0.60      0.60      0.60      6272

avg / total       0.81      0.81      0.81     26147

