0.001 constant (100, 20) logistic lbfgs
             precision    recall  f1-score   support

       -1.0       0.94      0.97      0.95      4845
        1.0       0.88      0.80      0.84      1569

avg / total       0.92      0.92      0.92      6414

0.001 constant (200, 50) logistic lbfgs
             precision    recall  f1-score   support

       -1.0       0.89      0.94      0.92      4845
        1.0       0.79      0.65      0.71      1569

avg / total       0.87      0.87      0.87      6414

0.001 constant (200, 300, 100) logistic lbfgs
             precision    recall  f1-score   support

       -1.0       0.88      0.93      0.90      4845
        1.0       0.73      0.62      0.67      1569

avg / total       0.85      0.85      0.85      6414

0.001 constant (400, 100, 40) logistic lbfgs
             precision    recall  f1-score   support

       -1.0       0.89      0.93      0.91      4845
        1.0       0.74      0.64      0.69      1569

avg / total       0.85      0.86      0.85      6414

0.001 constant (400, 200, 100) logistic lbfgs
             precision    recall  f1-score   support

       -1.0       0.89      0.92      0.91      4845
        1.0       0.73      0.64      0.68      1569

avg / total       0.85      0.85      0.85      6414

0.001 constant (400, 200, 100, 30) logistic lbfgs
             precision    recall  f1-score   support

       -1.0       0.76      1.00      0.86      4845
        1.0       0.00      0.00      0.00      1569

avg / total       0.57      0.76      0.65      6414

0.001 constant (200, 400, 100, 30) logistic lbfgs
             precision    recall  f1-score   support

       -1.0       0.76      1.00      0.86      4845
        1.0       0.00      0.00      0.00      1569

avg / total       0.57      0.76      0.65      6414

0.001 constant (100, 20) logistic sgd
             precision    recall  f1-score   support

       -1.0       0.76      1.00      0.86      4845
        1.0       0.00      0.00      0.00      1569

avg / total       0.57      0.76      0.65      6414

0.001 constant (200, 50) logistic sgd
             precision    recall  f1-score   support

       -1.0       0.76      1.00      0.86      4845
        1.0       0.00      0.00      0.00      1569

avg / total       0.57      0.76      0.65      6414

0.001 constant (200, 300, 100) logistic sgd
             precision    recall  f1-score   support

       -1.0       0.76      1.00      0.86      4845
        1.0       0.00      0.00      0.00      1569

avg / total       0.57      0.76      0.65      6414

0.001 constant (400, 100, 40) logistic sgd
             precision    recall  f1-score   support

       -1.0       0.76      1.00      0.86      4845
        1.0       0.00      0.00      0.00      1569

avg / total       0.57      0.76      0.65      6414

0.001 constant (400, 200, 100) logistic sgd
             precision    recall  f1-score   support

       -1.0       0.76      1.00      0.86      4845
        1.0       0.00      0.00      0.00      1569

avg / total       0.57      0.76      0.65      6414

0.001 constant (400, 200, 100, 30) logistic sgd
             precision    recall  f1-score   support

       -1.0       0.76      1.00      0.86      4845
        1.0       0.00      0.00      0.00      1569

avg / total       0.57      0.76      0.65      6414

0.001 constant (200, 400, 100, 30) logistic sgd
             precision    recall  f1-score   support

       -1.0       0.76      1.00      0.86      4845
        1.0       0.00      0.00      0.00      1569

avg / total       0.57      0.76      0.65      6414

0.001 constant (100, 20) logistic adam
             precision    recall  f1-score   support

       -1.0       0.90      0.91      0.90      4845
        1.0       0.70      0.69      0.69      1569

avg / total       0.85      0.85      0.85      6414

0.001 constant (200, 50) logistic adam
             precision    recall  f1-score   support

       -1.0       0.90      0.90      0.90      4845
        1.0       0.69      0.71      0.70      1569

avg / total       0.85      0.85      0.85      6414

0.001 constant (200, 300, 100) logistic adam
             precision    recall  f1-score   support

       -1.0       0.88      0.93      0.90      4845
        1.0       0.74      0.59      0.66      1569

avg / total       0.84      0.85      0.84      6414

0.001 constant (400, 100, 40) logistic adam
             precision    recall  f1-score   support

       -1.0       0.90      0.91      0.90      4845
        1.0       0.72      0.67      0.69      1569

avg / total       0.85      0.85      0.85      6414

0.001 constant (400, 200, 100) logistic adam
             precision    recall  f1-score   support

       -1.0       0.89      0.92      0.90      4845
        1.0       0.72      0.65      0.68      1569

avg / total       0.85      0.85      0.85      6414

0.001 constant (400, 200, 100, 30) logistic adam
             precision    recall  f1-score   support

       -1.0       0.88      0.93      0.90      4845
        1.0       0.74      0.61      0.67      1569

avg / total       0.84      0.85      0.85      6414

0.001 constant (200, 400, 100, 30) logistic adam
             precision    recall  f1-score   support

       -1.0       0.89      0.92      0.90      4845
        1.0       0.73      0.64      0.68      1569

avg / total       0.85      0.85      0.85      6414

0.001 constant (100, 20) tanh lbfgs
             precision    recall  f1-score   support

       -1.0       0.98      0.99      0.98      4845
        1.0       0.96      0.94      0.95      1569

avg / total       0.98      0.98      0.98      6414

0.001 constant (200, 50) tanh lbfgs
             precision    recall  f1-score   support

       -1.0       0.99      0.99      0.99      4845
        1.0       0.95      0.95      0.95      1569

avg / total       0.98      0.98      0.98      6414

0.001 constant (200, 300, 100) tanh lbfgs
             precision    recall  f1-score   support

       -1.0       0.98      0.99      0.99      4845
        1.0       0.97      0.94      0.95      1569

avg / total       0.98      0.98      0.98      6414

0.001 constant (400, 100, 40) tanh lbfgs
             precision    recall  f1-score   support

       -1.0       0.99      0.98      0.99      4845
        1.0       0.95      0.96      0.95      1569

avg / total       0.98      0.98      0.98      6414

0.001 constant (400, 200, 100) tanh lbfgs
             precision    recall  f1-score   support

       -1.0       0.99      0.99      0.99      4845
        1.0       0.95      0.96      0.95      1569

avg / total       0.98      0.98      0.98      6414

0.001 constant (400, 200, 100, 30) tanh lbfgs
             precision    recall  f1-score   support

       -1.0       0.98      0.99      0.98      4845
        1.0       0.96      0.94      0.95      1569

avg / total       0.98      0.98      0.98      6414

0.001 constant (200, 400, 100, 30) tanh lbfgs
             precision    recall  f1-score   support

       -1.0       0.98      0.99      0.99      4845
        1.0       0.96      0.95      0.95      1569

avg / total       0.98      0.98      0.98      6414

0.001 constant (100, 20) tanh sgd
             precision    recall  f1-score   support

       -1.0       0.88      0.93      0.90      4845
        1.0       0.74      0.61      0.67      1569

avg / total       0.84      0.85      0.85      6414

0.001 constant (200, 50) tanh sgd
             precision    recall  f1-score   support

       -1.0       0.88      0.93      0.90      4845
        1.0       0.73      0.59      0.65      1569

avg / total       0.84      0.85      0.84      6414

0.001 constant (200, 300, 100) tanh sgd
             precision    recall  f1-score   support

       -1.0       0.87      0.93      0.90      4845
        1.0       0.74      0.57      0.64      1569

avg / total       0.84      0.84      0.84      6414

0.001 constant (400, 100, 40) tanh sgd
             precision    recall  f1-score   support

       -1.0       0.88      0.93      0.90      4845
        1.0       0.73      0.60      0.66      1569

avg / total       0.84      0.85      0.84      6414

0.001 constant (400, 200, 100) tanh sgd
             precision    recall  f1-score   support

       -1.0       0.88      0.92      0.90      4845
        1.0       0.72      0.61      0.66      1569

avg / total       0.84      0.85      0.84      6414

0.001 constant (400, 200, 100, 30) tanh sgd
             precision    recall  f1-score   support

       -1.0       0.87      0.93      0.90      4845
        1.0       0.74      0.58      0.65      1569

avg / total       0.84      0.85      0.84      6414

0.001 constant (200, 400, 100, 30) tanh sgd
             precision    recall  f1-score   support

       -1.0       0.88      0.93      0.90      4845
        1.0       0.73      0.59      0.65      1569

avg / total       0.84      0.85      0.84      6414

0.001 constant (100, 20) tanh adam
             precision    recall  f1-score   support

       -1.0       0.96      0.98      0.97      4845
        1.0       0.94      0.86      0.90      1569

avg / total       0.95      0.95      0.95      6414

0.001 constant (200, 50) tanh adam
             precision    recall  f1-score   support

       -1.0       0.98      0.98      0.98      4845
        1.0       0.93      0.94      0.94      1569

avg / total       0.97      0.97      0.97      6414

0.001 constant (200, 300, 100) tanh adam
             precision    recall  f1-score   support

       -1.0       0.98      0.99      0.99      4845
        1.0       0.96      0.94      0.95      1569

avg / total       0.98      0.98      0.98      6414

0.001 constant (400, 100, 40) tanh adam
             precision    recall  f1-score   support

       -1.0       0.99      0.98      0.98      4845
        1.0       0.94      0.96      0.95      1569

avg / total       0.97      0.97      0.97      6414

0.001 constant (400, 200, 100) tanh adam
             precision    recall  f1-score   support

       -1.0       0.98      0.99      0.98      4845
        1.0       0.96      0.95      0.95      1569

avg / total       0.98      0.98      0.98      6414

0.001 constant (400, 200, 100, 30) tanh adam
             precision    recall  f1-score   support

       -1.0       0.98      0.99      0.98      4845
        1.0       0.96      0.94      0.95      1569

avg / total       0.98      0.98      0.98      6414

0.001 constant (200, 400, 100, 30) tanh adam
             precision    recall  f1-score   support

       -1.0       0.99      0.98      0.98      4845
        1.0       0.93      0.96      0.95      1569

avg / total       0.97      0.97      0.97      6414

0.001 constant (100, 20) relu lbfgs
             precision    recall  f1-score   support

       -1.0       0.98      0.99      0.98      4845
        1.0       0.96      0.95      0.95      1569

avg / total       0.98      0.98      0.98      6414

0.001 constant (200, 50) relu lbfgs
             precision    recall  f1-score   support

       -1.0       0.98      0.99      0.99      4845
        1.0       0.96      0.95      0.95      1569

avg / total       0.98      0.98      0.98      6414

0.001 constant (200, 300, 100) relu lbfgs
             precision    recall  f1-score   support

       -1.0       0.98      0.99      0.99      4845
        1.0       0.96      0.95      0.95      1569

avg / total       0.98      0.98      0.98      6414

0.001 constant (400, 100, 40) relu lbfgs
             precision    recall  f1-score   support

       -1.0       0.98      0.99      0.99      4845
        1.0       0.96      0.95      0.95      1569

avg / total       0.98      0.98      0.98      6414

0.001 constant (400, 200, 100) relu lbfgs
             precision    recall  f1-score   support

       -1.0       0.98      0.99      0.99      4845
        1.0       0.96      0.95      0.95      1569

avg / total       0.98      0.98      0.98      6414

0.001 constant (400, 200, 100, 30) relu lbfgs
             precision    recall  f1-score   support

       -1.0       0.99      0.99      0.99      4845
        1.0       0.95      0.95      0.95      1569

avg / total       0.98      0.98      0.98      6414

0.001 constant (200, 400, 100, 30) relu lbfgs
             precision    recall  f1-score   support

       -1.0       0.98      0.99      0.99      4845
        1.0       0.96      0.95      0.95      1569

avg / total       0.98      0.98      0.98      6414

0.001 constant (100, 20) relu sgd
             precision    recall  f1-score   support

       -1.0       0.89      0.93      0.91      4845
        1.0       0.74      0.64      0.69      1569

avg / total       0.85      0.86      0.85      6414

0.001 constant (200, 50) relu sgd
             precision    recall  f1-score   support

       -1.0       0.88      0.93      0.90      4845
        1.0       0.73      0.62      0.67      1569

avg / total       0.85      0.85      0.85      6414

0.001 constant (200, 300, 100) relu sgd
             precision    recall  f1-score   support

       -1.0       0.89      0.92      0.90      4845
        1.0       0.72      0.67      0.69      1569

avg / total       0.85      0.85      0.85      6414

0.001 constant (400, 100, 40) relu sgd
             precision    recall  f1-score   support

       -1.0       0.89      0.93      0.91      4845
        1.0       0.75      0.63      0.69      1569

avg / total       0.85      0.86      0.85      6414

0.001 constant (400, 200, 100) relu sgd
             precision    recall  f1-score   support

       -1.0       0.89      0.92      0.91      4845
        1.0       0.74      0.65      0.69      1569

avg / total       0.85      0.86      0.85      6414

0.001 constant (400, 200, 100, 30) relu sgd
             precision    recall  f1-score   support

       -1.0       0.89      0.93      0.91      4845
        1.0       0.75      0.63      0.69      1569

avg / total       0.85      0.86      0.85      6414

0.001 constant (200, 400, 100, 30) relu sgd
             precision    recall  f1-score   support

       -1.0       0.91      0.93      0.92      4845
        1.0       0.75      0.71      0.73      1569

avg / total       0.87      0.87      0.87      6414

0.001 constant (100, 20) relu adam
             precision    recall  f1-score   support

       -1.0       0.98      0.96      0.97      4845
        1.0       0.87      0.93      0.90      1569

avg / total       0.95      0.95      0.95      6414

0.001 constant (200, 50) relu adam
             precision    recall  f1-score   support

       -1.0       0.98      0.98      0.98      4845
        1.0       0.94      0.92      0.93      1569

avg / total       0.97      0.97      0.97      6414

0.001 constant (200, 300, 100) relu adam
             precision    recall  f1-score   support

       -1.0       0.98      0.99      0.98      4845
        1.0       0.96      0.94      0.95      1569

avg / total       0.98      0.98      0.98      6414

0.001 constant (400, 100, 40) relu adam
             precision    recall  f1-score   support

       -1.0       0.98      0.98      0.98      4845
        1.0       0.94      0.95      0.95      1569

avg / total       0.97      0.97      0.97      6414

0.001 constant (400, 200, 100) relu adam
             precision    recall  f1-score   support

       -1.0       0.98      0.99      0.98      4845
        1.0       0.96      0.94      0.95      1569

avg / total       0.98      0.98      0.98      6414

0.001 constant (400, 200, 100, 30) relu adam
             precision    recall  f1-score   support

       -1.0       0.98      0.98      0.98      4845
        1.0       0.95      0.93      0.94      1569

avg / total       0.97      0.97      0.97      6414

0.001 constant (200, 400, 100, 30) relu adam
             precision    recall  f1-score   support

       -1.0       0.98      0.98      0.98      4845
        1.0       0.94      0.93      0.94      1569

avg / total       0.97      0.97      0.97      6414

0.001 adaptive (100, 20) logistic lbfgs
             precision    recall  f1-score   support

       -1.0       0.94      0.97      0.95      4845
        1.0       0.88      0.80      0.84      1569

avg / total       0.92      0.92      0.92      6414

0.001 adaptive (200, 50) logistic lbfgs
             precision    recall  f1-score   support

       -1.0       0.89      0.94      0.92      4845
        1.0       0.79      0.65      0.71      1569

avg / total       0.87      0.87      0.87      6414

0.001 adaptive (200, 300, 100) logistic lbfgs
             precision    recall  f1-score   support

       -1.0       0.88      0.93      0.90      4845
        1.0       0.73      0.62      0.67      1569

avg / total       0.85      0.85      0.85      6414

0.001 adaptive (400, 100, 40) logistic lbfgs
             precision    recall  f1-score   support

       -1.0       0.89      0.93      0.91      4845
        1.0       0.74      0.64      0.69      1569

avg / total       0.85      0.86      0.85      6414

0.001 adaptive (400, 200, 100) logistic lbfgs
             precision    recall  f1-score   support

       -1.0       0.89      0.92      0.91      4845
        1.0       0.73      0.64      0.68      1569

avg / total       0.85      0.85      0.85      6414

0.001 adaptive (400, 200, 100, 30) logistic lbfgs
             precision    recall  f1-score   support

       -1.0       0.76      1.00      0.86      4845
        1.0       0.00      0.00      0.00      1569

avg / total       0.57      0.76      0.65      6414

0.001 adaptive (200, 400, 100, 30) logistic lbfgs
             precision    recall  f1-score   support

       -1.0       0.76      1.00      0.86      4845
        1.0       0.00      0.00      0.00      1569

avg / total       0.57      0.76      0.65      6414

0.001 adaptive (100, 20) logistic sgd
             precision    recall  f1-score   support

       -1.0       0.76      1.00      0.86      4845
        1.0       0.00      0.00      0.00      1569

avg / total       0.57      0.76      0.65      6414

0.001 adaptive (200, 50) logistic sgd
             precision    recall  f1-score   support

       -1.0       0.76      1.00      0.86      4845
        1.0       0.00      0.00      0.00      1569

avg / total       0.57      0.76      0.65      6414

0.001 adaptive (200, 300, 100) logistic sgd
             precision    recall  f1-score   support

       -1.0       0.76      1.00      0.86      4845
        1.0       0.00      0.00      0.00      1569

avg / total       0.57      0.76      0.65      6414

0.001 adaptive (400, 100, 40) logistic sgd
             precision    recall  f1-score   support

       -1.0       0.76      1.00      0.86      4845
        1.0       0.00      0.00      0.00      1569

avg / total       0.57      0.76      0.65      6414

0.001 adaptive (400, 200, 100) logistic sgd
             precision    recall  f1-score   support

       -1.0       0.76      1.00      0.86      4845
        1.0       0.00      0.00      0.00      1569

avg / total       0.57      0.76      0.65      6414

0.001 adaptive (400, 200, 100, 30) logistic sgd
             precision    recall  f1-score   support

       -1.0       0.76      1.00      0.86      4845
        1.0       0.00      0.00      0.00      1569

avg / total       0.57      0.76      0.65      6414

0.001 adaptive (200, 400, 100, 30) logistic sgd
             precision    recall  f1-score   support

       -1.0       0.76      1.00      0.86      4845
        1.0       0.00      0.00      0.00      1569

avg / total       0.57      0.76      0.65      6414

0.001 adaptive (100, 20) logistic adam
             precision    recall  f1-score   support

       -1.0       0.90      0.91      0.90      4845
        1.0       0.70      0.69      0.69      1569

avg / total       0.85      0.85      0.85      6414

0.001 adaptive (200, 50) logistic adam
             precision    recall  f1-score   support

       -1.0       0.90      0.90      0.90      4845
        1.0       0.69      0.71      0.70      1569

avg / total       0.85      0.85      0.85      6414

0.001 adaptive (200, 300, 100) logistic adam
             precision    recall  f1-score   support

       -1.0       0.88      0.93      0.90      4845
        1.0       0.74      0.59      0.66      1569

avg / total       0.84      0.85      0.84      6414

0.001 adaptive (400, 100, 40) logistic adam
             precision    recall  f1-score   support

       -1.0       0.90      0.91      0.90      4845
        1.0       0.72      0.67      0.69      1569

avg / total       0.85      0.85      0.85      6414

0.001 adaptive (400, 200, 100) logistic adam
             precision    recall  f1-score   support

       -1.0       0.89      0.92      0.90      4845
        1.0       0.72      0.65      0.68      1569

avg / total       0.85      0.85      0.85      6414

0.001 adaptive (400, 200, 100, 30) logistic adam
             precision    recall  f1-score   support

       -1.0       0.88      0.93      0.90      4845
        1.0       0.74      0.61      0.67      1569

avg / total       0.84      0.85      0.85      6414

0.001 adaptive (200, 400, 100, 30) logistic adam
             precision    recall  f1-score   support

       -1.0       0.89      0.92      0.90      4845
        1.0       0.73      0.64      0.68      1569

avg / total       0.85      0.85      0.85      6414

0.001 adaptive (100, 20) tanh lbfgs
             precision    recall  f1-score   support

       -1.0       0.98      0.99      0.98      4845
        1.0       0.96      0.94      0.95      1569

avg / total       0.98      0.98      0.98      6414

0.001 adaptive (200, 50) tanh lbfgs
             precision    recall  f1-score   support

       -1.0       0.99      0.99      0.99      4845
        1.0       0.95      0.95      0.95      1569

avg / total       0.98      0.98      0.98      6414

0.001 adaptive (200, 300, 100) tanh lbfgs
             precision    recall  f1-score   support

       -1.0       0.98      0.99      0.99      4845
        1.0       0.97      0.94      0.95      1569

avg / total       0.98      0.98      0.98      6414

0.001 adaptive (400, 100, 40) tanh lbfgs
             precision    recall  f1-score   support

       -1.0       0.99      0.98      0.99      4845
        1.0       0.95      0.96      0.95      1569

avg / total       0.98      0.98      0.98      6414

0.001 adaptive (400, 200, 100) tanh lbfgs
             precision    recall  f1-score   support

       -1.0       0.99      0.99      0.99      4845
        1.0       0.95      0.96      0.95      1569

avg / total       0.98      0.98      0.98      6414

0.001 adaptive (400, 200, 100, 30) tanh lbfgs
             precision    recall  f1-score   support

       -1.0       0.98      0.99      0.98      4845
        1.0       0.96      0.94      0.95      1569

avg / total       0.98      0.98      0.98      6414

0.001 adaptive (200, 400, 100, 30) tanh lbfgs
             precision    recall  f1-score   support

       -1.0       0.98      0.99      0.99      4845
        1.0       0.96      0.95      0.95      1569

avg / total       0.98      0.98      0.98      6414

0.001 adaptive (100, 20) tanh sgd
             precision    recall  f1-score   support

       -1.0       0.88      0.93      0.90      4845
        1.0       0.74      0.61      0.66      1569

avg / total       0.84      0.85      0.85      6414

0.001 adaptive (200, 50) tanh sgd
             precision    recall  f1-score   support

       -1.0       0.87      0.93      0.90      4845
        1.0       0.73      0.59      0.65      1569

avg / total       0.84      0.84      0.84      6414

0.001 adaptive (200, 300, 100) tanh sgd
             precision    recall  f1-score   support

       -1.0       0.87      0.93      0.90      4845
        1.0       0.72      0.59      0.65      1569

avg / total       0.84      0.84      0.84      6414

0.001 adaptive (400, 100, 40) tanh sgd
             precision    recall  f1-score   support

       -1.0       0.88      0.93      0.90      4845
        1.0       0.73      0.60      0.66      1569

avg / total       0.84      0.85      0.84      6414

0.001 adaptive (400, 200, 100) tanh sgd
             precision    recall  f1-score   support

       -1.0       0.88      0.93      0.90      4845
        1.0       0.73      0.60      0.66      1569

avg / total       0.84      0.85      0.84      6414

0.001 adaptive (400, 200, 100, 30) tanh sgd
             precision    recall  f1-score   support

       -1.0       0.88      0.93      0.90      4845
        1.0       0.73      0.60      0.66      1569

avg / total       0.84      0.85      0.84      6414

0.001 adaptive (200, 400, 100, 30) tanh sgd
             precision    recall  f1-score   support

       -1.0       0.88      0.93      0.90      4845
        1.0       0.72      0.61      0.66      1569

avg / total       0.84      0.85      0.84      6414

0.001 adaptive (100, 20) tanh adam
             precision    recall  f1-score   support

       -1.0       0.96      0.98      0.97      4845
        1.0       0.94      0.86      0.90      1569

avg / total       0.95      0.95      0.95      6414

0.001 adaptive (200, 50) tanh adam
             precision    recall  f1-score   support

       -1.0       0.98      0.98      0.98      4845
        1.0       0.93      0.94      0.94      1569

avg / total       0.97      0.97      0.97      6414

0.001 adaptive (200, 300, 100) tanh adam
             precision    recall  f1-score   support

       -1.0       0.98      0.99      0.99      4845
        1.0       0.96      0.94      0.95      1569

avg / total       0.98      0.98      0.98      6414

0.001 adaptive (400, 100, 40) tanh adam
             precision    recall  f1-score   support

       -1.0       0.99      0.98      0.98      4845
        1.0       0.94      0.96      0.95      1569

avg / total       0.97      0.97      0.97      6414

0.001 adaptive (400, 200, 100) tanh adam
             precision    recall  f1-score   support

       -1.0       0.98      0.99      0.98      4845
        1.0       0.96      0.95      0.95      1569

avg / total       0.98      0.98      0.98      6414

0.001 adaptive (400, 200, 100, 30) tanh adam
             precision    recall  f1-score   support

       -1.0       0.98      0.99      0.98      4845
        1.0       0.96      0.94      0.95      1569

avg / total       0.98      0.98      0.98      6414

0.001 adaptive (200, 400, 100, 30) tanh adam
             precision    recall  f1-score   support

       -1.0       0.99      0.98      0.98      4845
        1.0       0.93      0.96      0.95      1569

avg / total       0.97      0.97      0.97      6414

0.001 adaptive (100, 20) relu lbfgs
             precision    recall  f1-score   support

       -1.0       0.98      0.99      0.98      4845
        1.0       0.96      0.95      0.95      1569

avg / total       0.98      0.98      0.98      6414

0.001 adaptive (200, 50) relu lbfgs
             precision    recall  f1-score   support

       -1.0       0.98      0.99      0.99      4845
        1.0       0.96      0.95      0.95      1569

avg / total       0.98      0.98      0.98      6414

0.001 adaptive (200, 300, 100) relu lbfgs
             precision    recall  f1-score   support

       -1.0       0.98      0.99      0.99      4845
        1.0       0.96      0.95      0.95      1569

avg / total       0.98      0.98      0.98      6414

0.001 adaptive (400, 100, 40) relu lbfgs
             precision    recall  f1-score   support

       -1.0       0.98      0.99      0.99      4845
        1.0       0.96      0.95      0.95      1569

avg / total       0.98      0.98      0.98      6414

0.001 adaptive (400, 200, 100) relu lbfgs
             precision    recall  f1-score   support

       -1.0       0.98      0.99      0.99      4845
        1.0       0.96      0.95      0.95      1569

avg / total       0.98      0.98      0.98      6414

0.001 adaptive (400, 200, 100, 30) relu lbfgs
             precision    recall  f1-score   support

       -1.0       0.99      0.99      0.99      4845
        1.0       0.95      0.95      0.95      1569

avg / total       0.98      0.98      0.98      6414

0.001 adaptive (200, 400, 100, 30) relu lbfgs
             precision    recall  f1-score   support

       -1.0       0.98      0.99      0.99      4845
        1.0       0.96      0.95      0.95      1569

avg / total       0.98      0.98      0.98      6414

0.001 adaptive (100, 20) relu sgd
             precision    recall  f1-score   support

       -1.0       0.89      0.93      0.91      4845
        1.0       0.74      0.64      0.69      1569

avg / total       0.85      0.86      0.85      6414

0.001 adaptive (200, 50) relu sgd
             precision    recall  f1-score   support

       -1.0       0.88      0.93      0.90      4845
        1.0       0.73      0.62      0.67      1569

avg / total       0.85      0.85      0.85      6414

0.001 adaptive (200, 300, 100) relu sgd
             precision    recall  f1-score   support

       -1.0       0.89      0.92      0.91      4845
        1.0       0.73      0.64      0.68      1569

avg / total       0.85      0.85      0.85      6414

0.001 adaptive (400, 100, 40) relu sgd
             precision    recall  f1-score   support

       -1.0       0.89      0.93      0.91      4845
        1.0       0.74      0.64      0.69      1569

avg / total       0.85      0.86      0.85      6414

0.001 adaptive (400, 200, 100) relu sgd
             precision    recall  f1-score   support

       -1.0       0.89      0.93      0.91      4845
        1.0       0.74      0.64      0.69      1569

avg / total       0.85      0.86      0.85      6414

0.001 adaptive (400, 200, 100, 30) relu sgd
             precision    recall  f1-score   support

       -1.0       0.89      0.92      0.91      4845
        1.0       0.74      0.66      0.70      1569

avg / total       0.86      0.86      0.86      6414

0.001 adaptive (200, 400, 100, 30) relu sgd
             precision    recall  f1-score   support

       -1.0       0.91      0.93      0.92      4845
        1.0       0.75      0.71      0.73      1569

avg / total       0.87      0.87      0.87      6414

0.001 adaptive (100, 20) relu adam
             precision    recall  f1-score   support

       -1.0       0.98      0.96      0.97      4845
        1.0       0.87      0.93      0.90      1569

avg / total       0.95      0.95      0.95      6414

0.001 adaptive (200, 50) relu adam
             precision    recall  f1-score   support

       -1.0       0.98      0.98      0.98      4845
        1.0       0.94      0.92      0.93      1569

avg / total       0.97      0.97      0.97      6414

0.001 adaptive (200, 300, 100) relu adam
             precision    recall  f1-score   support

       -1.0       0.98      0.99      0.98      4845
        1.0       0.96      0.94      0.95      1569

avg / total       0.98      0.98      0.98      6414

0.001 adaptive (400, 100, 40) relu adam
             precision    recall  f1-score   support

       -1.0       0.98      0.98      0.98      4845
        1.0       0.94      0.95      0.95      1569

avg / total       0.97      0.97      0.97      6414

0.001 adaptive (400, 200, 100) relu adam
             precision    recall  f1-score   support

       -1.0       0.98      0.99      0.98      4845
        1.0       0.96      0.94      0.95      1569

avg / total       0.98      0.98      0.98      6414

0.001 adaptive (400, 200, 100, 30) relu adam
             precision    recall  f1-score   support

       -1.0       0.98      0.98      0.98      4845
        1.0       0.95      0.93      0.94      1569

avg / total       0.97      0.97      0.97      6414

0.001 adaptive (200, 400, 100, 30) relu adam
             precision    recall  f1-score   support

       -1.0       0.98      0.98      0.98      4845
        1.0       0.94      0.93      0.94      1569

avg / total       0.97      0.97      0.97      6414

0.001 invscaling (100, 20) logistic lbfgs
             precision    recall  f1-score   support

       -1.0       0.94      0.97      0.95      4845
        1.0       0.88      0.80      0.84      1569

avg / total       0.92      0.92      0.92      6414

0.001 invscaling (200, 50) logistic lbfgs
             precision    recall  f1-score   support

       -1.0       0.89      0.94      0.92      4845
        1.0       0.79      0.65      0.71      1569

avg / total       0.87      0.87      0.87      6414

0.001 invscaling (200, 300, 100) logistic lbfgs
             precision    recall  f1-score   support

       -1.0       0.88      0.93      0.90      4845
        1.0       0.73      0.62      0.67      1569

avg / total       0.85      0.85      0.85      6414

0.001 invscaling (400, 100, 40) logistic lbfgs
             precision    recall  f1-score   support

       -1.0       0.89      0.93      0.91      4845
        1.0       0.74      0.64      0.69      1569

avg / total       0.85      0.86      0.85      6414

0.001 invscaling (400, 200, 100) logistic lbfgs
             precision    recall  f1-score   support

       -1.0       0.89      0.92      0.91      4845
        1.0       0.73      0.64      0.68      1569

avg / total       0.85      0.85      0.85      6414

0.001 invscaling (400, 200, 100, 30) logistic lbfgs
             precision    recall  f1-score   support

       -1.0       0.76      1.00      0.86      4845
        1.0       0.00      0.00      0.00      1569

avg / total       0.57      0.76      0.65      6414

0.001 invscaling (200, 400, 100, 30) logistic lbfgs
             precision    recall  f1-score   support

       -1.0       0.76      1.00      0.86      4845
        1.0       0.00      0.00      0.00      1569

avg / total       0.57      0.76      0.65      6414

0.001 invscaling (100, 20) logistic sgd
             precision    recall  f1-score   support

       -1.0       0.76      1.00      0.86      4845
        1.0       0.00      0.00      0.00      1569

avg / total       0.57      0.76      0.65      6414

0.001 invscaling (200, 50) logistic sgd
             precision    recall  f1-score   support

       -1.0       0.76      1.00      0.86      4845
        1.0       0.00      0.00      0.00      1569

avg / total       0.57      0.76      0.65      6414

0.001 invscaling (200, 300, 100) logistic sgd
             precision    recall  f1-score   support

       -1.0       0.76      1.00      0.86      4845
        1.0       0.00      0.00      0.00      1569

avg / total       0.57      0.76      0.65      6414

0.001 invscaling (400, 100, 40) logistic sgd
             precision    recall  f1-score   support

       -1.0       0.76      1.00      0.86      4845
        1.0       0.00      0.00      0.00      1569

avg / total       0.57      0.76      0.65      6414

0.001 invscaling (400, 200, 100) logistic sgd
             precision    recall  f1-score   support

       -1.0       0.76      1.00      0.86      4845
        1.0       0.00      0.00      0.00      1569

avg / total       0.57      0.76      0.65      6414

0.001 invscaling (400, 200, 100, 30) logistic sgd
             precision    recall  f1-score   support

       -1.0       0.76      1.00      0.86      4845
        1.0       0.00      0.00      0.00      1569

avg / total       0.57      0.76      0.65      6414

0.001 invscaling (200, 400, 100, 30) logistic sgd
             precision    recall  f1-score   support

       -1.0       0.76      1.00      0.86      4845
        1.0       0.00      0.00      0.00      1569

avg / total       0.57      0.76      0.65      6414

0.001 invscaling (100, 20) logistic adam
             precision    recall  f1-score   support

       -1.0       0.90      0.91      0.90      4845
        1.0       0.70      0.69      0.69      1569

avg / total       0.85      0.85      0.85      6414

0.001 invscaling (200, 50) logistic adam
             precision    recall  f1-score   support

       -1.0       0.90      0.90      0.90      4845
        1.0       0.69      0.71      0.70      1569

avg / total       0.85      0.85      0.85      6414

0.001 invscaling (200, 300, 100) logistic adam
             precision    recall  f1-score   support

       -1.0       0.88      0.93      0.90      4845
        1.0       0.74      0.59      0.66      1569

avg / total       0.84      0.85      0.84      6414

0.001 invscaling (400, 100, 40) logistic adam
             precision    recall  f1-score   support

       -1.0       0.90      0.91      0.90      4845
        1.0       0.72      0.67      0.69      1569

avg / total       0.85      0.85      0.85      6414

0.001 invscaling (400, 200, 100) logistic adam
             precision    recall  f1-score   support

       -1.0       0.89      0.92      0.90      4845
        1.0       0.72      0.65      0.68      1569

avg / total       0.85      0.85      0.85      6414

0.001 invscaling (400, 200, 100, 30) logistic adam
             precision    recall  f1-score   support

       -1.0       0.88      0.93      0.90      4845
        1.0       0.74      0.61      0.67      1569

avg / total       0.84      0.85      0.85      6414

0.001 invscaling (200, 400, 100, 30) logistic adam
             precision    recall  f1-score   support

       -1.0       0.89      0.92      0.90      4845
        1.0       0.73      0.64      0.68      1569

avg / total       0.85      0.85      0.85      6414

0.001 invscaling (100, 20) tanh lbfgs
             precision    recall  f1-score   support

       -1.0       0.98      0.99      0.98      4845
        1.0       0.96      0.94      0.95      1569

avg / total       0.98      0.98      0.98      6414

0.001 invscaling (200, 50) tanh lbfgs
             precision    recall  f1-score   support

       -1.0       0.99      0.99      0.99      4845
        1.0       0.95      0.95      0.95      1569

avg / total       0.98      0.98      0.98      6414

0.001 invscaling (200, 300, 100) tanh lbfgs
             precision    recall  f1-score   support

       -1.0       0.98      0.99      0.99      4845
        1.0       0.97      0.94      0.95      1569

avg / total       0.98      0.98      0.98      6414

0.001 invscaling (400, 100, 40) tanh lbfgs
             precision    recall  f1-score   support

       -1.0       0.99      0.98      0.99      4845
        1.0       0.95      0.96      0.95      1569

avg / total       0.98      0.98      0.98      6414

0.001 invscaling (400, 200, 100) tanh lbfgs
             precision    recall  f1-score   support

       -1.0       0.99      0.99      0.99      4845
        1.0       0.95      0.96      0.95      1569

avg / total       0.98      0.98      0.98      6414

0.001 invscaling (400, 200, 100, 30) tanh lbfgs
             precision    recall  f1-score   support

       -1.0       0.98      0.99      0.98      4845
        1.0       0.96      0.94      0.95      1569

avg / total       0.98      0.98      0.98      6414

0.001 invscaling (200, 400, 100, 30) tanh lbfgs
             precision    recall  f1-score   support

       -1.0       0.98      0.99      0.99      4845
        1.0       0.96      0.95      0.95      1569

avg / total       0.98      0.98      0.98      6414

0.001 invscaling (100, 20) tanh sgd
             precision    recall  f1-score   support

       -1.0       0.76      1.00      0.86      4845
        1.0       0.74      0.03      0.07      1569

avg / total       0.76      0.76      0.67      6414

0.001 invscaling (200, 50) tanh sgd
             precision    recall  f1-score   support

       -1.0       0.76      1.00      0.86      4845
        1.0       0.00      0.00      0.00      1569

avg / total       0.57      0.76      0.65      6414

0.001 invscaling (200, 300, 100) tanh sgd
             precision    recall  f1-score   support

       -1.0       0.76      1.00      0.86      4845
        1.0       0.88      0.01      0.02      1569

avg / total       0.79      0.76      0.66      6414

0.001 invscaling (400, 100, 40) tanh sgd
             precision    recall  f1-score   support

       -1.0       0.76      1.00      0.86      4845
        1.0       0.80      0.00      0.01      1569

avg / total       0.77      0.76      0.65      6414

0.001 invscaling (400, 200, 100) tanh sgd
             precision    recall  f1-score   support

       -1.0       0.76      1.00      0.86      4845
        1.0       0.88      0.01      0.02      1569

avg / total       0.79      0.76      0.66      6414

0.001 invscaling (400, 200, 100, 30) tanh sgd
             precision    recall  f1-score   support

       -1.0       0.76      1.00      0.86      4845
        1.0       0.79      0.01      0.01      1569

avg / total       0.76      0.76      0.65      6414

0.001 invscaling (200, 400, 100, 30) tanh sgd
             precision    recall  f1-score   support

       -1.0       0.78      0.99      0.87      4845
        1.0       0.78      0.12      0.21      1569

avg / total       0.78      0.78      0.71      6414

0.001 invscaling (100, 20) tanh adam
             precision    recall  f1-score   support

       -1.0       0.96      0.98      0.97      4845
        1.0       0.94      0.86      0.90      1569

avg / total       0.95      0.95      0.95      6414

0.001 invscaling (200, 50) tanh adam
             precision    recall  f1-score   support

       -1.0       0.98      0.98      0.98      4845
        1.0       0.93      0.94      0.94      1569

avg / total       0.97      0.97      0.97      6414

0.001 invscaling (200, 300, 100) tanh adam
             precision    recall  f1-score   support

       -1.0       0.98      0.99      0.99      4845
        1.0       0.96      0.94      0.95      1569

avg / total       0.98      0.98      0.98      6414

0.001 invscaling (400, 100, 40) tanh adam
             precision    recall  f1-score   support

       -1.0       0.99      0.98      0.98      4845
        1.0       0.94      0.96      0.95      1569

avg / total       0.97      0.97      0.97      6414

0.001 invscaling (400, 200, 100) tanh adam
             precision    recall  f1-score   support

       -1.0       0.98      0.99      0.98      4845
        1.0       0.96      0.95      0.95      1569

avg / total       0.98      0.98      0.98      6414

0.001 invscaling (400, 200, 100, 30) tanh adam
             precision    recall  f1-score   support

       -1.0       0.98      0.99      0.98      4845
        1.0       0.96      0.94      0.95      1569

avg / total       0.98      0.98      0.98      6414

0.001 invscaling (200, 400, 100, 30) tanh adam
             precision    recall  f1-score   support

       -1.0       0.99      0.98      0.98      4845
        1.0       0.93      0.96      0.95      1569

avg / total       0.97      0.97      0.97      6414

0.001 invscaling (100, 20) relu lbfgs
             precision    recall  f1-score   support

       -1.0       0.98      0.99      0.98      4845
        1.0       0.96      0.95      0.95      1569

avg / total       0.98      0.98      0.98      6414

0.001 invscaling (200, 50) relu lbfgs
             precision    recall  f1-score   support

       -1.0       0.98      0.99      0.99      4845
        1.0       0.96      0.95      0.95      1569

avg / total       0.98      0.98      0.98      6414

0.001 invscaling (200, 300, 100) relu lbfgs
             precision    recall  f1-score   support

       -1.0       0.98      0.99      0.99      4845
        1.0       0.96      0.95      0.95      1569

avg / total       0.98      0.98      0.98      6414

0.001 invscaling (400, 100, 40) relu lbfgs
             precision    recall  f1-score   support

       -1.0       0.98      0.99      0.99      4845
        1.0       0.96      0.95      0.95      1569

avg / total       0.98      0.98      0.98      6414

0.001 invscaling (400, 200, 100) relu lbfgs
             precision    recall  f1-score   support

       -1.0       0.98      0.99      0.99      4845
        1.0       0.96      0.95      0.95      1569

avg / total       0.98      0.98      0.98      6414

0.001 invscaling (400, 200, 100, 30) relu lbfgs
             precision    recall  f1-score   support

       -1.0       0.99      0.99      0.99      4845
        1.0       0.95      0.95      0.95      1569

avg / total       0.98      0.98      0.98      6414

0.001 invscaling (200, 400, 100, 30) relu lbfgs
             precision    recall  f1-score   support

       -1.0       0.98      0.99      0.99      4845
        1.0       0.96      0.95      0.95      1569

avg / total       0.98      0.98      0.98      6414

0.001 invscaling (100, 20) relu sgd
             precision    recall  f1-score   support

       -1.0       0.76      1.00      0.86      4845
        1.0       0.00      0.00      0.00      1569

avg / total       0.57      0.76      0.65      6414

0.001 invscaling (200, 50) relu sgd
             precision    recall  f1-score   support

       -1.0       0.76      1.00      0.86      4845
        1.0       0.00      0.00      0.00      1569

avg / total       0.57      0.76      0.65      6414

0.001 invscaling (200, 300, 100) relu sgd
             precision    recall  f1-score   support

       -1.0       0.76      1.00      0.86      4845
        1.0       0.00      0.00      0.00      1569

avg / total       0.57      0.76      0.65      6414

0.001 invscaling (400, 100, 40) relu sgd
             precision    recall  f1-score   support

       -1.0       0.76      1.00      0.86      4845
        1.0       0.00      0.00      0.00      1569

avg / total       0.57      0.76      0.65      6414

0.001 invscaling (400, 200, 100) relu sgd
             precision    recall  f1-score   support

       -1.0       0.76      1.00      0.86      4845
        1.0       0.00      0.00      0.00      1569

avg / total       0.57      0.76      0.65      6414

0.001 invscaling (400, 200, 100, 30) relu sgd
             precision    recall  f1-score   support

       -1.0       0.76      1.00      0.86      4845
        1.0       0.00      0.00      0.00      1569

avg / total       0.57      0.76      0.65      6414

0.001 invscaling (200, 400, 100, 30) relu sgd
             precision    recall  f1-score   support

       -1.0       0.76      1.00      0.86      4845
        1.0       0.00      0.00      0.00      1569

avg / total       0.57      0.76      0.65      6414

0.001 invscaling (100, 20) relu adam
             precision    recall  f1-score   support

       -1.0       0.98      0.96      0.97      4845
        1.0       0.87      0.93      0.90      1569

avg / total       0.95      0.95      0.95      6414

0.001 invscaling (200, 50) relu adam
             precision    recall  f1-score   support

       -1.0       0.98      0.98      0.98      4845
        1.0       0.94      0.92      0.93      1569

avg / total       0.97      0.97      0.97      6414

0.001 invscaling (200, 300, 100) relu adam
             precision    recall  f1-score   support

       -1.0       0.98      0.99      0.98      4845
        1.0       0.96      0.94      0.95      1569

avg / total       0.98      0.98      0.98      6414

0.001 invscaling (400, 100, 40) relu adam
             precision    recall  f1-score   support

       -1.0       0.98      0.98      0.98      4845
        1.0       0.94      0.95      0.95      1569

avg / total       0.97      0.97      0.97      6414

0.001 invscaling (400, 200, 100) relu adam
             precision    recall  f1-score   support

       -1.0       0.98      0.99      0.98      4845
        1.0       0.96      0.94      0.95      1569

avg / total       0.98      0.98      0.98      6414

0.001 invscaling (400, 200, 100, 30) relu adam
             precision    recall  f1-score   support

       -1.0       0.98      0.98      0.98      4845
        1.0       0.95      0.93      0.94      1569

avg / total       0.97      0.97      0.97      6414

0.001 invscaling (200, 400, 100, 30) relu adam
             precision    recall  f1-score   support

       -1.0       0.98      0.98      0.98      4845
        1.0       0.94      0.93      0.94      1569

avg / total       0.97      0.97      0.97      6414

0.01 constant (100, 20) logistic lbfgs
             precision    recall  f1-score   support

       -1.0       0.94      0.97      0.95      4845
        1.0       0.88      0.80      0.84      1569

avg / total       0.92      0.92      0.92      6414

0.01 constant (200, 50) logistic lbfgs
             precision    recall  f1-score   support

       -1.0       0.89      0.94      0.92      4845
        1.0       0.79      0.65      0.71      1569

avg / total       0.87      0.87      0.87      6414

0.01 constant (200, 300, 100) logistic lbfgs
             precision    recall  f1-score   support

       -1.0       0.88      0.93      0.90      4845
        1.0       0.73      0.62      0.67      1569

avg / total       0.85      0.85      0.85      6414

0.01 constant (400, 100, 40) logistic lbfgs
             precision    recall  f1-score   support

       -1.0       0.89      0.93      0.91      4845
        1.0       0.74      0.64      0.69      1569

avg / total       0.85      0.86      0.85      6414

0.01 constant (400, 200, 100) logistic lbfgs
             precision    recall  f1-score   support

       -1.0       0.89      0.92      0.91      4845
        1.0       0.73      0.64      0.68      1569

avg / total       0.85      0.85      0.85      6414

0.01 constant (400, 200, 100, 30) logistic lbfgs
             precision    recall  f1-score   support

       -1.0       0.76      1.00      0.86      4845
        1.0       0.00      0.00      0.00      1569

avg / total       0.57      0.76      0.65      6414

0.01 constant (200, 400, 100, 30) logistic lbfgs
             precision    recall  f1-score   support

       -1.0       0.76      1.00      0.86      4845
        1.0       0.00      0.00      0.00      1569

avg / total       0.57      0.76      0.65      6414

0.01 constant (100, 20) logistic sgd
             precision    recall  f1-score   support

       -1.0       0.88      0.92      0.90      4845
        1.0       0.72      0.62      0.66      1569

avg / total       0.84      0.85      0.84      6414

0.01 constant (200, 50) logistic sgd
             precision    recall  f1-score   support

       -1.0       0.87      0.92      0.90      4845
        1.0       0.71      0.59      0.65      1569

avg / total       0.83      0.84      0.84      6414

0.01 constant (200, 300, 100) logistic sgd
             precision    recall  f1-score   support

       -1.0       0.76      1.00      0.86      4845
        1.0       0.00      0.00      0.00      1569

avg / total       0.57      0.76      0.65      6414

0.01 constant (400, 100, 40) logistic sgd
             precision    recall  f1-score   support

       -1.0       0.76      1.00      0.86      4845
        1.0       0.00      0.00      0.00      1569

avg / total       0.57      0.76      0.65      6414

0.01 constant (400, 200, 100) logistic sgd
             precision    recall  f1-score   support

       -1.0       0.76      1.00      0.86      4845
        1.0       0.00      0.00      0.00      1569

avg / total       0.57      0.76      0.65      6414

0.01 constant (400, 200, 100, 30) logistic sgd
             precision    recall  f1-score   support

       -1.0       0.76      1.00      0.86      4845
        1.0       0.00      0.00      0.00      1569

avg / total       0.57      0.76      0.65      6414

0.01 constant (200, 400, 100, 30) logistic sgd
             precision    recall  f1-score   support

       -1.0       0.76      1.00      0.86      4845
        1.0       0.00      0.00      0.00      1569

avg / total       0.57      0.76      0.65      6414

0.01 constant (100, 20) logistic adam
             precision    recall  f1-score   support

       -1.0       0.94      0.99      0.97      4845
        1.0       0.98      0.81      0.89      1569

avg / total       0.95      0.95      0.95      6414

0.01 constant (200, 50) logistic adam
             precision    recall  f1-score   support

       -1.0       0.89      0.92      0.91      4845
        1.0       0.73      0.65      0.69      1569

avg / total       0.85      0.86      0.85      6414

0.01 constant (200, 300, 100) logistic adam
             precision    recall  f1-score   support

       -1.0       0.95      0.98      0.96      4845
        1.0       0.93      0.83      0.88      1569

avg / total       0.94      0.94      0.94      6414

0.01 constant (400, 100, 40) logistic adam
             precision    recall  f1-score   support

       -1.0       0.76      1.00      0.86      4845
        1.0       0.00      0.00      0.00      1569

avg / total       0.57      0.76      0.65      6414

0.01 constant (400, 200, 100) logistic adam
             precision    recall  f1-score   support

       -1.0       0.98      0.98      0.98      4845
        1.0       0.95      0.93      0.94      1569

avg / total       0.97      0.97      0.97      6414

0.01 constant (400, 200, 100, 30) logistic adam
             precision    recall  f1-score   support

       -1.0       0.94      0.96      0.95      4845
        1.0       0.88      0.81      0.84      1569

avg / total       0.92      0.93      0.92      6414

0.01 constant (200, 400, 100, 30) logistic adam
             precision    recall  f1-score   support

       -1.0       0.76      1.00      0.86      4845
        1.0       0.00      0.00      0.00      1569

avg / total       0.57      0.76      0.65      6414

0.01 constant (100, 20) tanh lbfgs
             precision    recall  f1-score   support

       -1.0       0.98      0.99      0.98      4845
        1.0       0.96      0.94      0.95      1569

avg / total       0.98      0.98      0.98      6414

0.01 constant (200, 50) tanh lbfgs
             precision    recall  f1-score   support

       -1.0       0.99      0.99      0.99      4845
        1.0       0.95      0.95      0.95      1569

avg / total       0.98      0.98      0.98      6414

0.01 constant (200, 300, 100) tanh lbfgs
             precision    recall  f1-score   support

       -1.0       0.98      0.99      0.99      4845
        1.0       0.97      0.94      0.95      1569

avg / total       0.98      0.98      0.98      6414

0.01 constant (400, 100, 40) tanh lbfgs
             precision    recall  f1-score   support

       -1.0       0.99      0.98      0.99      4845
        1.0       0.95      0.96      0.95      1569

avg / total       0.98      0.98      0.98      6414

0.01 constant (400, 200, 100) tanh lbfgs
             precision    recall  f1-score   support

       -1.0       0.99      0.99      0.99      4845
        1.0       0.95      0.96      0.95      1569

avg / total       0.98      0.98      0.98      6414

0.01 constant (400, 200, 100, 30) tanh lbfgs
             precision    recall  f1-score   support

       -1.0       0.98      0.99      0.98      4845
        1.0       0.96      0.94      0.95      1569

avg / total       0.98      0.98      0.98      6414

0.01 constant (200, 400, 100, 30) tanh lbfgs
             precision    recall  f1-score   support

       -1.0       0.98      0.99      0.99      4845
        1.0       0.96      0.95      0.95      1569

avg / total       0.98      0.98      0.98      6414

0.01 constant (100, 20) tanh sgd
             precision    recall  f1-score   support

       -1.0       0.89      0.92      0.90      4845
        1.0       0.72      0.63      0.68      1569

avg / total       0.85      0.85      0.85      6414

0.01 constant (200, 50) tanh sgd
             precision    recall  f1-score   support

       -1.0       0.88      0.93      0.90      4845
        1.0       0.74      0.59      0.66      1569

avg / total       0.84      0.85      0.84      6414

0.01 constant (200, 300, 100) tanh sgd
             precision    recall  f1-score   support

       -1.0       0.87      0.94      0.90      4845
        1.0       0.75      0.56      0.64      1569

avg / total       0.84      0.85      0.84      6414

0.01 constant (400, 100, 40) tanh sgd
             precision    recall  f1-score   support

       -1.0       0.89      0.92      0.90      4845
        1.0       0.72      0.63      0.68      1569

avg / total       0.85      0.85      0.85      6414

0.01 constant (400, 200, 100) tanh sgd
             precision    recall  f1-score   support

       -1.0       0.86      0.95      0.91      4845
        1.0       0.79      0.54      0.64      1569

avg / total       0.85      0.85      0.84      6414

0.01 constant (400, 200, 100, 30) tanh sgd
             precision    recall  f1-score   support

       -1.0       0.87      0.95      0.91      4845
        1.0       0.77      0.58      0.66      1569

avg / total       0.85      0.86      0.85      6414

0.01 constant (200, 400, 100, 30) tanh sgd
             precision    recall  f1-score   support

       -1.0       0.89      0.93      0.91      4845
        1.0       0.74      0.64      0.69      1569

avg / total       0.85      0.86      0.85      6414

0.01 constant (100, 20) tanh adam
             precision    recall  f1-score   support

       -1.0       0.91      0.92      0.92      4845
        1.0       0.75      0.72      0.73      1569

avg / total       0.87      0.87      0.87      6414

0.01 constant (200, 50) tanh adam
             precision    recall  f1-score   support

       -1.0       0.89      0.96      0.93      4845
        1.0       0.85      0.65      0.73      1569

avg / total       0.88      0.89      0.88      6414

0.01 constant (200, 300, 100) tanh adam
             precision    recall  f1-score   support

       -1.0       0.86      0.97      0.91      4845
        1.0       0.86      0.51      0.64      1569

avg / total       0.86      0.86      0.84      6414

0.01 constant (400, 100, 40) tanh adam
             precision    recall  f1-score   support

       -1.0       0.90      0.91      0.91      4845
        1.0       0.72      0.68      0.70      1569

avg / total       0.85      0.86      0.86      6414

0.01 constant (400, 200, 100) tanh adam
             precision    recall  f1-score   support

       -1.0       0.86      0.95      0.90      4845
        1.0       0.78      0.53      0.63      1569

avg / total       0.84      0.85      0.84      6414

0.01 constant (400, 200, 100, 30) tanh adam
             precision    recall  f1-score   support

       -1.0       0.90      0.91      0.90      4845
        1.0       0.72      0.67      0.69      1569

avg / total       0.85      0.85      0.85      6414

0.01 constant (200, 400, 100, 30) tanh adam
             precision    recall  f1-score   support

       -1.0       0.89      0.92      0.90      4845
        1.0       0.72      0.64      0.68      1569

avg / total       0.85      0.85      0.85      6414

0.01 constant (100, 20) relu lbfgs
             precision    recall  f1-score   support

       -1.0       0.98      0.99      0.98      4845
        1.0       0.96      0.95      0.95      1569

avg / total       0.98      0.98      0.98      6414

0.01 constant (200, 50) relu lbfgs
             precision    recall  f1-score   support

       -1.0       0.98      0.99      0.99      4845
        1.0       0.96      0.95      0.95      1569

avg / total       0.98      0.98      0.98      6414

0.01 constant (200, 300, 100) relu lbfgs
             precision    recall  f1-score   support

       -1.0       0.98      0.99      0.99      4845
        1.0       0.96      0.95      0.95      1569

avg / total       0.98      0.98      0.98      6414

0.01 constant (400, 100, 40) relu lbfgs
             precision    recall  f1-score   support

       -1.0       0.98      0.99      0.99      4845
        1.0       0.96      0.95      0.95      1569

avg / total       0.98      0.98      0.98      6414

0.01 constant (400, 200, 100) relu lbfgs
             precision    recall  f1-score   support

       -1.0       0.98      0.99      0.99      4845
        1.0       0.96      0.95      0.95      1569

avg / total       0.98      0.98      0.98      6414

0.01 constant (400, 200, 100, 30) relu lbfgs
             precision    recall  f1-score   support

       -1.0       0.99      0.99      0.99      4845
        1.0       0.95      0.95      0.95      1569

avg / total       0.98      0.98      0.98      6414

0.01 constant (200, 400, 100, 30) relu lbfgs
             precision    recall  f1-score   support

       -1.0       0.98      0.99      0.99      4845
        1.0       0.96      0.95      0.95      1569

avg / total       0.98      0.98      0.98      6414

0.01 constant (100, 20) relu sgd
             precision    recall  f1-score   support

       -1.0       0.90      0.97      0.93      4845
        1.0       0.89      0.66      0.75      1569

avg / total       0.89      0.90      0.89      6414

0.01 constant (200, 50) relu sgd
             precision    recall  f1-score   support

       -1.0       0.99      0.81      0.89      4845
        1.0       0.63      0.97      0.76      1569

avg / total       0.90      0.85      0.86      6414

0.01 constant (200, 300, 100) relu sgd
             precision    recall  f1-score   support

       -1.0       0.91      0.99      0.95      4845
        1.0       0.95      0.69      0.80      1569

avg / total       0.92      0.92      0.91      6414

0.01 constant (400, 100, 40) relu sgd
             precision    recall  f1-score   support

       -1.0       0.88      1.00      0.93      4845
        1.0       0.99      0.58      0.73      1569

avg / total       0.91      0.89      0.88      6414

0.01 constant (400, 200, 100) relu sgd
             precision    recall  f1-score   support

       -1.0       0.98      0.92      0.95      4845
        1.0       0.80      0.95      0.87      1569

avg / total       0.94      0.93      0.93      6414

0.01 constant (400, 200, 100, 30) relu sgd
             precision    recall  f1-score   support

       -1.0       0.83      1.00      0.91      4845
        1.0       0.98      0.36      0.53      1569

avg / total       0.87      0.84      0.81      6414

0.01 constant (200, 400, 100, 30) relu sgd
             precision    recall  f1-score   support

       -1.0       0.97      0.86      0.91      4845
        1.0       0.68      0.93      0.79      1569

avg / total       0.90      0.88      0.88      6414

0.01 constant (100, 20) relu adam
             precision    recall  f1-score   support

       -1.0       0.98      0.97      0.97      4845
        1.0       0.91      0.93      0.92      1569

avg / total       0.96      0.96      0.96      6414

0.01 constant (200, 50) relu adam
             precision    recall  f1-score   support

       -1.0       0.97      0.94      0.95      4845
        1.0       0.83      0.91      0.87      1569

avg / total       0.94      0.93      0.93      6414

0.01 constant (200, 300, 100) relu adam
             precision    recall  f1-score   support

       -1.0       0.95      0.98      0.96      4845
        1.0       0.92      0.83      0.87      1569

avg / total       0.94      0.94      0.94      6414

0.01 constant (400, 100, 40) relu adam
             precision    recall  f1-score   support

       -1.0       0.98      0.96      0.97      4845
        1.0       0.89      0.94      0.92      1569

avg / total       0.96      0.96      0.96      6414

0.01 constant (400, 200, 100) relu adam
             precision    recall  f1-score   support

       -1.0       0.95      0.98      0.97      4845
        1.0       0.95      0.84      0.89      1569

avg / total       0.95      0.95      0.95      6414

0.01 constant (400, 200, 100, 30) relu adam
             precision    recall  f1-score   support

       -1.0       0.95      0.98      0.97      4845
        1.0       0.93      0.85      0.89      1569

avg / total       0.95      0.95      0.95      6414

0.01 constant (200, 400, 100, 30) relu adam
             precision    recall  f1-score   support

       -1.0       0.97      0.98      0.97      4845
        1.0       0.92      0.90      0.91      1569

avg / total       0.96      0.96      0.96      6414

0.01 adaptive (100, 20) logistic lbfgs
             precision    recall  f1-score   support

       -1.0       0.94      0.97      0.95      4845
        1.0       0.88      0.80      0.84      1569

avg / total       0.92      0.92      0.92      6414

0.01 adaptive (200, 50) logistic lbfgs
             precision    recall  f1-score   support

       -1.0       0.89      0.94      0.92      4845
        1.0       0.79      0.65      0.71      1569

avg / total       0.87      0.87      0.87      6414

0.01 adaptive (200, 300, 100) logistic lbfgs
             precision    recall  f1-score   support

       -1.0       0.88      0.93      0.90      4845
        1.0       0.73      0.62      0.67      1569

avg / total       0.85      0.85      0.85      6414

0.01 adaptive (400, 100, 40) logistic lbfgs
             precision    recall  f1-score   support

       -1.0       0.89      0.93      0.91      4845
        1.0       0.74      0.64      0.69      1569

avg / total       0.85      0.86      0.85      6414

0.01 adaptive (400, 200, 100) logistic lbfgs
             precision    recall  f1-score   support

       -1.0       0.89      0.92      0.91      4845
        1.0       0.73      0.64      0.68      1569

avg / total       0.85      0.85      0.85      6414

0.01 adaptive (400, 200, 100, 30) logistic lbfgs
             precision    recall  f1-score   support

       -1.0       0.76      1.00      0.86      4845
        1.0       0.00      0.00      0.00      1569

avg / total       0.57      0.76      0.65      6414

0.01 adaptive (200, 400, 100, 30) logistic lbfgs
             precision    recall  f1-score   support

       -1.0       0.76      1.00      0.86      4845
        1.0       0.00      0.00      0.00      1569

avg / total       0.57      0.76      0.65      6414

0.01 adaptive (100, 20) logistic sgd
             precision    recall  f1-score   support

       -1.0       0.88      0.93      0.90      4845
        1.0       0.72      0.60      0.65      1569

avg / total       0.84      0.85      0.84      6414

0.01 adaptive (200, 50) logistic sgd
             precision    recall  f1-score   support

       -1.0       0.87      0.92      0.90      4845
        1.0       0.72      0.59      0.65      1569

avg / total       0.84      0.84      0.84      6414

0.01 adaptive (200, 300, 100) logistic sgd
             precision    recall  f1-score   support

       -1.0       0.76      1.00      0.86      4845
        1.0       0.00      0.00      0.00      1569

avg / total       0.57      0.76      0.65      6414

0.01 adaptive (400, 100, 40) logistic sgd
             precision    recall  f1-score   support

       -1.0       0.76      1.00      0.86      4845
        1.0       0.00      0.00      0.00      1569

avg / total       0.57      0.76      0.65      6414

0.01 adaptive (400, 200, 100) logistic sgd
             precision    recall  f1-score   support

       -1.0       0.76      1.00      0.86      4845
        1.0       0.00      0.00      0.00      1569

avg / total       0.57      0.76      0.65      6414

0.01 adaptive (400, 200, 100, 30) logistic sgd
             precision    recall  f1-score   support

       -1.0       0.76      1.00      0.86      4845
        1.0       0.00      0.00      0.00      1569

avg / total       0.57      0.76      0.65      6414

0.01 adaptive (200, 400, 100, 30) logistic sgd
             precision    recall  f1-score   support

       -1.0       0.76      1.00      0.86      4845
        1.0       0.00      0.00      0.00      1569

avg / total       0.57      0.76      0.65      6414

0.01 adaptive (100, 20) logistic adam
             precision    recall  f1-score   support

       -1.0       0.94      0.99      0.97      4845
        1.0       0.98      0.81      0.89      1569

avg / total       0.95      0.95      0.95      6414

0.01 adaptive (200, 50) logistic adam
             precision    recall  f1-score   support

       -1.0       0.89      0.92      0.91      4845
        1.0       0.73      0.65      0.69      1569

avg / total       0.85      0.86      0.85      6414

0.01 adaptive (200, 300, 100) logistic adam
             precision    recall  f1-score   support

       -1.0       0.95      0.98      0.96      4845
        1.0       0.93      0.83      0.88      1569

avg / total       0.94      0.94      0.94      6414

0.01 adaptive (400, 100, 40) logistic adam
             precision    recall  f1-score   support

       -1.0       0.76      1.00      0.86      4845
        1.0       0.00      0.00      0.00      1569

avg / total       0.57      0.76      0.65      6414

0.01 adaptive (400, 200, 100) logistic adam
             precision    recall  f1-score   support

       -1.0       0.98      0.98      0.98      4845
        1.0       0.95      0.93      0.94      1569

avg / total       0.97      0.97      0.97      6414

0.01 adaptive (400, 200, 100, 30) logistic adam
             precision    recall  f1-score   support

       -1.0       0.94      0.96      0.95      4845
        1.0       0.88      0.81      0.84      1569

avg / total       0.92      0.93      0.92      6414

0.01 adaptive (200, 400, 100, 30) logistic adam
             precision    recall  f1-score   support

       -1.0       0.76      1.00      0.86      4845
        1.0       0.00      0.00      0.00      1569

avg / total       0.57      0.76      0.65      6414

0.01 adaptive (100, 20) tanh lbfgs
             precision    recall  f1-score   support

       -1.0       0.98      0.99      0.98      4845
        1.0       0.96      0.94      0.95      1569

avg / total       0.98      0.98      0.98      6414

0.01 adaptive (200, 50) tanh lbfgs
             precision    recall  f1-score   support

       -1.0       0.99      0.99      0.99      4845
        1.0       0.95      0.95      0.95      1569

avg / total       0.98      0.98      0.98      6414

0.01 adaptive (200, 300, 100) tanh lbfgs
             precision    recall  f1-score   support

       -1.0       0.98      0.99      0.99      4845
        1.0       0.97      0.94      0.95      1569

avg / total       0.98      0.98      0.98      6414

0.01 adaptive (400, 100, 40) tanh lbfgs
             precision    recall  f1-score   support

       -1.0       0.99      0.98      0.99      4845
        1.0       0.95      0.96      0.95      1569

avg / total       0.98      0.98      0.98      6414

0.01 adaptive (400, 200, 100) tanh lbfgs
             precision    recall  f1-score   support

       -1.0       0.99      0.99      0.99      4845
        1.0       0.95      0.96      0.95      1569

avg / total       0.98      0.98      0.98      6414

0.01 adaptive (400, 200, 100, 30) tanh lbfgs
             precision    recall  f1-score   support

       -1.0       0.98      0.99      0.98      4845
        1.0       0.96      0.94      0.95      1569

avg / total       0.98      0.98      0.98      6414

0.01 adaptive (200, 400, 100, 30) tanh lbfgs
             precision    recall  f1-score   support

       -1.0       0.98      0.99      0.99      4845
        1.0       0.96      0.95      0.95      1569

avg / total       0.98      0.98      0.98      6414

0.01 adaptive (100, 20) tanh sgd
             precision    recall  f1-score   support

       -1.0       0.88      0.92      0.90      4845
        1.0       0.73      0.62      0.67      1569

avg / total       0.85      0.85      0.85      6414

0.01 adaptive (200, 50) tanh sgd
             precision    recall  f1-score   support

       -1.0       0.88      0.93      0.90      4845
        1.0       0.73      0.61      0.66      1569

avg / total       0.84      0.85      0.84      6414

0.01 adaptive (200, 300, 100) tanh sgd
             precision    recall  f1-score   support

       -1.0       0.88      0.93      0.90      4845
        1.0       0.73      0.62      0.67      1569

avg / total       0.85      0.85      0.85      6414

0.01 adaptive (400, 100, 40) tanh sgd
             precision    recall  f1-score   support

       -1.0       0.88      0.92      0.90      4845
        1.0       0.73      0.63      0.67      1569

avg / total       0.85      0.85      0.85      6414

0.01 adaptive (400, 200, 100) tanh sgd
             precision    recall  f1-score   support

       -1.0       0.89      0.93      0.91      4845
        1.0       0.74      0.63      0.68      1569

avg / total       0.85      0.86      0.85      6414

0.01 adaptive (400, 200, 100, 30) tanh sgd
             precision    recall  f1-score   support

       -1.0       0.89      0.93      0.91      4845
        1.0       0.75      0.65      0.70      1569

avg / total       0.86      0.86      0.86      6414

0.01 adaptive (200, 400, 100, 30) tanh sgd
             precision    recall  f1-score   support

       -1.0       0.89      0.93      0.91      4845
        1.0       0.74      0.65      0.69      1569

avg / total       0.85      0.86      0.86      6414

0.01 adaptive (100, 20) tanh adam
             precision    recall  f1-score   support

       -1.0       0.91      0.92      0.92      4845
        1.0       0.75      0.72      0.73      1569

avg / total       0.87      0.87      0.87      6414

0.01 adaptive (200, 50) tanh adam
             precision    recall  f1-score   support

       -1.0       0.89      0.96      0.93      4845
        1.0       0.85      0.65      0.73      1569

avg / total       0.88      0.89      0.88      6414

0.01 adaptive (200, 300, 100) tanh adam
             precision    recall  f1-score   support

       -1.0       0.86      0.97      0.91      4845
        1.0       0.86      0.51      0.64      1569

avg / total       0.86      0.86      0.84      6414

0.01 adaptive (400, 100, 40) tanh adam
             precision    recall  f1-score   support

       -1.0       0.90      0.91      0.91      4845
        1.0       0.72      0.68      0.70      1569

avg / total       0.85      0.86      0.86      6414

0.01 adaptive (400, 200, 100) tanh adam
             precision    recall  f1-score   support

       -1.0       0.86      0.95      0.90      4845
        1.0       0.78      0.53      0.63      1569

avg / total       0.84      0.85      0.84      6414

0.01 adaptive (400, 200, 100, 30) tanh adam
             precision    recall  f1-score   support

       -1.0       0.90      0.91      0.90      4845
        1.0       0.72      0.67      0.69      1569

avg / total       0.85      0.85      0.85      6414

0.01 adaptive (200, 400, 100, 30) tanh adam
             precision    recall  f1-score   support

       -1.0       0.89      0.92      0.90      4845
        1.0       0.72      0.64      0.68      1569

avg / total       0.85      0.85      0.85      6414

0.01 adaptive (100, 20) relu lbfgs
             precision    recall  f1-score   support

       -1.0       0.98      0.99      0.98      4845
        1.0       0.96      0.95      0.95      1569

avg / total       0.98      0.98      0.98      6414

0.01 adaptive (200, 50) relu lbfgs
             precision    recall  f1-score   support

       -1.0       0.98      0.99      0.99      4845
        1.0       0.96      0.95      0.95      1569

avg / total       0.98      0.98      0.98      6414

0.01 adaptive (200, 300, 100) relu lbfgs
             precision    recall  f1-score   support

       -1.0       0.98      0.99      0.99      4845
        1.0       0.96      0.95      0.95      1569

avg / total       0.98      0.98      0.98      6414

0.01 adaptive (400, 100, 40) relu lbfgs
             precision    recall  f1-score   support

       -1.0       0.98      0.99      0.99      4845
        1.0       0.96      0.95      0.95      1569

avg / total       0.98      0.98      0.98      6414

0.01 adaptive (400, 200, 100) relu lbfgs
             precision    recall  f1-score   support

       -1.0       0.98      0.99      0.99      4845
        1.0       0.96      0.95      0.95      1569

avg / total       0.98      0.98      0.98      6414

0.01 adaptive (400, 200, 100, 30) relu lbfgs
             precision    recall  f1-score   support

       -1.0       0.99      0.99      0.99      4845
        1.0       0.95      0.95      0.95      1569

avg / total       0.98      0.98      0.98      6414

0.01 adaptive (200, 400, 100, 30) relu lbfgs
             precision    recall  f1-score   support

       -1.0       0.98      0.99      0.99      4845
        1.0       0.96      0.95      0.95      1569

avg / total       0.98      0.98      0.98      6414

0.01 adaptive (100, 20) relu sgd
             precision    recall  f1-score   support

       -1.0       0.93      0.95      0.94      4845
        1.0       0.84      0.79      0.81      1569

avg / total       0.91      0.91      0.91      6414

0.01 adaptive (200, 50) relu sgd
             precision    recall  f1-score   support

       -1.0       0.95      0.96      0.96      4845
        1.0       0.89      0.84      0.86      1569

avg / total       0.93      0.93      0.93      6414

0.01 adaptive (200, 300, 100) relu sgd
             precision    recall  f1-score   support

       -1.0       0.97      0.98      0.97      4845
        1.0       0.93      0.91      0.92      1569

avg / total       0.96      0.96      0.96      6414

0.01 adaptive (400, 100, 40) relu sgd
             precision    recall  f1-score   support

       -1.0       0.98      0.98      0.98      4845
        1.0       0.95      0.94      0.94      1569

avg / total       0.97      0.97      0.97      6414

0.01 adaptive (400, 200, 100) relu sgd
             precision    recall  f1-score   support

       -1.0       0.97      0.98      0.98      4845
        1.0       0.94      0.92      0.93      1569

avg / total       0.97      0.97      0.97      6414

0.01 adaptive (400, 200, 100, 30) relu sgd
             precision    recall  f1-score   support

       -1.0       0.98      0.99      0.98      4845
        1.0       0.96      0.94      0.95      1569

avg / total       0.97      0.97      0.97      6414

0.01 adaptive (200, 400, 100, 30) relu sgd
             precision    recall  f1-score   support

       -1.0       0.97      0.98      0.98      4845
        1.0       0.93      0.92      0.92      1569

avg / total       0.96      0.96      0.96      6414

0.01 adaptive (100, 20) relu adam
             precision    recall  f1-score   support

       -1.0       0.98      0.97      0.97      4845
        1.0       0.91      0.93      0.92      1569

avg / total       0.96      0.96      0.96      6414

0.01 adaptive (200, 50) relu adam
             precision    recall  f1-score   support

       -1.0       0.97      0.94      0.95      4845
        1.0       0.83      0.91      0.87      1569

avg / total       0.94      0.93      0.93      6414

0.01 adaptive (200, 300, 100) relu adam
             precision    recall  f1-score   support

       -1.0       0.95      0.98      0.96      4845
        1.0       0.92      0.83      0.87      1569

avg / total       0.94      0.94      0.94      6414

0.01 adaptive (400, 100, 40) relu adam
             precision    recall  f1-score   support

       -1.0       0.98      0.96      0.97      4845
        1.0       0.89      0.94      0.92      1569

avg / total       0.96      0.96      0.96      6414

0.01 adaptive (400, 200, 100) relu adam
             precision    recall  f1-score   support

       -1.0       0.95      0.98      0.97      4845
        1.0       0.95      0.84      0.89      1569

avg / total       0.95      0.95      0.95      6414

0.01 adaptive (400, 200, 100, 30) relu adam
             precision    recall  f1-score   support

       -1.0       0.95      0.98      0.97      4845
        1.0       0.93      0.85      0.89      1569

avg / total       0.95      0.95      0.95      6414

0.01 adaptive (200, 400, 100, 30) relu adam
             precision    recall  f1-score   support

       -1.0       0.97      0.98      0.97      4845
        1.0       0.92      0.90      0.91      1569

avg / total       0.96      0.96      0.96      6414

0.01 invscaling (100, 20) logistic lbfgs
             precision    recall  f1-score   support

       -1.0       0.94      0.97      0.95      4845
        1.0       0.88      0.80      0.84      1569

avg / total       0.92      0.92      0.92      6414

0.01 invscaling (200, 50) logistic lbfgs
             precision    recall  f1-score   support

       -1.0       0.89      0.94      0.92      4845
        1.0       0.79      0.65      0.71      1569

avg / total       0.87      0.87      0.87      6414

0.01 invscaling (200, 300, 100) logistic lbfgs
             precision    recall  f1-score   support

       -1.0       0.88      0.93      0.90      4845
        1.0       0.73      0.62      0.67      1569

avg / total       0.85      0.85      0.85      6414

0.01 invscaling (400, 100, 40) logistic lbfgs
             precision    recall  f1-score   support

       -1.0       0.89      0.93      0.91      4845
        1.0       0.74      0.64      0.69      1569

avg / total       0.85      0.86      0.85      6414

0.01 invscaling (400, 200, 100) logistic lbfgs
             precision    recall  f1-score   support

       -1.0       0.89      0.92      0.91      4845
        1.0       0.73      0.64      0.68      1569

avg / total       0.85      0.85      0.85      6414

0.01 invscaling (400, 200, 100, 30) logistic lbfgs
             precision    recall  f1-score   support

       -1.0       0.76      1.00      0.86      4845
        1.0       0.00      0.00      0.00      1569

avg / total       0.57      0.76      0.65      6414

0.01 invscaling (200, 400, 100, 30) logistic lbfgs
             precision    recall  f1-score   support

       -1.0       0.76      1.00      0.86      4845
        1.0       0.00      0.00      0.00      1569

avg / total       0.57      0.76      0.65      6414

0.01 invscaling (100, 20) logistic sgd
             precision    recall  f1-score   support

       -1.0       0.76      1.00      0.86      4845
        1.0       0.00      0.00      0.00      1569

avg / total       0.57      0.76      0.65      6414

0.01 invscaling (200, 50) logistic sgd
             precision    recall  f1-score   support

       -1.0       0.76      1.00      0.86      4845
        1.0       0.00      0.00      0.00      1569

avg / total       0.57      0.76      0.65      6414

0.01 invscaling (200, 300, 100) logistic sgd
             precision    recall  f1-score   support

       -1.0       0.76      1.00      0.86      4845
        1.0       0.00      0.00      0.00      1569

avg / total       0.57      0.76      0.65      6414

0.01 invscaling (400, 100, 40) logistic sgd
             precision    recall  f1-score   support

       -1.0       0.76      1.00      0.86      4845
        1.0       0.00      0.00      0.00      1569

avg / total       0.57      0.76      0.65      6414

0.01 invscaling (400, 200, 100) logistic sgd
             precision    recall  f1-score   support

       -1.0       0.76      1.00      0.86      4845
        1.0       0.00      0.00      0.00      1569

avg / total       0.57      0.76      0.65      6414

0.01 invscaling (400, 200, 100, 30) logistic sgd
             precision    recall  f1-score   support

       -1.0       0.76      1.00      0.86      4845
        1.0       0.00      0.00      0.00      1569

avg / total       0.57      0.76      0.65      6414

0.01 invscaling (200, 400, 100, 30) logistic sgd
             precision    recall  f1-score   support

       -1.0       0.76      1.00      0.86      4845
        1.0       0.00      0.00      0.00      1569

avg / total       0.57      0.76      0.65      6414

0.01 invscaling (100, 20) logistic adam
             precision    recall  f1-score   support

       -1.0       0.94      0.99      0.97      4845
        1.0       0.98      0.81      0.89      1569

avg / total       0.95      0.95      0.95      6414

0.01 invscaling (200, 50) logistic adam
             precision    recall  f1-score   support

       -1.0       0.89      0.92      0.91      4845
        1.0       0.73      0.65      0.69      1569

avg / total       0.85      0.86      0.85      6414

0.01 invscaling (200, 300, 100) logistic adam
             precision    recall  f1-score   support

       -1.0       0.95      0.98      0.96      4845
        1.0       0.93      0.83      0.88      1569

avg / total       0.94      0.94      0.94      6414

0.01 invscaling (400, 100, 40) logistic adam
             precision    recall  f1-score   support

       -1.0       0.76      1.00      0.86      4845
        1.0       0.00      0.00      0.00      1569

avg / total       0.57      0.76      0.65      6414

0.01 invscaling (400, 200, 100) logistic adam
             precision    recall  f1-score   support

       -1.0       0.98      0.98      0.98      4845
        1.0       0.95      0.93      0.94      1569

avg / total       0.97      0.97      0.97      6414

0.01 invscaling (400, 200, 100, 30) logistic adam
             precision    recall  f1-score   support

       -1.0       0.94      0.96      0.95      4845
        1.0       0.88      0.81      0.84      1569

avg / total       0.92      0.93      0.92      6414

0.01 invscaling (200, 400, 100, 30) logistic adam
             precision    recall  f1-score   support

       -1.0       0.76      1.00      0.86      4845
        1.0       0.00      0.00      0.00      1569

avg / total       0.57      0.76      0.65      6414

0.01 invscaling (100, 20) tanh lbfgs
             precision    recall  f1-score   support

       -1.0       0.98      0.99      0.98      4845
        1.0       0.96      0.94      0.95      1569

avg / total       0.98      0.98      0.98      6414

0.01 invscaling (200, 50) tanh lbfgs
             precision    recall  f1-score   support

       -1.0       0.99      0.99      0.99      4845
        1.0       0.95      0.95      0.95      1569

avg / total       0.98      0.98      0.98      6414

0.01 invscaling (200, 300, 100) tanh lbfgs
             precision    recall  f1-score   support

       -1.0       0.98      0.99      0.99      4845
        1.0       0.97      0.94      0.95      1569

avg / total       0.98      0.98      0.98      6414

0.01 invscaling (400, 100, 40) tanh lbfgs
             precision    recall  f1-score   support

       -1.0       0.99      0.98      0.99      4845
        1.0       0.95      0.96      0.95      1569

avg / total       0.98      0.98      0.98      6414

0.01 invscaling (400, 200, 100) tanh lbfgs
             precision    recall  f1-score   support

       -1.0       0.99      0.99      0.99      4845
        1.0       0.95      0.96      0.95      1569

avg / total       0.98      0.98      0.98      6414

0.01 invscaling (400, 200, 100, 30) tanh lbfgs
             precision    recall  f1-score   support

       -1.0       0.98      0.99      0.98      4845
        1.0       0.96      0.94      0.95      1569

avg / total       0.98      0.98      0.98      6414

0.01 invscaling (200, 400, 100, 30) tanh lbfgs
             precision    recall  f1-score   support

       -1.0       0.98      0.99      0.99      4845
        1.0       0.96      0.95      0.95      1569

avg / total       0.98      0.98      0.98      6414

0.01 invscaling (100, 20) tanh sgd
             precision    recall  f1-score   support

       -1.0       0.85      0.94      0.89      4845
        1.0       0.71      0.48      0.58      1569

avg / total       0.82      0.83      0.81      6414

0.01 invscaling (200, 50) tanh sgd
             precision    recall  f1-score   support

       -1.0       0.85      0.94      0.89      4845
        1.0       0.72      0.48      0.57      1569

avg / total       0.82      0.83      0.81      6414

0.01 invscaling (200, 300, 100) tanh sgd
             precision    recall  f1-score   support

       -1.0       0.86      0.93      0.89      4845
        1.0       0.70      0.53      0.60      1569

avg / total       0.82      0.83      0.82      6414

0.01 invscaling (400, 100, 40) tanh sgd
             precision    recall  f1-score   support

       -1.0       0.86      0.93      0.89      4845
        1.0       0.70      0.53      0.60      1569

avg / total       0.82      0.83      0.82      6414

0.01 invscaling (400, 200, 100) tanh sgd
             precision    recall  f1-score   support

       -1.0       0.86      0.93      0.89      4845
        1.0       0.71      0.53      0.61      1569

avg / total       0.82      0.83      0.82      6414

0.01 invscaling (400, 200, 100, 30) tanh sgd
             precision    recall  f1-score   support

       -1.0       0.86      0.93      0.89      4845
        1.0       0.70      0.53      0.61      1569

avg / total       0.82      0.83      0.82      6414

0.01 invscaling (200, 400, 100, 30) tanh sgd
             precision    recall  f1-score   support

       -1.0       0.86      0.92      0.89      4845
        1.0       0.70      0.55      0.62      1569

avg / total       0.82      0.83      0.83      6414

0.01 invscaling (100, 20) tanh adam
             precision    recall  f1-score   support

       -1.0       0.91      0.92      0.92      4845
        1.0       0.75      0.72      0.73      1569

avg / total       0.87      0.87      0.87      6414

0.01 invscaling (200, 50) tanh adam
             precision    recall  f1-score   support

       -1.0       0.89      0.96      0.93      4845
        1.0       0.85      0.65      0.73      1569

avg / total       0.88      0.89      0.88      6414

0.01 invscaling (200, 300, 100) tanh adam
             precision    recall  f1-score   support

       -1.0       0.86      0.97      0.91      4845
        1.0       0.86      0.51      0.64      1569

avg / total       0.86      0.86      0.84      6414

0.01 invscaling (400, 100, 40) tanh adam
             precision    recall  f1-score   support

       -1.0       0.90      0.91      0.91      4845
        1.0       0.72      0.68      0.70      1569

avg / total       0.85      0.86      0.86      6414

0.01 invscaling (400, 200, 100) tanh adam
             precision    recall  f1-score   support

       -1.0       0.86      0.95      0.90      4845
        1.0       0.78      0.53      0.63      1569

avg / total       0.84      0.85      0.84      6414

0.01 invscaling (400, 200, 100, 30) tanh adam
             precision    recall  f1-score   support

       -1.0       0.90      0.91      0.90      4845
        1.0       0.72      0.67      0.69      1569

avg / total       0.85      0.85      0.85      6414

0.01 invscaling (200, 400, 100, 30) tanh adam
             precision    recall  f1-score   support

       -1.0       0.89      0.92      0.90      4845
        1.0       0.72      0.64      0.68      1569

avg / total       0.85      0.85      0.85      6414

0.01 invscaling (100, 20) relu lbfgs
             precision    recall  f1-score   support

       -1.0       0.98      0.99      0.98      4845
        1.0       0.96      0.95      0.95      1569

avg / total       0.98      0.98      0.98      6414

0.01 invscaling (200, 50) relu lbfgs
             precision    recall  f1-score   support

       -1.0       0.98      0.99      0.99      4845
        1.0       0.96      0.95      0.95      1569

avg / total       0.98      0.98      0.98      6414

0.01 invscaling (200, 300, 100) relu lbfgs
             precision    recall  f1-score   support

       -1.0       0.98      0.99      0.99      4845
        1.0       0.96      0.95      0.95      1569

avg / total       0.98      0.98      0.98      6414

0.01 invscaling (400, 100, 40) relu lbfgs
             precision    recall  f1-score   support

       -1.0       0.98      0.99      0.99      4845
        1.0       0.96      0.95      0.95      1569

avg / total       0.98      0.98      0.98      6414

0.01 invscaling (400, 200, 100) relu lbfgs
             precision    recall  f1-score   support

       -1.0       0.98      0.99      0.99      4845
        1.0       0.96      0.95      0.95      1569

avg / total       0.98      0.98      0.98      6414

0.01 invscaling (400, 200, 100, 30) relu lbfgs
             precision    recall  f1-score   support

       -1.0       0.99      0.99      0.99      4845
        1.0       0.95      0.95      0.95      1569

avg / total       0.98      0.98      0.98      6414

0.01 invscaling (200, 400, 100, 30) relu lbfgs
             precision    recall  f1-score   support

       -1.0       0.98      0.99      0.99      4845
        1.0       0.96      0.95      0.95      1569

avg / total       0.98      0.98      0.98      6414

0.01 invscaling (100, 20) relu sgd
             precision    recall  f1-score   support

       -1.0       0.81      0.97      0.88      4845
        1.0       0.76      0.31      0.44      1569

avg / total       0.80      0.81      0.78      6414

0.01 invscaling (200, 50) relu sgd
             precision    recall  f1-score   support

       -1.0       0.81      0.97      0.88      4845
        1.0       0.78      0.29      0.42      1569

avg / total       0.80      0.81      0.77      6414

0.01 invscaling (200, 300, 100) relu sgd
             precision    recall  f1-score   support

       -1.0       0.76      1.00      0.86      4845
        1.0       1.00      0.00      0.00      1569

avg / total       0.82      0.76      0.65      6414

0.01 invscaling (400, 100, 40) relu sgd
             precision    recall  f1-score   support

       -1.0       0.79      0.99      0.88      4845
        1.0       0.83      0.17      0.28      1569

avg / total       0.80      0.79      0.73      6414

0.01 invscaling (400, 200, 100) relu sgd
             precision    recall  f1-score   support

       -1.0       0.76      1.00      0.86      4845
        1.0       0.00      0.00      0.00      1569

avg / total       0.57      0.76      0.65      6414

0.01 invscaling (400, 200, 100, 30) relu sgd
             precision    recall  f1-score   support

       -1.0       0.76      1.00      0.86      4845
        1.0       0.00      0.00      0.00      1569

avg / total       0.57      0.76      0.65      6414

0.01 invscaling (200, 400, 100, 30) relu sgd
             precision    recall  f1-score   support

       -1.0       0.78      0.99      0.87      4845
        1.0       0.86      0.12      0.21      1569

avg / total       0.80      0.78      0.71      6414

0.01 invscaling (100, 20) relu adam
             precision    recall  f1-score   support

       -1.0       0.98      0.97      0.97      4845
        1.0       0.91      0.93      0.92      1569

avg / total       0.96      0.96      0.96      6414

0.01 invscaling (200, 50) relu adam
             precision    recall  f1-score   support

       -1.0       0.97      0.94      0.95      4845
        1.0       0.83      0.91      0.87      1569

avg / total       0.94      0.93      0.93      6414

0.01 invscaling (200, 300, 100) relu adam
             precision    recall  f1-score   support

       -1.0       0.95      0.98      0.96      4845
        1.0       0.92      0.83      0.87      1569

avg / total       0.94      0.94      0.94      6414

0.01 invscaling (400, 100, 40) relu adam
             precision    recall  f1-score   support

       -1.0       0.98      0.96      0.97      4845
        1.0       0.89      0.94      0.92      1569

avg / total       0.96      0.96      0.96      6414

0.01 invscaling (400, 200, 100) relu adam
             precision    recall  f1-score   support

       -1.0       0.95      0.98      0.97      4845
        1.0       0.95      0.84      0.89      1569

avg / total       0.95      0.95      0.95      6414

0.01 invscaling (400, 200, 100, 30) relu adam
             precision    recall  f1-score   support

       -1.0       0.95      0.98      0.97      4845
        1.0       0.93      0.85      0.89      1569

avg / total       0.95      0.95      0.95      6414

0.01 invscaling (200, 400, 100, 30) relu adam
             precision    recall  f1-score   support

       -1.0       0.97      0.98      0.97      4845
        1.0       0.92      0.90      0.91      1569

avg / total       0.96      0.96      0.96      6414

