-t 0 -c 0.0001 -g 0.00102 -r 0 (76.00673356218643, 0.9597306575125429, nan)
-t 0 -c 0.0004 -g 0.00102 -r 0 (76.00673356218643, 0.9597306575125429, nan)
-t 0 -c 0.0016 -g 0.00102 -r 0 (76.00673356218643, 0.9597306575125429, nan)
-t 0 -c 0.0064 -g 0.00102 -r 0 (82.53894903617639, 0.6984420385529443, 0.20977830347206358)
-t 0 -c 0.0256 -g 0.00102 -r 0 (84.30485872722471, 0.6278056509110114, 0.28634075617979377)
-t 0 -c 0.1024 -g 0.00102 -r 0 (84.55901769210458, 0.6176392923158173, 0.30643940187407603)
-t 0 -c 0.4096 -g 0.00102 -r 0 (84.46659625033007, 0.621336149986797, 0.30988477859296043)
-t 0 -c 1.6384 -g 0.00102 -r 0 (84.15632426722999, 0.6337470293108001, 0.30457105735350576)
-t 0 -c 6.5536 -g 0.00102 -r 0 (84.04079746501188, 0.6383681013995247, 0.3020838431621686)
-t 0 -c 26.2144 -g 0.00102 -r 0 (84.01109057301294, 0.6395563770794824, 0.30221556571291774)
-t 0 -c 104.8576 -g 0.00102 -r 0 (83.94177449168207, 0.6423290203327172, 0.301219026596899)
-t 0 -c 419.4304 -g 0.00102 -r 0 (84.03749669923423, 0.638500132030631, 0.30282875299210765)
-t 0 -c 1677.7216 -g 0.00102 -r 0 (83.83614998679694, 0.6465540005281225, 0.29615805156263425)
-t 0 -c 0.0001 -g 0.00203 -r 0 (76.00673356218643, 0.9597306575125429, nan)
-t 0 -c 0.0004 -g 0.00203 -r 0 (76.00673356218643, 0.9597306575125429, nan)
-t 0 -c 0.0016 -g 0.00203 -r 0 (76.00673356218643, 0.9597306575125429, nan)
-t 0 -c 0.0064 -g 0.00203 -r 0 (82.53894903617639, 0.6984420385529443, 0.20977830347206358)
-t 0 -c 0.0256 -g 0.00203 -r 0 (84.30485872722471, 0.6278056509110114, 0.28634075617979377)
-t 0 -c 0.1024 -g 0.00203 -r 0 (84.55901769210458, 0.6176392923158173, 0.30643940187407603)
-t 0 -c 0.4096 -g 0.00203 -r 0 (84.46659625033007, 0.621336149986797, 0.30988477859296043)
-t 0 -c 1.6384 -g 0.00203 -r 0 (84.15632426722999, 0.6337470293108001, 0.30457105735350576)
-t 0 -c 6.5536 -g 0.00203 -r 0 (84.04079746501188, 0.6383681013995247, 0.3020838431621686)
-t 0 -c 26.2144 -g 0.00203 -r 0 (84.01109057301294, 0.6395563770794824, 0.30221556571291774)
-t 0 -c 104.8576 -g 0.00203 -r 0 (83.94177449168207, 0.6423290203327172, 0.301219026596899)
-t 0 -c 419.4304 -g 0.00203 -r 0 (84.03749669923423, 0.638500132030631, 0.30282875299210765)
-t 0 -c 1677.7216 -g 0.00203 -r 0 (83.83614998679694, 0.6465540005281225, 0.29615805156263425)
-t 0 -c 0.0001 -g 0.00407 -r 0 (76.00673356218643, 0.9597306575125429, nan)
-t 0 -c 0.0004 -g 0.00407 -r 0 (76.00673356218643, 0.9597306575125429, nan)
-t 0 -c 0.0016 -g 0.00407 -r 0 (76.00673356218643, 0.9597306575125429, nan)
-t 0 -c 0.0064 -g 0.00407 -r 0 (82.53894903617639, 0.6984420385529443, 0.20977830347206358)
-t 0 -c 0.0256 -g 0.00407 -r 0 (84.30485872722471, 0.6278056509110114, 0.28634075617979377)
-t 0 -c 0.1024 -g 0.00407 -r 0 (84.55901769210458, 0.6176392923158173, 0.30643940187407603)
-t 0 -c 0.4096 -g 0.00407 -r 0 (84.46659625033007, 0.621336149986797, 0.30988477859296043)
-t 0 -c 1.6384 -g 0.00407 -r 0 (84.15632426722999, 0.6337470293108001, 0.30457105735350576)
-t 0 -c 6.5536 -g 0.00407 -r 0 (84.04079746501188, 0.6383681013995247, 0.3020838431621686)
-t 0 -c 26.2144 -g 0.00407 -r 0 (84.01109057301294, 0.6395563770794824, 0.30221556571291774)
-t 0 -c 104.8576 -g 0.00407 -r 0 (83.94177449168207, 0.6423290203327172, 0.301219026596899)
-t 0 -c 419.4304 -g 0.00407 -r 0 (84.03749669923423, 0.638500132030631, 0.30282875299210765)
-t 0 -c 1677.7216 -g 0.00407 -r 0 (83.83614998679694, 0.6465540005281225, 0.29615805156263425)
-t 0 -c 0.0001 -g 0.00813 -r 0 (76.00673356218643, 0.9597306575125429, nan)
-t 0 -c 0.0004 -g 0.00813 -r 0 (76.00673356218643, 0.9597306575125429, nan)
-t 0 -c 0.0016 -g 0.00813 -r 0 (76.00673356218643, 0.9597306575125429, nan)
-t 0 -c 0.0064 -g 0.00813 -r 0 (82.53894903617639, 0.6984420385529443, 0.20977830347206358)
-t 0 -c 0.0256 -g 0.00813 -r 0 (84.30485872722471, 0.6278056509110114, 0.28634075617979377)
-t 0 -c 0.1024 -g 0.00813 -r 0 (84.55901769210458, 0.6176392923158173, 0.30643940187407603)
-t 0 -c 0.4096 -g 0.00813 -r 0 (84.46659625033007, 0.621336149986797, 0.30988477859296043)
-t 0 -c 1.6384 -g 0.00813 -r 0 (84.15632426722999, 0.6337470293108001, 0.30457105735350576)
-t 0 -c 6.5536 -g 0.00813 -r 0 (84.04079746501188, 0.6383681013995247, 0.3020838431621686)
-t 0 -c 26.2144 -g 0.00813 -r 0 (84.01109057301294, 0.6395563770794824, 0.30221556571291774)
-t 0 -c 104.8576 -g 0.00813 -r 0 (83.94177449168207, 0.6423290203327172, 0.301219026596899)
-t 0 -c 419.4304 -g 0.00813 -r 0 (84.03749669923423, 0.638500132030631, 0.30282875299210765)
-t 0 -c 1677.7216 -g 0.00813 -r 0 (83.83614998679694, 0.6465540005281225, 0.29615805156263425)
-t 0 -c 0.0001 -g 0.01626 -r 0 (76.00673356218643, 0.9597306575125429, nan)
-t 0 -c 0.0004 -g 0.01626 -r 0 (76.00673356218643, 0.9597306575125429, nan)
-t 0 -c 0.0016 -g 0.01626 -r 0 (76.00673356218643, 0.9597306575125429, nan)
-t 0 -c 0.0064 -g 0.01626 -r 0 (82.53894903617639, 0.6984420385529443, 0.20977830347206358)
-t 0 -c 0.0256 -g 0.01626 -r 0 (84.30485872722471, 0.6278056509110114, 0.28634075617979377)
-t 0 -c 0.1024 -g 0.01626 -r 0 (84.55901769210458, 0.6176392923158173, 0.30643940187407603)
-t 0 -c 0.4096 -g 0.01626 -r 0 (84.46659625033007, 0.621336149986797, 0.30988477859296043)
-t 0 -c 1.6384 -g 0.01626 -r 0 (84.15632426722999, 0.6337470293108001, 0.30457105735350576)
-t 0 -c 6.5536 -g 0.01626 -r 0 (84.04079746501188, 0.6383681013995247, 0.3020838431621686)
-t 0 -c 26.2144 -g 0.01626 -r 0 (84.01109057301294, 0.6395563770794824, 0.30221556571291774)
-t 0 -c 104.8576 -g 0.01626 -r 0 (83.94177449168207, 0.6423290203327172, 0.301219026596899)
-t 0 -c 419.4304 -g 0.01626 -r 0 (84.03749669923423, 0.638500132030631, 0.30282875299210765)
-t 0 -c 1677.7216 -g 0.01626 -r 0 (83.83614998679694, 0.6465540005281225, 0.29615805156263425)
-t 0 -c 0.0001 -g 0.03252 -r 0 (76.00673356218643, 0.9597306575125429, nan)
-t 0 -c 0.0004 -g 0.03252 -r 0 (76.00673356218643, 0.9597306575125429, nan)
-t 0 -c 0.0016 -g 0.03252 -r 0 (76.00673356218643, 0.9597306575125429, nan)
-t 0 -c 0.0064 -g 0.03252 -r 0 (82.53894903617639, 0.6984420385529443, 0.20977830347206358)
-t 0 -c 0.0256 -g 0.03252 -r 0 (84.30485872722471, 0.6278056509110114, 0.28634075617979377)
-t 0 -c 0.1024 -g 0.03252 -r 0 (84.55901769210458, 0.6176392923158173, 0.30643940187407603)
-t 0 -c 0.4096 -g 0.03252 -r 0 (84.46659625033007, 0.621336149986797, 0.30988477859296043)
-t 0 -c 1.6384 -g 0.03252 -r 0 (84.15632426722999, 0.6337470293108001, 0.30457105735350576)
-t 0 -c 6.5536 -g 0.03252 -r 0 (84.04079746501188, 0.6383681013995247, 0.3020838431621686)
-t 0 -c 26.2144 -g 0.03252 -r 0 (84.01109057301294, 0.6395563770794824, 0.30221556571291774)
-t 0 -c 104.8576 -g 0.03252 -r 0 (83.94177449168207, 0.6423290203327172, 0.301219026596899)
-t 0 -c 419.4304 -g 0.03252 -r 0 (84.03749669923423, 0.638500132030631, 0.30282875299210765)
-t 0 -c 1677.7216 -g 0.03252 -r 0 (83.83614998679694, 0.6465540005281225, 0.29615805156263425)
-t 0 -c 0.0001 -g 0.06504 -r 0 (76.00673356218643, 0.9597306575125429, nan)
-t 0 -c 0.0004 -g 0.06504 -r 0 (76.00673356218643, 0.9597306575125429, nan)
-t 0 -c 0.0016 -g 0.06504 -r 0 (76.00673356218643, 0.9597306575125429, nan)
-t 0 -c 0.0064 -g 0.06504 -r 0 (82.53894903617639, 0.6984420385529443, 0.20977830347206358)
-t 0 -c 0.0256 -g 0.06504 -r 0 (84.30485872722471, 0.6278056509110114, 0.28634075617979377)
-t 0 -c 0.1024 -g 0.06504 -r 0 (84.55901769210458, 0.6176392923158173, 0.30643940187407603)
-t 0 -c 0.4096 -g 0.06504 -r 0 (84.46659625033007, 0.621336149986797, 0.30988477859296043)
-t 0 -c 1.6384 -g 0.06504 -r 0 (84.15632426722999, 0.6337470293108001, 0.30457105735350576)
-t 0 -c 6.5536 -g 0.06504 -r 0 (84.04079746501188, 0.6383681013995247, 0.3020838431621686)
-t 0 -c 26.2144 -g 0.06504 -r 0 (84.01109057301294, 0.6395563770794824, 0.30221556571291774)
-t 0 -c 104.8576 -g 0.06504 -r 0 (83.94177449168207, 0.6423290203327172, 0.301219026596899)
-t 0 -c 419.4304 -g 0.06504 -r 0 (84.03749669923423, 0.638500132030631, 0.30282875299210765)
-t 0 -c 1677.7216 -g 0.06504 -r 0 (83.83614998679694, 0.6465540005281225, 0.29615805156263425)
-t 0 -c 0.0001 -g 0.00102 -r 1 (76.00673356218643, 0.9597306575125429, nan)
-t 0 -c 0.0004 -g 0.00102 -r 1 (76.00673356218643, 0.9597306575125429, nan)
-t 0 -c 0.0016 -g 0.00102 -r 1 (76.00673356218643, 0.9597306575125429, nan)
-t 0 -c 0.0064 -g 0.00102 -r 1 (82.53894903617639, 0.6984420385529443, 0.20977830347206358)
-t 0 -c 0.0256 -g 0.00102 -r 1 (84.30485872722471, 0.6278056509110114, 0.28634075617979377)
-t 0 -c 0.1024 -g 0.00102 -r 1 (84.55901769210458, 0.6176392923158173, 0.30643940187407603)
-t 0 -c 0.4096 -g 0.00102 -r 1 (84.46659625033007, 0.621336149986797, 0.30988477859296043)
-t 0 -c 1.6384 -g 0.00102 -r 1 (84.15632426722999, 0.6337470293108001, 0.30457105735350576)
-t 0 -c 6.5536 -g 0.00102 -r 1 (84.04079746501188, 0.6383681013995247, 0.3020838431621686)
-t 0 -c 26.2144 -g 0.00102 -r 1 (84.01109057301294, 0.6395563770794824, 0.30221556571291774)
-t 0 -c 104.8576 -g 0.00102 -r 1 (83.94177449168207, 0.6423290203327172, 0.301219026596899)
-t 0 -c 419.4304 -g 0.00102 -r 1 (84.03749669923423, 0.638500132030631, 0.30282875299210765)
-t 0 -c 1677.7216 -g 0.00102 -r 1 (83.83614998679694, 0.6465540005281225, 0.29615805156263425)
-t 0 -c 0.0001 -g 0.00203 -r 1 (76.00673356218643, 0.9597306575125429, nan)
-t 0 -c 0.0004 -g 0.00203 -r 1 (76.00673356218643, 0.9597306575125429, nan)
-t 0 -c 0.0016 -g 0.00203 -r 1 (76.00673356218643, 0.9597306575125429, nan)
-t 0 -c 0.0064 -g 0.00203 -r 1 (82.53894903617639, 0.6984420385529443, 0.20977830347206358)
-t 0 -c 0.0256 -g 0.00203 -r 1 (84.30485872722471, 0.6278056509110114, 0.28634075617979377)
-t 0 -c 0.1024 -g 0.00203 -r 1 (84.55901769210458, 0.6176392923158173, 0.30643940187407603)
-t 0 -c 0.4096 -g 0.00203 -r 1 (84.46659625033007, 0.621336149986797, 0.30988477859296043)
-t 0 -c 1.6384 -g 0.00203 -r 1 (84.15632426722999, 0.6337470293108001, 0.30457105735350576)
-t 0 -c 6.5536 -g 0.00203 -r 1 (84.04079746501188, 0.6383681013995247, 0.3020838431621686)
-t 0 -c 26.2144 -g 0.00203 -r 1 (84.01109057301294, 0.6395563770794824, 0.30221556571291774)
-t 0 -c 104.8576 -g 0.00203 -r 1 (83.94177449168207, 0.6423290203327172, 0.301219026596899)
-t 0 -c 419.4304 -g 0.00203 -r 1 (84.03749669923423, 0.638500132030631, 0.30282875299210765)
-t 0 -c 1677.7216 -g 0.00203 -r 1 (83.83614998679694, 0.6465540005281225, 0.29615805156263425)
-t 0 -c 0.0001 -g 0.00407 -r 1 (76.00673356218643, 0.9597306575125429, nan)
-t 0 -c 0.0004 -g 0.00407 -r 1 (76.00673356218643, 0.9597306575125429, nan)
-t 0 -c 0.0016 -g 0.00407 -r 1 (76.00673356218643, 0.9597306575125429, nan)
-t 0 -c 0.0064 -g 0.00407 -r 1 (82.53894903617639, 0.6984420385529443, 0.20977830347206358)
-t 0 -c 0.0256 -g 0.00407 -r 1 (84.30485872722471, 0.6278056509110114, 0.28634075617979377)
-t 0 -c 0.1024 -g 0.00407 -r 1 (84.55901769210458, 0.6176392923158173, 0.30643940187407603)
-t 0 -c 0.4096 -g 0.00407 -r 1 (84.46659625033007, 0.621336149986797, 0.30988477859296043)
-t 0 -c 1.6384 -g 0.00407 -r 1 (84.15632426722999, 0.6337470293108001, 0.30457105735350576)
-t 0 -c 6.5536 -g 0.00407 -r 1 (84.04079746501188, 0.6383681013995247, 0.3020838431621686)
-t 0 -c 26.2144 -g 0.00407 -r 1 (84.01109057301294, 0.6395563770794824, 0.30221556571291774)
-t 0 -c 104.8576 -g 0.00407 -r 1 (83.94177449168207, 0.6423290203327172, 0.301219026596899)
-t 0 -c 419.4304 -g 0.00407 -r 1 (84.03749669923423, 0.638500132030631, 0.30282875299210765)
-t 0 -c 1677.7216 -g 0.00407 -r 1 (83.83614998679694, 0.6465540005281225, 0.29615805156263425)
-t 0 -c 0.0001 -g 0.00813 -r 1 (76.00673356218643, 0.9597306575125429, nan)
-t 0 -c 0.0004 -g 0.00813 -r 1 (76.00673356218643, 0.9597306575125429, nan)
-t 0 -c 0.0016 -g 0.00813 -r 1 (76.00673356218643, 0.9597306575125429, nan)
-t 0 -c 0.0064 -g 0.00813 -r 1 (82.53894903617639, 0.6984420385529443, 0.20977830347206358)
-t 0 -c 0.0256 -g 0.00813 -r 1 (84.30485872722471, 0.6278056509110114, 0.28634075617979377)
-t 0 -c 0.1024 -g 0.00813 -r 1 (84.55901769210458, 0.6176392923158173, 0.30643940187407603)
-t 0 -c 0.4096 -g 0.00813 -r 1 (84.46659625033007, 0.621336149986797, 0.30988477859296043)
-t 0 -c 1.6384 -g 0.00813 -r 1 (84.15632426722999, 0.6337470293108001, 0.30457105735350576)
-t 0 -c 6.5536 -g 0.00813 -r 1 (84.04079746501188, 0.6383681013995247, 0.3020838431621686)
-t 0 -c 26.2144 -g 0.00813 -r 1 (84.01109057301294, 0.6395563770794824, 0.30221556571291774)
-t 0 -c 104.8576 -g 0.00813 -r 1 (83.94177449168207, 0.6423290203327172, 0.301219026596899)
-t 0 -c 419.4304 -g 0.00813 -r 1 (84.03749669923423, 0.638500132030631, 0.30282875299210765)
-t 0 -c 1677.7216 -g 0.00813 -r 1 (83.83614998679694, 0.6465540005281225, 0.29615805156263425)
-t 0 -c 0.0001 -g 0.01626 -r 1 (76.00673356218643, 0.9597306575125429, nan)
-t 0 -c 0.0004 -g 0.01626 -r 1 (76.00673356218643, 0.9597306575125429, nan)
-t 0 -c 0.0016 -g 0.01626 -r 1 (76.00673356218643, 0.9597306575125429, nan)
-t 0 -c 0.0064 -g 0.01626 -r 1 (82.53894903617639, 0.6984420385529443, 0.20977830347206358)
-t 0 -c 0.0256 -g 0.01626 -r 1 (84.30485872722471, 0.6278056509110114, 0.28634075617979377)
-t 0 -c 0.1024 -g 0.01626 -r 1 (84.55901769210458, 0.6176392923158173, 0.30643940187407603)
-t 0 -c 0.4096 -g 0.01626 -r 1 (84.46659625033007, 0.621336149986797, 0.30988477859296043)
-t 0 -c 1.6384 -g 0.01626 -r 1 (84.15632426722999, 0.6337470293108001, 0.30457105735350576)
-t 0 -c 6.5536 -g 0.01626 -r 1 (84.04079746501188, 0.6383681013995247, 0.3020838431621686)
-t 0 -c 26.2144 -g 0.01626 -r 1 (84.01109057301294, 0.6395563770794824, 0.30221556571291774)
-t 0 -c 104.8576 -g 0.01626 -r 1 (83.94177449168207, 0.6423290203327172, 0.301219026596899)
-t 0 -c 419.4304 -g 0.01626 -r 1 (84.03749669923423, 0.638500132030631, 0.30282875299210765)
-t 0 -c 1677.7216 -g 0.01626 -r 1 (83.83614998679694, 0.6465540005281225, 0.29615805156263425)
-t 0 -c 0.0001 -g 0.03252 -r 1 (76.00673356218643, 0.9597306575125429, nan)
-t 0 -c 0.0004 -g 0.03252 -r 1 (76.00673356218643, 0.9597306575125429, nan)
-t 0 -c 0.0016 -g 0.03252 -r 1 (76.00673356218643, 0.9597306575125429, nan)
-t 0 -c 0.0064 -g 0.03252 -r 1 (82.53894903617639, 0.6984420385529443, 0.20977830347206358)
-t 0 -c 0.0256 -g 0.03252 -r 1 (84.30485872722471, 0.6278056509110114, 0.28634075617979377)
-t 0 -c 0.1024 -g 0.03252 -r 1 (84.55901769210458, 0.6176392923158173, 0.30643940187407603)
-t 0 -c 0.4096 -g 0.03252 -r 1 (84.46659625033007, 0.621336149986797, 0.30988477859296043)
-t 0 -c 1.6384 -g 0.03252 -r 1 (84.15632426722999, 0.6337470293108001, 0.30457105735350576)
-t 0 -c 6.5536 -g 0.03252 -r 1 (84.04079746501188, 0.6383681013995247, 0.3020838431621686)
-t 0 -c 26.2144 -g 0.03252 -r 1 (84.01109057301294, 0.6395563770794824, 0.30221556571291774)
-t 0 -c 104.8576 -g 0.03252 -r 1 (83.94177449168207, 0.6423290203327172, 0.301219026596899)
-t 0 -c 419.4304 -g 0.03252 -r 1 (84.03749669923423, 0.638500132030631, 0.30282875299210765)
-t 0 -c 1677.7216 -g 0.03252 -r 1 (83.83614998679694, 0.6465540005281225, 0.29615805156263425)
-t 0 -c 0.0001 -g 0.06504 -r 1 (76.00673356218643, 0.9597306575125429, nan)
-t 0 -c 0.0004 -g 0.06504 -r 1 (76.00673356218643, 0.9597306575125429, nan)
-t 0 -c 0.0016 -g 0.06504 -r 1 (76.00673356218643, 0.9597306575125429, nan)
-t 0 -c 0.0064 -g 0.06504 -r 1 (82.53894903617639, 0.6984420385529443, 0.20977830347206358)
-t 0 -c 0.0256 -g 0.06504 -r 1 (84.30485872722471, 0.6278056509110114, 0.28634075617979377)
-t 0 -c 0.1024 -g 0.06504 -r 1 (84.55901769210458, 0.6176392923158173, 0.30643940187407603)
-t 0 -c 0.4096 -g 0.06504 -r 1 (84.46659625033007, 0.621336149986797, 0.30988477859296043)
-t 0 -c 1.6384 -g 0.06504 -r 1 (84.15632426722999, 0.6337470293108001, 0.30457105735350576)
-t 0 -c 6.5536 -g 0.06504 -r 1 (84.04079746501188, 0.6383681013995247, 0.3020838431621686)
-t 0 -c 26.2144 -g 0.06504 -r 1 (84.01109057301294, 0.6395563770794824, 0.30221556571291774)
-t 0 -c 104.8576 -g 0.06504 -r 1 (83.94177449168207, 0.6423290203327172, 0.301219026596899)
-t 0 -c 419.4304 -g 0.06504 -r 1 (84.03749669923423, 0.638500132030631, 0.30282875299210765)
-t 0 -c 1677.7216 -g 0.06504 -r 1 (83.83614998679694, 0.6465540005281225, 0.29615805156263425)
-t 0 -c 0.0001 -g 0.00102 -r 2 (76.00673356218643, 0.9597306575125429, nan)
-t 0 -c 0.0004 -g 0.00102 -r 2 (76.00673356218643, 0.9597306575125429, nan)
-t 0 -c 0.0016 -g 0.00102 -r 2 (76.00673356218643, 0.9597306575125429, nan)
-t 0 -c 0.0064 -g 0.00102 -r 2 (82.53894903617639, 0.6984420385529443, 0.20977830347206358)
-t 0 -c 0.0256 -g 0.00102 -r 2 (84.30485872722471, 0.6278056509110114, 0.28634075617979377)
-t 0 -c 0.1024 -g 0.00102 -r 2 (84.55901769210458, 0.6176392923158173, 0.30643940187407603)
-t 0 -c 0.4096 -g 0.00102 -r 2 (84.46659625033007, 0.621336149986797, 0.30988477859296043)
-t 0 -c 1.6384 -g 0.00102 -r 2 (84.15632426722999, 0.6337470293108001, 0.30457105735350576)
-t 0 -c 6.5536 -g 0.00102 -r 2 (84.04079746501188, 0.6383681013995247, 0.3020838431621686)
-t 0 -c 26.2144 -g 0.00102 -r 2 (84.01109057301294, 0.6395563770794824, 0.30221556571291774)
-t 0 -c 104.8576 -g 0.00102 -r 2 (83.94177449168207, 0.6423290203327172, 0.301219026596899)
-t 0 -c 419.4304 -g 0.00102 -r 2 (84.03749669923423, 0.638500132030631, 0.30282875299210765)
-t 0 -c 1677.7216 -g 0.00102 -r 2 (83.83614998679694, 0.6465540005281225, 0.29615805156263425)
-t 0 -c 0.0001 -g 0.00203 -r 2 (76.00673356218643, 0.9597306575125429, nan)
-t 0 -c 0.0004 -g 0.00203 -r 2 (76.00673356218643, 0.9597306575125429, nan)
-t 0 -c 0.0016 -g 0.00203 -r 2 (76.00673356218643, 0.9597306575125429, nan)
-t 0 -c 0.0064 -g 0.00203 -r 2 (82.53894903617639, 0.6984420385529443, 0.20977830347206358)
-t 0 -c 0.0256 -g 0.00203 -r 2 (84.30485872722471, 0.6278056509110114, 0.28634075617979377)
-t 0 -c 0.1024 -g 0.00203 -r 2 (84.55901769210458, 0.6176392923158173, 0.30643940187407603)
-t 0 -c 0.4096 -g 0.00203 -r 2 (84.46659625033007, 0.621336149986797, 0.30988477859296043)
-t 0 -c 1.6384 -g 0.00203 -r 2 (84.15632426722999, 0.6337470293108001, 0.30457105735350576)
-t 0 -c 6.5536 -g 0.00203 -r 2 (84.04079746501188, 0.6383681013995247, 0.3020838431621686)
-t 0 -c 26.2144 -g 0.00203 -r 2 (84.01109057301294, 0.6395563770794824, 0.30221556571291774)
-t 0 -c 104.8576 -g 0.00203 -r 2 (83.94177449168207, 0.6423290203327172, 0.301219026596899)
-t 0 -c 419.4304 -g 0.00203 -r 2 (84.03749669923423, 0.638500132030631, 0.30282875299210765)
-t 0 -c 1677.7216 -g 0.00203 -r 2 (83.83614998679694, 0.6465540005281225, 0.29615805156263425)
-t 0 -c 0.0001 -g 0.00407 -r 2 (76.00673356218643, 0.9597306575125429, nan)
-t 0 -c 0.0004 -g 0.00407 -r 2 (76.00673356218643, 0.9597306575125429, nan)
-t 0 -c 0.0016 -g 0.00407 -r 2 (76.00673356218643, 0.9597306575125429, nan)
-t 0 -c 0.0064 -g 0.00407 -r 2 (82.53894903617639, 0.6984420385529443, 0.20977830347206358)
-t 0 -c 0.0256 -g 0.00407 -r 2 (84.30485872722471, 0.6278056509110114, 0.28634075617979377)
-t 0 -c 0.1024 -g 0.00407 -r 2 (84.55901769210458, 0.6176392923158173, 0.30643940187407603)
-t 0 -c 0.4096 -g 0.00407 -r 2 (84.46659625033007, 0.621336149986797, 0.30988477859296043)
-t 0 -c 1.6384 -g 0.00407 -r 2 (84.15632426722999, 0.6337470293108001, 0.30457105735350576)
-t 0 -c 6.5536 -g 0.00407 -r 2 (84.04079746501188, 0.6383681013995247, 0.3020838431621686)
-t 0 -c 26.2144 -g 0.00407 -r 2 (84.01109057301294, 0.6395563770794824, 0.30221556571291774)
-t 0 -c 104.8576 -g 0.00407 -r 2 (83.94177449168207, 0.6423290203327172, 0.301219026596899)
-t 0 -c 419.4304 -g 0.00407 -r 2 (84.03749669923423, 0.638500132030631, 0.30282875299210765)
-t 0 -c 1677.7216 -g 0.00407 -r 2 (83.83614998679694, 0.6465540005281225, 0.29615805156263425)
-t 0 -c 0.0001 -g 0.00813 -r 2 (76.00673356218643, 0.9597306575125429, nan)
-t 0 -c 0.0004 -g 0.00813 -r 2 (76.00673356218643, 0.9597306575125429, nan)
-t 0 -c 0.0016 -g 0.00813 -r 2 (76.00673356218643, 0.9597306575125429, nan)
-t 0 -c 0.0064 -g 0.00813 -r 2 (82.53894903617639, 0.6984420385529443, 0.20977830347206358)
-t 0 -c 0.0256 -g 0.00813 -r 2 (84.30485872722471, 0.6278056509110114, 0.28634075617979377)
-t 0 -c 0.1024 -g 0.00813 -r 2 (84.55901769210458, 0.6176392923158173, 0.30643940187407603)
-t 0 -c 0.4096 -g 0.00813 -r 2 (84.46659625033007, 0.621336149986797, 0.30988477859296043)
-t 0 -c 1.6384 -g 0.00813 -r 2 (84.15632426722999, 0.6337470293108001, 0.30457105735350576)
-t 0 -c 6.5536 -g 0.00813 -r 2 (84.04079746501188, 0.6383681013995247, 0.3020838431621686)
-t 0 -c 26.2144 -g 0.00813 -r 2 (84.01109057301294, 0.6395563770794824, 0.30221556571291774)
-t 0 -c 104.8576 -g 0.00813 -r 2 (83.94177449168207, 0.6423290203327172, 0.301219026596899)
-t 0 -c 419.4304 -g 0.00813 -r 2 (84.03749669923423, 0.638500132030631, 0.30282875299210765)
-t 0 -c 1677.7216 -g 0.00813 -r 2 (83.83614998679694, 0.6465540005281225, 0.29615805156263425)
-t 0 -c 0.0001 -g 0.01626 -r 2 (76.00673356218643, 0.9597306575125429, nan)
-t 0 -c 0.0004 -g 0.01626 -r 2 (76.00673356218643, 0.9597306575125429, nan)
-t 0 -c 0.0016 -g 0.01626 -r 2 (76.00673356218643, 0.9597306575125429, nan)
-t 0 -c 0.0064 -g 0.01626 -r 2 (82.53894903617639, 0.6984420385529443, 0.20977830347206358)
-t 0 -c 0.0256 -g 0.01626 -r 2 (84.30485872722471, 0.6278056509110114, 0.28634075617979377)
-t 0 -c 0.1024 -g 0.01626 -r 2 (84.55901769210458, 0.6176392923158173, 0.30643940187407603)
-t 0 -c 0.4096 -g 0.01626 -r 2 (84.46659625033007, 0.621336149986797, 0.30988477859296043)
-t 0 -c 1.6384 -g 0.01626 -r 2 (84.15632426722999, 0.6337470293108001, 0.30457105735350576)
-t 0 -c 6.5536 -g 0.01626 -r 2 (84.04079746501188, 0.6383681013995247, 0.3020838431621686)
-t 0 -c 26.2144 -g 0.01626 -r 2 (84.01109057301294, 0.6395563770794824, 0.30221556571291774)
-t 0 -c 104.8576 -g 0.01626 -r 2 (83.94177449168207, 0.6423290203327172, 0.301219026596899)
-t 0 -c 419.4304 -g 0.01626 -r 2 (84.03749669923423, 0.638500132030631, 0.30282875299210765)
-t 0 -c 1677.7216 -g 0.01626 -r 2 (83.83614998679694, 0.6465540005281225, 0.29615805156263425)
-t 0 -c 0.0001 -g 0.03252 -r 2 (76.00673356218643, 0.9597306575125429, nan)
-t 0 -c 0.0004 -g 0.03252 -r 2 (76.00673356218643, 0.9597306575125429, nan)
-t 0 -c 0.0016 -g 0.03252 -r 2 (76.00673356218643, 0.9597306575125429, nan)
-t 0 -c 0.0064 -g 0.03252 -r 2 (82.53894903617639, 0.6984420385529443, 0.20977830347206358)
-t 0 -c 0.0256 -g 0.03252 -r 2 (84.30485872722471, 0.6278056509110114, 0.28634075617979377)
-t 0 -c 0.1024 -g 0.03252 -r 2 (84.55901769210458, 0.6176392923158173, 0.30643940187407603)
-t 0 -c 0.4096 -g 0.03252 -r 2 (84.46659625033007, 0.621336149986797, 0.30988477859296043)
-t 0 -c 1.6384 -g 0.03252 -r 2 (84.15632426722999, 0.6337470293108001, 0.30457105735350576)
-t 0 -c 6.5536 -g 0.03252 -r 2 (84.04079746501188, 0.6383681013995247, 0.3020838431621686)
-t 0 -c 26.2144 -g 0.03252 -r 2 (84.01109057301294, 0.6395563770794824, 0.30221556571291774)
-t 0 -c 104.8576 -g 0.03252 -r 2 (83.94177449168207, 0.6423290203327172, 0.301219026596899)
-t 0 -c 419.4304 -g 0.03252 -r 2 (84.03749669923423, 0.638500132030631, 0.30282875299210765)
-t 0 -c 1677.7216 -g 0.03252 -r 2 (83.83614998679694, 0.6465540005281225, 0.29615805156263425)
-t 0 -c 0.0001 -g 0.06504 -r 2 (76.00673356218643, 0.9597306575125429, nan)
-t 0 -c 0.0004 -g 0.06504 -r 2 (76.00673356218643, 0.9597306575125429, nan)
-t 0 -c 0.0016 -g 0.06504 -r 2 (76.00673356218643, 0.9597306575125429, nan)
-t 0 -c 0.0064 -g 0.06504 -r 2 (82.53894903617639, 0.6984420385529443, 0.20977830347206358)
-t 0 -c 0.0256 -g 0.06504 -r 2 (84.30485872722471, 0.6278056509110114, 0.28634075617979377)
-t 0 -c 0.1024 -g 0.06504 -r 2 (84.55901769210458, 0.6176392923158173, 0.30643940187407603)
-t 0 -c 0.4096 -g 0.06504 -r 2 (84.46659625033007, 0.621336149986797, 0.30988477859296043)
-t 0 -c 1.6384 -g 0.06504 -r 2 (84.15632426722999, 0.6337470293108001, 0.30457105735350576)
-t 0 -c 6.5536 -g 0.06504 -r 2 (84.04079746501188, 0.6383681013995247, 0.3020838431621686)
-t 0 -c 26.2144 -g 0.06504 -r 2 (84.01109057301294, 0.6395563770794824, 0.30221556571291774)
-t 0 -c 104.8576 -g 0.06504 -r 2 (83.94177449168207, 0.6423290203327172, 0.301219026596899)
-t 0 -c 419.4304 -g 0.06504 -r 2 (84.03749669923423, 0.638500132030631, 0.30282875299210765)
-t 0 -c 1677.7216 -g 0.06504 -r 2 (83.83614998679694, 0.6465540005281225, 0.29615805156263425)
