-t 2 -c 0.0001 -g 0.00102 -r 0 (76.00673356218643, 0.9597306575125429, nan)
-t 2 -c 0.0004 -g 0.00102 -r 0 (76.00673356218643, 0.9597306575125429, nan)
-t 2 -c 0.0016 -g 0.00102 -r 0 (76.00673356218643, 0.9597306575125429, nan)
-t 2 -c 0.0064 -g 0.00102 -r 0 (76.00673356218643, 0.9597306575125429, nan)
-t 2 -c 0.0256 -g 0.00102 -r 0 (76.00673356218643, 0.9597306575125429, nan)
-t 2 -c 0.1024 -g 0.00102 -r 0 (76.00673356218643, 0.9597306575125429, nan)
-t 2 -c 0.4096 -g 0.00102 -r 0 (76.00673356218643, 0.9597306575125429, nan)
-t 2 -c 1.6384 -g 0.00102 -r 0 (77.07948243992607, 0.9168207024029574, 0.033550124337227594)
-t 2 -c 6.5536 -g 0.00102 -r 0 (83.90546606812781, 0.6437813572748877, 0.26460749208279244)
-t 2 -c 26.2144 -g 0.00102 -r 0 (84.43028782677581, 0.6227884869289675, 0.29648950930307355)
-t 2 -c 104.8576 -g 0.00102 -r 0 (84.64483760232373, 0.6142064959070505, 0.3128099039813476)
-t 2 -c 419.4304 -g 0.00102 -r 0 (84.46329548455242, 0.6214681806179033, 0.31164729458827706)
-t 2 -c 1677.7216 -g 0.00102 -r 0 (84.16952733034064, 0.6332189067863745, 0.30596349475995127)
-t 2 -c 0.0001 -g 0.00203 -r 0 (76.00673356218643, 0.9597306575125429, nan)
-t 2 -c 0.0004 -g 0.00203 -r 0 (76.00673356218643, 0.9597306575125429, nan)
-t 2 -c 0.0016 -g 0.00203 -r 0 (76.00673356218643, 0.9597306575125429, nan)
-t 2 -c 0.0064 -g 0.00203 -r 0 (76.00673356218643, 0.9597306575125429, nan)
-t 2 -c 0.0256 -g 0.00203 -r 0 (76.00673356218643, 0.9597306575125429, nan)
-t 2 -c 0.1024 -g 0.00203 -r 0 (76.00673356218643, 0.9597306575125429, nan)
-t 2 -c 0.4096 -g 0.00203 -r 0 (76.00673356218643, 0.9597306575125429, nan)
-t 2 -c 1.6384 -g 0.00203 -r 0 (82.59176128861895, 0.6963295484552416, 0.2116852619495308)
-t 2 -c 6.5536 -g 0.00203 -r 0 (84.29495642989174, 0.6282017428043306, 0.2861342866100476)
-t 2 -c 26.2144 -g 0.00203 -r 0 (84.57222075521521, 0.6171111697913916, 0.30632007154407137)
-t 2 -c 104.8576 -g 0.00203 -r 0 (84.6646421969897, 0.613414312120412, 0.31589000547023316)
-t 2 -c 419.4304 -g 0.00203 -r 0 (84.21903881700554, 0.6312384473197782, 0.3055148407638673)
-t 2 -c 1677.7216 -g 0.00203 -r 0 (83.48296804858727, 0.6606812780565091, 0.28696216186102574)
-t 2 -c 0.0001 -g 0.00407 -r 0 (76.00673356218643, 0.9597306575125429, nan)
-t 2 -c 0.0004 -g 0.00407 -r 0 (76.00673356218643, 0.9597306575125429, nan)
-t 2 -c 0.0016 -g 0.00407 -r 0 (76.00673356218643, 0.9597306575125429, nan)
-t 2 -c 0.0064 -g 0.00407 -r 0 (76.00673356218643, 0.9597306575125429, nan)
-t 2 -c 0.0256 -g 0.00407 -r 0 (76.00673356218643, 0.9597306575125429, nan)
-t 2 -c 0.1024 -g 0.00407 -r 0 (76.00673356218643, 0.9597306575125429, nan)
-t 2 -c 0.4096 -g 0.00407 -r 0 (76.85503036704516, 0.9257987853181938, 0.026468734674218928)
-t 2 -c 1.6384 -g 0.00407 -r 0 (83.8559545814629, 0.645761816741484, 0.2626161471329536)
-t 2 -c 6.5536 -g 0.00407 -r 0 (84.42698706099816, 0.6229205175600739, 0.29555984326940804)
-t 2 -c 26.2144 -g 0.00407 -r 0 (84.67784526010034, 0.6128861895959863, 0.31291177542450116)
-t 2 -c 104.8576 -g 0.00407 -r 0 (84.41708476366517, 0.6233166094533932, 0.3092786083900416)
-t 2 -c 419.4304 -g 0.00407 -r 0 (83.59519408502773, 0.6561922365988909, 0.28922154530864963)
-t 2 -c 1677.7216 -g 0.00407 -r 0 (81.8292843939794, 0.7268286242408238, 0.24796445856785176)
-t 2 -c 0.0001 -g 0.00813 -r 0 (76.00673356218643, 0.9597306575125429, nan)
-t 2 -c 0.0004 -g 0.00813 -r 0 (76.00673356218643, 0.9597306575125429, nan)
-t 2 -c 0.0016 -g 0.00813 -r 0 (76.00673356218643, 0.9597306575125429, nan)
-t 2 -c 0.0064 -g 0.00813 -r 0 (76.00673356218643, 0.9597306575125429, nan)
-t 2 -c 0.0256 -g 0.00813 -r 0 (76.00673356218643, 0.9597306575125429, nan)
-t 2 -c 0.1024 -g 0.00813 -r 0 (76.00673356218643, 0.9597306575125429, nan)
-t 2 -c 0.4096 -g 0.00813 -r 0 (82.41021917084764, 0.7035912331660945, 0.20513693712492753)
-t 2 -c 1.6384 -g 0.00813 -r 0 (84.1893319250066, 0.6324267229997359, 0.28150748270288484)
-t 2 -c 6.5536 -g 0.00813 -r 0 (84.59532611565884, 0.6161869553736466, 0.30698919295477856)
-t 2 -c 26.2144 -g 0.00813 -r 0 (84.51280697121732, 0.6194877211513071, 0.31008673072304643)
-t 2 -c 104.8576 -g 0.00813 -r 0 (83.70742012146818, 0.6517031951412727, 0.2907335060039263)
-t 2 -c 419.4304 -g 0.00813 -r 0 (81.9712173224188, 0.7211513071032479, 0.2508072654876044)
-t 2 -c 1677.7216 -g 0.00813 -r 0 (79.40982307895432, 0.8236070768418273, 0.2006743706268523)
-t 2 -c 0.0001 -g 0.01626 -r 0 (76.00673356218643, 0.9597306575125429, nan)
-t 2 -c 0.0004 -g 0.01626 -r 0 (76.00673356218643, 0.9597306575125429, nan)
-t 2 -c 0.0016 -g 0.01626 -r 0 (76.00673356218643, 0.9597306575125429, nan)
-t 2 -c 0.0064 -g 0.01626 -r 0 (76.00673356218643, 0.9597306575125429, nan)
-t 2 -c 0.0256 -g 0.01626 -r 0 (76.00673356218643, 0.9597306575125429, nan)
-t 2 -c 0.1024 -g 0.01626 -r 0 (76.11895959862689, 0.9552416160549247, 0.0034983061544893224)
-t 2 -c 0.4096 -g 0.01626 -r 0 (83.59519408502773, 0.6561922365988909, 0.2520115306810292)
-t 2 -c 1.6384 -g 0.01626 -r 0 (84.39067863744388, 0.6243728545022446, 0.2943221508960311)
-t 2 -c 6.5536 -g 0.01626 -r 0 (84.62833377343544, 0.6148666490625825, 0.3110310017274477)
-t 2 -c 26.2144 -g 0.01626 -r 0 (83.94177449168207, 0.6423290203327172, 0.2948001951697789)
-t 2 -c 104.8576 -g 0.01626 -r 0 (82.18906786374438, 0.7124372854502244, 0.25538590552117046)
-t 2 -c 419.4304 -g 0.01626 -r 0 (79.58806443094798, 0.8164774227620808, 0.20246839530952543)
-t 2 -c 1677.7216 -g 0.01626 -r 0 (78.1522313176657, 0.873910747293372, 0.17794446788532697)
-t 2 -c 0.0001 -g 0.03252 -r 0 (76.00673356218643, 0.9597306575125429, nan)
-t 2 -c 0.0004 -g 0.03252 -r 0 (76.00673356218643, 0.9597306575125429, nan)
-t 2 -c 0.0016 -g 0.03252 -r 0 (76.00673356218643, 0.9597306575125429, nan)
-t 2 -c 0.0064 -g 0.03252 -r 0 (76.00673356218643, 0.9597306575125429, nan)
-t 2 -c 0.0256 -g 0.03252 -r 0 (76.00673356218643, 0.9597306575125429, nan)
-t 2 -c 0.1024 -g 0.03252 -r 0 (80.452865064695, 0.7818853974121996, 0.13933955211813753)
-t 2 -c 0.4096 -g 0.03252 -r 0 (83.85925534724056, 0.6456297861103776, 0.2671884339850291)
-t 2 -c 1.6384 -g 0.03252 -r 0 (84.5227092685503, 0.6190916292579879, 0.30253619378770025)
-t 2 -c 6.5536 -g 0.03252 -r 0 (84.13651967256403, 0.6345392130974387, 0.2956177824727745)
-t 2 -c 26.2144 -g 0.03252 -r 0 (82.50594137839978, 0.6997623448640085, 0.2618985264626586)
-t 2 -c 104.8576 -g 0.03252 -r 0 (80.00396091893319, 0.7998415632426723, 0.21056738239769598)
-t 2 -c 419.4304 -g 0.03252 -r 0 (78.57472933720624, 0.8570108265117508, 0.18321864343981986)
-t 2 -c 1677.7216 -g 0.03252 -r 0 (77.6604172167943, 0.8935833113282281, 0.16769343737076362)
-t 2 -c 0.0001 -g 0.06504 -r 0 (76.00673356218643, 0.9597306575125429, nan)
-t 2 -c 0.0004 -g 0.06504 -r 0 (76.00673356218643, 0.9597306575125429, nan)
-t 2 -c 0.0016 -g 0.06504 -r 0 (76.00673356218643, 0.9597306575125429, nan)
-t 2 -c 0.0064 -g 0.06504 -r 0 (76.00673356218643, 0.9597306575125429, nan)
-t 2 -c 0.0256 -g 0.06504 -r 0 (76.00673356218643, 0.9597306575125429, nan)
-t 2 -c 0.1024 -g 0.06504 -r 0 (82.3210984948508, 0.7071560602059678, 0.20242911684329395)
-t 2 -c 0.4096 -g 0.06504 -r 0 (83.90876683390546, 0.6436493266437814, 0.2710968839549569)
-t 2 -c 1.6384 -g 0.06504 -r 0 (84.36757327700026, 0.6252970689199895, 0.298989762550462)
-t 2 -c 6.5536 -g 0.06504 -r 0 (82.97795088460524, 0.6808819646157909, 0.2703934171551657)
-t 2 -c 26.2144 -g 0.06504 -r 0 (80.5452865064695, 0.7781885397412199, 0.21832520322664722)
-t 2 -c 104.8576 -g 0.06504 -r 0 (79.22498019540534, 0.8310007921837866, 0.1937032903417071)
-t 2 -c 419.4304 -g 0.06504 -r 0 (78.40308951676789, 0.8638764193292844, 0.1792610041748067)
-t 2 -c 1677.7216 -g 0.06504 -r 0 (78.40308951676789, 0.8638764193292844, 0.1792610041748067)
-t 2 -c 0.0001 -g 0.00102 -r 1 (76.00673356218643, 0.9597306575125429, nan)
-t 2 -c 0.0004 -g 0.00102 -r 1 (76.00673356218643, 0.9597306575125429, nan)
-t 2 -c 0.0016 -g 0.00102 -r 1 (76.00673356218643, 0.9597306575125429, nan)
-t 2 -c 0.0064 -g 0.00102 -r 1 (76.00673356218643, 0.9597306575125429, nan)
-t 2 -c 0.0256 -g 0.00102 -r 1 (76.00673356218643, 0.9597306575125429, nan)
-t 2 -c 0.1024 -g 0.00102 -r 1 (76.00673356218643, 0.9597306575125429, nan)
-t 2 -c 0.4096 -g 0.00102 -r 1 (76.00673356218643, 0.9597306575125429, nan)
-t 2 -c 1.6384 -g 0.00102 -r 1 (77.07948243992607, 0.9168207024029574, 0.033550124337227594)
-t 2 -c 6.5536 -g 0.00102 -r 1 (83.90546606812781, 0.6437813572748877, 0.26460749208279244)
-t 2 -c 26.2144 -g 0.00102 -r 1 (84.43028782677581, 0.6227884869289675, 0.29648950930307355)
-t 2 -c 104.8576 -g 0.00102 -r 1 (84.64483760232373, 0.6142064959070505, 0.3128099039813476)
-t 2 -c 419.4304 -g 0.00102 -r 1 (84.46329548455242, 0.6214681806179033, 0.31164729458827706)
-t 2 -c 1677.7216 -g 0.00102 -r 1 (84.16952733034064, 0.6332189067863745, 0.30596349475995127)
-t 2 -c 0.0001 -g 0.00203 -r 1 (76.00673356218643, 0.9597306575125429, nan)
-t 2 -c 0.0004 -g 0.00203 -r 1 (76.00673356218643, 0.9597306575125429, nan)
-t 2 -c 0.0016 -g 0.00203 -r 1 (76.00673356218643, 0.9597306575125429, nan)
-t 2 -c 0.0064 -g 0.00203 -r 1 (76.00673356218643, 0.9597306575125429, nan)
-t 2 -c 0.0256 -g 0.00203 -r 1 (76.00673356218643, 0.9597306575125429, nan)
-t 2 -c 0.1024 -g 0.00203 -r 1 (76.00673356218643, 0.9597306575125429, nan)
-t 2 -c 0.4096 -g 0.00203 -r 1 (76.00673356218643, 0.9597306575125429, nan)
-t 2 -c 1.6384 -g 0.00203 -r 1 (82.59176128861895, 0.6963295484552416, 0.2116852619495308)
-t 2 -c 6.5536 -g 0.00203 -r 1 (84.29495642989174, 0.6282017428043306, 0.2861342866100476)
-t 2 -c 26.2144 -g 0.00203 -r 1 (84.57222075521521, 0.6171111697913916, 0.30632007154407137)
-t 2 -c 104.8576 -g 0.00203 -r 1 (84.6646421969897, 0.613414312120412, 0.31589000547023316)
-t 2 -c 419.4304 -g 0.00203 -r 1 (84.21903881700554, 0.6312384473197782, 0.3055148407638673)
-t 2 -c 1677.7216 -g 0.00203 -r 1 (83.48296804858727, 0.6606812780565091, 0.28696216186102574)
-t 2 -c 0.0001 -g 0.00407 -r 1 (76.00673356218643, 0.9597306575125429, nan)
-t 2 -c 0.0004 -g 0.00407 -r 1 (76.00673356218643, 0.9597306575125429, nan)
-t 2 -c 0.0016 -g 0.00407 -r 1 (76.00673356218643, 0.9597306575125429, nan)
-t 2 -c 0.0064 -g 0.00407 -r 1 (76.00673356218643, 0.9597306575125429, nan)
-t 2 -c 0.0256 -g 0.00407 -r 1 (76.00673356218643, 0.9597306575125429, nan)
-t 2 -c 0.1024 -g 0.00407 -r 1 (76.00673356218643, 0.9597306575125429, nan)
-t 2 -c 0.4096 -g 0.00407 -r 1 (76.85503036704516, 0.9257987853181938, 0.026468734674218928)
-t 2 -c 1.6384 -g 0.00407 -r 1 (83.8559545814629, 0.645761816741484, 0.2626161471329536)
-t 2 -c 6.5536 -g 0.00407 -r 1 (84.42698706099816, 0.6229205175600739, 0.29555984326940804)
-t 2 -c 26.2144 -g 0.00407 -r 1 (84.67784526010034, 0.6128861895959863, 0.31291177542450116)
-t 2 -c 104.8576 -g 0.00407 -r 1 (84.41708476366517, 0.6233166094533932, 0.3092786083900416)
-t 2 -c 419.4304 -g 0.00407 -r 1 (83.59519408502773, 0.6561922365988909, 0.28922154530864963)
-t 2 -c 1677.7216 -g 0.00407 -r 1 (81.8292843939794, 0.7268286242408238, 0.24796445856785176)
-t 2 -c 0.0001 -g 0.00813 -r 1 (76.00673356218643, 0.9597306575125429, nan)
-t 2 -c 0.0004 -g 0.00813 -r 1 (76.00673356218643, 0.9597306575125429, nan)
-t 2 -c 0.0016 -g 0.00813 -r 1 (76.00673356218643, 0.9597306575125429, nan)
-t 2 -c 0.0064 -g 0.00813 -r 1 (76.00673356218643, 0.9597306575125429, nan)
-t 2 -c 0.0256 -g 0.00813 -r 1 (76.00673356218643, 0.9597306575125429, nan)
-t 2 -c 0.1024 -g 0.00813 -r 1 (76.00673356218643, 0.9597306575125429, nan)
-t 2 -c 0.4096 -g 0.00813 -r 1 (82.41021917084764, 0.7035912331660945, 0.20513693712492753)
-t 2 -c 1.6384 -g 0.00813 -r 1 (84.1893319250066, 0.6324267229997359, 0.28150748270288484)
-t 2 -c 6.5536 -g 0.00813 -r 1 (84.59532611565884, 0.6161869553736466, 0.30698919295477856)
-t 2 -c 26.2144 -g 0.00813 -r 1 (84.51280697121732, 0.6194877211513071, 0.31008673072304643)
-t 2 -c 104.8576 -g 0.00813 -r 1 (83.70742012146818, 0.6517031951412727, 0.2907335060039263)
-t 2 -c 419.4304 -g 0.00813 -r 1 (81.9712173224188, 0.7211513071032479, 0.2508072654876044)
-t 2 -c 1677.7216 -g 0.00813 -r 1 (79.40982307895432, 0.8236070768418273, 0.2006743706268523)
-t 2 -c 0.0001 -g 0.01626 -r 1 (76.00673356218643, 0.9597306575125429, nan)
-t 2 -c 0.0004 -g 0.01626 -r 1 (76.00673356218643, 0.9597306575125429, nan)
-t 2 -c 0.0016 -g 0.01626 -r 1 (76.00673356218643, 0.9597306575125429, nan)
-t 2 -c 0.0064 -g 0.01626 -r 1 (76.00673356218643, 0.9597306575125429, nan)
-t 2 -c 0.0256 -g 0.01626 -r 1 (76.00673356218643, 0.9597306575125429, nan)
-t 2 -c 0.1024 -g 0.01626 -r 1 (76.11895959862689, 0.9552416160549247, 0.0034983061544893224)
-t 2 -c 0.4096 -g 0.01626 -r 1 (83.59519408502773, 0.6561922365988909, 0.2520115306810292)
-t 2 -c 1.6384 -g 0.01626 -r 1 (84.39067863744388, 0.6243728545022446, 0.2943221508960311)
-t 2 -c 6.5536 -g 0.01626 -r 1 (84.62833377343544, 0.6148666490625825, 0.3110310017274477)
-t 2 -c 26.2144 -g 0.01626 -r 1 (83.94177449168207, 0.6423290203327172, 0.2948001951697789)
-t 2 -c 104.8576 -g 0.01626 -r 1 (82.18906786374438, 0.7124372854502244, 0.25538590552117046)
-t 2 -c 419.4304 -g 0.01626 -r 1 (79.58806443094798, 0.8164774227620808, 0.20246839530952543)
-t 2 -c 1677.7216 -g 0.01626 -r 1 (78.1522313176657, 0.873910747293372, 0.17794446788532697)
-t 2 -c 0.0001 -g 0.03252 -r 1 (76.00673356218643, 0.9597306575125429, nan)
-t 2 -c 0.0004 -g 0.03252 -r 1 (76.00673356218643, 0.9597306575125429, nan)
-t 2 -c 0.0016 -g 0.03252 -r 1 (76.00673356218643, 0.9597306575125429, nan)
-t 2 -c 0.0064 -g 0.03252 -r 1 (76.00673356218643, 0.9597306575125429, nan)
-t 2 -c 0.0256 -g 0.03252 -r 1 (76.00673356218643, 0.9597306575125429, nan)
-t 2 -c 0.1024 -g 0.03252 -r 1 (80.452865064695, 0.7818853974121996, 0.13933955211813753)
-t 2 -c 0.4096 -g 0.03252 -r 1 (83.85925534724056, 0.6456297861103776, 0.2671884339850291)
-t 2 -c 1.6384 -g 0.03252 -r 1 (84.5227092685503, 0.6190916292579879, 0.30253619378770025)
-t 2 -c 6.5536 -g 0.03252 -r 1 (84.13651967256403, 0.6345392130974387, 0.2956177824727745)
-t 2 -c 26.2144 -g 0.03252 -r 1 (82.50594137839978, 0.6997623448640085, 0.2618985264626586)
-t 2 -c 104.8576 -g 0.03252 -r 1 (80.00396091893319, 0.7998415632426723, 0.21056738239769598)
-t 2 -c 419.4304 -g 0.03252 -r 1 (78.57472933720624, 0.8570108265117508, 0.18321864343981986)
-t 2 -c 1677.7216 -g 0.03252 -r 1 (77.6604172167943, 0.8935833113282281, 0.16769343737076362)
-t 2 -c 0.0001 -g 0.06504 -r 1 (76.00673356218643, 0.9597306575125429, nan)
-t 2 -c 0.0004 -g 0.06504 -r 1 (76.00673356218643, 0.9597306575125429, nan)
-t 2 -c 0.0016 -g 0.06504 -r 1 (76.00673356218643, 0.9597306575125429, nan)
-t 2 -c 0.0064 -g 0.06504 -r 1 (76.00673356218643, 0.9597306575125429, nan)
-t 2 -c 0.0256 -g 0.06504 -r 1 (76.00673356218643, 0.9597306575125429, nan)
-t 2 -c 0.1024 -g 0.06504 -r 1 (82.3210984948508, 0.7071560602059678, 0.20242911684329395)
-t 2 -c 0.4096 -g 0.06504 -r 1 (83.90876683390546, 0.6436493266437814, 0.2710968839549569)
-t 2 -c 1.6384 -g 0.06504 -r 1 (84.36757327700026, 0.6252970689199895, 0.298989762550462)
-t 2 -c 6.5536 -g 0.06504 -r 1 (82.97795088460524, 0.6808819646157909, 0.2703934171551657)
-t 2 -c 26.2144 -g 0.06504 -r 1 (80.5452865064695, 0.7781885397412199, 0.21832520322664722)
-t 2 -c 104.8576 -g 0.06504 -r 1 (79.22498019540534, 0.8310007921837866, 0.1937032903417071)
-t 2 -c 419.4304 -g 0.06504 -r 1 (78.40308951676789, 0.8638764193292844, 0.1792610041748067)
-t 2 -c 1677.7216 -g 0.06504 -r 1 (78.40308951676789, 0.8638764193292844, 0.1792610041748067)
-t 2 -c 0.0001 -g 0.00102 -r 2 (76.00673356218643, 0.9597306575125429, nan)
-t 2 -c 0.0004 -g 0.00102 -r 2 (76.00673356218643, 0.9597306575125429, nan)
-t 2 -c 0.0016 -g 0.00102 -r 2 (76.00673356218643, 0.9597306575125429, nan)
-t 2 -c 0.0064 -g 0.00102 -r 2 (76.00673356218643, 0.9597306575125429, nan)
-t 2 -c 0.0256 -g 0.00102 -r 2 (76.00673356218643, 0.9597306575125429, nan)
-t 2 -c 0.1024 -g 0.00102 -r 2 (76.00673356218643, 0.9597306575125429, nan)
-t 2 -c 0.4096 -g 0.00102 -r 2 (76.00673356218643, 0.9597306575125429, nan)
-t 2 -c 1.6384 -g 0.00102 -r 2 (77.07948243992607, 0.9168207024029574, 0.033550124337227594)
-t 2 -c 6.5536 -g 0.00102 -r 2 (83.90546606812781, 0.6437813572748877, 0.26460749208279244)
-t 2 -c 26.2144 -g 0.00102 -r 2 (84.43028782677581, 0.6227884869289675, 0.29648950930307355)
-t 2 -c 104.8576 -g 0.00102 -r 2 (84.64483760232373, 0.6142064959070505, 0.3128099039813476)
-t 2 -c 419.4304 -g 0.00102 -r 2 (84.46329548455242, 0.6214681806179033, 0.31164729458827706)
-t 2 -c 1677.7216 -g 0.00102 -r 2 (84.16952733034064, 0.6332189067863745, 0.30596349475995127)
-t 2 -c 0.0001 -g 0.00203 -r 2 (76.00673356218643, 0.9597306575125429, nan)
-t 2 -c 0.0004 -g 0.00203 -r 2 (76.00673356218643, 0.9597306575125429, nan)
-t 2 -c 0.0016 -g 0.00203 -r 2 (76.00673356218643, 0.9597306575125429, nan)
-t 2 -c 0.0064 -g 0.00203 -r 2 (76.00673356218643, 0.9597306575125429, nan)
-t 2 -c 0.0256 -g 0.00203 -r 2 (76.00673356218643, 0.9597306575125429, nan)
-t 2 -c 0.1024 -g 0.00203 -r 2 (76.00673356218643, 0.9597306575125429, nan)
-t 2 -c 0.4096 -g 0.00203 -r 2 (76.00673356218643, 0.9597306575125429, nan)
-t 2 -c 1.6384 -g 0.00203 -r 2 (82.59176128861895, 0.6963295484552416, 0.2116852619495308)
-t 2 -c 6.5536 -g 0.00203 -r 2 (84.29495642989174, 0.6282017428043306, 0.2861342866100476)
-t 2 -c 26.2144 -g 0.00203 -r 2 (84.57222075521521, 0.6171111697913916, 0.30632007154407137)
-t 2 -c 104.8576 -g 0.00203 -r 2 (84.6646421969897, 0.613414312120412, 0.31589000547023316)
-t 2 -c 419.4304 -g 0.00203 -r 2 (84.21903881700554, 0.6312384473197782, 0.3055148407638673)
-t 2 -c 1677.7216 -g 0.00203 -r 2 (83.48296804858727, 0.6606812780565091, 0.28696216186102574)
-t 2 -c 0.0001 -g 0.00407 -r 2 (76.00673356218643, 0.9597306575125429, nan)
-t 2 -c 0.0004 -g 0.00407 -r 2 (76.00673356218643, 0.9597306575125429, nan)
-t 2 -c 0.0016 -g 0.00407 -r 2 (76.00673356218643, 0.9597306575125429, nan)
-t 2 -c 0.0064 -g 0.00407 -r 2 (76.00673356218643, 0.9597306575125429, nan)
-t 2 -c 0.0256 -g 0.00407 -r 2 (76.00673356218643, 0.9597306575125429, nan)
-t 2 -c 0.1024 -g 0.00407 -r 2 (76.00673356218643, 0.9597306575125429, nan)
-t 2 -c 0.4096 -g 0.00407 -r 2 (76.85503036704516, 0.9257987853181938, 0.026468734674218928)
-t 2 -c 1.6384 -g 0.00407 -r 2 (83.8559545814629, 0.645761816741484, 0.2626161471329536)
-t 2 -c 6.5536 -g 0.00407 -r 2 (84.42698706099816, 0.6229205175600739, 0.29555984326940804)
-t 2 -c 26.2144 -g 0.00407 -r 2 (84.67784526010034, 0.6128861895959863, 0.31291177542450116)
-t 2 -c 104.8576 -g 0.00407 -r 2 (84.41708476366517, 0.6233166094533932, 0.3092786083900416)
-t 2 -c 419.4304 -g 0.00407 -r 2 (83.59519408502773, 0.6561922365988909, 0.28922154530864963)
-t 2 -c 1677.7216 -g 0.00407 -r 2 (81.8292843939794, 0.7268286242408238, 0.24796445856785176)
-t 2 -c 0.0001 -g 0.00813 -r 2 (76.00673356218643, 0.9597306575125429, nan)
-t 2 -c 0.0004 -g 0.00813 -r 2 (76.00673356218643, 0.9597306575125429, nan)
-t 2 -c 0.0016 -g 0.00813 -r 2 (76.00673356218643, 0.9597306575125429, nan)
-t 2 -c 0.0064 -g 0.00813 -r 2 (76.00673356218643, 0.9597306575125429, nan)
-t 2 -c 0.0256 -g 0.00813 -r 2 (76.00673356218643, 0.9597306575125429, nan)
-t 2 -c 0.1024 -g 0.00813 -r 2 (76.00673356218643, 0.9597306575125429, nan)
-t 2 -c 0.4096 -g 0.00813 -r 2 (82.41021917084764, 0.7035912331660945, 0.20513693712492753)
-t 2 -c 1.6384 -g 0.00813 -r 2 (84.1893319250066, 0.6324267229997359, 0.28150748270288484)
-t 2 -c 6.5536 -g 0.00813 -r 2 (84.59532611565884, 0.6161869553736466, 0.30698919295477856)
-t 2 -c 26.2144 -g 0.00813 -r 2 (84.51280697121732, 0.6194877211513071, 0.31008673072304643)
-t 2 -c 104.8576 -g 0.00813 -r 2 (83.70742012146818, 0.6517031951412727, 0.2907335060039263)
-t 2 -c 419.4304 -g 0.00813 -r 2 (81.9712173224188, 0.7211513071032479, 0.2508072654876044)
-t 2 -c 1677.7216 -g 0.00813 -r 2 (79.40982307895432, 0.8236070768418273, 0.2006743706268523)
-t 2 -c 0.0001 -g 0.01626 -r 2 (76.00673356218643, 0.9597306575125429, nan)
-t 2 -c 0.0004 -g 0.01626 -r 2 (76.00673356218643, 0.9597306575125429, nan)
-t 2 -c 0.0016 -g 0.01626 -r 2 (76.00673356218643, 0.9597306575125429, nan)
-t 2 -c 0.0064 -g 0.01626 -r 2 (76.00673356218643, 0.9597306575125429, nan)
-t 2 -c 0.0256 -g 0.01626 -r 2 (76.00673356218643, 0.9597306575125429, nan)
-t 2 -c 0.1024 -g 0.01626 -r 2 (76.11895959862689, 0.9552416160549247, 0.0034983061544893224)
-t 2 -c 0.4096 -g 0.01626 -r 2 (83.59519408502773, 0.6561922365988909, 0.2520115306810292)
-t 2 -c 1.6384 -g 0.01626 -r 2 (84.39067863744388, 0.6243728545022446, 0.2943221508960311)
-t 2 -c 6.5536 -g 0.01626 -r 2 (84.62833377343544, 0.6148666490625825, 0.3110310017274477)
-t 2 -c 26.2144 -g 0.01626 -r 2 (83.94177449168207, 0.6423290203327172, 0.2948001951697789)
-t 2 -c 104.8576 -g 0.01626 -r 2 (82.18906786374438, 0.7124372854502244, 0.25538590552117046)
-t 2 -c 419.4304 -g 0.01626 -r 2 (79.58806443094798, 0.8164774227620808, 0.20246839530952543)
-t 2 -c 1677.7216 -g 0.01626 -r 2 (78.1522313176657, 0.873910747293372, 0.17794446788532697)
-t 2 -c 0.0001 -g 0.03252 -r 2 (76.00673356218643, 0.9597306575125429, nan)
-t 2 -c 0.0004 -g 0.03252 -r 2 (76.00673356218643, 0.9597306575125429, nan)
-t 2 -c 0.0016 -g 0.03252 -r 2 (76.00673356218643, 0.9597306575125429, nan)
-t 2 -c 0.0064 -g 0.03252 -r 2 (76.00673356218643, 0.9597306575125429, nan)
-t 2 -c 0.0256 -g 0.03252 -r 2 (76.00673356218643, 0.9597306575125429, nan)
-t 2 -c 0.1024 -g 0.03252 -r 2 (80.452865064695, 0.7818853974121996, 0.13933955211813753)
-t 2 -c 0.4096 -g 0.03252 -r 2 (83.85925534724056, 0.6456297861103776, 0.2671884339850291)
-t 2 -c 1.6384 -g 0.03252 -r 2 (84.5227092685503, 0.6190916292579879, 0.30253619378770025)
-t 2 -c 6.5536 -g 0.03252 -r 2 (84.13651967256403, 0.6345392130974387, 0.2956177824727745)
-t 2 -c 26.2144 -g 0.03252 -r 2 (82.50594137839978, 0.6997623448640085, 0.2618985264626586)
-t 2 -c 104.8576 -g 0.03252 -r 2 (80.00396091893319, 0.7998415632426723, 0.21056738239769598)
-t 2 -c 419.4304 -g 0.03252 -r 2 (78.57472933720624, 0.8570108265117508, 0.18321864343981986)
-t 2 -c 1677.7216 -g 0.03252 -r 2 (77.6604172167943, 0.8935833113282281, 0.16769343737076362)
-t 2 -c 0.0001 -g 0.06504 -r 2 (76.00673356218643, 0.9597306575125429, nan)
-t 2 -c 0.0004 -g 0.06504 -r 2 (76.00673356218643, 0.9597306575125429, nan)
-t 2 -c 0.0016 -g 0.06504 -r 2 (76.00673356218643, 0.9597306575125429, nan)
-t 2 -c 0.0064 -g 0.06504 -r 2 (76.00673356218643, 0.9597306575125429, nan)
-t 2 -c 0.0256 -g 0.06504 -r 2 (76.00673356218643, 0.9597306575125429, nan)
-t 2 -c 0.1024 -g 0.06504 -r 2 (82.3210984948508, 0.7071560602059678, 0.20242911684329395)
-t 2 -c 0.4096 -g 0.06504 -r 2 (83.90876683390546, 0.6436493266437814, 0.2710968839549569)
-t 2 -c 1.6384 -g 0.06504 -r 2 (84.36757327700026, 0.6252970689199895, 0.298989762550462)
-t 2 -c 6.5536 -g 0.06504 -r 2 (82.97795088460524, 0.6808819646157909, 0.2703934171551657)
-t 2 -c 26.2144 -g 0.06504 -r 2 (80.5452865064695, 0.7781885397412199, 0.21832520322664722)
-t 2 -c 104.8576 -g 0.06504 -r 2 (79.22498019540534, 0.8310007921837866, 0.1937032903417071)
-t 2 -c 419.4304 -g 0.06504 -r 2 (78.40308951676789, 0.8638764193292844, 0.1792610041748067)
-t 2 -c 1677.7216 -g 0.06504 -r 2 (78.40308951676789, 0.8638764193292844, 0.1792610041748067)
