-t 3 -c 0.0001 -g 0.00102 -r 0 (76.00673356218643, 0.9597306575125429, nan)
-t 3 -c 0.0004 -g 0.00102 -r 0 (76.00673356218643, 0.9597306575125429, nan)
-t 3 -c 0.0016 -g 0.00102 -r 0 (76.00673356218643, 0.9597306575125429, nan)
-t 3 -c 0.0064 -g 0.00102 -r 0 (76.00673356218643, 0.9597306575125429, nan)
-t 3 -c 0.0256 -g 0.00102 -r 0 (76.00673356218643, 0.9597306575125429, nan)
-t 3 -c 0.1024 -g 0.00102 -r 0 (76.00673356218643, 0.9597306575125429, nan)
-t 3 -c 0.4096 -g 0.00102 -r 0 (76.00673356218643, 0.9597306575125429, nan)
-t 3 -c 1.6384 -g 0.00102 -r 0 (76.00673356218643, 0.9597306575125429, nan)
-t 3 -c 6.5536 -g 0.00102 -r 0 (82.66437813572749, 0.6934248745709004, 0.21431888643416153)
-t 3 -c 26.2144 -g 0.00102 -r 0 (84.28835489833641, 0.6284658040665434, 0.28624356755684044)
-t 3 -c 104.8576 -g 0.00102 -r 0 (84.5392130974386, 0.6184314761024557, 0.30586390247087686)
-t 3 -c 419.4304 -g 0.00102 -r 0 (84.46659625033007, 0.621336149986797, 0.3099990942284663)
-t 3 -c 1677.7216 -g 0.00102 -r 0 (84.13321890678637, 0.634671243728545, 0.30370463994065056)
-t 3 -c 0.0001 -g 0.00203 -r 0 (76.00673356218643, 0.9597306575125429, nan)
-t 3 -c 0.0004 -g 0.00203 -r 0 (76.00673356218643, 0.9597306575125429, nan)
-t 3 -c 0.0016 -g 0.00203 -r 0 (76.00673356218643, 0.9597306575125429, nan)
-t 3 -c 0.0064 -g 0.00203 -r 0 (76.00673356218643, 0.9597306575125429, nan)
-t 3 -c 0.0256 -g 0.00203 -r 0 (76.00673356218643, 0.9597306575125429, nan)
-t 3 -c 0.1024 -g 0.00203 -r 0 (76.00673356218643, 0.9597306575125429, nan)
-t 3 -c 0.4096 -g 0.00203 -r 0 (76.00673356218643, 0.9597306575125429, nan)
-t 3 -c 1.6384 -g 0.00203 -r 0 (77.10588856614734, 0.9157644573541062, 0.03425465166968089)
-t 3 -c 6.5536 -g 0.00203 -r 0 (83.90546606812781, 0.6437813572748877, 0.26468452762550565)
-t 3 -c 26.2144 -g 0.00203 -r 0 (84.43028782677581, 0.6227884869289675, 0.2967718312000383)
-t 3 -c 104.8576 -g 0.00203 -r 0 (84.5392130974386, 0.6184314761024557, 0.3094962201046874)
-t 3 -c 419.4304 -g 0.00203 -r 0 (84.3147610245577, 0.6274095590176921, 0.3078822097244105)
-t 3 -c 1677.7216 -g 0.00203 -r 0 (84.12661737523105, 0.6349353049907579, 0.30480402915331223)
-t 3 -c 0.0001 -g 0.00407 -r 0 (76.00673356218643, 0.9597306575125429, nan)
-t 3 -c 0.0004 -g 0.00407 -r 0 (76.00673356218643, 0.9597306575125429, nan)
-t 3 -c 0.0016 -g 0.00407 -r 0 (76.00673356218643, 0.9597306575125429, nan)
-t 3 -c 0.0064 -g 0.00407 -r 0 (76.00673356218643, 0.9597306575125429, nan)
-t 3 -c 0.0256 -g 0.00407 -r 0 (76.00673356218643, 0.9597306575125429, nan)
-t 3 -c 0.1024 -g 0.00407 -r 0 (76.00673356218643, 0.9597306575125429, nan)
-t 3 -c 0.4096 -g 0.00407 -r 0 (76.00673356218643, 0.9597306575125429, nan)
-t 3 -c 1.6384 -g 0.00407 -r 0 (82.65777660417217, 0.6936889358331133, 0.2140796453492774)
-t 3 -c 6.5536 -g 0.00407 -r 0 (84.29165566411407, 0.6283337734354371, 0.2863116469400771)
-t 3 -c 26.2144 -g 0.00407 -r 0 (84.5392130974386, 0.6184314761024557, 0.3057947059035858)
-t 3 -c 104.8576 -g 0.00407 -r 0 (84.43028782677581, 0.6227884869289675, 0.3085885043958608)
-t 3 -c 419.4304 -g 0.00407 -r 0 (84.10021124900977, 0.6359915500396092, 0.30328180956657663)
-t 3 -c 1677.7216 -g 0.00407 -r 0 (83.83945075257459, 0.6464219698970161, 0.2982954549286093)
-t 3 -c 0.0001 -g 0.00813 -r 0 (76.00673356218643, 0.9597306575125429, nan)
-t 3 -c 0.0004 -g 0.00813 -r 0 (76.00673356218643, 0.9597306575125429, nan)
-t 3 -c 0.0016 -g 0.00813 -r 0 (76.00673356218643, 0.9597306575125429, nan)
-t 3 -c 0.0064 -g 0.00813 -r 0 (76.00673356218643, 0.9597306575125429, nan)
-t 3 -c 0.0256 -g 0.00813 -r 0 (76.00673356218643, 0.9597306575125429, nan)
-t 3 -c 0.1024 -g 0.00813 -r 0 (76.00673356218643, 0.9597306575125429, nan)
-t 3 -c 0.4096 -g 0.00813 -r 0 (77.09928703459202, 0.916028518616319, 0.03409016400257844)
-t 3 -c 1.6384 -g 0.00813 -r 0 (83.90876683390546, 0.6436493266437814, 0.2647289109754641)
-t 3 -c 6.5536 -g 0.00813 -r 0 (84.43358859255348, 0.6226564562978611, 0.2970532862192349)
-t 3 -c 26.2144 -g 0.00813 -r 0 (84.57222075521521, 0.6171111697913916, 0.31081993415223896)
-t 3 -c 104.8576 -g 0.00813 -r 0 (84.21243728545022, 0.631502508581991, 0.30482737842776364)
-t 3 -c 419.4304 -g 0.00813 -r 0 (83.58199102191709, 0.6567203591233166, 0.2897487908743811)
-t 3 -c 1677.7216 -g 0.00813 -r 0 (80.40005281225244, 0.7839978875099023, 0.21275495184172552)
-t 3 -c 0.0001 -g 0.01626 -r 0 (76.00673356218643, 0.9597306575125429, nan)
-t 3 -c 0.0004 -g 0.01626 -r 0 (76.00673356218643, 0.9597306575125429, nan)
-t 3 -c 0.0016 -g 0.01626 -r 0 (76.00673356218643, 0.9597306575125429, nan)
-t 3 -c 0.0064 -g 0.01626 -r 0 (76.00673356218643, 0.9597306575125429, nan)
-t 3 -c 0.0256 -g 0.01626 -r 0 (76.00673356218643, 0.9597306575125429, nan)
-t 3 -c 0.1024 -g 0.01626 -r 0 (76.00673356218643, 0.9597306575125429, nan)
-t 3 -c 0.4096 -g 0.01626 -r 0 (82.571956693953, 0.6971217322418801, 0.21099948201368376)
-t 3 -c 1.6384 -g 0.01626 -r 0 (84.31806179033536, 0.6272775283865857, 0.28691433086963025)
-t 3 -c 6.5536 -g 0.01626 -r 0 (84.55241616054924, 0.6179033535780301, 0.3067448816261034)
-t 3 -c 26.2144 -g 0.01626 -r 0 (84.32136255611302, 0.6271454977554792, 0.3077750854776265)
-t 3 -c 104.8576 -g 0.01626 -r 0 (82.57855822550832, 0.6968576709796673, 0.2686712901750721)
-t 3 -c 419.4304 -g 0.01626 -r 0 (79.27119091629258, 0.8291523633482968, 0.18339889934576817)
-t 3 -c 1677.7216 -g 0.01626 -r 0 (78.44599947187747, 0.862160021124901, 0.17167833792237766)
-t 3 -c 0.0001 -g 0.03252 -r 0 (76.00673356218643, 0.9597306575125429, nan)
-t 3 -c 0.0004 -g 0.03252 -r 0 (76.00673356218643, 0.9597306575125429, nan)
-t 3 -c 0.0016 -g 0.03252 -r 0 (76.00673356218643, 0.9597306575125429, nan)
-t 3 -c 0.0064 -g 0.03252 -r 0 (76.00673356218643, 0.9597306575125429, nan)
-t 3 -c 0.0256 -g 0.03252 -r 0 (76.00673356218643, 0.9597306575125429, nan)
-t 3 -c 0.1024 -g 0.03252 -r 0 (76.6767890150515, 0.9329284393979403, 0.020955115626566774)
-t 3 -c 0.4096 -g 0.03252 -r 0 (83.89226300501717, 0.6443094797993134, 0.2631640806072)
-t 3 -c 1.6384 -g 0.03252 -r 0 (84.38737787166623, 0.6245048851333509, 0.29566891918536037)
-t 3 -c 6.5536 -g 0.03252 -r 0 (84.05400052812253, 0.637839978875099, 0.29516674803162435)
-t 3 -c 26.2144 -g 0.03252 -r 0 (80.04357010826511, 0.7982571956693953, 0.20698856285253003)
-t 3 -c 104.8576 -g 0.03252 -r 0 (78.57803010298389, 0.8568787958806443, 0.16779321581281656)
-t 3 -c 419.4304 -g 0.03252 -r 0 (78.50541325587537, 0.8597834697649854, 0.16678973814842038)
-t 3 -c 1677.7216 -g 0.03252 -r 0 (78.04990757855822, 0.878003696857671, 0.15900080602788422)
-t 3 -c 0.0001 -g 0.06504 -r 0 (76.00673356218643, 0.9597306575125429, nan)
-t 3 -c 0.0004 -g 0.06504 -r 0 (76.00673356218643, 0.9597306575125429, nan)
-t 3 -c 0.0016 -g 0.06504 -r 0 (76.00673356218643, 0.9597306575125429, nan)
-t 3 -c 0.0064 -g 0.06504 -r 0 (76.00673356218643, 0.9597306575125429, nan)
-t 3 -c 0.0256 -g 0.06504 -r 0 (76.00673356218643, 0.9597306575125429, nan)
-t 3 -c 0.1024 -g 0.06504 -r 0 (80.70702402957487, 0.7717190388170055, 0.14747627143490413)
-t 3 -c 0.4096 -g 0.06504 -r 0 (84.02759440190124, 0.6388962239239504, 0.2729180079221367)
-t 3 -c 1.6384 -g 0.06504 -r 0 (82.80961182994454, 0.6876155268022182, 0.26265680507730316)
-t 3 -c 6.5536 -g 0.06504 -r 0 (79.14906258251915, 0.8340374966992342, 0.17390780380234297)
-t 3 -c 26.2144 -g 0.06504 -r 0 (77.7264325323475, 0.8909426987060998, 0.15662995657693815)
-t 3 -c 104.8576 -g 0.06504 -r 0 (77.44916820702403, 0.9020332717190388, 0.14978067161039835)
-t 3 -c 419.4304 -g 0.06504 -r 0 (77.59440190124108, 0.8962239239503564, 0.14786886270729419)
-t 3 -c 1677.7216 -g 0.06504 -r 0 (77.42276208080274, 0.9030895167678902, 0.15140136408056248)
-t 3 -c 0.0001 -g 0.00102 -r 1 (76.00673356218643, 0.9597306575125429, nan)
-t 3 -c 0.0004 -g 0.00102 -r 1 (76.00673356218643, 0.9597306575125429, nan)
-t 3 -c 0.0016 -g 0.00102 -r 1 (76.00673356218643, 0.9597306575125429, nan)
-t 3 -c 0.0064 -g 0.00102 -r 1 (76.00673356218643, 0.9597306575125429, nan)
-t 3 -c 0.0256 -g 0.00102 -r 1 (76.00673356218643, 0.9597306575125429, nan)
-t 3 -c 0.1024 -g 0.00102 -r 1 (76.00673356218643, 0.9597306575125429, nan)
-t 3 -c 0.4096 -g 0.00102 -r 1 (76.00673356218643, 0.9597306575125429, nan)
-t 3 -c 1.6384 -g 0.00102 -r 1 (76.00673356218643, 0.9597306575125429, nan)
-t 3 -c 6.5536 -g 0.00102 -r 1 (76.07935040929496, 0.9568259836282017, 0.002243686307131447)
-t 3 -c 26.2144 -g 0.00102 -r 1 (83.64470557169263, 0.6542117771322947, 0.25350995702632817)
-t 3 -c 104.8576 -g 0.00102 -r 1 (84.44679165566411, 0.6221283337734355, 0.29658020904363325)
-t 3 -c 419.4304 -g 0.00102 -r 1 (84.5821230525482, 0.6167150778980723, 0.3099597853136059)
-t 3 -c 1677.7216 -g 0.00102 -r 1 (84.2487457090045, 0.6300501716398205, 0.3069128013232662)
-t 3 -c 0.0001 -g 0.00203 -r 1 (76.00673356218643, 0.9597306575125429, nan)
-t 3 -c 0.0004 -g 0.00203 -r 1 (76.00673356218643, 0.9597306575125429, nan)
-t 3 -c 0.0016 -g 0.00203 -r 1 (76.00673356218643, 0.9597306575125429, nan)
-t 3 -c 0.0064 -g 0.00203 -r 1 (76.00673356218643, 0.9597306575125429, nan)
-t 3 -c 0.0256 -g 0.00203 -r 1 (76.00673356218643, 0.9597306575125429, nan)
-t 3 -c 0.1024 -g 0.00203 -r 1 (76.00673356218643, 0.9597306575125429, nan)
-t 3 -c 0.4096 -g 0.00203 -r 1 (76.00673356218643, 0.9597306575125429, nan)
-t 3 -c 1.6384 -g 0.00203 -r 1 (76.00673356218643, 0.9597306575125429, nan)
-t 3 -c 6.5536 -g 0.00203 -r 1 (81.73686295220492, 0.7305254819118036, 0.18177450322712296)
-t 3 -c 26.2144 -g 0.00203 -r 1 (84.22894111433853, 0.630842355426459, 0.28227066202724777)
-t 3 -c 104.8576 -g 0.00203 -r 1 (84.54251386321627, 0.6182994454713494, 0.3061272375561705)
-t 3 -c 419.4304 -g 0.00203 -r 1 (84.38737787166623, 0.6245048851333509, 0.308737758867102)
-t 3 -c 1677.7216 -g 0.00203 -r 1 (83.43345656192237, 0.6626617375231053, 0.2896051565898477)
-t 3 -c 0.0001 -g 0.00407 -r 1 (76.00673356218643, 0.9597306575125429, nan)
-t 3 -c 0.0004 -g 0.00407 -r 1 (76.00673356218643, 0.9597306575125429, nan)
-t 3 -c 0.0016 -g 0.00407 -r 1 (76.00673356218643, 0.9597306575125429, nan)
-t 3 -c 0.0064 -g 0.00407 -r 1 (76.00673356218643, 0.9597306575125429, nan)
-t 3 -c 0.0256 -g 0.00407 -r 1 (76.00673356218643, 0.9597306575125429, nan)
-t 3 -c 0.1024 -g 0.00407 -r 1 (76.00673356218643, 0.9597306575125429, nan)
-t 3 -c 0.4096 -g 0.00407 -r 1 (76.00673356218643, 0.9597306575125429, nan)
-t 3 -c 1.6384 -g 0.00407 -r 1 (76.01003432796409, 0.9595986268814365, 0.00010456629859574777)
-t 3 -c 6.5536 -g 0.00407 -r 1 (83.59189331925006, 0.6563242672299974, 0.2509407595692218)
-t 3 -c 26.2144 -g 0.00407 -r 1 (84.42038552944283, 0.6231845788222867, 0.29555868866957385)
-t 3 -c 104.8576 -g 0.00407 -r 1 (84.48310007921837, 0.6206759968312648, 0.30650277342473525)
-t 3 -c 419.4304 -g 0.00407 -r 1 (83.64470557169263, 0.6542117771322947, 0.2890006962784825)
-t 3 -c 1677.7216 -g 0.00407 -r 1 (79.65077898072353, 0.8139688407710589, 0.1888185572521574)
-t 3 -c 0.0001 -g 0.00813 -r 1 (76.00673356218643, 0.9597306575125429, nan)
-t 3 -c 0.0004 -g 0.00813 -r 1 (76.00673356218643, 0.9597306575125429, nan)
-t 3 -c 0.0016 -g 0.00813 -r 1 (76.00673356218643, 0.9597306575125429, nan)
-t 3 -c 0.0064 -g 0.00813 -r 1 (76.00673356218643, 0.9597306575125429, nan)
-t 3 -c 0.0256 -g 0.00813 -r 1 (76.00673356218643, 0.9597306575125429, nan)
-t 3 -c 0.1024 -g 0.00813 -r 1 (76.00673356218643, 0.9597306575125429, nan)
-t 3 -c 0.4096 -g 0.00813 -r 1 (76.00673356218643, 0.9597306575125429, nan)
-t 3 -c 1.6384 -g 0.00813 -r 1 (81.0371006073409, 0.7585159757063639, 0.15846152288302304)
-t 3 -c 6.5536 -g 0.00813 -r 1 (84.16952733034064, 0.6332189067863745, 0.2782404812679585)
-t 3 -c 26.2144 -g 0.00813 -r 1 (84.46329548455242, 0.6214681806179033, 0.30231311398418814)
-t 3 -c 104.8576 -g 0.00813 -r 1 (83.67771322946923, 0.6528914708212306, 0.2904231900211017)
-t 3 -c 419.4304 -g 0.00813 -r 1 (79.07314496963295, 0.8370742012146818, 0.18670429764744972)
-t 3 -c 1677.7216 -g 0.00813 -r 1 (78.21494586744124, 0.8714021653023502, 0.15996407519379913)
-t 3 -c 0.0001 -g 0.01626 -r 1 (76.00673356218643, 0.9597306575125429, nan)
-t 3 -c 0.0004 -g 0.01626 -r 1 (76.00673356218643, 0.9597306575125429, nan)
-t 3 -c 0.0016 -g 0.01626 -r 1 (76.00673356218643, 0.9597306575125429, nan)
-t 3 -c 0.0064 -g 0.01626 -r 1 (76.00673356218643, 0.9597306575125429, nan)
-t 3 -c 0.0256 -g 0.01626 -r 1 (76.00673356218643, 0.9597306575125429, nan)
-t 3 -c 0.1024 -g 0.01626 -r 1 (76.00673356218643, 0.9597306575125429, nan)
-t 3 -c 0.4096 -g 0.01626 -r 1 (76.00673356218643, 0.9597306575125429, nan)
-t 3 -c 1.6384 -g 0.01626 -r 1 (83.5225772379192, 0.6590969104832322, 0.24691019159115193)
-t 3 -c 6.5536 -g 0.01626 -r 1 (84.38407710588857, 0.6246369157644573, 0.2925629699154142)
-t 3 -c 26.2144 -g 0.01626 -r 1 (83.7635331396884, 0.6494586744124637, 0.2885630563718093)
-t 3 -c 104.8576 -g 0.01626 -r 1 (79.36361235806707, 0.8254555056773172, 0.17778245649824737)
-t 3 -c 419.4304 -g 0.01626 -r 1 (78.35027726432533, 0.865988909426987, 0.17544860987519575)
-t 3 -c 1677.7216 -g 0.01626 -r 1 (77.95418537100608, 0.881832585159757, 0.15739064791711624)
-t 3 -c 0.0001 -g 0.03252 -r 1 (76.00673356218643, 0.9597306575125429, nan)
-t 3 -c 0.0004 -g 0.03252 -r 1 (76.00673356218643, 0.9597306575125429, nan)
-t 3 -c 0.0016 -g 0.03252 -r 1 (76.00673356218643, 0.9597306575125429, nan)
-t 3 -c 0.0064 -g 0.03252 -r 1 (76.00673356218643, 0.9597306575125429, nan)
-t 3 -c 0.0256 -g 0.03252 -r 1 (76.00673356218643, 0.9597306575125429, nan)
-t 3 -c 0.1024 -g 0.03252 -r 1 (76.00673356218643, 0.9597306575125429, nan)
-t 3 -c 0.4096 -g 0.03252 -r 1 (77.72973329812517, 0.8908106680749934, 0.053695030575581955)
-t 3 -c 1.6384 -g 0.03252 -r 1 (83.97808291523633, 0.6408766833905466, 0.26763185206653767)
-t 3 -c 6.5536 -g 0.03252 -r 1 (83.75033007657777, 0.6499867969368893, 0.280178939986813)
-t 3 -c 26.2144 -g 0.03252 -r 1 (79.51874834961711, 0.8192500660153156, 0.17899477930798222)
-t 3 -c 104.8576 -g 0.03252 -r 1 (77.91457618167415, 0.8834169527330341, 0.15135024747517842)
-t 3 -c 419.4304 -g 0.03252 -r 1 (76.19817797729073, 0.9520728809083707, 0.12751205175263217)
-t 3 -c 1677.7216 -g 0.03252 -r 1 (77.49207816213361, 0.9003168735146554, 0.14640313729682625)
-t 3 -c 0.0001 -g 0.06504 -r 1 (76.00673356218643, 0.9597306575125429, nan)
-t 3 -c 0.0004 -g 0.06504 -r 1 (76.00673356218643, 0.9597306575125429, nan)
-t 3 -c 0.0016 -g 0.06504 -r 1 (76.00673356218643, 0.9597306575125429, nan)
-t 3 -c 0.0064 -g 0.06504 -r 1 (76.00673356218643, 0.9597306575125429, nan)
-t 3 -c 0.0256 -g 0.06504 -r 1 (76.00673356218643, 0.9597306575125429, nan)
-t 3 -c 0.1024 -g 0.06504 -r 1 (76.00673356218643, 0.9597306575125429, nan)
-t 3 -c 0.4096 -g 0.06504 -r 1 (79.32400316873515, 0.8270398732505941, 0.10246000706273105)
-t 3 -c 1.6384 -g 0.06504 -r 1 (83.28162133614998, 0.6687351465540006, 0.24528434287394146)
-t 3 -c 6.5536 -g 0.06504 -r 1 (78.23144969632955, 0.870742012146818, 0.16174626244834858)
-t 3 -c 26.2144 -g 0.06504 -r 1 (77.90467388434116, 0.8838130446263534, 0.1486971032213091)
-t 3 -c 104.8576 -g 0.06504 -r 1 (76.46223923950356, 0.9415104304198574, 0.13475085606048656)
-t 3 -c 419.4304 -g 0.06504 -r 1 (77.5844996039081, 0.8966200158436757, 0.14166744881529258)
-t 3 -c 1677.7216 -g 0.06504 -r 1 (77.35344599947187, 0.9058621600211249, 0.13881417859590395)
-t 3 -c 0.0001 -g 0.00102 -r 2 (76.00673356218643, 0.9597306575125429, nan)
-t 3 -c 0.0004 -g 0.00102 -r 2 (76.00673356218643, 0.9597306575125429, nan)
-t 3 -c 0.0016 -g 0.00102 -r 2 (76.00673356218643, 0.9597306575125429, nan)
-t 3 -c 0.0064 -g 0.00102 -r 2 (76.00673356218643, 0.9597306575125429, nan)
-t 3 -c 0.0256 -g 0.00102 -r 2 (76.00673356218643, 0.9597306575125429, nan)
-t 3 -c 0.1024 -g 0.00102 -r 2 (76.00673356218643, 0.9597306575125429, nan)
-t 3 -c 0.4096 -g 0.00102 -r 2 (76.00673356218643, 0.9597306575125429, nan)
-t 3 -c 1.6384 -g 0.00102 -r 2 (76.00673356218643, 0.9597306575125429, nan)
-t 3 -c 6.5536 -g 0.00102 -r 2 (76.00673356218643, 0.9597306575125429, nan)
-t 3 -c 26.2144 -g 0.00102 -r 2 (76.00673356218643, 0.9597306575125429, nan)
-t 3 -c 104.8576 -g 0.00102 -r 2 (82.96804858727225, 0.6812780565091101, 0.22548817591506762)
-t 3 -c 419.4304 -g 0.00102 -r 2 (84.39397940322155, 0.6242408238711381, 0.29243200669506475)
-t 3 -c 1677.7216 -g 0.00102 -r 2 (84.51610773699498, 0.6193556905202007, 0.30558255767826525)
-t 3 -c 0.0001 -g 0.00203 -r 2 (76.00673356218643, 0.9597306575125429, nan)
-t 3 -c 0.0004 -g 0.00203 -r 2 (76.00673356218643, 0.9597306575125429, nan)
-t 3 -c 0.0016 -g 0.00203 -r 2 (76.00673356218643, 0.9597306575125429, nan)
-t 3 -c 0.0064 -g 0.00203 -r 2 (76.00673356218643, 0.9597306575125429, nan)
-t 3 -c 0.0256 -g 0.00203 -r 2 (76.00673356218643, 0.9597306575125429, nan)
-t 3 -c 0.1024 -g 0.00203 -r 2 (76.00673356218643, 0.9597306575125429, nan)
-t 3 -c 0.4096 -g 0.00203 -r 2 (76.00673356218643, 0.9597306575125429, nan)
-t 3 -c 1.6384 -g 0.00203 -r 2 (76.00673356218643, 0.9597306575125429, nan)
-t 3 -c 6.5536 -g 0.00203 -r 2 (76.00673356218643, 0.9597306575125429, nan)
-t 3 -c 26.2144 -g 0.00203 -r 2 (77.74623712701347, 0.8901505149194613, 0.054064713002209115)
-t 3 -c 104.8576 -g 0.00203 -r 2 (84.01769210456825, 0.6392923158172696, 0.2700083426518137)
-t 3 -c 419.4304 -g 0.00203 -r 2 (84.4566939529971, 0.6217322418801162, 0.29995208639623233)
-t 3 -c 1677.7216 -g 0.00203 -r 2 (84.4566939529971, 0.6217322418801162, 0.30815167001000554)
-t 3 -c 0.0001 -g 0.00407 -r 2 (76.00673356218643, 0.9597306575125429, nan)
-t 3 -c 0.0004 -g 0.00407 -r 2 (76.00673356218643, 0.9597306575125429, nan)
-t 3 -c 0.0016 -g 0.00407 -r 2 (76.00673356218643, 0.9597306575125429, nan)
-t 3 -c 0.0064 -g 0.00407 -r 2 (76.00673356218643, 0.9597306575125429, nan)
-t 3 -c 0.0256 -g 0.00407 -r 2 (76.00673356218643, 0.9597306575125429, nan)
-t 3 -c 0.1024 -g 0.00407 -r 2 (76.00673356218643, 0.9597306575125429, nan)
-t 3 -c 0.4096 -g 0.00407 -r 2 (76.00673356218643, 0.9597306575125429, nan)
-t 3 -c 1.6384 -g 0.00407 -r 2 (76.00673356218643, 0.9597306575125429, nan)
-t 3 -c 6.5536 -g 0.00407 -r 2 (76.00673356218643, 0.9597306575125429, nan)
-t 3 -c 26.2144 -g 0.00407 -r 2 (82.88222867705308, 0.6847108529178769, 0.22227274936522667)
-t 3 -c 104.8576 -g 0.00407 -r 2 (84.40058093477687, 0.6239767626089253, 0.29138274240790835)
-t 3 -c 419.4304 -g 0.00407 -r 2 (84.47979931344072, 0.6208080274623713, 0.3052332970724651)
-t 3 -c 1677.7216 -g 0.00407 -r 2 (83.7305254819118, 0.6507789807235279, 0.28878069350318486)
-t 3 -c 0.0001 -g 0.00813 -r 2 (76.00673356218643, 0.9597306575125429, nan)
-t 3 -c 0.0004 -g 0.00813 -r 2 (76.00673356218643, 0.9597306575125429, nan)
-t 3 -c 0.0016 -g 0.00813 -r 2 (76.00673356218643, 0.9597306575125429, nan)
-t 3 -c 0.0064 -g 0.00813 -r 2 (76.00673356218643, 0.9597306575125429, nan)
-t 3 -c 0.0256 -g 0.00813 -r 2 (76.00673356218643, 0.9597306575125429, nan)
-t 3 -c 0.1024 -g 0.00813 -r 2 (76.00673356218643, 0.9597306575125429, nan)
-t 3 -c 0.4096 -g 0.00813 -r 2 (76.00673356218643, 0.9597306575125429, nan)
-t 3 -c 1.6384 -g 0.00813 -r 2 (76.00673356218643, 0.9597306575125429, nan)
-t 3 -c 6.5536 -g 0.00813 -r 2 (77.0596778452601, 0.917612886189596, 0.03291051462443959)
-t 3 -c 26.2144 -g 0.00813 -r 2 (83.95827832057037, 0.6416688671771851, 0.26660960086544944)
-t 3 -c 104.8576 -g 0.00813 -r 2 (84.43028782677581, 0.6227884869289675, 0.2978216309526182)
-t 3 -c 419.4304 -g 0.00813 -r 2 (83.93847372590442, 0.6424610509638236, 0.2946380738503096)
-t 3 -c 1677.7216 -g 0.00813 -r 2 (80.30102983892263, 0.7879588064430948, 0.20964782114539024)
-t 3 -c 0.0001 -g 0.01626 -r 2 (76.00673356218643, 0.9597306575125429, nan)
-t 3 -c 0.0004 -g 0.01626 -r 2 (76.00673356218643, 0.9597306575125429, nan)
-t 3 -c 0.0016 -g 0.01626 -r 2 (76.00673356218643, 0.9597306575125429, nan)
-t 3 -c 0.0064 -g 0.01626 -r 2 (76.00673356218643, 0.9597306575125429, nan)
-t 3 -c 0.0256 -g 0.01626 -r 2 (76.00673356218643, 0.9597306575125429, nan)
-t 3 -c 0.1024 -g 0.01626 -r 2 (76.00673356218643, 0.9597306575125429, nan)
-t 3 -c 0.4096 -g 0.01626 -r 2 (76.00673356218643, 0.9597306575125429, nan)
-t 3 -c 1.6384 -g 0.01626 -r 2 (76.00673356218643, 0.9597306575125429, nan)
-t 3 -c 6.5536 -g 0.01626 -r 2 (82.09334565619224, 0.7162661737523105, 0.19394367998614592)
-t 3 -c 26.2144 -g 0.01626 -r 2 (84.30485872722471, 0.6278056509110114, 0.28554045111417853)
-t 3 -c 104.8576 -g 0.01626 -r 2 (84.07050435701083, 0.637179825719567, 0.29476005371208885)
-t 3 -c 419.4304 -g 0.01626 -r 2 (79.75970425138632, 0.8096118299445472, 0.1848210597218687)
-t 3 -c 1677.7216 -g 0.01626 -r 2 (78.1522313176657, 0.873910747293372, 0.15762354587152208)
-t 3 -c 0.0001 -g 0.03252 -r 2 (76.00673356218643, 0.9597306575125429, nan)
-t 3 -c 0.0004 -g 0.03252 -r 2 (76.00673356218643, 0.9597306575125429, nan)
-t 3 -c 0.0016 -g 0.03252 -r 2 (76.00673356218643, 0.9597306575125429, nan)
-t 3 -c 0.0064 -g 0.03252 -r 2 (76.00673356218643, 0.9597306575125429, nan)
-t 3 -c 0.0256 -g 0.03252 -r 2 (76.00673356218643, 0.9597306575125429, nan)
-t 3 -c 0.1024 -g 0.03252 -r 2 (76.00673356218643, 0.9597306575125429, nan)
-t 3 -c 0.4096 -g 0.03252 -r 2 (76.00673356218643, 0.9597306575125429, nan)
-t 3 -c 1.6384 -g 0.03252 -r 2 (76.00673356218643, 0.9597306575125429, nan)
-t 3 -c 6.5536 -g 0.03252 -r 2 (83.43675732770002, 0.662529706891999, 0.2437278084190265)
-t 3 -c 26.2144 -g 0.03252 -r 2 (83.97148138368101, 0.6411407446527594, 0.2780527105749368)
-t 3 -c 104.8576 -g 0.03252 -r 2 (79.44943226828624, 0.8220227092685503, 0.19108932018665387)
-t 3 -c 419.4304 -g 0.03252 -r 2 (76.63717982571957, 0.9345128069712173, 0.13646115821580843)
-t 3 -c 1677.7216 -g 0.03252 -r 2 (77.61750726168471, 0.8952997095326116, 0.14709301340248787)
-t 3 -c 0.0001 -g 0.06504 -r 2 (76.00673356218643, 0.9597306575125429, nan)
-t 3 -c 0.0004 -g 0.06504 -r 2 (76.00673356218643, 0.9597306575125429, nan)
-t 3 -c 0.0016 -g 0.06504 -r 2 (76.00673356218643, 0.9597306575125429, nan)
-t 3 -c 0.0064 -g 0.06504 -r 2 (76.00673356218643, 0.9597306575125429, nan)
-t 3 -c 0.0256 -g 0.06504 -r 2 (76.00673356218643, 0.9597306575125429, nan)
-t 3 -c 0.1024 -g 0.06504 -r 2 (76.00673356218643, 0.9597306575125429, nan)
-t 3 -c 0.4096 -g 0.06504 -r 2 (76.00673356218643, 0.9597306575125429, nan)
-t 3 -c 1.6384 -g 0.06504 -r 2 (76.03974121996303, 0.9584103512014788, 0.0009950904516044198)
-t 3 -c 6.5536 -g 0.06504 -r 2 (82.79310800105624, 0.6882756799577502, 0.22299173665437388)
-t 3 -c 26.2144 -g 0.06504 -r 2 (80.29442830736731, 0.7882228677053076, 0.19742088024888968)
-t 3 -c 104.8576 -g 0.06504 -r 2 (75.16833905466068, 0.9932664378135727, 0.11107367416128525)
-t 3 -c 419.4304 -g 0.06504 -r 2 (77.45576973857935, 0.901769210456826, 0.1386586119469576)
-t 3 -c 1677.7216 -g 0.06504 -r 2 (76.19817797729073, 0.9520728809083707, 0.1292292989803605)
