0.001 constant (100, 20) logistic lbfgs
             precision    recall  f1-score   support

       -1.0       0.85      0.86      0.85      1044
        1.0       0.87      0.86      0.86      1131

avg / total       0.86      0.86      0.86      2175

0.001 constant (200, 50) logistic lbfgs
             precision    recall  f1-score   support

       -1.0       0.86      0.88      0.87      1044
        1.0       0.89      0.87      0.88      1131

avg / total       0.87      0.87      0.87      2175

0.001 constant (100, 200, 30) logistic lbfgs
             precision    recall  f1-score   support

       -1.0       0.87      0.86      0.86      1044
        1.0       0.87      0.88      0.87      1131

avg / total       0.87      0.87      0.87      2175

0.001 constant (100, 300, 40) logistic lbfgs
             precision    recall  f1-score   support

       -1.0       0.86      0.89      0.88      1044
        1.0       0.90      0.87      0.88      1131

avg / total       0.88      0.88      0.88      2175

0.001 constant (100, 20) logistic sgd
             precision    recall  f1-score   support

       -1.0       0.83      0.02      0.04      1044
        1.0       0.52      1.00      0.69      1131

avg / total       0.67      0.53      0.38      2175

0.001 constant (200, 50) logistic sgd
             precision    recall  f1-score   support

       -1.0       0.00      0.00      0.00      1044
        1.0       0.52      1.00      0.68      1131

avg / total       0.27      0.52      0.36      2175

0.001 constant (100, 200, 30) logistic sgd
             precision    recall  f1-score   support

       -1.0       0.00      0.00      0.00      1044
        1.0       0.52      1.00      0.68      1131

avg / total       0.27      0.52      0.36      2175

0.001 constant (100, 300, 40) logistic sgd
             precision    recall  f1-score   support

       -1.0       0.00      0.00      0.00      1044
        1.0       0.52      1.00      0.68      1131

avg / total       0.27      0.52      0.36      2175

0.001 constant (100, 20) logistic adam
             precision    recall  f1-score   support

       -1.0       0.86      0.83      0.84      1044
        1.0       0.85      0.87      0.86      1131

avg / total       0.85      0.85      0.85      2175

0.001 constant (200, 50) logistic adam
             precision    recall  f1-score   support

       -1.0       0.81      0.90      0.85      1044
        1.0       0.90      0.80      0.85      1131

avg / total       0.85      0.85      0.85      2175

0.001 constant (100, 200, 30) logistic adam
             precision    recall  f1-score   support

       -1.0       0.85      0.84      0.85      1044
        1.0       0.85      0.87      0.86      1131

avg / total       0.85      0.85      0.85      2175

0.001 constant (100, 300, 40) logistic adam
             precision    recall  f1-score   support

       -1.0       0.84      0.85      0.85      1044
        1.0       0.86      0.85      0.86      1131

avg / total       0.85      0.85      0.85      2175

0.001 constant (100, 20) tanh lbfgs
             precision    recall  f1-score   support

       -1.0       0.86      0.88      0.87      1044
        1.0       0.89      0.87      0.88      1131

avg / total       0.87      0.87      0.87      2175

0.001 constant (200, 50) tanh lbfgs
             precision    recall  f1-score   support

       -1.0       0.87      0.88      0.87      1044
        1.0       0.89      0.87      0.88      1131

avg / total       0.88      0.88      0.88      2175

0.001 constant (100, 200, 30) tanh lbfgs
             precision    recall  f1-score   support

       -1.0       0.86      0.89      0.87      1044
        1.0       0.89      0.86      0.88      1131

avg / total       0.88      0.87      0.87      2175

0.001 constant (100, 300, 40) tanh lbfgs
             precision    recall  f1-score   support

       -1.0       0.87      0.88      0.88      1044
        1.0       0.89      0.88      0.88      1131

avg / total       0.88      0.88      0.88      2175

0.001 constant (100, 20) tanh sgd
             precision    recall  f1-score   support

       -1.0       0.85      0.85      0.85      1044
        1.0       0.87      0.86      0.86      1131

avg / total       0.86      0.86      0.86      2175

0.001 constant (200, 50) tanh sgd
             precision    recall  f1-score   support

       -1.0       0.86      0.86      0.86      1044
        1.0       0.87      0.87      0.87      1131

avg / total       0.86      0.86      0.86      2175

0.001 constant (100, 200, 30) tanh sgd
             precision    recall  f1-score   support

       -1.0       0.85      0.87      0.86      1044
        1.0       0.88      0.86      0.87      1131

avg / total       0.87      0.87      0.87      2175

0.001 constant (100, 300, 40) tanh sgd
             precision    recall  f1-score   support

       -1.0       0.85      0.87      0.86      1044
        1.0       0.88      0.86      0.87      1131

avg / total       0.86      0.86      0.86      2175

0.001 constant (100, 20) tanh adam
             precision    recall  f1-score   support

       -1.0       0.87      0.91      0.89      1044
        1.0       0.91      0.87      0.89      1131

avg / total       0.89      0.89      0.89      2175

0.001 constant (200, 50) tanh adam
             precision    recall  f1-score   support

       -1.0       0.85      0.90      0.88      1044
        1.0       0.90      0.86      0.88      1131

avg / total       0.88      0.88      0.88      2175

0.001 constant (100, 200, 30) tanh adam
             precision    recall  f1-score   support

       -1.0       0.83      0.93      0.87      1044
        1.0       0.92      0.82      0.87      1131

avg / total       0.88      0.87      0.87      2175

0.001 constant (100, 300, 40) tanh adam
             precision    recall  f1-score   support

       -1.0       0.89      0.84      0.86      1044
        1.0       0.86      0.90      0.88      1131

avg / total       0.87      0.87      0.87      2175

0.001 constant (100, 20) relu lbfgs
             precision    recall  f1-score   support

       -1.0       0.86      0.88      0.87      1044
        1.0       0.89      0.87      0.88      1131

avg / total       0.87      0.87      0.87      2175

0.001 constant (200, 50) relu lbfgs
             precision    recall  f1-score   support

       -1.0       0.86      0.88      0.87      1044
        1.0       0.89      0.87      0.88      1131

avg / total       0.88      0.88      0.88      2175

0.001 constant (100, 200, 30) relu lbfgs
             precision    recall  f1-score   support

       -1.0       0.85      0.87      0.86      1044
        1.0       0.88      0.86      0.87      1131

avg / total       0.87      0.87      0.87      2175

0.001 constant (100, 300, 40) relu lbfgs
             precision    recall  f1-score   support

       -1.0       0.86      0.87      0.86      1044
        1.0       0.88      0.87      0.87      1131

avg / total       0.87      0.87      0.87      2175

0.001 constant (100, 20) relu sgd
             precision    recall  f1-score   support

       -1.0       0.85      0.86      0.85      1044
        1.0       0.87      0.87      0.87      1131

avg / total       0.86      0.86      0.86      2175

0.001 constant (200, 50) relu sgd
             precision    recall  f1-score   support

       -1.0       0.85      0.85      0.85      1044
        1.0       0.86      0.86      0.86      1131

avg / total       0.86      0.86      0.86      2175

0.001 constant (100, 200, 30) relu sgd
             precision    recall  f1-score   support

       -1.0       0.87      0.83      0.85      1044
        1.0       0.85      0.88      0.86      1131

avg / total       0.86      0.86      0.86      2175

0.001 constant (100, 300, 40) relu sgd
             precision    recall  f1-score   support

       -1.0       0.85      0.88      0.87      1044
        1.0       0.89      0.86      0.87      1131

avg / total       0.87      0.87      0.87      2175

0.001 constant (100, 20) relu adam
             precision    recall  f1-score   support

       -1.0       0.86      0.90      0.88      1044
        1.0       0.90      0.86      0.88      1131

avg / total       0.88      0.88      0.88      2175

0.001 constant (200, 50) relu adam
             precision    recall  f1-score   support

       -1.0       0.87      0.89      0.88      1044
        1.0       0.89      0.88      0.89      1131

avg / total       0.88      0.88      0.88      2175

0.001 constant (100, 200, 30) relu adam
             precision    recall  f1-score   support

       -1.0       0.86      0.87      0.87      1044
        1.0       0.88      0.87      0.88      1131

avg / total       0.87      0.87      0.87      2175

0.001 constant (100, 300, 40) relu adam
             precision    recall  f1-score   support

       -1.0       0.86      0.89      0.88      1044
        1.0       0.89      0.87      0.88      1131

avg / total       0.88      0.88      0.88      2175

0.001 adaptive (100, 20) logistic lbfgs
             precision    recall  f1-score   support

       -1.0       0.85      0.86      0.85      1044
        1.0       0.87      0.86      0.86      1131

avg / total       0.86      0.86      0.86      2175

0.001 adaptive (200, 50) logistic lbfgs
             precision    recall  f1-score   support

       -1.0       0.86      0.88      0.87      1044
        1.0       0.89      0.87      0.88      1131

avg / total       0.87      0.87      0.87      2175

0.001 adaptive (100, 200, 30) logistic lbfgs
             precision    recall  f1-score   support

       -1.0       0.87      0.86      0.86      1044
        1.0       0.87      0.88      0.87      1131

avg / total       0.87      0.87      0.87      2175

0.001 adaptive (100, 300, 40) logistic lbfgs
             precision    recall  f1-score   support

       -1.0       0.86      0.89      0.88      1044
        1.0       0.90      0.87      0.88      1131

avg / total       0.88      0.88      0.88      2175

0.001 adaptive (100, 20) logistic sgd
             precision    recall  f1-score   support

       -1.0       0.86      0.01      0.01      1044
        1.0       0.52      1.00      0.69      1131

avg / total       0.68      0.52      0.36      2175

0.001 adaptive (200, 50) logistic sgd
             precision    recall  f1-score   support

       -1.0       0.00      0.00      0.00      1044
        1.0       0.52      1.00      0.68      1131

avg / total       0.27      0.52      0.36      2175

0.001 adaptive (100, 200, 30) logistic sgd
             precision    recall  f1-score   support

       -1.0       0.00      0.00      0.00      1044
        1.0       0.52      1.00      0.68      1131

avg / total       0.27      0.52      0.36      2175

0.001 adaptive (100, 300, 40) logistic sgd
             precision    recall  f1-score   support

       -1.0       0.00      0.00      0.00      1044
        1.0       0.52      1.00      0.68      1131

avg / total       0.27      0.52      0.36      2175

0.001 adaptive (100, 20) logistic adam
             precision    recall  f1-score   support

       -1.0       0.86      0.83      0.84      1044
        1.0       0.85      0.87      0.86      1131

avg / total       0.85      0.85      0.85      2175

0.001 adaptive (200, 50) logistic adam
             precision    recall  f1-score   support

       -1.0       0.81      0.90      0.85      1044
        1.0       0.90      0.80      0.85      1131

avg / total       0.85      0.85      0.85      2175

0.001 adaptive (100, 200, 30) logistic adam
             precision    recall  f1-score   support

       -1.0       0.85      0.84      0.85      1044
        1.0       0.85      0.87      0.86      1131

avg / total       0.85      0.85      0.85      2175

0.001 adaptive (100, 300, 40) logistic adam
             precision    recall  f1-score   support

       -1.0       0.84      0.85      0.85      1044
        1.0       0.86      0.85      0.86      1131

avg / total       0.85      0.85      0.85      2175

0.001 adaptive (100, 20) tanh lbfgs
             precision    recall  f1-score   support

       -1.0       0.86      0.88      0.87      1044
        1.0       0.89      0.87      0.88      1131

avg / total       0.87      0.87      0.87      2175

0.001 adaptive (200, 50) tanh lbfgs
             precision    recall  f1-score   support

       -1.0       0.87      0.88      0.87      1044
        1.0       0.89      0.87      0.88      1131

avg / total       0.88      0.88      0.88      2175

0.001 adaptive (100, 200, 30) tanh lbfgs
             precision    recall  f1-score   support

       -1.0       0.86      0.89      0.87      1044
        1.0       0.89      0.86      0.88      1131

avg / total       0.88      0.87      0.87      2175

0.001 adaptive (100, 300, 40) tanh lbfgs
             precision    recall  f1-score   support

       -1.0       0.87      0.88      0.88      1044
        1.0       0.89      0.88      0.88      1131

avg / total       0.88      0.88      0.88      2175

0.001 adaptive (100, 20) tanh sgd
             precision    recall  f1-score   support

       -1.0       0.85      0.85      0.85      1044
        1.0       0.87      0.86      0.86      1131

avg / total       0.86      0.86      0.86      2175

0.001 adaptive (200, 50) tanh sgd
             precision    recall  f1-score   support

       -1.0       0.86      0.86      0.86      1044
        1.0       0.87      0.87      0.87      1131

avg / total       0.86      0.86      0.86      2175

0.001 adaptive (100, 200, 30) tanh sgd
             precision    recall  f1-score   support

       -1.0       0.85      0.87      0.86      1044
        1.0       0.88      0.86      0.87      1131

avg / total       0.87      0.87      0.87      2175

0.001 adaptive (100, 300, 40) tanh sgd
             precision    recall  f1-score   support

       -1.0       0.85      0.87      0.86      1044
        1.0       0.88      0.86      0.87      1131

avg / total       0.86      0.86      0.86      2175

0.001 adaptive (100, 20) tanh adam
             precision    recall  f1-score   support

       -1.0       0.87      0.91      0.89      1044
        1.0       0.91      0.87      0.89      1131

avg / total       0.89      0.89      0.89      2175

0.001 adaptive (200, 50) tanh adam
             precision    recall  f1-score   support

       -1.0       0.85      0.90      0.88      1044
        1.0       0.90      0.86      0.88      1131

avg / total       0.88      0.88      0.88      2175

0.001 adaptive (100, 200, 30) tanh adam
             precision    recall  f1-score   support

       -1.0       0.83      0.93      0.87      1044
        1.0       0.92      0.82      0.87      1131

avg / total       0.88      0.87      0.87      2175

0.001 adaptive (100, 300, 40) tanh adam
             precision    recall  f1-score   support

       -1.0       0.89      0.84      0.86      1044
        1.0       0.86      0.90      0.88      1131

avg / total       0.87      0.87      0.87      2175

0.001 adaptive (100, 20) relu lbfgs
             precision    recall  f1-score   support

       -1.0       0.86      0.88      0.87      1044
        1.0       0.89      0.87      0.88      1131

avg / total       0.87      0.87      0.87      2175

0.001 adaptive (200, 50) relu lbfgs
             precision    recall  f1-score   support

       -1.0       0.86      0.88      0.87      1044
        1.0       0.89      0.87      0.88      1131

avg / total       0.88      0.88      0.88      2175

0.001 adaptive (100, 200, 30) relu lbfgs
             precision    recall  f1-score   support

       -1.0       0.85      0.87      0.86      1044
        1.0       0.88      0.86      0.87      1131

avg / total       0.87      0.87      0.87      2175

0.001 adaptive (100, 300, 40) relu lbfgs
             precision    recall  f1-score   support

       -1.0       0.86      0.87      0.86      1044
        1.0       0.88      0.87      0.87      1131

avg / total       0.87      0.87      0.87      2175

0.001 adaptive (100, 20) relu sgd
             precision    recall  f1-score   support

       -1.0       0.85      0.87      0.86      1044
        1.0       0.88      0.86      0.87      1131

avg / total       0.87      0.87      0.87      2175

0.001 adaptive (200, 50) relu sgd
             precision    recall  f1-score   support

       -1.0       0.85      0.85      0.85      1044
        1.0       0.86      0.86      0.86      1131

avg / total       0.86      0.86      0.86      2175

0.001 adaptive (100, 200, 30) relu sgd
             precision    recall  f1-score   support

       -1.0       0.85      0.86      0.85      1044
        1.0       0.87      0.86      0.86      1131

avg / total       0.86      0.86      0.86      2175

0.001 adaptive (100, 300, 40) relu sgd
             precision    recall  f1-score   support

       -1.0       0.85      0.88      0.87      1044
        1.0       0.89      0.86      0.87      1131

avg / total       0.87      0.87      0.87      2175

0.001 adaptive (100, 20) relu adam
             precision    recall  f1-score   support

       -1.0       0.86      0.90      0.88      1044
        1.0       0.90      0.86      0.88      1131

avg / total       0.88      0.88      0.88      2175

0.001 adaptive (200, 50) relu adam
             precision    recall  f1-score   support

       -1.0       0.87      0.89      0.88      1044
        1.0       0.89      0.88      0.89      1131

avg / total       0.88      0.88      0.88      2175

0.001 adaptive (100, 200, 30) relu adam
             precision    recall  f1-score   support

       -1.0       0.86      0.87      0.87      1044
        1.0       0.88      0.87      0.88      1131

avg / total       0.87      0.87      0.87      2175

0.001 adaptive (100, 300, 40) relu adam
             precision    recall  f1-score   support

       -1.0       0.86      0.89      0.88      1044
        1.0       0.89      0.87      0.88      1131

avg / total       0.88      0.88      0.88      2175

0.001 invscaling (100, 20) logistic lbfgs
             precision    recall  f1-score   support

       -1.0       0.85      0.86      0.85      1044
        1.0       0.87      0.86      0.86      1131

avg / total       0.86      0.86      0.86      2175

0.001 invscaling (200, 50) logistic lbfgs
             precision    recall  f1-score   support

       -1.0       0.86      0.88      0.87      1044
        1.0       0.89      0.87      0.88      1131

avg / total       0.87      0.87      0.87      2175

0.001 invscaling (100, 200, 30) logistic lbfgs
             precision    recall  f1-score   support

       -1.0       0.87      0.86      0.86      1044
        1.0       0.87      0.88      0.87      1131

avg / total       0.87      0.87      0.87      2175

0.001 invscaling (100, 300, 40) logistic lbfgs
             precision    recall  f1-score   support

       -1.0       0.86      0.89      0.88      1044
        1.0       0.90      0.87      0.88      1131

avg / total       0.88      0.88      0.88      2175

0.001 invscaling (100, 20) logistic sgd
             precision    recall  f1-score   support

       -1.0       0.48      1.00      0.65      1044
        1.0       0.00      0.00      0.00      1131

avg / total       0.23      0.48      0.31      2175

0.001 invscaling (200, 50) logistic sgd
             precision    recall  f1-score   support

       -1.0       0.00      0.00      0.00      1044
        1.0       0.52      1.00      0.68      1131

avg / total       0.27      0.52      0.36      2175

0.001 invscaling (100, 200, 30) logistic sgd
             precision    recall  f1-score   support

       -1.0       0.00      0.00      0.00      1044
        1.0       0.52      1.00      0.68      1131

avg / total       0.27      0.52      0.36      2175

0.001 invscaling (100, 300, 40) logistic sgd
             precision    recall  f1-score   support

       -1.0       0.00      0.00      0.00      1044
        1.0       0.52      1.00      0.68      1131

avg / total       0.27      0.52      0.36      2175

0.001 invscaling (100, 20) logistic adam
             precision    recall  f1-score   support

       -1.0       0.86      0.83      0.84      1044
        1.0       0.85      0.87      0.86      1131

avg / total       0.85      0.85      0.85      2175

0.001 invscaling (200, 50) logistic adam
             precision    recall  f1-score   support

       -1.0       0.81      0.90      0.85      1044
        1.0       0.90      0.80      0.85      1131

avg / total       0.85      0.85      0.85      2175

0.001 invscaling (100, 200, 30) logistic adam
             precision    recall  f1-score   support

       -1.0       0.85      0.84      0.85      1044
        1.0       0.85      0.87      0.86      1131

avg / total       0.85      0.85      0.85      2175

0.001 invscaling (100, 300, 40) logistic adam
             precision    recall  f1-score   support

       -1.0       0.84      0.85      0.85      1044
        1.0       0.86      0.85      0.86      1131

avg / total       0.85      0.85      0.85      2175

0.001 invscaling (100, 20) tanh lbfgs
             precision    recall  f1-score   support

       -1.0       0.86      0.88      0.87      1044
        1.0       0.89      0.87      0.88      1131

avg / total       0.87      0.87      0.87      2175

0.001 invscaling (200, 50) tanh lbfgs
             precision    recall  f1-score   support

       -1.0       0.87      0.88      0.87      1044
        1.0       0.89      0.87      0.88      1131

avg / total       0.88      0.88      0.88      2175

0.001 invscaling (100, 200, 30) tanh lbfgs
             precision    recall  f1-score   support

       -1.0       0.86      0.89      0.87      1044
        1.0       0.89      0.86      0.88      1131

avg / total       0.88      0.87      0.87      2175

0.001 invscaling (100, 300, 40) tanh lbfgs
             precision    recall  f1-score   support

       -1.0       0.87      0.88      0.88      1044
        1.0       0.89      0.88      0.88      1131

avg / total       0.88      0.88      0.88      2175

0.001 invscaling (100, 20) tanh sgd
             precision    recall  f1-score   support

       -1.0       0.54      0.69      0.61      1044
        1.0       0.62      0.46      0.53      1131

avg / total       0.58      0.57      0.57      2175

0.001 invscaling (200, 50) tanh sgd
             precision    recall  f1-score   support

       -1.0       0.49      0.98      0.65      1044
        1.0       0.75      0.05      0.09      1131

avg / total       0.62      0.50      0.36      2175

0.001 invscaling (100, 200, 30) tanh sgd
             precision    recall  f1-score   support

       -1.0       0.46      0.21      0.29      1044
        1.0       0.52      0.78      0.62      1131

avg / total       0.49      0.50      0.46      2175

0.001 invscaling (100, 300, 40) tanh sgd
             precision    recall  f1-score   support

       -1.0       0.49      0.98      0.65      1044
        1.0       0.70      0.04      0.08      1131

avg / total       0.60      0.49      0.35      2175

0.001 invscaling (100, 20) tanh adam
             precision    recall  f1-score   support

       -1.0       0.87      0.91      0.89      1044
        1.0       0.91      0.87      0.89      1131

avg / total       0.89      0.89      0.89      2175

0.001 invscaling (200, 50) tanh adam
             precision    recall  f1-score   support

       -1.0       0.85      0.90      0.88      1044
        1.0       0.90      0.86      0.88      1131

avg / total       0.88      0.88      0.88      2175

0.001 invscaling (100, 200, 30) tanh adam
             precision    recall  f1-score   support

       -1.0       0.83      0.93      0.87      1044
        1.0       0.92      0.82      0.87      1131

avg / total       0.88      0.87      0.87      2175

0.001 invscaling (100, 300, 40) tanh adam
             precision    recall  f1-score   support

       -1.0       0.89      0.84      0.86      1044
        1.0       0.86      0.90      0.88      1131

avg / total       0.87      0.87      0.87      2175

0.001 invscaling (100, 20) relu lbfgs
             precision    recall  f1-score   support

       -1.0       0.86      0.88      0.87      1044
        1.0       0.89      0.87      0.88      1131

avg / total       0.87      0.87      0.87      2175

0.001 invscaling (200, 50) relu lbfgs
             precision    recall  f1-score   support

       -1.0       0.86      0.88      0.87      1044
        1.0       0.89      0.87      0.88      1131

avg / total       0.88      0.88      0.88      2175

0.001 invscaling (100, 200, 30) relu lbfgs
             precision    recall  f1-score   support

       -1.0       0.85      0.87      0.86      1044
        1.0       0.88      0.86      0.87      1131

avg / total       0.87      0.87      0.87      2175

0.001 invscaling (100, 300, 40) relu lbfgs
             precision    recall  f1-score   support

       -1.0       0.86      0.87      0.86      1044
        1.0       0.88      0.87      0.87      1131

avg / total       0.87      0.87      0.87      2175

0.001 invscaling (100, 20) relu sgd
             precision    recall  f1-score   support

       -1.0       0.65      0.02      0.05      1044
        1.0       0.52      0.99      0.68      1131

avg / total       0.58      0.53      0.38      2175

0.001 invscaling (200, 50) relu sgd
             precision    recall  f1-score   support

       -1.0       0.48      1.00      0.65      1044
        1.0       0.00      0.00      0.00      1131

avg / total       0.23      0.48      0.31      2175

0.001 invscaling (100, 200, 30) relu sgd
             precision    recall  f1-score   support

       -1.0       0.57      0.57      0.57      1044
        1.0       0.60      0.60      0.60      1131

avg / total       0.59      0.58      0.58      2175

0.001 invscaling (100, 300, 40) relu sgd
             precision    recall  f1-score   support

       -1.0       0.48      1.00      0.65      1044
        1.0       0.00      0.00      0.00      1131

avg / total       0.23      0.48      0.31      2175

0.001 invscaling (100, 20) relu adam
             precision    recall  f1-score   support

       -1.0       0.86      0.90      0.88      1044
        1.0       0.90      0.86      0.88      1131

avg / total       0.88      0.88      0.88      2175

0.001 invscaling (200, 50) relu adam
             precision    recall  f1-score   support

       -1.0       0.87      0.89      0.88      1044
        1.0       0.89      0.88      0.89      1131

avg / total       0.88      0.88      0.88      2175

0.001 invscaling (100, 200, 30) relu adam
             precision    recall  f1-score   support

       -1.0       0.86      0.87      0.87      1044
        1.0       0.88      0.87      0.88      1131

avg / total       0.87      0.87      0.87      2175

0.001 invscaling (100, 300, 40) relu adam
             precision    recall  f1-score   support

       -1.0       0.86      0.89      0.88      1044
        1.0       0.89      0.87      0.88      1131

avg / total       0.88      0.88      0.88      2175

0.01 constant (100, 20) logistic lbfgs
             precision    recall  f1-score   support

       -1.0       0.85      0.86      0.85      1044
        1.0       0.87      0.86      0.86      1131

avg / total       0.86      0.86      0.86      2175

0.01 constant (200, 50) logistic lbfgs
             precision    recall  f1-score   support

       -1.0       0.86      0.88      0.87      1044
        1.0       0.89      0.87      0.88      1131

avg / total       0.87      0.87      0.87      2175

0.01 constant (100, 200, 30) logistic lbfgs
             precision    recall  f1-score   support

       -1.0       0.87      0.86      0.86      1044
        1.0       0.87      0.88      0.87      1131

avg / total       0.87      0.87      0.87      2175

0.01 constant (100, 300, 40) logistic lbfgs
             precision    recall  f1-score   support

       -1.0       0.86      0.89      0.88      1044
        1.0       0.90      0.87      0.88      1131

avg / total       0.88      0.88      0.88      2175

0.01 constant (100, 20) logistic sgd
             precision    recall  f1-score   support

       -1.0       0.85      0.84      0.85      1044
        1.0       0.85      0.87      0.86      1131

avg / total       0.85      0.85      0.85      2175

0.01 constant (200, 50) logistic sgd
             precision    recall  f1-score   support

       -1.0       0.84      0.85      0.85      1044
        1.0       0.86      0.85      0.86      1131

avg / total       0.85      0.85      0.85      2175

0.01 constant (100, 200, 30) logistic sgd
             precision    recall  f1-score   support

       -1.0       0.00      0.00      0.00      1044
        1.0       0.52      1.00      0.68      1131

avg / total       0.27      0.52      0.36      2175

0.01 constant (100, 300, 40) logistic sgd
             precision    recall  f1-score   support

       -1.0       0.00      0.00      0.00      1044
        1.0       0.52      1.00      0.68      1131

avg / total       0.27      0.52      0.36      2175

0.01 constant (100, 20) logistic adam
             precision    recall  f1-score   support

       -1.0       0.92      0.66      0.77      1044
        1.0       0.75      0.95      0.84      1131

avg / total       0.83      0.81      0.81      2175

0.01 constant (200, 50) logistic adam
             precision    recall  f1-score   support

       -1.0       0.89      0.72      0.80      1044
        1.0       0.78      0.92      0.84      1131

avg / total       0.83      0.82      0.82      2175

0.01 constant (100, 200, 30) logistic adam
             precision    recall  f1-score   support

       -1.0       0.90      0.71      0.79      1044
        1.0       0.78      0.93      0.84      1131

avg / total       0.83      0.82      0.82      2175

0.01 constant (100, 300, 40) logistic adam
             precision    recall  f1-score   support

       -1.0       0.89      0.76      0.82      1044
        1.0       0.81      0.91      0.86      1131

avg / total       0.84      0.84      0.84      2175

0.01 constant (100, 20) tanh lbfgs
             precision    recall  f1-score   support

       -1.0       0.86      0.88      0.87      1044
        1.0       0.89      0.87      0.88      1131

avg / total       0.87      0.87      0.87      2175

0.01 constant (200, 50) tanh lbfgs
             precision    recall  f1-score   support

       -1.0       0.87      0.88      0.87      1044
        1.0       0.89      0.87      0.88      1131

avg / total       0.88      0.88      0.88      2175

0.01 constant (100, 200, 30) tanh lbfgs
             precision    recall  f1-score   support

       -1.0       0.86      0.89      0.87      1044
        1.0       0.89      0.86      0.88      1131

avg / total       0.88      0.87      0.87      2175

0.01 constant (100, 300, 40) tanh lbfgs
             precision    recall  f1-score   support

       -1.0       0.87      0.88      0.88      1044
        1.0       0.89      0.88      0.88      1131

avg / total       0.88      0.88      0.88      2175

0.01 constant (100, 20) tanh sgd
             precision    recall  f1-score   support

       -1.0       0.80      0.94      0.86      1044
        1.0       0.94      0.78      0.85      1131

avg / total       0.87      0.86      0.86      2175

0.01 constant (200, 50) tanh sgd
             precision    recall  f1-score   support

       -1.0       0.72      0.98      0.83      1044
        1.0       0.98      0.65      0.78      1131

avg / total       0.85      0.81      0.80      2175

0.01 constant (100, 200, 30) tanh sgd
             precision    recall  f1-score   support

       -1.0       0.68      0.98      0.80      1044
        1.0       0.96      0.58      0.72      1131

avg / total       0.83      0.77      0.76      2175

0.01 constant (100, 300, 40) tanh sgd
             precision    recall  f1-score   support

       -1.0       0.90      0.84      0.87      1044
        1.0       0.86      0.91      0.88      1131

avg / total       0.88      0.88      0.88      2175

0.01 constant (100, 20) tanh adam
             precision    recall  f1-score   support

       -1.0       0.90      0.67      0.77      1044
        1.0       0.75      0.93      0.83      1131

avg / total       0.82      0.81      0.80      2175

0.01 constant (200, 50) tanh adam
             precision    recall  f1-score   support

       -1.0       0.85      0.82      0.84      1044
        1.0       0.84      0.87      0.86      1131

avg / total       0.85      0.85      0.85      2175

0.01 constant (100, 200, 30) tanh adam
             precision    recall  f1-score   support

       -1.0       0.91      0.72      0.80      1044
        1.0       0.78      0.93      0.85      1131

avg / total       0.84      0.83      0.83      2175

0.01 constant (100, 300, 40) tanh adam
             precision    recall  f1-score   support

       -1.0       0.00      0.00      0.00      1044
        1.0       0.52      1.00      0.68      1131

avg / total       0.27      0.52      0.36      2175

0.01 constant (100, 20) relu lbfgs
             precision    recall  f1-score   support

       -1.0       0.86      0.88      0.87      1044
        1.0       0.89      0.87      0.88      1131

avg / total       0.87      0.87      0.87      2175

0.01 constant (200, 50) relu lbfgs
             precision    recall  f1-score   support

       -1.0       0.86      0.88      0.87      1044
        1.0       0.89      0.87      0.88      1131

avg / total       0.88      0.88      0.88      2175

0.01 constant (100, 200, 30) relu lbfgs
             precision    recall  f1-score   support

       -1.0       0.85      0.87      0.86      1044
        1.0       0.88      0.86      0.87      1131

avg / total       0.87      0.87      0.87      2175

0.01 constant (100, 300, 40) relu lbfgs
             precision    recall  f1-score   support

       -1.0       0.86      0.87      0.86      1044
        1.0       0.88      0.87      0.87      1131

avg / total       0.87      0.87      0.87      2175

0.01 constant (100, 20) relu sgd
             precision    recall  f1-score   support

       -1.0       0.83      0.92      0.87      1044
        1.0       0.92      0.82      0.87      1131

avg / total       0.88      0.87      0.87      2175

0.01 constant (200, 50) relu sgd
             precision    recall  f1-score   support

       -1.0       0.72      0.98      0.83      1044
        1.0       0.97      0.66      0.78      1131

avg / total       0.85      0.81      0.81      2175

0.01 constant (100, 200, 30) relu sgd
             precision    recall  f1-score   support

       -1.0       0.76      0.95      0.84      1044
        1.0       0.94      0.72      0.82      1131

avg / total       0.85      0.83      0.83      2175

0.01 constant (100, 300, 40) relu sgd
             precision    recall  f1-score   support

       -1.0       0.71      0.98      0.82      1044
        1.0       0.97      0.63      0.77      1131

avg / total       0.85      0.80      0.79      2175

0.01 constant (100, 20) relu adam
             precision    recall  f1-score   support

       -1.0       0.80      0.91      0.85      1044
        1.0       0.90      0.79      0.84      1131

avg / total       0.85      0.85      0.85      2175

0.01 constant (200, 50) relu adam
             precision    recall  f1-score   support

       -1.0       0.73      0.96      0.83      1044
        1.0       0.95      0.68      0.79      1131

avg / total       0.85      0.81      0.81      2175

0.01 constant (100, 200, 30) relu adam
             precision    recall  f1-score   support

       -1.0       0.67      0.98      0.79      1044
        1.0       0.97      0.55      0.70      1131

avg / total       0.83      0.76      0.75      2175

0.01 constant (100, 300, 40) relu adam
             precision    recall  f1-score   support

       -1.0       0.88      0.78      0.83      1044
        1.0       0.81      0.90      0.86      1131

avg / total       0.85      0.84      0.84      2175

0.01 adaptive (100, 20) logistic lbfgs
             precision    recall  f1-score   support

       -1.0       0.85      0.86      0.85      1044
        1.0       0.87      0.86      0.86      1131

avg / total       0.86      0.86      0.86      2175

0.01 adaptive (200, 50) logistic lbfgs
             precision    recall  f1-score   support

       -1.0       0.86      0.88      0.87      1044
        1.0       0.89      0.87      0.88      1131

avg / total       0.87      0.87      0.87      2175

0.01 adaptive (100, 200, 30) logistic lbfgs
             precision    recall  f1-score   support

       -1.0       0.87      0.86      0.86      1044
        1.0       0.87      0.88      0.87      1131

avg / total       0.87      0.87      0.87      2175

0.01 adaptive (100, 300, 40) logistic lbfgs
             precision    recall  f1-score   support

       -1.0       0.86      0.89      0.88      1044
        1.0       0.90      0.87      0.88      1131

avg / total       0.88      0.88      0.88      2175

0.01 adaptive (100, 20) logistic sgd
             precision    recall  f1-score   support

       -1.0       0.85      0.85      0.85      1044
        1.0       0.86      0.86      0.86      1131

avg / total       0.86      0.86      0.86      2175

0.01 adaptive (200, 50) logistic sgd
             precision    recall  f1-score   support

       -1.0       0.85      0.85      0.85      1044
        1.0       0.86      0.86      0.86      1131

avg / total       0.85      0.85      0.85      2175

0.01 adaptive (100, 200, 30) logistic sgd
             precision    recall  f1-score   support

       -1.0       0.00      0.00      0.00      1044
        1.0       0.52      1.00      0.68      1131

avg / total       0.27      0.52      0.36      2175

0.01 adaptive (100, 300, 40) logistic sgd
             precision    recall  f1-score   support

       -1.0       0.00      0.00      0.00      1044
        1.0       0.52      1.00      0.68      1131

avg / total       0.27      0.52      0.36      2175

0.01 adaptive (100, 20) logistic adam
             precision    recall  f1-score   support

       -1.0       0.92      0.66      0.77      1044
        1.0       0.75      0.95      0.84      1131

avg / total       0.83      0.81      0.81      2175

0.01 adaptive (200, 50) logistic adam
             precision    recall  f1-score   support

       -1.0       0.89      0.72      0.80      1044
        1.0       0.78      0.92      0.84      1131

avg / total       0.83      0.82      0.82      2175

0.01 adaptive (100, 200, 30) logistic adam
             precision    recall  f1-score   support

       -1.0       0.90      0.71      0.79      1044
        1.0       0.78      0.93      0.84      1131

avg / total       0.83      0.82      0.82      2175

0.01 adaptive (100, 300, 40) logistic adam
             precision    recall  f1-score   support

       -1.0       0.89      0.76      0.82      1044
        1.0       0.81      0.91      0.86      1131

avg / total       0.84      0.84      0.84      2175

0.01 adaptive (100, 20) tanh lbfgs
             precision    recall  f1-score   support

       -1.0       0.86      0.88      0.87      1044
        1.0       0.89      0.87      0.88      1131

avg / total       0.87      0.87      0.87      2175

0.01 adaptive (200, 50) tanh lbfgs
             precision    recall  f1-score   support

       -1.0       0.87      0.88      0.87      1044
        1.0       0.89      0.87      0.88      1131

avg / total       0.88      0.88      0.88      2175

0.01 adaptive (100, 200, 30) tanh lbfgs
             precision    recall  f1-score   support

       -1.0       0.86      0.89      0.87      1044
        1.0       0.89      0.86      0.88      1131

avg / total       0.88      0.87      0.87      2175

0.01 adaptive (100, 300, 40) tanh lbfgs
             precision    recall  f1-score   support

       -1.0       0.87      0.88      0.88      1044
        1.0       0.89      0.88      0.88      1131

avg / total       0.88      0.88      0.88      2175

0.01 adaptive (100, 20) tanh sgd
             precision    recall  f1-score   support

       -1.0       0.88      0.90      0.89      1044
        1.0       0.90      0.88      0.89      1131

avg / total       0.89      0.89      0.89      2175

0.01 adaptive (200, 50) tanh sgd
             precision    recall  f1-score   support

       -1.0       0.89      0.90      0.89      1044
        1.0       0.91      0.89      0.90      1131

avg / total       0.90      0.90      0.90      2175

0.01 adaptive (100, 200, 30) tanh sgd
             precision    recall  f1-score   support

       -1.0       0.86      0.88      0.87      1044
        1.0       0.89      0.87      0.88      1131

avg / total       0.88      0.88      0.88      2175

0.01 adaptive (100, 300, 40) tanh sgd
             precision    recall  f1-score   support

       -1.0       0.87      0.89      0.88      1044
        1.0       0.89      0.88      0.89      1131

avg / total       0.88      0.88      0.88      2175

0.01 adaptive (100, 20) tanh adam
             precision    recall  f1-score   support

       -1.0       0.90      0.67      0.77      1044
        1.0       0.75      0.93      0.83      1131

avg / total       0.82      0.81      0.80      2175

0.01 adaptive (200, 50) tanh adam
             precision    recall  f1-score   support

       -1.0       0.85      0.82      0.84      1044
        1.0       0.84      0.87      0.86      1131

avg / total       0.85      0.85      0.85      2175

0.01 adaptive (100, 200, 30) tanh adam
             precision    recall  f1-score   support

       -1.0       0.91      0.72      0.80      1044
        1.0       0.78      0.93      0.85      1131

avg / total       0.84      0.83      0.83      2175

0.01 adaptive (100, 300, 40) tanh adam
             precision    recall  f1-score   support

       -1.0       0.00      0.00      0.00      1044
        1.0       0.52      1.00      0.68      1131

avg / total       0.27      0.52      0.36      2175

0.01 adaptive (100, 20) relu lbfgs
             precision    recall  f1-score   support

       -1.0       0.86      0.88      0.87      1044
        1.0       0.89      0.87      0.88      1131

avg / total       0.87      0.87      0.87      2175

0.01 adaptive (200, 50) relu lbfgs
             precision    recall  f1-score   support

       -1.0       0.86      0.88      0.87      1044
        1.0       0.89      0.87      0.88      1131

avg / total       0.88      0.88      0.88      2175

0.01 adaptive (100, 200, 30) relu lbfgs
             precision    recall  f1-score   support

       -1.0       0.85      0.87      0.86      1044
        1.0       0.88      0.86      0.87      1131

avg / total       0.87      0.87      0.87      2175

0.01 adaptive (100, 300, 40) relu lbfgs
             precision    recall  f1-score   support

       -1.0       0.86      0.87      0.86      1044
        1.0       0.88      0.87      0.87      1131

avg / total       0.87      0.87      0.87      2175

0.01 adaptive (100, 20) relu sgd
             precision    recall  f1-score   support

       -1.0       0.87      0.90      0.89      1044
        1.0       0.91      0.88      0.89      1131

avg / total       0.89      0.89      0.89      2175

0.01 adaptive (200, 50) relu sgd
             precision    recall  f1-score   support

       -1.0       0.88      0.89      0.89      1044
        1.0       0.90      0.89      0.89      1131

avg / total       0.89      0.89      0.89      2175

0.01 adaptive (100, 200, 30) relu sgd
             precision    recall  f1-score   support

       -1.0       0.84      0.91      0.87      1044
        1.0       0.91      0.84      0.87      1131

avg / total       0.88      0.87      0.87      2175

0.01 adaptive (100, 300, 40) relu sgd
             precision    recall  f1-score   support

       -1.0       0.88      0.89      0.89      1044
        1.0       0.90      0.89      0.89      1131

avg / total       0.89      0.89      0.89      2175

0.01 adaptive (100, 20) relu adam
             precision    recall  f1-score   support

       -1.0       0.80      0.91      0.85      1044
        1.0       0.90      0.79      0.84      1131

avg / total       0.85      0.85      0.85      2175

0.01 adaptive (200, 50) relu adam
             precision    recall  f1-score   support

       -1.0       0.73      0.96      0.83      1044
        1.0       0.95      0.68      0.79      1131

avg / total       0.85      0.81      0.81      2175

0.01 adaptive (100, 200, 30) relu adam
             precision    recall  f1-score   support

       -1.0       0.67      0.98      0.79      1044
        1.0       0.97      0.55      0.70      1131

avg / total       0.83      0.76      0.75      2175

0.01 adaptive (100, 300, 40) relu adam
             precision    recall  f1-score   support

       -1.0       0.88      0.78      0.83      1044
        1.0       0.81      0.90      0.86      1131

avg / total       0.85      0.84      0.84      2175

0.01 invscaling (100, 20) logistic lbfgs
             precision    recall  f1-score   support

       -1.0       0.85      0.86      0.85      1044
        1.0       0.87      0.86      0.86      1131

avg / total       0.86      0.86      0.86      2175

0.01 invscaling (200, 50) logistic lbfgs
             precision    recall  f1-score   support

       -1.0       0.86      0.88      0.87      1044
        1.0       0.89      0.87      0.88      1131

avg / total       0.87      0.87      0.87      2175

0.01 invscaling (100, 200, 30) logistic lbfgs
             precision    recall  f1-score   support

       -1.0       0.87      0.86      0.86      1044
        1.0       0.87      0.88      0.87      1131

avg / total       0.87      0.87      0.87      2175

0.01 invscaling (100, 300, 40) logistic lbfgs
             precision    recall  f1-score   support

       -1.0       0.86      0.89      0.88      1044
        1.0       0.90      0.87      0.88      1131

avg / total       0.88      0.88      0.88      2175

0.01 invscaling (100, 20) logistic sgd
             precision    recall  f1-score   support

       -1.0       0.72      0.23      0.35      1044
        1.0       0.56      0.92      0.70      1131

avg / total       0.64      0.59      0.53      2175

0.01 invscaling (200, 50) logistic sgd
             precision    recall  f1-score   support

       -1.0       0.48      1.00      0.65      1044
        1.0       0.00      0.00      0.00      1131

avg / total       0.23      0.48      0.31      2175

0.01 invscaling (100, 200, 30) logistic sgd
             precision    recall  f1-score   support

       -1.0       0.00      0.00      0.00      1044
        1.0       0.52      1.00      0.68      1131

avg / total       0.27      0.52      0.36      2175

0.01 invscaling (100, 300, 40) logistic sgd
             precision    recall  f1-score   support

       -1.0       0.48      1.00      0.65      1044
        1.0       0.00      0.00      0.00      1131

avg / total       0.23      0.48      0.31      2175

0.01 invscaling (100, 20) logistic adam
             precision    recall  f1-score   support

       -1.0       0.92      0.66      0.77      1044
        1.0       0.75      0.95      0.84      1131

avg / total       0.83      0.81      0.81      2175

0.01 invscaling (200, 50) logistic adam
             precision    recall  f1-score   support

       -1.0       0.89      0.72      0.80      1044
        1.0       0.78      0.92      0.84      1131

avg / total       0.83      0.82      0.82      2175

0.01 invscaling (100, 200, 30) logistic adam
             precision    recall  f1-score   support

       -1.0       0.90      0.71      0.79      1044
        1.0       0.78      0.93      0.84      1131

avg / total       0.83      0.82      0.82      2175

0.01 invscaling (100, 300, 40) logistic adam
             precision    recall  f1-score   support

       -1.0       0.89      0.76      0.82      1044
        1.0       0.81      0.91      0.86      1131

avg / total       0.84      0.84      0.84      2175

0.01 invscaling (100, 20) tanh lbfgs
             precision    recall  f1-score   support

       -1.0       0.86      0.88      0.87      1044
        1.0       0.89      0.87      0.88      1131

avg / total       0.87      0.87      0.87      2175

0.01 invscaling (200, 50) tanh lbfgs
             precision    recall  f1-score   support

       -1.0       0.87      0.88      0.87      1044
        1.0       0.89      0.87      0.88      1131

avg / total       0.88      0.88      0.88      2175

0.01 invscaling (100, 200, 30) tanh lbfgs
             precision    recall  f1-score   support

       -1.0       0.86      0.89      0.87      1044
        1.0       0.89      0.86      0.88      1131

avg / total       0.88      0.87      0.87      2175

0.01 invscaling (100, 300, 40) tanh lbfgs
             precision    recall  f1-score   support

       -1.0       0.87      0.88      0.88      1044
        1.0       0.89      0.88      0.88      1131

avg / total       0.88      0.88      0.88      2175

0.01 invscaling (100, 20) tanh sgd
             precision    recall  f1-score   support

       -1.0       0.00      0.00      0.00      1044
        1.0       0.52      1.00      0.68      1131

avg / total       0.27      0.52      0.36      2175

0.01 invscaling (200, 50) tanh sgd
             precision    recall  f1-score   support

       -1.0       0.76      0.77      0.77      1044
        1.0       0.79      0.78      0.78      1131

avg / total       0.78      0.78      0.78      2175

0.01 invscaling (100, 200, 30) tanh sgd
             precision    recall  f1-score   support

       -1.0       0.74      0.72      0.73      1044
        1.0       0.75      0.76      0.76      1131

avg / total       0.74      0.74      0.74      2175

0.01 invscaling (100, 300, 40) tanh sgd
             precision    recall  f1-score   support

       -1.0       0.75      0.74      0.75      1044
        1.0       0.76      0.77      0.77      1131

avg / total       0.76      0.76      0.76      2175

0.01 invscaling (100, 20) tanh adam
             precision    recall  f1-score   support

       -1.0       0.90      0.67      0.77      1044
        1.0       0.75      0.93      0.83      1131

avg / total       0.82      0.81      0.80      2175

0.01 invscaling (200, 50) tanh adam
             precision    recall  f1-score   support

       -1.0       0.85      0.82      0.84      1044
        1.0       0.84      0.87      0.86      1131

avg / total       0.85      0.85      0.85      2175

0.01 invscaling (100, 200, 30) tanh adam
             precision    recall  f1-score   support

       -1.0       0.91      0.72      0.80      1044
        1.0       0.78      0.93      0.85      1131

avg / total       0.84      0.83      0.83      2175

0.01 invscaling (100, 300, 40) tanh adam
             precision    recall  f1-score   support

       -1.0       0.00      0.00      0.00      1044
        1.0       0.52      1.00      0.68      1131

avg / total       0.27      0.52      0.36      2175

0.01 invscaling (100, 20) relu lbfgs
             precision    recall  f1-score   support

       -1.0       0.86      0.88      0.87      1044
        1.0       0.89      0.87      0.88      1131

avg / total       0.87      0.87      0.87      2175

0.01 invscaling (200, 50) relu lbfgs
             precision    recall  f1-score   support

       -1.0       0.86      0.88      0.87      1044
        1.0       0.89      0.87      0.88      1131

avg / total       0.88      0.88      0.88      2175

0.01 invscaling (100, 200, 30) relu lbfgs
             precision    recall  f1-score   support

       -1.0       0.85      0.87      0.86      1044
        1.0       0.88      0.86      0.87      1131

avg / total       0.87      0.87      0.87      2175

0.01 invscaling (100, 300, 40) relu lbfgs
             precision    recall  f1-score   support

       -1.0       0.86      0.87      0.86      1044
        1.0       0.88      0.87      0.87      1131

avg / total       0.87      0.87      0.87      2175

0.01 invscaling (100, 20) relu sgd
             precision    recall  f1-score   support

       -1.0       0.75      0.74      0.74      1044
        1.0       0.76      0.78      0.77      1131

avg / total       0.76      0.76      0.76      2175

0.01 invscaling (200, 50) relu sgd
             precision    recall  f1-score   support

       -1.0       0.77      0.77      0.77      1044
        1.0       0.78      0.78      0.78      1131

avg / total       0.77      0.77      0.77      2175

0.01 invscaling (100, 200, 30) relu sgd
             precision    recall  f1-score   support

       -1.0       0.77      0.76      0.77      1044
        1.0       0.78      0.79      0.79      1131

avg / total       0.78      0.78      0.78      2175

0.01 invscaling (100, 300, 40) relu sgd
             precision    recall  f1-score   support

       -1.0       0.75      0.72      0.73      1044
        1.0       0.75      0.79      0.77      1131

avg / total       0.75      0.75      0.75      2175

0.01 invscaling (100, 20) relu adam
             precision    recall  f1-score   support

       -1.0       0.80      0.91      0.85      1044
        1.0       0.90      0.79      0.84      1131

avg / total       0.85      0.85      0.85      2175

0.01 invscaling (200, 50) relu adam
             precision    recall  f1-score   support

       -1.0       0.73      0.96      0.83      1044
        1.0       0.95      0.68      0.79      1131

avg / total       0.85      0.81      0.81      2175

0.01 invscaling (100, 200, 30) relu adam
             precision    recall  f1-score   support

       -1.0       0.67      0.98      0.79      1044
        1.0       0.97      0.55      0.70      1131

avg / total       0.83      0.76      0.75      2175

0.01 invscaling (100, 300, 40) relu adam
             precision    recall  f1-score   support

       -1.0       0.88      0.78      0.83      1044
        1.0       0.81      0.90      0.86      1131

avg / total       0.85      0.84      0.84      2175

